[2024-04-08 16:48:32,526] {taskinstance.py:1179} INFO - Dependencies all met for <TaskInstance: Lead_Scoring_Data_Engineering_Pipeline.mapping_interactions scheduled__2024-04-06T00:00:00+00:00 [queued]>
[2024-04-08 16:48:32,531] {taskinstance.py:1179} INFO - Dependencies all met for <TaskInstance: Lead_Scoring_Data_Engineering_Pipeline.mapping_interactions scheduled__2024-04-06T00:00:00+00:00 [queued]>
[2024-04-08 16:48:32,531] {taskinstance.py:1376} INFO - 
--------------------------------------------------------------------------------
[2024-04-08 16:48:32,531] {taskinstance.py:1377} INFO - Starting attempt 1 of 2
[2024-04-08 16:48:32,531] {taskinstance.py:1378} INFO - 
--------------------------------------------------------------------------------
[2024-04-08 16:48:32,550] {taskinstance.py:1397} INFO - Executing <Task(PythonOperator): mapping_interactions> on 2024-04-06 00:00:00+00:00
[2024-04-08 16:48:32,554] {standard_task_runner.py:52} INFO - Started process 4182 to run task
[2024-04-08 16:48:32,557] {standard_task_runner.py:79} INFO - Running: ['airflow', 'tasks', 'run', 'Lead_Scoring_Data_Engineering_Pipeline', 'mapping_interactions', 'scheduled__2024-04-06T00:00:00+00:00', '--job-id', '94', '--raw', '--subdir', 'DAGS_FOLDER/lead_scoring_data_pipeline/.ipynb_checkpoints/lead_scoring_data_pipeline-checkpoint.py', '--cfg-path', '/tmp/tmpknbk32pl', '--error-file', '/tmp/tmpwrkw03_b']
[2024-04-08 16:48:32,557] {standard_task_runner.py:80} INFO - Job 94: Subtask mapping_interactions
[2024-04-08 16:48:32,600] {task_command.py:371} INFO - Running <TaskInstance: Lead_Scoring_Data_Engineering_Pipeline.mapping_interactions scheduled__2024-04-06T00:00:00+00:00 [running]> on host 5e833cee3343
[2024-04-08 16:48:32,659] {taskinstance.py:1589} INFO - Exporting the following env vars:
AIRFLOW_CTX_DAG_OWNER=airflow
AIRFLOW_CTX_DAG_ID=Lead_Scoring_Data_Engineering_Pipeline
AIRFLOW_CTX_TASK_ID=mapping_interactions
AIRFLOW_CTX_EXECUTION_DATE=2024-04-06T00:00:00+00:00
AIRFLOW_CTX_TRY_NUMBER=1
AIRFLOW_CTX_DAG_RUN_ID=scheduled__2024-04-06T00:00:00+00:00
[2024-04-08 16:48:32,663] {logging_mixin.py:115} INFO - model_input and interactions_mapped already stored
[2024-04-08 16:48:32,663] {python.py:173} INFO - Done. Returned value was: None
[2024-04-08 16:48:32,667] {taskinstance.py:1415} INFO - Marking task as SUCCESS. dag_id=Lead_Scoring_Data_Engineering_Pipeline, task_id=mapping_interactions, execution_date=20240406T000000, start_date=20240408T164832, end_date=20240408T164832
[2024-04-08 16:48:32,728] {local_task_job.py:156} INFO - Task exited with return code 0
[2024-04-08 16:48:32,773] {local_task_job.py:273} INFO - 1 downstream tasks scheduled from follow-on schedule check
