[2024-04-06 13:33:53,442] {taskinstance.py:1179} INFO - Dependencies all met for <TaskInstance: Lead_scoring_inference_pipeline.checking_input_features manual__2024-04-06T13:33:04.573062+00:00 [queued]>
[2024-04-06 13:33:53,447] {taskinstance.py:1179} INFO - Dependencies all met for <TaskInstance: Lead_scoring_inference_pipeline.checking_input_features manual__2024-04-06T13:33:04.573062+00:00 [queued]>
[2024-04-06 13:33:53,447] {taskinstance.py:1376} INFO - 
--------------------------------------------------------------------------------
[2024-04-06 13:33:53,447] {taskinstance.py:1377} INFO - Starting attempt 1 of 2
[2024-04-06 13:33:53,447] {taskinstance.py:1378} INFO - 
--------------------------------------------------------------------------------
[2024-04-06 13:33:53,471] {taskinstance.py:1397} INFO - Executing <Task(PythonOperator): checking_input_features> on 2024-04-06 13:33:04.573062+00:00
[2024-04-06 13:33:53,477] {standard_task_runner.py:52} INFO - Started process 6477 to run task
[2024-04-06 13:33:53,479] {standard_task_runner.py:79} INFO - Running: ['airflow', 'tasks', 'run', 'Lead_scoring_inference_pipeline', 'checking_input_features', 'manual__2024-04-06T13:33:04.573062+00:00', '--job-id', '69', '--raw', '--subdir', 'DAGS_FOLDER/lead_scoring_inference_pipeline/.ipynb_checkpoints/lead_scoring_inference_pipeline-checkpoint.py', '--cfg-path', '/tmp/tmpm2jbavd6', '--error-file', '/tmp/tmpjtrdjf4d']
[2024-04-06 13:33:53,480] {standard_task_runner.py:80} INFO - Job 69: Subtask checking_input_features
[2024-04-06 13:33:53,522] {task_command.py:371} INFO - Running <TaskInstance: Lead_scoring_inference_pipeline.checking_input_features manual__2024-04-06T13:33:04.573062+00:00 [running]> on host d06a6d5e153b
[2024-04-06 13:33:53,679] {taskinstance.py:1589} INFO - Exporting the following env vars:
AIRFLOW_CTX_DAG_OWNER=airflow
AIRFLOW_CTX_DAG_ID=Lead_scoring_inference_pipeline
AIRFLOW_CTX_TASK_ID=checking_input_features
AIRFLOW_CTX_EXECUTION_DATE=2024-04-06T13:33:04.573062+00:00
AIRFLOW_CTX_TRY_NUMBER=1
AIRFLOW_CTX_DAG_RUN_ID=manual__2024-04-06T13:33:04.573062+00:00
[2024-04-06 13:33:57,322] {utils.py:235} INFO - All the models input are present
[2024-04-06 13:33:57,323] {python.py:173} INFO - Done. Returned value was: None
[2024-04-06 13:33:57,328] {taskinstance.py:1415} INFO - Marking task as SUCCESS. dag_id=Lead_scoring_inference_pipeline, task_id=checking_input_features, execution_date=20240406T133304, start_date=20240406T133353, end_date=20240406T133357
[2024-04-06 13:33:57,387] {local_task_job.py:156} INFO - Task exited with return code 0
[2024-04-06 13:33:57,435] {local_task_job.py:273} INFO - 0 downstream tasks scheduled from follow-on schedule check
