[2024-04-08 16:48:20,655] {taskinstance.py:1179} INFO - Dependencies all met for <TaskInstance: Lead_Scoring_Data_Engineering_Pipeline.mapping_categorical_vars scheduled__2024-04-06T00:00:00+00:00 [queued]>
[2024-04-08 16:48:20,660] {taskinstance.py:1179} INFO - Dependencies all met for <TaskInstance: Lead_Scoring_Data_Engineering_Pipeline.mapping_categorical_vars scheduled__2024-04-06T00:00:00+00:00 [queued]>
[2024-04-08 16:48:20,660] {taskinstance.py:1376} INFO - 
--------------------------------------------------------------------------------
[2024-04-08 16:48:20,660] {taskinstance.py:1377} INFO - Starting attempt 1 of 2
[2024-04-08 16:48:20,660] {taskinstance.py:1378} INFO - 
--------------------------------------------------------------------------------
[2024-04-08 16:48:20,679] {taskinstance.py:1397} INFO - Executing <Task(PythonOperator): mapping_categorical_vars> on 2024-04-06 00:00:00+00:00
[2024-04-08 16:48:20,684] {standard_task_runner.py:52} INFO - Started process 4122 to run task
[2024-04-08 16:48:20,686] {standard_task_runner.py:79} INFO - Running: ['airflow', 'tasks', 'run', 'Lead_Scoring_Data_Engineering_Pipeline', 'mapping_categorical_vars', 'scheduled__2024-04-06T00:00:00+00:00', '--job-id', '91', '--raw', '--subdir', 'DAGS_FOLDER/lead_scoring_data_pipeline/.ipynb_checkpoints/lead_scoring_data_pipeline-checkpoint.py', '--cfg-path', '/tmp/tmpwqy2k7p1', '--error-file', '/tmp/tmpqsq6q5f_']
[2024-04-08 16:48:20,687] {standard_task_runner.py:80} INFO - Job 91: Subtask mapping_categorical_vars
[2024-04-08 16:48:20,729] {task_command.py:371} INFO - Running <TaskInstance: Lead_Scoring_Data_Engineering_Pipeline.mapping_categorical_vars scheduled__2024-04-06T00:00:00+00:00 [running]> on host 5e833cee3343
[2024-04-08 16:48:20,784] {taskinstance.py:1589} INFO - Exporting the following env vars:
AIRFLOW_CTX_DAG_OWNER=airflow
AIRFLOW_CTX_DAG_ID=Lead_Scoring_Data_Engineering_Pipeline
AIRFLOW_CTX_TASK_ID=mapping_categorical_vars
AIRFLOW_CTX_EXECUTION_DATE=2024-04-06T00:00:00+00:00
AIRFLOW_CTX_TRY_NUMBER=1
AIRFLOW_CTX_DAG_RUN_ID=scheduled__2024-04-06T00:00:00+00:00
[2024-04-08 16:48:20,787] {logging_mixin.py:115} INFO - categorical_variables_mapped already Stored
[2024-04-08 16:48:20,787] {python.py:173} INFO - Done. Returned value was: None
[2024-04-08 16:48:20,792] {taskinstance.py:1415} INFO - Marking task as SUCCESS. dag_id=Lead_Scoring_Data_Engineering_Pipeline, task_id=mapping_categorical_vars, execution_date=20240406T000000, start_date=20240408T164820, end_date=20240408T164820
[2024-04-08 16:48:20,818] {local_task_job.py:156} INFO - Task exited with return code 0
[2024-04-08 16:48:20,860] {local_task_job.py:273} INFO - 1 downstream tasks scheduled from follow-on schedule check
