[2024-04-06 12:45:01,069] {taskinstance.py:1179} INFO - Dependencies all met for <TaskInstance: Lead_Scoring_Data_Engineering_Pipeline.checking_model_inputs_schema scheduled__2024-04-05T00:00:00+00:00 [queued]>
[2024-04-06 12:45:01,074] {taskinstance.py:1179} INFO - Dependencies all met for <TaskInstance: Lead_Scoring_Data_Engineering_Pipeline.checking_model_inputs_schema scheduled__2024-04-05T00:00:00+00:00 [queued]>
[2024-04-06 12:45:01,074] {taskinstance.py:1376} INFO - 
--------------------------------------------------------------------------------
[2024-04-06 12:45:01,074] {taskinstance.py:1377} INFO - Starting attempt 1 of 2
[2024-04-06 12:45:01,074] {taskinstance.py:1378} INFO - 
--------------------------------------------------------------------------------
[2024-04-06 12:45:01,095] {taskinstance.py:1397} INFO - Executing <Task(PythonOperator): checking_model_inputs_schema> on 2024-04-05 00:00:00+00:00
[2024-04-06 12:45:01,099] {standard_task_runner.py:52} INFO - Started process 1191 to run task
[2024-04-06 12:45:01,103] {standard_task_runner.py:79} INFO - Running: ['airflow', 'tasks', 'run', 'Lead_Scoring_Data_Engineering_Pipeline', 'checking_model_inputs_schema', 'scheduled__2024-04-05T00:00:00+00:00', '--job-id', '51', '--raw', '--subdir', 'DAGS_FOLDER/lead_scoring_data_pipeline/.ipynb_checkpoints/lead_scoring_data_pipeline-checkpoint.py', '--cfg-path', '/tmp/tmpl5hvxz53', '--error-file', '/tmp/tmp8_8b7lk8']
[2024-04-06 12:45:01,103] {standard_task_runner.py:80} INFO - Job 51: Subtask checking_model_inputs_schema
[2024-04-06 12:45:01,153] {task_command.py:371} INFO - Running <TaskInstance: Lead_Scoring_Data_Engineering_Pipeline.checking_model_inputs_schema scheduled__2024-04-05T00:00:00+00:00 [running]> on host d06a6d5e153b
[2024-04-06 12:45:01,204] {taskinstance.py:1589} INFO - Exporting the following env vars:
AIRFLOW_CTX_DAG_OWNER=airflow
AIRFLOW_CTX_DAG_ID=Lead_Scoring_Data_Engineering_Pipeline
AIRFLOW_CTX_TASK_ID=checking_model_inputs_schema
AIRFLOW_CTX_EXECUTION_DATE=2024-04-05T00:00:00+00:00
AIRFLOW_CTX_TRY_NUMBER=1
AIRFLOW_CTX_DAG_RUN_ID=scheduled__2024-04-05T00:00:00+00:00
[2024-04-06 12:45:01,740] {logging_mixin.py:115} INFO - Models input schema is in line with the schema present in schema.py
[2024-04-06 12:45:01,763] {python.py:173} INFO - Done. Returned value was: None
[2024-04-06 12:45:01,769] {taskinstance.py:1415} INFO - Marking task as SUCCESS. dag_id=Lead_Scoring_Data_Engineering_Pipeline, task_id=checking_model_inputs_schema, execution_date=20240405T000000, start_date=20240406T124501, end_date=20240406T124501
[2024-04-06 12:45:01,796] {local_task_job.py:156} INFO - Task exited with return code 0
[2024-04-06 12:45:01,837] {local_task_job.py:273} INFO - 0 downstream tasks scheduled from follow-on schedule check
