[2024-04-06 13:33:39,330] {taskinstance.py:1179} INFO - Dependencies all met for <TaskInstance: Lead_scoring_inference_pipeline.checking_input_features scheduled__2024-04-06T12:00:00+00:00 [queued]>
[2024-04-06 13:33:39,335] {taskinstance.py:1179} INFO - Dependencies all met for <TaskInstance: Lead_scoring_inference_pipeline.checking_input_features scheduled__2024-04-06T12:00:00+00:00 [queued]>
[2024-04-06 13:33:39,335] {taskinstance.py:1376} INFO - 
--------------------------------------------------------------------------------
[2024-04-06 13:33:39,335] {taskinstance.py:1377} INFO - Starting attempt 1 of 2
[2024-04-06 13:33:39,335] {taskinstance.py:1378} INFO - 
--------------------------------------------------------------------------------
[2024-04-06 13:33:39,364] {taskinstance.py:1397} INFO - Executing <Task(PythonOperator): checking_input_features> on 2024-04-06 12:00:00+00:00
[2024-04-06 13:33:39,369] {standard_task_runner.py:52} INFO - Started process 6441 to run task
[2024-04-06 13:33:39,374] {standard_task_runner.py:79} INFO - Running: ['airflow', 'tasks', 'run', 'Lead_scoring_inference_pipeline', 'checking_input_features', 'scheduled__2024-04-06T12:00:00+00:00', '--job-id', '67', '--raw', '--subdir', 'DAGS_FOLDER/lead_scoring_inference_pipeline/.ipynb_checkpoints/lead_scoring_inference_pipeline-checkpoint.py', '--cfg-path', '/tmp/tmpzyw1z9b1', '--error-file', '/tmp/tmpb9g0pp77']
[2024-04-06 13:33:39,375] {standard_task_runner.py:80} INFO - Job 67: Subtask checking_input_features
[2024-04-06 13:33:39,425] {task_command.py:371} INFO - Running <TaskInstance: Lead_scoring_inference_pipeline.checking_input_features scheduled__2024-04-06T12:00:00+00:00 [running]> on host d06a6d5e153b
[2024-04-06 13:33:39,606] {taskinstance.py:1589} INFO - Exporting the following env vars:
AIRFLOW_CTX_DAG_OWNER=airflow
AIRFLOW_CTX_DAG_ID=Lead_scoring_inference_pipeline
AIRFLOW_CTX_TASK_ID=checking_input_features
AIRFLOW_CTX_EXECUTION_DATE=2024-04-06T12:00:00+00:00
AIRFLOW_CTX_TRY_NUMBER=1
AIRFLOW_CTX_DAG_RUN_ID=scheduled__2024-04-06T12:00:00+00:00
[2024-04-06 13:33:43,213] {utils.py:235} INFO - All the models input are present
[2024-04-06 13:33:43,215] {python.py:173} INFO - Done. Returned value was: None
[2024-04-06 13:33:43,220] {taskinstance.py:1415} INFO - Marking task as SUCCESS. dag_id=Lead_scoring_inference_pipeline, task_id=checking_input_features, execution_date=20240406T120000, start_date=20240406T133339, end_date=20240406T133343
[2024-04-06 13:33:43,319] {local_task_job.py:156} INFO - Task exited with return code 0
[2024-04-06 13:33:43,360] {local_task_job.py:273} INFO - 0 downstream tasks scheduled from follow-on schedule check
