[2024-04-06 13:37:00,672] {taskinstance.py:1179} INFO - Dependencies all met for <TaskInstance: Lead_scoring_inference_pipeline.checking_input_features manual__2024-04-06T13:36:35.959696+00:00 [queued]>
[2024-04-06 13:37:00,677] {taskinstance.py:1179} INFO - Dependencies all met for <TaskInstance: Lead_scoring_inference_pipeline.checking_input_features manual__2024-04-06T13:36:35.959696+00:00 [queued]>
[2024-04-06 13:37:00,677] {taskinstance.py:1376} INFO - 
--------------------------------------------------------------------------------
[2024-04-06 13:37:00,677] {taskinstance.py:1377} INFO - Starting attempt 1 of 2
[2024-04-06 13:37:00,677] {taskinstance.py:1378} INFO - 
--------------------------------------------------------------------------------
[2024-04-06 13:37:00,701] {taskinstance.py:1397} INFO - Executing <Task(PythonOperator): checking_input_features> on 2024-04-06 13:36:35.959696+00:00
[2024-04-06 13:37:00,706] {standard_task_runner.py:52} INFO - Started process 6859 to run task
[2024-04-06 13:37:00,708] {standard_task_runner.py:79} INFO - Running: ['airflow', 'tasks', 'run', 'Lead_scoring_inference_pipeline', 'checking_input_features', 'manual__2024-04-06T13:36:35.959696+00:00', '--job-id', '74', '--raw', '--subdir', 'DAGS_FOLDER/lead_scoring_inference_pipeline/.ipynb_checkpoints/lead_scoring_inference_pipeline-checkpoint.py', '--cfg-path', '/tmp/tmpgx8ky338', '--error-file', '/tmp/tmpdwlbjept']
[2024-04-06 13:37:00,709] {standard_task_runner.py:80} INFO - Job 74: Subtask checking_input_features
[2024-04-06 13:37:00,753] {task_command.py:371} INFO - Running <TaskInstance: Lead_scoring_inference_pipeline.checking_input_features manual__2024-04-06T13:36:35.959696+00:00 [running]> on host d06a6d5e153b
[2024-04-06 13:37:00,907] {taskinstance.py:1589} INFO - Exporting the following env vars:
AIRFLOW_CTX_DAG_OWNER=airflow
AIRFLOW_CTX_DAG_ID=Lead_scoring_inference_pipeline
AIRFLOW_CTX_TASK_ID=checking_input_features
AIRFLOW_CTX_EXECUTION_DATE=2024-04-06T13:36:35.959696+00:00
AIRFLOW_CTX_TRY_NUMBER=1
AIRFLOW_CTX_DAG_RUN_ID=manual__2024-04-06T13:36:35.959696+00:00
[2024-04-06 13:37:04,488] {utils.py:235} INFO - All the models input are present
[2024-04-06 13:37:04,490] {python.py:173} INFO - Done. Returned value was: None
[2024-04-06 13:37:04,495] {taskinstance.py:1415} INFO - Marking task as SUCCESS. dag_id=Lead_scoring_inference_pipeline, task_id=checking_input_features, execution_date=20240406T133635, start_date=20240406T133700, end_date=20240406T133704
[2024-04-06 13:37:04,536] {local_task_job.py:156} INFO - Task exited with return code 0
[2024-04-06 13:37:04,582] {local_task_job.py:273} INFO - 0 downstream tasks scheduled from follow-on schedule check
