[2024-04-06 12:44:29,231] {taskinstance.py:1179} INFO - Dependencies all met for <TaskInstance: Lead_Scoring_Data_Engineering_Pipeline.building_db scheduled__2024-04-01T00:00:00+00:00 [queued]>
[2024-04-06 12:44:29,235] {taskinstance.py:1179} INFO - Dependencies all met for <TaskInstance: Lead_Scoring_Data_Engineering_Pipeline.building_db scheduled__2024-04-01T00:00:00+00:00 [queued]>
[2024-04-06 12:44:29,236] {taskinstance.py:1376} INFO - 
--------------------------------------------------------------------------------
[2024-04-06 12:44:29,236] {taskinstance.py:1377} INFO - Starting attempt 1 of 2
[2024-04-06 12:44:29,236] {taskinstance.py:1378} INFO - 
--------------------------------------------------------------------------------
[2024-04-06 12:44:29,255] {taskinstance.py:1397} INFO - Executing <Task(PythonOperator): building_db> on 2024-04-01 00:00:00+00:00
[2024-04-06 12:44:29,259] {standard_task_runner.py:52} INFO - Started process 939 to run task
[2024-04-06 12:44:29,261] {standard_task_runner.py:79} INFO - Running: ['airflow', 'tasks', 'run', 'Lead_Scoring_Data_Engineering_Pipeline', 'building_db', 'scheduled__2024-04-01T00:00:00+00:00', '--job-id', '38', '--raw', '--subdir', 'DAGS_FOLDER/lead_scoring_data_pipeline/.ipynb_checkpoints/lead_scoring_data_pipeline-checkpoint.py', '--cfg-path', '/tmp/tmpmcux050e', '--error-file', '/tmp/tmpf9x2pk35']
[2024-04-06 12:44:29,262] {standard_task_runner.py:80} INFO - Job 38: Subtask building_db
[2024-04-06 12:44:29,306] {task_command.py:371} INFO - Running <TaskInstance: Lead_Scoring_Data_Engineering_Pipeline.building_db scheduled__2024-04-01T00:00:00+00:00 [running]> on host d06a6d5e153b
[2024-04-06 12:44:29,370] {taskinstance.py:1589} INFO - Exporting the following env vars:
AIRFLOW_CTX_DAG_OWNER=airflow
AIRFLOW_CTX_DAG_ID=Lead_Scoring_Data_Engineering_Pipeline
AIRFLOW_CTX_TASK_ID=building_db
AIRFLOW_CTX_EXECUTION_DATE=2024-04-01T00:00:00+00:00
AIRFLOW_CTX_TRY_NUMBER=1
AIRFLOW_CTX_DAG_RUN_ID=scheduled__2024-04-01T00:00:00+00:00
[2024-04-06 12:44:29,371] {logging_mixin.py:115} INFO - DB Already Exsist
[2024-04-06 12:44:29,371] {logging_mixin.py:115} INFO - /home
[2024-04-06 12:44:29,371] {python.py:173} INFO - Done. Returned value was: DB Exsist
[2024-04-06 12:44:29,391] {taskinstance.py:1415} INFO - Marking task as SUCCESS. dag_id=Lead_Scoring_Data_Engineering_Pipeline, task_id=building_db, execution_date=20240401T000000, start_date=20240406T124429, end_date=20240406T124429
[2024-04-06 12:44:29,433] {local_task_job.py:156} INFO - Task exited with return code 0
[2024-04-06 12:44:29,478] {local_task_job.py:273} INFO - 1 downstream tasks scheduled from follow-on schedule check
