[2024-03-31 10:12:21,860] {processor.py:153} INFO - Started process (PID=1385) to work on /home/airflow/dags/lead_scoring_data_pipeline/lead_scoring_data_pipeline.py
[2024-03-31 10:12:21,860] {processor.py:641} INFO - Processing file /home/airflow/dags/lead_scoring_data_pipeline/lead_scoring_data_pipeline.py for tasks to queue
[2024-03-31 10:12:21,861] {logging_mixin.py:115} INFO - [2024-03-31 10:12:21,861] {dagbag.py:508} INFO - Filling up the DagBag from /home/airflow/dags/lead_scoring_data_pipeline/lead_scoring_data_pipeline.py
[2024-03-31 10:12:21,976] {logging_mixin.py:115} INFO - [2024-03-31 10:12:21,975] {dagbag.py:321} ERROR - Failed to import: /home/airflow/dags/lead_scoring_data_pipeline/lead_scoring_data_pipeline.py
Traceback (most recent call last):
  File "/opt/conda/lib/python3.8/site-packages/airflow/models/dagbag.py", line 318, in parse
    loader.exec_module(new_module)
  File "<frozen importlib._bootstrap_external>", line 843, in exec_module
  File "<frozen importlib._bootstrap>", line 219, in _call_with_frames_removed
  File "/home/airflow/dags/lead_scoring_data_pipeline/lead_scoring_data_pipeline.py", line 11, in <module>
    from utils import *
ModuleNotFoundError: No module named 'utils'
[2024-03-31 10:12:21,976] {processor.py:653} WARNING - No viable dags retrieved from /home/airflow/dags/lead_scoring_data_pipeline/lead_scoring_data_pipeline.py
[2024-03-31 10:12:21,996] {processor.py:161} INFO - Processing /home/airflow/dags/lead_scoring_data_pipeline/lead_scoring_data_pipeline.py took 0.138 seconds
[2024-03-31 10:12:58,668] {processor.py:153} INFO - Started process (PID=1421) to work on /home/airflow/dags/lead_scoring_data_pipeline/lead_scoring_data_pipeline.py
[2024-03-31 10:12:58,670] {processor.py:641} INFO - Processing file /home/airflow/dags/lead_scoring_data_pipeline/lead_scoring_data_pipeline.py for tasks to queue
[2024-03-31 10:12:58,671] {logging_mixin.py:115} INFO - [2024-03-31 10:12:58,671] {dagbag.py:508} INFO - Filling up the DagBag from /home/airflow/dags/lead_scoring_data_pipeline/lead_scoring_data_pipeline.py
[2024-03-31 10:12:58,677] {logging_mixin.py:115} INFO - [2024-03-31 10:12:58,677] {dagbag.py:321} ERROR - Failed to import: /home/airflow/dags/lead_scoring_data_pipeline/lead_scoring_data_pipeline.py
Traceback (most recent call last):
  File "/opt/conda/lib/python3.8/site-packages/airflow/models/dagbag.py", line 318, in parse
    loader.exec_module(new_module)
  File "<frozen importlib._bootstrap_external>", line 843, in exec_module
  File "<frozen importlib._bootstrap>", line 219, in _call_with_frames_removed
  File "/home/airflow/dags/lead_scoring_data_pipeline/lead_scoring_data_pipeline.py", line 11, in <module>
    from utils import *
ModuleNotFoundError: No module named 'utils'
[2024-03-31 10:12:58,678] {processor.py:653} WARNING - No viable dags retrieved from /home/airflow/dags/lead_scoring_data_pipeline/lead_scoring_data_pipeline.py
[2024-03-31 10:12:58,704] {processor.py:161} INFO - Processing /home/airflow/dags/lead_scoring_data_pipeline/lead_scoring_data_pipeline.py took 0.038 seconds
[2024-03-31 10:28:03,118] {processor.py:153} INFO - Started process (PID=1574) to work on /home/airflow/dags/lead_scoring_data_pipeline/lead_scoring_data_pipeline.py
[2024-03-31 10:28:03,120] {processor.py:641} INFO - Processing file /home/airflow/dags/lead_scoring_data_pipeline/lead_scoring_data_pipeline.py for tasks to queue
[2024-03-31 10:28:03,121] {logging_mixin.py:115} INFO - [2024-03-31 10:28:03,120] {dagbag.py:508} INFO - Filling up the DagBag from /home/airflow/dags/lead_scoring_data_pipeline/lead_scoring_data_pipeline.py
[2024-03-31 10:28:03,408] {logging_mixin.py:115} INFO - [2024-03-31 10:28:03,408] {utils.py:145} INFO - Note: NumExpr detected 64 cores but "NUMEXPR_MAX_THREADS" not set, so enforcing safe limit of 8.
[2024-03-31 10:28:03,408] {logging_mixin.py:115} INFO - [2024-03-31 10:28:03,408] {utils.py:157} INFO - NumExpr defaulting to 8 threads.
[2024-03-31 10:28:03,548] {logging_mixin.py:115} INFO - [2024-03-31 10:28:03,547] {dagbag.py:321} ERROR - Failed to import: /home/airflow/dags/lead_scoring_data_pipeline/lead_scoring_data_pipeline.py
Traceback (most recent call last):
  File "/opt/conda/lib/python3.8/site-packages/airflow/models/dagbag.py", line 318, in parse
    loader.exec_module(new_module)
  File "<frozen importlib._bootstrap_external>", line 843, in exec_module
  File "<frozen importlib._bootstrap>", line 219, in _call_with_frames_removed
  File "/home/airflow/dags/lead_scoring_data_pipeline/lead_scoring_data_pipeline.py", line 11, in <module>
    from lead_scoring_data_pipeline.utils import *
  File "/home/airflow/dags/lead_scoring_data_pipeline/utils.py", line 10, in <module>
    from constants import *
ModuleNotFoundError: No module named 'constants'
[2024-03-31 10:28:03,548] {processor.py:653} WARNING - No viable dags retrieved from /home/airflow/dags/lead_scoring_data_pipeline/lead_scoring_data_pipeline.py
[2024-03-31 10:28:03,567] {processor.py:161} INFO - Processing /home/airflow/dags/lead_scoring_data_pipeline/lead_scoring_data_pipeline.py took 0.452 seconds
[2024-03-31 10:28:40,591] {processor.py:153} INFO - Started process (PID=1628) to work on /home/airflow/dags/lead_scoring_data_pipeline/lead_scoring_data_pipeline.py
[2024-03-31 10:28:40,593] {processor.py:641} INFO - Processing file /home/airflow/dags/lead_scoring_data_pipeline/lead_scoring_data_pipeline.py for tasks to queue
[2024-03-31 10:28:40,593] {logging_mixin.py:115} INFO - [2024-03-31 10:28:40,593] {dagbag.py:508} INFO - Filling up the DagBag from /home/airflow/dags/lead_scoring_data_pipeline/lead_scoring_data_pipeline.py
[2024-03-31 10:28:40,776] {logging_mixin.py:115} INFO - [2024-03-31 10:28:40,775] {utils.py:145} INFO - Note: NumExpr detected 64 cores but "NUMEXPR_MAX_THREADS" not set, so enforcing safe limit of 8.
[2024-03-31 10:28:40,776] {logging_mixin.py:115} INFO - [2024-03-31 10:28:40,776] {utils.py:157} INFO - NumExpr defaulting to 8 threads.
[2024-03-31 10:28:40,918] {logging_mixin.py:115} INFO - [2024-03-31 10:28:40,917] {dagbag.py:321} ERROR - Failed to import: /home/airflow/dags/lead_scoring_data_pipeline/lead_scoring_data_pipeline.py
Traceback (most recent call last):
  File "/opt/conda/lib/python3.8/site-packages/airflow/models/dagbag.py", line 318, in parse
    loader.exec_module(new_module)
  File "<frozen importlib._bootstrap_external>", line 843, in exec_module
  File "<frozen importlib._bootstrap>", line 219, in _call_with_frames_removed
  File "/home/airflow/dags/lead_scoring_data_pipeline/lead_scoring_data_pipeline.py", line 11, in <module>
    from lead_scoring_data_pipeline.utils import *
  File "/home/airflow/dags/lead_scoring_data_pipeline/utils.py", line 10, in <module>
    from constants import *
ModuleNotFoundError: No module named 'constants'
[2024-03-31 10:28:40,919] {processor.py:653} WARNING - No viable dags retrieved from /home/airflow/dags/lead_scoring_data_pipeline/lead_scoring_data_pipeline.py
[2024-03-31 10:28:40,939] {processor.py:161} INFO - Processing /home/airflow/dags/lead_scoring_data_pipeline/lead_scoring_data_pipeline.py took 0.351 seconds
[2024-03-31 10:29:13,932] {processor.py:153} INFO - Started process (PID=1676) to work on /home/airflow/dags/lead_scoring_data_pipeline/lead_scoring_data_pipeline.py
[2024-03-31 10:29:13,933] {processor.py:641} INFO - Processing file /home/airflow/dags/lead_scoring_data_pipeline/lead_scoring_data_pipeline.py for tasks to queue
[2024-03-31 10:29:13,933] {logging_mixin.py:115} INFO - [2024-03-31 10:29:13,933] {dagbag.py:508} INFO - Filling up the DagBag from /home/airflow/dags/lead_scoring_data_pipeline/lead_scoring_data_pipeline.py
[2024-03-31 10:29:14,109] {logging_mixin.py:115} INFO - [2024-03-31 10:29:14,109] {utils.py:145} INFO - Note: NumExpr detected 64 cores but "NUMEXPR_MAX_THREADS" not set, so enforcing safe limit of 8.
[2024-03-31 10:29:14,109] {logging_mixin.py:115} INFO - [2024-03-31 10:29:14,109] {utils.py:157} INFO - NumExpr defaulting to 8 threads.
[2024-03-31 10:29:14,251] {logging_mixin.py:115} INFO - [2024-03-31 10:29:14,250] {dagbag.py:321} ERROR - Failed to import: /home/airflow/dags/lead_scoring_data_pipeline/lead_scoring_data_pipeline.py
Traceback (most recent call last):
  File "/opt/conda/lib/python3.8/site-packages/airflow/models/dagbag.py", line 318, in parse
    loader.exec_module(new_module)
  File "<frozen importlib._bootstrap_external>", line 843, in exec_module
  File "<frozen importlib._bootstrap>", line 219, in _call_with_frames_removed
  File "/home/airflow/dags/lead_scoring_data_pipeline/lead_scoring_data_pipeline.py", line 11, in <module>
    from lead_scoring_data_pipeline.utils import *
  File "/home/airflow/dags/lead_scoring_data_pipeline/utils.py", line 10, in <module>
    from constants import *
ModuleNotFoundError: No module named 'constants'
[2024-03-31 10:29:14,252] {processor.py:653} WARNING - No viable dags retrieved from /home/airflow/dags/lead_scoring_data_pipeline/lead_scoring_data_pipeline.py
[2024-03-31 10:29:14,275] {processor.py:161} INFO - Processing /home/airflow/dags/lead_scoring_data_pipeline/lead_scoring_data_pipeline.py took 0.345 seconds
[2024-03-31 10:29:48,756] {processor.py:153} INFO - Started process (PID=1725) to work on /home/airflow/dags/lead_scoring_data_pipeline/lead_scoring_data_pipeline.py
[2024-03-31 10:29:48,757] {processor.py:641} INFO - Processing file /home/airflow/dags/lead_scoring_data_pipeline/lead_scoring_data_pipeline.py for tasks to queue
[2024-03-31 10:29:48,757] {logging_mixin.py:115} INFO - [2024-03-31 10:29:48,757] {dagbag.py:508} INFO - Filling up the DagBag from /home/airflow/dags/lead_scoring_data_pipeline/lead_scoring_data_pipeline.py
[2024-03-31 10:29:48,940] {logging_mixin.py:115} INFO - [2024-03-31 10:29:48,939] {utils.py:145} INFO - Note: NumExpr detected 64 cores but "NUMEXPR_MAX_THREADS" not set, so enforcing safe limit of 8.
[2024-03-31 10:29:48,940] {logging_mixin.py:115} INFO - [2024-03-31 10:29:48,940] {utils.py:157} INFO - NumExpr defaulting to 8 threads.
[2024-03-31 10:29:49,084] {logging_mixin.py:115} INFO - [2024-03-31 10:29:49,083] {dagbag.py:321} ERROR - Failed to import: /home/airflow/dags/lead_scoring_data_pipeline/lead_scoring_data_pipeline.py
Traceback (most recent call last):
  File "/opt/conda/lib/python3.8/site-packages/airflow/models/dagbag.py", line 318, in parse
    loader.exec_module(new_module)
  File "<frozen importlib._bootstrap_external>", line 843, in exec_module
  File "<frozen importlib._bootstrap>", line 219, in _call_with_frames_removed
  File "/home/airflow/dags/lead_scoring_data_pipeline/lead_scoring_data_pipeline.py", line 12, in <module>
    from lead_scoring_data_pipeline.data_validation_checks import *
  File "/home/airflow/dags/lead_scoring_data_pipeline/data_validation_checks.py", line 9, in <module>
    from constants import *
ModuleNotFoundError: No module named 'constants'
[2024-03-31 10:29:49,084] {processor.py:653} WARNING - No viable dags retrieved from /home/airflow/dags/lead_scoring_data_pipeline/lead_scoring_data_pipeline.py
[2024-03-31 10:29:49,105] {processor.py:161} INFO - Processing /home/airflow/dags/lead_scoring_data_pipeline/lead_scoring_data_pipeline.py took 0.352 seconds
[2024-03-31 10:30:25,886] {processor.py:153} INFO - Started process (PID=1801) to work on /home/airflow/dags/lead_scoring_data_pipeline/lead_scoring_data_pipeline.py
[2024-03-31 10:30:25,887] {processor.py:641} INFO - Processing file /home/airflow/dags/lead_scoring_data_pipeline/lead_scoring_data_pipeline.py for tasks to queue
[2024-03-31 10:30:25,887] {logging_mixin.py:115} INFO - [2024-03-31 10:30:25,887] {dagbag.py:508} INFO - Filling up the DagBag from /home/airflow/dags/lead_scoring_data_pipeline/lead_scoring_data_pipeline.py
[2024-03-31 10:30:26,184] {logging_mixin.py:115} INFO - [2024-03-31 10:30:26,184] {utils.py:145} INFO - Note: NumExpr detected 64 cores but "NUMEXPR_MAX_THREADS" not set, so enforcing safe limit of 8.
[2024-03-31 10:30:26,184] {logging_mixin.py:115} INFO - [2024-03-31 10:30:26,184] {utils.py:157} INFO - NumExpr defaulting to 8 threads.
[2024-03-31 10:30:26,327] {logging_mixin.py:115} INFO - [2024-03-31 10:30:26,326] {dagbag.py:321} ERROR - Failed to import: /home/airflow/dags/lead_scoring_data_pipeline/lead_scoring_data_pipeline.py
Traceback (most recent call last):
  File "/opt/conda/lib/python3.8/site-packages/airflow/models/dagbag.py", line 318, in parse
    loader.exec_module(new_module)
  File "<frozen importlib._bootstrap_external>", line 843, in exec_module
  File "<frozen importlib._bootstrap>", line 219, in _call_with_frames_removed
  File "/home/airflow/dags/lead_scoring_data_pipeline/lead_scoring_data_pipeline.py", line 12, in <module>
    from lead_scoring_data_pipeline.data_validation_checks import *
  File "/home/airflow/dags/lead_scoring_data_pipeline/data_validation_checks.py", line 9, in <module>
    from constants import *
ModuleNotFoundError: No module named 'constants'
[2024-03-31 10:30:26,327] {processor.py:653} WARNING - No viable dags retrieved from /home/airflow/dags/lead_scoring_data_pipeline/lead_scoring_data_pipeline.py
[2024-03-31 10:30:26,347] {processor.py:161} INFO - Processing /home/airflow/dags/lead_scoring_data_pipeline/lead_scoring_data_pipeline.py took 0.463 seconds
[2024-03-31 10:31:03,816] {processor.py:153} INFO - Started process (PID=1854) to work on /home/airflow/dags/lead_scoring_data_pipeline/lead_scoring_data_pipeline.py
[2024-03-31 10:31:03,818] {processor.py:641} INFO - Processing file /home/airflow/dags/lead_scoring_data_pipeline/lead_scoring_data_pipeline.py for tasks to queue
[2024-03-31 10:31:03,818] {logging_mixin.py:115} INFO - [2024-03-31 10:31:03,818] {dagbag.py:508} INFO - Filling up the DagBag from /home/airflow/dags/lead_scoring_data_pipeline/lead_scoring_data_pipeline.py
[2024-03-31 10:31:04,013] {logging_mixin.py:115} INFO - [2024-03-31 10:31:04,013] {utils.py:145} INFO - Note: NumExpr detected 64 cores but "NUMEXPR_MAX_THREADS" not set, so enforcing safe limit of 8.
[2024-03-31 10:31:04,013] {logging_mixin.py:115} INFO - [2024-03-31 10:31:04,013] {utils.py:157} INFO - NumExpr defaulting to 8 threads.
[2024-03-31 10:31:04,157] {logging_mixin.py:115} INFO - [2024-03-31 10:31:04,156] {dagbag.py:321} ERROR - Failed to import: /home/airflow/dags/lead_scoring_data_pipeline/lead_scoring_data_pipeline.py
Traceback (most recent call last):
  File "/opt/conda/lib/python3.8/site-packages/airflow/models/dagbag.py", line 318, in parse
    loader.exec_module(new_module)
  File "<frozen importlib._bootstrap_external>", line 843, in exec_module
  File "<frozen importlib._bootstrap>", line 219, in _call_with_frames_removed
  File "/home/airflow/dags/lead_scoring_data_pipeline/lead_scoring_data_pipeline.py", line 12, in <module>
    from lead_scoring_data_pipeline.data_validation_checks import *
  File "/home/airflow/dags/lead_scoring_data_pipeline/data_validation_checks.py", line 9, in <module>
    from constants import *
ModuleNotFoundError: No module named 'constants'
[2024-03-31 10:31:04,157] {processor.py:653} WARNING - No viable dags retrieved from /home/airflow/dags/lead_scoring_data_pipeline/lead_scoring_data_pipeline.py
[2024-03-31 10:31:04,178] {processor.py:161} INFO - Processing /home/airflow/dags/lead_scoring_data_pipeline/lead_scoring_data_pipeline.py took 0.366 seconds
[2024-03-31 10:31:36,048] {processor.py:153} INFO - Started process (PID=1901) to work on /home/airflow/dags/lead_scoring_data_pipeline/lead_scoring_data_pipeline.py
[2024-03-31 10:31:36,048] {processor.py:641} INFO - Processing file /home/airflow/dags/lead_scoring_data_pipeline/lead_scoring_data_pipeline.py for tasks to queue
[2024-03-31 10:31:36,049] {logging_mixin.py:115} INFO - [2024-03-31 10:31:36,049] {dagbag.py:508} INFO - Filling up the DagBag from /home/airflow/dags/lead_scoring_data_pipeline/lead_scoring_data_pipeline.py
[2024-03-31 10:31:36,217] {logging_mixin.py:115} INFO - [2024-03-31 10:31:36,217] {utils.py:145} INFO - Note: NumExpr detected 64 cores but "NUMEXPR_MAX_THREADS" not set, so enforcing safe limit of 8.
[2024-03-31 10:31:36,217] {logging_mixin.py:115} INFO - [2024-03-31 10:31:36,217] {utils.py:157} INFO - NumExpr defaulting to 8 threads.
[2024-03-31 10:31:36,352] {processor.py:651} INFO - DAG(s) dict_keys(['Lead_Scoring_Data_Engineering_Pipeline']) retrieved from /home/airflow/dags/lead_scoring_data_pipeline/lead_scoring_data_pipeline.py
[2024-03-31 10:31:36,421] {logging_mixin.py:115} INFO - [2024-03-31 10:31:36,421] {manager.py:508} INFO - Created Permission View: can read on DAG:Lead_Scoring_Data_Engineering_Pipeline
[2024-03-31 10:31:36,437] {logging_mixin.py:115} INFO - [2024-03-31 10:31:36,436] {manager.py:508} INFO - Created Permission View: can edit on DAG:Lead_Scoring_Data_Engineering_Pipeline
[2024-03-31 10:31:36,450] {logging_mixin.py:115} INFO - [2024-03-31 10:31:36,450] {manager.py:508} INFO - Created Permission View: can delete on DAG:Lead_Scoring_Data_Engineering_Pipeline
[2024-03-31 10:31:36,451] {logging_mixin.py:115} INFO - [2024-03-31 10:31:36,451] {dag.py:2420} INFO - Sync 1 DAGs
[2024-03-31 10:31:36,457] {logging_mixin.py:115} INFO - [2024-03-31 10:31:36,457] {dag.py:2439} INFO - Creating ORM DAG for Lead_Scoring_Data_Engineering_Pipeline
[2024-03-31 10:31:36,466] {logging_mixin.py:115} INFO - [2024-03-31 10:31:36,465] {dag.py:2968} INFO - Setting next_dagrun for Lead_Scoring_Data_Engineering_Pipeline to 2024-03-30T00:00:00+00:00, run_after=2024-03-31T00:00:00+00:00
[2024-03-31 10:31:36,500] {processor.py:161} INFO - Processing /home/airflow/dags/lead_scoring_data_pipeline/lead_scoring_data_pipeline.py took 0.456 seconds
[2024-03-31 10:31:55,913] {processor.py:153} INFO - Started process (PID=1971) to work on /home/airflow/dags/lead_scoring_data_pipeline/lead_scoring_data_pipeline.py
[2024-03-31 10:31:55,914] {processor.py:641} INFO - Processing file /home/airflow/dags/lead_scoring_data_pipeline/lead_scoring_data_pipeline.py for tasks to queue
[2024-03-31 10:31:55,914] {logging_mixin.py:115} INFO - [2024-03-31 10:31:55,914] {dagbag.py:508} INFO - Filling up the DagBag from /home/airflow/dags/lead_scoring_data_pipeline/lead_scoring_data_pipeline.py
[2024-03-31 10:31:56,178] {logging_mixin.py:115} INFO - [2024-03-31 10:31:56,178] {utils.py:145} INFO - Note: NumExpr detected 64 cores but "NUMEXPR_MAX_THREADS" not set, so enforcing safe limit of 8.
[2024-03-31 10:31:56,178] {logging_mixin.py:115} INFO - [2024-03-31 10:31:56,178] {utils.py:157} INFO - NumExpr defaulting to 8 threads.
[2024-03-31 10:31:56,306] {processor.py:651} INFO - DAG(s) dict_keys(['Lead_Scoring_Data_Engineering_Pipeline']) retrieved from /home/airflow/dags/lead_scoring_data_pipeline/lead_scoring_data_pipeline.py
[2024-03-31 10:31:56,310] {logging_mixin.py:115} INFO - [2024-03-31 10:31:56,310] {dag.py:2420} INFO - Sync 1 DAGs
[2024-03-31 10:31:56,322] {logging_mixin.py:115} INFO - [2024-03-31 10:31:56,322] {dag.py:2968} INFO - Setting next_dagrun for Lead_Scoring_Data_Engineering_Pipeline to 2024-03-30T00:00:00+00:00, run_after=2024-03-31T00:00:00+00:00
[2024-03-31 10:31:56,344] {processor.py:161} INFO - Processing /home/airflow/dags/lead_scoring_data_pipeline/lead_scoring_data_pipeline.py took 0.433 seconds
[2024-03-31 10:32:53,850] {processor.py:153} INFO - Started process (PID=2263) to work on /home/airflow/dags/lead_scoring_data_pipeline/lead_scoring_data_pipeline.py
[2024-03-31 10:32:53,852] {processor.py:641} INFO - Processing file /home/airflow/dags/lead_scoring_data_pipeline/lead_scoring_data_pipeline.py for tasks to queue
[2024-03-31 10:32:53,853] {logging_mixin.py:115} INFO - [2024-03-31 10:32:53,852] {dagbag.py:508} INFO - Filling up the DagBag from /home/airflow/dags/lead_scoring_data_pipeline/lead_scoring_data_pipeline.py
[2024-03-31 10:32:54,029] {logging_mixin.py:115} INFO - [2024-03-31 10:32:54,029] {utils.py:145} INFO - Note: NumExpr detected 64 cores but "NUMEXPR_MAX_THREADS" not set, so enforcing safe limit of 8.
[2024-03-31 10:32:54,029] {logging_mixin.py:115} INFO - [2024-03-31 10:32:54,029] {utils.py:157} INFO - NumExpr defaulting to 8 threads.
[2024-03-31 10:32:54,160] {processor.py:651} INFO - DAG(s) dict_keys(['Lead_Scoring_Data_Engineering_Pipeline']) retrieved from /home/airflow/dags/lead_scoring_data_pipeline/lead_scoring_data_pipeline.py
[2024-03-31 10:32:54,170] {logging_mixin.py:115} INFO - [2024-03-31 10:32:54,170] {dag.py:2420} INFO - Sync 1 DAGs
[2024-03-31 10:32:54,184] {logging_mixin.py:115} INFO - [2024-03-31 10:32:54,184] {dag.py:2968} INFO - Setting next_dagrun for Lead_Scoring_Data_Engineering_Pipeline to 2024-03-31T00:00:00+00:00, run_after=2024-04-01T00:00:00+00:00
[2024-03-31 10:32:54,203] {processor.py:161} INFO - Processing /home/airflow/dags/lead_scoring_data_pipeline/lead_scoring_data_pipeline.py took 0.357 seconds
[2024-03-31 10:33:26,177] {processor.py:153} INFO - Started process (PID=2320) to work on /home/airflow/dags/lead_scoring_data_pipeline/lead_scoring_data_pipeline.py
[2024-03-31 10:33:26,177] {processor.py:641} INFO - Processing file /home/airflow/dags/lead_scoring_data_pipeline/lead_scoring_data_pipeline.py for tasks to queue
[2024-03-31 10:33:26,178] {logging_mixin.py:115} INFO - [2024-03-31 10:33:26,178] {dagbag.py:508} INFO - Filling up the DagBag from /home/airflow/dags/lead_scoring_data_pipeline/lead_scoring_data_pipeline.py
[2024-03-31 10:33:26,348] {logging_mixin.py:115} INFO - [2024-03-31 10:33:26,348] {utils.py:145} INFO - Note: NumExpr detected 64 cores but "NUMEXPR_MAX_THREADS" not set, so enforcing safe limit of 8.
[2024-03-31 10:33:26,348] {logging_mixin.py:115} INFO - [2024-03-31 10:33:26,348] {utils.py:157} INFO - NumExpr defaulting to 8 threads.
[2024-03-31 10:33:26,479] {processor.py:651} INFO - DAG(s) dict_keys(['Lead_Scoring_Data_Engineering_Pipeline']) retrieved from /home/airflow/dags/lead_scoring_data_pipeline/lead_scoring_data_pipeline.py
[2024-03-31 10:33:26,511] {logging_mixin.py:115} INFO - [2024-03-31 10:33:26,510] {dag.py:2420} INFO - Sync 1 DAGs
[2024-03-31 10:33:26,522] {logging_mixin.py:115} INFO - [2024-03-31 10:33:26,522] {dag.py:2968} INFO - Setting next_dagrun for Lead_Scoring_Data_Engineering_Pipeline to 2024-03-31T00:00:00+00:00, run_after=2024-04-01T00:00:00+00:00
[2024-03-31 10:33:26,543] {processor.py:161} INFO - Processing /home/airflow/dags/lead_scoring_data_pipeline/lead_scoring_data_pipeline.py took 0.370 seconds
[2024-03-31 10:34:00,061] {processor.py:153} INFO - Started process (PID=2370) to work on /home/airflow/dags/lead_scoring_data_pipeline/lead_scoring_data_pipeline.py
[2024-03-31 10:34:00,061] {processor.py:641} INFO - Processing file /home/airflow/dags/lead_scoring_data_pipeline/lead_scoring_data_pipeline.py for tasks to queue
[2024-03-31 10:34:00,062] {logging_mixin.py:115} INFO - [2024-03-31 10:34:00,062] {dagbag.py:508} INFO - Filling up the DagBag from /home/airflow/dags/lead_scoring_data_pipeline/lead_scoring_data_pipeline.py
[2024-03-31 10:34:00,238] {logging_mixin.py:115} INFO - [2024-03-31 10:34:00,238] {utils.py:145} INFO - Note: NumExpr detected 64 cores but "NUMEXPR_MAX_THREADS" not set, so enforcing safe limit of 8.
[2024-03-31 10:34:00,238] {logging_mixin.py:115} INFO - [2024-03-31 10:34:00,238] {utils.py:157} INFO - NumExpr defaulting to 8 threads.
[2024-03-31 10:34:00,371] {processor.py:651} INFO - DAG(s) dict_keys(['Lead_Scoring_Data_Engineering_Pipeline']) retrieved from /home/airflow/dags/lead_scoring_data_pipeline/lead_scoring_data_pipeline.py
[2024-03-31 10:34:00,382] {logging_mixin.py:115} INFO - [2024-03-31 10:34:00,381] {dag.py:2420} INFO - Sync 1 DAGs
[2024-03-31 10:34:00,395] {logging_mixin.py:115} INFO - [2024-03-31 10:34:00,395] {dag.py:2968} INFO - Setting next_dagrun for Lead_Scoring_Data_Engineering_Pipeline to 2024-03-31T00:00:00+00:00, run_after=2024-04-01T00:00:00+00:00
[2024-03-31 10:34:00,414] {processor.py:161} INFO - Processing /home/airflow/dags/lead_scoring_data_pipeline/lead_scoring_data_pipeline.py took 0.356 seconds
