[2024-04-08 16:48:38,512] {taskinstance.py:1179} INFO - Dependencies all met for <TaskInstance: Lead_Scoring_Data_Engineering_Pipeline.checking_model_inputs_schema scheduled__2024-04-06T00:00:00+00:00 [queued]>
[2024-04-08 16:48:38,517] {taskinstance.py:1179} INFO - Dependencies all met for <TaskInstance: Lead_Scoring_Data_Engineering_Pipeline.checking_model_inputs_schema scheduled__2024-04-06T00:00:00+00:00 [queued]>
[2024-04-08 16:48:38,517] {taskinstance.py:1376} INFO - 
--------------------------------------------------------------------------------
[2024-04-08 16:48:38,517] {taskinstance.py:1377} INFO - Starting attempt 1 of 2
[2024-04-08 16:48:38,517] {taskinstance.py:1378} INFO - 
--------------------------------------------------------------------------------
[2024-04-08 16:48:38,536] {taskinstance.py:1397} INFO - Executing <Task(PythonOperator): checking_model_inputs_schema> on 2024-04-06 00:00:00+00:00
[2024-04-08 16:48:38,541] {standard_task_runner.py:52} INFO - Started process 4231 to run task
[2024-04-08 16:48:38,544] {standard_task_runner.py:79} INFO - Running: ['airflow', 'tasks', 'run', 'Lead_Scoring_Data_Engineering_Pipeline', 'checking_model_inputs_schema', 'scheduled__2024-04-06T00:00:00+00:00', '--job-id', '96', '--raw', '--subdir', 'DAGS_FOLDER/lead_scoring_data_pipeline/.ipynb_checkpoints/lead_scoring_data_pipeline-checkpoint.py', '--cfg-path', '/tmp/tmpadp36qxs', '--error-file', '/tmp/tmpdbi301sy']
[2024-04-08 16:48:38,546] {standard_task_runner.py:80} INFO - Job 96: Subtask checking_model_inputs_schema
[2024-04-08 16:48:38,590] {task_command.py:371} INFO - Running <TaskInstance: Lead_Scoring_Data_Engineering_Pipeline.checking_model_inputs_schema scheduled__2024-04-06T00:00:00+00:00 [running]> on host 5e833cee3343
[2024-04-08 16:48:38,662] {taskinstance.py:1589} INFO - Exporting the following env vars:
AIRFLOW_CTX_DAG_OWNER=airflow
AIRFLOW_CTX_DAG_ID=Lead_Scoring_Data_Engineering_Pipeline
AIRFLOW_CTX_TASK_ID=checking_model_inputs_schema
AIRFLOW_CTX_EXECUTION_DATE=2024-04-06T00:00:00+00:00
AIRFLOW_CTX_TRY_NUMBER=1
AIRFLOW_CTX_DAG_RUN_ID=scheduled__2024-04-06T00:00:00+00:00
[2024-04-08 16:48:39,211] {logging_mixin.py:115} INFO - Models input schema is in line with the schema present in schema.py
[2024-04-08 16:48:39,233] {python.py:173} INFO - Done. Returned value was: None
[2024-04-08 16:48:39,239] {taskinstance.py:1415} INFO - Marking task as SUCCESS. dag_id=Lead_Scoring_Data_Engineering_Pipeline, task_id=checking_model_inputs_schema, execution_date=20240406T000000, start_date=20240408T164838, end_date=20240408T164839
[2024-04-08 16:48:39,278] {local_task_job.py:156} INFO - Task exited with return code 0
[2024-04-08 16:48:39,320] {local_task_job.py:273} INFO - 0 downstream tasks scheduled from follow-on schedule check
