[2024-03-31 10:04:40,989] {processor.py:153} INFO - Started process (PID=956) to work on /opt/conda/lib/python3.8/site-packages/airflow/example_dags/plugins/workday.py
[2024-03-31 10:04:40,990] {processor.py:641} INFO - Processing file /opt/conda/lib/python3.8/site-packages/airflow/example_dags/plugins/workday.py for tasks to queue
[2024-03-31 10:04:40,991] {logging_mixin.py:115} INFO - [2024-03-31 10:04:40,991] {dagbag.py:508} INFO - Filling up the DagBag from /opt/conda/lib/python3.8/site-packages/airflow/example_dags/plugins/workday.py
[2024-03-31 10:04:40,993] {processor.py:653} WARNING - No viable dags retrieved from /opt/conda/lib/python3.8/site-packages/airflow/example_dags/plugins/workday.py
[2024-03-31 10:04:41,005] {processor.py:161} INFO - Processing /opt/conda/lib/python3.8/site-packages/airflow/example_dags/plugins/workday.py took 0.019 seconds
[2024-03-31 10:05:18,705] {processor.py:153} INFO - Started process (PID=992) to work on /opt/conda/lib/python3.8/site-packages/airflow/example_dags/plugins/workday.py
[2024-03-31 10:05:18,707] {processor.py:641} INFO - Processing file /opt/conda/lib/python3.8/site-packages/airflow/example_dags/plugins/workday.py for tasks to queue
[2024-03-31 10:05:18,708] {logging_mixin.py:115} INFO - [2024-03-31 10:05:18,708] {dagbag.py:508} INFO - Filling up the DagBag from /opt/conda/lib/python3.8/site-packages/airflow/example_dags/plugins/workday.py
[2024-03-31 10:05:18,710] {processor.py:653} WARNING - No viable dags retrieved from /opt/conda/lib/python3.8/site-packages/airflow/example_dags/plugins/workday.py
[2024-03-31 10:05:18,722] {processor.py:161} INFO - Processing /opt/conda/lib/python3.8/site-packages/airflow/example_dags/plugins/workday.py took 0.020 seconds
[2024-03-31 10:05:57,290] {processor.py:153} INFO - Started process (PID=1028) to work on /opt/conda/lib/python3.8/site-packages/airflow/example_dags/plugins/workday.py
[2024-03-31 10:05:57,292] {processor.py:641} INFO - Processing file /opt/conda/lib/python3.8/site-packages/airflow/example_dags/plugins/workday.py for tasks to queue
[2024-03-31 10:05:57,293] {logging_mixin.py:115} INFO - [2024-03-31 10:05:57,293] {dagbag.py:508} INFO - Filling up the DagBag from /opt/conda/lib/python3.8/site-packages/airflow/example_dags/plugins/workday.py
[2024-03-31 10:05:57,295] {processor.py:653} WARNING - No viable dags retrieved from /opt/conda/lib/python3.8/site-packages/airflow/example_dags/plugins/workday.py
[2024-03-31 10:05:57,307] {processor.py:161} INFO - Processing /opt/conda/lib/python3.8/site-packages/airflow/example_dags/plugins/workday.py took 0.020 seconds
[2024-03-31 10:06:32,501] {processor.py:153} INFO - Started process (PID=1064) to work on /opt/conda/lib/python3.8/site-packages/airflow/example_dags/plugins/workday.py
[2024-03-31 10:06:32,503] {processor.py:641} INFO - Processing file /opt/conda/lib/python3.8/site-packages/airflow/example_dags/plugins/workday.py for tasks to queue
[2024-03-31 10:06:32,503] {logging_mixin.py:115} INFO - [2024-03-31 10:06:32,503] {dagbag.py:508} INFO - Filling up the DagBag from /opt/conda/lib/python3.8/site-packages/airflow/example_dags/plugins/workday.py
[2024-03-31 10:06:32,505] {processor.py:653} WARNING - No viable dags retrieved from /opt/conda/lib/python3.8/site-packages/airflow/example_dags/plugins/workday.py
[2024-03-31 10:06:32,516] {processor.py:161} INFO - Processing /opt/conda/lib/python3.8/site-packages/airflow/example_dags/plugins/workday.py took 0.019 seconds
[2024-03-31 10:07:08,950] {processor.py:153} INFO - Started process (PID=1101) to work on /opt/conda/lib/python3.8/site-packages/airflow/example_dags/plugins/workday.py
[2024-03-31 10:07:08,952] {processor.py:641} INFO - Processing file /opt/conda/lib/python3.8/site-packages/airflow/example_dags/plugins/workday.py for tasks to queue
[2024-03-31 10:07:08,953] {logging_mixin.py:115} INFO - [2024-03-31 10:07:08,953] {dagbag.py:508} INFO - Filling up the DagBag from /opt/conda/lib/python3.8/site-packages/airflow/example_dags/plugins/workday.py
[2024-03-31 10:07:08,955] {processor.py:653} WARNING - No viable dags retrieved from /opt/conda/lib/python3.8/site-packages/airflow/example_dags/plugins/workday.py
[2024-03-31 10:07:08,966] {processor.py:161} INFO - Processing /opt/conda/lib/python3.8/site-packages/airflow/example_dags/plugins/workday.py took 0.020 seconds
[2024-03-31 10:07:46,574] {processor.py:153} INFO - Started process (PID=1139) to work on /opt/conda/lib/python3.8/site-packages/airflow/example_dags/plugins/workday.py
[2024-03-31 10:07:46,576] {processor.py:641} INFO - Processing file /opt/conda/lib/python3.8/site-packages/airflow/example_dags/plugins/workday.py for tasks to queue
[2024-03-31 10:07:46,577] {logging_mixin.py:115} INFO - [2024-03-31 10:07:46,577] {dagbag.py:508} INFO - Filling up the DagBag from /opt/conda/lib/python3.8/site-packages/airflow/example_dags/plugins/workday.py
[2024-03-31 10:07:46,579] {processor.py:653} WARNING - No viable dags retrieved from /opt/conda/lib/python3.8/site-packages/airflow/example_dags/plugins/workday.py
[2024-03-31 10:07:46,590] {processor.py:161} INFO - Processing /opt/conda/lib/python3.8/site-packages/airflow/example_dags/plugins/workday.py took 0.020 seconds
[2024-03-31 10:08:24,541] {processor.py:153} INFO - Started process (PID=1181) to work on /opt/conda/lib/python3.8/site-packages/airflow/example_dags/plugins/workday.py
[2024-03-31 10:08:24,543] {processor.py:641} INFO - Processing file /opt/conda/lib/python3.8/site-packages/airflow/example_dags/plugins/workday.py for tasks to queue
[2024-03-31 10:08:24,544] {logging_mixin.py:115} INFO - [2024-03-31 10:08:24,544] {dagbag.py:508} INFO - Filling up the DagBag from /opt/conda/lib/python3.8/site-packages/airflow/example_dags/plugins/workday.py
[2024-03-31 10:08:24,546] {processor.py:653} WARNING - No viable dags retrieved from /opt/conda/lib/python3.8/site-packages/airflow/example_dags/plugins/workday.py
[2024-03-31 10:08:24,557] {processor.py:161} INFO - Processing /opt/conda/lib/python3.8/site-packages/airflow/example_dags/plugins/workday.py took 0.019 seconds
[2024-03-31 10:08:59,676] {processor.py:153} INFO - Started process (PID=1217) to work on /opt/conda/lib/python3.8/site-packages/airflow/example_dags/plugins/workday.py
[2024-03-31 10:08:59,678] {processor.py:641} INFO - Processing file /opt/conda/lib/python3.8/site-packages/airflow/example_dags/plugins/workday.py for tasks to queue
[2024-03-31 10:08:59,679] {logging_mixin.py:115} INFO - [2024-03-31 10:08:59,679] {dagbag.py:508} INFO - Filling up the DagBag from /opt/conda/lib/python3.8/site-packages/airflow/example_dags/plugins/workday.py
[2024-03-31 10:08:59,681] {processor.py:653} WARNING - No viable dags retrieved from /opt/conda/lib/python3.8/site-packages/airflow/example_dags/plugins/workday.py
[2024-03-31 10:08:59,691] {processor.py:161} INFO - Processing /opt/conda/lib/python3.8/site-packages/airflow/example_dags/plugins/workday.py took 0.018 seconds
[2024-03-31 10:09:36,057] {processor.py:153} INFO - Started process (PID=1252) to work on /opt/conda/lib/python3.8/site-packages/airflow/example_dags/plugins/workday.py
[2024-03-31 10:09:36,059] {processor.py:641} INFO - Processing file /opt/conda/lib/python3.8/site-packages/airflow/example_dags/plugins/workday.py for tasks to queue
[2024-03-31 10:09:36,060] {logging_mixin.py:115} INFO - [2024-03-31 10:09:36,060] {dagbag.py:508} INFO - Filling up the DagBag from /opt/conda/lib/python3.8/site-packages/airflow/example_dags/plugins/workday.py
[2024-03-31 10:09:36,062] {processor.py:653} WARNING - No viable dags retrieved from /opt/conda/lib/python3.8/site-packages/airflow/example_dags/plugins/workday.py
[2024-03-31 10:09:36,073] {processor.py:161} INFO - Processing /opt/conda/lib/python3.8/site-packages/airflow/example_dags/plugins/workday.py took 0.020 seconds
[2024-03-31 10:10:09,609] {processor.py:153} INFO - Started process (PID=1287) to work on /opt/conda/lib/python3.8/site-packages/airflow/example_dags/plugins/workday.py
[2024-03-31 10:10:09,611] {processor.py:641} INFO - Processing file /opt/conda/lib/python3.8/site-packages/airflow/example_dags/plugins/workday.py for tasks to queue
[2024-03-31 10:10:09,612] {logging_mixin.py:115} INFO - [2024-03-31 10:10:09,612] {dagbag.py:508} INFO - Filling up the DagBag from /opt/conda/lib/python3.8/site-packages/airflow/example_dags/plugins/workday.py
[2024-03-31 10:10:09,614] {processor.py:653} WARNING - No viable dags retrieved from /opt/conda/lib/python3.8/site-packages/airflow/example_dags/plugins/workday.py
[2024-03-31 10:10:09,626] {processor.py:161} INFO - Processing /opt/conda/lib/python3.8/site-packages/airflow/example_dags/plugins/workday.py took 0.020 seconds
[2024-03-31 10:12:57,497] {processor.py:153} INFO - Started process (PID=1420) to work on /opt/conda/lib/python3.8/site-packages/airflow/example_dags/plugins/workday.py
[2024-03-31 10:12:57,499] {processor.py:641} INFO - Processing file /opt/conda/lib/python3.8/site-packages/airflow/example_dags/plugins/workday.py for tasks to queue
[2024-03-31 10:12:57,499] {logging_mixin.py:115} INFO - [2024-03-31 10:12:57,499] {dagbag.py:508} INFO - Filling up the DagBag from /opt/conda/lib/python3.8/site-packages/airflow/example_dags/plugins/workday.py
[2024-03-31 10:12:57,501] {processor.py:653} WARNING - No viable dags retrieved from /opt/conda/lib/python3.8/site-packages/airflow/example_dags/plugins/workday.py
[2024-03-31 10:12:57,511] {processor.py:161} INFO - Processing /opt/conda/lib/python3.8/site-packages/airflow/example_dags/plugins/workday.py took 0.017 seconds
[2024-03-31 10:28:39,392] {processor.py:153} INFO - Started process (PID=1627) to work on /opt/conda/lib/python3.8/site-packages/airflow/example_dags/plugins/workday.py
[2024-03-31 10:28:39,395] {processor.py:641} INFO - Processing file /opt/conda/lib/python3.8/site-packages/airflow/example_dags/plugins/workday.py for tasks to queue
[2024-03-31 10:28:39,396] {logging_mixin.py:115} INFO - [2024-03-31 10:28:39,396] {dagbag.py:508} INFO - Filling up the DagBag from /opt/conda/lib/python3.8/site-packages/airflow/example_dags/plugins/workday.py
[2024-03-31 10:28:39,397] {processor.py:653} WARNING - No viable dags retrieved from /opt/conda/lib/python3.8/site-packages/airflow/example_dags/plugins/workday.py
[2024-03-31 10:28:39,408] {processor.py:161} INFO - Processing /opt/conda/lib/python3.8/site-packages/airflow/example_dags/plugins/workday.py took 0.018 seconds
[2024-03-31 10:29:22,036] {processor.py:153} INFO - Started process (PID=1699) to work on /opt/conda/lib/python3.8/site-packages/airflow/example_dags/plugins/workday.py
[2024-03-31 10:29:22,038] {processor.py:641} INFO - Processing file /opt/conda/lib/python3.8/site-packages/airflow/example_dags/plugins/workday.py for tasks to queue
[2024-03-31 10:29:22,039] {logging_mixin.py:115} INFO - [2024-03-31 10:29:22,039] {dagbag.py:508} INFO - Filling up the DagBag from /opt/conda/lib/python3.8/site-packages/airflow/example_dags/plugins/workday.py
[2024-03-31 10:29:22,041] {processor.py:653} WARNING - No viable dags retrieved from /opt/conda/lib/python3.8/site-packages/airflow/example_dags/plugins/workday.py
[2024-03-31 10:29:22,051] {processor.py:161} INFO - Processing /opt/conda/lib/python3.8/site-packages/airflow/example_dags/plugins/workday.py took 0.017 seconds
[2024-03-31 10:31:02,616] {processor.py:153} INFO - Started process (PID=1853) to work on /opt/conda/lib/python3.8/site-packages/airflow/example_dags/plugins/workday.py
[2024-03-31 10:31:02,618] {processor.py:641} INFO - Processing file /opt/conda/lib/python3.8/site-packages/airflow/example_dags/plugins/workday.py for tasks to queue
[2024-03-31 10:31:02,618] {logging_mixin.py:115} INFO - [2024-03-31 10:31:02,618] {dagbag.py:508} INFO - Filling up the DagBag from /opt/conda/lib/python3.8/site-packages/airflow/example_dags/plugins/workday.py
[2024-03-31 10:31:02,620] {processor.py:653} WARNING - No viable dags retrieved from /opt/conda/lib/python3.8/site-packages/airflow/example_dags/plugins/workday.py
[2024-03-31 10:31:02,631] {processor.py:161} INFO - Processing /opt/conda/lib/python3.8/site-packages/airflow/example_dags/plugins/workday.py took 0.018 seconds
[2024-03-31 10:32:52,657] {processor.py:153} INFO - Started process (PID=2262) to work on /opt/conda/lib/python3.8/site-packages/airflow/example_dags/plugins/workday.py
[2024-03-31 10:32:52,660] {processor.py:641} INFO - Processing file /opt/conda/lib/python3.8/site-packages/airflow/example_dags/plugins/workday.py for tasks to queue
[2024-03-31 10:32:52,660] {logging_mixin.py:115} INFO - [2024-03-31 10:32:52,660] {dagbag.py:508} INFO - Filling up the DagBag from /opt/conda/lib/python3.8/site-packages/airflow/example_dags/plugins/workday.py
[2024-03-31 10:32:52,662] {processor.py:653} WARNING - No viable dags retrieved from /opt/conda/lib/python3.8/site-packages/airflow/example_dags/plugins/workday.py
[2024-03-31 10:32:52,674] {processor.py:161} INFO - Processing /opt/conda/lib/python3.8/site-packages/airflow/example_dags/plugins/workday.py took 0.020 seconds
[2024-03-31 10:33:32,532] {processor.py:153} INFO - Started process (PID=2342) to work on /opt/conda/lib/python3.8/site-packages/airflow/example_dags/plugins/workday.py
[2024-03-31 10:33:32,535] {processor.py:641} INFO - Processing file /opt/conda/lib/python3.8/site-packages/airflow/example_dags/plugins/workday.py for tasks to queue
[2024-03-31 10:33:32,535] {logging_mixin.py:115} INFO - [2024-03-31 10:33:32,535] {dagbag.py:508} INFO - Filling up the DagBag from /opt/conda/lib/python3.8/site-packages/airflow/example_dags/plugins/workday.py
[2024-03-31 10:33:32,537] {processor.py:653} WARNING - No viable dags retrieved from /opt/conda/lib/python3.8/site-packages/airflow/example_dags/plugins/workday.py
[2024-03-31 10:33:32,549] {processor.py:161} INFO - Processing /opt/conda/lib/python3.8/site-packages/airflow/example_dags/plugins/workday.py took 0.020 seconds
