[2024-04-08 16:47:51,614] {taskinstance.py:1179} INFO - Dependencies all met for <TaskInstance: Lead_scoring_inference_pipeline.checking_model_prediction_ratio scheduled__2024-04-06T13:00:00+00:00 [queued]>
[2024-04-08 16:47:51,619] {taskinstance.py:1179} INFO - Dependencies all met for <TaskInstance: Lead_scoring_inference_pipeline.checking_model_prediction_ratio scheduled__2024-04-06T13:00:00+00:00 [queued]>
[2024-04-08 16:47:51,619] {taskinstance.py:1376} INFO - 
--------------------------------------------------------------------------------
[2024-04-08 16:47:51,619] {taskinstance.py:1377} INFO - Starting attempt 1 of 2
[2024-04-08 16:47:51,619] {taskinstance.py:1378} INFO - 
--------------------------------------------------------------------------------
[2024-04-08 16:47:51,668] {taskinstance.py:1397} INFO - Executing <Task(PythonOperator): checking_model_prediction_ratio> on 2024-04-06 13:00:00+00:00
[2024-04-08 16:47:51,674] {standard_task_runner.py:52} INFO - Started process 4002 to run task
[2024-04-08 16:47:51,678] {standard_task_runner.py:79} INFO - Running: ['airflow', 'tasks', 'run', 'Lead_scoring_inference_pipeline', 'checking_model_prediction_ratio', 'scheduled__2024-04-06T13:00:00+00:00', '--job-id', '85', '--raw', '--subdir', 'DAGS_FOLDER/lead_scoring_inference_pipeline/lead_scoring_inference_pipeline.py', '--cfg-path', '/tmp/tmpt301mdal', '--error-file', '/tmp/tmpsr14z61n']
[2024-04-08 16:47:51,679] {standard_task_runner.py:80} INFO - Job 85: Subtask checking_model_prediction_ratio
[2024-04-08 16:47:51,860] {task_command.py:371} INFO - Running <TaskInstance: Lead_scoring_inference_pipeline.checking_model_prediction_ratio scheduled__2024-04-06T13:00:00+00:00 [running]> on host 5e833cee3343
[2024-04-08 16:47:51,959] {taskinstance.py:1589} INFO - Exporting the following env vars:
AIRFLOW_CTX_DAG_OWNER=airflow
AIRFLOW_CTX_DAG_ID=Lead_scoring_inference_pipeline
AIRFLOW_CTX_TASK_ID=checking_model_prediction_ratio
AIRFLOW_CTX_EXECUTION_DATE=2024-04-06T13:00:00+00:00
AIRFLOW_CTX_TRY_NUMBER=1
AIRFLOW_CTX_DAG_RUN_ID=scheduled__2024-04-06T13:00:00+00:00
[2024-04-08 16:47:55,786] {logging_mixin.py:115} INFO - Prediction ratio for the date Mon Apr  8 16:47:55 2024 for Ones % 60.96 and Zeroes % 39.04
[2024-04-08 16:47:55,788] {python.py:173} INFO - Done. Returned value was: None
[2024-04-08 16:47:55,795] {taskinstance.py:1415} INFO - Marking task as SUCCESS. dag_id=Lead_scoring_inference_pipeline, task_id=checking_model_prediction_ratio, execution_date=20240406T130000, start_date=20240408T164751, end_date=20240408T164755
[2024-04-08 16:47:55,865] {local_task_job.py:156} INFO - Task exited with return code 0
[2024-04-08 16:47:56,076] {local_task_job.py:273} INFO - 1 downstream tasks scheduled from follow-on schedule check
