[2024-04-08 16:55:41,779] {taskinstance.py:1179} INFO - Dependencies all met for <TaskInstance: Lead_Scoring_Data_Engineering_Pipeline.loading_data manual__2024-04-08T16:55:25.072767+00:00 [queued]>
[2024-04-08 16:55:41,784] {taskinstance.py:1179} INFO - Dependencies all met for <TaskInstance: Lead_Scoring_Data_Engineering_Pipeline.loading_data manual__2024-04-08T16:55:25.072767+00:00 [queued]>
[2024-04-08 16:55:41,784] {taskinstance.py:1376} INFO - 
--------------------------------------------------------------------------------
[2024-04-08 16:55:41,784] {taskinstance.py:1377} INFO - Starting attempt 1 of 2
[2024-04-08 16:55:41,784] {taskinstance.py:1378} INFO - 
--------------------------------------------------------------------------------
[2024-04-08 16:55:41,829] {taskinstance.py:1397} INFO - Executing <Task(PythonOperator): loading_data> on 2024-04-08 16:55:25.072767+00:00
[2024-04-08 16:55:41,833] {standard_task_runner.py:52} INFO - Started process 5271 to run task
[2024-04-08 16:55:41,836] {standard_task_runner.py:79} INFO - Running: ['airflow', 'tasks', 'run', 'Lead_Scoring_Data_Engineering_Pipeline', 'loading_data', 'manual__2024-04-08T16:55:25.072767+00:00', '--job-id', '101', '--raw', '--subdir', 'DAGS_FOLDER/lead_scoring_data_pipeline/.ipynb_checkpoints/lead_scoring_data_pipeline-checkpoint.py', '--cfg-path', '/tmp/tmpqy3fbzqr', '--error-file', '/tmp/tmpkntha7z4']
[2024-04-08 16:55:41,836] {standard_task_runner.py:80} INFO - Job 101: Subtask loading_data
[2024-04-08 16:55:41,931] {task_command.py:371} INFO - Running <TaskInstance: Lead_Scoring_Data_Engineering_Pipeline.loading_data manual__2024-04-08T16:55:25.072767+00:00 [running]> on host 5e833cee3343
[2024-04-08 16:55:42,051] {taskinstance.py:1589} INFO - Exporting the following env vars:
AIRFLOW_CTX_DAG_OWNER=airflow
AIRFLOW_CTX_DAG_ID=Lead_Scoring_Data_Engineering_Pipeline
AIRFLOW_CTX_TASK_ID=loading_data
AIRFLOW_CTX_EXECUTION_DATE=2024-04-08T16:55:25.072767+00:00
AIRFLOW_CTX_TRY_NUMBER=1
AIRFLOW_CTX_DAG_RUN_ID=manual__2024-04-08T16:55:25.072767+00:00
[2024-04-08 16:55:42,055] {logging_mixin.py:115} INFO - loaded_data already populated
[2024-04-08 16:55:42,055] {python.py:173} INFO - Done. Returned value was: None
[2024-04-08 16:55:42,061] {taskinstance.py:1415} INFO - Marking task as SUCCESS. dag_id=Lead_Scoring_Data_Engineering_Pipeline, task_id=loading_data, execution_date=20240408T165525, start_date=20240408T165541, end_date=20240408T165542
[2024-04-08 16:55:42,128] {local_task_job.py:156} INFO - Task exited with return code 0
[2024-04-08 16:55:42,237] {local_task_job.py:273} INFO - 1 downstream tasks scheduled from follow-on schedule check
