[2024-04-06 12:44:49,980] {taskinstance.py:1179} INFO - Dependencies all met for <TaskInstance: Lead_Scoring_Data_Engineering_Pipeline.mapping_categorical_vars scheduled__2024-04-01T00:00:00+00:00 [queued]>
[2024-04-06 12:44:49,984] {taskinstance.py:1179} INFO - Dependencies all met for <TaskInstance: Lead_Scoring_Data_Engineering_Pipeline.mapping_categorical_vars scheduled__2024-04-01T00:00:00+00:00 [queued]>
[2024-04-06 12:44:49,985] {taskinstance.py:1376} INFO - 
--------------------------------------------------------------------------------
[2024-04-06 12:44:49,985] {taskinstance.py:1377} INFO - Starting attempt 1 of 2
[2024-04-06 12:44:49,985] {taskinstance.py:1378} INFO - 
--------------------------------------------------------------------------------
[2024-04-06 12:44:50,006] {taskinstance.py:1397} INFO - Executing <Task(PythonOperator): mapping_categorical_vars> on 2024-04-01 00:00:00+00:00
[2024-04-06 12:44:50,010] {standard_task_runner.py:52} INFO - Started process 1103 to run task
[2024-04-06 12:44:50,013] {standard_task_runner.py:79} INFO - Running: ['airflow', 'tasks', 'run', 'Lead_Scoring_Data_Engineering_Pipeline', 'mapping_categorical_vars', 'scheduled__2024-04-01T00:00:00+00:00', '--job-id', '46', '--raw', '--subdir', 'DAGS_FOLDER/lead_scoring_data_pipeline/.ipynb_checkpoints/lead_scoring_data_pipeline-checkpoint.py', '--cfg-path', '/tmp/tmpglgs8hih', '--error-file', '/tmp/tmp2qke87u6']
[2024-04-06 12:44:50,014] {standard_task_runner.py:80} INFO - Job 46: Subtask mapping_categorical_vars
[2024-04-06 12:44:50,061] {task_command.py:371} INFO - Running <TaskInstance: Lead_Scoring_Data_Engineering_Pipeline.mapping_categorical_vars scheduled__2024-04-01T00:00:00+00:00 [running]> on host d06a6d5e153b
[2024-04-06 12:44:50,133] {taskinstance.py:1589} INFO - Exporting the following env vars:
AIRFLOW_CTX_DAG_OWNER=airflow
AIRFLOW_CTX_DAG_ID=Lead_Scoring_Data_Engineering_Pipeline
AIRFLOW_CTX_TASK_ID=mapping_categorical_vars
AIRFLOW_CTX_EXECUTION_DATE=2024-04-01T00:00:00+00:00
AIRFLOW_CTX_TRY_NUMBER=1
AIRFLOW_CTX_DAG_RUN_ID=scheduled__2024-04-01T00:00:00+00:00
[2024-04-06 12:44:50,136] {logging_mixin.py:115} INFO - categorical_variables_mapped already Stored
[2024-04-06 12:44:50,136] {python.py:173} INFO - Done. Returned value was: None
[2024-04-06 12:44:50,140] {taskinstance.py:1415} INFO - Marking task as SUCCESS. dag_id=Lead_Scoring_Data_Engineering_Pipeline, task_id=mapping_categorical_vars, execution_date=20240401T000000, start_date=20240406T124449, end_date=20240406T124450
[2024-04-06 12:44:50,184] {local_task_job.py:156} INFO - Task exited with return code 0
[2024-04-06 12:44:50,237] {local_task_job.py:273} INFO - 1 downstream tasks scheduled from follow-on schedule check
