[2024-04-08 16:47:56,575] {processor.py:153} INFO - Started process (PID=4003) to work on /home/airflow/dags/lead_scoring_inference_pipeline/.ipynb_checkpoints/lead_scoring_inference_pipeline-checkpoint.py
[2024-04-08 16:47:56,576] {processor.py:641} INFO - Processing file /home/airflow/dags/lead_scoring_inference_pipeline/.ipynb_checkpoints/lead_scoring_inference_pipeline-checkpoint.py for tasks to queue
[2024-04-08 16:47:56,576] {logging_mixin.py:115} INFO - [2024-04-08 16:47:56,576] {dagbag.py:508} INFO - Filling up the DagBag from /home/airflow/dags/lead_scoring_inference_pipeline/.ipynb_checkpoints/lead_scoring_inference_pipeline-checkpoint.py
[2024-04-08 16:47:57,289] {logging_mixin.py:115} INFO - [2024-04-08 16:47:57,289] {utils.py:145} INFO - Note: NumExpr detected 64 cores but "NUMEXPR_MAX_THREADS" not set, so enforcing safe limit of 8.
[2024-04-08 16:47:57,289] {logging_mixin.py:115} INFO - [2024-04-08 16:47:57,289] {utils.py:157} INFO - NumExpr defaulting to 8 threads.
[2024-04-08 16:47:57,457] {processor.py:651} INFO - DAG(s) dict_keys(['Lead_scoring_inference_pipeline']) retrieved from /home/airflow/dags/lead_scoring_inference_pipeline/.ipynb_checkpoints/lead_scoring_inference_pipeline-checkpoint.py
[2024-04-08 16:47:57,497] {logging_mixin.py:115} INFO - [2024-04-08 16:47:57,497] {dag.py:2420} INFO - Sync 1 DAGs
[2024-04-08 16:47:57,509] {logging_mixin.py:115} INFO - [2024-04-08 16:47:57,509] {dag.py:2968} INFO - Setting next_dagrun for Lead_scoring_inference_pipeline to 2024-04-08T16:00:00+00:00, run_after=2024-04-08T17:00:00+00:00
[2024-04-08 16:47:57,566] {processor.py:161} INFO - Processing /home/airflow/dags/lead_scoring_inference_pipeline/.ipynb_checkpoints/lead_scoring_inference_pipeline-checkpoint.py took 0.994 seconds
[2024-04-08 16:49:26,699] {processor.py:153} INFO - Started process (PID=4328) to work on /home/airflow/dags/lead_scoring_inference_pipeline/.ipynb_checkpoints/lead_scoring_inference_pipeline-checkpoint.py
[2024-04-08 16:49:26,709] {processor.py:641} INFO - Processing file /home/airflow/dags/lead_scoring_inference_pipeline/.ipynb_checkpoints/lead_scoring_inference_pipeline-checkpoint.py for tasks to queue
[2024-04-08 16:49:26,709] {logging_mixin.py:115} INFO - [2024-04-08 16:49:26,709] {dagbag.py:508} INFO - Filling up the DagBag from /home/airflow/dags/lead_scoring_inference_pipeline/.ipynb_checkpoints/lead_scoring_inference_pipeline-checkpoint.py
[2024-04-08 16:49:27,432] {logging_mixin.py:115} INFO - [2024-04-08 16:49:27,432] {utils.py:145} INFO - Note: NumExpr detected 64 cores but "NUMEXPR_MAX_THREADS" not set, so enforcing safe limit of 8.
[2024-04-08 16:49:27,432] {logging_mixin.py:115} INFO - [2024-04-08 16:49:27,432] {utils.py:157} INFO - NumExpr defaulting to 8 threads.
[2024-04-08 16:49:27,601] {processor.py:651} INFO - DAG(s) dict_keys(['Lead_scoring_inference_pipeline']) retrieved from /home/airflow/dags/lead_scoring_inference_pipeline/.ipynb_checkpoints/lead_scoring_inference_pipeline-checkpoint.py
[2024-04-08 16:49:27,616] {logging_mixin.py:115} INFO - [2024-04-08 16:49:27,615] {dag.py:2420} INFO - Sync 1 DAGs
[2024-04-08 16:49:27,628] {logging_mixin.py:115} INFO - [2024-04-08 16:49:27,628] {dag.py:2968} INFO - Setting next_dagrun for Lead_scoring_inference_pipeline to 2024-04-08T16:00:00+00:00, run_after=2024-04-08T17:00:00+00:00
[2024-04-08 16:49:27,665] {processor.py:161} INFO - Processing /home/airflow/dags/lead_scoring_inference_pipeline/.ipynb_checkpoints/lead_scoring_inference_pipeline-checkpoint.py took 0.970 seconds
[2024-04-08 16:50:17,531] {processor.py:153} INFO - Started process (PID=4446) to work on /home/airflow/dags/lead_scoring_inference_pipeline/.ipynb_checkpoints/lead_scoring_inference_pipeline-checkpoint.py
[2024-04-08 16:50:17,533] {processor.py:641} INFO - Processing file /home/airflow/dags/lead_scoring_inference_pipeline/.ipynb_checkpoints/lead_scoring_inference_pipeline-checkpoint.py for tasks to queue
[2024-04-08 16:50:17,534] {logging_mixin.py:115} INFO - [2024-04-08 16:50:17,534] {dagbag.py:508} INFO - Filling up the DagBag from /home/airflow/dags/lead_scoring_inference_pipeline/.ipynb_checkpoints/lead_scoring_inference_pipeline-checkpoint.py
[2024-04-08 16:50:18,252] {logging_mixin.py:115} INFO - [2024-04-08 16:50:18,251] {utils.py:145} INFO - Note: NumExpr detected 64 cores but "NUMEXPR_MAX_THREADS" not set, so enforcing safe limit of 8.
[2024-04-08 16:50:18,252] {logging_mixin.py:115} INFO - [2024-04-08 16:50:18,252] {utils.py:157} INFO - NumExpr defaulting to 8 threads.
[2024-04-08 16:50:18,418] {processor.py:651} INFO - DAG(s) dict_keys(['Lead_scoring_inference_pipeline']) retrieved from /home/airflow/dags/lead_scoring_inference_pipeline/.ipynb_checkpoints/lead_scoring_inference_pipeline-checkpoint.py
[2024-04-08 16:50:18,450] {logging_mixin.py:115} INFO - [2024-04-08 16:50:18,449] {dag.py:2420} INFO - Sync 1 DAGs
[2024-04-08 16:50:18,461] {logging_mixin.py:115} INFO - [2024-04-08 16:50:18,461] {dag.py:2968} INFO - Setting next_dagrun for Lead_scoring_inference_pipeline to 2024-04-08T16:00:00+00:00, run_after=2024-04-08T17:00:00+00:00
[2024-04-08 16:50:18,481] {processor.py:161} INFO - Processing /home/airflow/dags/lead_scoring_inference_pipeline/.ipynb_checkpoints/lead_scoring_inference_pipeline-checkpoint.py took 0.953 seconds
[2024-04-08 16:51:09,151] {processor.py:153} INFO - Started process (PID=4563) to work on /home/airflow/dags/lead_scoring_inference_pipeline/.ipynb_checkpoints/lead_scoring_inference_pipeline-checkpoint.py
[2024-04-08 16:51:09,153] {processor.py:641} INFO - Processing file /home/airflow/dags/lead_scoring_inference_pipeline/.ipynb_checkpoints/lead_scoring_inference_pipeline-checkpoint.py for tasks to queue
[2024-04-08 16:51:09,153] {logging_mixin.py:115} INFO - [2024-04-08 16:51:09,153] {dagbag.py:508} INFO - Filling up the DagBag from /home/airflow/dags/lead_scoring_inference_pipeline/.ipynb_checkpoints/lead_scoring_inference_pipeline-checkpoint.py
[2024-04-08 16:51:09,873] {logging_mixin.py:115} INFO - [2024-04-08 16:51:09,873] {utils.py:145} INFO - Note: NumExpr detected 64 cores but "NUMEXPR_MAX_THREADS" not set, so enforcing safe limit of 8.
[2024-04-08 16:51:09,873] {logging_mixin.py:115} INFO - [2024-04-08 16:51:09,873] {utils.py:157} INFO - NumExpr defaulting to 8 threads.
[2024-04-08 16:51:10,044] {processor.py:651} INFO - DAG(s) dict_keys(['Lead_scoring_inference_pipeline']) retrieved from /home/airflow/dags/lead_scoring_inference_pipeline/.ipynb_checkpoints/lead_scoring_inference_pipeline-checkpoint.py
[2024-04-08 16:51:10,051] {logging_mixin.py:115} INFO - [2024-04-08 16:51:10,051] {dag.py:2420} INFO - Sync 1 DAGs
[2024-04-08 16:51:10,064] {logging_mixin.py:115} INFO - [2024-04-08 16:51:10,064] {dag.py:2968} INFO - Setting next_dagrun for Lead_scoring_inference_pipeline to 2024-04-08T16:00:00+00:00, run_after=2024-04-08T17:00:00+00:00
[2024-04-08 16:51:10,082] {processor.py:161} INFO - Processing /home/airflow/dags/lead_scoring_inference_pipeline/.ipynb_checkpoints/lead_scoring_inference_pipeline-checkpoint.py took 0.935 seconds
[2024-04-08 16:52:00,871] {processor.py:153} INFO - Started process (PID=4680) to work on /home/airflow/dags/lead_scoring_inference_pipeline/.ipynb_checkpoints/lead_scoring_inference_pipeline-checkpoint.py
[2024-04-08 16:52:00,873] {processor.py:641} INFO - Processing file /home/airflow/dags/lead_scoring_inference_pipeline/.ipynb_checkpoints/lead_scoring_inference_pipeline-checkpoint.py for tasks to queue
[2024-04-08 16:52:00,873] {logging_mixin.py:115} INFO - [2024-04-08 16:52:00,873] {dagbag.py:508} INFO - Filling up the DagBag from /home/airflow/dags/lead_scoring_inference_pipeline/.ipynb_checkpoints/lead_scoring_inference_pipeline-checkpoint.py
[2024-04-08 16:52:01,598] {logging_mixin.py:115} INFO - [2024-04-08 16:52:01,598] {utils.py:145} INFO - Note: NumExpr detected 64 cores but "NUMEXPR_MAX_THREADS" not set, so enforcing safe limit of 8.
[2024-04-08 16:52:01,598] {logging_mixin.py:115} INFO - [2024-04-08 16:52:01,598] {utils.py:157} INFO - NumExpr defaulting to 8 threads.
[2024-04-08 16:52:01,767] {processor.py:651} INFO - DAG(s) dict_keys(['Lead_scoring_inference_pipeline']) retrieved from /home/airflow/dags/lead_scoring_inference_pipeline/.ipynb_checkpoints/lead_scoring_inference_pipeline-checkpoint.py
[2024-04-08 16:52:01,799] {logging_mixin.py:115} INFO - [2024-04-08 16:52:01,799] {dag.py:2420} INFO - Sync 1 DAGs
[2024-04-08 16:52:01,811] {logging_mixin.py:115} INFO - [2024-04-08 16:52:01,810] {dag.py:2968} INFO - Setting next_dagrun for Lead_scoring_inference_pipeline to 2024-04-08T16:00:00+00:00, run_after=2024-04-08T17:00:00+00:00
[2024-04-08 16:52:01,830] {processor.py:161} INFO - Processing /home/airflow/dags/lead_scoring_inference_pipeline/.ipynb_checkpoints/lead_scoring_inference_pipeline-checkpoint.py took 0.963 seconds
[2024-04-08 16:52:55,034] {processor.py:153} INFO - Started process (PID=4799) to work on /home/airflow/dags/lead_scoring_inference_pipeline/.ipynb_checkpoints/lead_scoring_inference_pipeline-checkpoint.py
[2024-04-08 16:52:55,036] {processor.py:641} INFO - Processing file /home/airflow/dags/lead_scoring_inference_pipeline/.ipynb_checkpoints/lead_scoring_inference_pipeline-checkpoint.py for tasks to queue
[2024-04-08 16:52:55,037] {logging_mixin.py:115} INFO - [2024-04-08 16:52:55,037] {dagbag.py:508} INFO - Filling up the DagBag from /home/airflow/dags/lead_scoring_inference_pipeline/.ipynb_checkpoints/lead_scoring_inference_pipeline-checkpoint.py
[2024-04-08 16:52:55,752] {logging_mixin.py:115} INFO - [2024-04-08 16:52:55,752] {utils.py:145} INFO - Note: NumExpr detected 64 cores but "NUMEXPR_MAX_THREADS" not set, so enforcing safe limit of 8.
[2024-04-08 16:52:55,753] {logging_mixin.py:115} INFO - [2024-04-08 16:52:55,753] {utils.py:157} INFO - NumExpr defaulting to 8 threads.
[2024-04-08 16:52:55,922] {processor.py:651} INFO - DAG(s) dict_keys(['Lead_scoring_inference_pipeline']) retrieved from /home/airflow/dags/lead_scoring_inference_pipeline/.ipynb_checkpoints/lead_scoring_inference_pipeline-checkpoint.py
[2024-04-08 16:52:55,929] {logging_mixin.py:115} INFO - [2024-04-08 16:52:55,929] {dag.py:2420} INFO - Sync 1 DAGs
[2024-04-08 16:52:55,942] {logging_mixin.py:115} INFO - [2024-04-08 16:52:55,942] {dag.py:2968} INFO - Setting next_dagrun for Lead_scoring_inference_pipeline to 2024-04-08T16:00:00+00:00, run_after=2024-04-08T17:00:00+00:00
[2024-04-08 16:52:55,961] {processor.py:161} INFO - Processing /home/airflow/dags/lead_scoring_inference_pipeline/.ipynb_checkpoints/lead_scoring_inference_pipeline-checkpoint.py took 0.930 seconds
[2024-04-08 16:53:41,880] {processor.py:153} INFO - Started process (PID=4915) to work on /home/airflow/dags/lead_scoring_inference_pipeline/.ipynb_checkpoints/lead_scoring_inference_pipeline-checkpoint.py
[2024-04-08 16:53:41,882] {processor.py:641} INFO - Processing file /home/airflow/dags/lead_scoring_inference_pipeline/.ipynb_checkpoints/lead_scoring_inference_pipeline-checkpoint.py for tasks to queue
[2024-04-08 16:53:41,882] {logging_mixin.py:115} INFO - [2024-04-08 16:53:41,882] {dagbag.py:508} INFO - Filling up the DagBag from /home/airflow/dags/lead_scoring_inference_pipeline/.ipynb_checkpoints/lead_scoring_inference_pipeline-checkpoint.py
[2024-04-08 16:53:42,593] {logging_mixin.py:115} INFO - [2024-04-08 16:53:42,593] {utils.py:145} INFO - Note: NumExpr detected 64 cores but "NUMEXPR_MAX_THREADS" not set, so enforcing safe limit of 8.
[2024-04-08 16:53:42,593] {logging_mixin.py:115} INFO - [2024-04-08 16:53:42,593] {utils.py:157} INFO - NumExpr defaulting to 8 threads.
[2024-04-08 16:53:42,762] {processor.py:651} INFO - DAG(s) dict_keys(['Lead_scoring_inference_pipeline']) retrieved from /home/airflow/dags/lead_scoring_inference_pipeline/.ipynb_checkpoints/lead_scoring_inference_pipeline-checkpoint.py
[2024-04-08 16:53:42,793] {logging_mixin.py:115} INFO - [2024-04-08 16:53:42,793] {dag.py:2420} INFO - Sync 1 DAGs
[2024-04-08 16:53:42,805] {logging_mixin.py:115} INFO - [2024-04-08 16:53:42,805] {dag.py:2968} INFO - Setting next_dagrun for Lead_scoring_inference_pipeline to 2024-04-08T16:00:00+00:00, run_after=2024-04-08T17:00:00+00:00
[2024-04-08 16:53:42,826] {processor.py:161} INFO - Processing /home/airflow/dags/lead_scoring_inference_pipeline/.ipynb_checkpoints/lead_scoring_inference_pipeline-checkpoint.py took 0.950 seconds
[2024-04-08 16:54:29,908] {processor.py:153} INFO - Started process (PID=5030) to work on /home/airflow/dags/lead_scoring_inference_pipeline/.ipynb_checkpoints/lead_scoring_inference_pipeline-checkpoint.py
[2024-04-08 16:54:29,913] {processor.py:641} INFO - Processing file /home/airflow/dags/lead_scoring_inference_pipeline/.ipynb_checkpoints/lead_scoring_inference_pipeline-checkpoint.py for tasks to queue
[2024-04-08 16:54:29,913] {logging_mixin.py:115} INFO - [2024-04-08 16:54:29,913] {dagbag.py:508} INFO - Filling up the DagBag from /home/airflow/dags/lead_scoring_inference_pipeline/.ipynb_checkpoints/lead_scoring_inference_pipeline-checkpoint.py
[2024-04-08 16:54:30,655] {logging_mixin.py:115} INFO - [2024-04-08 16:54:30,655] {utils.py:145} INFO - Note: NumExpr detected 64 cores but "NUMEXPR_MAX_THREADS" not set, so enforcing safe limit of 8.
[2024-04-08 16:54:30,655] {logging_mixin.py:115} INFO - [2024-04-08 16:54:30,655] {utils.py:157} INFO - NumExpr defaulting to 8 threads.
[2024-04-08 16:54:30,826] {processor.py:651} INFO - DAG(s) dict_keys(['Lead_scoring_inference_pipeline']) retrieved from /home/airflow/dags/lead_scoring_inference_pipeline/.ipynb_checkpoints/lead_scoring_inference_pipeline-checkpoint.py
[2024-04-08 16:54:30,848] {logging_mixin.py:115} INFO - [2024-04-08 16:54:30,847] {dag.py:2420} INFO - Sync 1 DAGs
[2024-04-08 16:54:30,860] {logging_mixin.py:115} INFO - [2024-04-08 16:54:30,860] {dag.py:2968} INFO - Setting next_dagrun for Lead_scoring_inference_pipeline to 2024-04-08T16:00:00+00:00, run_after=2024-04-08T17:00:00+00:00
[2024-04-08 16:54:30,901] {processor.py:161} INFO - Processing /home/airflow/dags/lead_scoring_inference_pipeline/.ipynb_checkpoints/lead_scoring_inference_pipeline-checkpoint.py took 0.997 seconds
[2024-04-08 16:55:21,606] {processor.py:153} INFO - Started process (PID=5147) to work on /home/airflow/dags/lead_scoring_inference_pipeline/.ipynb_checkpoints/lead_scoring_inference_pipeline-checkpoint.py
[2024-04-08 16:55:21,606] {processor.py:641} INFO - Processing file /home/airflow/dags/lead_scoring_inference_pipeline/.ipynb_checkpoints/lead_scoring_inference_pipeline-checkpoint.py for tasks to queue
[2024-04-08 16:55:21,607] {logging_mixin.py:115} INFO - [2024-04-08 16:55:21,607] {dagbag.py:508} INFO - Filling up the DagBag from /home/airflow/dags/lead_scoring_inference_pipeline/.ipynb_checkpoints/lead_scoring_inference_pipeline-checkpoint.py
[2024-04-08 16:55:22,312] {logging_mixin.py:115} INFO - [2024-04-08 16:55:22,312] {utils.py:145} INFO - Note: NumExpr detected 64 cores but "NUMEXPR_MAX_THREADS" not set, so enforcing safe limit of 8.
[2024-04-08 16:55:22,313] {logging_mixin.py:115} INFO - [2024-04-08 16:55:22,313] {utils.py:157} INFO - NumExpr defaulting to 8 threads.
[2024-04-08 16:55:22,481] {processor.py:651} INFO - DAG(s) dict_keys(['Lead_scoring_inference_pipeline']) retrieved from /home/airflow/dags/lead_scoring_inference_pipeline/.ipynb_checkpoints/lead_scoring_inference_pipeline-checkpoint.py
[2024-04-08 16:55:22,520] {logging_mixin.py:115} INFO - [2024-04-08 16:55:22,520] {dag.py:2420} INFO - Sync 1 DAGs
[2024-04-08 16:55:22,531] {logging_mixin.py:115} INFO - [2024-04-08 16:55:22,531] {dag.py:2968} INFO - Setting next_dagrun for Lead_scoring_inference_pipeline to 2024-04-08T16:00:00+00:00, run_after=2024-04-08T17:00:00+00:00
[2024-04-08 16:55:22,584] {processor.py:161} INFO - Processing /home/airflow/dags/lead_scoring_inference_pipeline/.ipynb_checkpoints/lead_scoring_inference_pipeline-checkpoint.py took 0.981 seconds
[2024-04-08 16:56:46,159] {processor.py:153} INFO - Started process (PID=5520) to work on /home/airflow/dags/lead_scoring_inference_pipeline/.ipynb_checkpoints/lead_scoring_inference_pipeline-checkpoint.py
[2024-04-08 16:56:46,161] {processor.py:641} INFO - Processing file /home/airflow/dags/lead_scoring_inference_pipeline/.ipynb_checkpoints/lead_scoring_inference_pipeline-checkpoint.py for tasks to queue
[2024-04-08 16:56:46,161] {logging_mixin.py:115} INFO - [2024-04-08 16:56:46,161] {dagbag.py:508} INFO - Filling up the DagBag from /home/airflow/dags/lead_scoring_inference_pipeline/.ipynb_checkpoints/lead_scoring_inference_pipeline-checkpoint.py
[2024-04-08 16:56:46,864] {logging_mixin.py:115} INFO - [2024-04-08 16:56:46,864] {utils.py:145} INFO - Note: NumExpr detected 64 cores but "NUMEXPR_MAX_THREADS" not set, so enforcing safe limit of 8.
[2024-04-08 16:56:46,864] {logging_mixin.py:115} INFO - [2024-04-08 16:56:46,864] {utils.py:157} INFO - NumExpr defaulting to 8 threads.
[2024-04-08 16:56:47,030] {processor.py:651} INFO - DAG(s) dict_keys(['Lead_scoring_inference_pipeline']) retrieved from /home/airflow/dags/lead_scoring_inference_pipeline/.ipynb_checkpoints/lead_scoring_inference_pipeline-checkpoint.py
[2024-04-08 16:56:47,039] {logging_mixin.py:115} INFO - [2024-04-08 16:56:47,039] {dag.py:2420} INFO - Sync 1 DAGs
[2024-04-08 16:56:47,052] {logging_mixin.py:115} INFO - [2024-04-08 16:56:47,051] {dag.py:2968} INFO - Setting next_dagrun for Lead_scoring_inference_pipeline to 2024-04-08T16:00:00+00:00, run_after=2024-04-08T17:00:00+00:00
[2024-04-08 16:56:47,070] {processor.py:161} INFO - Processing /home/airflow/dags/lead_scoring_inference_pipeline/.ipynb_checkpoints/lead_scoring_inference_pipeline-checkpoint.py took 0.915 seconds
[2024-04-08 16:57:35,416] {processor.py:153} INFO - Started process (PID=5626) to work on /home/airflow/dags/lead_scoring_inference_pipeline/.ipynb_checkpoints/lead_scoring_inference_pipeline-checkpoint.py
[2024-04-08 16:57:35,420] {processor.py:641} INFO - Processing file /home/airflow/dags/lead_scoring_inference_pipeline/.ipynb_checkpoints/lead_scoring_inference_pipeline-checkpoint.py for tasks to queue
[2024-04-08 16:57:35,421] {logging_mixin.py:115} INFO - [2024-04-08 16:57:35,421] {dagbag.py:508} INFO - Filling up the DagBag from /home/airflow/dags/lead_scoring_inference_pipeline/.ipynb_checkpoints/lead_scoring_inference_pipeline-checkpoint.py
[2024-04-08 16:57:36,240] {logging_mixin.py:115} INFO - [2024-04-08 16:57:36,240] {utils.py:145} INFO - Note: NumExpr detected 64 cores but "NUMEXPR_MAX_THREADS" not set, so enforcing safe limit of 8.
[2024-04-08 16:57:36,240] {logging_mixin.py:115} INFO - [2024-04-08 16:57:36,240] {utils.py:157} INFO - NumExpr defaulting to 8 threads.
[2024-04-08 16:57:36,412] {processor.py:651} INFO - DAG(s) dict_keys(['Lead_scoring_inference_pipeline']) retrieved from /home/airflow/dags/lead_scoring_inference_pipeline/.ipynb_checkpoints/lead_scoring_inference_pipeline-checkpoint.py
[2024-04-08 16:57:36,444] {logging_mixin.py:115} INFO - [2024-04-08 16:57:36,444] {dag.py:2420} INFO - Sync 1 DAGs
[2024-04-08 16:57:36,457] {logging_mixin.py:115} INFO - [2024-04-08 16:57:36,457] {dag.py:2968} INFO - Setting next_dagrun for Lead_scoring_inference_pipeline to 2024-04-08T16:00:00+00:00, run_after=2024-04-08T17:00:00+00:00
[2024-04-08 16:57:36,477] {processor.py:161} INFO - Processing /home/airflow/dags/lead_scoring_inference_pipeline/.ipynb_checkpoints/lead_scoring_inference_pipeline-checkpoint.py took 1.066 seconds
[2024-04-08 16:58:27,128] {processor.py:153} INFO - Started process (PID=5743) to work on /home/airflow/dags/lead_scoring_inference_pipeline/.ipynb_checkpoints/lead_scoring_inference_pipeline-checkpoint.py
[2024-04-08 16:58:27,128] {processor.py:641} INFO - Processing file /home/airflow/dags/lead_scoring_inference_pipeline/.ipynb_checkpoints/lead_scoring_inference_pipeline-checkpoint.py for tasks to queue
[2024-04-08 16:58:27,129] {logging_mixin.py:115} INFO - [2024-04-08 16:58:27,129] {dagbag.py:508} INFO - Filling up the DagBag from /home/airflow/dags/lead_scoring_inference_pipeline/.ipynb_checkpoints/lead_scoring_inference_pipeline-checkpoint.py
[2024-04-08 16:58:27,876] {logging_mixin.py:115} INFO - [2024-04-08 16:58:27,876] {utils.py:145} INFO - Note: NumExpr detected 64 cores but "NUMEXPR_MAX_THREADS" not set, so enforcing safe limit of 8.
[2024-04-08 16:58:27,876] {logging_mixin.py:115} INFO - [2024-04-08 16:58:27,876] {utils.py:157} INFO - NumExpr defaulting to 8 threads.
[2024-04-08 16:58:28,051] {processor.py:651} INFO - DAG(s) dict_keys(['Lead_scoring_inference_pipeline']) retrieved from /home/airflow/dags/lead_scoring_inference_pipeline/.ipynb_checkpoints/lead_scoring_inference_pipeline-checkpoint.py
[2024-04-08 16:58:28,084] {logging_mixin.py:115} INFO - [2024-04-08 16:58:28,084] {dag.py:2420} INFO - Sync 1 DAGs
[2024-04-08 16:58:28,097] {logging_mixin.py:115} INFO - [2024-04-08 16:58:28,097] {dag.py:2968} INFO - Setting next_dagrun for Lead_scoring_inference_pipeline to 2024-04-08T16:00:00+00:00, run_after=2024-04-08T17:00:00+00:00
[2024-04-08 16:58:28,136] {processor.py:161} INFO - Processing /home/airflow/dags/lead_scoring_inference_pipeline/.ipynb_checkpoints/lead_scoring_inference_pipeline-checkpoint.py took 1.012 seconds
[2024-04-08 16:59:16,027] {processor.py:153} INFO - Started process (PID=5860) to work on /home/airflow/dags/lead_scoring_inference_pipeline/.ipynb_checkpoints/lead_scoring_inference_pipeline-checkpoint.py
[2024-04-08 16:59:16,030] {processor.py:641} INFO - Processing file /home/airflow/dags/lead_scoring_inference_pipeline/.ipynb_checkpoints/lead_scoring_inference_pipeline-checkpoint.py for tasks to queue
[2024-04-08 16:59:16,030] {logging_mixin.py:115} INFO - [2024-04-08 16:59:16,030] {dagbag.py:508} INFO - Filling up the DagBag from /home/airflow/dags/lead_scoring_inference_pipeline/.ipynb_checkpoints/lead_scoring_inference_pipeline-checkpoint.py
[2024-04-08 16:59:16,779] {logging_mixin.py:115} INFO - [2024-04-08 16:59:16,779] {utils.py:145} INFO - Note: NumExpr detected 64 cores but "NUMEXPR_MAX_THREADS" not set, so enforcing safe limit of 8.
[2024-04-08 16:59:16,780] {logging_mixin.py:115} INFO - [2024-04-08 16:59:16,780] {utils.py:157} INFO - NumExpr defaulting to 8 threads.
[2024-04-08 16:59:16,948] {processor.py:651} INFO - DAG(s) dict_keys(['Lead_scoring_inference_pipeline']) retrieved from /home/airflow/dags/lead_scoring_inference_pipeline/.ipynb_checkpoints/lead_scoring_inference_pipeline-checkpoint.py
[2024-04-08 16:59:16,979] {logging_mixin.py:115} INFO - [2024-04-08 16:59:16,979] {dag.py:2420} INFO - Sync 1 DAGs
[2024-04-08 16:59:16,991] {logging_mixin.py:115} INFO - [2024-04-08 16:59:16,991] {dag.py:2968} INFO - Setting next_dagrun for Lead_scoring_inference_pipeline to 2024-04-08T16:00:00+00:00, run_after=2024-04-08T17:00:00+00:00
[2024-04-08 16:59:17,012] {processor.py:161} INFO - Processing /home/airflow/dags/lead_scoring_inference_pipeline/.ipynb_checkpoints/lead_scoring_inference_pipeline-checkpoint.py took 0.989 seconds
[2024-04-08 17:00:06,122] {processor.py:153} INFO - Started process (PID=5991) to work on /home/airflow/dags/lead_scoring_inference_pipeline/.ipynb_checkpoints/lead_scoring_inference_pipeline-checkpoint.py
[2024-04-08 17:00:06,136] {processor.py:641} INFO - Processing file /home/airflow/dags/lead_scoring_inference_pipeline/.ipynb_checkpoints/lead_scoring_inference_pipeline-checkpoint.py for tasks to queue
[2024-04-08 17:00:06,137] {logging_mixin.py:115} INFO - [2024-04-08 17:00:06,137] {dagbag.py:508} INFO - Filling up the DagBag from /home/airflow/dags/lead_scoring_inference_pipeline/.ipynb_checkpoints/lead_scoring_inference_pipeline-checkpoint.py
[2024-04-08 17:00:06,848] {logging_mixin.py:115} INFO - [2024-04-08 17:00:06,848] {utils.py:145} INFO - Note: NumExpr detected 64 cores but "NUMEXPR_MAX_THREADS" not set, so enforcing safe limit of 8.
[2024-04-08 17:00:06,848] {logging_mixin.py:115} INFO - [2024-04-08 17:00:06,848] {utils.py:157} INFO - NumExpr defaulting to 8 threads.
[2024-04-08 17:00:07,015] {processor.py:651} INFO - DAG(s) dict_keys(['Lead_scoring_inference_pipeline']) retrieved from /home/airflow/dags/lead_scoring_inference_pipeline/.ipynb_checkpoints/lead_scoring_inference_pipeline-checkpoint.py
[2024-04-08 17:00:07,035] {logging_mixin.py:115} INFO - [2024-04-08 17:00:07,035] {dag.py:2420} INFO - Sync 1 DAGs
[2024-04-08 17:00:07,047] {logging_mixin.py:115} INFO - [2024-04-08 17:00:07,047] {dag.py:2968} INFO - Setting next_dagrun for Lead_scoring_inference_pipeline to 2024-04-08T17:00:00+00:00, run_after=2024-04-08T18:00:00+00:00
[2024-04-08 17:00:07,070] {processor.py:161} INFO - Processing /home/airflow/dags/lead_scoring_inference_pipeline/.ipynb_checkpoints/lead_scoring_inference_pipeline-checkpoint.py took 0.952 seconds
[2024-04-08 17:00:55,014] {processor.py:153} INFO - Started process (PID=6147) to work on /home/airflow/dags/lead_scoring_inference_pipeline/.ipynb_checkpoints/lead_scoring_inference_pipeline-checkpoint.py
[2024-04-08 17:00:55,016] {processor.py:641} INFO - Processing file /home/airflow/dags/lead_scoring_inference_pipeline/.ipynb_checkpoints/lead_scoring_inference_pipeline-checkpoint.py for tasks to queue
[2024-04-08 17:00:55,016] {logging_mixin.py:115} INFO - [2024-04-08 17:00:55,016] {dagbag.py:508} INFO - Filling up the DagBag from /home/airflow/dags/lead_scoring_inference_pipeline/.ipynb_checkpoints/lead_scoring_inference_pipeline-checkpoint.py
[2024-04-08 17:00:55,756] {logging_mixin.py:115} INFO - [2024-04-08 17:00:55,756] {utils.py:145} INFO - Note: NumExpr detected 64 cores but "NUMEXPR_MAX_THREADS" not set, so enforcing safe limit of 8.
[2024-04-08 17:00:55,756] {logging_mixin.py:115} INFO - [2024-04-08 17:00:55,756] {utils.py:157} INFO - NumExpr defaulting to 8 threads.
[2024-04-08 17:00:55,925] {processor.py:651} INFO - DAG(s) dict_keys(['Lead_scoring_inference_pipeline']) retrieved from /home/airflow/dags/lead_scoring_inference_pipeline/.ipynb_checkpoints/lead_scoring_inference_pipeline-checkpoint.py
[2024-04-08 17:00:55,955] {logging_mixin.py:115} INFO - [2024-04-08 17:00:55,955] {dag.py:2420} INFO - Sync 1 DAGs
[2024-04-08 17:00:55,967] {logging_mixin.py:115} INFO - [2024-04-08 17:00:55,967] {dag.py:2968} INFO - Setting next_dagrun for Lead_scoring_inference_pipeline to 2024-04-08T17:00:00+00:00, run_after=2024-04-08T18:00:00+00:00
[2024-04-08 17:00:55,990] {processor.py:161} INFO - Processing /home/airflow/dags/lead_scoring_inference_pipeline/.ipynb_checkpoints/lead_scoring_inference_pipeline-checkpoint.py took 0.980 seconds
[2024-04-08 17:01:32,524] {processor.py:153} INFO - Started process (PID=6204) to work on /home/airflow/dags/lead_scoring_inference_pipeline/.ipynb_checkpoints/lead_scoring_inference_pipeline-checkpoint.py
[2024-04-08 17:01:32,526] {processor.py:641} INFO - Processing file /home/airflow/dags/lead_scoring_inference_pipeline/.ipynb_checkpoints/lead_scoring_inference_pipeline-checkpoint.py for tasks to queue
[2024-04-08 17:01:32,527] {logging_mixin.py:115} INFO - [2024-04-08 17:01:32,527] {dagbag.py:508} INFO - Filling up the DagBag from /home/airflow/dags/lead_scoring_inference_pipeline/.ipynb_checkpoints/lead_scoring_inference_pipeline-checkpoint.py
[2024-04-08 17:01:33,284] {logging_mixin.py:115} INFO - [2024-04-08 17:01:33,284] {utils.py:145} INFO - Note: NumExpr detected 64 cores but "NUMEXPR_MAX_THREADS" not set, so enforcing safe limit of 8.
[2024-04-08 17:01:33,284] {logging_mixin.py:115} INFO - [2024-04-08 17:01:33,284] {utils.py:157} INFO - NumExpr defaulting to 8 threads.
[2024-04-08 17:01:33,453] {processor.py:651} INFO - DAG(s) dict_keys(['Lead_scoring_inference_pipeline']) retrieved from /home/airflow/dags/lead_scoring_inference_pipeline/.ipynb_checkpoints/lead_scoring_inference_pipeline-checkpoint.py
[2024-04-08 17:01:33,461] {logging_mixin.py:115} INFO - [2024-04-08 17:01:33,461] {dag.py:2420} INFO - Sync 1 DAGs
[2024-04-08 17:01:33,473] {logging_mixin.py:115} INFO - [2024-04-08 17:01:33,473] {dag.py:2968} INFO - Setting next_dagrun for Lead_scoring_inference_pipeline to 2024-04-08T17:00:00+00:00, run_after=2024-04-08T18:00:00+00:00
[2024-04-08 17:01:33,491] {processor.py:161} INFO - Processing /home/airflow/dags/lead_scoring_inference_pipeline/.ipynb_checkpoints/lead_scoring_inference_pipeline-checkpoint.py took 0.971 seconds
[2024-04-08 17:02:21,039] {processor.py:153} INFO - Started process (PID=6424) to work on /home/airflow/dags/lead_scoring_inference_pipeline/.ipynb_checkpoints/lead_scoring_inference_pipeline-checkpoint.py
[2024-04-08 17:02:21,041] {processor.py:641} INFO - Processing file /home/airflow/dags/lead_scoring_inference_pipeline/.ipynb_checkpoints/lead_scoring_inference_pipeline-checkpoint.py for tasks to queue
[2024-04-08 17:02:21,041] {logging_mixin.py:115} INFO - [2024-04-08 17:02:21,041] {dagbag.py:508} INFO - Filling up the DagBag from /home/airflow/dags/lead_scoring_inference_pipeline/.ipynb_checkpoints/lead_scoring_inference_pipeline-checkpoint.py
[2024-04-08 17:02:21,758] {logging_mixin.py:115} INFO - [2024-04-08 17:02:21,757] {utils.py:145} INFO - Note: NumExpr detected 64 cores but "NUMEXPR_MAX_THREADS" not set, so enforcing safe limit of 8.
[2024-04-08 17:02:21,758] {logging_mixin.py:115} INFO - [2024-04-08 17:02:21,758] {utils.py:157} INFO - NumExpr defaulting to 8 threads.
[2024-04-08 17:02:21,928] {processor.py:651} INFO - DAG(s) dict_keys(['Lead_scoring_inference_pipeline']) retrieved from /home/airflow/dags/lead_scoring_inference_pipeline/.ipynb_checkpoints/lead_scoring_inference_pipeline-checkpoint.py
[2024-04-08 17:02:21,974] {logging_mixin.py:115} INFO - [2024-04-08 17:02:21,973] {dag.py:2420} INFO - Sync 1 DAGs
[2024-04-08 17:02:21,986] {logging_mixin.py:115} INFO - [2024-04-08 17:02:21,986] {dag.py:2968} INFO - Setting next_dagrun for Lead_scoring_inference_pipeline to 2024-04-08T17:00:00+00:00, run_after=2024-04-08T18:00:00+00:00
[2024-04-08 17:02:22,026] {processor.py:161} INFO - Processing /home/airflow/dags/lead_scoring_inference_pipeline/.ipynb_checkpoints/lead_scoring_inference_pipeline-checkpoint.py took 0.991 seconds
[2024-04-08 17:03:07,059] {processor.py:153} INFO - Started process (PID=6641) to work on /home/airflow/dags/lead_scoring_inference_pipeline/.ipynb_checkpoints/lead_scoring_inference_pipeline-checkpoint.py
[2024-04-08 17:03:07,060] {processor.py:641} INFO - Processing file /home/airflow/dags/lead_scoring_inference_pipeline/.ipynb_checkpoints/lead_scoring_inference_pipeline-checkpoint.py for tasks to queue
[2024-04-08 17:03:07,060] {logging_mixin.py:115} INFO - [2024-04-08 17:03:07,060] {dagbag.py:508} INFO - Filling up the DagBag from /home/airflow/dags/lead_scoring_inference_pipeline/.ipynb_checkpoints/lead_scoring_inference_pipeline-checkpoint.py
[2024-04-08 17:03:07,779] {logging_mixin.py:115} INFO - [2024-04-08 17:03:07,779] {utils.py:145} INFO - Note: NumExpr detected 64 cores but "NUMEXPR_MAX_THREADS" not set, so enforcing safe limit of 8.
[2024-04-08 17:03:07,779] {logging_mixin.py:115} INFO - [2024-04-08 17:03:07,779] {utils.py:157} INFO - NumExpr defaulting to 8 threads.
[2024-04-08 17:03:07,946] {processor.py:651} INFO - DAG(s) dict_keys(['Lead_scoring_inference_pipeline']) retrieved from /home/airflow/dags/lead_scoring_inference_pipeline/.ipynb_checkpoints/lead_scoring_inference_pipeline-checkpoint.py
[2024-04-08 17:03:07,980] {logging_mixin.py:115} INFO - [2024-04-08 17:03:07,980] {dag.py:2420} INFO - Sync 1 DAGs
[2024-04-08 17:03:07,993] {logging_mixin.py:115} INFO - [2024-04-08 17:03:07,993] {dag.py:2968} INFO - Setting next_dagrun for Lead_scoring_inference_pipeline to 2024-04-08T17:00:00+00:00, run_after=2024-04-08T18:00:00+00:00
[2024-04-08 17:03:08,019] {processor.py:161} INFO - Processing /home/airflow/dags/lead_scoring_inference_pipeline/.ipynb_checkpoints/lead_scoring_inference_pipeline-checkpoint.py took 0.963 seconds
