[2024-04-08 16:48:27,967] {processor.py:153} INFO - Started process (PID=4140) to work on /home/airflow/dags/lead_scoring_inference_pipeline/.ipynb_checkpoints/utils-checkpoint.py
[2024-04-08 16:48:27,969] {processor.py:641} INFO - Processing file /home/airflow/dags/lead_scoring_inference_pipeline/.ipynb_checkpoints/utils-checkpoint.py for tasks to queue
[2024-04-08 16:48:27,969] {logging_mixin.py:115} INFO - [2024-04-08 16:48:27,969] {dagbag.py:508} INFO - Filling up the DagBag from /home/airflow/dags/lead_scoring_inference_pipeline/.ipynb_checkpoints/utils-checkpoint.py
[2024-04-08 16:48:28,696] {logging_mixin.py:115} INFO - [2024-04-08 16:48:28,696] {utils.py:145} INFO - Note: NumExpr detected 64 cores but "NUMEXPR_MAX_THREADS" not set, so enforcing safe limit of 8.
[2024-04-08 16:48:28,696] {logging_mixin.py:115} INFO - [2024-04-08 16:48:28,696] {utils.py:157} INFO - NumExpr defaulting to 8 threads.
[2024-04-08 16:48:28,861] {processor.py:653} WARNING - No viable dags retrieved from /home/airflow/dags/lead_scoring_inference_pipeline/.ipynb_checkpoints/utils-checkpoint.py
[2024-04-08 16:48:28,886] {processor.py:161} INFO - Processing /home/airflow/dags/lead_scoring_inference_pipeline/.ipynb_checkpoints/utils-checkpoint.py took 0.922 seconds
[2024-04-08 16:49:30,492] {processor.py:153} INFO - Started process (PID=4346) to work on /home/airflow/dags/lead_scoring_inference_pipeline/.ipynb_checkpoints/utils-checkpoint.py
[2024-04-08 16:49:30,494] {processor.py:641} INFO - Processing file /home/airflow/dags/lead_scoring_inference_pipeline/.ipynb_checkpoints/utils-checkpoint.py for tasks to queue
[2024-04-08 16:49:30,494] {logging_mixin.py:115} INFO - [2024-04-08 16:49:30,494] {dagbag.py:508} INFO - Filling up the DagBag from /home/airflow/dags/lead_scoring_inference_pipeline/.ipynb_checkpoints/utils-checkpoint.py
[2024-04-08 16:49:31,203] {logging_mixin.py:115} INFO - [2024-04-08 16:49:31,203] {utils.py:145} INFO - Note: NumExpr detected 64 cores but "NUMEXPR_MAX_THREADS" not set, so enforcing safe limit of 8.
[2024-04-08 16:49:31,203] {logging_mixin.py:115} INFO - [2024-04-08 16:49:31,203] {utils.py:157} INFO - NumExpr defaulting to 8 threads.
[2024-04-08 16:49:31,370] {processor.py:653} WARNING - No viable dags retrieved from /home/airflow/dags/lead_scoring_inference_pipeline/.ipynb_checkpoints/utils-checkpoint.py
[2024-04-08 16:49:31,377] {processor.py:161} INFO - Processing /home/airflow/dags/lead_scoring_inference_pipeline/.ipynb_checkpoints/utils-checkpoint.py took 0.889 seconds
[2024-04-08 16:50:21,533] {processor.py:153} INFO - Started process (PID=4464) to work on /home/airflow/dags/lead_scoring_inference_pipeline/.ipynb_checkpoints/utils-checkpoint.py
[2024-04-08 16:50:21,534] {processor.py:641} INFO - Processing file /home/airflow/dags/lead_scoring_inference_pipeline/.ipynb_checkpoints/utils-checkpoint.py for tasks to queue
[2024-04-08 16:50:21,534] {logging_mixin.py:115} INFO - [2024-04-08 16:50:21,534] {dagbag.py:508} INFO - Filling up the DagBag from /home/airflow/dags/lead_scoring_inference_pipeline/.ipynb_checkpoints/utils-checkpoint.py
[2024-04-08 16:50:22,272] {logging_mixin.py:115} INFO - [2024-04-08 16:50:22,272] {utils.py:145} INFO - Note: NumExpr detected 64 cores but "NUMEXPR_MAX_THREADS" not set, so enforcing safe limit of 8.
[2024-04-08 16:50:22,273] {logging_mixin.py:115} INFO - [2024-04-08 16:50:22,272] {utils.py:157} INFO - NumExpr defaulting to 8 threads.
[2024-04-08 16:50:22,446] {processor.py:653} WARNING - No viable dags retrieved from /home/airflow/dags/lead_scoring_inference_pipeline/.ipynb_checkpoints/utils-checkpoint.py
[2024-04-08 16:50:22,479] {processor.py:161} INFO - Processing /home/airflow/dags/lead_scoring_inference_pipeline/.ipynb_checkpoints/utils-checkpoint.py took 0.950 seconds
[2024-04-08 16:51:12,653] {processor.py:153} INFO - Started process (PID=4581) to work on /home/airflow/dags/lead_scoring_inference_pipeline/.ipynb_checkpoints/utils-checkpoint.py
[2024-04-08 16:51:12,654] {processor.py:641} INFO - Processing file /home/airflow/dags/lead_scoring_inference_pipeline/.ipynb_checkpoints/utils-checkpoint.py for tasks to queue
[2024-04-08 16:51:12,654] {logging_mixin.py:115} INFO - [2024-04-08 16:51:12,654] {dagbag.py:508} INFO - Filling up the DagBag from /home/airflow/dags/lead_scoring_inference_pipeline/.ipynb_checkpoints/utils-checkpoint.py
[2024-04-08 16:51:13,391] {logging_mixin.py:115} INFO - [2024-04-08 16:51:13,391] {utils.py:145} INFO - Note: NumExpr detected 64 cores but "NUMEXPR_MAX_THREADS" not set, so enforcing safe limit of 8.
[2024-04-08 16:51:13,391] {logging_mixin.py:115} INFO - [2024-04-08 16:51:13,391] {utils.py:157} INFO - NumExpr defaulting to 8 threads.
[2024-04-08 16:51:13,559] {processor.py:653} WARNING - No viable dags retrieved from /home/airflow/dags/lead_scoring_inference_pipeline/.ipynb_checkpoints/utils-checkpoint.py
[2024-04-08 16:51:13,589] {processor.py:161} INFO - Processing /home/airflow/dags/lead_scoring_inference_pipeline/.ipynb_checkpoints/utils-checkpoint.py took 0.940 seconds
[2024-04-08 16:52:04,345] {processor.py:153} INFO - Started process (PID=4698) to work on /home/airflow/dags/lead_scoring_inference_pipeline/.ipynb_checkpoints/utils-checkpoint.py
[2024-04-08 16:52:04,350] {processor.py:641} INFO - Processing file /home/airflow/dags/lead_scoring_inference_pipeline/.ipynb_checkpoints/utils-checkpoint.py for tasks to queue
[2024-04-08 16:52:04,350] {logging_mixin.py:115} INFO - [2024-04-08 16:52:04,350] {dagbag.py:508} INFO - Filling up the DagBag from /home/airflow/dags/lead_scoring_inference_pipeline/.ipynb_checkpoints/utils-checkpoint.py
[2024-04-08 16:52:05,079] {logging_mixin.py:115} INFO - [2024-04-08 16:52:05,079] {utils.py:145} INFO - Note: NumExpr detected 64 cores but "NUMEXPR_MAX_THREADS" not set, so enforcing safe limit of 8.
[2024-04-08 16:52:05,079] {logging_mixin.py:115} INFO - [2024-04-08 16:52:05,079] {utils.py:157} INFO - NumExpr defaulting to 8 threads.
[2024-04-08 16:52:05,246] {processor.py:653} WARNING - No viable dags retrieved from /home/airflow/dags/lead_scoring_inference_pipeline/.ipynb_checkpoints/utils-checkpoint.py
[2024-04-08 16:52:05,271] {processor.py:161} INFO - Processing /home/airflow/dags/lead_scoring_inference_pipeline/.ipynb_checkpoints/utils-checkpoint.py took 0.930 seconds
[2024-04-08 16:52:58,171] {processor.py:153} INFO - Started process (PID=4817) to work on /home/airflow/dags/lead_scoring_inference_pipeline/.ipynb_checkpoints/utils-checkpoint.py
[2024-04-08 16:52:58,174] {processor.py:641} INFO - Processing file /home/airflow/dags/lead_scoring_inference_pipeline/.ipynb_checkpoints/utils-checkpoint.py for tasks to queue
[2024-04-08 16:52:58,174] {logging_mixin.py:115} INFO - [2024-04-08 16:52:58,174] {dagbag.py:508} INFO - Filling up the DagBag from /home/airflow/dags/lead_scoring_inference_pipeline/.ipynb_checkpoints/utils-checkpoint.py
[2024-04-08 16:52:58,903] {logging_mixin.py:115} INFO - [2024-04-08 16:52:58,903] {utils.py:145} INFO - Note: NumExpr detected 64 cores but "NUMEXPR_MAX_THREADS" not set, so enforcing safe limit of 8.
[2024-04-08 16:52:58,903] {logging_mixin.py:115} INFO - [2024-04-08 16:52:58,903] {utils.py:157} INFO - NumExpr defaulting to 8 threads.
[2024-04-08 16:52:59,071] {processor.py:653} WARNING - No viable dags retrieved from /home/airflow/dags/lead_scoring_inference_pipeline/.ipynb_checkpoints/utils-checkpoint.py
[2024-04-08 16:52:59,101] {processor.py:161} INFO - Processing /home/airflow/dags/lead_scoring_inference_pipeline/.ipynb_checkpoints/utils-checkpoint.py took 0.933 seconds
[2024-04-08 16:53:45,916] {processor.py:153} INFO - Started process (PID=4933) to work on /home/airflow/dags/lead_scoring_inference_pipeline/.ipynb_checkpoints/utils-checkpoint.py
[2024-04-08 16:53:45,922] {processor.py:641} INFO - Processing file /home/airflow/dags/lead_scoring_inference_pipeline/.ipynb_checkpoints/utils-checkpoint.py for tasks to queue
[2024-04-08 16:53:45,923] {logging_mixin.py:115} INFO - [2024-04-08 16:53:45,923] {dagbag.py:508} INFO - Filling up the DagBag from /home/airflow/dags/lead_scoring_inference_pipeline/.ipynb_checkpoints/utils-checkpoint.py
[2024-04-08 16:53:46,638] {logging_mixin.py:115} INFO - [2024-04-08 16:53:46,638] {utils.py:145} INFO - Note: NumExpr detected 64 cores but "NUMEXPR_MAX_THREADS" not set, so enforcing safe limit of 8.
[2024-04-08 16:53:46,638] {logging_mixin.py:115} INFO - [2024-04-08 16:53:46,638] {utils.py:157} INFO - NumExpr defaulting to 8 threads.
[2024-04-08 16:53:46,807] {processor.py:653} WARNING - No viable dags retrieved from /home/airflow/dags/lead_scoring_inference_pipeline/.ipynb_checkpoints/utils-checkpoint.py
[2024-04-08 16:53:46,826] {processor.py:161} INFO - Processing /home/airflow/dags/lead_scoring_inference_pipeline/.ipynb_checkpoints/utils-checkpoint.py took 0.913 seconds
[2024-04-08 16:54:33,927] {processor.py:153} INFO - Started process (PID=5048) to work on /home/airflow/dags/lead_scoring_inference_pipeline/.ipynb_checkpoints/utils-checkpoint.py
[2024-04-08 16:54:33,928] {processor.py:641} INFO - Processing file /home/airflow/dags/lead_scoring_inference_pipeline/.ipynb_checkpoints/utils-checkpoint.py for tasks to queue
[2024-04-08 16:54:33,929] {logging_mixin.py:115} INFO - [2024-04-08 16:54:33,928] {dagbag.py:508} INFO - Filling up the DagBag from /home/airflow/dags/lead_scoring_inference_pipeline/.ipynb_checkpoints/utils-checkpoint.py
[2024-04-08 16:54:34,658] {logging_mixin.py:115} INFO - [2024-04-08 16:54:34,658] {utils.py:145} INFO - Note: NumExpr detected 64 cores but "NUMEXPR_MAX_THREADS" not set, so enforcing safe limit of 8.
[2024-04-08 16:54:34,658] {logging_mixin.py:115} INFO - [2024-04-08 16:54:34,658] {utils.py:157} INFO - NumExpr defaulting to 8 threads.
[2024-04-08 16:54:34,825] {processor.py:653} WARNING - No viable dags retrieved from /home/airflow/dags/lead_scoring_inference_pipeline/.ipynb_checkpoints/utils-checkpoint.py
[2024-04-08 16:54:34,833] {processor.py:161} INFO - Processing /home/airflow/dags/lead_scoring_inference_pipeline/.ipynb_checkpoints/utils-checkpoint.py took 0.910 seconds
[2024-04-08 16:55:25,612] {processor.py:153} INFO - Started process (PID=5165) to work on /home/airflow/dags/lead_scoring_inference_pipeline/.ipynb_checkpoints/utils-checkpoint.py
[2024-04-08 16:55:25,614] {processor.py:641} INFO - Processing file /home/airflow/dags/lead_scoring_inference_pipeline/.ipynb_checkpoints/utils-checkpoint.py for tasks to queue
[2024-04-08 16:55:25,614] {logging_mixin.py:115} INFO - [2024-04-08 16:55:25,614] {dagbag.py:508} INFO - Filling up the DagBag from /home/airflow/dags/lead_scoring_inference_pipeline/.ipynb_checkpoints/utils-checkpoint.py
[2024-04-08 16:55:26,375] {logging_mixin.py:115} INFO - [2024-04-08 16:55:26,375] {utils.py:145} INFO - Note: NumExpr detected 64 cores but "NUMEXPR_MAX_THREADS" not set, so enforcing safe limit of 8.
[2024-04-08 16:55:26,375] {logging_mixin.py:115} INFO - [2024-04-08 16:55:26,375] {utils.py:157} INFO - NumExpr defaulting to 8 threads.
[2024-04-08 16:55:26,543] {processor.py:653} WARNING - No viable dags retrieved from /home/airflow/dags/lead_scoring_inference_pipeline/.ipynb_checkpoints/utils-checkpoint.py
[2024-04-08 16:55:26,551] {processor.py:161} INFO - Processing /home/airflow/dags/lead_scoring_inference_pipeline/.ipynb_checkpoints/utils-checkpoint.py took 0.943 seconds
[2024-04-08 16:56:50,108] {processor.py:153} INFO - Started process (PID=5538) to work on /home/airflow/dags/lead_scoring_inference_pipeline/.ipynb_checkpoints/utils-checkpoint.py
[2024-04-08 16:56:50,114] {processor.py:641} INFO - Processing file /home/airflow/dags/lead_scoring_inference_pipeline/.ipynb_checkpoints/utils-checkpoint.py for tasks to queue
[2024-04-08 16:56:50,114] {logging_mixin.py:115} INFO - [2024-04-08 16:56:50,114] {dagbag.py:508} INFO - Filling up the DagBag from /home/airflow/dags/lead_scoring_inference_pipeline/.ipynb_checkpoints/utils-checkpoint.py
[2024-04-08 16:56:50,800] {logging_mixin.py:115} INFO - [2024-04-08 16:56:50,800] {utils.py:145} INFO - Note: NumExpr detected 64 cores but "NUMEXPR_MAX_THREADS" not set, so enforcing safe limit of 8.
[2024-04-08 16:56:50,800] {logging_mixin.py:115} INFO - [2024-04-08 16:56:50,800] {utils.py:157} INFO - NumExpr defaulting to 8 threads.
[2024-04-08 16:56:50,961] {processor.py:653} WARNING - No viable dags retrieved from /home/airflow/dags/lead_scoring_inference_pipeline/.ipynb_checkpoints/utils-checkpoint.py
[2024-04-08 16:56:51,317] {processor.py:161} INFO - Processing /home/airflow/dags/lead_scoring_inference_pipeline/.ipynb_checkpoints/utils-checkpoint.py took 1.212 seconds
[2024-04-08 16:57:39,692] {processor.py:153} INFO - Started process (PID=5644) to work on /home/airflow/dags/lead_scoring_inference_pipeline/.ipynb_checkpoints/utils-checkpoint.py
[2024-04-08 16:57:39,696] {processor.py:641} INFO - Processing file /home/airflow/dags/lead_scoring_inference_pipeline/.ipynb_checkpoints/utils-checkpoint.py for tasks to queue
[2024-04-08 16:57:39,697] {logging_mixin.py:115} INFO - [2024-04-08 16:57:39,697] {dagbag.py:508} INFO - Filling up the DagBag from /home/airflow/dags/lead_scoring_inference_pipeline/.ipynb_checkpoints/utils-checkpoint.py
[2024-04-08 16:57:40,398] {logging_mixin.py:115} INFO - [2024-04-08 16:57:40,398] {utils.py:145} INFO - Note: NumExpr detected 64 cores but "NUMEXPR_MAX_THREADS" not set, so enforcing safe limit of 8.
[2024-04-08 16:57:40,398] {logging_mixin.py:115} INFO - [2024-04-08 16:57:40,398] {utils.py:157} INFO - NumExpr defaulting to 8 threads.
[2024-04-08 16:57:40,564] {processor.py:653} WARNING - No viable dags retrieved from /home/airflow/dags/lead_scoring_inference_pipeline/.ipynb_checkpoints/utils-checkpoint.py
[2024-04-08 16:57:40,581] {processor.py:161} INFO - Processing /home/airflow/dags/lead_scoring_inference_pipeline/.ipynb_checkpoints/utils-checkpoint.py took 0.893 seconds
[2024-04-08 16:58:31,125] {processor.py:153} INFO - Started process (PID=5761) to work on /home/airflow/dags/lead_scoring_inference_pipeline/.ipynb_checkpoints/utils-checkpoint.py
[2024-04-08 16:58:31,125] {processor.py:641} INFO - Processing file /home/airflow/dags/lead_scoring_inference_pipeline/.ipynb_checkpoints/utils-checkpoint.py for tasks to queue
[2024-04-08 16:58:31,126] {logging_mixin.py:115} INFO - [2024-04-08 16:58:31,126] {dagbag.py:508} INFO - Filling up the DagBag from /home/airflow/dags/lead_scoring_inference_pipeline/.ipynb_checkpoints/utils-checkpoint.py
[2024-04-08 16:58:31,854] {logging_mixin.py:115} INFO - [2024-04-08 16:58:31,854] {utils.py:145} INFO - Note: NumExpr detected 64 cores but "NUMEXPR_MAX_THREADS" not set, so enforcing safe limit of 8.
[2024-04-08 16:58:31,854] {logging_mixin.py:115} INFO - [2024-04-08 16:58:31,854] {utils.py:157} INFO - NumExpr defaulting to 8 threads.
[2024-04-08 16:58:32,021] {processor.py:653} WARNING - No viable dags retrieved from /home/airflow/dags/lead_scoring_inference_pipeline/.ipynb_checkpoints/utils-checkpoint.py
[2024-04-08 16:58:32,039] {processor.py:161} INFO - Processing /home/airflow/dags/lead_scoring_inference_pipeline/.ipynb_checkpoints/utils-checkpoint.py took 0.919 seconds
[2024-04-08 16:59:20,024] {processor.py:153} INFO - Started process (PID=5878) to work on /home/airflow/dags/lead_scoring_inference_pipeline/.ipynb_checkpoints/utils-checkpoint.py
[2024-04-08 16:59:20,028] {processor.py:641} INFO - Processing file /home/airflow/dags/lead_scoring_inference_pipeline/.ipynb_checkpoints/utils-checkpoint.py for tasks to queue
[2024-04-08 16:59:20,029] {logging_mixin.py:115} INFO - [2024-04-08 16:59:20,029] {dagbag.py:508} INFO - Filling up the DagBag from /home/airflow/dags/lead_scoring_inference_pipeline/.ipynb_checkpoints/utils-checkpoint.py
[2024-04-08 16:59:20,735] {logging_mixin.py:115} INFO - [2024-04-08 16:59:20,735] {utils.py:145} INFO - Note: NumExpr detected 64 cores but "NUMEXPR_MAX_THREADS" not set, so enforcing safe limit of 8.
[2024-04-08 16:59:20,735] {logging_mixin.py:115} INFO - [2024-04-08 16:59:20,735] {utils.py:157} INFO - NumExpr defaulting to 8 threads.
[2024-04-08 16:59:20,897] {processor.py:653} WARNING - No viable dags retrieved from /home/airflow/dags/lead_scoring_inference_pipeline/.ipynb_checkpoints/utils-checkpoint.py
[2024-04-08 16:59:20,925] {processor.py:161} INFO - Processing /home/airflow/dags/lead_scoring_inference_pipeline/.ipynb_checkpoints/utils-checkpoint.py took 0.904 seconds
[2024-04-08 17:00:26,611] {processor.py:153} INFO - Started process (PID=6055) to work on /home/airflow/dags/lead_scoring_inference_pipeline/.ipynb_checkpoints/utils-checkpoint.py
[2024-04-08 17:00:26,613] {processor.py:641} INFO - Processing file /home/airflow/dags/lead_scoring_inference_pipeline/.ipynb_checkpoints/utils-checkpoint.py for tasks to queue
[2024-04-08 17:00:26,614] {logging_mixin.py:115} INFO - [2024-04-08 17:00:26,614] {dagbag.py:508} INFO - Filling up the DagBag from /home/airflow/dags/lead_scoring_inference_pipeline/.ipynb_checkpoints/utils-checkpoint.py
[2024-04-08 17:00:27,288] {logging_mixin.py:115} INFO - [2024-04-08 17:00:27,288] {utils.py:145} INFO - Note: NumExpr detected 64 cores but "NUMEXPR_MAX_THREADS" not set, so enforcing safe limit of 8.
[2024-04-08 17:00:27,288] {logging_mixin.py:115} INFO - [2024-04-08 17:00:27,288] {utils.py:157} INFO - NumExpr defaulting to 8 threads.
[2024-04-08 17:00:27,450] {processor.py:653} WARNING - No viable dags retrieved from /home/airflow/dags/lead_scoring_inference_pipeline/.ipynb_checkpoints/utils-checkpoint.py
[2024-04-08 17:00:27,457] {processor.py:161} INFO - Processing /home/airflow/dags/lead_scoring_inference_pipeline/.ipynb_checkpoints/utils-checkpoint.py took 0.849 seconds
[2024-04-08 17:01:36,658] {processor.py:153} INFO - Started process (PID=6222) to work on /home/airflow/dags/lead_scoring_inference_pipeline/.ipynb_checkpoints/utils-checkpoint.py
[2024-04-08 17:01:36,674] {processor.py:641} INFO - Processing file /home/airflow/dags/lead_scoring_inference_pipeline/.ipynb_checkpoints/utils-checkpoint.py for tasks to queue
[2024-04-08 17:01:36,675] {logging_mixin.py:115} INFO - [2024-04-08 17:01:36,675] {dagbag.py:508} INFO - Filling up the DagBag from /home/airflow/dags/lead_scoring_inference_pipeline/.ipynb_checkpoints/utils-checkpoint.py
[2024-04-08 17:01:37,401] {logging_mixin.py:115} INFO - [2024-04-08 17:01:37,401] {utils.py:145} INFO - Note: NumExpr detected 64 cores but "NUMEXPR_MAX_THREADS" not set, so enforcing safe limit of 8.
[2024-04-08 17:01:37,401] {logging_mixin.py:115} INFO - [2024-04-08 17:01:37,401] {utils.py:157} INFO - NumExpr defaulting to 8 threads.
[2024-04-08 17:01:37,569] {processor.py:653} WARNING - No viable dags retrieved from /home/airflow/dags/lead_scoring_inference_pipeline/.ipynb_checkpoints/utils-checkpoint.py
[2024-04-08 17:01:37,586] {processor.py:161} INFO - Processing /home/airflow/dags/lead_scoring_inference_pipeline/.ipynb_checkpoints/utils-checkpoint.py took 0.932 seconds
[2024-04-08 17:02:24,653] {processor.py:153} INFO - Started process (PID=6462) to work on /home/airflow/dags/lead_scoring_inference_pipeline/.ipynb_checkpoints/utils-checkpoint.py
[2024-04-08 17:02:24,669] {processor.py:641} INFO - Processing file /home/airflow/dags/lead_scoring_inference_pipeline/.ipynb_checkpoints/utils-checkpoint.py for tasks to queue
[2024-04-08 17:02:24,669] {logging_mixin.py:115} INFO - [2024-04-08 17:02:24,669] {dagbag.py:508} INFO - Filling up the DagBag from /home/airflow/dags/lead_scoring_inference_pipeline/.ipynb_checkpoints/utils-checkpoint.py
[2024-04-08 17:02:25,434] {logging_mixin.py:115} INFO - [2024-04-08 17:02:25,434] {utils.py:145} INFO - Note: NumExpr detected 64 cores but "NUMEXPR_MAX_THREADS" not set, so enforcing safe limit of 8.
[2024-04-08 17:02:25,435] {logging_mixin.py:115} INFO - [2024-04-08 17:02:25,434] {utils.py:157} INFO - NumExpr defaulting to 8 threads.
[2024-04-08 17:02:25,599] {processor.py:653} WARNING - No viable dags retrieved from /home/airflow/dags/lead_scoring_inference_pipeline/.ipynb_checkpoints/utils-checkpoint.py
[2024-04-08 17:02:25,607] {processor.py:161} INFO - Processing /home/airflow/dags/lead_scoring_inference_pipeline/.ipynb_checkpoints/utils-checkpoint.py took 0.958 seconds
[2024-04-08 17:03:11,061] {processor.py:153} INFO - Started process (PID=6659) to work on /home/airflow/dags/lead_scoring_inference_pipeline/.ipynb_checkpoints/utils-checkpoint.py
[2024-04-08 17:03:11,063] {processor.py:641} INFO - Processing file /home/airflow/dags/lead_scoring_inference_pipeline/.ipynb_checkpoints/utils-checkpoint.py for tasks to queue
[2024-04-08 17:03:11,063] {logging_mixin.py:115} INFO - [2024-04-08 17:03:11,063] {dagbag.py:508} INFO - Filling up the DagBag from /home/airflow/dags/lead_scoring_inference_pipeline/.ipynb_checkpoints/utils-checkpoint.py
[2024-04-08 17:03:11,789] {logging_mixin.py:115} INFO - [2024-04-08 17:03:11,789] {utils.py:145} INFO - Note: NumExpr detected 64 cores but "NUMEXPR_MAX_THREADS" not set, so enforcing safe limit of 8.
[2024-04-08 17:03:11,789] {logging_mixin.py:115} INFO - [2024-04-08 17:03:11,789] {utils.py:157} INFO - NumExpr defaulting to 8 threads.
[2024-04-08 17:03:11,952] {processor.py:653} WARNING - No viable dags retrieved from /home/airflow/dags/lead_scoring_inference_pipeline/.ipynb_checkpoints/utils-checkpoint.py
[2024-04-08 17:03:11,960] {processor.py:161} INFO - Processing /home/airflow/dags/lead_scoring_inference_pipeline/.ipynb_checkpoints/utils-checkpoint.py took 0.904 seconds
