[2024-04-08 16:56:03,291] {taskinstance.py:1179} INFO - Dependencies all met for <TaskInstance: Lead_scoring_inference_pipeline.checking_model_prediction_ratio manual__2024-04-08T16:55:30.059374+00:00 [queued]>
[2024-04-08 16:56:03,296] {taskinstance.py:1179} INFO - Dependencies all met for <TaskInstance: Lead_scoring_inference_pipeline.checking_model_prediction_ratio manual__2024-04-08T16:55:30.059374+00:00 [queued]>
[2024-04-08 16:56:03,296] {taskinstance.py:1376} INFO - 
--------------------------------------------------------------------------------
[2024-04-08 16:56:03,296] {taskinstance.py:1377} INFO - Starting attempt 1 of 2
[2024-04-08 16:56:03,296] {taskinstance.py:1378} INFO - 
--------------------------------------------------------------------------------
[2024-04-08 16:56:03,400] {taskinstance.py:1397} INFO - Executing <Task(PythonOperator): checking_model_prediction_ratio> on 2024-04-08 16:55:30.059374+00:00
[2024-04-08 16:56:03,405] {standard_task_runner.py:52} INFO - Started process 5366 to run task
[2024-04-08 16:56:03,409] {standard_task_runner.py:79} INFO - Running: ['airflow', 'tasks', 'run', 'Lead_scoring_inference_pipeline', 'checking_model_prediction_ratio', 'manual__2024-04-08T16:55:30.059374+00:00', '--job-id', '105', '--raw', '--subdir', 'DAGS_FOLDER/lead_scoring_inference_pipeline/.ipynb_checkpoints/lead_scoring_inference_pipeline-checkpoint.py', '--cfg-path', '/tmp/tmp_jcjx3ow', '--error-file', '/tmp/tmp1sdg2zju']
[2024-04-08 16:56:03,410] {standard_task_runner.py:80} INFO - Job 105: Subtask checking_model_prediction_ratio
[2024-04-08 16:56:03,675] {task_command.py:371} INFO - Running <TaskInstance: Lead_scoring_inference_pipeline.checking_model_prediction_ratio manual__2024-04-08T16:55:30.059374+00:00 [running]> on host 5e833cee3343
[2024-04-08 16:56:03,789] {taskinstance.py:1589} INFO - Exporting the following env vars:
AIRFLOW_CTX_DAG_OWNER=airflow
AIRFLOW_CTX_DAG_ID=Lead_scoring_inference_pipeline
AIRFLOW_CTX_TASK_ID=checking_model_prediction_ratio
AIRFLOW_CTX_EXECUTION_DATE=2024-04-08T16:55:30.059374+00:00
AIRFLOW_CTX_TRY_NUMBER=1
AIRFLOW_CTX_DAG_RUN_ID=manual__2024-04-08T16:55:30.059374+00:00
[2024-04-08 16:56:07,725] {logging_mixin.py:115} INFO - Prediction ratio for the date Mon Apr  8 16:56:07 2024 for Ones % 60.96 and Zeroes % 39.04
[2024-04-08 16:56:07,726] {python.py:173} INFO - Done. Returned value was: None
[2024-04-08 16:56:07,732] {taskinstance.py:1415} INFO - Marking task as SUCCESS. dag_id=Lead_scoring_inference_pipeline, task_id=checking_model_prediction_ratio, execution_date=20240408T165530, start_date=20240408T165603, end_date=20240408T165607
[2024-04-08 16:56:07,797] {local_task_job.py:156} INFO - Task exited with return code 0
[2024-04-08 16:56:07,969] {local_task_job.py:273} INFO - 1 downstream tasks scheduled from follow-on schedule check
