[2024-04-01 15:08:50,280] {processor.py:153} INFO - Started process (PID=5237) to work on /opt/conda/lib/python3.8/site-packages/airflow/example_dags/plugins/workday.py
[2024-04-01 15:08:50,280] {processor.py:641} INFO - Processing file /opt/conda/lib/python3.8/site-packages/airflow/example_dags/plugins/workday.py for tasks to queue
[2024-04-01 15:08:50,281] {logging_mixin.py:115} INFO - [2024-04-01 15:08:50,281] {dagbag.py:508} INFO - Filling up the DagBag from /opt/conda/lib/python3.8/site-packages/airflow/example_dags/plugins/workday.py
[2024-04-01 15:08:50,283] {processor.py:653} WARNING - No viable dags retrieved from /opt/conda/lib/python3.8/site-packages/airflow/example_dags/plugins/workday.py
[2024-04-01 15:08:50,292] {processor.py:161} INFO - Processing /opt/conda/lib/python3.8/site-packages/airflow/example_dags/plugins/workday.py took 0.015 seconds
[2024-04-01 15:09:39,530] {processor.py:153} INFO - Started process (PID=5386) to work on /opt/conda/lib/python3.8/site-packages/airflow/example_dags/plugins/workday.py
[2024-04-01 15:09:39,531] {processor.py:641} INFO - Processing file /opt/conda/lib/python3.8/site-packages/airflow/example_dags/plugins/workday.py for tasks to queue
[2024-04-01 15:09:39,532] {logging_mixin.py:115} INFO - [2024-04-01 15:09:39,532] {dagbag.py:508} INFO - Filling up the DagBag from /opt/conda/lib/python3.8/site-packages/airflow/example_dags/plugins/workday.py
[2024-04-01 15:09:39,533] {processor.py:653} WARNING - No viable dags retrieved from /opt/conda/lib/python3.8/site-packages/airflow/example_dags/plugins/workday.py
[2024-04-01 15:09:39,543] {processor.py:161} INFO - Processing /opt/conda/lib/python3.8/site-packages/airflow/example_dags/plugins/workday.py took 0.017 seconds
[2024-04-01 15:10:57,666] {processor.py:153} INFO - Started process (PID=5624) to work on /opt/conda/lib/python3.8/site-packages/airflow/example_dags/plugins/workday.py
[2024-04-01 15:10:57,672] {processor.py:641} INFO - Processing file /opt/conda/lib/python3.8/site-packages/airflow/example_dags/plugins/workday.py for tasks to queue
[2024-04-01 15:10:57,672] {logging_mixin.py:115} INFO - [2024-04-01 15:10:57,672] {dagbag.py:508} INFO - Filling up the DagBag from /opt/conda/lib/python3.8/site-packages/airflow/example_dags/plugins/workday.py
[2024-04-01 15:10:57,674] {processor.py:653} WARNING - No viable dags retrieved from /opt/conda/lib/python3.8/site-packages/airflow/example_dags/plugins/workday.py
[2024-04-01 15:10:57,682] {processor.py:161} INFO - Processing /opt/conda/lib/python3.8/site-packages/airflow/example_dags/plugins/workday.py took 0.019 seconds
[2024-04-01 15:11:50,204] {processor.py:153} INFO - Started process (PID=5831) to work on /opt/conda/lib/python3.8/site-packages/airflow/example_dags/plugins/workday.py
[2024-04-01 15:11:50,206] {processor.py:641} INFO - Processing file /opt/conda/lib/python3.8/site-packages/airflow/example_dags/plugins/workday.py for tasks to queue
[2024-04-01 15:11:50,207] {logging_mixin.py:115} INFO - [2024-04-01 15:11:50,207] {dagbag.py:508} INFO - Filling up the DagBag from /opt/conda/lib/python3.8/site-packages/airflow/example_dags/plugins/workday.py
[2024-04-01 15:11:50,208] {processor.py:653} WARNING - No viable dags retrieved from /opt/conda/lib/python3.8/site-packages/airflow/example_dags/plugins/workday.py
[2024-04-01 15:11:50,218] {processor.py:161} INFO - Processing /opt/conda/lib/python3.8/site-packages/airflow/example_dags/plugins/workday.py took 0.017 seconds
[2024-04-01 15:12:34,472] {processor.py:153} INFO - Started process (PID=5988) to work on /opt/conda/lib/python3.8/site-packages/airflow/example_dags/plugins/workday.py
[2024-04-01 15:12:34,473] {processor.py:641} INFO - Processing file /opt/conda/lib/python3.8/site-packages/airflow/example_dags/plugins/workday.py for tasks to queue
[2024-04-01 15:12:34,474] {logging_mixin.py:115} INFO - [2024-04-01 15:12:34,474] {dagbag.py:508} INFO - Filling up the DagBag from /opt/conda/lib/python3.8/site-packages/airflow/example_dags/plugins/workday.py
[2024-04-01 15:12:34,476] {processor.py:653} WARNING - No viable dags retrieved from /opt/conda/lib/python3.8/site-packages/airflow/example_dags/plugins/workday.py
[2024-04-01 15:12:34,485] {processor.py:161} INFO - Processing /opt/conda/lib/python3.8/site-packages/airflow/example_dags/plugins/workday.py took 0.017 seconds
[2024-04-01 15:13:56,861] {processor.py:153} INFO - Started process (PID=6298) to work on /opt/conda/lib/python3.8/site-packages/airflow/example_dags/plugins/workday.py
[2024-04-01 15:13:56,863] {processor.py:641} INFO - Processing file /opt/conda/lib/python3.8/site-packages/airflow/example_dags/plugins/workday.py for tasks to queue
[2024-04-01 15:13:56,863] {logging_mixin.py:115} INFO - [2024-04-01 15:13:56,863] {dagbag.py:508} INFO - Filling up the DagBag from /opt/conda/lib/python3.8/site-packages/airflow/example_dags/plugins/workday.py
[2024-04-01 15:13:56,865] {processor.py:653} WARNING - No viable dags retrieved from /opt/conda/lib/python3.8/site-packages/airflow/example_dags/plugins/workday.py
[2024-04-01 15:13:56,875] {processor.py:161} INFO - Processing /opt/conda/lib/python3.8/site-packages/airflow/example_dags/plugins/workday.py took 0.017 seconds
[2024-04-01 15:14:43,681] {processor.py:153} INFO - Started process (PID=6481) to work on /opt/conda/lib/python3.8/site-packages/airflow/example_dags/plugins/workday.py
[2024-04-01 15:14:43,687] {processor.py:641} INFO - Processing file /opt/conda/lib/python3.8/site-packages/airflow/example_dags/plugins/workday.py for tasks to queue
[2024-04-01 15:14:43,687] {logging_mixin.py:115} INFO - [2024-04-01 15:14:43,687] {dagbag.py:508} INFO - Filling up the DagBag from /opt/conda/lib/python3.8/site-packages/airflow/example_dags/plugins/workday.py
[2024-04-01 15:14:43,688] {processor.py:653} WARNING - No viable dags retrieved from /opt/conda/lib/python3.8/site-packages/airflow/example_dags/plugins/workday.py
[2024-04-01 15:14:43,700] {processor.py:161} INFO - Processing /opt/conda/lib/python3.8/site-packages/airflow/example_dags/plugins/workday.py took 0.022 seconds
[2024-04-01 15:15:40,937] {processor.py:153} INFO - Started process (PID=6685) to work on /opt/conda/lib/python3.8/site-packages/airflow/example_dags/plugins/workday.py
[2024-04-01 15:15:40,938] {processor.py:641} INFO - Processing file /opt/conda/lib/python3.8/site-packages/airflow/example_dags/plugins/workday.py for tasks to queue
[2024-04-01 15:15:40,938] {logging_mixin.py:115} INFO - [2024-04-01 15:15:40,938] {dagbag.py:508} INFO - Filling up the DagBag from /opt/conda/lib/python3.8/site-packages/airflow/example_dags/plugins/workday.py
[2024-04-01 15:15:40,940] {processor.py:653} WARNING - No viable dags retrieved from /opt/conda/lib/python3.8/site-packages/airflow/example_dags/plugins/workday.py
[2024-04-01 15:15:40,950] {processor.py:161} INFO - Processing /opt/conda/lib/python3.8/site-packages/airflow/example_dags/plugins/workday.py took 0.016 seconds
[2024-04-01 15:16:25,096] {processor.py:153} INFO - Started process (PID=6802) to work on /opt/conda/lib/python3.8/site-packages/airflow/example_dags/plugins/workday.py
[2024-04-01 15:16:25,097] {processor.py:641} INFO - Processing file /opt/conda/lib/python3.8/site-packages/airflow/example_dags/plugins/workday.py for tasks to queue
[2024-04-01 15:16:25,098] {logging_mixin.py:115} INFO - [2024-04-01 15:16:25,098] {dagbag.py:508} INFO - Filling up the DagBag from /opt/conda/lib/python3.8/site-packages/airflow/example_dags/plugins/workday.py
[2024-04-01 15:16:25,099] {processor.py:653} WARNING - No viable dags retrieved from /opt/conda/lib/python3.8/site-packages/airflow/example_dags/plugins/workday.py
[2024-04-01 15:16:25,109] {processor.py:161} INFO - Processing /opt/conda/lib/python3.8/site-packages/airflow/example_dags/plugins/workday.py took 0.016 seconds
[2024-04-01 15:17:21,292] {processor.py:153} INFO - Started process (PID=6934) to work on /opt/conda/lib/python3.8/site-packages/airflow/example_dags/plugins/workday.py
[2024-04-01 15:17:21,294] {processor.py:641} INFO - Processing file /opt/conda/lib/python3.8/site-packages/airflow/example_dags/plugins/workday.py for tasks to queue
[2024-04-01 15:17:21,294] {logging_mixin.py:115} INFO - [2024-04-01 15:17:21,294] {dagbag.py:508} INFO - Filling up the DagBag from /opt/conda/lib/python3.8/site-packages/airflow/example_dags/plugins/workday.py
[2024-04-01 15:17:21,296] {processor.py:653} WARNING - No viable dags retrieved from /opt/conda/lib/python3.8/site-packages/airflow/example_dags/plugins/workday.py
[2024-04-01 15:17:21,306] {processor.py:161} INFO - Processing /opt/conda/lib/python3.8/site-packages/airflow/example_dags/plugins/workday.py took 0.017 seconds
[2024-04-01 15:18:05,074] {processor.py:153} INFO - Started process (PID=7019) to work on /opt/conda/lib/python3.8/site-packages/airflow/example_dags/plugins/workday.py
[2024-04-01 15:18:05,075] {processor.py:641} INFO - Processing file /opt/conda/lib/python3.8/site-packages/airflow/example_dags/plugins/workday.py for tasks to queue
[2024-04-01 15:18:05,076] {logging_mixin.py:115} INFO - [2024-04-01 15:18:05,076] {dagbag.py:508} INFO - Filling up the DagBag from /opt/conda/lib/python3.8/site-packages/airflow/example_dags/plugins/workday.py
[2024-04-01 15:18:05,078] {processor.py:653} WARNING - No viable dags retrieved from /opt/conda/lib/python3.8/site-packages/airflow/example_dags/plugins/workday.py
[2024-04-01 15:18:05,088] {processor.py:161} INFO - Processing /opt/conda/lib/python3.8/site-packages/airflow/example_dags/plugins/workday.py took 0.018 seconds
[2024-04-01 15:18:57,589] {processor.py:153} INFO - Started process (PID=7131) to work on /opt/conda/lib/python3.8/site-packages/airflow/example_dags/plugins/workday.py
[2024-04-01 15:18:57,591] {processor.py:641} INFO - Processing file /opt/conda/lib/python3.8/site-packages/airflow/example_dags/plugins/workday.py for tasks to queue
[2024-04-01 15:18:57,591] {logging_mixin.py:115} INFO - [2024-04-01 15:18:57,591] {dagbag.py:508} INFO - Filling up the DagBag from /opt/conda/lib/python3.8/site-packages/airflow/example_dags/plugins/workday.py
[2024-04-01 15:18:57,593] {processor.py:653} WARNING - No viable dags retrieved from /opt/conda/lib/python3.8/site-packages/airflow/example_dags/plugins/workday.py
[2024-04-01 15:18:57,604] {processor.py:161} INFO - Processing /opt/conda/lib/python3.8/site-packages/airflow/example_dags/plugins/workday.py took 0.017 seconds
[2024-04-01 15:19:52,860] {processor.py:153} INFO - Started process (PID=7288) to work on /opt/conda/lib/python3.8/site-packages/airflow/example_dags/plugins/workday.py
[2024-04-01 15:19:52,861] {processor.py:641} INFO - Processing file /opt/conda/lib/python3.8/site-packages/airflow/example_dags/plugins/workday.py for tasks to queue
[2024-04-01 15:19:52,862] {logging_mixin.py:115} INFO - [2024-04-01 15:19:52,861] {dagbag.py:508} INFO - Filling up the DagBag from /opt/conda/lib/python3.8/site-packages/airflow/example_dags/plugins/workday.py
[2024-04-01 15:19:52,863] {processor.py:653} WARNING - No viable dags retrieved from /opt/conda/lib/python3.8/site-packages/airflow/example_dags/plugins/workday.py
[2024-04-01 15:19:52,873] {processor.py:161} INFO - Processing /opt/conda/lib/python3.8/site-packages/airflow/example_dags/plugins/workday.py took 0.016 seconds
[2024-04-01 15:20:36,284] {processor.py:153} INFO - Started process (PID=7374) to work on /opt/conda/lib/python3.8/site-packages/airflow/example_dags/plugins/workday.py
[2024-04-01 15:20:36,286] {processor.py:641} INFO - Processing file /opt/conda/lib/python3.8/site-packages/airflow/example_dags/plugins/workday.py for tasks to queue
[2024-04-01 15:20:36,286] {logging_mixin.py:115} INFO - [2024-04-01 15:20:36,286] {dagbag.py:508} INFO - Filling up the DagBag from /opt/conda/lib/python3.8/site-packages/airflow/example_dags/plugins/workday.py
[2024-04-01 15:20:36,288] {processor.py:653} WARNING - No viable dags retrieved from /opt/conda/lib/python3.8/site-packages/airflow/example_dags/plugins/workday.py
[2024-04-01 15:20:36,298] {processor.py:161} INFO - Processing /opt/conda/lib/python3.8/site-packages/airflow/example_dags/plugins/workday.py took 0.018 seconds
[2024-04-01 15:21:30,125] {processor.py:153} INFO - Started process (PID=7467) to work on /opt/conda/lib/python3.8/site-packages/airflow/example_dags/plugins/workday.py
[2024-04-01 15:21:30,127] {processor.py:641} INFO - Processing file /opt/conda/lib/python3.8/site-packages/airflow/example_dags/plugins/workday.py for tasks to queue
[2024-04-01 15:21:30,127] {logging_mixin.py:115} INFO - [2024-04-01 15:21:30,127] {dagbag.py:508} INFO - Filling up the DagBag from /opt/conda/lib/python3.8/site-packages/airflow/example_dags/plugins/workday.py
[2024-04-01 15:21:30,129] {processor.py:653} WARNING - No viable dags retrieved from /opt/conda/lib/python3.8/site-packages/airflow/example_dags/plugins/workday.py
[2024-04-01 15:21:30,140] {processor.py:161} INFO - Processing /opt/conda/lib/python3.8/site-packages/airflow/example_dags/plugins/workday.py took 0.018 seconds
[2024-04-01 15:22:23,941] {processor.py:153} INFO - Started process (PID=7594) to work on /opt/conda/lib/python3.8/site-packages/airflow/example_dags/plugins/workday.py
[2024-04-01 15:22:23,942] {processor.py:641} INFO - Processing file /opt/conda/lib/python3.8/site-packages/airflow/example_dags/plugins/workday.py for tasks to queue
[2024-04-01 15:22:23,943] {logging_mixin.py:115} INFO - [2024-04-01 15:22:23,943] {dagbag.py:508} INFO - Filling up the DagBag from /opt/conda/lib/python3.8/site-packages/airflow/example_dags/plugins/workday.py
[2024-04-01 15:22:23,944] {processor.py:653} WARNING - No viable dags retrieved from /opt/conda/lib/python3.8/site-packages/airflow/example_dags/plugins/workday.py
[2024-04-01 15:22:23,954] {processor.py:161} INFO - Processing /opt/conda/lib/python3.8/site-packages/airflow/example_dags/plugins/workday.py took 0.017 seconds
[2024-04-01 15:23:19,392] {processor.py:153} INFO - Started process (PID=7826) to work on /opt/conda/lib/python3.8/site-packages/airflow/example_dags/plugins/workday.py
[2024-04-01 15:23:19,394] {processor.py:641} INFO - Processing file /opt/conda/lib/python3.8/site-packages/airflow/example_dags/plugins/workday.py for tasks to queue
[2024-04-01 15:23:19,394] {logging_mixin.py:115} INFO - [2024-04-01 15:23:19,394] {dagbag.py:508} INFO - Filling up the DagBag from /opt/conda/lib/python3.8/site-packages/airflow/example_dags/plugins/workday.py
[2024-04-01 15:23:19,396] {processor.py:653} WARNING - No viable dags retrieved from /opt/conda/lib/python3.8/site-packages/airflow/example_dags/plugins/workday.py
[2024-04-01 15:23:19,405] {processor.py:161} INFO - Processing /opt/conda/lib/python3.8/site-packages/airflow/example_dags/plugins/workday.py took 0.016 seconds
[2024-04-01 15:24:11,683] {processor.py:153} INFO - Started process (PID=8010) to work on /opt/conda/lib/python3.8/site-packages/airflow/example_dags/plugins/workday.py
[2024-04-01 15:24:11,684] {processor.py:641} INFO - Processing file /opt/conda/lib/python3.8/site-packages/airflow/example_dags/plugins/workday.py for tasks to queue
[2024-04-01 15:24:11,685] {logging_mixin.py:115} INFO - [2024-04-01 15:24:11,685] {dagbag.py:508} INFO - Filling up the DagBag from /opt/conda/lib/python3.8/site-packages/airflow/example_dags/plugins/workday.py
[2024-04-01 15:24:11,686] {processor.py:653} WARNING - No viable dags retrieved from /opt/conda/lib/python3.8/site-packages/airflow/example_dags/plugins/workday.py
[2024-04-01 15:24:11,696] {processor.py:161} INFO - Processing /opt/conda/lib/python3.8/site-packages/airflow/example_dags/plugins/workday.py took 0.016 seconds
[2024-04-01 15:25:07,528] {processor.py:153} INFO - Started process (PID=8208) to work on /opt/conda/lib/python3.8/site-packages/airflow/example_dags/plugins/workday.py
[2024-04-01 15:25:07,529] {processor.py:641} INFO - Processing file /opt/conda/lib/python3.8/site-packages/airflow/example_dags/plugins/workday.py for tasks to queue
[2024-04-01 15:25:07,530] {logging_mixin.py:115} INFO - [2024-04-01 15:25:07,530] {dagbag.py:508} INFO - Filling up the DagBag from /opt/conda/lib/python3.8/site-packages/airflow/example_dags/plugins/workday.py
[2024-04-01 15:25:07,531] {processor.py:653} WARNING - No viable dags retrieved from /opt/conda/lib/python3.8/site-packages/airflow/example_dags/plugins/workday.py
[2024-04-01 15:25:07,541] {processor.py:161} INFO - Processing /opt/conda/lib/python3.8/site-packages/airflow/example_dags/plugins/workday.py took 0.016 seconds
[2024-04-01 15:26:01,768] {processor.py:153} INFO - Started process (PID=8414) to work on /opt/conda/lib/python3.8/site-packages/airflow/example_dags/plugins/workday.py
[2024-04-01 15:26:01,775] {processor.py:641} INFO - Processing file /opt/conda/lib/python3.8/site-packages/airflow/example_dags/plugins/workday.py for tasks to queue
[2024-04-01 15:26:01,775] {logging_mixin.py:115} INFO - [2024-04-01 15:26:01,775] {dagbag.py:508} INFO - Filling up the DagBag from /opt/conda/lib/python3.8/site-packages/airflow/example_dags/plugins/workday.py
[2024-04-01 15:26:01,776] {processor.py:653} WARNING - No viable dags retrieved from /opt/conda/lib/python3.8/site-packages/airflow/example_dags/plugins/workday.py
[2024-04-01 15:26:01,784] {processor.py:161} INFO - Processing /opt/conda/lib/python3.8/site-packages/airflow/example_dags/plugins/workday.py took 0.019 seconds
[2024-04-01 15:26:58,904] {processor.py:153} INFO - Started process (PID=8594) to work on /opt/conda/lib/python3.8/site-packages/airflow/example_dags/plugins/workday.py
[2024-04-01 15:26:58,906] {processor.py:641} INFO - Processing file /opt/conda/lib/python3.8/site-packages/airflow/example_dags/plugins/workday.py for tasks to queue
[2024-04-01 15:26:58,906] {logging_mixin.py:115} INFO - [2024-04-01 15:26:58,906] {dagbag.py:508} INFO - Filling up the DagBag from /opt/conda/lib/python3.8/site-packages/airflow/example_dags/plugins/workday.py
[2024-04-01 15:26:58,908] {processor.py:653} WARNING - No viable dags retrieved from /opt/conda/lib/python3.8/site-packages/airflow/example_dags/plugins/workday.py
[2024-04-01 15:26:58,918] {processor.py:161} INFO - Processing /opt/conda/lib/python3.8/site-packages/airflow/example_dags/plugins/workday.py took 0.016 seconds
[2024-04-01 15:27:44,229] {processor.py:153} INFO - Started process (PID=8775) to work on /opt/conda/lib/python3.8/site-packages/airflow/example_dags/plugins/workday.py
[2024-04-01 15:27:44,230] {processor.py:641} INFO - Processing file /opt/conda/lib/python3.8/site-packages/airflow/example_dags/plugins/workday.py for tasks to queue
[2024-04-01 15:27:44,231] {logging_mixin.py:115} INFO - [2024-04-01 15:27:44,231] {dagbag.py:508} INFO - Filling up the DagBag from /opt/conda/lib/python3.8/site-packages/airflow/example_dags/plugins/workday.py
[2024-04-01 15:27:44,232] {processor.py:653} WARNING - No viable dags retrieved from /opt/conda/lib/python3.8/site-packages/airflow/example_dags/plugins/workday.py
[2024-04-01 15:27:44,242] {processor.py:161} INFO - Processing /opt/conda/lib/python3.8/site-packages/airflow/example_dags/plugins/workday.py took 0.016 seconds
[2024-04-01 15:28:27,398] {processor.py:153} INFO - Started process (PID=8935) to work on /opt/conda/lib/python3.8/site-packages/airflow/example_dags/plugins/workday.py
[2024-04-01 15:28:27,404] {processor.py:641} INFO - Processing file /opt/conda/lib/python3.8/site-packages/airflow/example_dags/plugins/workday.py for tasks to queue
[2024-04-01 15:28:27,404] {logging_mixin.py:115} INFO - [2024-04-01 15:28:27,404] {dagbag.py:508} INFO - Filling up the DagBag from /opt/conda/lib/python3.8/site-packages/airflow/example_dags/plugins/workday.py
[2024-04-01 15:28:27,405] {processor.py:653} WARNING - No viable dags retrieved from /opt/conda/lib/python3.8/site-packages/airflow/example_dags/plugins/workday.py
[2024-04-01 15:28:27,414] {processor.py:161} INFO - Processing /opt/conda/lib/python3.8/site-packages/airflow/example_dags/plugins/workday.py took 0.018 seconds
[2024-04-01 15:29:20,481] {processor.py:153} INFO - Started process (PID=9138) to work on /opt/conda/lib/python3.8/site-packages/airflow/example_dags/plugins/workday.py
[2024-04-01 15:29:20,483] {processor.py:641} INFO - Processing file /opt/conda/lib/python3.8/site-packages/airflow/example_dags/plugins/workday.py for tasks to queue
[2024-04-01 15:29:20,483] {logging_mixin.py:115} INFO - [2024-04-01 15:29:20,483] {dagbag.py:508} INFO - Filling up the DagBag from /opt/conda/lib/python3.8/site-packages/airflow/example_dags/plugins/workday.py
[2024-04-01 15:29:20,485] {processor.py:653} WARNING - No viable dags retrieved from /opt/conda/lib/python3.8/site-packages/airflow/example_dags/plugins/workday.py
[2024-04-01 15:29:20,495] {processor.py:161} INFO - Processing /opt/conda/lib/python3.8/site-packages/airflow/example_dags/plugins/workday.py took 0.017 seconds
[2024-04-01 15:30:12,149] {processor.py:153} INFO - Started process (PID=9341) to work on /opt/conda/lib/python3.8/site-packages/airflow/example_dags/plugins/workday.py
[2024-04-01 15:30:12,150] {processor.py:641} INFO - Processing file /opt/conda/lib/python3.8/site-packages/airflow/example_dags/plugins/workday.py for tasks to queue
[2024-04-01 15:30:12,151] {logging_mixin.py:115} INFO - [2024-04-01 15:30:12,151] {dagbag.py:508} INFO - Filling up the DagBag from /opt/conda/lib/python3.8/site-packages/airflow/example_dags/plugins/workday.py
[2024-04-01 15:30:12,153] {processor.py:653} WARNING - No viable dags retrieved from /opt/conda/lib/python3.8/site-packages/airflow/example_dags/plugins/workday.py
[2024-04-01 15:30:12,162] {processor.py:161} INFO - Processing /opt/conda/lib/python3.8/site-packages/airflow/example_dags/plugins/workday.py took 0.016 seconds
[2024-04-01 15:31:07,265] {processor.py:153} INFO - Started process (PID=9512) to work on /opt/conda/lib/python3.8/site-packages/airflow/example_dags/plugins/workday.py
[2024-04-01 15:31:07,266] {processor.py:641} INFO - Processing file /opt/conda/lib/python3.8/site-packages/airflow/example_dags/plugins/workday.py for tasks to queue
[2024-04-01 15:31:07,267] {logging_mixin.py:115} INFO - [2024-04-01 15:31:07,267] {dagbag.py:508} INFO - Filling up the DagBag from /opt/conda/lib/python3.8/site-packages/airflow/example_dags/plugins/workday.py
[2024-04-01 15:31:07,268] {processor.py:653} WARNING - No viable dags retrieved from /opt/conda/lib/python3.8/site-packages/airflow/example_dags/plugins/workday.py
[2024-04-01 15:31:07,278] {processor.py:161} INFO - Processing /opt/conda/lib/python3.8/site-packages/airflow/example_dags/plugins/workday.py took 0.017 seconds
[2024-04-01 15:31:55,481] {processor.py:153} INFO - Started process (PID=9673) to work on /opt/conda/lib/python3.8/site-packages/airflow/example_dags/plugins/workday.py
[2024-04-01 15:31:55,482] {processor.py:641} INFO - Processing file /opt/conda/lib/python3.8/site-packages/airflow/example_dags/plugins/workday.py for tasks to queue
[2024-04-01 15:31:55,483] {logging_mixin.py:115} INFO - [2024-04-01 15:31:55,483] {dagbag.py:508} INFO - Filling up the DagBag from /opt/conda/lib/python3.8/site-packages/airflow/example_dags/plugins/workday.py
[2024-04-01 15:31:55,484] {processor.py:653} WARNING - No viable dags retrieved from /opt/conda/lib/python3.8/site-packages/airflow/example_dags/plugins/workday.py
[2024-04-01 15:31:55,494] {processor.py:161} INFO - Processing /opt/conda/lib/python3.8/site-packages/airflow/example_dags/plugins/workday.py took 0.017 seconds
[2024-04-01 15:32:52,308] {processor.py:153} INFO - Started process (PID=9846) to work on /opt/conda/lib/python3.8/site-packages/airflow/example_dags/plugins/workday.py
[2024-04-01 15:32:52,309] {processor.py:641} INFO - Processing file /opt/conda/lib/python3.8/site-packages/airflow/example_dags/plugins/workday.py for tasks to queue
[2024-04-01 15:32:52,310] {logging_mixin.py:115} INFO - [2024-04-01 15:32:52,310] {dagbag.py:508} INFO - Filling up the DagBag from /opt/conda/lib/python3.8/site-packages/airflow/example_dags/plugins/workday.py
[2024-04-01 15:32:52,312] {processor.py:653} WARNING - No viable dags retrieved from /opt/conda/lib/python3.8/site-packages/airflow/example_dags/plugins/workday.py
[2024-04-01 15:32:52,321] {processor.py:161} INFO - Processing /opt/conda/lib/python3.8/site-packages/airflow/example_dags/plugins/workday.py took 0.017 seconds
[2024-04-01 15:34:01,257] {processor.py:153} INFO - Started process (PID=10077) to work on /opt/conda/lib/python3.8/site-packages/airflow/example_dags/plugins/workday.py
[2024-04-01 15:34:01,259] {processor.py:641} INFO - Processing file /opt/conda/lib/python3.8/site-packages/airflow/example_dags/plugins/workday.py for tasks to queue
[2024-04-01 15:34:01,259] {logging_mixin.py:115} INFO - [2024-04-01 15:34:01,259] {dagbag.py:508} INFO - Filling up the DagBag from /opt/conda/lib/python3.8/site-packages/airflow/example_dags/plugins/workday.py
[2024-04-01 15:34:01,261] {processor.py:653} WARNING - No viable dags retrieved from /opt/conda/lib/python3.8/site-packages/airflow/example_dags/plugins/workday.py
[2024-04-01 15:34:01,270] {processor.py:161} INFO - Processing /opt/conda/lib/python3.8/site-packages/airflow/example_dags/plugins/workday.py took 0.016 seconds
[2024-04-01 15:35:01,841] {processor.py:153} INFO - Started process (PID=10294) to work on /opt/conda/lib/python3.8/site-packages/airflow/example_dags/plugins/workday.py
[2024-04-01 15:35:01,843] {processor.py:641} INFO - Processing file /opt/conda/lib/python3.8/site-packages/airflow/example_dags/plugins/workday.py for tasks to queue
[2024-04-01 15:35:01,843] {logging_mixin.py:115} INFO - [2024-04-01 15:35:01,843] {dagbag.py:508} INFO - Filling up the DagBag from /opt/conda/lib/python3.8/site-packages/airflow/example_dags/plugins/workday.py
[2024-04-01 15:35:01,845] {processor.py:653} WARNING - No viable dags retrieved from /opt/conda/lib/python3.8/site-packages/airflow/example_dags/plugins/workday.py
[2024-04-01 15:35:01,855] {processor.py:161} INFO - Processing /opt/conda/lib/python3.8/site-packages/airflow/example_dags/plugins/workday.py took 0.017 seconds
[2024-04-01 15:36:04,741] {processor.py:153} INFO - Started process (PID=10487) to work on /opt/conda/lib/python3.8/site-packages/airflow/example_dags/plugins/workday.py
[2024-04-01 15:36:04,747] {processor.py:641} INFO - Processing file /opt/conda/lib/python3.8/site-packages/airflow/example_dags/plugins/workday.py for tasks to queue
[2024-04-01 15:36:04,748] {logging_mixin.py:115} INFO - [2024-04-01 15:36:04,748] {dagbag.py:508} INFO - Filling up the DagBag from /opt/conda/lib/python3.8/site-packages/airflow/example_dags/plugins/workday.py
[2024-04-01 15:36:04,749] {processor.py:653} WARNING - No viable dags retrieved from /opt/conda/lib/python3.8/site-packages/airflow/example_dags/plugins/workday.py
[2024-04-01 15:36:04,758] {processor.py:161} INFO - Processing /opt/conda/lib/python3.8/site-packages/airflow/example_dags/plugins/workday.py took 0.020 seconds
[2024-04-01 15:37:13,668] {processor.py:153} INFO - Started process (PID=10723) to work on /opt/conda/lib/python3.8/site-packages/airflow/example_dags/plugins/workday.py
[2024-04-01 15:37:13,676] {processor.py:641} INFO - Processing file /opt/conda/lib/python3.8/site-packages/airflow/example_dags/plugins/workday.py for tasks to queue
[2024-04-01 15:37:13,676] {logging_mixin.py:115} INFO - [2024-04-01 15:37:13,676] {dagbag.py:508} INFO - Filling up the DagBag from /opt/conda/lib/python3.8/site-packages/airflow/example_dags/plugins/workday.py
[2024-04-01 15:37:13,678] {processor.py:653} WARNING - No viable dags retrieved from /opt/conda/lib/python3.8/site-packages/airflow/example_dags/plugins/workday.py
[2024-04-01 15:37:13,688] {processor.py:161} INFO - Processing /opt/conda/lib/python3.8/site-packages/airflow/example_dags/plugins/workday.py took 0.023 seconds
[2024-04-01 15:38:19,585] {processor.py:153} INFO - Started process (PID=10986) to work on /opt/conda/lib/python3.8/site-packages/airflow/example_dags/plugins/workday.py
[2024-04-01 15:38:19,587] {processor.py:641} INFO - Processing file /opt/conda/lib/python3.8/site-packages/airflow/example_dags/plugins/workday.py for tasks to queue
[2024-04-01 15:38:19,588] {logging_mixin.py:115} INFO - [2024-04-01 15:38:19,587] {dagbag.py:508} INFO - Filling up the DagBag from /opt/conda/lib/python3.8/site-packages/airflow/example_dags/plugins/workday.py
[2024-04-01 15:38:19,589] {processor.py:653} WARNING - No viable dags retrieved from /opt/conda/lib/python3.8/site-packages/airflow/example_dags/plugins/workday.py
[2024-04-01 15:38:19,599] {processor.py:161} INFO - Processing /opt/conda/lib/python3.8/site-packages/airflow/example_dags/plugins/workday.py took 0.017 seconds
[2024-04-01 15:39:27,647] {processor.py:153} INFO - Started process (PID=11243) to work on /opt/conda/lib/python3.8/site-packages/airflow/example_dags/plugins/workday.py
[2024-04-01 15:39:27,655] {processor.py:641} INFO - Processing file /opt/conda/lib/python3.8/site-packages/airflow/example_dags/plugins/workday.py for tasks to queue
[2024-04-01 15:39:27,655] {logging_mixin.py:115} INFO - [2024-04-01 15:39:27,655] {dagbag.py:508} INFO - Filling up the DagBag from /opt/conda/lib/python3.8/site-packages/airflow/example_dags/plugins/workday.py
[2024-04-01 15:39:27,656] {processor.py:653} WARNING - No viable dags retrieved from /opt/conda/lib/python3.8/site-packages/airflow/example_dags/plugins/workday.py
[2024-04-01 15:39:27,665] {processor.py:161} INFO - Processing /opt/conda/lib/python3.8/site-packages/airflow/example_dags/plugins/workday.py took 0.020 seconds
[2024-04-01 15:40:26,011] {processor.py:153} INFO - Started process (PID=11448) to work on /opt/conda/lib/python3.8/site-packages/airflow/example_dags/plugins/workday.py
[2024-04-01 15:40:26,012] {processor.py:641} INFO - Processing file /opt/conda/lib/python3.8/site-packages/airflow/example_dags/plugins/workday.py for tasks to queue
[2024-04-01 15:40:26,013] {logging_mixin.py:115} INFO - [2024-04-01 15:40:26,013] {dagbag.py:508} INFO - Filling up the DagBag from /opt/conda/lib/python3.8/site-packages/airflow/example_dags/plugins/workday.py
[2024-04-01 15:40:26,014] {processor.py:653} WARNING - No viable dags retrieved from /opt/conda/lib/python3.8/site-packages/airflow/example_dags/plugins/workday.py
[2024-04-01 15:40:26,024] {processor.py:161} INFO - Processing /opt/conda/lib/python3.8/site-packages/airflow/example_dags/plugins/workday.py took 0.016 seconds
[2024-04-01 15:41:23,906] {processor.py:153} INFO - Started process (PID=11619) to work on /opt/conda/lib/python3.8/site-packages/airflow/example_dags/plugins/workday.py
[2024-04-01 15:41:23,907] {processor.py:641} INFO - Processing file /opt/conda/lib/python3.8/site-packages/airflow/example_dags/plugins/workday.py for tasks to queue
[2024-04-01 15:41:23,908] {logging_mixin.py:115} INFO - [2024-04-01 15:41:23,908] {dagbag.py:508} INFO - Filling up the DagBag from /opt/conda/lib/python3.8/site-packages/airflow/example_dags/plugins/workday.py
[2024-04-01 15:41:23,909] {processor.py:653} WARNING - No viable dags retrieved from /opt/conda/lib/python3.8/site-packages/airflow/example_dags/plugins/workday.py
[2024-04-01 15:41:23,918] {processor.py:161} INFO - Processing /opt/conda/lib/python3.8/site-packages/airflow/example_dags/plugins/workday.py took 0.015 seconds
[2024-04-01 15:42:18,441] {processor.py:153} INFO - Started process (PID=11788) to work on /opt/conda/lib/python3.8/site-packages/airflow/example_dags/plugins/workday.py
[2024-04-01 15:42:18,443] {processor.py:641} INFO - Processing file /opt/conda/lib/python3.8/site-packages/airflow/example_dags/plugins/workday.py for tasks to queue
[2024-04-01 15:42:18,443] {logging_mixin.py:115} INFO - [2024-04-01 15:42:18,443] {dagbag.py:508} INFO - Filling up the DagBag from /opt/conda/lib/python3.8/site-packages/airflow/example_dags/plugins/workday.py
[2024-04-01 15:42:18,445] {processor.py:653} WARNING - No viable dags retrieved from /opt/conda/lib/python3.8/site-packages/airflow/example_dags/plugins/workday.py
[2024-04-01 15:42:18,455] {processor.py:161} INFO - Processing /opt/conda/lib/python3.8/site-packages/airflow/example_dags/plugins/workday.py took 0.017 seconds
[2024-04-01 15:44:08,036] {processor.py:153} INFO - Started process (PID=12140) to work on /opt/conda/lib/python3.8/site-packages/airflow/example_dags/plugins/workday.py
[2024-04-01 15:44:08,038] {processor.py:641} INFO - Processing file /opt/conda/lib/python3.8/site-packages/airflow/example_dags/plugins/workday.py for tasks to queue
[2024-04-01 15:44:08,038] {logging_mixin.py:115} INFO - [2024-04-01 15:44:08,038] {dagbag.py:508} INFO - Filling up the DagBag from /opt/conda/lib/python3.8/site-packages/airflow/example_dags/plugins/workday.py
[2024-04-01 15:44:08,040] {processor.py:653} WARNING - No viable dags retrieved from /opt/conda/lib/python3.8/site-packages/airflow/example_dags/plugins/workday.py
[2024-04-01 15:44:08,050] {processor.py:161} INFO - Processing /opt/conda/lib/python3.8/site-packages/airflow/example_dags/plugins/workday.py took 0.017 seconds
[2024-04-01 15:45:37,709] {processor.py:153} INFO - Started process (PID=12459) to work on /opt/conda/lib/python3.8/site-packages/airflow/example_dags/plugins/workday.py
[2024-04-01 15:45:37,711] {processor.py:641} INFO - Processing file /opt/conda/lib/python3.8/site-packages/airflow/example_dags/plugins/workday.py for tasks to queue
[2024-04-01 15:45:37,711] {logging_mixin.py:115} INFO - [2024-04-01 15:45:37,711] {dagbag.py:508} INFO - Filling up the DagBag from /opt/conda/lib/python3.8/site-packages/airflow/example_dags/plugins/workday.py
[2024-04-01 15:45:37,713] {processor.py:653} WARNING - No viable dags retrieved from /opt/conda/lib/python3.8/site-packages/airflow/example_dags/plugins/workday.py
[2024-04-01 15:45:37,723] {processor.py:161} INFO - Processing /opt/conda/lib/python3.8/site-packages/airflow/example_dags/plugins/workday.py took 0.017 seconds
[2024-04-01 15:47:13,056] {processor.py:153} INFO - Started process (PID=12844) to work on /opt/conda/lib/python3.8/site-packages/airflow/example_dags/plugins/workday.py
[2024-04-01 15:47:13,064] {processor.py:641} INFO - Processing file /opt/conda/lib/python3.8/site-packages/airflow/example_dags/plugins/workday.py for tasks to queue
[2024-04-01 15:47:13,065] {logging_mixin.py:115} INFO - [2024-04-01 15:47:13,065] {dagbag.py:508} INFO - Filling up the DagBag from /opt/conda/lib/python3.8/site-packages/airflow/example_dags/plugins/workday.py
[2024-04-01 15:47:13,066] {processor.py:653} WARNING - No viable dags retrieved from /opt/conda/lib/python3.8/site-packages/airflow/example_dags/plugins/workday.py
[2024-04-01 15:47:13,077] {processor.py:161} INFO - Processing /opt/conda/lib/python3.8/site-packages/airflow/example_dags/plugins/workday.py took 0.023 seconds
[2024-04-01 15:48:11,649] {processor.py:153} INFO - Started process (PID=13047) to work on /opt/conda/lib/python3.8/site-packages/airflow/example_dags/plugins/workday.py
[2024-04-01 15:48:11,655] {processor.py:641} INFO - Processing file /opt/conda/lib/python3.8/site-packages/airflow/example_dags/plugins/workday.py for tasks to queue
[2024-04-01 15:48:11,655] {logging_mixin.py:115} INFO - [2024-04-01 15:48:11,655] {dagbag.py:508} INFO - Filling up the DagBag from /opt/conda/lib/python3.8/site-packages/airflow/example_dags/plugins/workday.py
[2024-04-01 15:48:11,656] {processor.py:653} WARNING - No viable dags retrieved from /opt/conda/lib/python3.8/site-packages/airflow/example_dags/plugins/workday.py
[2024-04-01 15:48:11,673] {processor.py:161} INFO - Processing /opt/conda/lib/python3.8/site-packages/airflow/example_dags/plugins/workday.py took 0.027 seconds
[2024-04-01 15:49:10,000] {processor.py:153} INFO - Started process (PID=13250) to work on /opt/conda/lib/python3.8/site-packages/airflow/example_dags/plugins/workday.py
[2024-04-01 15:49:10,002] {processor.py:641} INFO - Processing file /opt/conda/lib/python3.8/site-packages/airflow/example_dags/plugins/workday.py for tasks to queue
[2024-04-01 15:49:10,002] {logging_mixin.py:115} INFO - [2024-04-01 15:49:10,002] {dagbag.py:508} INFO - Filling up the DagBag from /opt/conda/lib/python3.8/site-packages/airflow/example_dags/plugins/workday.py
[2024-04-01 15:49:10,004] {processor.py:653} WARNING - No viable dags retrieved from /opt/conda/lib/python3.8/site-packages/airflow/example_dags/plugins/workday.py
[2024-04-01 15:49:10,014] {processor.py:161} INFO - Processing /opt/conda/lib/python3.8/site-packages/airflow/example_dags/plugins/workday.py took 0.017 seconds
[2024-04-01 15:50:07,504] {processor.py:153} INFO - Started process (PID=13463) to work on /opt/conda/lib/python3.8/site-packages/airflow/example_dags/plugins/workday.py
[2024-04-01 15:50:07,510] {processor.py:641} INFO - Processing file /opt/conda/lib/python3.8/site-packages/airflow/example_dags/plugins/workday.py for tasks to queue
[2024-04-01 15:50:07,511] {logging_mixin.py:115} INFO - [2024-04-01 15:50:07,511] {dagbag.py:508} INFO - Filling up the DagBag from /opt/conda/lib/python3.8/site-packages/airflow/example_dags/plugins/workday.py
[2024-04-01 15:50:07,512] {processor.py:653} WARNING - No viable dags retrieved from /opt/conda/lib/python3.8/site-packages/airflow/example_dags/plugins/workday.py
[2024-04-01 15:50:07,529] {processor.py:161} INFO - Processing /opt/conda/lib/python3.8/site-packages/airflow/example_dags/plugins/workday.py took 0.027 seconds
[2024-04-01 15:51:04,228] {processor.py:153} INFO - Started process (PID=13674) to work on /opt/conda/lib/python3.8/site-packages/airflow/example_dags/plugins/workday.py
[2024-04-01 15:51:04,229] {processor.py:641} INFO - Processing file /opt/conda/lib/python3.8/site-packages/airflow/example_dags/plugins/workday.py for tasks to queue
[2024-04-01 15:51:04,230] {logging_mixin.py:115} INFO - [2024-04-01 15:51:04,230] {dagbag.py:508} INFO - Filling up the DagBag from /opt/conda/lib/python3.8/site-packages/airflow/example_dags/plugins/workday.py
[2024-04-01 15:51:04,232] {processor.py:653} WARNING - No viable dags retrieved from /opt/conda/lib/python3.8/site-packages/airflow/example_dags/plugins/workday.py
[2024-04-01 15:51:04,243] {processor.py:161} INFO - Processing /opt/conda/lib/python3.8/site-packages/airflow/example_dags/plugins/workday.py took 0.018 seconds
[2024-04-01 15:51:55,017] {processor.py:153} INFO - Started process (PID=13870) to work on /opt/conda/lib/python3.8/site-packages/airflow/example_dags/plugins/workday.py
[2024-04-01 15:51:55,019] {processor.py:641} INFO - Processing file /opt/conda/lib/python3.8/site-packages/airflow/example_dags/plugins/workday.py for tasks to queue
[2024-04-01 15:51:55,019] {logging_mixin.py:115} INFO - [2024-04-01 15:51:55,019] {dagbag.py:508} INFO - Filling up the DagBag from /opt/conda/lib/python3.8/site-packages/airflow/example_dags/plugins/workday.py
[2024-04-01 15:51:55,021] {processor.py:653} WARNING - No viable dags retrieved from /opt/conda/lib/python3.8/site-packages/airflow/example_dags/plugins/workday.py
[2024-04-01 15:51:55,031] {processor.py:161} INFO - Processing /opt/conda/lib/python3.8/site-packages/airflow/example_dags/plugins/workday.py took 0.017 seconds
[2024-04-01 15:52:52,738] {processor.py:153} INFO - Started process (PID=14072) to work on /opt/conda/lib/python3.8/site-packages/airflow/example_dags/plugins/workday.py
[2024-04-01 15:52:52,739] {processor.py:641} INFO - Processing file /opt/conda/lib/python3.8/site-packages/airflow/example_dags/plugins/workday.py for tasks to queue
[2024-04-01 15:52:52,740] {logging_mixin.py:115} INFO - [2024-04-01 15:52:52,740] {dagbag.py:508} INFO - Filling up the DagBag from /opt/conda/lib/python3.8/site-packages/airflow/example_dags/plugins/workday.py
[2024-04-01 15:52:52,742] {processor.py:653} WARNING - No viable dags retrieved from /opt/conda/lib/python3.8/site-packages/airflow/example_dags/plugins/workday.py
[2024-04-01 15:52:52,752] {processor.py:161} INFO - Processing /opt/conda/lib/python3.8/site-packages/airflow/example_dags/plugins/workday.py took 0.017 seconds
[2024-04-01 15:53:48,764] {processor.py:153} INFO - Started process (PID=14252) to work on /opt/conda/lib/python3.8/site-packages/airflow/example_dags/plugins/workday.py
[2024-04-01 15:53:48,766] {processor.py:641} INFO - Processing file /opt/conda/lib/python3.8/site-packages/airflow/example_dags/plugins/workday.py for tasks to queue
[2024-04-01 15:53:48,766] {logging_mixin.py:115} INFO - [2024-04-01 15:53:48,766] {dagbag.py:508} INFO - Filling up the DagBag from /opt/conda/lib/python3.8/site-packages/airflow/example_dags/plugins/workday.py
[2024-04-01 15:53:48,768] {processor.py:653} WARNING - No viable dags retrieved from /opt/conda/lib/python3.8/site-packages/airflow/example_dags/plugins/workday.py
[2024-04-01 15:53:48,778] {processor.py:161} INFO - Processing /opt/conda/lib/python3.8/site-packages/airflow/example_dags/plugins/workday.py took 0.017 seconds
[2024-04-01 15:54:50,445] {processor.py:153} INFO - Started process (PID=14471) to work on /opt/conda/lib/python3.8/site-packages/airflow/example_dags/plugins/workday.py
[2024-04-01 15:54:50,446] {processor.py:641} INFO - Processing file /opt/conda/lib/python3.8/site-packages/airflow/example_dags/plugins/workday.py for tasks to queue
[2024-04-01 15:54:50,447] {logging_mixin.py:115} INFO - [2024-04-01 15:54:50,446] {dagbag.py:508} INFO - Filling up the DagBag from /opt/conda/lib/python3.8/site-packages/airflow/example_dags/plugins/workday.py
[2024-04-01 15:54:50,448] {processor.py:653} WARNING - No viable dags retrieved from /opt/conda/lib/python3.8/site-packages/airflow/example_dags/plugins/workday.py
[2024-04-01 15:54:50,458] {processor.py:161} INFO - Processing /opt/conda/lib/python3.8/site-packages/airflow/example_dags/plugins/workday.py took 0.016 seconds
[2024-04-01 15:55:41,377] {processor.py:153} INFO - Started process (PID=14647) to work on /opt/conda/lib/python3.8/site-packages/airflow/example_dags/plugins/workday.py
[2024-04-01 15:55:41,378] {processor.py:641} INFO - Processing file /opt/conda/lib/python3.8/site-packages/airflow/example_dags/plugins/workday.py for tasks to queue
[2024-04-01 15:55:41,379] {logging_mixin.py:115} INFO - [2024-04-01 15:55:41,379] {dagbag.py:508} INFO - Filling up the DagBag from /opt/conda/lib/python3.8/site-packages/airflow/example_dags/plugins/workday.py
[2024-04-01 15:55:41,380] {processor.py:653} WARNING - No viable dags retrieved from /opt/conda/lib/python3.8/site-packages/airflow/example_dags/plugins/workday.py
[2024-04-01 15:55:41,390] {processor.py:161} INFO - Processing /opt/conda/lib/python3.8/site-packages/airflow/example_dags/plugins/workday.py took 0.016 seconds
[2024-04-01 15:56:35,728] {processor.py:153} INFO - Started process (PID=14825) to work on /opt/conda/lib/python3.8/site-packages/airflow/example_dags/plugins/workday.py
[2024-04-01 15:56:35,730] {processor.py:641} INFO - Processing file /opt/conda/lib/python3.8/site-packages/airflow/example_dags/plugins/workday.py for tasks to queue
[2024-04-01 15:56:35,730] {logging_mixin.py:115} INFO - [2024-04-01 15:56:35,730] {dagbag.py:508} INFO - Filling up the DagBag from /opt/conda/lib/python3.8/site-packages/airflow/example_dags/plugins/workday.py
[2024-04-01 15:56:35,732] {processor.py:653} WARNING - No viable dags retrieved from /opt/conda/lib/python3.8/site-packages/airflow/example_dags/plugins/workday.py
[2024-04-01 15:56:35,742] {processor.py:161} INFO - Processing /opt/conda/lib/python3.8/site-packages/airflow/example_dags/plugins/workday.py took 0.017 seconds
[2024-04-01 15:57:33,600] {processor.py:153} INFO - Started process (PID=14992) to work on /opt/conda/lib/python3.8/site-packages/airflow/example_dags/plugins/workday.py
[2024-04-01 15:57:33,606] {processor.py:641} INFO - Processing file /opt/conda/lib/python3.8/site-packages/airflow/example_dags/plugins/workday.py for tasks to queue
[2024-04-01 15:57:33,607] {logging_mixin.py:115} INFO - [2024-04-01 15:57:33,607] {dagbag.py:508} INFO - Filling up the DagBag from /opt/conda/lib/python3.8/site-packages/airflow/example_dags/plugins/workday.py
[2024-04-01 15:57:33,608] {processor.py:653} WARNING - No viable dags retrieved from /opt/conda/lib/python3.8/site-packages/airflow/example_dags/plugins/workday.py
[2024-04-01 15:57:33,625] {processor.py:161} INFO - Processing /opt/conda/lib/python3.8/site-packages/airflow/example_dags/plugins/workday.py took 0.027 seconds
[2024-04-01 15:58:26,280] {processor.py:153} INFO - Started process (PID=15171) to work on /opt/conda/lib/python3.8/site-packages/airflow/example_dags/plugins/workday.py
[2024-04-01 15:58:26,281] {processor.py:641} INFO - Processing file /opt/conda/lib/python3.8/site-packages/airflow/example_dags/plugins/workday.py for tasks to queue
[2024-04-01 15:58:26,282] {logging_mixin.py:115} INFO - [2024-04-01 15:58:26,282] {dagbag.py:508} INFO - Filling up the DagBag from /opt/conda/lib/python3.8/site-packages/airflow/example_dags/plugins/workday.py
[2024-04-01 15:58:26,283] {processor.py:653} WARNING - No viable dags retrieved from /opt/conda/lib/python3.8/site-packages/airflow/example_dags/plugins/workday.py
[2024-04-01 15:58:26,294] {processor.py:161} INFO - Processing /opt/conda/lib/python3.8/site-packages/airflow/example_dags/plugins/workday.py took 0.017 seconds
[2024-04-01 15:59:15,618] {processor.py:153} INFO - Started process (PID=15339) to work on /opt/conda/lib/python3.8/site-packages/airflow/example_dags/plugins/workday.py
[2024-04-01 15:59:15,622] {processor.py:641} INFO - Processing file /opt/conda/lib/python3.8/site-packages/airflow/example_dags/plugins/workday.py for tasks to queue
[2024-04-01 15:59:15,622] {logging_mixin.py:115} INFO - [2024-04-01 15:59:15,622] {dagbag.py:508} INFO - Filling up the DagBag from /opt/conda/lib/python3.8/site-packages/airflow/example_dags/plugins/workday.py
[2024-04-01 15:59:15,624] {processor.py:653} WARNING - No viable dags retrieved from /opt/conda/lib/python3.8/site-packages/airflow/example_dags/plugins/workday.py
[2024-04-01 15:59:15,642] {processor.py:161} INFO - Processing /opt/conda/lib/python3.8/site-packages/airflow/example_dags/plugins/workday.py took 0.026 seconds
[2024-04-01 16:00:11,448] {processor.py:153} INFO - Started process (PID=15525) to work on /opt/conda/lib/python3.8/site-packages/airflow/example_dags/plugins/workday.py
[2024-04-01 16:00:11,450] {processor.py:641} INFO - Processing file /opt/conda/lib/python3.8/site-packages/airflow/example_dags/plugins/workday.py for tasks to queue
[2024-04-01 16:00:11,450] {logging_mixin.py:115} INFO - [2024-04-01 16:00:11,450] {dagbag.py:508} INFO - Filling up the DagBag from /opt/conda/lib/python3.8/site-packages/airflow/example_dags/plugins/workday.py
[2024-04-01 16:00:11,452] {processor.py:653} WARNING - No viable dags retrieved from /opt/conda/lib/python3.8/site-packages/airflow/example_dags/plugins/workday.py
[2024-04-01 16:00:11,460] {processor.py:161} INFO - Processing /opt/conda/lib/python3.8/site-packages/airflow/example_dags/plugins/workday.py took 0.015 seconds
[2024-04-01 16:01:06,038] {processor.py:153} INFO - Started process (PID=15704) to work on /opt/conda/lib/python3.8/site-packages/airflow/example_dags/plugins/workday.py
[2024-04-01 16:01:06,039] {processor.py:641} INFO - Processing file /opt/conda/lib/python3.8/site-packages/airflow/example_dags/plugins/workday.py for tasks to queue
[2024-04-01 16:01:06,040] {logging_mixin.py:115} INFO - [2024-04-01 16:01:06,040] {dagbag.py:508} INFO - Filling up the DagBag from /opt/conda/lib/python3.8/site-packages/airflow/example_dags/plugins/workday.py
[2024-04-01 16:01:06,042] {processor.py:653} WARNING - No viable dags retrieved from /opt/conda/lib/python3.8/site-packages/airflow/example_dags/plugins/workday.py
[2024-04-01 16:01:06,052] {processor.py:161} INFO - Processing /opt/conda/lib/python3.8/site-packages/airflow/example_dags/plugins/workday.py took 0.017 seconds
[2024-04-01 16:02:02,344] {processor.py:153} INFO - Started process (PID=15885) to work on /opt/conda/lib/python3.8/site-packages/airflow/example_dags/plugins/workday.py
[2024-04-01 16:02:02,346] {processor.py:641} INFO - Processing file /opt/conda/lib/python3.8/site-packages/airflow/example_dags/plugins/workday.py for tasks to queue
[2024-04-01 16:02:02,347] {logging_mixin.py:115} INFO - [2024-04-01 16:02:02,347] {dagbag.py:508} INFO - Filling up the DagBag from /opt/conda/lib/python3.8/site-packages/airflow/example_dags/plugins/workday.py
[2024-04-01 16:02:02,348] {processor.py:653} WARNING - No viable dags retrieved from /opt/conda/lib/python3.8/site-packages/airflow/example_dags/plugins/workday.py
[2024-04-01 16:02:02,357] {processor.py:161} INFO - Processing /opt/conda/lib/python3.8/site-packages/airflow/example_dags/plugins/workday.py took 0.014 seconds
[2024-04-01 16:02:55,481] {processor.py:153} INFO - Started process (PID=16077) to work on /opt/conda/lib/python3.8/site-packages/airflow/example_dags/plugins/workday.py
[2024-04-01 16:02:55,487] {processor.py:641} INFO - Processing file /opt/conda/lib/python3.8/site-packages/airflow/example_dags/plugins/workday.py for tasks to queue
[2024-04-01 16:02:55,488] {logging_mixin.py:115} INFO - [2024-04-01 16:02:55,488] {dagbag.py:508} INFO - Filling up the DagBag from /opt/conda/lib/python3.8/site-packages/airflow/example_dags/plugins/workday.py
[2024-04-01 16:02:55,489] {processor.py:653} WARNING - No viable dags retrieved from /opt/conda/lib/python3.8/site-packages/airflow/example_dags/plugins/workday.py
[2024-04-01 16:02:55,498] {processor.py:161} INFO - Processing /opt/conda/lib/python3.8/site-packages/airflow/example_dags/plugins/workday.py took 0.019 seconds
[2024-04-01 16:03:47,089] {processor.py:153} INFO - Started process (PID=16259) to work on /opt/conda/lib/python3.8/site-packages/airflow/example_dags/plugins/workday.py
[2024-04-01 16:03:47,091] {processor.py:641} INFO - Processing file /opt/conda/lib/python3.8/site-packages/airflow/example_dags/plugins/workday.py for tasks to queue
[2024-04-01 16:03:47,091] {logging_mixin.py:115} INFO - [2024-04-01 16:03:47,091] {dagbag.py:508} INFO - Filling up the DagBag from /opt/conda/lib/python3.8/site-packages/airflow/example_dags/plugins/workday.py
[2024-04-01 16:03:47,093] {processor.py:653} WARNING - No viable dags retrieved from /opt/conda/lib/python3.8/site-packages/airflow/example_dags/plugins/workday.py
[2024-04-01 16:03:47,103] {processor.py:161} INFO - Processing /opt/conda/lib/python3.8/site-packages/airflow/example_dags/plugins/workday.py took 0.016 seconds
[2024-04-01 16:04:45,045] {processor.py:153} INFO - Started process (PID=16448) to work on /opt/conda/lib/python3.8/site-packages/airflow/example_dags/plugins/workday.py
[2024-04-01 16:04:45,047] {processor.py:641} INFO - Processing file /opt/conda/lib/python3.8/site-packages/airflow/example_dags/plugins/workday.py for tasks to queue
[2024-04-01 16:04:45,047] {logging_mixin.py:115} INFO - [2024-04-01 16:04:45,047] {dagbag.py:508} INFO - Filling up the DagBag from /opt/conda/lib/python3.8/site-packages/airflow/example_dags/plugins/workday.py
[2024-04-01 16:04:45,049] {processor.py:653} WARNING - No viable dags retrieved from /opt/conda/lib/python3.8/site-packages/airflow/example_dags/plugins/workday.py
[2024-04-01 16:04:45,058] {processor.py:161} INFO - Processing /opt/conda/lib/python3.8/site-packages/airflow/example_dags/plugins/workday.py took 0.017 seconds
[2024-04-01 16:05:36,028] {processor.py:153} INFO - Started process (PID=16623) to work on /opt/conda/lib/python3.8/site-packages/airflow/example_dags/plugins/workday.py
[2024-04-01 16:05:36,029] {processor.py:641} INFO - Processing file /opt/conda/lib/python3.8/site-packages/airflow/example_dags/plugins/workday.py for tasks to queue
[2024-04-01 16:05:36,030] {logging_mixin.py:115} INFO - [2024-04-01 16:05:36,030] {dagbag.py:508} INFO - Filling up the DagBag from /opt/conda/lib/python3.8/site-packages/airflow/example_dags/plugins/workday.py
[2024-04-01 16:05:36,032] {processor.py:653} WARNING - No viable dags retrieved from /opt/conda/lib/python3.8/site-packages/airflow/example_dags/plugins/workday.py
[2024-04-01 16:05:36,041] {processor.py:161} INFO - Processing /opt/conda/lib/python3.8/site-packages/airflow/example_dags/plugins/workday.py took 0.017 seconds
[2024-04-01 16:06:30,090] {processor.py:153} INFO - Started process (PID=16817) to work on /opt/conda/lib/python3.8/site-packages/airflow/example_dags/plugins/workday.py
[2024-04-01 16:06:30,096] {processor.py:641} INFO - Processing file /opt/conda/lib/python3.8/site-packages/airflow/example_dags/plugins/workday.py for tasks to queue
[2024-04-01 16:06:30,097] {logging_mixin.py:115} INFO - [2024-04-01 16:06:30,097] {dagbag.py:508} INFO - Filling up the DagBag from /opt/conda/lib/python3.8/site-packages/airflow/example_dags/plugins/workday.py
[2024-04-01 16:06:30,098] {processor.py:653} WARNING - No viable dags retrieved from /opt/conda/lib/python3.8/site-packages/airflow/example_dags/plugins/workday.py
[2024-04-01 16:06:30,118] {processor.py:161} INFO - Processing /opt/conda/lib/python3.8/site-packages/airflow/example_dags/plugins/workday.py took 0.030 seconds
[2024-04-01 16:07:31,773] {processor.py:153} INFO - Started process (PID=17013) to work on /opt/conda/lib/python3.8/site-packages/airflow/example_dags/plugins/workday.py
[2024-04-01 16:07:31,775] {processor.py:641} INFO - Processing file /opt/conda/lib/python3.8/site-packages/airflow/example_dags/plugins/workday.py for tasks to queue
[2024-04-01 16:07:31,775] {logging_mixin.py:115} INFO - [2024-04-01 16:07:31,775] {dagbag.py:508} INFO - Filling up the DagBag from /opt/conda/lib/python3.8/site-packages/airflow/example_dags/plugins/workday.py
[2024-04-01 16:07:31,777] {processor.py:653} WARNING - No viable dags retrieved from /opt/conda/lib/python3.8/site-packages/airflow/example_dags/plugins/workday.py
[2024-04-01 16:07:31,787] {processor.py:161} INFO - Processing /opt/conda/lib/python3.8/site-packages/airflow/example_dags/plugins/workday.py took 0.017 seconds
[2024-04-01 16:08:27,428] {processor.py:153} INFO - Started process (PID=17186) to work on /opt/conda/lib/python3.8/site-packages/airflow/example_dags/plugins/workday.py
[2024-04-01 16:08:27,430] {processor.py:641} INFO - Processing file /opt/conda/lib/python3.8/site-packages/airflow/example_dags/plugins/workday.py for tasks to queue
[2024-04-01 16:08:27,430] {logging_mixin.py:115} INFO - [2024-04-01 16:08:27,430] {dagbag.py:508} INFO - Filling up the DagBag from /opt/conda/lib/python3.8/site-packages/airflow/example_dags/plugins/workday.py
[2024-04-01 16:08:27,432] {processor.py:653} WARNING - No viable dags retrieved from /opt/conda/lib/python3.8/site-packages/airflow/example_dags/plugins/workday.py
[2024-04-01 16:08:27,442] {processor.py:161} INFO - Processing /opt/conda/lib/python3.8/site-packages/airflow/example_dags/plugins/workday.py took 0.017 seconds
[2024-04-01 16:09:28,542] {processor.py:153} INFO - Started process (PID=17368) to work on /opt/conda/lib/python3.8/site-packages/airflow/example_dags/plugins/workday.py
[2024-04-01 16:09:28,544] {processor.py:641} INFO - Processing file /opt/conda/lib/python3.8/site-packages/airflow/example_dags/plugins/workday.py for tasks to queue
[2024-04-01 16:09:28,544] {logging_mixin.py:115} INFO - [2024-04-01 16:09:28,544] {dagbag.py:508} INFO - Filling up the DagBag from /opt/conda/lib/python3.8/site-packages/airflow/example_dags/plugins/workday.py
[2024-04-01 16:09:28,546] {processor.py:653} WARNING - No viable dags retrieved from /opt/conda/lib/python3.8/site-packages/airflow/example_dags/plugins/workday.py
[2024-04-01 16:09:28,556] {processor.py:161} INFO - Processing /opt/conda/lib/python3.8/site-packages/airflow/example_dags/plugins/workday.py took 0.017 seconds
[2024-04-01 16:10:31,417] {processor.py:153} INFO - Started process (PID=17552) to work on /opt/conda/lib/python3.8/site-packages/airflow/example_dags/plugins/workday.py
[2024-04-01 16:10:31,419] {processor.py:641} INFO - Processing file /opt/conda/lib/python3.8/site-packages/airflow/example_dags/plugins/workday.py for tasks to queue
[2024-04-01 16:10:31,420] {logging_mixin.py:115} INFO - [2024-04-01 16:10:31,419] {dagbag.py:508} INFO - Filling up the DagBag from /opt/conda/lib/python3.8/site-packages/airflow/example_dags/plugins/workday.py
[2024-04-01 16:10:31,421] {processor.py:653} WARNING - No viable dags retrieved from /opt/conda/lib/python3.8/site-packages/airflow/example_dags/plugins/workday.py
[2024-04-01 16:10:31,431] {processor.py:161} INFO - Processing /opt/conda/lib/python3.8/site-packages/airflow/example_dags/plugins/workday.py took 0.017 seconds
[2024-04-01 16:11:27,820] {processor.py:153} INFO - Started process (PID=17739) to work on /opt/conda/lib/python3.8/site-packages/airflow/example_dags/plugins/workday.py
[2024-04-01 16:11:27,822] {processor.py:641} INFO - Processing file /opt/conda/lib/python3.8/site-packages/airflow/example_dags/plugins/workday.py for tasks to queue
[2024-04-01 16:11:27,822] {logging_mixin.py:115} INFO - [2024-04-01 16:11:27,822] {dagbag.py:508} INFO - Filling up the DagBag from /opt/conda/lib/python3.8/site-packages/airflow/example_dags/plugins/workday.py
[2024-04-01 16:11:27,824] {processor.py:653} WARNING - No viable dags retrieved from /opt/conda/lib/python3.8/site-packages/airflow/example_dags/plugins/workday.py
[2024-04-01 16:11:27,834] {processor.py:161} INFO - Processing /opt/conda/lib/python3.8/site-packages/airflow/example_dags/plugins/workday.py took 0.017 seconds
[2024-04-01 16:12:22,052] {processor.py:153} INFO - Started process (PID=17918) to work on /opt/conda/lib/python3.8/site-packages/airflow/example_dags/plugins/workday.py
[2024-04-01 16:12:22,054] {processor.py:641} INFO - Processing file /opt/conda/lib/python3.8/site-packages/airflow/example_dags/plugins/workday.py for tasks to queue
[2024-04-01 16:12:22,055] {logging_mixin.py:115} INFO - [2024-04-01 16:12:22,054] {dagbag.py:508} INFO - Filling up the DagBag from /opt/conda/lib/python3.8/site-packages/airflow/example_dags/plugins/workday.py
[2024-04-01 16:12:22,056] {processor.py:653} WARNING - No viable dags retrieved from /opt/conda/lib/python3.8/site-packages/airflow/example_dags/plugins/workday.py
[2024-04-01 16:12:22,066] {processor.py:161} INFO - Processing /opt/conda/lib/python3.8/site-packages/airflow/example_dags/plugins/workday.py took 0.017 seconds
[2024-04-01 16:13:14,398] {processor.py:153} INFO - Started process (PID=18095) to work on /opt/conda/lib/python3.8/site-packages/airflow/example_dags/plugins/workday.py
[2024-04-01 16:13:14,404] {processor.py:641} INFO - Processing file /opt/conda/lib/python3.8/site-packages/airflow/example_dags/plugins/workday.py for tasks to queue
[2024-04-01 16:13:14,404] {logging_mixin.py:115} INFO - [2024-04-01 16:13:14,404] {dagbag.py:508} INFO - Filling up the DagBag from /opt/conda/lib/python3.8/site-packages/airflow/example_dags/plugins/workday.py
[2024-04-01 16:13:14,406] {processor.py:653} WARNING - No viable dags retrieved from /opt/conda/lib/python3.8/site-packages/airflow/example_dags/plugins/workday.py
[2024-04-01 16:13:14,414] {processor.py:161} INFO - Processing /opt/conda/lib/python3.8/site-packages/airflow/example_dags/plugins/workday.py took 0.018 seconds
[2024-04-01 16:14:07,917] {processor.py:153} INFO - Started process (PID=18294) to work on /opt/conda/lib/python3.8/site-packages/airflow/example_dags/plugins/workday.py
[2024-04-01 16:14:07,918] {processor.py:641} INFO - Processing file /opt/conda/lib/python3.8/site-packages/airflow/example_dags/plugins/workday.py for tasks to queue
[2024-04-01 16:14:07,919] {logging_mixin.py:115} INFO - [2024-04-01 16:14:07,919] {dagbag.py:508} INFO - Filling up the DagBag from /opt/conda/lib/python3.8/site-packages/airflow/example_dags/plugins/workday.py
[2024-04-01 16:14:07,920] {processor.py:653} WARNING - No viable dags retrieved from /opt/conda/lib/python3.8/site-packages/airflow/example_dags/plugins/workday.py
[2024-04-01 16:14:07,928] {processor.py:161} INFO - Processing /opt/conda/lib/python3.8/site-packages/airflow/example_dags/plugins/workday.py took 0.014 seconds
[2024-04-01 16:15:05,133] {processor.py:153} INFO - Started process (PID=18489) to work on /opt/conda/lib/python3.8/site-packages/airflow/example_dags/plugins/workday.py
[2024-04-01 16:15:05,134] {processor.py:641} INFO - Processing file /opt/conda/lib/python3.8/site-packages/airflow/example_dags/plugins/workday.py for tasks to queue
[2024-04-01 16:15:05,135] {logging_mixin.py:115} INFO - [2024-04-01 16:15:05,135] {dagbag.py:508} INFO - Filling up the DagBag from /opt/conda/lib/python3.8/site-packages/airflow/example_dags/plugins/workday.py
[2024-04-01 16:15:05,137] {processor.py:653} WARNING - No viable dags retrieved from /opt/conda/lib/python3.8/site-packages/airflow/example_dags/plugins/workday.py
[2024-04-01 16:15:05,146] {processor.py:161} INFO - Processing /opt/conda/lib/python3.8/site-packages/airflow/example_dags/plugins/workday.py took 0.017 seconds
[2024-04-01 16:16:01,473] {processor.py:153} INFO - Started process (PID=18676) to work on /opt/conda/lib/python3.8/site-packages/airflow/example_dags/plugins/workday.py
[2024-04-01 16:16:01,475] {processor.py:641} INFO - Processing file /opt/conda/lib/python3.8/site-packages/airflow/example_dags/plugins/workday.py for tasks to queue
[2024-04-01 16:16:01,475] {logging_mixin.py:115} INFO - [2024-04-01 16:16:01,475] {dagbag.py:508} INFO - Filling up the DagBag from /opt/conda/lib/python3.8/site-packages/airflow/example_dags/plugins/workday.py
[2024-04-01 16:16:01,477] {processor.py:653} WARNING - No viable dags retrieved from /opt/conda/lib/python3.8/site-packages/airflow/example_dags/plugins/workday.py
[2024-04-01 16:16:01,487] {processor.py:161} INFO - Processing /opt/conda/lib/python3.8/site-packages/airflow/example_dags/plugins/workday.py took 0.017 seconds
[2024-04-01 16:16:52,924] {processor.py:153} INFO - Started process (PID=18875) to work on /opt/conda/lib/python3.8/site-packages/airflow/example_dags/plugins/workday.py
[2024-04-01 16:16:52,926] {processor.py:641} INFO - Processing file /opt/conda/lib/python3.8/site-packages/airflow/example_dags/plugins/workday.py for tasks to queue
[2024-04-01 16:16:52,926] {logging_mixin.py:115} INFO - [2024-04-01 16:16:52,926] {dagbag.py:508} INFO - Filling up the DagBag from /opt/conda/lib/python3.8/site-packages/airflow/example_dags/plugins/workday.py
[2024-04-01 16:16:52,928] {processor.py:653} WARNING - No viable dags retrieved from /opt/conda/lib/python3.8/site-packages/airflow/example_dags/plugins/workday.py
[2024-04-01 16:16:52,938] {processor.py:161} INFO - Processing /opt/conda/lib/python3.8/site-packages/airflow/example_dags/plugins/workday.py took 0.017 seconds
[2024-04-01 16:17:42,945] {processor.py:153} INFO - Started process (PID=19050) to work on /opt/conda/lib/python3.8/site-packages/airflow/example_dags/plugins/workday.py
[2024-04-01 16:17:42,946] {processor.py:641} INFO - Processing file /opt/conda/lib/python3.8/site-packages/airflow/example_dags/plugins/workday.py for tasks to queue
[2024-04-01 16:17:42,947] {logging_mixin.py:115} INFO - [2024-04-01 16:17:42,947] {dagbag.py:508} INFO - Filling up the DagBag from /opt/conda/lib/python3.8/site-packages/airflow/example_dags/plugins/workday.py
[2024-04-01 16:17:42,949] {processor.py:653} WARNING - No viable dags retrieved from /opt/conda/lib/python3.8/site-packages/airflow/example_dags/plugins/workday.py
[2024-04-01 16:17:42,959] {processor.py:161} INFO - Processing /opt/conda/lib/python3.8/site-packages/airflow/example_dags/plugins/workday.py took 0.017 seconds
[2024-04-01 16:18:38,381] {processor.py:153} INFO - Started process (PID=19257) to work on /opt/conda/lib/python3.8/site-packages/airflow/example_dags/plugins/workday.py
[2024-04-01 16:18:38,383] {processor.py:641} INFO - Processing file /opt/conda/lib/python3.8/site-packages/airflow/example_dags/plugins/workday.py for tasks to queue
[2024-04-01 16:18:38,383] {logging_mixin.py:115} INFO - [2024-04-01 16:18:38,383] {dagbag.py:508} INFO - Filling up the DagBag from /opt/conda/lib/python3.8/site-packages/airflow/example_dags/plugins/workday.py
[2024-04-01 16:18:38,385] {processor.py:653} WARNING - No viable dags retrieved from /opt/conda/lib/python3.8/site-packages/airflow/example_dags/plugins/workday.py
[2024-04-01 16:18:38,395] {processor.py:161} INFO - Processing /opt/conda/lib/python3.8/site-packages/airflow/example_dags/plugins/workday.py took 0.016 seconds
[2024-04-01 16:19:35,101] {processor.py:153} INFO - Started process (PID=19472) to work on /opt/conda/lib/python3.8/site-packages/airflow/example_dags/plugins/workday.py
[2024-04-01 16:19:35,102] {processor.py:641} INFO - Processing file /opt/conda/lib/python3.8/site-packages/airflow/example_dags/plugins/workday.py for tasks to queue
[2024-04-01 16:19:35,103] {logging_mixin.py:115} INFO - [2024-04-01 16:19:35,103] {dagbag.py:508} INFO - Filling up the DagBag from /opt/conda/lib/python3.8/site-packages/airflow/example_dags/plugins/workday.py
[2024-04-01 16:19:35,105] {processor.py:653} WARNING - No viable dags retrieved from /opt/conda/lib/python3.8/site-packages/airflow/example_dags/plugins/workday.py
[2024-04-01 16:19:35,115] {processor.py:161} INFO - Processing /opt/conda/lib/python3.8/site-packages/airflow/example_dags/plugins/workday.py took 0.018 seconds
[2024-04-01 16:20:34,752] {processor.py:153} INFO - Started process (PID=19689) to work on /opt/conda/lib/python3.8/site-packages/airflow/example_dags/plugins/workday.py
[2024-04-01 16:20:34,754] {processor.py:641} INFO - Processing file /opt/conda/lib/python3.8/site-packages/airflow/example_dags/plugins/workday.py for tasks to queue
[2024-04-01 16:20:34,754] {logging_mixin.py:115} INFO - [2024-04-01 16:20:34,754] {dagbag.py:508} INFO - Filling up the DagBag from /opt/conda/lib/python3.8/site-packages/airflow/example_dags/plugins/workday.py
[2024-04-01 16:20:34,756] {processor.py:653} WARNING - No viable dags retrieved from /opt/conda/lib/python3.8/site-packages/airflow/example_dags/plugins/workday.py
[2024-04-01 16:20:34,766] {processor.py:161} INFO - Processing /opt/conda/lib/python3.8/site-packages/airflow/example_dags/plugins/workday.py took 0.016 seconds
[2024-04-01 16:21:28,536] {processor.py:153} INFO - Started process (PID=19890) to work on /opt/conda/lib/python3.8/site-packages/airflow/example_dags/plugins/workday.py
[2024-04-01 16:21:28,538] {processor.py:641} INFO - Processing file /opt/conda/lib/python3.8/site-packages/airflow/example_dags/plugins/workday.py for tasks to queue
[2024-04-01 16:21:28,538] {logging_mixin.py:115} INFO - [2024-04-01 16:21:28,538] {dagbag.py:508} INFO - Filling up the DagBag from /opt/conda/lib/python3.8/site-packages/airflow/example_dags/plugins/workday.py
[2024-04-01 16:21:28,540] {processor.py:653} WARNING - No viable dags retrieved from /opt/conda/lib/python3.8/site-packages/airflow/example_dags/plugins/workday.py
[2024-04-01 16:21:28,550] {processor.py:161} INFO - Processing /opt/conda/lib/python3.8/site-packages/airflow/example_dags/plugins/workday.py took 0.017 seconds
[2024-04-01 16:22:28,884] {processor.py:153} INFO - Started process (PID=20098) to work on /opt/conda/lib/python3.8/site-packages/airflow/example_dags/plugins/workday.py
[2024-04-01 16:22:28,891] {processor.py:641} INFO - Processing file /opt/conda/lib/python3.8/site-packages/airflow/example_dags/plugins/workday.py for tasks to queue
[2024-04-01 16:22:28,891] {logging_mixin.py:115} INFO - [2024-04-01 16:22:28,891] {dagbag.py:508} INFO - Filling up the DagBag from /opt/conda/lib/python3.8/site-packages/airflow/example_dags/plugins/workday.py
[2024-04-01 16:22:28,892] {processor.py:653} WARNING - No viable dags retrieved from /opt/conda/lib/python3.8/site-packages/airflow/example_dags/plugins/workday.py
[2024-04-01 16:22:28,905] {processor.py:161} INFO - Processing /opt/conda/lib/python3.8/site-packages/airflow/example_dags/plugins/workday.py took 0.023 seconds
[2024-04-01 16:23:17,253] {processor.py:153} INFO - Started process (PID=20280) to work on /opt/conda/lib/python3.8/site-packages/airflow/example_dags/plugins/workday.py
[2024-04-01 16:23:17,255] {processor.py:641} INFO - Processing file /opt/conda/lib/python3.8/site-packages/airflow/example_dags/plugins/workday.py for tasks to queue
[2024-04-01 16:23:17,255] {logging_mixin.py:115} INFO - [2024-04-01 16:23:17,255] {dagbag.py:508} INFO - Filling up the DagBag from /opt/conda/lib/python3.8/site-packages/airflow/example_dags/plugins/workday.py
[2024-04-01 16:23:17,257] {processor.py:653} WARNING - No viable dags retrieved from /opt/conda/lib/python3.8/site-packages/airflow/example_dags/plugins/workday.py
[2024-04-01 16:23:17,267] {processor.py:161} INFO - Processing /opt/conda/lib/python3.8/site-packages/airflow/example_dags/plugins/workday.py took 0.017 seconds
[2024-04-01 16:24:11,344] {processor.py:153} INFO - Started process (PID=20472) to work on /opt/conda/lib/python3.8/site-packages/airflow/example_dags/plugins/workday.py
[2024-04-01 16:24:11,345] {processor.py:641} INFO - Processing file /opt/conda/lib/python3.8/site-packages/airflow/example_dags/plugins/workday.py for tasks to queue
[2024-04-01 16:24:11,346] {logging_mixin.py:115} INFO - [2024-04-01 16:24:11,346] {dagbag.py:508} INFO - Filling up the DagBag from /opt/conda/lib/python3.8/site-packages/airflow/example_dags/plugins/workday.py
[2024-04-01 16:24:11,348] {processor.py:653} WARNING - No viable dags retrieved from /opt/conda/lib/python3.8/site-packages/airflow/example_dags/plugins/workday.py
[2024-04-01 16:24:11,358] {processor.py:161} INFO - Processing /opt/conda/lib/python3.8/site-packages/airflow/example_dags/plugins/workday.py took 0.017 seconds
[2024-04-01 16:25:05,068] {processor.py:153} INFO - Started process (PID=20663) to work on /opt/conda/lib/python3.8/site-packages/airflow/example_dags/plugins/workday.py
[2024-04-01 16:25:05,069] {processor.py:641} INFO - Processing file /opt/conda/lib/python3.8/site-packages/airflow/example_dags/plugins/workday.py for tasks to queue
[2024-04-01 16:25:05,070] {logging_mixin.py:115} INFO - [2024-04-01 16:25:05,070] {dagbag.py:508} INFO - Filling up the DagBag from /opt/conda/lib/python3.8/site-packages/airflow/example_dags/plugins/workday.py
[2024-04-01 16:25:05,071] {processor.py:653} WARNING - No viable dags retrieved from /opt/conda/lib/python3.8/site-packages/airflow/example_dags/plugins/workday.py
[2024-04-01 16:25:05,079] {processor.py:161} INFO - Processing /opt/conda/lib/python3.8/site-packages/airflow/example_dags/plugins/workday.py took 0.014 seconds
[2024-04-01 16:26:00,433] {processor.py:153} INFO - Started process (PID=20860) to work on /opt/conda/lib/python3.8/site-packages/airflow/example_dags/plugins/workday.py
[2024-04-01 16:26:00,435] {processor.py:641} INFO - Processing file /opt/conda/lib/python3.8/site-packages/airflow/example_dags/plugins/workday.py for tasks to queue
[2024-04-01 16:26:00,435] {logging_mixin.py:115} INFO - [2024-04-01 16:26:00,435] {dagbag.py:508} INFO - Filling up the DagBag from /opt/conda/lib/python3.8/site-packages/airflow/example_dags/plugins/workday.py
[2024-04-01 16:26:00,437] {processor.py:653} WARNING - No viable dags retrieved from /opt/conda/lib/python3.8/site-packages/airflow/example_dags/plugins/workday.py
[2024-04-01 16:26:00,445] {processor.py:161} INFO - Processing /opt/conda/lib/python3.8/site-packages/airflow/example_dags/plugins/workday.py took 0.014 seconds
[2024-04-01 16:26:42,472] {processor.py:153} INFO - Started process (PID=21013) to work on /opt/conda/lib/python3.8/site-packages/airflow/example_dags/plugins/workday.py
[2024-04-01 16:26:42,474] {processor.py:641} INFO - Processing file /opt/conda/lib/python3.8/site-packages/airflow/example_dags/plugins/workday.py for tasks to queue
[2024-04-01 16:26:42,474] {logging_mixin.py:115} INFO - [2024-04-01 16:26:42,474] {dagbag.py:508} INFO - Filling up the DagBag from /opt/conda/lib/python3.8/site-packages/airflow/example_dags/plugins/workday.py
[2024-04-01 16:26:42,476] {processor.py:653} WARNING - No viable dags retrieved from /opt/conda/lib/python3.8/site-packages/airflow/example_dags/plugins/workday.py
[2024-04-01 16:26:42,486] {processor.py:161} INFO - Processing /opt/conda/lib/python3.8/site-packages/airflow/example_dags/plugins/workday.py took 0.017 seconds
[2024-04-01 16:27:39,296] {processor.py:153} INFO - Started process (PID=21199) to work on /opt/conda/lib/python3.8/site-packages/airflow/example_dags/plugins/workday.py
[2024-04-01 16:27:39,298] {processor.py:641} INFO - Processing file /opt/conda/lib/python3.8/site-packages/airflow/example_dags/plugins/workday.py for tasks to queue
[2024-04-01 16:27:39,299] {logging_mixin.py:115} INFO - [2024-04-01 16:27:39,299] {dagbag.py:508} INFO - Filling up the DagBag from /opt/conda/lib/python3.8/site-packages/airflow/example_dags/plugins/workday.py
[2024-04-01 16:27:39,301] {processor.py:653} WARNING - No viable dags retrieved from /opt/conda/lib/python3.8/site-packages/airflow/example_dags/plugins/workday.py
[2024-04-01 16:27:39,310] {processor.py:161} INFO - Processing /opt/conda/lib/python3.8/site-packages/airflow/example_dags/plugins/workday.py took 0.017 seconds
[2024-04-01 16:28:24,180] {processor.py:153} INFO - Started process (PID=21338) to work on /opt/conda/lib/python3.8/site-packages/airflow/example_dags/plugins/workday.py
[2024-04-01 16:28:24,182] {processor.py:641} INFO - Processing file /opt/conda/lib/python3.8/site-packages/airflow/example_dags/plugins/workday.py for tasks to queue
[2024-04-01 16:28:24,182] {logging_mixin.py:115} INFO - [2024-04-01 16:28:24,182] {dagbag.py:508} INFO - Filling up the DagBag from /opt/conda/lib/python3.8/site-packages/airflow/example_dags/plugins/workday.py
[2024-04-01 16:28:24,184] {processor.py:653} WARNING - No viable dags retrieved from /opt/conda/lib/python3.8/site-packages/airflow/example_dags/plugins/workday.py
[2024-04-01 16:28:24,194] {processor.py:161} INFO - Processing /opt/conda/lib/python3.8/site-packages/airflow/example_dags/plugins/workday.py took 0.017 seconds
[2024-04-01 16:29:13,842] {processor.py:153} INFO - Started process (PID=21520) to work on /opt/conda/lib/python3.8/site-packages/airflow/example_dags/plugins/workday.py
[2024-04-01 16:29:13,850] {processor.py:641} INFO - Processing file /opt/conda/lib/python3.8/site-packages/airflow/example_dags/plugins/workday.py for tasks to queue
[2024-04-01 16:29:13,850] {logging_mixin.py:115} INFO - [2024-04-01 16:29:13,850] {dagbag.py:508} INFO - Filling up the DagBag from /opt/conda/lib/python3.8/site-packages/airflow/example_dags/plugins/workday.py
[2024-04-01 16:29:13,852] {processor.py:653} WARNING - No viable dags retrieved from /opt/conda/lib/python3.8/site-packages/airflow/example_dags/plugins/workday.py
[2024-04-01 16:29:13,860] {processor.py:161} INFO - Processing /opt/conda/lib/python3.8/site-packages/airflow/example_dags/plugins/workday.py took 0.021 seconds
[2024-04-01 16:30:07,836] {processor.py:153} INFO - Started process (PID=21716) to work on /opt/conda/lib/python3.8/site-packages/airflow/example_dags/plugins/workday.py
[2024-04-01 16:30:07,842] {processor.py:641} INFO - Processing file /opt/conda/lib/python3.8/site-packages/airflow/example_dags/plugins/workday.py for tasks to queue
[2024-04-01 16:30:07,842] {logging_mixin.py:115} INFO - [2024-04-01 16:30:07,842] {dagbag.py:508} INFO - Filling up the DagBag from /opt/conda/lib/python3.8/site-packages/airflow/example_dags/plugins/workday.py
[2024-04-01 16:30:07,844] {processor.py:653} WARNING - No viable dags retrieved from /opt/conda/lib/python3.8/site-packages/airflow/example_dags/plugins/workday.py
[2024-04-01 16:30:07,861] {processor.py:161} INFO - Processing /opt/conda/lib/python3.8/site-packages/airflow/example_dags/plugins/workday.py took 0.028 seconds
[2024-04-01 16:31:02,916] {processor.py:153} INFO - Started process (PID=21908) to work on /opt/conda/lib/python3.8/site-packages/airflow/example_dags/plugins/workday.py
[2024-04-01 16:31:02,918] {processor.py:641} INFO - Processing file /opt/conda/lib/python3.8/site-packages/airflow/example_dags/plugins/workday.py for tasks to queue
[2024-04-01 16:31:02,918] {logging_mixin.py:115} INFO - [2024-04-01 16:31:02,918] {dagbag.py:508} INFO - Filling up the DagBag from /opt/conda/lib/python3.8/site-packages/airflow/example_dags/plugins/workday.py
[2024-04-01 16:31:02,920] {processor.py:653} WARNING - No viable dags retrieved from /opt/conda/lib/python3.8/site-packages/airflow/example_dags/plugins/workday.py
[2024-04-01 16:31:02,930] {processor.py:161} INFO - Processing /opt/conda/lib/python3.8/site-packages/airflow/example_dags/plugins/workday.py took 0.017 seconds
[2024-04-01 16:31:51,180] {processor.py:153} INFO - Started process (PID=22069) to work on /opt/conda/lib/python3.8/site-packages/airflow/example_dags/plugins/workday.py
[2024-04-01 16:31:51,186] {processor.py:641} INFO - Processing file /opt/conda/lib/python3.8/site-packages/airflow/example_dags/plugins/workday.py for tasks to queue
[2024-04-01 16:31:51,187] {logging_mixin.py:115} INFO - [2024-04-01 16:31:51,187] {dagbag.py:508} INFO - Filling up the DagBag from /opt/conda/lib/python3.8/site-packages/airflow/example_dags/plugins/workday.py
[2024-04-01 16:31:51,188] {processor.py:653} WARNING - No viable dags retrieved from /opt/conda/lib/python3.8/site-packages/airflow/example_dags/plugins/workday.py
[2024-04-01 16:31:51,205] {processor.py:161} INFO - Processing /opt/conda/lib/python3.8/site-packages/airflow/example_dags/plugins/workday.py took 0.028 seconds
[2024-04-01 16:32:51,265] {processor.py:153} INFO - Started process (PID=22278) to work on /opt/conda/lib/python3.8/site-packages/airflow/example_dags/plugins/workday.py
[2024-04-01 16:32:51,266] {processor.py:641} INFO - Processing file /opt/conda/lib/python3.8/site-packages/airflow/example_dags/plugins/workday.py for tasks to queue
[2024-04-01 16:32:51,267] {logging_mixin.py:115} INFO - [2024-04-01 16:32:51,267] {dagbag.py:508} INFO - Filling up the DagBag from /opt/conda/lib/python3.8/site-packages/airflow/example_dags/plugins/workday.py
[2024-04-01 16:32:51,269] {processor.py:653} WARNING - No viable dags retrieved from /opt/conda/lib/python3.8/site-packages/airflow/example_dags/plugins/workday.py
[2024-04-01 16:32:51,279] {processor.py:161} INFO - Processing /opt/conda/lib/python3.8/site-packages/airflow/example_dags/plugins/workday.py took 0.017 seconds
[2024-04-01 16:33:47,066] {processor.py:153} INFO - Started process (PID=22464) to work on /opt/conda/lib/python3.8/site-packages/airflow/example_dags/plugins/workday.py
[2024-04-01 16:33:47,072] {processor.py:641} INFO - Processing file /opt/conda/lib/python3.8/site-packages/airflow/example_dags/plugins/workday.py for tasks to queue
[2024-04-01 16:33:47,073] {logging_mixin.py:115} INFO - [2024-04-01 16:33:47,073] {dagbag.py:508} INFO - Filling up the DagBag from /opt/conda/lib/python3.8/site-packages/airflow/example_dags/plugins/workday.py
[2024-04-01 16:33:47,074] {processor.py:653} WARNING - No viable dags retrieved from /opt/conda/lib/python3.8/site-packages/airflow/example_dags/plugins/workday.py
[2024-04-01 16:33:47,094] {processor.py:161} INFO - Processing /opt/conda/lib/python3.8/site-packages/airflow/example_dags/plugins/workday.py took 0.030 seconds
[2024-04-01 16:34:47,116] {processor.py:153} INFO - Started process (PID=22643) to work on /opt/conda/lib/python3.8/site-packages/airflow/example_dags/plugins/workday.py
[2024-04-01 16:34:47,118] {processor.py:641} INFO - Processing file /opt/conda/lib/python3.8/site-packages/airflow/example_dags/plugins/workday.py for tasks to queue
[2024-04-01 16:34:47,118] {logging_mixin.py:115} INFO - [2024-04-01 16:34:47,118] {dagbag.py:508} INFO - Filling up the DagBag from /opt/conda/lib/python3.8/site-packages/airflow/example_dags/plugins/workday.py
[2024-04-01 16:34:47,120] {processor.py:653} WARNING - No viable dags retrieved from /opt/conda/lib/python3.8/site-packages/airflow/example_dags/plugins/workday.py
[2024-04-01 16:34:47,130] {processor.py:161} INFO - Processing /opt/conda/lib/python3.8/site-packages/airflow/example_dags/plugins/workday.py took 0.017 seconds
[2024-04-01 16:35:36,385] {processor.py:153} INFO - Started process (PID=22783) to work on /opt/conda/lib/python3.8/site-packages/airflow/example_dags/plugins/workday.py
[2024-04-01 16:35:36,386] {processor.py:641} INFO - Processing file /opt/conda/lib/python3.8/site-packages/airflow/example_dags/plugins/workday.py for tasks to queue
[2024-04-01 16:35:36,387] {logging_mixin.py:115} INFO - [2024-04-01 16:35:36,387] {dagbag.py:508} INFO - Filling up the DagBag from /opt/conda/lib/python3.8/site-packages/airflow/example_dags/plugins/workday.py
[2024-04-01 16:35:36,388] {processor.py:653} WARNING - No viable dags retrieved from /opt/conda/lib/python3.8/site-packages/airflow/example_dags/plugins/workday.py
[2024-04-01 16:35:36,398] {processor.py:161} INFO - Processing /opt/conda/lib/python3.8/site-packages/airflow/example_dags/plugins/workday.py took 0.017 seconds
[2024-04-01 16:36:27,742] {processor.py:153} INFO - Started process (PID=22981) to work on /opt/conda/lib/python3.8/site-packages/airflow/example_dags/plugins/workday.py
[2024-04-01 16:36:27,743] {processor.py:641} INFO - Processing file /opt/conda/lib/python3.8/site-packages/airflow/example_dags/plugins/workday.py for tasks to queue
[2024-04-01 16:36:27,744] {logging_mixin.py:115} INFO - [2024-04-01 16:36:27,744] {dagbag.py:508} INFO - Filling up the DagBag from /opt/conda/lib/python3.8/site-packages/airflow/example_dags/plugins/workday.py
[2024-04-01 16:36:27,746] {processor.py:653} WARNING - No viable dags retrieved from /opt/conda/lib/python3.8/site-packages/airflow/example_dags/plugins/workday.py
[2024-04-01 16:36:27,756] {processor.py:161} INFO - Processing /opt/conda/lib/python3.8/site-packages/airflow/example_dags/plugins/workday.py took 0.017 seconds
[2024-04-01 16:37:22,611] {processor.py:153} INFO - Started process (PID=23186) to work on /opt/conda/lib/python3.8/site-packages/airflow/example_dags/plugins/workday.py
[2024-04-01 16:37:22,615] {processor.py:641} INFO - Processing file /opt/conda/lib/python3.8/site-packages/airflow/example_dags/plugins/workday.py for tasks to queue
[2024-04-01 16:37:22,616] {logging_mixin.py:115} INFO - [2024-04-01 16:37:22,616] {dagbag.py:508} INFO - Filling up the DagBag from /opt/conda/lib/python3.8/site-packages/airflow/example_dags/plugins/workday.py
[2024-04-01 16:37:22,617] {processor.py:653} WARNING - No viable dags retrieved from /opt/conda/lib/python3.8/site-packages/airflow/example_dags/plugins/workday.py
[2024-04-01 16:37:22,626] {processor.py:161} INFO - Processing /opt/conda/lib/python3.8/site-packages/airflow/example_dags/plugins/workday.py took 0.018 seconds
[2024-04-01 16:38:05,422] {processor.py:153} INFO - Started process (PID=23346) to work on /opt/conda/lib/python3.8/site-packages/airflow/example_dags/plugins/workday.py
[2024-04-01 16:38:05,428] {processor.py:641} INFO - Processing file /opt/conda/lib/python3.8/site-packages/airflow/example_dags/plugins/workday.py for tasks to queue
[2024-04-01 16:38:05,428] {logging_mixin.py:115} INFO - [2024-04-01 16:38:05,428] {dagbag.py:508} INFO - Filling up the DagBag from /opt/conda/lib/python3.8/site-packages/airflow/example_dags/plugins/workday.py
[2024-04-01 16:38:05,430] {processor.py:653} WARNING - No viable dags retrieved from /opt/conda/lib/python3.8/site-packages/airflow/example_dags/plugins/workday.py
[2024-04-01 16:38:05,438] {processor.py:161} INFO - Processing /opt/conda/lib/python3.8/site-packages/airflow/example_dags/plugins/workday.py took 0.019 seconds
[2024-04-01 16:39:01,155] {processor.py:153} INFO - Started process (PID=23524) to work on /opt/conda/lib/python3.8/site-packages/airflow/example_dags/plugins/workday.py
[2024-04-01 16:39:01,157] {processor.py:641} INFO - Processing file /opt/conda/lib/python3.8/site-packages/airflow/example_dags/plugins/workday.py for tasks to queue
[2024-04-01 16:39:01,158] {logging_mixin.py:115} INFO - [2024-04-01 16:39:01,157] {dagbag.py:508} INFO - Filling up the DagBag from /opt/conda/lib/python3.8/site-packages/airflow/example_dags/plugins/workday.py
[2024-04-01 16:39:01,159] {processor.py:653} WARNING - No viable dags retrieved from /opt/conda/lib/python3.8/site-packages/airflow/example_dags/plugins/workday.py
[2024-04-01 16:39:01,169] {processor.py:161} INFO - Processing /opt/conda/lib/python3.8/site-packages/airflow/example_dags/plugins/workday.py took 0.016 seconds
[2024-04-01 16:39:56,153] {processor.py:153} INFO - Started process (PID=23737) to work on /opt/conda/lib/python3.8/site-packages/airflow/example_dags/plugins/workday.py
[2024-04-01 16:39:56,154] {processor.py:641} INFO - Processing file /opt/conda/lib/python3.8/site-packages/airflow/example_dags/plugins/workday.py for tasks to queue
[2024-04-01 16:39:56,155] {logging_mixin.py:115} INFO - [2024-04-01 16:39:56,155] {dagbag.py:508} INFO - Filling up the DagBag from /opt/conda/lib/python3.8/site-packages/airflow/example_dags/plugins/workday.py
[2024-04-01 16:39:56,156] {processor.py:653} WARNING - No viable dags retrieved from /opt/conda/lib/python3.8/site-packages/airflow/example_dags/plugins/workday.py
[2024-04-01 16:39:56,166] {processor.py:161} INFO - Processing /opt/conda/lib/python3.8/site-packages/airflow/example_dags/plugins/workday.py took 0.017 seconds
[2024-04-01 16:40:40,117] {processor.py:153} INFO - Started process (PID=23876) to work on /opt/conda/lib/python3.8/site-packages/airflow/example_dags/plugins/workday.py
[2024-04-01 16:40:40,117] {processor.py:641} INFO - Processing file /opt/conda/lib/python3.8/site-packages/airflow/example_dags/plugins/workday.py for tasks to queue
[2024-04-01 16:40:40,117] {logging_mixin.py:115} INFO - [2024-04-01 16:40:40,117] {dagbag.py:508} INFO - Filling up the DagBag from /opt/conda/lib/python3.8/site-packages/airflow/example_dags/plugins/workday.py
[2024-04-01 16:40:40,119] {processor.py:653} WARNING - No viable dags retrieved from /opt/conda/lib/python3.8/site-packages/airflow/example_dags/plugins/workday.py
[2024-04-01 16:40:40,136] {processor.py:161} INFO - Processing /opt/conda/lib/python3.8/site-packages/airflow/example_dags/plugins/workday.py took 0.022 seconds
[2024-04-01 16:41:34,840] {processor.py:153} INFO - Started process (PID=24066) to work on /opt/conda/lib/python3.8/site-packages/airflow/example_dags/plugins/workday.py
[2024-04-01 16:41:34,842] {processor.py:641} INFO - Processing file /opt/conda/lib/python3.8/site-packages/airflow/example_dags/plugins/workday.py for tasks to queue
[2024-04-01 16:41:34,842] {logging_mixin.py:115} INFO - [2024-04-01 16:41:34,842] {dagbag.py:508} INFO - Filling up the DagBag from /opt/conda/lib/python3.8/site-packages/airflow/example_dags/plugins/workday.py
[2024-04-01 16:41:34,844] {processor.py:653} WARNING - No viable dags retrieved from /opt/conda/lib/python3.8/site-packages/airflow/example_dags/plugins/workday.py
[2024-04-01 16:41:34,854] {processor.py:161} INFO - Processing /opt/conda/lib/python3.8/site-packages/airflow/example_dags/plugins/workday.py took 0.017 seconds
[2024-04-01 16:42:27,009] {processor.py:153} INFO - Started process (PID=24215) to work on /opt/conda/lib/python3.8/site-packages/airflow/example_dags/plugins/workday.py
[2024-04-01 16:42:27,011] {processor.py:641} INFO - Processing file /opt/conda/lib/python3.8/site-packages/airflow/example_dags/plugins/workday.py for tasks to queue
[2024-04-01 16:42:27,012] {logging_mixin.py:115} INFO - [2024-04-01 16:42:27,011] {dagbag.py:508} INFO - Filling up the DagBag from /opt/conda/lib/python3.8/site-packages/airflow/example_dags/plugins/workday.py
[2024-04-01 16:42:27,013] {processor.py:653} WARNING - No viable dags retrieved from /opt/conda/lib/python3.8/site-packages/airflow/example_dags/plugins/workday.py
[2024-04-01 16:42:27,024] {processor.py:161} INFO - Processing /opt/conda/lib/python3.8/site-packages/airflow/example_dags/plugins/workday.py took 0.018 seconds
[2024-04-01 16:43:16,885] {processor.py:153} INFO - Started process (PID=24324) to work on /opt/conda/lib/python3.8/site-packages/airflow/example_dags/plugins/workday.py
[2024-04-01 16:43:16,887] {processor.py:641} INFO - Processing file /opt/conda/lib/python3.8/site-packages/airflow/example_dags/plugins/workday.py for tasks to queue
[2024-04-01 16:43:16,887] {logging_mixin.py:115} INFO - [2024-04-01 16:43:16,887] {dagbag.py:508} INFO - Filling up the DagBag from /opt/conda/lib/python3.8/site-packages/airflow/example_dags/plugins/workday.py
[2024-04-01 16:43:16,889] {processor.py:653} WARNING - No viable dags retrieved from /opt/conda/lib/python3.8/site-packages/airflow/example_dags/plugins/workday.py
[2024-04-01 16:43:16,899] {processor.py:161} INFO - Processing /opt/conda/lib/python3.8/site-packages/airflow/example_dags/plugins/workday.py took 0.017 seconds
