[2024-04-06 13:36:39,646] {taskinstance.py:1179} INFO - Dependencies all met for <TaskInstance: Lead_scoring_inference_pipeline.encoding_categorical_variables manual__2024-04-06T13:36:35.959696+00:00 [queued]>
[2024-04-06 13:36:39,651] {taskinstance.py:1179} INFO - Dependencies all met for <TaskInstance: Lead_scoring_inference_pipeline.encoding_categorical_variables manual__2024-04-06T13:36:35.959696+00:00 [queued]>
[2024-04-06 13:36:39,651] {taskinstance.py:1376} INFO - 
--------------------------------------------------------------------------------
[2024-04-06 13:36:39,651] {taskinstance.py:1377} INFO - Starting attempt 1 of 2
[2024-04-06 13:36:39,651] {taskinstance.py:1378} INFO - 
--------------------------------------------------------------------------------
[2024-04-06 13:36:39,684] {taskinstance.py:1397} INFO - Executing <Task(PythonOperator): encoding_categorical_variables> on 2024-04-06 13:36:35.959696+00:00
[2024-04-06 13:36:39,690] {standard_task_runner.py:52} INFO - Started process 6799 to run task
[2024-04-06 13:36:39,692] {standard_task_runner.py:79} INFO - Running: ['airflow', 'tasks', 'run', 'Lead_scoring_inference_pipeline', 'encoding_categorical_variables', 'manual__2024-04-06T13:36:35.959696+00:00', '--job-id', '71', '--raw', '--subdir', 'DAGS_FOLDER/lead_scoring_inference_pipeline/.ipynb_checkpoints/lead_scoring_inference_pipeline-checkpoint.py', '--cfg-path', '/tmp/tmpjlgt37l_', '--error-file', '/tmp/tmp6bb3fwpx']
[2024-04-06 13:36:39,693] {standard_task_runner.py:80} INFO - Job 71: Subtask encoding_categorical_variables
[2024-04-06 13:36:39,741] {task_command.py:371} INFO - Running <TaskInstance: Lead_scoring_inference_pipeline.encoding_categorical_variables manual__2024-04-06T13:36:35.959696+00:00 [running]> on host d06a6d5e153b
[2024-04-06 13:36:39,902] {taskinstance.py:1589} INFO - Exporting the following env vars:
AIRFLOW_CTX_DAG_OWNER=airflow
AIRFLOW_CTX_DAG_ID=Lead_scoring_inference_pipeline
AIRFLOW_CTX_TASK_ID=encoding_categorical_variables
AIRFLOW_CTX_EXECUTION_DATE=2024-04-06T13:36:35.959696+00:00
AIRFLOW_CTX_TRY_NUMBER=1
AIRFLOW_CTX_DAG_RUN_ID=manual__2024-04-06T13:36:35.959696+00:00
[2024-04-06 13:36:39,905] {logging_mixin.py:115} INFO - features already exists
[2024-04-06 13:36:39,905] {python.py:173} INFO - Done. Returned value was: None
[2024-04-06 13:36:39,909] {taskinstance.py:1415} INFO - Marking task as SUCCESS. dag_id=Lead_scoring_inference_pipeline, task_id=encoding_categorical_variables, execution_date=20240406T133635, start_date=20240406T133639, end_date=20240406T133639
[2024-04-06 13:36:39,944] {local_task_job.py:156} INFO - Task exited with return code 0
[2024-04-06 13:36:40,067] {local_task_job.py:273} INFO - 1 downstream tasks scheduled from follow-on schedule check
