[2024-04-01 15:08:51,444] {processor.py:153} INFO - Started process (PID=5239) to work on /opt/conda/lib/python3.8/site-packages/airflow/example_dags/subdags/subdag.py
[2024-04-01 15:08:51,444] {processor.py:641} INFO - Processing file /opt/conda/lib/python3.8/site-packages/airflow/example_dags/subdags/subdag.py for tasks to queue
[2024-04-01 15:08:51,444] {logging_mixin.py:115} INFO - [2024-04-01 15:08:51,444] {dagbag.py:508} INFO - Filling up the DagBag from /opt/conda/lib/python3.8/site-packages/airflow/example_dags/subdags/subdag.py
[2024-04-01 15:08:51,446] {processor.py:653} WARNING - No viable dags retrieved from /opt/conda/lib/python3.8/site-packages/airflow/example_dags/subdags/subdag.py
[2024-04-01 15:08:51,455] {processor.py:161} INFO - Processing /opt/conda/lib/python3.8/site-packages/airflow/example_dags/subdags/subdag.py took 0.015 seconds
[2024-04-01 15:09:40,693] {processor.py:153} INFO - Started process (PID=5387) to work on /opt/conda/lib/python3.8/site-packages/airflow/example_dags/subdags/subdag.py
[2024-04-01 15:09:40,701] {processor.py:641} INFO - Processing file /opt/conda/lib/python3.8/site-packages/airflow/example_dags/subdags/subdag.py for tasks to queue
[2024-04-01 15:09:40,702] {logging_mixin.py:115} INFO - [2024-04-01 15:09:40,702] {dagbag.py:508} INFO - Filling up the DagBag from /opt/conda/lib/python3.8/site-packages/airflow/example_dags/subdags/subdag.py
[2024-04-01 15:09:40,703] {processor.py:653} WARNING - No viable dags retrieved from /opt/conda/lib/python3.8/site-packages/airflow/example_dags/subdags/subdag.py
[2024-04-01 15:09:40,713] {processor.py:161} INFO - Processing /opt/conda/lib/python3.8/site-packages/airflow/example_dags/subdags/subdag.py took 0.024 seconds
[2024-04-01 15:10:58,801] {processor.py:153} INFO - Started process (PID=5632) to work on /opt/conda/lib/python3.8/site-packages/airflow/example_dags/subdags/subdag.py
[2024-04-01 15:10:58,823] {processor.py:641} INFO - Processing file /opt/conda/lib/python3.8/site-packages/airflow/example_dags/subdags/subdag.py for tasks to queue
[2024-04-01 15:10:58,824] {logging_mixin.py:115} INFO - [2024-04-01 15:10:58,824] {dagbag.py:508} INFO - Filling up the DagBag from /opt/conda/lib/python3.8/site-packages/airflow/example_dags/subdags/subdag.py
[2024-04-01 15:10:58,825] {processor.py:653} WARNING - No viable dags retrieved from /opt/conda/lib/python3.8/site-packages/airflow/example_dags/subdags/subdag.py
[2024-04-01 15:10:58,835] {processor.py:161} INFO - Processing /opt/conda/lib/python3.8/site-packages/airflow/example_dags/subdags/subdag.py took 0.037 seconds
[2024-04-01 15:11:51,392] {processor.py:153} INFO - Started process (PID=5832) to work on /opt/conda/lib/python3.8/site-packages/airflow/example_dags/subdags/subdag.py
[2024-04-01 15:11:51,397] {processor.py:641} INFO - Processing file /opt/conda/lib/python3.8/site-packages/airflow/example_dags/subdags/subdag.py for tasks to queue
[2024-04-01 15:11:51,398] {logging_mixin.py:115} INFO - [2024-04-01 15:11:51,398] {dagbag.py:508} INFO - Filling up the DagBag from /opt/conda/lib/python3.8/site-packages/airflow/example_dags/subdags/subdag.py
[2024-04-01 15:11:51,399] {processor.py:653} WARNING - No viable dags retrieved from /opt/conda/lib/python3.8/site-packages/airflow/example_dags/subdags/subdag.py
[2024-04-01 15:11:51,409] {processor.py:161} INFO - Processing /opt/conda/lib/python3.8/site-packages/airflow/example_dags/subdags/subdag.py took 0.020 seconds
[2024-04-01 15:13:58,023] {processor.py:153} INFO - Started process (PID=6306) to work on /opt/conda/lib/python3.8/site-packages/airflow/example_dags/subdags/subdag.py
[2024-04-01 15:13:58,041] {processor.py:641} INFO - Processing file /opt/conda/lib/python3.8/site-packages/airflow/example_dags/subdags/subdag.py for tasks to queue
[2024-04-01 15:13:58,042] {logging_mixin.py:115} INFO - [2024-04-01 15:13:58,041] {dagbag.py:508} INFO - Filling up the DagBag from /opt/conda/lib/python3.8/site-packages/airflow/example_dags/subdags/subdag.py
[2024-04-01 15:13:58,043] {processor.py:653} WARNING - No viable dags retrieved from /opt/conda/lib/python3.8/site-packages/airflow/example_dags/subdags/subdag.py
[2024-04-01 15:13:58,053] {processor.py:161} INFO - Processing /opt/conda/lib/python3.8/site-packages/airflow/example_dags/subdags/subdag.py took 0.033 seconds
[2024-04-01 15:14:43,836] {processor.py:153} INFO - Started process (PID=6488) to work on /opt/conda/lib/python3.8/site-packages/airflow/example_dags/subdags/subdag.py
[2024-04-01 15:14:43,846] {processor.py:641} INFO - Processing file /opt/conda/lib/python3.8/site-packages/airflow/example_dags/subdags/subdag.py for tasks to queue
[2024-04-01 15:14:43,847] {logging_mixin.py:115} INFO - [2024-04-01 15:14:43,847] {dagbag.py:508} INFO - Filling up the DagBag from /opt/conda/lib/python3.8/site-packages/airflow/example_dags/subdags/subdag.py
[2024-04-01 15:14:43,848] {processor.py:653} WARNING - No viable dags retrieved from /opt/conda/lib/python3.8/site-packages/airflow/example_dags/subdags/subdag.py
[2024-04-01 15:14:43,859] {processor.py:161} INFO - Processing /opt/conda/lib/python3.8/site-packages/airflow/example_dags/subdags/subdag.py took 0.026 seconds
[2024-04-01 15:15:41,381] {processor.py:153} INFO - Started process (PID=6686) to work on /opt/conda/lib/python3.8/site-packages/airflow/example_dags/subdags/subdag.py
[2024-04-01 15:15:41,400] {processor.py:641} INFO - Processing file /opt/conda/lib/python3.8/site-packages/airflow/example_dags/subdags/subdag.py for tasks to queue
[2024-04-01 15:15:41,401] {logging_mixin.py:115} INFO - [2024-04-01 15:15:41,401] {dagbag.py:508} INFO - Filling up the DagBag from /opt/conda/lib/python3.8/site-packages/airflow/example_dags/subdags/subdag.py
[2024-04-01 15:15:41,402] {processor.py:653} WARNING - No viable dags retrieved from /opt/conda/lib/python3.8/site-packages/airflow/example_dags/subdags/subdag.py
[2024-04-01 15:15:41,412] {processor.py:161} INFO - Processing /opt/conda/lib/python3.8/site-packages/airflow/example_dags/subdags/subdag.py took 0.034 seconds
[2024-04-01 15:16:38,036] {processor.py:153} INFO - Started process (PID=6831) to work on /opt/conda/lib/python3.8/site-packages/airflow/example_dags/subdags/subdag.py
[2024-04-01 15:16:38,039] {processor.py:641} INFO - Processing file /opt/conda/lib/python3.8/site-packages/airflow/example_dags/subdags/subdag.py for tasks to queue
[2024-04-01 15:16:38,039] {logging_mixin.py:115} INFO - [2024-04-01 15:16:38,039] {dagbag.py:508} INFO - Filling up the DagBag from /opt/conda/lib/python3.8/site-packages/airflow/example_dags/subdags/subdag.py
[2024-04-01 15:16:38,041] {processor.py:653} WARNING - No viable dags retrieved from /opt/conda/lib/python3.8/site-packages/airflow/example_dags/subdags/subdag.py
[2024-04-01 15:16:38,051] {processor.py:161} INFO - Processing /opt/conda/lib/python3.8/site-packages/airflow/example_dags/subdags/subdag.py took 0.018 seconds
[2024-04-01 15:17:22,456] {processor.py:153} INFO - Started process (PID=6935) to work on /opt/conda/lib/python3.8/site-packages/airflow/example_dags/subdags/subdag.py
[2024-04-01 15:17:22,458] {processor.py:641} INFO - Processing file /opt/conda/lib/python3.8/site-packages/airflow/example_dags/subdags/subdag.py for tasks to queue
[2024-04-01 15:17:22,458] {logging_mixin.py:115} INFO - [2024-04-01 15:17:22,458] {dagbag.py:508} INFO - Filling up the DagBag from /opt/conda/lib/python3.8/site-packages/airflow/example_dags/subdags/subdag.py
[2024-04-01 15:17:22,460] {processor.py:653} WARNING - No viable dags retrieved from /opt/conda/lib/python3.8/site-packages/airflow/example_dags/subdags/subdag.py
[2024-04-01 15:17:22,470] {processor.py:161} INFO - Processing /opt/conda/lib/python3.8/site-packages/airflow/example_dags/subdags/subdag.py took 0.017 seconds
[2024-04-01 15:18:05,480] {processor.py:153} INFO - Started process (PID=7020) to work on /opt/conda/lib/python3.8/site-packages/airflow/example_dags/subdags/subdag.py
[2024-04-01 15:18:05,494] {processor.py:641} INFO - Processing file /opt/conda/lib/python3.8/site-packages/airflow/example_dags/subdags/subdag.py for tasks to queue
[2024-04-01 15:18:05,494] {logging_mixin.py:115} INFO - [2024-04-01 15:18:05,494] {dagbag.py:508} INFO - Filling up the DagBag from /opt/conda/lib/python3.8/site-packages/airflow/example_dags/subdags/subdag.py
[2024-04-01 15:18:05,496] {processor.py:653} WARNING - No viable dags retrieved from /opt/conda/lib/python3.8/site-packages/airflow/example_dags/subdags/subdag.py
[2024-04-01 15:18:05,506] {processor.py:161} INFO - Processing /opt/conda/lib/python3.8/site-packages/airflow/example_dags/subdags/subdag.py took 0.029 seconds
[2024-04-01 15:18:58,781] {processor.py:153} INFO - Started process (PID=7132) to work on /opt/conda/lib/python3.8/site-packages/airflow/example_dags/subdags/subdag.py
[2024-04-01 15:18:58,794] {processor.py:641} INFO - Processing file /opt/conda/lib/python3.8/site-packages/airflow/example_dags/subdags/subdag.py for tasks to queue
[2024-04-01 15:18:58,794] {logging_mixin.py:115} INFO - [2024-04-01 15:18:58,794] {dagbag.py:508} INFO - Filling up the DagBag from /opt/conda/lib/python3.8/site-packages/airflow/example_dags/subdags/subdag.py
[2024-04-01 15:18:58,796] {processor.py:653} WARNING - No viable dags retrieved from /opt/conda/lib/python3.8/site-packages/airflow/example_dags/subdags/subdag.py
[2024-04-01 15:18:58,806] {processor.py:161} INFO - Processing /opt/conda/lib/python3.8/site-packages/airflow/example_dags/subdags/subdag.py took 0.028 seconds
[2024-04-01 15:19:54,032] {processor.py:153} INFO - Started process (PID=7289) to work on /opt/conda/lib/python3.8/site-packages/airflow/example_dags/subdags/subdag.py
[2024-04-01 15:19:54,034] {processor.py:641} INFO - Processing file /opt/conda/lib/python3.8/site-packages/airflow/example_dags/subdags/subdag.py for tasks to queue
[2024-04-01 15:19:54,035] {logging_mixin.py:115} INFO - [2024-04-01 15:19:54,034] {dagbag.py:508} INFO - Filling up the DagBag from /opt/conda/lib/python3.8/site-packages/airflow/example_dags/subdags/subdag.py
[2024-04-01 15:19:54,036] {processor.py:653} WARNING - No viable dags retrieved from /opt/conda/lib/python3.8/site-packages/airflow/example_dags/subdags/subdag.py
[2024-04-01 15:19:54,047] {processor.py:161} INFO - Processing /opt/conda/lib/python3.8/site-packages/airflow/example_dags/subdags/subdag.py took 0.018 seconds
[2024-04-01 15:20:37,448] {processor.py:153} INFO - Started process (PID=7375) to work on /opt/conda/lib/python3.8/site-packages/airflow/example_dags/subdags/subdag.py
[2024-04-01 15:20:37,452] {processor.py:641} INFO - Processing file /opt/conda/lib/python3.8/site-packages/airflow/example_dags/subdags/subdag.py for tasks to queue
[2024-04-01 15:20:37,453] {logging_mixin.py:115} INFO - [2024-04-01 15:20:37,452] {dagbag.py:508} INFO - Filling up the DagBag from /opt/conda/lib/python3.8/site-packages/airflow/example_dags/subdags/subdag.py
[2024-04-01 15:20:37,454] {processor.py:653} WARNING - No viable dags retrieved from /opt/conda/lib/python3.8/site-packages/airflow/example_dags/subdags/subdag.py
[2024-04-01 15:20:37,465] {processor.py:161} INFO - Processing /opt/conda/lib/python3.8/site-packages/airflow/example_dags/subdags/subdag.py took 0.019 seconds
[2024-04-01 15:21:31,289] {processor.py:153} INFO - Started process (PID=7468) to work on /opt/conda/lib/python3.8/site-packages/airflow/example_dags/subdags/subdag.py
[2024-04-01 15:21:31,306] {processor.py:641} INFO - Processing file /opt/conda/lib/python3.8/site-packages/airflow/example_dags/subdags/subdag.py for tasks to queue
[2024-04-01 15:21:31,307] {logging_mixin.py:115} INFO - [2024-04-01 15:21:31,306] {dagbag.py:508} INFO - Filling up the DagBag from /opt/conda/lib/python3.8/site-packages/airflow/example_dags/subdags/subdag.py
[2024-04-01 15:21:31,308] {processor.py:653} WARNING - No viable dags retrieved from /opt/conda/lib/python3.8/site-packages/airflow/example_dags/subdags/subdag.py
[2024-04-01 15:21:31,319] {processor.py:161} INFO - Processing /opt/conda/lib/python3.8/site-packages/airflow/example_dags/subdags/subdag.py took 0.033 seconds
[2024-04-01 15:22:25,102] {processor.py:153} INFO - Started process (PID=7602) to work on /opt/conda/lib/python3.8/site-packages/airflow/example_dags/subdags/subdag.py
[2024-04-01 15:22:25,109] {processor.py:641} INFO - Processing file /opt/conda/lib/python3.8/site-packages/airflow/example_dags/subdags/subdag.py for tasks to queue
[2024-04-01 15:22:25,110] {logging_mixin.py:115} INFO - [2024-04-01 15:22:25,110] {dagbag.py:508} INFO - Filling up the DagBag from /opt/conda/lib/python3.8/site-packages/airflow/example_dags/subdags/subdag.py
[2024-04-01 15:22:25,111] {processor.py:653} WARNING - No viable dags retrieved from /opt/conda/lib/python3.8/site-packages/airflow/example_dags/subdags/subdag.py
[2024-04-01 15:22:25,120] {processor.py:161} INFO - Processing /opt/conda/lib/python3.8/site-packages/airflow/example_dags/subdags/subdag.py took 0.021 seconds
[2024-04-01 15:23:20,560] {processor.py:153} INFO - Started process (PID=7827) to work on /opt/conda/lib/python3.8/site-packages/airflow/example_dags/subdags/subdag.py
[2024-04-01 15:23:20,562] {processor.py:641} INFO - Processing file /opt/conda/lib/python3.8/site-packages/airflow/example_dags/subdags/subdag.py for tasks to queue
[2024-04-01 15:23:20,563] {logging_mixin.py:115} INFO - [2024-04-01 15:23:20,562] {dagbag.py:508} INFO - Filling up the DagBag from /opt/conda/lib/python3.8/site-packages/airflow/example_dags/subdags/subdag.py
[2024-04-01 15:23:20,564] {processor.py:653} WARNING - No viable dags retrieved from /opt/conda/lib/python3.8/site-packages/airflow/example_dags/subdags/subdag.py
[2024-04-01 15:23:20,573] {processor.py:161} INFO - Processing /opt/conda/lib/python3.8/site-packages/airflow/example_dags/subdags/subdag.py took 0.016 seconds
[2024-04-01 15:24:12,857] {processor.py:153} INFO - Started process (PID=8011) to work on /opt/conda/lib/python3.8/site-packages/airflow/example_dags/subdags/subdag.py
[2024-04-01 15:24:12,859] {processor.py:641} INFO - Processing file /opt/conda/lib/python3.8/site-packages/airflow/example_dags/subdags/subdag.py for tasks to queue
[2024-04-01 15:24:12,859] {logging_mixin.py:115} INFO - [2024-04-01 15:24:12,859] {dagbag.py:508} INFO - Filling up the DagBag from /opt/conda/lib/python3.8/site-packages/airflow/example_dags/subdags/subdag.py
[2024-04-01 15:24:12,860] {processor.py:653} WARNING - No viable dags retrieved from /opt/conda/lib/python3.8/site-packages/airflow/example_dags/subdags/subdag.py
[2024-04-01 15:24:12,869] {processor.py:161} INFO - Processing /opt/conda/lib/python3.8/site-packages/airflow/example_dags/subdags/subdag.py took 0.014 seconds
[2024-04-01 15:25:08,689] {processor.py:153} INFO - Started process (PID=8209) to work on /opt/conda/lib/python3.8/site-packages/airflow/example_dags/subdags/subdag.py
[2024-04-01 15:25:08,691] {processor.py:641} INFO - Processing file /opt/conda/lib/python3.8/site-packages/airflow/example_dags/subdags/subdag.py for tasks to queue
[2024-04-01 15:25:08,691] {logging_mixin.py:115} INFO - [2024-04-01 15:25:08,691] {dagbag.py:508} INFO - Filling up the DagBag from /opt/conda/lib/python3.8/site-packages/airflow/example_dags/subdags/subdag.py
[2024-04-01 15:25:08,692] {processor.py:653} WARNING - No viable dags retrieved from /opt/conda/lib/python3.8/site-packages/airflow/example_dags/subdags/subdag.py
[2024-04-01 15:25:08,702] {processor.py:161} INFO - Processing /opt/conda/lib/python3.8/site-packages/airflow/example_dags/subdags/subdag.py took 0.016 seconds
[2024-04-01 15:26:02,896] {processor.py:153} INFO - Started process (PID=8422) to work on /opt/conda/lib/python3.8/site-packages/airflow/example_dags/subdags/subdag.py
[2024-04-01 15:26:02,898] {processor.py:641} INFO - Processing file /opt/conda/lib/python3.8/site-packages/airflow/example_dags/subdags/subdag.py for tasks to queue
[2024-04-01 15:26:02,898] {logging_mixin.py:115} INFO - [2024-04-01 15:26:02,898] {dagbag.py:508} INFO - Filling up the DagBag from /opt/conda/lib/python3.8/site-packages/airflow/example_dags/subdags/subdag.py
[2024-04-01 15:26:02,900] {processor.py:653} WARNING - No viable dags retrieved from /opt/conda/lib/python3.8/site-packages/airflow/example_dags/subdags/subdag.py
[2024-04-01 15:26:02,909] {processor.py:161} INFO - Processing /opt/conda/lib/python3.8/site-packages/airflow/example_dags/subdags/subdag.py took 0.015 seconds
[2024-04-01 15:27:00,093] {processor.py:153} INFO - Started process (PID=8596) to work on /opt/conda/lib/python3.8/site-packages/airflow/example_dags/subdags/subdag.py
[2024-04-01 15:27:00,095] {processor.py:641} INFO - Processing file /opt/conda/lib/python3.8/site-packages/airflow/example_dags/subdags/subdag.py for tasks to queue
[2024-04-01 15:27:00,095] {logging_mixin.py:115} INFO - [2024-04-01 15:27:00,095] {dagbag.py:508} INFO - Filling up the DagBag from /opt/conda/lib/python3.8/site-packages/airflow/example_dags/subdags/subdag.py
[2024-04-01 15:27:00,096] {processor.py:653} WARNING - No viable dags retrieved from /opt/conda/lib/python3.8/site-packages/airflow/example_dags/subdags/subdag.py
[2024-04-01 15:27:00,106] {processor.py:161} INFO - Processing /opt/conda/lib/python3.8/site-packages/airflow/example_dags/subdags/subdag.py took 0.016 seconds
[2024-04-01 15:27:44,391] {processor.py:153} INFO - Started process (PID=8776) to work on /opt/conda/lib/python3.8/site-packages/airflow/example_dags/subdags/subdag.py
[2024-04-01 15:27:44,398] {processor.py:641} INFO - Processing file /opt/conda/lib/python3.8/site-packages/airflow/example_dags/subdags/subdag.py for tasks to queue
[2024-04-01 15:27:44,398] {logging_mixin.py:115} INFO - [2024-04-01 15:27:44,398] {dagbag.py:508} INFO - Filling up the DagBag from /opt/conda/lib/python3.8/site-packages/airflow/example_dags/subdags/subdag.py
[2024-04-01 15:27:44,400] {processor.py:653} WARNING - No viable dags retrieved from /opt/conda/lib/python3.8/site-packages/airflow/example_dags/subdags/subdag.py
[2024-04-01 15:27:44,408] {processor.py:161} INFO - Processing /opt/conda/lib/python3.8/site-packages/airflow/example_dags/subdags/subdag.py took 0.020 seconds
[2024-04-01 15:28:28,365] {processor.py:153} INFO - Started process (PID=8936) to work on /opt/conda/lib/python3.8/site-packages/airflow/example_dags/subdags/subdag.py
[2024-04-01 15:28:28,380] {processor.py:641} INFO - Processing file /opt/conda/lib/python3.8/site-packages/airflow/example_dags/subdags/subdag.py for tasks to queue
[2024-04-01 15:28:28,381] {logging_mixin.py:115} INFO - [2024-04-01 15:28:28,381] {dagbag.py:508} INFO - Filling up the DagBag from /opt/conda/lib/python3.8/site-packages/airflow/example_dags/subdags/subdag.py
[2024-04-01 15:28:28,384] {processor.py:653} WARNING - No viable dags retrieved from /opt/conda/lib/python3.8/site-packages/airflow/example_dags/subdags/subdag.py
[2024-04-01 15:28:28,399] {processor.py:161} INFO - Processing /opt/conda/lib/python3.8/site-packages/airflow/example_dags/subdags/subdag.py took 0.036 seconds
[2024-04-01 15:29:21,641] {processor.py:153} INFO - Started process (PID=9139) to work on /opt/conda/lib/python3.8/site-packages/airflow/example_dags/subdags/subdag.py
[2024-04-01 15:29:21,649] {processor.py:641} INFO - Processing file /opt/conda/lib/python3.8/site-packages/airflow/example_dags/subdags/subdag.py for tasks to queue
[2024-04-01 15:29:21,649] {logging_mixin.py:115} INFO - [2024-04-01 15:29:21,649] {dagbag.py:508} INFO - Filling up the DagBag from /opt/conda/lib/python3.8/site-packages/airflow/example_dags/subdags/subdag.py
[2024-04-01 15:29:21,650] {processor.py:653} WARNING - No viable dags retrieved from /opt/conda/lib/python3.8/site-packages/airflow/example_dags/subdags/subdag.py
[2024-04-01 15:29:21,658] {processor.py:161} INFO - Processing /opt/conda/lib/python3.8/site-packages/airflow/example_dags/subdags/subdag.py took 0.020 seconds
[2024-04-01 15:30:12,332] {processor.py:153} INFO - Started process (PID=9342) to work on /opt/conda/lib/python3.8/site-packages/airflow/example_dags/subdags/subdag.py
[2024-04-01 15:30:12,333] {processor.py:641} INFO - Processing file /opt/conda/lib/python3.8/site-packages/airflow/example_dags/subdags/subdag.py for tasks to queue
[2024-04-01 15:30:12,333] {logging_mixin.py:115} INFO - [2024-04-01 15:30:12,333] {dagbag.py:508} INFO - Filling up the DagBag from /opt/conda/lib/python3.8/site-packages/airflow/example_dags/subdags/subdag.py
[2024-04-01 15:30:12,335] {processor.py:653} WARNING - No viable dags retrieved from /opt/conda/lib/python3.8/site-packages/airflow/example_dags/subdags/subdag.py
[2024-04-01 15:30:12,345] {processor.py:161} INFO - Processing /opt/conda/lib/python3.8/site-packages/airflow/example_dags/subdags/subdag.py took 0.016 seconds
[2024-04-01 15:31:08,426] {processor.py:153} INFO - Started process (PID=9513) to work on /opt/conda/lib/python3.8/site-packages/airflow/example_dags/subdags/subdag.py
[2024-04-01 15:31:08,431] {processor.py:641} INFO - Processing file /opt/conda/lib/python3.8/site-packages/airflow/example_dags/subdags/subdag.py for tasks to queue
[2024-04-01 15:31:08,431] {logging_mixin.py:115} INFO - [2024-04-01 15:31:08,431] {dagbag.py:508} INFO - Filling up the DagBag from /opt/conda/lib/python3.8/site-packages/airflow/example_dags/subdags/subdag.py
[2024-04-01 15:31:08,433] {processor.py:653} WARNING - No viable dags retrieved from /opt/conda/lib/python3.8/site-packages/airflow/example_dags/subdags/subdag.py
[2024-04-01 15:31:08,441] {processor.py:161} INFO - Processing /opt/conda/lib/python3.8/site-packages/airflow/example_dags/subdags/subdag.py took 0.017 seconds
[2024-04-01 15:31:56,639] {processor.py:153} INFO - Started process (PID=9674) to work on /opt/conda/lib/python3.8/site-packages/airflow/example_dags/subdags/subdag.py
[2024-04-01 15:31:56,645] {processor.py:641} INFO - Processing file /opt/conda/lib/python3.8/site-packages/airflow/example_dags/subdags/subdag.py for tasks to queue
[2024-04-01 15:31:56,645] {logging_mixin.py:115} INFO - [2024-04-01 15:31:56,645] {dagbag.py:508} INFO - Filling up the DagBag from /opt/conda/lib/python3.8/site-packages/airflow/example_dags/subdags/subdag.py
[2024-04-01 15:31:56,646] {processor.py:653} WARNING - No viable dags retrieved from /opt/conda/lib/python3.8/site-packages/airflow/example_dags/subdags/subdag.py
[2024-04-01 15:31:56,654] {processor.py:161} INFO - Processing /opt/conda/lib/python3.8/site-packages/airflow/example_dags/subdags/subdag.py took 0.018 seconds
[2024-04-01 15:32:53,469] {processor.py:153} INFO - Started process (PID=9847) to work on /opt/conda/lib/python3.8/site-packages/airflow/example_dags/subdags/subdag.py
[2024-04-01 15:32:53,471] {processor.py:641} INFO - Processing file /opt/conda/lib/python3.8/site-packages/airflow/example_dags/subdags/subdag.py for tasks to queue
[2024-04-01 15:32:53,472] {logging_mixin.py:115} INFO - [2024-04-01 15:32:53,472] {dagbag.py:508} INFO - Filling up the DagBag from /opt/conda/lib/python3.8/site-packages/airflow/example_dags/subdags/subdag.py
[2024-04-01 15:32:53,473] {processor.py:653} WARNING - No viable dags retrieved from /opt/conda/lib/python3.8/site-packages/airflow/example_dags/subdags/subdag.py
[2024-04-01 15:32:53,483] {processor.py:161} INFO - Processing /opt/conda/lib/python3.8/site-packages/airflow/example_dags/subdags/subdag.py took 0.016 seconds
[2024-04-01 15:34:02,532] {processor.py:153} INFO - Started process (PID=10078) to work on /opt/conda/lib/python3.8/site-packages/airflow/example_dags/subdags/subdag.py
[2024-04-01 15:34:02,534] {processor.py:641} INFO - Processing file /opt/conda/lib/python3.8/site-packages/airflow/example_dags/subdags/subdag.py for tasks to queue
[2024-04-01 15:34:02,534] {logging_mixin.py:115} INFO - [2024-04-01 15:34:02,534] {dagbag.py:508} INFO - Filling up the DagBag from /opt/conda/lib/python3.8/site-packages/airflow/example_dags/subdags/subdag.py
[2024-04-01 15:34:02,536] {processor.py:653} WARNING - No viable dags retrieved from /opt/conda/lib/python3.8/site-packages/airflow/example_dags/subdags/subdag.py
[2024-04-01 15:34:02,545] {processor.py:161} INFO - Processing /opt/conda/lib/python3.8/site-packages/airflow/example_dags/subdags/subdag.py took 0.016 seconds
[2024-04-01 15:35:03,002] {processor.py:153} INFO - Started process (PID=10295) to work on /opt/conda/lib/python3.8/site-packages/airflow/example_dags/subdags/subdag.py
[2024-04-01 15:35:03,008] {processor.py:641} INFO - Processing file /opt/conda/lib/python3.8/site-packages/airflow/example_dags/subdags/subdag.py for tasks to queue
[2024-04-01 15:35:03,009] {logging_mixin.py:115} INFO - [2024-04-01 15:35:03,009] {dagbag.py:508} INFO - Filling up the DagBag from /opt/conda/lib/python3.8/site-packages/airflow/example_dags/subdags/subdag.py
[2024-04-01 15:35:03,010] {processor.py:653} WARNING - No viable dags retrieved from /opt/conda/lib/python3.8/site-packages/airflow/example_dags/subdags/subdag.py
[2024-04-01 15:35:03,018] {processor.py:161} INFO - Processing /opt/conda/lib/python3.8/site-packages/airflow/example_dags/subdags/subdag.py took 0.019 seconds
[2024-04-01 15:36:06,485] {processor.py:153} INFO - Started process (PID=10495) to work on /opt/conda/lib/python3.8/site-packages/airflow/example_dags/subdags/subdag.py
[2024-04-01 15:36:06,505] {processor.py:641} INFO - Processing file /opt/conda/lib/python3.8/site-packages/airflow/example_dags/subdags/subdag.py for tasks to queue
[2024-04-01 15:36:06,506] {logging_mixin.py:115} INFO - [2024-04-01 15:36:06,506] {dagbag.py:508} INFO - Filling up the DagBag from /opt/conda/lib/python3.8/site-packages/airflow/example_dags/subdags/subdag.py
[2024-04-01 15:36:06,507] {processor.py:653} WARNING - No viable dags retrieved from /opt/conda/lib/python3.8/site-packages/airflow/example_dags/subdags/subdag.py
[2024-04-01 15:36:06,517] {processor.py:161} INFO - Processing /opt/conda/lib/python3.8/site-packages/airflow/example_dags/subdags/subdag.py took 0.035 seconds
[2024-04-01 15:37:14,441] {processor.py:153} INFO - Started process (PID=10724) to work on /opt/conda/lib/python3.8/site-packages/airflow/example_dags/subdags/subdag.py
[2024-04-01 15:37:14,447] {processor.py:641} INFO - Processing file /opt/conda/lib/python3.8/site-packages/airflow/example_dags/subdags/subdag.py for tasks to queue
[2024-04-01 15:37:14,447] {logging_mixin.py:115} INFO - [2024-04-01 15:37:14,447] {dagbag.py:508} INFO - Filling up the DagBag from /opt/conda/lib/python3.8/site-packages/airflow/example_dags/subdags/subdag.py
[2024-04-01 15:37:14,448] {processor.py:653} WARNING - No viable dags retrieved from /opt/conda/lib/python3.8/site-packages/airflow/example_dags/subdags/subdag.py
[2024-04-01 15:37:14,465] {processor.py:161} INFO - Processing /opt/conda/lib/python3.8/site-packages/airflow/example_dags/subdags/subdag.py took 0.027 seconds
[2024-04-01 15:38:21,045] {processor.py:153} INFO - Started process (PID=10987) to work on /opt/conda/lib/python3.8/site-packages/airflow/example_dags/subdags/subdag.py
[2024-04-01 15:38:21,048] {processor.py:641} INFO - Processing file /opt/conda/lib/python3.8/site-packages/airflow/example_dags/subdags/subdag.py for tasks to queue
[2024-04-01 15:38:21,049] {logging_mixin.py:115} INFO - [2024-04-01 15:38:21,049] {dagbag.py:508} INFO - Filling up the DagBag from /opt/conda/lib/python3.8/site-packages/airflow/example_dags/subdags/subdag.py
[2024-04-01 15:38:21,050] {processor.py:653} WARNING - No viable dags retrieved from /opt/conda/lib/python3.8/site-packages/airflow/example_dags/subdags/subdag.py
[2024-04-01 15:38:21,060] {processor.py:161} INFO - Processing /opt/conda/lib/python3.8/site-packages/airflow/example_dags/subdags/subdag.py took 0.018 seconds
[2024-04-01 15:39:28,715] {processor.py:153} INFO - Started process (PID=11251) to work on /opt/conda/lib/python3.8/site-packages/airflow/example_dags/subdags/subdag.py
[2024-04-01 15:39:28,721] {processor.py:641} INFO - Processing file /opt/conda/lib/python3.8/site-packages/airflow/example_dags/subdags/subdag.py for tasks to queue
[2024-04-01 15:39:28,722] {logging_mixin.py:115} INFO - [2024-04-01 15:39:28,722] {dagbag.py:508} INFO - Filling up the DagBag from /opt/conda/lib/python3.8/site-packages/airflow/example_dags/subdags/subdag.py
[2024-04-01 15:39:28,723] {processor.py:653} WARNING - No viable dags retrieved from /opt/conda/lib/python3.8/site-packages/airflow/example_dags/subdags/subdag.py
[2024-04-01 15:39:28,741] {processor.py:161} INFO - Processing /opt/conda/lib/python3.8/site-packages/airflow/example_dags/subdags/subdag.py took 0.028 seconds
[2024-04-01 15:40:27,177] {processor.py:153} INFO - Started process (PID=11449) to work on /opt/conda/lib/python3.8/site-packages/airflow/example_dags/subdags/subdag.py
[2024-04-01 15:40:27,178] {processor.py:641} INFO - Processing file /opt/conda/lib/python3.8/site-packages/airflow/example_dags/subdags/subdag.py for tasks to queue
[2024-04-01 15:40:27,179] {logging_mixin.py:115} INFO - [2024-04-01 15:40:27,179] {dagbag.py:508} INFO - Filling up the DagBag from /opt/conda/lib/python3.8/site-packages/airflow/example_dags/subdags/subdag.py
[2024-04-01 15:40:27,180] {processor.py:653} WARNING - No viable dags retrieved from /opt/conda/lib/python3.8/site-packages/airflow/example_dags/subdags/subdag.py
[2024-04-01 15:40:27,190] {processor.py:161} INFO - Processing /opt/conda/lib/python3.8/site-packages/airflow/example_dags/subdags/subdag.py took 0.016 seconds
[2024-04-01 15:41:24,141] {processor.py:153} INFO - Started process (PID=11620) to work on /opt/conda/lib/python3.8/site-packages/airflow/example_dags/subdags/subdag.py
[2024-04-01 15:41:24,143] {processor.py:641} INFO - Processing file /opt/conda/lib/python3.8/site-packages/airflow/example_dags/subdags/subdag.py for tasks to queue
[2024-04-01 15:41:24,143] {logging_mixin.py:115} INFO - [2024-04-01 15:41:24,143] {dagbag.py:508} INFO - Filling up the DagBag from /opt/conda/lib/python3.8/site-packages/airflow/example_dags/subdags/subdag.py
[2024-04-01 15:41:24,144] {processor.py:653} WARNING - No viable dags retrieved from /opt/conda/lib/python3.8/site-packages/airflow/example_dags/subdags/subdag.py
[2024-04-01 15:41:24,154] {processor.py:161} INFO - Processing /opt/conda/lib/python3.8/site-packages/airflow/example_dags/subdags/subdag.py took 0.016 seconds
[2024-04-01 15:42:19,169] {processor.py:153} INFO - Started process (PID=11789) to work on /opt/conda/lib/python3.8/site-packages/airflow/example_dags/subdags/subdag.py
[2024-04-01 15:42:19,170] {processor.py:641} INFO - Processing file /opt/conda/lib/python3.8/site-packages/airflow/example_dags/subdags/subdag.py for tasks to queue
[2024-04-01 15:42:19,171] {logging_mixin.py:115} INFO - [2024-04-01 15:42:19,171] {dagbag.py:508} INFO - Filling up the DagBag from /opt/conda/lib/python3.8/site-packages/airflow/example_dags/subdags/subdag.py
[2024-04-01 15:42:19,172] {processor.py:653} WARNING - No viable dags retrieved from /opt/conda/lib/python3.8/site-packages/airflow/example_dags/subdags/subdag.py
[2024-04-01 15:42:19,182] {processor.py:161} INFO - Processing /opt/conda/lib/python3.8/site-packages/airflow/example_dags/subdags/subdag.py took 0.016 seconds
[2024-04-01 15:44:08,680] {processor.py:153} INFO - Started process (PID=12141) to work on /opt/conda/lib/python3.8/site-packages/airflow/example_dags/subdags/subdag.py
[2024-04-01 15:44:08,686] {processor.py:641} INFO - Processing file /opt/conda/lib/python3.8/site-packages/airflow/example_dags/subdags/subdag.py for tasks to queue
[2024-04-01 15:44:08,686] {logging_mixin.py:115} INFO - [2024-04-01 15:44:08,686] {dagbag.py:508} INFO - Filling up the DagBag from /opt/conda/lib/python3.8/site-packages/airflow/example_dags/subdags/subdag.py
[2024-04-01 15:44:08,687] {processor.py:653} WARNING - No viable dags retrieved from /opt/conda/lib/python3.8/site-packages/airflow/example_dags/subdags/subdag.py
[2024-04-01 15:44:08,697] {processor.py:161} INFO - Processing /opt/conda/lib/python3.8/site-packages/airflow/example_dags/subdags/subdag.py took 0.020 seconds
[2024-04-01 15:45:37,893] {processor.py:153} INFO - Started process (PID=12460) to work on /opt/conda/lib/python3.8/site-packages/airflow/example_dags/subdags/subdag.py
[2024-04-01 15:45:37,895] {processor.py:641} INFO - Processing file /opt/conda/lib/python3.8/site-packages/airflow/example_dags/subdags/subdag.py for tasks to queue
[2024-04-01 15:45:37,895] {logging_mixin.py:115} INFO - [2024-04-01 15:45:37,895] {dagbag.py:508} INFO - Filling up the DagBag from /opt/conda/lib/python3.8/site-packages/airflow/example_dags/subdags/subdag.py
[2024-04-01 15:45:37,897] {processor.py:653} WARNING - No viable dags retrieved from /opt/conda/lib/python3.8/site-packages/airflow/example_dags/subdags/subdag.py
[2024-04-01 15:45:37,907] {processor.py:161} INFO - Processing /opt/conda/lib/python3.8/site-packages/airflow/example_dags/subdags/subdag.py took 0.016 seconds
[2024-04-01 15:47:13,497] {processor.py:153} INFO - Started process (PID=12852) to work on /opt/conda/lib/python3.8/site-packages/airflow/example_dags/subdags/subdag.py
[2024-04-01 15:47:13,499] {processor.py:641} INFO - Processing file /opt/conda/lib/python3.8/site-packages/airflow/example_dags/subdags/subdag.py for tasks to queue
[2024-04-01 15:47:13,499] {logging_mixin.py:115} INFO - [2024-04-01 15:47:13,499] {dagbag.py:508} INFO - Filling up the DagBag from /opt/conda/lib/python3.8/site-packages/airflow/example_dags/subdags/subdag.py
[2024-04-01 15:47:13,500] {processor.py:653} WARNING - No viable dags retrieved from /opt/conda/lib/python3.8/site-packages/airflow/example_dags/subdags/subdag.py
[2024-04-01 15:47:13,510] {processor.py:161} INFO - Processing /opt/conda/lib/python3.8/site-packages/airflow/example_dags/subdags/subdag.py took 0.016 seconds
[2024-04-01 15:48:12,781] {processor.py:153} INFO - Started process (PID=13055) to work on /opt/conda/lib/python3.8/site-packages/airflow/example_dags/subdags/subdag.py
[2024-04-01 15:48:12,783] {processor.py:641} INFO - Processing file /opt/conda/lib/python3.8/site-packages/airflow/example_dags/subdags/subdag.py for tasks to queue
[2024-04-01 15:48:12,784] {logging_mixin.py:115} INFO - [2024-04-01 15:48:12,784] {dagbag.py:508} INFO - Filling up the DagBag from /opt/conda/lib/python3.8/site-packages/airflow/example_dags/subdags/subdag.py
[2024-04-01 15:48:12,785] {processor.py:653} WARNING - No viable dags retrieved from /opt/conda/lib/python3.8/site-packages/airflow/example_dags/subdags/subdag.py
[2024-04-01 15:48:12,795] {processor.py:161} INFO - Processing /opt/conda/lib/python3.8/site-packages/airflow/example_dags/subdags/subdag.py took 0.017 seconds
[2024-04-01 15:49:11,169] {processor.py:153} INFO - Started process (PID=13251) to work on /opt/conda/lib/python3.8/site-packages/airflow/example_dags/subdags/subdag.py
[2024-04-01 15:49:11,171] {processor.py:641} INFO - Processing file /opt/conda/lib/python3.8/site-packages/airflow/example_dags/subdags/subdag.py for tasks to queue
[2024-04-01 15:49:11,171] {logging_mixin.py:115} INFO - [2024-04-01 15:49:11,171] {dagbag.py:508} INFO - Filling up the DagBag from /opt/conda/lib/python3.8/site-packages/airflow/example_dags/subdags/subdag.py
[2024-04-01 15:49:11,173] {processor.py:653} WARNING - No viable dags retrieved from /opt/conda/lib/python3.8/site-packages/airflow/example_dags/subdags/subdag.py
[2024-04-01 15:49:11,183] {processor.py:161} INFO - Processing /opt/conda/lib/python3.8/site-packages/airflow/example_dags/subdags/subdag.py took 0.017 seconds
[2024-04-01 15:50:08,637] {processor.py:153} INFO - Started process (PID=13471) to work on /opt/conda/lib/python3.8/site-packages/airflow/example_dags/subdags/subdag.py
[2024-04-01 15:50:08,639] {processor.py:641} INFO - Processing file /opt/conda/lib/python3.8/site-packages/airflow/example_dags/subdags/subdag.py for tasks to queue
[2024-04-01 15:50:08,639] {logging_mixin.py:115} INFO - [2024-04-01 15:50:08,639] {dagbag.py:508} INFO - Filling up the DagBag from /opt/conda/lib/python3.8/site-packages/airflow/example_dags/subdags/subdag.py
[2024-04-01 15:50:08,641] {processor.py:653} WARNING - No viable dags retrieved from /opt/conda/lib/python3.8/site-packages/airflow/example_dags/subdags/subdag.py
[2024-04-01 15:50:08,651] {processor.py:161} INFO - Processing /opt/conda/lib/python3.8/site-packages/airflow/example_dags/subdags/subdag.py took 0.017 seconds
[2024-04-01 15:51:04,989] {processor.py:153} INFO - Started process (PID=13682) to work on /opt/conda/lib/python3.8/site-packages/airflow/example_dags/subdags/subdag.py
[2024-04-01 15:51:04,990] {processor.py:641} INFO - Processing file /opt/conda/lib/python3.8/site-packages/airflow/example_dags/subdags/subdag.py for tasks to queue
[2024-04-01 15:51:04,991] {logging_mixin.py:115} INFO - [2024-04-01 15:51:04,991] {dagbag.py:508} INFO - Filling up the DagBag from /opt/conda/lib/python3.8/site-packages/airflow/example_dags/subdags/subdag.py
[2024-04-01 15:51:04,992] {processor.py:653} WARNING - No viable dags retrieved from /opt/conda/lib/python3.8/site-packages/airflow/example_dags/subdags/subdag.py
[2024-04-01 15:51:05,002] {processor.py:161} INFO - Processing /opt/conda/lib/python3.8/site-packages/airflow/example_dags/subdags/subdag.py took 0.017 seconds
[2024-04-01 15:51:56,178] {processor.py:153} INFO - Started process (PID=13871) to work on /opt/conda/lib/python3.8/site-packages/airflow/example_dags/subdags/subdag.py
[2024-04-01 15:51:56,188] {processor.py:641} INFO - Processing file /opt/conda/lib/python3.8/site-packages/airflow/example_dags/subdags/subdag.py for tasks to queue
[2024-04-01 15:51:56,188] {logging_mixin.py:115} INFO - [2024-04-01 15:51:56,188] {dagbag.py:508} INFO - Filling up the DagBag from /opt/conda/lib/python3.8/site-packages/airflow/example_dags/subdags/subdag.py
[2024-04-01 15:51:56,189] {processor.py:653} WARNING - No viable dags retrieved from /opt/conda/lib/python3.8/site-packages/airflow/example_dags/subdags/subdag.py
[2024-04-01 15:51:56,198] {processor.py:161} INFO - Processing /opt/conda/lib/python3.8/site-packages/airflow/example_dags/subdags/subdag.py took 0.022 seconds
[2024-04-01 15:52:53,904] {processor.py:153} INFO - Started process (PID=14073) to work on /opt/conda/lib/python3.8/site-packages/airflow/example_dags/subdags/subdag.py
[2024-04-01 15:52:53,906] {processor.py:641} INFO - Processing file /opt/conda/lib/python3.8/site-packages/airflow/example_dags/subdags/subdag.py for tasks to queue
[2024-04-01 15:52:53,906] {logging_mixin.py:115} INFO - [2024-04-01 15:52:53,906] {dagbag.py:508} INFO - Filling up the DagBag from /opt/conda/lib/python3.8/site-packages/airflow/example_dags/subdags/subdag.py
[2024-04-01 15:52:53,907] {processor.py:653} WARNING - No viable dags retrieved from /opt/conda/lib/python3.8/site-packages/airflow/example_dags/subdags/subdag.py
[2024-04-01 15:52:53,918] {processor.py:161} INFO - Processing /opt/conda/lib/python3.8/site-packages/airflow/example_dags/subdags/subdag.py took 0.017 seconds
[2024-04-01 15:53:49,907] {processor.py:153} INFO - Started process (PID=14253) to work on /opt/conda/lib/python3.8/site-packages/airflow/example_dags/subdags/subdag.py
[2024-04-01 15:53:49,909] {processor.py:641} INFO - Processing file /opt/conda/lib/python3.8/site-packages/airflow/example_dags/subdags/subdag.py for tasks to queue
[2024-04-01 15:53:49,910] {logging_mixin.py:115} INFO - [2024-04-01 15:53:49,909] {dagbag.py:508} INFO - Filling up the DagBag from /opt/conda/lib/python3.8/site-packages/airflow/example_dags/subdags/subdag.py
[2024-04-01 15:53:49,911] {processor.py:653} WARNING - No viable dags retrieved from /opt/conda/lib/python3.8/site-packages/airflow/example_dags/subdags/subdag.py
[2024-04-01 15:53:49,930] {processor.py:161} INFO - Processing /opt/conda/lib/python3.8/site-packages/airflow/example_dags/subdags/subdag.py took 0.026 seconds
[2024-04-01 15:54:50,809] {processor.py:153} INFO - Started process (PID=14472) to work on /opt/conda/lib/python3.8/site-packages/airflow/example_dags/subdags/subdag.py
[2024-04-01 15:54:50,811] {processor.py:641} INFO - Processing file /opt/conda/lib/python3.8/site-packages/airflow/example_dags/subdags/subdag.py for tasks to queue
[2024-04-01 15:54:50,811] {logging_mixin.py:115} INFO - [2024-04-01 15:54:50,811] {dagbag.py:508} INFO - Filling up the DagBag from /opt/conda/lib/python3.8/site-packages/airflow/example_dags/subdags/subdag.py
[2024-04-01 15:54:50,812] {processor.py:653} WARNING - No viable dags retrieved from /opt/conda/lib/python3.8/site-packages/airflow/example_dags/subdags/subdag.py
[2024-04-01 15:54:50,822] {processor.py:161} INFO - Processing /opt/conda/lib/python3.8/site-packages/airflow/example_dags/subdags/subdag.py took 0.016 seconds
[2024-04-01 15:55:41,816] {processor.py:153} INFO - Started process (PID=14648) to work on /opt/conda/lib/python3.8/site-packages/airflow/example_dags/subdags/subdag.py
[2024-04-01 15:55:41,818] {processor.py:641} INFO - Processing file /opt/conda/lib/python3.8/site-packages/airflow/example_dags/subdags/subdag.py for tasks to queue
[2024-04-01 15:55:41,818] {logging_mixin.py:115} INFO - [2024-04-01 15:55:41,818] {dagbag.py:508} INFO - Filling up the DagBag from /opt/conda/lib/python3.8/site-packages/airflow/example_dags/subdags/subdag.py
[2024-04-01 15:55:41,819] {processor.py:653} WARNING - No viable dags retrieved from /opt/conda/lib/python3.8/site-packages/airflow/example_dags/subdags/subdag.py
[2024-04-01 15:55:41,829] {processor.py:161} INFO - Processing /opt/conda/lib/python3.8/site-packages/airflow/example_dags/subdags/subdag.py took 0.016 seconds
[2024-04-01 15:56:36,236] {processor.py:153} INFO - Started process (PID=14826) to work on /opt/conda/lib/python3.8/site-packages/airflow/example_dags/subdags/subdag.py
[2024-04-01 15:56:36,237] {processor.py:641} INFO - Processing file /opt/conda/lib/python3.8/site-packages/airflow/example_dags/subdags/subdag.py for tasks to queue
[2024-04-01 15:56:36,238] {logging_mixin.py:115} INFO - [2024-04-01 15:56:36,238] {dagbag.py:508} INFO - Filling up the DagBag from /opt/conda/lib/python3.8/site-packages/airflow/example_dags/subdags/subdag.py
[2024-04-01 15:56:36,239] {processor.py:653} WARNING - No viable dags retrieved from /opt/conda/lib/python3.8/site-packages/airflow/example_dags/subdags/subdag.py
[2024-04-01 15:56:36,249] {processor.py:161} INFO - Processing /opt/conda/lib/python3.8/site-packages/airflow/example_dags/subdags/subdag.py took 0.016 seconds
[2024-04-01 15:57:34,730] {processor.py:153} INFO - Started process (PID=14994) to work on /opt/conda/lib/python3.8/site-packages/airflow/example_dags/subdags/subdag.py
[2024-04-01 15:57:34,736] {processor.py:641} INFO - Processing file /opt/conda/lib/python3.8/site-packages/airflow/example_dags/subdags/subdag.py for tasks to queue
[2024-04-01 15:57:34,737] {logging_mixin.py:115} INFO - [2024-04-01 15:57:34,737] {dagbag.py:508} INFO - Filling up the DagBag from /opt/conda/lib/python3.8/site-packages/airflow/example_dags/subdags/subdag.py
[2024-04-01 15:57:34,738] {processor.py:653} WARNING - No viable dags retrieved from /opt/conda/lib/python3.8/site-packages/airflow/example_dags/subdags/subdag.py
[2024-04-01 15:57:34,746] {processor.py:161} INFO - Processing /opt/conda/lib/python3.8/site-packages/airflow/example_dags/subdags/subdag.py took 0.019 seconds
[2024-04-01 15:58:27,489] {processor.py:153} INFO - Started process (PID=15172) to work on /opt/conda/lib/python3.8/site-packages/airflow/example_dags/subdags/subdag.py
[2024-04-01 15:58:27,491] {processor.py:641} INFO - Processing file /opt/conda/lib/python3.8/site-packages/airflow/example_dags/subdags/subdag.py for tasks to queue
[2024-04-01 15:58:27,492] {logging_mixin.py:115} INFO - [2024-04-01 15:58:27,491] {dagbag.py:508} INFO - Filling up the DagBag from /opt/conda/lib/python3.8/site-packages/airflow/example_dags/subdags/subdag.py
[2024-04-01 15:58:27,493] {processor.py:653} WARNING - No viable dags retrieved from /opt/conda/lib/python3.8/site-packages/airflow/example_dags/subdags/subdag.py
[2024-04-01 15:58:27,503] {processor.py:161} INFO - Processing /opt/conda/lib/python3.8/site-packages/airflow/example_dags/subdags/subdag.py took 0.016 seconds
[2024-04-01 15:59:16,749] {processor.py:153} INFO - Started process (PID=15347) to work on /opt/conda/lib/python3.8/site-packages/airflow/example_dags/subdags/subdag.py
[2024-04-01 15:59:16,751] {processor.py:641} INFO - Processing file /opt/conda/lib/python3.8/site-packages/airflow/example_dags/subdags/subdag.py for tasks to queue
[2024-04-01 15:59:16,751] {logging_mixin.py:115} INFO - [2024-04-01 15:59:16,751] {dagbag.py:508} INFO - Filling up the DagBag from /opt/conda/lib/python3.8/site-packages/airflow/example_dags/subdags/subdag.py
[2024-04-01 15:59:16,753] {processor.py:653} WARNING - No viable dags retrieved from /opt/conda/lib/python3.8/site-packages/airflow/example_dags/subdags/subdag.py
[2024-04-01 15:59:16,763] {processor.py:161} INFO - Processing /opt/conda/lib/python3.8/site-packages/airflow/example_dags/subdags/subdag.py took 0.016 seconds
[2024-04-01 16:00:12,588] {processor.py:153} INFO - Started process (PID=15533) to work on /opt/conda/lib/python3.8/site-packages/airflow/example_dags/subdags/subdag.py
[2024-04-01 16:00:12,589] {processor.py:641} INFO - Processing file /opt/conda/lib/python3.8/site-packages/airflow/example_dags/subdags/subdag.py for tasks to queue
[2024-04-01 16:00:12,590] {logging_mixin.py:115} INFO - [2024-04-01 16:00:12,590] {dagbag.py:508} INFO - Filling up the DagBag from /opt/conda/lib/python3.8/site-packages/airflow/example_dags/subdags/subdag.py
[2024-04-01 16:00:12,591] {processor.py:653} WARNING - No viable dags retrieved from /opt/conda/lib/python3.8/site-packages/airflow/example_dags/subdags/subdag.py
[2024-04-01 16:00:12,600] {processor.py:161} INFO - Processing /opt/conda/lib/python3.8/site-packages/airflow/example_dags/subdags/subdag.py took 0.016 seconds
[2024-04-01 16:01:06,771] {processor.py:153} INFO - Started process (PID=15705) to work on /opt/conda/lib/python3.8/site-packages/airflow/example_dags/subdags/subdag.py
[2024-04-01 16:01:06,777] {processor.py:641} INFO - Processing file /opt/conda/lib/python3.8/site-packages/airflow/example_dags/subdags/subdag.py for tasks to queue
[2024-04-01 16:01:06,777] {logging_mixin.py:115} INFO - [2024-04-01 16:01:06,777] {dagbag.py:508} INFO - Filling up the DagBag from /opt/conda/lib/python3.8/site-packages/airflow/example_dags/subdags/subdag.py
[2024-04-01 16:01:06,778] {processor.py:653} WARNING - No viable dags retrieved from /opt/conda/lib/python3.8/site-packages/airflow/example_dags/subdags/subdag.py
[2024-04-01 16:01:06,787] {processor.py:161} INFO - Processing /opt/conda/lib/python3.8/site-packages/airflow/example_dags/subdags/subdag.py took 0.018 seconds
[2024-04-01 16:02:03,470] {processor.py:153} INFO - Started process (PID=15893) to work on /opt/conda/lib/python3.8/site-packages/airflow/example_dags/subdags/subdag.py
[2024-04-01 16:02:03,471] {processor.py:641} INFO - Processing file /opt/conda/lib/python3.8/site-packages/airflow/example_dags/subdags/subdag.py for tasks to queue
[2024-04-01 16:02:03,472] {logging_mixin.py:115} INFO - [2024-04-01 16:02:03,472] {dagbag.py:508} INFO - Filling up the DagBag from /opt/conda/lib/python3.8/site-packages/airflow/example_dags/subdags/subdag.py
[2024-04-01 16:02:03,473] {processor.py:653} WARNING - No viable dags retrieved from /opt/conda/lib/python3.8/site-packages/airflow/example_dags/subdags/subdag.py
[2024-04-01 16:02:03,483] {processor.py:161} INFO - Processing /opt/conda/lib/python3.8/site-packages/airflow/example_dags/subdags/subdag.py took 0.016 seconds
[2024-04-01 16:02:56,680] {processor.py:153} INFO - Started process (PID=16085) to work on /opt/conda/lib/python3.8/site-packages/airflow/example_dags/subdags/subdag.py
[2024-04-01 16:02:56,682] {processor.py:641} INFO - Processing file /opt/conda/lib/python3.8/site-packages/airflow/example_dags/subdags/subdag.py for tasks to queue
[2024-04-01 16:02:56,682] {logging_mixin.py:115} INFO - [2024-04-01 16:02:56,682] {dagbag.py:508} INFO - Filling up the DagBag from /opt/conda/lib/python3.8/site-packages/airflow/example_dags/subdags/subdag.py
[2024-04-01 16:02:56,683] {processor.py:653} WARNING - No viable dags retrieved from /opt/conda/lib/python3.8/site-packages/airflow/example_dags/subdags/subdag.py
[2024-04-01 16:02:56,693] {processor.py:161} INFO - Processing /opt/conda/lib/python3.8/site-packages/airflow/example_dags/subdags/subdag.py took 0.016 seconds
[2024-04-01 16:03:47,696] {processor.py:153} INFO - Started process (PID=16260) to work on /opt/conda/lib/python3.8/site-packages/airflow/example_dags/subdags/subdag.py
[2024-04-01 16:03:47,698] {processor.py:641} INFO - Processing file /opt/conda/lib/python3.8/site-packages/airflow/example_dags/subdags/subdag.py for tasks to queue
[2024-04-01 16:03:47,698] {logging_mixin.py:115} INFO - [2024-04-01 16:03:47,698] {dagbag.py:508} INFO - Filling up the DagBag from /opt/conda/lib/python3.8/site-packages/airflow/example_dags/subdags/subdag.py
[2024-04-01 16:03:47,699] {processor.py:653} WARNING - No viable dags retrieved from /opt/conda/lib/python3.8/site-packages/airflow/example_dags/subdags/subdag.py
[2024-04-01 16:03:47,709] {processor.py:161} INFO - Processing /opt/conda/lib/python3.8/site-packages/airflow/example_dags/subdags/subdag.py took 0.017 seconds
[2024-04-01 16:04:45,405] {processor.py:153} INFO - Started process (PID=16449) to work on /opt/conda/lib/python3.8/site-packages/airflow/example_dags/subdags/subdag.py
[2024-04-01 16:04:45,406] {processor.py:641} INFO - Processing file /opt/conda/lib/python3.8/site-packages/airflow/example_dags/subdags/subdag.py for tasks to queue
[2024-04-01 16:04:45,407] {logging_mixin.py:115} INFO - [2024-04-01 16:04:45,406] {dagbag.py:508} INFO - Filling up the DagBag from /opt/conda/lib/python3.8/site-packages/airflow/example_dags/subdags/subdag.py
[2024-04-01 16:04:45,408] {processor.py:653} WARNING - No viable dags retrieved from /opt/conda/lib/python3.8/site-packages/airflow/example_dags/subdags/subdag.py
[2024-04-01 16:04:45,418] {processor.py:161} INFO - Processing /opt/conda/lib/python3.8/site-packages/airflow/example_dags/subdags/subdag.py took 0.016 seconds
[2024-04-01 16:05:36,569] {processor.py:153} INFO - Started process (PID=16624) to work on /opt/conda/lib/python3.8/site-packages/airflow/example_dags/subdags/subdag.py
[2024-04-01 16:05:36,577] {processor.py:641} INFO - Processing file /opt/conda/lib/python3.8/site-packages/airflow/example_dags/subdags/subdag.py for tasks to queue
[2024-04-01 16:05:36,577] {logging_mixin.py:115} INFO - [2024-04-01 16:05:36,577] {dagbag.py:508} INFO - Filling up the DagBag from /opt/conda/lib/python3.8/site-packages/airflow/example_dags/subdags/subdag.py
[2024-04-01 16:05:36,578] {processor.py:653} WARNING - No viable dags retrieved from /opt/conda/lib/python3.8/site-packages/airflow/example_dags/subdags/subdag.py
[2024-04-01 16:05:36,595] {processor.py:161} INFO - Processing /opt/conda/lib/python3.8/site-packages/airflow/example_dags/subdags/subdag.py took 0.029 seconds
[2024-04-01 16:06:31,224] {processor.py:153} INFO - Started process (PID=16825) to work on /opt/conda/lib/python3.8/site-packages/airflow/example_dags/subdags/subdag.py
[2024-04-01 16:06:31,226] {processor.py:641} INFO - Processing file /opt/conda/lib/python3.8/site-packages/airflow/example_dags/subdags/subdag.py for tasks to queue
[2024-04-01 16:06:31,226] {logging_mixin.py:115} INFO - [2024-04-01 16:06:31,226] {dagbag.py:508} INFO - Filling up the DagBag from /opt/conda/lib/python3.8/site-packages/airflow/example_dags/subdags/subdag.py
[2024-04-01 16:06:31,228] {processor.py:653} WARNING - No viable dags retrieved from /opt/conda/lib/python3.8/site-packages/airflow/example_dags/subdags/subdag.py
[2024-04-01 16:06:31,238] {processor.py:161} INFO - Processing /opt/conda/lib/python3.8/site-packages/airflow/example_dags/subdags/subdag.py took 0.016 seconds
[2024-04-01 16:07:32,935] {processor.py:153} INFO - Started process (PID=17014) to work on /opt/conda/lib/python3.8/site-packages/airflow/example_dags/subdags/subdag.py
[2024-04-01 16:07:32,940] {processor.py:641} INFO - Processing file /opt/conda/lib/python3.8/site-packages/airflow/example_dags/subdags/subdag.py for tasks to queue
[2024-04-01 16:07:32,940] {logging_mixin.py:115} INFO - [2024-04-01 16:07:32,940] {dagbag.py:508} INFO - Filling up the DagBag from /opt/conda/lib/python3.8/site-packages/airflow/example_dags/subdags/subdag.py
[2024-04-01 16:07:32,941] {processor.py:653} WARNING - No viable dags retrieved from /opt/conda/lib/python3.8/site-packages/airflow/example_dags/subdags/subdag.py
[2024-04-01 16:07:32,950] {processor.py:161} INFO - Processing /opt/conda/lib/python3.8/site-packages/airflow/example_dags/subdags/subdag.py took 0.017 seconds
[2024-04-01 16:08:28,597] {processor.py:153} INFO - Started process (PID=17187) to work on /opt/conda/lib/python3.8/site-packages/airflow/example_dags/subdags/subdag.py
[2024-04-01 16:08:28,599] {processor.py:641} INFO - Processing file /opt/conda/lib/python3.8/site-packages/airflow/example_dags/subdags/subdag.py for tasks to queue
[2024-04-01 16:08:28,600] {logging_mixin.py:115} INFO - [2024-04-01 16:08:28,600] {dagbag.py:508} INFO - Filling up the DagBag from /opt/conda/lib/python3.8/site-packages/airflow/example_dags/subdags/subdag.py
[2024-04-01 16:08:28,601] {processor.py:653} WARNING - No viable dags retrieved from /opt/conda/lib/python3.8/site-packages/airflow/example_dags/subdags/subdag.py
[2024-04-01 16:08:28,611] {processor.py:161} INFO - Processing /opt/conda/lib/python3.8/site-packages/airflow/example_dags/subdags/subdag.py took 0.017 seconds
[2024-04-01 16:09:28,877] {processor.py:153} INFO - Started process (PID=17369) to work on /opt/conda/lib/python3.8/site-packages/airflow/example_dags/subdags/subdag.py
[2024-04-01 16:09:28,878] {processor.py:641} INFO - Processing file /opt/conda/lib/python3.8/site-packages/airflow/example_dags/subdags/subdag.py for tasks to queue
[2024-04-01 16:09:28,879] {logging_mixin.py:115} INFO - [2024-04-01 16:09:28,879] {dagbag.py:508} INFO - Filling up the DagBag from /opt/conda/lib/python3.8/site-packages/airflow/example_dags/subdags/subdag.py
[2024-04-01 16:09:28,880] {processor.py:653} WARNING - No viable dags retrieved from /opt/conda/lib/python3.8/site-packages/airflow/example_dags/subdags/subdag.py
[2024-04-01 16:09:28,890] {processor.py:161} INFO - Processing /opt/conda/lib/python3.8/site-packages/airflow/example_dags/subdags/subdag.py took 0.016 seconds
[2024-04-01 16:10:32,591] {processor.py:153} INFO - Started process (PID=17553) to work on /opt/conda/lib/python3.8/site-packages/airflow/example_dags/subdags/subdag.py
[2024-04-01 16:10:32,593] {processor.py:641} INFO - Processing file /opt/conda/lib/python3.8/site-packages/airflow/example_dags/subdags/subdag.py for tasks to queue
[2024-04-01 16:10:32,593] {logging_mixin.py:115} INFO - [2024-04-01 16:10:32,593] {dagbag.py:508} INFO - Filling up the DagBag from /opt/conda/lib/python3.8/site-packages/airflow/example_dags/subdags/subdag.py
[2024-04-01 16:10:32,595] {processor.py:653} WARNING - No viable dags retrieved from /opt/conda/lib/python3.8/site-packages/airflow/example_dags/subdags/subdag.py
[2024-04-01 16:10:32,612] {processor.py:161} INFO - Processing /opt/conda/lib/python3.8/site-packages/airflow/example_dags/subdags/subdag.py took 0.024 seconds
[2024-04-01 16:11:28,116] {processor.py:153} INFO - Started process (PID=17740) to work on /opt/conda/lib/python3.8/site-packages/airflow/example_dags/subdags/subdag.py
[2024-04-01 16:11:28,117] {processor.py:641} INFO - Processing file /opt/conda/lib/python3.8/site-packages/airflow/example_dags/subdags/subdag.py for tasks to queue
[2024-04-01 16:11:28,118] {logging_mixin.py:115} INFO - [2024-04-01 16:11:28,118] {dagbag.py:508} INFO - Filling up the DagBag from /opt/conda/lib/python3.8/site-packages/airflow/example_dags/subdags/subdag.py
[2024-04-01 16:11:28,119] {processor.py:653} WARNING - No viable dags retrieved from /opt/conda/lib/python3.8/site-packages/airflow/example_dags/subdags/subdag.py
[2024-04-01 16:11:28,129] {processor.py:161} INFO - Processing /opt/conda/lib/python3.8/site-packages/airflow/example_dags/subdags/subdag.py took 0.016 seconds
[2024-04-01 16:12:23,296] {processor.py:153} INFO - Started process (PID=17919) to work on /opt/conda/lib/python3.8/site-packages/airflow/example_dags/subdags/subdag.py
[2024-04-01 16:12:23,298] {processor.py:641} INFO - Processing file /opt/conda/lib/python3.8/site-packages/airflow/example_dags/subdags/subdag.py for tasks to queue
[2024-04-01 16:12:23,299] {logging_mixin.py:115} INFO - [2024-04-01 16:12:23,298] {dagbag.py:508} INFO - Filling up the DagBag from /opt/conda/lib/python3.8/site-packages/airflow/example_dags/subdags/subdag.py
[2024-04-01 16:12:23,300] {processor.py:653} WARNING - No viable dags retrieved from /opt/conda/lib/python3.8/site-packages/airflow/example_dags/subdags/subdag.py
[2024-04-01 16:12:23,310] {processor.py:161} INFO - Processing /opt/conda/lib/python3.8/site-packages/airflow/example_dags/subdags/subdag.py took 0.016 seconds
[2024-04-01 16:13:15,263] {processor.py:153} INFO - Started process (PID=18103) to work on /opt/conda/lib/python3.8/site-packages/airflow/example_dags/subdags/subdag.py
[2024-04-01 16:13:15,265] {processor.py:641} INFO - Processing file /opt/conda/lib/python3.8/site-packages/airflow/example_dags/subdags/subdag.py for tasks to queue
[2024-04-01 16:13:15,266] {logging_mixin.py:115} INFO - [2024-04-01 16:13:15,265] {dagbag.py:508} INFO - Filling up the DagBag from /opt/conda/lib/python3.8/site-packages/airflow/example_dags/subdags/subdag.py
[2024-04-01 16:13:15,267] {processor.py:653} WARNING - No viable dags retrieved from /opt/conda/lib/python3.8/site-packages/airflow/example_dags/subdags/subdag.py
[2024-04-01 16:13:15,277] {processor.py:161} INFO - Processing /opt/conda/lib/python3.8/site-packages/airflow/example_dags/subdags/subdag.py took 0.016 seconds
[2024-04-01 16:14:09,057] {processor.py:153} INFO - Started process (PID=18295) to work on /opt/conda/lib/python3.8/site-packages/airflow/example_dags/subdags/subdag.py
[2024-04-01 16:14:09,058] {processor.py:641} INFO - Processing file /opt/conda/lib/python3.8/site-packages/airflow/example_dags/subdags/subdag.py for tasks to queue
[2024-04-01 16:14:09,059] {logging_mixin.py:115} INFO - [2024-04-01 16:14:09,059] {dagbag.py:508} INFO - Filling up the DagBag from /opt/conda/lib/python3.8/site-packages/airflow/example_dags/subdags/subdag.py
[2024-04-01 16:14:09,060] {processor.py:653} WARNING - No viable dags retrieved from /opt/conda/lib/python3.8/site-packages/airflow/example_dags/subdags/subdag.py
[2024-04-01 16:14:09,070] {processor.py:161} INFO - Processing /opt/conda/lib/python3.8/site-packages/airflow/example_dags/subdags/subdag.py took 0.016 seconds
[2024-04-01 16:15:06,372] {processor.py:153} INFO - Started process (PID=18490) to work on /opt/conda/lib/python3.8/site-packages/airflow/example_dags/subdags/subdag.py
[2024-04-01 16:15:06,374] {processor.py:641} INFO - Processing file /opt/conda/lib/python3.8/site-packages/airflow/example_dags/subdags/subdag.py for tasks to queue
[2024-04-01 16:15:06,374] {logging_mixin.py:115} INFO - [2024-04-01 16:15:06,374] {dagbag.py:508} INFO - Filling up the DagBag from /opt/conda/lib/python3.8/site-packages/airflow/example_dags/subdags/subdag.py
[2024-04-01 16:15:06,376] {processor.py:653} WARNING - No viable dags retrieved from /opt/conda/lib/python3.8/site-packages/airflow/example_dags/subdags/subdag.py
[2024-04-01 16:15:06,386] {processor.py:161} INFO - Processing /opt/conda/lib/python3.8/site-packages/airflow/example_dags/subdags/subdag.py took 0.016 seconds
[2024-04-01 16:16:02,609] {processor.py:153} INFO - Started process (PID=18684) to work on /opt/conda/lib/python3.8/site-packages/airflow/example_dags/subdags/subdag.py
[2024-04-01 16:16:02,610] {processor.py:641} INFO - Processing file /opt/conda/lib/python3.8/site-packages/airflow/example_dags/subdags/subdag.py for tasks to queue
[2024-04-01 16:16:02,611] {logging_mixin.py:115} INFO - [2024-04-01 16:16:02,611] {dagbag.py:508} INFO - Filling up the DagBag from /opt/conda/lib/python3.8/site-packages/airflow/example_dags/subdags/subdag.py
[2024-04-01 16:16:02,612] {processor.py:653} WARNING - No viable dags retrieved from /opt/conda/lib/python3.8/site-packages/airflow/example_dags/subdags/subdag.py
[2024-04-01 16:16:02,620] {processor.py:161} INFO - Processing /opt/conda/lib/python3.8/site-packages/airflow/example_dags/subdags/subdag.py took 0.014 seconds
[2024-04-01 16:16:53,997] {processor.py:153} INFO - Started process (PID=18876) to work on /opt/conda/lib/python3.8/site-packages/airflow/example_dags/subdags/subdag.py
[2024-04-01 16:16:54,003] {processor.py:641} INFO - Processing file /opt/conda/lib/python3.8/site-packages/airflow/example_dags/subdags/subdag.py for tasks to queue
[2024-04-01 16:16:54,004] {logging_mixin.py:115} INFO - [2024-04-01 16:16:54,004] {dagbag.py:508} INFO - Filling up the DagBag from /opt/conda/lib/python3.8/site-packages/airflow/example_dags/subdags/subdag.py
[2024-04-01 16:16:54,005] {processor.py:653} WARNING - No viable dags retrieved from /opt/conda/lib/python3.8/site-packages/airflow/example_dags/subdags/subdag.py
[2024-04-01 16:16:54,013] {processor.py:161} INFO - Processing /opt/conda/lib/python3.8/site-packages/airflow/example_dags/subdags/subdag.py took 0.019 seconds
[2024-04-01 16:17:44,105] {processor.py:153} INFO - Started process (PID=19058) to work on /opt/conda/lib/python3.8/site-packages/airflow/example_dags/subdags/subdag.py
[2024-04-01 16:17:44,106] {processor.py:641} INFO - Processing file /opt/conda/lib/python3.8/site-packages/airflow/example_dags/subdags/subdag.py for tasks to queue
[2024-04-01 16:17:44,107] {logging_mixin.py:115} INFO - [2024-04-01 16:17:44,107] {dagbag.py:508} INFO - Filling up the DagBag from /opt/conda/lib/python3.8/site-packages/airflow/example_dags/subdags/subdag.py
[2024-04-01 16:17:44,108] {processor.py:653} WARNING - No viable dags retrieved from /opt/conda/lib/python3.8/site-packages/airflow/example_dags/subdags/subdag.py
[2024-04-01 16:17:44,117] {processor.py:161} INFO - Processing /opt/conda/lib/python3.8/site-packages/airflow/example_dags/subdags/subdag.py took 0.015 seconds
[2024-04-01 16:18:39,197] {processor.py:153} INFO - Started process (PID=19258) to work on /opt/conda/lib/python3.8/site-packages/airflow/example_dags/subdags/subdag.py
[2024-04-01 16:18:39,199] {processor.py:641} INFO - Processing file /opt/conda/lib/python3.8/site-packages/airflow/example_dags/subdags/subdag.py for tasks to queue
[2024-04-01 16:18:39,199] {logging_mixin.py:115} INFO - [2024-04-01 16:18:39,199] {dagbag.py:508} INFO - Filling up the DagBag from /opt/conda/lib/python3.8/site-packages/airflow/example_dags/subdags/subdag.py
[2024-04-01 16:18:39,200] {processor.py:653} WARNING - No viable dags retrieved from /opt/conda/lib/python3.8/site-packages/airflow/example_dags/subdags/subdag.py
[2024-04-01 16:18:39,210] {processor.py:161} INFO - Processing /opt/conda/lib/python3.8/site-packages/airflow/example_dags/subdags/subdag.py took 0.016 seconds
[2024-04-01 16:19:35,328] {processor.py:153} INFO - Started process (PID=19473) to work on /opt/conda/lib/python3.8/site-packages/airflow/example_dags/subdags/subdag.py
[2024-04-01 16:19:35,330] {processor.py:641} INFO - Processing file /opt/conda/lib/python3.8/site-packages/airflow/example_dags/subdags/subdag.py for tasks to queue
[2024-04-01 16:19:35,330] {logging_mixin.py:115} INFO - [2024-04-01 16:19:35,330] {dagbag.py:508} INFO - Filling up the DagBag from /opt/conda/lib/python3.8/site-packages/airflow/example_dags/subdags/subdag.py
[2024-04-01 16:19:35,331] {processor.py:653} WARNING - No viable dags retrieved from /opt/conda/lib/python3.8/site-packages/airflow/example_dags/subdags/subdag.py
[2024-04-01 16:19:35,341] {processor.py:161} INFO - Processing /opt/conda/lib/python3.8/site-packages/airflow/example_dags/subdags/subdag.py took 0.016 seconds
[2024-04-01 16:20:35,911] {processor.py:153} INFO - Started process (PID=19690) to work on /opt/conda/lib/python3.8/site-packages/airflow/example_dags/subdags/subdag.py
[2024-04-01 16:20:35,912] {processor.py:641} INFO - Processing file /opt/conda/lib/python3.8/site-packages/airflow/example_dags/subdags/subdag.py for tasks to queue
[2024-04-01 16:20:35,913] {logging_mixin.py:115} INFO - [2024-04-01 16:20:35,913] {dagbag.py:508} INFO - Filling up the DagBag from /opt/conda/lib/python3.8/site-packages/airflow/example_dags/subdags/subdag.py
[2024-04-01 16:20:35,914] {processor.py:653} WARNING - No viable dags retrieved from /opt/conda/lib/python3.8/site-packages/airflow/example_dags/subdags/subdag.py
[2024-04-01 16:20:35,924] {processor.py:161} INFO - Processing /opt/conda/lib/python3.8/site-packages/airflow/example_dags/subdags/subdag.py took 0.016 seconds
[2024-04-01 16:21:29,705] {processor.py:153} INFO - Started process (PID=19898) to work on /opt/conda/lib/python3.8/site-packages/airflow/example_dags/subdags/subdag.py
[2024-04-01 16:21:29,706] {processor.py:641} INFO - Processing file /opt/conda/lib/python3.8/site-packages/airflow/example_dags/subdags/subdag.py for tasks to queue
[2024-04-01 16:21:29,707] {logging_mixin.py:115} INFO - [2024-04-01 16:21:29,707] {dagbag.py:508} INFO - Filling up the DagBag from /opt/conda/lib/python3.8/site-packages/airflow/example_dags/subdags/subdag.py
[2024-04-01 16:21:29,708] {processor.py:653} WARNING - No viable dags retrieved from /opt/conda/lib/python3.8/site-packages/airflow/example_dags/subdags/subdag.py
[2024-04-01 16:21:29,718] {processor.py:161} INFO - Processing /opt/conda/lib/python3.8/site-packages/airflow/example_dags/subdags/subdag.py took 0.016 seconds
[2024-04-01 16:22:30,028] {processor.py:153} INFO - Started process (PID=20106) to work on /opt/conda/lib/python3.8/site-packages/airflow/example_dags/subdags/subdag.py
[2024-04-01 16:22:30,030] {processor.py:641} INFO - Processing file /opt/conda/lib/python3.8/site-packages/airflow/example_dags/subdags/subdag.py for tasks to queue
[2024-04-01 16:22:30,030] {logging_mixin.py:115} INFO - [2024-04-01 16:22:30,030] {dagbag.py:508} INFO - Filling up the DagBag from /opt/conda/lib/python3.8/site-packages/airflow/example_dags/subdags/subdag.py
[2024-04-01 16:22:30,032] {processor.py:653} WARNING - No viable dags retrieved from /opt/conda/lib/python3.8/site-packages/airflow/example_dags/subdags/subdag.py
[2024-04-01 16:22:30,042] {processor.py:161} INFO - Processing /opt/conda/lib/python3.8/site-packages/airflow/example_dags/subdags/subdag.py took 0.017 seconds
[2024-04-01 16:23:18,417] {processor.py:153} INFO - Started process (PID=20281) to work on /opt/conda/lib/python3.8/site-packages/airflow/example_dags/subdags/subdag.py
[2024-04-01 16:23:18,419] {processor.py:641} INFO - Processing file /opt/conda/lib/python3.8/site-packages/airflow/example_dags/subdags/subdag.py for tasks to queue
[2024-04-01 16:23:18,420] {logging_mixin.py:115} INFO - [2024-04-01 16:23:18,420] {dagbag.py:508} INFO - Filling up the DagBag from /opt/conda/lib/python3.8/site-packages/airflow/example_dags/subdags/subdag.py
[2024-04-01 16:23:18,421] {processor.py:653} WARNING - No viable dags retrieved from /opt/conda/lib/python3.8/site-packages/airflow/example_dags/subdags/subdag.py
[2024-04-01 16:23:18,431] {processor.py:161} INFO - Processing /opt/conda/lib/python3.8/site-packages/airflow/example_dags/subdags/subdag.py took 0.016 seconds
[2024-04-01 16:24:12,507] {processor.py:153} INFO - Started process (PID=20473) to work on /opt/conda/lib/python3.8/site-packages/airflow/example_dags/subdags/subdag.py
[2024-04-01 16:24:12,515] {processor.py:641} INFO - Processing file /opt/conda/lib/python3.8/site-packages/airflow/example_dags/subdags/subdag.py for tasks to queue
[2024-04-01 16:24:12,515] {logging_mixin.py:115} INFO - [2024-04-01 16:24:12,515] {dagbag.py:508} INFO - Filling up the DagBag from /opt/conda/lib/python3.8/site-packages/airflow/example_dags/subdags/subdag.py
[2024-04-01 16:24:12,516] {processor.py:653} WARNING - No viable dags retrieved from /opt/conda/lib/python3.8/site-packages/airflow/example_dags/subdags/subdag.py
[2024-04-01 16:24:12,525] {processor.py:161} INFO - Processing /opt/conda/lib/python3.8/site-packages/airflow/example_dags/subdags/subdag.py took 0.020 seconds
[2024-04-01 16:25:06,205] {processor.py:153} INFO - Started process (PID=20664) to work on /opt/conda/lib/python3.8/site-packages/airflow/example_dags/subdags/subdag.py
[2024-04-01 16:25:06,206] {processor.py:641} INFO - Processing file /opt/conda/lib/python3.8/site-packages/airflow/example_dags/subdags/subdag.py for tasks to queue
[2024-04-01 16:25:06,207] {logging_mixin.py:115} INFO - [2024-04-01 16:25:06,207] {dagbag.py:508} INFO - Filling up the DagBag from /opt/conda/lib/python3.8/site-packages/airflow/example_dags/subdags/subdag.py
[2024-04-01 16:25:06,208] {processor.py:653} WARNING - No viable dags retrieved from /opt/conda/lib/python3.8/site-packages/airflow/example_dags/subdags/subdag.py
[2024-04-01 16:25:06,216] {processor.py:161} INFO - Processing /opt/conda/lib/python3.8/site-packages/airflow/example_dags/subdags/subdag.py took 0.014 seconds
[2024-04-01 16:26:01,569] {processor.py:153} INFO - Started process (PID=20868) to work on /opt/conda/lib/python3.8/site-packages/airflow/example_dags/subdags/subdag.py
[2024-04-01 16:26:01,570] {processor.py:641} INFO - Processing file /opt/conda/lib/python3.8/site-packages/airflow/example_dags/subdags/subdag.py for tasks to queue
[2024-04-01 16:26:01,570] {logging_mixin.py:115} INFO - [2024-04-01 16:26:01,570] {dagbag.py:508} INFO - Filling up the DagBag from /opt/conda/lib/python3.8/site-packages/airflow/example_dags/subdags/subdag.py
[2024-04-01 16:26:01,572] {processor.py:653} WARNING - No viable dags retrieved from /opt/conda/lib/python3.8/site-packages/airflow/example_dags/subdags/subdag.py
[2024-04-01 16:26:01,582] {processor.py:161} INFO - Processing /opt/conda/lib/python3.8/site-packages/airflow/example_dags/subdags/subdag.py took 0.016 seconds
[2024-04-01 16:26:43,629] {processor.py:153} INFO - Started process (PID=21014) to work on /opt/conda/lib/python3.8/site-packages/airflow/example_dags/subdags/subdag.py
[2024-04-01 16:26:43,635] {processor.py:641} INFO - Processing file /opt/conda/lib/python3.8/site-packages/airflow/example_dags/subdags/subdag.py for tasks to queue
[2024-04-01 16:26:43,636] {logging_mixin.py:115} INFO - [2024-04-01 16:26:43,636] {dagbag.py:508} INFO - Filling up the DagBag from /opt/conda/lib/python3.8/site-packages/airflow/example_dags/subdags/subdag.py
[2024-04-01 16:26:43,637] {processor.py:653} WARNING - No viable dags retrieved from /opt/conda/lib/python3.8/site-packages/airflow/example_dags/subdags/subdag.py
[2024-04-01 16:26:43,645] {processor.py:161} INFO - Processing /opt/conda/lib/python3.8/site-packages/airflow/example_dags/subdags/subdag.py took 0.019 seconds
[2024-04-01 16:27:40,433] {processor.py:153} INFO - Started process (PID=21200) to work on /opt/conda/lib/python3.8/site-packages/airflow/example_dags/subdags/subdag.py
[2024-04-01 16:27:40,435] {processor.py:641} INFO - Processing file /opt/conda/lib/python3.8/site-packages/airflow/example_dags/subdags/subdag.py for tasks to queue
[2024-04-01 16:27:40,435] {logging_mixin.py:115} INFO - [2024-04-01 16:27:40,435] {dagbag.py:508} INFO - Filling up the DagBag from /opt/conda/lib/python3.8/site-packages/airflow/example_dags/subdags/subdag.py
[2024-04-01 16:27:40,436] {processor.py:653} WARNING - No viable dags retrieved from /opt/conda/lib/python3.8/site-packages/airflow/example_dags/subdags/subdag.py
[2024-04-01 16:27:40,445] {processor.py:161} INFO - Processing /opt/conda/lib/python3.8/site-packages/airflow/example_dags/subdags/subdag.py took 0.014 seconds
[2024-04-01 16:28:25,361] {processor.py:153} INFO - Started process (PID=21339) to work on /opt/conda/lib/python3.8/site-packages/airflow/example_dags/subdags/subdag.py
[2024-04-01 16:28:25,363] {processor.py:641} INFO - Processing file /opt/conda/lib/python3.8/site-packages/airflow/example_dags/subdags/subdag.py for tasks to queue
[2024-04-01 16:28:25,363] {logging_mixin.py:115} INFO - [2024-04-01 16:28:25,363] {dagbag.py:508} INFO - Filling up the DagBag from /opt/conda/lib/python3.8/site-packages/airflow/example_dags/subdags/subdag.py
[2024-04-01 16:28:25,365] {processor.py:653} WARNING - No viable dags retrieved from /opt/conda/lib/python3.8/site-packages/airflow/example_dags/subdags/subdag.py
[2024-04-01 16:28:25,375] {processor.py:161} INFO - Processing /opt/conda/lib/python3.8/site-packages/airflow/example_dags/subdags/subdag.py took 0.016 seconds
[2024-04-01 16:29:14,978] {processor.py:153} INFO - Started process (PID=21528) to work on /opt/conda/lib/python3.8/site-packages/airflow/example_dags/subdags/subdag.py
[2024-04-01 16:29:14,979] {processor.py:641} INFO - Processing file /opt/conda/lib/python3.8/site-packages/airflow/example_dags/subdags/subdag.py for tasks to queue
[2024-04-01 16:29:14,980] {logging_mixin.py:115} INFO - [2024-04-01 16:29:14,980] {dagbag.py:508} INFO - Filling up the DagBag from /opt/conda/lib/python3.8/site-packages/airflow/example_dags/subdags/subdag.py
[2024-04-01 16:29:14,981] {processor.py:653} WARNING - No viable dags retrieved from /opt/conda/lib/python3.8/site-packages/airflow/example_dags/subdags/subdag.py
[2024-04-01 16:29:14,991] {processor.py:161} INFO - Processing /opt/conda/lib/python3.8/site-packages/airflow/example_dags/subdags/subdag.py took 0.016 seconds
[2024-04-01 16:30:08,969] {processor.py:153} INFO - Started process (PID=21724) to work on /opt/conda/lib/python3.8/site-packages/airflow/example_dags/subdags/subdag.py
[2024-04-01 16:30:08,971] {processor.py:641} INFO - Processing file /opt/conda/lib/python3.8/site-packages/airflow/example_dags/subdags/subdag.py for tasks to queue
[2024-04-01 16:30:08,971] {logging_mixin.py:115} INFO - [2024-04-01 16:30:08,971] {dagbag.py:508} INFO - Filling up the DagBag from /opt/conda/lib/python3.8/site-packages/airflow/example_dags/subdags/subdag.py
[2024-04-01 16:30:08,972] {processor.py:653} WARNING - No viable dags retrieved from /opt/conda/lib/python3.8/site-packages/airflow/example_dags/subdags/subdag.py
[2024-04-01 16:30:08,982] {processor.py:161} INFO - Processing /opt/conda/lib/python3.8/site-packages/airflow/example_dags/subdags/subdag.py took 0.016 seconds
[2024-04-01 16:31:04,076] {processor.py:153} INFO - Started process (PID=21909) to work on /opt/conda/lib/python3.8/site-packages/airflow/example_dags/subdags/subdag.py
[2024-04-01 16:31:04,134] {processor.py:641} INFO - Processing file /opt/conda/lib/python3.8/site-packages/airflow/example_dags/subdags/subdag.py for tasks to queue
[2024-04-01 16:31:04,135] {logging_mixin.py:115} INFO - [2024-04-01 16:31:04,135] {dagbag.py:508} INFO - Filling up the DagBag from /opt/conda/lib/python3.8/site-packages/airflow/example_dags/subdags/subdag.py
[2024-04-01 16:31:04,136] {processor.py:653} WARNING - No viable dags retrieved from /opt/conda/lib/python3.8/site-packages/airflow/example_dags/subdags/subdag.py
[2024-04-01 16:31:04,146] {processor.py:161} INFO - Processing /opt/conda/lib/python3.8/site-packages/airflow/example_dags/subdags/subdag.py took 0.073 seconds
[2024-04-01 16:31:52,313] {processor.py:153} INFO - Started process (PID=22077) to work on /opt/conda/lib/python3.8/site-packages/airflow/example_dags/subdags/subdag.py
[2024-04-01 16:31:52,314] {processor.py:641} INFO - Processing file /opt/conda/lib/python3.8/site-packages/airflow/example_dags/subdags/subdag.py for tasks to queue
[2024-04-01 16:31:52,315] {logging_mixin.py:115} INFO - [2024-04-01 16:31:52,315] {dagbag.py:508} INFO - Filling up the DagBag from /opt/conda/lib/python3.8/site-packages/airflow/example_dags/subdags/subdag.py
[2024-04-01 16:31:52,316] {processor.py:653} WARNING - No viable dags retrieved from /opt/conda/lib/python3.8/site-packages/airflow/example_dags/subdags/subdag.py
[2024-04-01 16:31:52,326] {processor.py:161} INFO - Processing /opt/conda/lib/python3.8/site-packages/airflow/example_dags/subdags/subdag.py took 0.016 seconds
[2024-04-01 16:32:52,431] {processor.py:153} INFO - Started process (PID=22279) to work on /opt/conda/lib/python3.8/site-packages/airflow/example_dags/subdags/subdag.py
[2024-04-01 16:32:52,437] {processor.py:641} INFO - Processing file /opt/conda/lib/python3.8/site-packages/airflow/example_dags/subdags/subdag.py for tasks to queue
[2024-04-01 16:32:52,437] {logging_mixin.py:115} INFO - [2024-04-01 16:32:52,437] {dagbag.py:508} INFO - Filling up the DagBag from /opt/conda/lib/python3.8/site-packages/airflow/example_dags/subdags/subdag.py
[2024-04-01 16:32:52,438] {processor.py:653} WARNING - No viable dags retrieved from /opt/conda/lib/python3.8/site-packages/airflow/example_dags/subdags/subdag.py
[2024-04-01 16:32:52,457] {processor.py:161} INFO - Processing /opt/conda/lib/python3.8/site-packages/airflow/example_dags/subdags/subdag.py took 0.029 seconds
[2024-04-01 16:33:48,201] {processor.py:153} INFO - Started process (PID=22472) to work on /opt/conda/lib/python3.8/site-packages/airflow/example_dags/subdags/subdag.py
[2024-04-01 16:33:48,203] {processor.py:641} INFO - Processing file /opt/conda/lib/python3.8/site-packages/airflow/example_dags/subdags/subdag.py for tasks to queue
[2024-04-01 16:33:48,203] {logging_mixin.py:115} INFO - [2024-04-01 16:33:48,203] {dagbag.py:508} INFO - Filling up the DagBag from /opt/conda/lib/python3.8/site-packages/airflow/example_dags/subdags/subdag.py
[2024-04-01 16:33:48,205] {processor.py:653} WARNING - No viable dags retrieved from /opt/conda/lib/python3.8/site-packages/airflow/example_dags/subdags/subdag.py
[2024-04-01 16:33:48,215] {processor.py:161} INFO - Processing /opt/conda/lib/python3.8/site-packages/airflow/example_dags/subdags/subdag.py took 0.016 seconds
[2024-04-01 16:34:48,277] {processor.py:153} INFO - Started process (PID=22644) to work on /opt/conda/lib/python3.8/site-packages/airflow/example_dags/subdags/subdag.py
[2024-04-01 16:34:48,279] {processor.py:641} INFO - Processing file /opt/conda/lib/python3.8/site-packages/airflow/example_dags/subdags/subdag.py for tasks to queue
[2024-04-01 16:34:48,279] {logging_mixin.py:115} INFO - [2024-04-01 16:34:48,279] {dagbag.py:508} INFO - Filling up the DagBag from /opt/conda/lib/python3.8/site-packages/airflow/example_dags/subdags/subdag.py
[2024-04-01 16:34:48,281] {processor.py:653} WARNING - No viable dags retrieved from /opt/conda/lib/python3.8/site-packages/airflow/example_dags/subdags/subdag.py
[2024-04-01 16:34:48,291] {processor.py:161} INFO - Processing /opt/conda/lib/python3.8/site-packages/airflow/example_dags/subdags/subdag.py took 0.016 seconds
[2024-04-01 16:35:37,544] {processor.py:153} INFO - Started process (PID=22784) to work on /opt/conda/lib/python3.8/site-packages/airflow/example_dags/subdags/subdag.py
[2024-04-01 16:35:37,550] {processor.py:641} INFO - Processing file /opt/conda/lib/python3.8/site-packages/airflow/example_dags/subdags/subdag.py for tasks to queue
[2024-04-01 16:35:37,551] {logging_mixin.py:115} INFO - [2024-04-01 16:35:37,551] {dagbag.py:508} INFO - Filling up the DagBag from /opt/conda/lib/python3.8/site-packages/airflow/example_dags/subdags/subdag.py
[2024-04-01 16:35:37,552] {processor.py:653} WARNING - No viable dags retrieved from /opt/conda/lib/python3.8/site-packages/airflow/example_dags/subdags/subdag.py
[2024-04-01 16:35:37,560] {processor.py:161} INFO - Processing /opt/conda/lib/python3.8/site-packages/airflow/example_dags/subdags/subdag.py took 0.019 seconds
[2024-04-01 16:36:28,905] {processor.py:153} INFO - Started process (PID=22982) to work on /opt/conda/lib/python3.8/site-packages/airflow/example_dags/subdags/subdag.py
[2024-04-01 16:36:28,907] {processor.py:641} INFO - Processing file /opt/conda/lib/python3.8/site-packages/airflow/example_dags/subdags/subdag.py for tasks to queue
[2024-04-01 16:36:28,907] {logging_mixin.py:115} INFO - [2024-04-01 16:36:28,907] {dagbag.py:508} INFO - Filling up the DagBag from /opt/conda/lib/python3.8/site-packages/airflow/example_dags/subdags/subdag.py
[2024-04-01 16:36:28,909] {processor.py:653} WARNING - No viable dags retrieved from /opt/conda/lib/python3.8/site-packages/airflow/example_dags/subdags/subdag.py
[2024-04-01 16:36:28,919] {processor.py:161} INFO - Processing /opt/conda/lib/python3.8/site-packages/airflow/example_dags/subdags/subdag.py took 0.016 seconds
[2024-04-01 16:37:23,745] {processor.py:153} INFO - Started process (PID=23194) to work on /opt/conda/lib/python3.8/site-packages/airflow/example_dags/subdags/subdag.py
[2024-04-01 16:37:23,746] {processor.py:641} INFO - Processing file /opt/conda/lib/python3.8/site-packages/airflow/example_dags/subdags/subdag.py for tasks to queue
[2024-04-01 16:37:23,747] {logging_mixin.py:115} INFO - [2024-04-01 16:37:23,747] {dagbag.py:508} INFO - Filling up the DagBag from /opt/conda/lib/python3.8/site-packages/airflow/example_dags/subdags/subdag.py
[2024-04-01 16:37:23,748] {processor.py:653} WARNING - No viable dags retrieved from /opt/conda/lib/python3.8/site-packages/airflow/example_dags/subdags/subdag.py
[2024-04-01 16:37:23,758] {processor.py:161} INFO - Processing /opt/conda/lib/python3.8/site-packages/airflow/example_dags/subdags/subdag.py took 0.016 seconds
[2024-04-01 16:38:18,425] {processor.py:153} INFO - Started process (PID=23380) to work on /opt/conda/lib/python3.8/site-packages/airflow/example_dags/subdags/subdag.py
[2024-04-01 16:38:18,432] {processor.py:641} INFO - Processing file /opt/conda/lib/python3.8/site-packages/airflow/example_dags/subdags/subdag.py for tasks to queue
[2024-04-01 16:38:18,432] {logging_mixin.py:115} INFO - [2024-04-01 16:38:18,432] {dagbag.py:508} INFO - Filling up the DagBag from /opt/conda/lib/python3.8/site-packages/airflow/example_dags/subdags/subdag.py
[2024-04-01 16:38:18,433] {processor.py:653} WARNING - No viable dags retrieved from /opt/conda/lib/python3.8/site-packages/airflow/example_dags/subdags/subdag.py
[2024-04-01 16:38:18,440] {processor.py:161} INFO - Processing /opt/conda/lib/python3.8/site-packages/airflow/example_dags/subdags/subdag.py took 0.018 seconds
[2024-04-01 16:39:14,917] {processor.py:153} INFO - Started process (PID=23586) to work on /opt/conda/lib/python3.8/site-packages/airflow/example_dags/subdags/subdag.py
[2024-04-01 16:39:14,919] {processor.py:641} INFO - Processing file /opt/conda/lib/python3.8/site-packages/airflow/example_dags/subdags/subdag.py for tasks to queue
[2024-04-01 16:39:14,920] {logging_mixin.py:115} INFO - [2024-04-01 16:39:14,919] {dagbag.py:508} INFO - Filling up the DagBag from /opt/conda/lib/python3.8/site-packages/airflow/example_dags/subdags/subdag.py
[2024-04-01 16:39:14,921] {processor.py:653} WARNING - No viable dags retrieved from /opt/conda/lib/python3.8/site-packages/airflow/example_dags/subdags/subdag.py
[2024-04-01 16:39:14,931] {processor.py:161} INFO - Processing /opt/conda/lib/python3.8/site-packages/airflow/example_dags/subdags/subdag.py took 0.016 seconds
[2024-04-01 16:40:09,408] {processor.py:153} INFO - Started process (PID=23784) to work on /opt/conda/lib/python3.8/site-packages/airflow/example_dags/subdags/subdag.py
[2024-04-01 16:40:09,415] {processor.py:641} INFO - Processing file /opt/conda/lib/python3.8/site-packages/airflow/example_dags/subdags/subdag.py for tasks to queue
[2024-04-01 16:40:09,415] {logging_mixin.py:115} INFO - [2024-04-01 16:40:09,415] {dagbag.py:508} INFO - Filling up the DagBag from /opt/conda/lib/python3.8/site-packages/airflow/example_dags/subdags/subdag.py
[2024-04-01 16:40:09,417] {processor.py:653} WARNING - No viable dags retrieved from /opt/conda/lib/python3.8/site-packages/airflow/example_dags/subdags/subdag.py
[2024-04-01 16:40:09,425] {processor.py:161} INFO - Processing /opt/conda/lib/python3.8/site-packages/airflow/example_dags/subdags/subdag.py took 0.019 seconds
[2024-04-01 16:40:54,813] {processor.py:153} INFO - Started process (PID=23931) to work on /opt/conda/lib/python3.8/site-packages/airflow/example_dags/subdags/subdag.py
[2024-04-01 16:40:54,815] {processor.py:641} INFO - Processing file /opt/conda/lib/python3.8/site-packages/airflow/example_dags/subdags/subdag.py for tasks to queue
[2024-04-01 16:40:54,816] {logging_mixin.py:115} INFO - [2024-04-01 16:40:54,815] {dagbag.py:508} INFO - Filling up the DagBag from /opt/conda/lib/python3.8/site-packages/airflow/example_dags/subdags/subdag.py
[2024-04-01 16:40:54,817] {processor.py:653} WARNING - No viable dags retrieved from /opt/conda/lib/python3.8/site-packages/airflow/example_dags/subdags/subdag.py
[2024-04-01 16:40:54,826] {processor.py:161} INFO - Processing /opt/conda/lib/python3.8/site-packages/airflow/example_dags/subdags/subdag.py took 0.016 seconds
[2024-04-01 16:41:48,748] {processor.py:153} INFO - Started process (PID=24101) to work on /opt/conda/lib/python3.8/site-packages/airflow/example_dags/subdags/subdag.py
[2024-04-01 16:41:48,750] {processor.py:641} INFO - Processing file /opt/conda/lib/python3.8/site-packages/airflow/example_dags/subdags/subdag.py for tasks to queue
[2024-04-01 16:41:48,750] {logging_mixin.py:115} INFO - [2024-04-01 16:41:48,750] {dagbag.py:508} INFO - Filling up the DagBag from /opt/conda/lib/python3.8/site-packages/airflow/example_dags/subdags/subdag.py
[2024-04-01 16:41:48,751] {processor.py:653} WARNING - No viable dags retrieved from /opt/conda/lib/python3.8/site-packages/airflow/example_dags/subdags/subdag.py
[2024-04-01 16:41:48,761] {processor.py:161} INFO - Processing /opt/conda/lib/python3.8/site-packages/airflow/example_dags/subdags/subdag.py took 0.017 seconds
[2024-04-01 16:42:37,828] {processor.py:153} INFO - Started process (PID=24247) to work on /opt/conda/lib/python3.8/site-packages/airflow/example_dags/subdags/subdag.py
[2024-04-01 16:42:37,830] {processor.py:641} INFO - Processing file /opt/conda/lib/python3.8/site-packages/airflow/example_dags/subdags/subdag.py for tasks to queue
[2024-04-01 16:42:37,830] {logging_mixin.py:115} INFO - [2024-04-01 16:42:37,830] {dagbag.py:508} INFO - Filling up the DagBag from /opt/conda/lib/python3.8/site-packages/airflow/example_dags/subdags/subdag.py
[2024-04-01 16:42:37,832] {processor.py:653} WARNING - No viable dags retrieved from /opt/conda/lib/python3.8/site-packages/airflow/example_dags/subdags/subdag.py
[2024-04-01 16:42:37,842] {processor.py:161} INFO - Processing /opt/conda/lib/python3.8/site-packages/airflow/example_dags/subdags/subdag.py took 0.016 seconds
[2024-04-01 16:43:31,000] {processor.py:153} INFO - Started process (PID=24359) to work on /opt/conda/lib/python3.8/site-packages/airflow/example_dags/subdags/subdag.py
[2024-04-01 16:43:31,002] {processor.py:641} INFO - Processing file /opt/conda/lib/python3.8/site-packages/airflow/example_dags/subdags/subdag.py for tasks to queue
[2024-04-01 16:43:31,002] {logging_mixin.py:115} INFO - [2024-04-01 16:43:31,002] {dagbag.py:508} INFO - Filling up the DagBag from /opt/conda/lib/python3.8/site-packages/airflow/example_dags/subdags/subdag.py
[2024-04-01 16:43:31,004] {processor.py:653} WARNING - No viable dags retrieved from /opt/conda/lib/python3.8/site-packages/airflow/example_dags/subdags/subdag.py
[2024-04-01 16:43:31,014] {processor.py:161} INFO - Processing /opt/conda/lib/python3.8/site-packages/airflow/example_dags/subdags/subdag.py took 0.017 seconds
