[2024-04-08 16:56:27,763] {taskinstance.py:1179} INFO - Dependencies all met for <TaskInstance: Lead_scoring_inference_pipeline.checking_input_features manual__2024-04-08T16:55:30.059374+00:00 [queued]>
[2024-04-08 16:56:27,768] {taskinstance.py:1179} INFO - Dependencies all met for <TaskInstance: Lead_scoring_inference_pipeline.checking_input_features manual__2024-04-08T16:55:30.059374+00:00 [queued]>
[2024-04-08 16:56:27,768] {taskinstance.py:1376} INFO - 
--------------------------------------------------------------------------------
[2024-04-08 16:56:27,768] {taskinstance.py:1377} INFO - Starting attempt 1 of 2
[2024-04-08 16:56:27,768] {taskinstance.py:1378} INFO - 
--------------------------------------------------------------------------------
[2024-04-08 16:56:27,809] {taskinstance.py:1397} INFO - Executing <Task(PythonOperator): checking_input_features> on 2024-04-08 16:55:30.059374+00:00
[2024-04-08 16:56:27,816] {standard_task_runner.py:52} INFO - Started process 5468 to run task
[2024-04-08 16:56:27,820] {standard_task_runner.py:79} INFO - Running: ['airflow', 'tasks', 'run', 'Lead_scoring_inference_pipeline', 'checking_input_features', 'manual__2024-04-08T16:55:30.059374+00:00', '--job-id', '108', '--raw', '--subdir', 'DAGS_FOLDER/lead_scoring_inference_pipeline/.ipynb_checkpoints/lead_scoring_inference_pipeline-checkpoint.py', '--cfg-path', '/tmp/tmpdounvjim', '--error-file', '/tmp/tmp15sm2npg']
[2024-04-08 16:56:27,822] {standard_task_runner.py:80} INFO - Job 108: Subtask checking_input_features
[2024-04-08 16:56:28,022] {task_command.py:371} INFO - Running <TaskInstance: Lead_scoring_inference_pipeline.checking_input_features manual__2024-04-08T16:55:30.059374+00:00 [running]> on host 5e833cee3343
[2024-04-08 16:56:28,096] {taskinstance.py:1589} INFO - Exporting the following env vars:
AIRFLOW_CTX_DAG_OWNER=airflow
AIRFLOW_CTX_DAG_ID=Lead_scoring_inference_pipeline
AIRFLOW_CTX_TASK_ID=checking_input_features
AIRFLOW_CTX_EXECUTION_DATE=2024-04-08T16:55:30.059374+00:00
AIRFLOW_CTX_TRY_NUMBER=1
AIRFLOW_CTX_DAG_RUN_ID=manual__2024-04-08T16:55:30.059374+00:00
[2024-04-08 16:56:31,849] {utils.py:235} INFO - All the models input are present
[2024-04-08 16:56:31,851] {python.py:173} INFO - Done. Returned value was: None
[2024-04-08 16:56:31,857] {taskinstance.py:1415} INFO - Marking task as SUCCESS. dag_id=Lead_scoring_inference_pipeline, task_id=checking_input_features, execution_date=20240408T165530, start_date=20240408T165627, end_date=20240408T165631
[2024-04-08 16:56:31,888] {local_task_job.py:156} INFO - Task exited with return code 0
[2024-04-08 16:56:32,075] {local_task_job.py:273} INFO - 0 downstream tasks scheduled from follow-on schedule check
