[2024-04-08 16:56:00,575] {taskinstance.py:1179} INFO - Dependencies all met for <TaskInstance: Lead_Scoring_Data_Engineering_Pipeline.mapping_city_tier manual__2024-04-08T16:55:25.072767+00:00 [queued]>
[2024-04-08 16:56:00,580] {taskinstance.py:1179} INFO - Dependencies all met for <TaskInstance: Lead_Scoring_Data_Engineering_Pipeline.mapping_city_tier manual__2024-04-08T16:55:25.072767+00:00 [queued]>
[2024-04-08 16:56:00,580] {taskinstance.py:1376} INFO - 
--------------------------------------------------------------------------------
[2024-04-08 16:56:00,580] {taskinstance.py:1377} INFO - Starting attempt 1 of 2
[2024-04-08 16:56:00,580] {taskinstance.py:1378} INFO - 
--------------------------------------------------------------------------------
[2024-04-08 16:56:00,600] {taskinstance.py:1397} INFO - Executing <Task(PythonOperator): mapping_city_tier> on 2024-04-08 16:55:25.072767+00:00
[2024-04-08 16:56:00,605] {standard_task_runner.py:52} INFO - Started process 5349 to run task
[2024-04-08 16:56:00,609] {standard_task_runner.py:79} INFO - Running: ['airflow', 'tasks', 'run', 'Lead_Scoring_Data_Engineering_Pipeline', 'mapping_city_tier', 'manual__2024-04-08T16:55:25.072767+00:00', '--job-id', '104', '--raw', '--subdir', 'DAGS_FOLDER/lead_scoring_data_pipeline/lead_scoring_data_pipeline.py', '--cfg-path', '/tmp/tmpm2qk25x9', '--error-file', '/tmp/tmpqzhe18yc']
[2024-04-08 16:56:00,610] {standard_task_runner.py:80} INFO - Job 104: Subtask mapping_city_tier
[2024-04-08 16:56:00,666] {task_command.py:371} INFO - Running <TaskInstance: Lead_Scoring_Data_Engineering_Pipeline.mapping_city_tier manual__2024-04-08T16:55:25.072767+00:00 [running]> on host 5e833cee3343
[2024-04-08 16:56:00,727] {taskinstance.py:1589} INFO - Exporting the following env vars:
AIRFLOW_CTX_DAG_OWNER=airflow
AIRFLOW_CTX_DAG_ID=Lead_Scoring_Data_Engineering_Pipeline
AIRFLOW_CTX_TASK_ID=mapping_city_tier
AIRFLOW_CTX_EXECUTION_DATE=2024-04-08T16:55:25.072767+00:00
AIRFLOW_CTX_TRY_NUMBER=1
AIRFLOW_CTX_DAG_RUN_ID=manual__2024-04-08T16:55:25.072767+00:00
[2024-04-08 16:56:00,731] {logging_mixin.py:115} INFO - city_tier_mapped already populated
[2024-04-08 16:56:00,732] {python.py:173} INFO - Done. Returned value was: None
[2024-04-08 16:56:00,737] {taskinstance.py:1415} INFO - Marking task as SUCCESS. dag_id=Lead_Scoring_Data_Engineering_Pipeline, task_id=mapping_city_tier, execution_date=20240408T165525, start_date=20240408T165600, end_date=20240408T165600
[2024-04-08 16:56:00,779] {local_task_job.py:156} INFO - Task exited with return code 0
[2024-04-08 16:56:00,833] {local_task_job.py:273} INFO - 1 downstream tasks scheduled from follow-on schedule check
