[2024-04-08 16:56:36,538] {taskinstance.py:1179} INFO - Dependencies all met for <TaskInstance: Lead_Scoring_Data_Engineering_Pipeline.checking_model_inputs_schema manual__2024-04-08T16:55:25.072767+00:00 [queued]>
[2024-04-08 16:56:36,543] {taskinstance.py:1179} INFO - Dependencies all met for <TaskInstance: Lead_Scoring_Data_Engineering_Pipeline.checking_model_inputs_schema manual__2024-04-08T16:55:25.072767+00:00 [queued]>
[2024-04-08 16:56:36,543] {taskinstance.py:1376} INFO - 
--------------------------------------------------------------------------------
[2024-04-08 16:56:36,543] {taskinstance.py:1377} INFO - Starting attempt 1 of 2
[2024-04-08 16:56:36,543] {taskinstance.py:1378} INFO - 
--------------------------------------------------------------------------------
[2024-04-08 16:56:36,593] {taskinstance.py:1397} INFO - Executing <Task(PythonOperator): checking_model_inputs_schema> on 2024-04-08 16:55:25.072767+00:00
[2024-04-08 16:56:36,599] {standard_task_runner.py:52} INFO - Started process 5504 to run task
[2024-04-08 16:56:36,602] {standard_task_runner.py:79} INFO - Running: ['airflow', 'tasks', 'run', 'Lead_Scoring_Data_Engineering_Pipeline', 'checking_model_inputs_schema', 'manual__2024-04-08T16:55:25.072767+00:00', '--job-id', '110', '--raw', '--subdir', 'DAGS_FOLDER/lead_scoring_data_pipeline/.ipynb_checkpoints/lead_scoring_data_pipeline-checkpoint.py', '--cfg-path', '/tmp/tmpf31ym01m', '--error-file', '/tmp/tmpgdszc5jq']
[2024-04-08 16:56:36,603] {standard_task_runner.py:80} INFO - Job 110: Subtask checking_model_inputs_schema
[2024-04-08 16:56:36,673] {task_command.py:371} INFO - Running <TaskInstance: Lead_Scoring_Data_Engineering_Pipeline.checking_model_inputs_schema manual__2024-04-08T16:55:25.072767+00:00 [running]> on host 5e833cee3343
[2024-04-08 16:56:36,758] {taskinstance.py:1589} INFO - Exporting the following env vars:
AIRFLOW_CTX_DAG_OWNER=airflow
AIRFLOW_CTX_DAG_ID=Lead_Scoring_Data_Engineering_Pipeline
AIRFLOW_CTX_TASK_ID=checking_model_inputs_schema
AIRFLOW_CTX_EXECUTION_DATE=2024-04-08T16:55:25.072767+00:00
AIRFLOW_CTX_TRY_NUMBER=1
AIRFLOW_CTX_DAG_RUN_ID=manual__2024-04-08T16:55:25.072767+00:00
[2024-04-08 16:56:37,315] {logging_mixin.py:115} INFO - Models input schema is in line with the schema present in schema.py
[2024-04-08 16:56:37,339] {python.py:173} INFO - Done. Returned value was: None
[2024-04-08 16:56:37,344] {taskinstance.py:1415} INFO - Marking task as SUCCESS. dag_id=Lead_Scoring_Data_Engineering_Pipeline, task_id=checking_model_inputs_schema, execution_date=20240408T165525, start_date=20240408T165636, end_date=20240408T165637
[2024-04-08 16:56:37,376] {local_task_job.py:156} INFO - Task exited with return code 0
[2024-04-08 16:56:37,418] {local_task_job.py:273} INFO - 0 downstream tasks scheduled from follow-on schedule check
