[2024-04-08 16:47:31,760] {processor.py:153} INFO - Started process (PID=3914) to work on /home/airflow/dags/lead_scoring_inference_pipeline/lead_scoring_inference_pipeline.py
[2024-04-08 16:47:31,760] {processor.py:641} INFO - Processing file /home/airflow/dags/lead_scoring_inference_pipeline/lead_scoring_inference_pipeline.py for tasks to queue
[2024-04-08 16:47:31,761] {logging_mixin.py:115} INFO - [2024-04-08 16:47:31,761] {dagbag.py:508} INFO - Filling up the DagBag from /home/airflow/dags/lead_scoring_inference_pipeline/lead_scoring_inference_pipeline.py
[2024-04-08 16:47:32,471] {logging_mixin.py:115} INFO - [2024-04-08 16:47:32,471] {utils.py:145} INFO - Note: NumExpr detected 64 cores but "NUMEXPR_MAX_THREADS" not set, so enforcing safe limit of 8.
[2024-04-08 16:47:32,471] {logging_mixin.py:115} INFO - [2024-04-08 16:47:32,471] {utils.py:157} INFO - NumExpr defaulting to 8 threads.
[2024-04-08 16:47:32,639] {processor.py:651} INFO - DAG(s) dict_keys(['Lead_scoring_inference_pipeline']) retrieved from /home/airflow/dags/lead_scoring_inference_pipeline/lead_scoring_inference_pipeline.py
[2024-04-08 16:47:32,650] {logging_mixin.py:115} INFO - [2024-04-08 16:47:32,650] {dag.py:2420} INFO - Sync 1 DAGs
[2024-04-08 16:47:32,663] {logging_mixin.py:115} INFO - [2024-04-08 16:47:32,662] {dag.py:2968} INFO - Setting next_dagrun for Lead_scoring_inference_pipeline to 2024-04-08T16:00:00+00:00, run_after=2024-04-08T17:00:00+00:00
[2024-04-08 16:47:32,715] {processor.py:161} INFO - Processing /home/airflow/dags/lead_scoring_inference_pipeline/lead_scoring_inference_pipeline.py took 0.959 seconds
[2024-04-08 16:49:25,036] {processor.py:153} INFO - Started process (PID=4319) to work on /home/airflow/dags/lead_scoring_inference_pipeline/lead_scoring_inference_pipeline.py
[2024-04-08 16:49:25,038] {processor.py:641} INFO - Processing file /home/airflow/dags/lead_scoring_inference_pipeline/lead_scoring_inference_pipeline.py for tasks to queue
[2024-04-08 16:49:25,039] {logging_mixin.py:115} INFO - [2024-04-08 16:49:25,039] {dagbag.py:508} INFO - Filling up the DagBag from /home/airflow/dags/lead_scoring_inference_pipeline/lead_scoring_inference_pipeline.py
[2024-04-08 16:49:25,763] {logging_mixin.py:115} INFO - [2024-04-08 16:49:25,763] {utils.py:145} INFO - Note: NumExpr detected 64 cores but "NUMEXPR_MAX_THREADS" not set, so enforcing safe limit of 8.
[2024-04-08 16:49:25,763] {logging_mixin.py:115} INFO - [2024-04-08 16:49:25,763] {utils.py:157} INFO - NumExpr defaulting to 8 threads.
[2024-04-08 16:49:25,932] {processor.py:651} INFO - DAG(s) dict_keys(['Lead_scoring_inference_pipeline']) retrieved from /home/airflow/dags/lead_scoring_inference_pipeline/lead_scoring_inference_pipeline.py
[2024-04-08 16:49:25,964] {logging_mixin.py:115} INFO - [2024-04-08 16:49:25,963] {dag.py:2420} INFO - Sync 1 DAGs
[2024-04-08 16:49:25,975] {logging_mixin.py:115} INFO - [2024-04-08 16:49:25,975] {dag.py:2968} INFO - Setting next_dagrun for Lead_scoring_inference_pipeline to 2024-04-08T16:00:00+00:00, run_after=2024-04-08T17:00:00+00:00
[2024-04-08 16:49:26,017] {processor.py:161} INFO - Processing /home/airflow/dags/lead_scoring_inference_pipeline/lead_scoring_inference_pipeline.py took 0.984 seconds
[2024-04-08 16:50:15,432] {processor.py:153} INFO - Started process (PID=4437) to work on /home/airflow/dags/lead_scoring_inference_pipeline/lead_scoring_inference_pipeline.py
[2024-04-08 16:50:15,434] {processor.py:641} INFO - Processing file /home/airflow/dags/lead_scoring_inference_pipeline/lead_scoring_inference_pipeline.py for tasks to queue
[2024-04-08 16:50:15,434] {logging_mixin.py:115} INFO - [2024-04-08 16:50:15,434] {dagbag.py:508} INFO - Filling up the DagBag from /home/airflow/dags/lead_scoring_inference_pipeline/lead_scoring_inference_pipeline.py
[2024-04-08 16:50:16,144] {logging_mixin.py:115} INFO - [2024-04-08 16:50:16,144] {utils.py:145} INFO - Note: NumExpr detected 64 cores but "NUMEXPR_MAX_THREADS" not set, so enforcing safe limit of 8.
[2024-04-08 16:50:16,144] {logging_mixin.py:115} INFO - [2024-04-08 16:50:16,144] {utils.py:157} INFO - NumExpr defaulting to 8 threads.
[2024-04-08 16:50:16,310] {processor.py:651} INFO - DAG(s) dict_keys(['Lead_scoring_inference_pipeline']) retrieved from /home/airflow/dags/lead_scoring_inference_pipeline/lead_scoring_inference_pipeline.py
[2024-04-08 16:50:16,319] {logging_mixin.py:115} INFO - [2024-04-08 16:50:16,319] {dag.py:2420} INFO - Sync 1 DAGs
[2024-04-08 16:50:16,331] {logging_mixin.py:115} INFO - [2024-04-08 16:50:16,331] {dag.py:2968} INFO - Setting next_dagrun for Lead_scoring_inference_pipeline to 2024-04-08T16:00:00+00:00, run_after=2024-04-08T17:00:00+00:00
[2024-04-08 16:50:16,357] {processor.py:161} INFO - Processing /home/airflow/dags/lead_scoring_inference_pipeline/lead_scoring_inference_pipeline.py took 0.929 seconds
[2024-04-08 16:51:07,076] {processor.py:153} INFO - Started process (PID=4554) to work on /home/airflow/dags/lead_scoring_inference_pipeline/lead_scoring_inference_pipeline.py
[2024-04-08 16:51:07,078] {processor.py:641} INFO - Processing file /home/airflow/dags/lead_scoring_inference_pipeline/lead_scoring_inference_pipeline.py for tasks to queue
[2024-04-08 16:51:07,079] {logging_mixin.py:115} INFO - [2024-04-08 16:51:07,079] {dagbag.py:508} INFO - Filling up the DagBag from /home/airflow/dags/lead_scoring_inference_pipeline/lead_scoring_inference_pipeline.py
[2024-04-08 16:51:07,819] {logging_mixin.py:115} INFO - [2024-04-08 16:51:07,819] {utils.py:145} INFO - Note: NumExpr detected 64 cores but "NUMEXPR_MAX_THREADS" not set, so enforcing safe limit of 8.
[2024-04-08 16:51:07,819] {logging_mixin.py:115} INFO - [2024-04-08 16:51:07,819] {utils.py:157} INFO - NumExpr defaulting to 8 threads.
[2024-04-08 16:51:07,989] {processor.py:651} INFO - DAG(s) dict_keys(['Lead_scoring_inference_pipeline']) retrieved from /home/airflow/dags/lead_scoring_inference_pipeline/lead_scoring_inference_pipeline.py
[2024-04-08 16:51:08,020] {logging_mixin.py:115} INFO - [2024-04-08 16:51:08,020] {dag.py:2420} INFO - Sync 1 DAGs
[2024-04-08 16:51:08,032] {logging_mixin.py:115} INFO - [2024-04-08 16:51:08,032] {dag.py:2968} INFO - Setting next_dagrun for Lead_scoring_inference_pipeline to 2024-04-08T16:00:00+00:00, run_after=2024-04-08T17:00:00+00:00
[2024-04-08 16:51:08,053] {processor.py:161} INFO - Processing /home/airflow/dags/lead_scoring_inference_pipeline/lead_scoring_inference_pipeline.py took 0.980 seconds
[2024-04-08 16:51:58,783] {processor.py:153} INFO - Started process (PID=4671) to work on /home/airflow/dags/lead_scoring_inference_pipeline/lead_scoring_inference_pipeline.py
[2024-04-08 16:51:58,784] {processor.py:641} INFO - Processing file /home/airflow/dags/lead_scoring_inference_pipeline/lead_scoring_inference_pipeline.py for tasks to queue
[2024-04-08 16:51:58,785] {logging_mixin.py:115} INFO - [2024-04-08 16:51:58,785] {dagbag.py:508} INFO - Filling up the DagBag from /home/airflow/dags/lead_scoring_inference_pipeline/lead_scoring_inference_pipeline.py
[2024-04-08 16:51:59,491] {logging_mixin.py:115} INFO - [2024-04-08 16:51:59,491] {utils.py:145} INFO - Note: NumExpr detected 64 cores but "NUMEXPR_MAX_THREADS" not set, so enforcing safe limit of 8.
[2024-04-08 16:51:59,491] {logging_mixin.py:115} INFO - [2024-04-08 16:51:59,491] {utils.py:157} INFO - NumExpr defaulting to 8 threads.
[2024-04-08 16:51:59,660] {processor.py:651} INFO - DAG(s) dict_keys(['Lead_scoring_inference_pipeline']) retrieved from /home/airflow/dags/lead_scoring_inference_pipeline/lead_scoring_inference_pipeline.py
[2024-04-08 16:51:59,672] {logging_mixin.py:115} INFO - [2024-04-08 16:51:59,671] {dag.py:2420} INFO - Sync 1 DAGs
[2024-04-08 16:51:59,684] {logging_mixin.py:115} INFO - [2024-04-08 16:51:59,684] {dag.py:2968} INFO - Setting next_dagrun for Lead_scoring_inference_pipeline to 2024-04-08T16:00:00+00:00, run_after=2024-04-08T17:00:00+00:00
[2024-04-08 16:51:59,736] {processor.py:161} INFO - Processing /home/airflow/dags/lead_scoring_inference_pipeline/lead_scoring_inference_pipeline.py took 0.957 seconds
[2024-04-08 16:52:52,945] {processor.py:153} INFO - Started process (PID=4790) to work on /home/airflow/dags/lead_scoring_inference_pipeline/lead_scoring_inference_pipeline.py
[2024-04-08 16:52:52,946] {processor.py:641} INFO - Processing file /home/airflow/dags/lead_scoring_inference_pipeline/lead_scoring_inference_pipeline.py for tasks to queue
[2024-04-08 16:52:52,947] {logging_mixin.py:115} INFO - [2024-04-08 16:52:52,947] {dagbag.py:508} INFO - Filling up the DagBag from /home/airflow/dags/lead_scoring_inference_pipeline/lead_scoring_inference_pipeline.py
[2024-04-08 16:52:53,677] {logging_mixin.py:115} INFO - [2024-04-08 16:52:53,677] {utils.py:145} INFO - Note: NumExpr detected 64 cores but "NUMEXPR_MAX_THREADS" not set, so enforcing safe limit of 8.
[2024-04-08 16:52:53,677] {logging_mixin.py:115} INFO - [2024-04-08 16:52:53,677] {utils.py:157} INFO - NumExpr defaulting to 8 threads.
[2024-04-08 16:52:53,847] {processor.py:651} INFO - DAG(s) dict_keys(['Lead_scoring_inference_pipeline']) retrieved from /home/airflow/dags/lead_scoring_inference_pipeline/lead_scoring_inference_pipeline.py
[2024-04-08 16:52:53,878] {logging_mixin.py:115} INFO - [2024-04-08 16:52:53,877] {dag.py:2420} INFO - Sync 1 DAGs
[2024-04-08 16:52:53,889] {logging_mixin.py:115} INFO - [2024-04-08 16:52:53,889] {dag.py:2968} INFO - Setting next_dagrun for Lead_scoring_inference_pipeline to 2024-04-08T16:00:00+00:00, run_after=2024-04-08T17:00:00+00:00
[2024-04-08 16:52:53,932] {processor.py:161} INFO - Processing /home/airflow/dags/lead_scoring_inference_pipeline/lead_scoring_inference_pipeline.py took 0.992 seconds
[2024-04-08 16:53:40,551] {processor.py:153} INFO - Started process (PID=4906) to work on /home/airflow/dags/lead_scoring_inference_pipeline/lead_scoring_inference_pipeline.py
[2024-04-08 16:53:40,553] {processor.py:641} INFO - Processing file /home/airflow/dags/lead_scoring_inference_pipeline/lead_scoring_inference_pipeline.py for tasks to queue
[2024-04-08 16:53:40,554] {logging_mixin.py:115} INFO - [2024-04-08 16:53:40,554] {dagbag.py:508} INFO - Filling up the DagBag from /home/airflow/dags/lead_scoring_inference_pipeline/lead_scoring_inference_pipeline.py
[2024-04-08 16:53:41,266] {logging_mixin.py:115} INFO - [2024-04-08 16:53:41,266] {utils.py:145} INFO - Note: NumExpr detected 64 cores but "NUMEXPR_MAX_THREADS" not set, so enforcing safe limit of 8.
[2024-04-08 16:53:41,266] {logging_mixin.py:115} INFO - [2024-04-08 16:53:41,266] {utils.py:157} INFO - NumExpr defaulting to 8 threads.
[2024-04-08 16:53:41,435] {processor.py:651} INFO - DAG(s) dict_keys(['Lead_scoring_inference_pipeline']) retrieved from /home/airflow/dags/lead_scoring_inference_pipeline/lead_scoring_inference_pipeline.py
[2024-04-08 16:53:41,447] {logging_mixin.py:115} INFO - [2024-04-08 16:53:41,446] {dag.py:2420} INFO - Sync 1 DAGs
[2024-04-08 16:53:41,459] {logging_mixin.py:115} INFO - [2024-04-08 16:53:41,459] {dag.py:2968} INFO - Setting next_dagrun for Lead_scoring_inference_pipeline to 2024-04-08T16:00:00+00:00, run_after=2024-04-08T17:00:00+00:00
[2024-04-08 16:53:41,477] {processor.py:161} INFO - Processing /home/airflow/dags/lead_scoring_inference_pipeline/lead_scoring_inference_pipeline.py took 0.930 seconds
[2024-04-08 16:54:27,826] {processor.py:153} INFO - Started process (PID=5021) to work on /home/airflow/dags/lead_scoring_inference_pipeline/lead_scoring_inference_pipeline.py
[2024-04-08 16:54:27,828] {processor.py:641} INFO - Processing file /home/airflow/dags/lead_scoring_inference_pipeline/lead_scoring_inference_pipeline.py for tasks to queue
[2024-04-08 16:54:27,828] {logging_mixin.py:115} INFO - [2024-04-08 16:54:27,828] {dagbag.py:508} INFO - Filling up the DagBag from /home/airflow/dags/lead_scoring_inference_pipeline/lead_scoring_inference_pipeline.py
[2024-04-08 16:54:28,583] {logging_mixin.py:115} INFO - [2024-04-08 16:54:28,583] {utils.py:145} INFO - Note: NumExpr detected 64 cores but "NUMEXPR_MAX_THREADS" not set, so enforcing safe limit of 8.
[2024-04-08 16:54:28,583] {logging_mixin.py:115} INFO - [2024-04-08 16:54:28,583] {utils.py:157} INFO - NumExpr defaulting to 8 threads.
[2024-04-08 16:54:28,751] {processor.py:651} INFO - DAG(s) dict_keys(['Lead_scoring_inference_pipeline']) retrieved from /home/airflow/dags/lead_scoring_inference_pipeline/lead_scoring_inference_pipeline.py
[2024-04-08 16:54:28,783] {logging_mixin.py:115} INFO - [2024-04-08 16:54:28,783] {dag.py:2420} INFO - Sync 1 DAGs
[2024-04-08 16:54:28,795] {logging_mixin.py:115} INFO - [2024-04-08 16:54:28,795] {dag.py:2968} INFO - Setting next_dagrun for Lead_scoring_inference_pipeline to 2024-04-08T16:00:00+00:00, run_after=2024-04-08T17:00:00+00:00
[2024-04-08 16:54:28,815] {processor.py:161} INFO - Processing /home/airflow/dags/lead_scoring_inference_pipeline/lead_scoring_inference_pipeline.py took 0.994 seconds
[2024-04-08 16:55:19,518] {processor.py:153} INFO - Started process (PID=5138) to work on /home/airflow/dags/lead_scoring_inference_pipeline/lead_scoring_inference_pipeline.py
[2024-04-08 16:55:19,520] {processor.py:641} INFO - Processing file /home/airflow/dags/lead_scoring_inference_pipeline/lead_scoring_inference_pipeline.py for tasks to queue
[2024-04-08 16:55:19,521] {logging_mixin.py:115} INFO - [2024-04-08 16:55:19,521] {dagbag.py:508} INFO - Filling up the DagBag from /home/airflow/dags/lead_scoring_inference_pipeline/lead_scoring_inference_pipeline.py
[2024-04-08 16:55:20,234] {logging_mixin.py:115} INFO - [2024-04-08 16:55:20,234] {utils.py:145} INFO - Note: NumExpr detected 64 cores but "NUMEXPR_MAX_THREADS" not set, so enforcing safe limit of 8.
[2024-04-08 16:55:20,234] {logging_mixin.py:115} INFO - [2024-04-08 16:55:20,234] {utils.py:157} INFO - NumExpr defaulting to 8 threads.
[2024-04-08 16:55:20,399] {processor.py:651} INFO - DAG(s) dict_keys(['Lead_scoring_inference_pipeline']) retrieved from /home/airflow/dags/lead_scoring_inference_pipeline/lead_scoring_inference_pipeline.py
[2024-04-08 16:55:20,410] {logging_mixin.py:115} INFO - [2024-04-08 16:55:20,410] {dag.py:2420} INFO - Sync 1 DAGs
[2024-04-08 16:55:20,423] {logging_mixin.py:115} INFO - [2024-04-08 16:55:20,423] {dag.py:2968} INFO - Setting next_dagrun for Lead_scoring_inference_pipeline to 2024-04-08T16:00:00+00:00, run_after=2024-04-08T17:00:00+00:00
[2024-04-08 16:55:20,440] {processor.py:161} INFO - Processing /home/airflow/dags/lead_scoring_inference_pipeline/lead_scoring_inference_pipeline.py took 0.925 seconds
[2024-04-08 16:56:44,083] {processor.py:153} INFO - Started process (PID=5511) to work on /home/airflow/dags/lead_scoring_inference_pipeline/lead_scoring_inference_pipeline.py
[2024-04-08 16:56:44,085] {processor.py:641} INFO - Processing file /home/airflow/dags/lead_scoring_inference_pipeline/lead_scoring_inference_pipeline.py for tasks to queue
[2024-04-08 16:56:44,085] {logging_mixin.py:115} INFO - [2024-04-08 16:56:44,085] {dagbag.py:508} INFO - Filling up the DagBag from /home/airflow/dags/lead_scoring_inference_pipeline/lead_scoring_inference_pipeline.py
[2024-04-08 16:56:44,797] {logging_mixin.py:115} INFO - [2024-04-08 16:56:44,797] {utils.py:145} INFO - Note: NumExpr detected 64 cores but "NUMEXPR_MAX_THREADS" not set, so enforcing safe limit of 8.
[2024-04-08 16:56:44,797] {logging_mixin.py:115} INFO - [2024-04-08 16:56:44,797] {utils.py:157} INFO - NumExpr defaulting to 8 threads.
[2024-04-08 16:56:44,965] {processor.py:651} INFO - DAG(s) dict_keys(['Lead_scoring_inference_pipeline']) retrieved from /home/airflow/dags/lead_scoring_inference_pipeline/lead_scoring_inference_pipeline.py
[2024-04-08 16:56:44,995] {logging_mixin.py:115} INFO - [2024-04-08 16:56:44,995] {dag.py:2420} INFO - Sync 1 DAGs
[2024-04-08 16:56:45,007] {logging_mixin.py:115} INFO - [2024-04-08 16:56:45,007] {dag.py:2968} INFO - Setting next_dagrun for Lead_scoring_inference_pipeline to 2024-04-08T16:00:00+00:00, run_after=2024-04-08T17:00:00+00:00
[2024-04-08 16:56:45,027] {processor.py:161} INFO - Processing /home/airflow/dags/lead_scoring_inference_pipeline/lead_scoring_inference_pipeline.py took 0.948 seconds
[2024-04-08 16:57:33,340] {processor.py:153} INFO - Started process (PID=5617) to work on /home/airflow/dags/lead_scoring_inference_pipeline/lead_scoring_inference_pipeline.py
[2024-04-08 16:57:33,342] {processor.py:641} INFO - Processing file /home/airflow/dags/lead_scoring_inference_pipeline/lead_scoring_inference_pipeline.py for tasks to queue
[2024-04-08 16:57:33,343] {logging_mixin.py:115} INFO - [2024-04-08 16:57:33,343] {dagbag.py:508} INFO - Filling up the DagBag from /home/airflow/dags/lead_scoring_inference_pipeline/lead_scoring_inference_pipeline.py
[2024-04-08 16:57:34,054] {logging_mixin.py:115} INFO - [2024-04-08 16:57:34,054] {utils.py:145} INFO - Note: NumExpr detected 64 cores but "NUMEXPR_MAX_THREADS" not set, so enforcing safe limit of 8.
[2024-04-08 16:57:34,054] {logging_mixin.py:115} INFO - [2024-04-08 16:57:34,054] {utils.py:157} INFO - NumExpr defaulting to 8 threads.
[2024-04-08 16:57:34,223] {processor.py:651} INFO - DAG(s) dict_keys(['Lead_scoring_inference_pipeline']) retrieved from /home/airflow/dags/lead_scoring_inference_pipeline/lead_scoring_inference_pipeline.py
[2024-04-08 16:57:34,235] {logging_mixin.py:115} INFO - [2024-04-08 16:57:34,234] {dag.py:2420} INFO - Sync 1 DAGs
[2024-04-08 16:57:34,247] {logging_mixin.py:115} INFO - [2024-04-08 16:57:34,247] {dag.py:2968} INFO - Setting next_dagrun for Lead_scoring_inference_pipeline to 2024-04-08T16:00:00+00:00, run_after=2024-04-08T17:00:00+00:00
[2024-04-08 16:57:34,295] {processor.py:161} INFO - Processing /home/airflow/dags/lead_scoring_inference_pipeline/lead_scoring_inference_pipeline.py took 0.958 seconds
[2024-04-08 16:58:25,025] {processor.py:153} INFO - Started process (PID=5734) to work on /home/airflow/dags/lead_scoring_inference_pipeline/lead_scoring_inference_pipeline.py
[2024-04-08 16:58:25,026] {processor.py:641} INFO - Processing file /home/airflow/dags/lead_scoring_inference_pipeline/lead_scoring_inference_pipeline.py for tasks to queue
[2024-04-08 16:58:25,027] {logging_mixin.py:115} INFO - [2024-04-08 16:58:25,027] {dagbag.py:508} INFO - Filling up the DagBag from /home/airflow/dags/lead_scoring_inference_pipeline/lead_scoring_inference_pipeline.py
[2024-04-08 16:58:25,751] {logging_mixin.py:115} INFO - [2024-04-08 16:58:25,751] {utils.py:145} INFO - Note: NumExpr detected 64 cores but "NUMEXPR_MAX_THREADS" not set, so enforcing safe limit of 8.
[2024-04-08 16:58:25,751] {logging_mixin.py:115} INFO - [2024-04-08 16:58:25,751] {utils.py:157} INFO - NumExpr defaulting to 8 threads.
[2024-04-08 16:58:25,922] {processor.py:651} INFO - DAG(s) dict_keys(['Lead_scoring_inference_pipeline']) retrieved from /home/airflow/dags/lead_scoring_inference_pipeline/lead_scoring_inference_pipeline.py
[2024-04-08 16:58:25,953] {logging_mixin.py:115} INFO - [2024-04-08 16:58:25,953] {dag.py:2420} INFO - Sync 1 DAGs
[2024-04-08 16:58:25,966] {logging_mixin.py:115} INFO - [2024-04-08 16:58:25,965] {dag.py:2968} INFO - Setting next_dagrun for Lead_scoring_inference_pipeline to 2024-04-08T16:00:00+00:00, run_after=2024-04-08T17:00:00+00:00
[2024-04-08 16:58:26,013] {processor.py:161} INFO - Processing /home/airflow/dags/lead_scoring_inference_pipeline/lead_scoring_inference_pipeline.py took 0.992 seconds
[2024-04-08 16:59:13,821] {processor.py:153} INFO - Started process (PID=5851) to work on /home/airflow/dags/lead_scoring_inference_pipeline/lead_scoring_inference_pipeline.py
[2024-04-08 16:59:13,823] {processor.py:641} INFO - Processing file /home/airflow/dags/lead_scoring_inference_pipeline/lead_scoring_inference_pipeline.py for tasks to queue
[2024-04-08 16:59:13,824] {logging_mixin.py:115} INFO - [2024-04-08 16:59:13,824] {dagbag.py:508} INFO - Filling up the DagBag from /home/airflow/dags/lead_scoring_inference_pipeline/lead_scoring_inference_pipeline.py
[2024-04-08 16:59:14,596] {logging_mixin.py:115} INFO - [2024-04-08 16:59:14,595] {utils.py:145} INFO - Note: NumExpr detected 64 cores but "NUMEXPR_MAX_THREADS" not set, so enforcing safe limit of 8.
[2024-04-08 16:59:14,596] {logging_mixin.py:115} INFO - [2024-04-08 16:59:14,596] {utils.py:157} INFO - NumExpr defaulting to 8 threads.
[2024-04-08 16:59:14,767] {processor.py:651} INFO - DAG(s) dict_keys(['Lead_scoring_inference_pipeline']) retrieved from /home/airflow/dags/lead_scoring_inference_pipeline/lead_scoring_inference_pipeline.py
[2024-04-08 16:59:14,779] {logging_mixin.py:115} INFO - [2024-04-08 16:59:14,779] {dag.py:2420} INFO - Sync 1 DAGs
[2024-04-08 16:59:14,792] {logging_mixin.py:115} INFO - [2024-04-08 16:59:14,792] {dag.py:2968} INFO - Setting next_dagrun for Lead_scoring_inference_pipeline to 2024-04-08T16:00:00+00:00, run_after=2024-04-08T17:00:00+00:00
[2024-04-08 16:59:14,818] {processor.py:161} INFO - Processing /home/airflow/dags/lead_scoring_inference_pipeline/lead_scoring_inference_pipeline.py took 1.001 seconds
[2024-04-08 17:00:01,863] {processor.py:153} INFO - Started process (PID=5965) to work on /home/airflow/dags/lead_scoring_inference_pipeline/lead_scoring_inference_pipeline.py
[2024-04-08 17:00:01,864] {processor.py:641} INFO - Processing file /home/airflow/dags/lead_scoring_inference_pipeline/lead_scoring_inference_pipeline.py for tasks to queue
[2024-04-08 17:00:01,865] {logging_mixin.py:115} INFO - [2024-04-08 17:00:01,865] {dagbag.py:508} INFO - Filling up the DagBag from /home/airflow/dags/lead_scoring_inference_pipeline/lead_scoring_inference_pipeline.py
[2024-04-08 17:00:02,597] {logging_mixin.py:115} INFO - [2024-04-08 17:00:02,597] {utils.py:145} INFO - Note: NumExpr detected 64 cores but "NUMEXPR_MAX_THREADS" not set, so enforcing safe limit of 8.
[2024-04-08 17:00:02,597] {logging_mixin.py:115} INFO - [2024-04-08 17:00:02,597] {utils.py:157} INFO - NumExpr defaulting to 8 threads.
[2024-04-08 17:00:02,765] {processor.py:651} INFO - DAG(s) dict_keys(['Lead_scoring_inference_pipeline']) retrieved from /home/airflow/dags/lead_scoring_inference_pipeline/lead_scoring_inference_pipeline.py
[2024-04-08 17:00:02,797] {logging_mixin.py:115} INFO - [2024-04-08 17:00:02,796] {dag.py:2420} INFO - Sync 1 DAGs
[2024-04-08 17:00:02,809] {logging_mixin.py:115} INFO - [2024-04-08 17:00:02,809] {dag.py:2968} INFO - Setting next_dagrun for Lead_scoring_inference_pipeline to 2024-04-08T16:00:00+00:00, run_after=2024-04-08T17:00:00+00:00
[2024-04-08 17:00:02,829] {processor.py:161} INFO - Processing /home/airflow/dags/lead_scoring_inference_pipeline/lead_scoring_inference_pipeline.py took 0.970 seconds
[2024-04-08 17:00:53,547] {processor.py:153} INFO - Started process (PID=6138) to work on /home/airflow/dags/lead_scoring_inference_pipeline/lead_scoring_inference_pipeline.py
[2024-04-08 17:00:53,549] {processor.py:641} INFO - Processing file /home/airflow/dags/lead_scoring_inference_pipeline/lead_scoring_inference_pipeline.py for tasks to queue
[2024-04-08 17:00:53,550] {logging_mixin.py:115} INFO - [2024-04-08 17:00:53,550] {dagbag.py:508} INFO - Filling up the DagBag from /home/airflow/dags/lead_scoring_inference_pipeline/lead_scoring_inference_pipeline.py
[2024-04-08 17:00:54,279] {logging_mixin.py:115} INFO - [2024-04-08 17:00:54,278] {utils.py:145} INFO - Note: NumExpr detected 64 cores but "NUMEXPR_MAX_THREADS" not set, so enforcing safe limit of 8.
[2024-04-08 17:00:54,279] {logging_mixin.py:115} INFO - [2024-04-08 17:00:54,279] {utils.py:157} INFO - NumExpr defaulting to 8 threads.
[2024-04-08 17:00:54,446] {processor.py:651} INFO - DAG(s) dict_keys(['Lead_scoring_inference_pipeline']) retrieved from /home/airflow/dags/lead_scoring_inference_pipeline/lead_scoring_inference_pipeline.py
[2024-04-08 17:00:54,458] {logging_mixin.py:115} INFO - [2024-04-08 17:00:54,457] {dag.py:2420} INFO - Sync 1 DAGs
[2024-04-08 17:00:54,470] {logging_mixin.py:115} INFO - [2024-04-08 17:00:54,470] {dag.py:2968} INFO - Setting next_dagrun for Lead_scoring_inference_pipeline to 2024-04-08T17:00:00+00:00, run_after=2024-04-08T18:00:00+00:00
[2024-04-08 17:00:54,487] {processor.py:161} INFO - Processing /home/airflow/dags/lead_scoring_inference_pipeline/lead_scoring_inference_pipeline.py took 0.944 seconds
[2024-04-08 17:01:30,864] {processor.py:153} INFO - Started process (PID=6195) to work on /home/airflow/dags/lead_scoring_inference_pipeline/lead_scoring_inference_pipeline.py
[2024-04-08 17:01:30,866] {processor.py:641} INFO - Processing file /home/airflow/dags/lead_scoring_inference_pipeline/lead_scoring_inference_pipeline.py for tasks to queue
[2024-04-08 17:01:30,866] {logging_mixin.py:115} INFO - [2024-04-08 17:01:30,866] {dagbag.py:508} INFO - Filling up the DagBag from /home/airflow/dags/lead_scoring_inference_pipeline/lead_scoring_inference_pipeline.py
[2024-04-08 17:01:31,614] {logging_mixin.py:115} INFO - [2024-04-08 17:01:31,614] {utils.py:145} INFO - Note: NumExpr detected 64 cores but "NUMEXPR_MAX_THREADS" not set, so enforcing safe limit of 8.
[2024-04-08 17:01:31,614] {logging_mixin.py:115} INFO - [2024-04-08 17:01:31,614] {utils.py:157} INFO - NumExpr defaulting to 8 threads.
[2024-04-08 17:01:31,785] {processor.py:651} INFO - DAG(s) dict_keys(['Lead_scoring_inference_pipeline']) retrieved from /home/airflow/dags/lead_scoring_inference_pipeline/lead_scoring_inference_pipeline.py
[2024-04-08 17:01:31,816] {logging_mixin.py:115} INFO - [2024-04-08 17:01:31,816] {dag.py:2420} INFO - Sync 1 DAGs
[2024-04-08 17:01:31,829] {logging_mixin.py:115} INFO - [2024-04-08 17:01:31,829] {dag.py:2968} INFO - Setting next_dagrun for Lead_scoring_inference_pipeline to 2024-04-08T17:00:00+00:00, run_after=2024-04-08T18:00:00+00:00
[2024-04-08 17:01:31,860] {processor.py:161} INFO - Processing /home/airflow/dags/lead_scoring_inference_pipeline/lead_scoring_inference_pipeline.py took 1.000 seconds
[2024-04-08 17:02:19,375] {processor.py:153} INFO - Started process (PID=6415) to work on /home/airflow/dags/lead_scoring_inference_pipeline/lead_scoring_inference_pipeline.py
[2024-04-08 17:02:19,376] {processor.py:641} INFO - Processing file /home/airflow/dags/lead_scoring_inference_pipeline/lead_scoring_inference_pipeline.py for tasks to queue
[2024-04-08 17:02:19,377] {logging_mixin.py:115} INFO - [2024-04-08 17:02:19,377] {dagbag.py:508} INFO - Filling up the DagBag from /home/airflow/dags/lead_scoring_inference_pipeline/lead_scoring_inference_pipeline.py
[2024-04-08 17:02:20,104] {logging_mixin.py:115} INFO - [2024-04-08 17:02:20,104] {utils.py:145} INFO - Note: NumExpr detected 64 cores but "NUMEXPR_MAX_THREADS" not set, so enforcing safe limit of 8.
[2024-04-08 17:02:20,104] {logging_mixin.py:115} INFO - [2024-04-08 17:02:20,104] {utils.py:157} INFO - NumExpr defaulting to 8 threads.
[2024-04-08 17:02:20,273] {processor.py:651} INFO - DAG(s) dict_keys(['Lead_scoring_inference_pipeline']) retrieved from /home/airflow/dags/lead_scoring_inference_pipeline/lead_scoring_inference_pipeline.py
[2024-04-08 17:02:20,284] {logging_mixin.py:115} INFO - [2024-04-08 17:02:20,284] {dag.py:2420} INFO - Sync 1 DAGs
[2024-04-08 17:02:20,297] {logging_mixin.py:115} INFO - [2024-04-08 17:02:20,296] {dag.py:2968} INFO - Setting next_dagrun for Lead_scoring_inference_pipeline to 2024-04-08T17:00:00+00:00, run_after=2024-04-08T18:00:00+00:00
[2024-04-08 17:02:20,355] {processor.py:161} INFO - Processing /home/airflow/dags/lead_scoring_inference_pipeline/lead_scoring_inference_pipeline.py took 0.984 seconds
[2024-04-08 17:03:04,961] {processor.py:153} INFO - Started process (PID=6632) to work on /home/airflow/dags/lead_scoring_inference_pipeline/lead_scoring_inference_pipeline.py
[2024-04-08 17:03:04,963] {processor.py:641} INFO - Processing file /home/airflow/dags/lead_scoring_inference_pipeline/lead_scoring_inference_pipeline.py for tasks to queue
[2024-04-08 17:03:04,963] {logging_mixin.py:115} INFO - [2024-04-08 17:03:04,963] {dagbag.py:508} INFO - Filling up the DagBag from /home/airflow/dags/lead_scoring_inference_pipeline/lead_scoring_inference_pipeline.py
[2024-04-08 17:03:05,668] {logging_mixin.py:115} INFO - [2024-04-08 17:03:05,668] {utils.py:145} INFO - Note: NumExpr detected 64 cores but "NUMEXPR_MAX_THREADS" not set, so enforcing safe limit of 8.
[2024-04-08 17:03:05,668] {logging_mixin.py:115} INFO - [2024-04-08 17:03:05,668] {utils.py:157} INFO - NumExpr defaulting to 8 threads.
[2024-04-08 17:03:05,838] {processor.py:651} INFO - DAG(s) dict_keys(['Lead_scoring_inference_pipeline']) retrieved from /home/airflow/dags/lead_scoring_inference_pipeline/lead_scoring_inference_pipeline.py
[2024-04-08 17:03:05,869] {logging_mixin.py:115} INFO - [2024-04-08 17:03:05,868] {dag.py:2420} INFO - Sync 1 DAGs
[2024-04-08 17:03:05,881] {logging_mixin.py:115} INFO - [2024-04-08 17:03:05,881] {dag.py:2968} INFO - Setting next_dagrun for Lead_scoring_inference_pipeline to 2024-04-08T17:00:00+00:00, run_after=2024-04-08T18:00:00+00:00
[2024-04-08 17:03:05,899] {processor.py:161} INFO - Processing /home/airflow/dags/lead_scoring_inference_pipeline/lead_scoring_inference_pipeline.py took 0.941 seconds
