[2024-04-06 12:44:39,441] {taskinstance.py:1179} INFO - Dependencies all met for <TaskInstance: Lead_Scoring_Data_Engineering_Pipeline.checking_raw_data_schema scheduled__2024-04-05T00:00:00+00:00 [queued]>
[2024-04-06 12:44:39,447] {taskinstance.py:1179} INFO - Dependencies all met for <TaskInstance: Lead_Scoring_Data_Engineering_Pipeline.checking_raw_data_schema scheduled__2024-04-05T00:00:00+00:00 [queued]>
[2024-04-06 12:44:39,447] {taskinstance.py:1376} INFO - 
--------------------------------------------------------------------------------
[2024-04-06 12:44:39,447] {taskinstance.py:1377} INFO - Starting attempt 1 of 2
[2024-04-06 12:44:39,447] {taskinstance.py:1378} INFO - 
--------------------------------------------------------------------------------
[2024-04-06 12:44:39,465] {taskinstance.py:1397} INFO - Executing <Task(PythonOperator): checking_raw_data_schema> on 2024-04-05 00:00:00+00:00
[2024-04-06 12:44:39,470] {standard_task_runner.py:52} INFO - Started process 1008 to run task
[2024-04-06 12:44:39,475] {standard_task_runner.py:79} INFO - Running: ['airflow', 'tasks', 'run', 'Lead_Scoring_Data_Engineering_Pipeline', 'checking_raw_data_schema', 'scheduled__2024-04-05T00:00:00+00:00', '--job-id', '41', '--raw', '--subdir', 'DAGS_FOLDER/lead_scoring_data_pipeline/lead_scoring_data_pipeline.py', '--cfg-path', '/tmp/tmpfir6lhyl', '--error-file', '/tmp/tmpjypv46y6']
[2024-04-06 12:44:39,476] {standard_task_runner.py:80} INFO - Job 41: Subtask checking_raw_data_schema
[2024-04-06 12:44:39,554] {task_command.py:371} INFO - Running <TaskInstance: Lead_Scoring_Data_Engineering_Pipeline.checking_raw_data_schema scheduled__2024-04-05T00:00:00+00:00 [running]> on host d06a6d5e153b
[2024-04-06 12:44:39,653] {taskinstance.py:1589} INFO - Exporting the following env vars:
AIRFLOW_CTX_DAG_OWNER=airflow
AIRFLOW_CTX_DAG_ID=Lead_Scoring_Data_Engineering_Pipeline
AIRFLOW_CTX_TASK_ID=checking_raw_data_schema
AIRFLOW_CTX_EXECUTION_DATE=2024-04-05T00:00:00+00:00
AIRFLOW_CTX_TRY_NUMBER=1
AIRFLOW_CTX_DAG_RUN_ID=scheduled__2024-04-05T00:00:00+00:00
[2024-04-06 12:44:40,207] {logging_mixin.py:115} INFO - Raw datas schema is in line with the schema present in schema.py
[2024-04-06 12:44:40,214] {python.py:173} INFO - Done. Returned value was: None
[2024-04-06 12:44:40,219] {taskinstance.py:1415} INFO - Marking task as SUCCESS. dag_id=Lead_Scoring_Data_Engineering_Pipeline, task_id=checking_raw_data_schema, execution_date=20240405T000000, start_date=20240406T124439, end_date=20240406T124440
[2024-04-06 12:44:40,247] {local_task_job.py:156} INFO - Task exited with return code 0
[2024-04-06 12:44:40,319] {local_task_job.py:273} INFO - 1 downstream tasks scheduled from follow-on schedule check
