[2024-04-01 15:08:03,809] {taskinstance.py:1179} INFO - Dependencies all met for <TaskInstance: Lead_Scoring_Data_Engineering_Pipeline.checking_raw_data_schema scheduled__2024-03-31T00:00:00+00:00 [queued]>
[2024-04-01 15:08:03,814] {taskinstance.py:1179} INFO - Dependencies all met for <TaskInstance: Lead_Scoring_Data_Engineering_Pipeline.checking_raw_data_schema scheduled__2024-03-31T00:00:00+00:00 [queued]>
[2024-04-01 15:08:03,814] {taskinstance.py:1376} INFO - 
--------------------------------------------------------------------------------
[2024-04-01 15:08:03,814] {taskinstance.py:1377} INFO - Starting attempt 1 of 2
[2024-04-01 15:08:03,814] {taskinstance.py:1378} INFO - 
--------------------------------------------------------------------------------
[2024-04-01 15:08:03,836] {taskinstance.py:1397} INFO - Executing <Task(PythonOperator): checking_raw_data_schema> on 2024-03-31 00:00:00+00:00
[2024-04-01 15:08:03,839] {standard_task_runner.py:52} INFO - Started process 5023 to run task
[2024-04-01 15:08:03,842] {standard_task_runner.py:79} INFO - Running: ['airflow', 'tasks', 'run', 'Lead_Scoring_Data_Engineering_Pipeline', 'checking_raw_data_schema', 'scheduled__2024-03-31T00:00:00+00:00', '--job-id', '22', '--raw', '--subdir', 'DAGS_FOLDER/lead_scoring_data_pipeline/lead_scoring_data_pipeline.py', '--cfg-path', '/tmp/tmpm2odx83q', '--error-file', '/tmp/tmph58fzfk9']
[2024-04-01 15:08:03,842] {standard_task_runner.py:80} INFO - Job 22: Subtask checking_raw_data_schema
[2024-04-01 15:08:03,884] {task_command.py:371} INFO - Running <TaskInstance: Lead_Scoring_Data_Engineering_Pipeline.checking_raw_data_schema scheduled__2024-03-31T00:00:00+00:00 [running]> on host ac2457c935b6
[2024-04-01 15:08:03,939] {taskinstance.py:1589} INFO - Exporting the following env vars:
AIRFLOW_CTX_DAG_OWNER=airflow
AIRFLOW_CTX_DAG_ID=Lead_Scoring_Data_Engineering_Pipeline
AIRFLOW_CTX_TASK_ID=checking_raw_data_schema
AIRFLOW_CTX_EXECUTION_DATE=2024-03-31T00:00:00+00:00
AIRFLOW_CTX_TRY_NUMBER=1
AIRFLOW_CTX_DAG_RUN_ID=scheduled__2024-03-31T00:00:00+00:00
[2024-04-01 15:08:05,411] {logging_mixin.py:115} INFO - Raw datas schema is in line with the schema present in schema.py
[2024-04-01 15:08:05,420] {python.py:173} INFO - Done. Returned value was: None
[2024-04-01 15:08:05,425] {taskinstance.py:1415} INFO - Marking task as SUCCESS. dag_id=Lead_Scoring_Data_Engineering_Pipeline, task_id=checking_raw_data_schema, execution_date=20240331T000000, start_date=20240401T150803, end_date=20240401T150805
[2024-04-01 15:08:05,459] {local_task_job.py:156} INFO - Task exited with return code 0
[2024-04-01 15:08:05,521] {local_task_job.py:273} INFO - 1 downstream tasks scheduled from follow-on schedule check
