[2024-04-06 13:33:46,249] {taskinstance.py:1179} INFO - Dependencies all met for <TaskInstance: Lead_scoring_inference_pipeline.checking_model_prediction_ratio manual__2024-04-06T13:33:04.573062+00:00 [queued]>
[2024-04-06 13:33:46,254] {taskinstance.py:1179} INFO - Dependencies all met for <TaskInstance: Lead_scoring_inference_pipeline.checking_model_prediction_ratio manual__2024-04-06T13:33:04.573062+00:00 [queued]>
[2024-04-06 13:33:46,254] {taskinstance.py:1376} INFO - 
--------------------------------------------------------------------------------
[2024-04-06 13:33:46,254] {taskinstance.py:1377} INFO - Starting attempt 1 of 2
[2024-04-06 13:33:46,254] {taskinstance.py:1378} INFO - 
--------------------------------------------------------------------------------
[2024-04-06 13:33:46,330] {taskinstance.py:1397} INFO - Executing <Task(PythonOperator): checking_model_prediction_ratio> on 2024-04-06 13:33:04.573062+00:00
[2024-04-06 13:33:46,335] {standard_task_runner.py:52} INFO - Started process 6459 to run task
[2024-04-06 13:33:46,339] {standard_task_runner.py:79} INFO - Running: ['airflow', 'tasks', 'run', 'Lead_scoring_inference_pipeline', 'checking_model_prediction_ratio', 'manual__2024-04-06T13:33:04.573062+00:00', '--job-id', '68', '--raw', '--subdir', 'DAGS_FOLDER/lead_scoring_inference_pipeline/.ipynb_checkpoints/lead_scoring_inference_pipeline-checkpoint.py', '--cfg-path', '/tmp/tmpmatq8ubo', '--error-file', '/tmp/tmpit1m2ugl']
[2024-04-06 13:33:46,340] {standard_task_runner.py:80} INFO - Job 68: Subtask checking_model_prediction_ratio
[2024-04-06 13:33:46,422] {task_command.py:371} INFO - Running <TaskInstance: Lead_scoring_inference_pipeline.checking_model_prediction_ratio manual__2024-04-06T13:33:04.573062+00:00 [running]> on host d06a6d5e153b
[2024-04-06 13:33:46,683] {taskinstance.py:1589} INFO - Exporting the following env vars:
AIRFLOW_CTX_DAG_OWNER=airflow
AIRFLOW_CTX_DAG_ID=Lead_scoring_inference_pipeline
AIRFLOW_CTX_TASK_ID=checking_model_prediction_ratio
AIRFLOW_CTX_EXECUTION_DATE=2024-04-06T13:33:04.573062+00:00
AIRFLOW_CTX_TRY_NUMBER=1
AIRFLOW_CTX_DAG_RUN_ID=manual__2024-04-06T13:33:04.573062+00:00
[2024-04-06 13:33:50,587] {logging_mixin.py:115} INFO - Prediction ratio for the date Sat Apr  6 13:33:50 2024 for Ones % 60.96 and Zeroes % 39.04
[2024-04-06 13:33:50,589] {python.py:173} INFO - Done. Returned value was: None
[2024-04-06 13:33:50,594] {taskinstance.py:1415} INFO - Marking task as SUCCESS. dag_id=Lead_scoring_inference_pipeline, task_id=checking_model_prediction_ratio, execution_date=20240406T133304, start_date=20240406T133346, end_date=20240406T133350
[2024-04-06 13:33:50,647] {local_task_job.py:156} INFO - Task exited with return code 0
[2024-04-06 13:33:50,710] {local_task_job.py:273} INFO - 1 downstream tasks scheduled from follow-on schedule check
