[2024-04-06 12:44:56,069] {taskinstance.py:1179} INFO - Dependencies all met for <TaskInstance: Lead_Scoring_Data_Engineering_Pipeline.mapping_interactions scheduled__2024-04-05T00:00:00+00:00 [queued]>
[2024-04-06 12:44:56,074] {taskinstance.py:1179} INFO - Dependencies all met for <TaskInstance: Lead_Scoring_Data_Engineering_Pipeline.mapping_interactions scheduled__2024-04-05T00:00:00+00:00 [queued]>
[2024-04-06 12:44:56,074] {taskinstance.py:1376} INFO - 
--------------------------------------------------------------------------------
[2024-04-06 12:44:56,074] {taskinstance.py:1377} INFO - Starting attempt 1 of 2
[2024-04-06 12:44:56,074] {taskinstance.py:1378} INFO - 
--------------------------------------------------------------------------------
[2024-04-06 12:44:56,091] {taskinstance.py:1397} INFO - Executing <Task(PythonOperator): mapping_interactions> on 2024-04-05 00:00:00+00:00
[2024-04-06 12:44:56,095] {standard_task_runner.py:52} INFO - Started process 1156 to run task
[2024-04-06 12:44:56,098] {standard_task_runner.py:79} INFO - Running: ['airflow', 'tasks', 'run', 'Lead_Scoring_Data_Engineering_Pipeline', 'mapping_interactions', 'scheduled__2024-04-05T00:00:00+00:00', '--job-id', '49', '--raw', '--subdir', 'DAGS_FOLDER/lead_scoring_data_pipeline/.ipynb_checkpoints/lead_scoring_data_pipeline-checkpoint.py', '--cfg-path', '/tmp/tmpq6c30dfl', '--error-file', '/tmp/tmpo53kkc7r']
[2024-04-06 12:44:56,099] {standard_task_runner.py:80} INFO - Job 49: Subtask mapping_interactions
[2024-04-06 12:44:56,142] {task_command.py:371} INFO - Running <TaskInstance: Lead_Scoring_Data_Engineering_Pipeline.mapping_interactions scheduled__2024-04-05T00:00:00+00:00 [running]> on host d06a6d5e153b
[2024-04-06 12:44:56,192] {taskinstance.py:1589} INFO - Exporting the following env vars:
AIRFLOW_CTX_DAG_OWNER=airflow
AIRFLOW_CTX_DAG_ID=Lead_Scoring_Data_Engineering_Pipeline
AIRFLOW_CTX_TASK_ID=mapping_interactions
AIRFLOW_CTX_EXECUTION_DATE=2024-04-05T00:00:00+00:00
AIRFLOW_CTX_TRY_NUMBER=1
AIRFLOW_CTX_DAG_RUN_ID=scheduled__2024-04-05T00:00:00+00:00
[2024-04-06 12:44:56,196] {logging_mixin.py:115} INFO - model_input and interactions_mapped already stored
[2024-04-06 12:44:56,196] {python.py:173} INFO - Done. Returned value was: None
[2024-04-06 12:44:56,200] {taskinstance.py:1415} INFO - Marking task as SUCCESS. dag_id=Lead_Scoring_Data_Engineering_Pipeline, task_id=mapping_interactions, execution_date=20240405T000000, start_date=20240406T124456, end_date=20240406T124456
[2024-04-06 12:44:56,229] {local_task_job.py:156} INFO - Task exited with return code 0
[2024-04-06 12:44:56,264] {local_task_job.py:273} INFO - 1 downstream tasks scheduled from follow-on schedule check
