[2024-04-06 12:46:07,366] {processor.py:153} INFO - Started process (PID=1398) to work on /opt/conda/lib/python3.8/site-packages/airflow/example_dags/example_kubernetes_executor.py
[2024-04-06 12:46:07,367] {processor.py:641} INFO - Processing file /opt/conda/lib/python3.8/site-packages/airflow/example_dags/example_kubernetes_executor.py for tasks to queue
[2024-04-06 12:46:07,367] {logging_mixin.py:115} INFO - [2024-04-06 12:46:07,367] {dagbag.py:508} INFO - Filling up the DagBag from /opt/conda/lib/python3.8/site-packages/airflow/example_dags/example_kubernetes_executor.py
[2024-04-06 12:46:07,384] {logging_mixin.py:115} INFO - [2024-04-06 12:46:07,384] {example_kubernetes_executor.py:39} WARNING - The example_kubernetes_executor example DAG requires the kubernetes provider. Please install it with: pip install apache-airflow[cncf.kubernetes]
[2024-04-06 12:46:07,384] {processor.py:653} WARNING - No viable dags retrieved from /opt/conda/lib/python3.8/site-packages/airflow/example_dags/example_kubernetes_executor.py
[2024-04-06 12:46:07,499] {processor.py:161} INFO - Processing /opt/conda/lib/python3.8/site-packages/airflow/example_dags/example_kubernetes_executor.py took 0.136 seconds
[2024-04-06 12:46:59,290] {processor.py:153} INFO - Started process (PID=1469) to work on /opt/conda/lib/python3.8/site-packages/airflow/example_dags/example_kubernetes_executor.py
[2024-04-06 12:46:59,292] {processor.py:641} INFO - Processing file /opt/conda/lib/python3.8/site-packages/airflow/example_dags/example_kubernetes_executor.py for tasks to queue
[2024-04-06 12:46:59,293] {logging_mixin.py:115} INFO - [2024-04-06 12:46:59,293] {dagbag.py:508} INFO - Filling up the DagBag from /opt/conda/lib/python3.8/site-packages/airflow/example_dags/example_kubernetes_executor.py
[2024-04-06 12:46:59,311] {logging_mixin.py:115} INFO - [2024-04-06 12:46:59,311] {example_kubernetes_executor.py:39} WARNING - The example_kubernetes_executor example DAG requires the kubernetes provider. Please install it with: pip install apache-airflow[cncf.kubernetes]
[2024-04-06 12:46:59,311] {processor.py:653} WARNING - No viable dags retrieved from /opt/conda/lib/python3.8/site-packages/airflow/example_dags/example_kubernetes_executor.py
[2024-04-06 12:46:59,426] {processor.py:161} INFO - Processing /opt/conda/lib/python3.8/site-packages/airflow/example_dags/example_kubernetes_executor.py took 0.139 seconds
[2024-04-06 12:47:57,263] {processor.py:153} INFO - Started process (PID=1577) to work on /opt/conda/lib/python3.8/site-packages/airflow/example_dags/example_kubernetes_executor.py
[2024-04-06 12:47:57,264] {processor.py:641} INFO - Processing file /opt/conda/lib/python3.8/site-packages/airflow/example_dags/example_kubernetes_executor.py for tasks to queue
[2024-04-06 12:47:57,265] {logging_mixin.py:115} INFO - [2024-04-06 12:47:57,265] {dagbag.py:508} INFO - Filling up the DagBag from /opt/conda/lib/python3.8/site-packages/airflow/example_dags/example_kubernetes_executor.py
[2024-04-06 12:47:57,284] {logging_mixin.py:115} INFO - [2024-04-06 12:47:57,284] {example_kubernetes_executor.py:39} WARNING - The example_kubernetes_executor example DAG requires the kubernetes provider. Please install it with: pip install apache-airflow[cncf.kubernetes]
[2024-04-06 12:47:57,285] {processor.py:653} WARNING - No viable dags retrieved from /opt/conda/lib/python3.8/site-packages/airflow/example_dags/example_kubernetes_executor.py
[2024-04-06 12:47:57,422] {processor.py:161} INFO - Processing /opt/conda/lib/python3.8/site-packages/airflow/example_dags/example_kubernetes_executor.py took 0.163 seconds
[2024-04-06 12:49:04,424] {processor.py:153} INFO - Started process (PID=1660) to work on /opt/conda/lib/python3.8/site-packages/airflow/example_dags/example_kubernetes_executor.py
[2024-04-06 12:49:04,426] {processor.py:641} INFO - Processing file /opt/conda/lib/python3.8/site-packages/airflow/example_dags/example_kubernetes_executor.py for tasks to queue
[2024-04-06 12:49:04,426] {logging_mixin.py:115} INFO - [2024-04-06 12:49:04,426] {dagbag.py:508} INFO - Filling up the DagBag from /opt/conda/lib/python3.8/site-packages/airflow/example_dags/example_kubernetes_executor.py
[2024-04-06 12:49:04,446] {logging_mixin.py:115} INFO - [2024-04-06 12:49:04,446] {example_kubernetes_executor.py:39} WARNING - The example_kubernetes_executor example DAG requires the kubernetes provider. Please install it with: pip install apache-airflow[cncf.kubernetes]
[2024-04-06 12:49:04,446] {processor.py:653} WARNING - No viable dags retrieved from /opt/conda/lib/python3.8/site-packages/airflow/example_dags/example_kubernetes_executor.py
[2024-04-06 12:49:04,574] {processor.py:161} INFO - Processing /opt/conda/lib/python3.8/site-packages/airflow/example_dags/example_kubernetes_executor.py took 0.153 seconds
[2024-04-06 12:50:03,775] {processor.py:153} INFO - Started process (PID=1769) to work on /opt/conda/lib/python3.8/site-packages/airflow/example_dags/example_kubernetes_executor.py
[2024-04-06 12:50:03,777] {processor.py:641} INFO - Processing file /opt/conda/lib/python3.8/site-packages/airflow/example_dags/example_kubernetes_executor.py for tasks to queue
[2024-04-06 12:50:03,777] {logging_mixin.py:115} INFO - [2024-04-06 12:50:03,777] {dagbag.py:508} INFO - Filling up the DagBag from /opt/conda/lib/python3.8/site-packages/airflow/example_dags/example_kubernetes_executor.py
[2024-04-06 12:50:03,911] {logging_mixin.py:115} INFO - [2024-04-06 12:50:03,910] {example_kubernetes_executor.py:39} WARNING - The example_kubernetes_executor example DAG requires the kubernetes provider. Please install it with: pip install apache-airflow[cncf.kubernetes]
[2024-04-06 12:50:03,911] {processor.py:653} WARNING - No viable dags retrieved from /opt/conda/lib/python3.8/site-packages/airflow/example_dags/example_kubernetes_executor.py
[2024-04-06 12:50:03,916] {processor.py:161} INFO - Processing /opt/conda/lib/python3.8/site-packages/airflow/example_dags/example_kubernetes_executor.py took 0.145 seconds
[2024-04-06 12:51:00,806] {processor.py:153} INFO - Started process (PID=1847) to work on /opt/conda/lib/python3.8/site-packages/airflow/example_dags/example_kubernetes_executor.py
[2024-04-06 12:51:00,808] {processor.py:641} INFO - Processing file /opt/conda/lib/python3.8/site-packages/airflow/example_dags/example_kubernetes_executor.py for tasks to queue
[2024-04-06 12:51:00,809] {logging_mixin.py:115} INFO - [2024-04-06 12:51:00,809] {dagbag.py:508} INFO - Filling up the DagBag from /opt/conda/lib/python3.8/site-packages/airflow/example_dags/example_kubernetes_executor.py
[2024-04-06 12:51:00,943] {logging_mixin.py:115} INFO - [2024-04-06 12:51:00,943] {example_kubernetes_executor.py:39} WARNING - The example_kubernetes_executor example DAG requires the kubernetes provider. Please install it with: pip install apache-airflow[cncf.kubernetes]
[2024-04-06 12:51:00,943] {processor.py:653} WARNING - No viable dags retrieved from /opt/conda/lib/python3.8/site-packages/airflow/example_dags/example_kubernetes_executor.py
[2024-04-06 12:51:00,948] {processor.py:161} INFO - Processing /opt/conda/lib/python3.8/site-packages/airflow/example_dags/example_kubernetes_executor.py took 0.145 seconds
[2024-04-06 12:51:51,855] {processor.py:153} INFO - Started process (PID=1927) to work on /opt/conda/lib/python3.8/site-packages/airflow/example_dags/example_kubernetes_executor.py
[2024-04-06 12:51:51,857] {processor.py:641} INFO - Processing file /opt/conda/lib/python3.8/site-packages/airflow/example_dags/example_kubernetes_executor.py for tasks to queue
[2024-04-06 12:51:51,858] {logging_mixin.py:115} INFO - [2024-04-06 12:51:51,858] {dagbag.py:508} INFO - Filling up the DagBag from /opt/conda/lib/python3.8/site-packages/airflow/example_dags/example_kubernetes_executor.py
[2024-04-06 12:51:51,993] {logging_mixin.py:115} INFO - [2024-04-06 12:51:51,993] {example_kubernetes_executor.py:39} WARNING - The example_kubernetes_executor example DAG requires the kubernetes provider. Please install it with: pip install apache-airflow[cncf.kubernetes]
[2024-04-06 12:51:51,994] {processor.py:653} WARNING - No viable dags retrieved from /opt/conda/lib/python3.8/site-packages/airflow/example_dags/example_kubernetes_executor.py
[2024-04-06 12:51:51,999] {processor.py:161} INFO - Processing /opt/conda/lib/python3.8/site-packages/airflow/example_dags/example_kubernetes_executor.py took 0.148 seconds
[2024-04-06 12:52:52,700] {processor.py:153} INFO - Started process (PID=2030) to work on /opt/conda/lib/python3.8/site-packages/airflow/example_dags/example_kubernetes_executor.py
[2024-04-06 12:52:52,702] {processor.py:641} INFO - Processing file /opt/conda/lib/python3.8/site-packages/airflow/example_dags/example_kubernetes_executor.py for tasks to queue
[2024-04-06 12:52:52,703] {logging_mixin.py:115} INFO - [2024-04-06 12:52:52,702] {dagbag.py:508} INFO - Filling up the DagBag from /opt/conda/lib/python3.8/site-packages/airflow/example_dags/example_kubernetes_executor.py
[2024-04-06 12:52:52,831] {logging_mixin.py:115} INFO - [2024-04-06 12:52:52,831] {example_kubernetes_executor.py:39} WARNING - The example_kubernetes_executor example DAG requires the kubernetes provider. Please install it with: pip install apache-airflow[cncf.kubernetes]
[2024-04-06 12:52:52,831] {processor.py:653} WARNING - No viable dags retrieved from /opt/conda/lib/python3.8/site-packages/airflow/example_dags/example_kubernetes_executor.py
[2024-04-06 12:52:52,837] {processor.py:161} INFO - Processing /opt/conda/lib/python3.8/site-packages/airflow/example_dags/example_kubernetes_executor.py took 0.141 seconds
[2024-04-06 12:53:47,703] {processor.py:153} INFO - Started process (PID=2114) to work on /opt/conda/lib/python3.8/site-packages/airflow/example_dags/example_kubernetes_executor.py
[2024-04-06 12:53:47,705] {processor.py:641} INFO - Processing file /opt/conda/lib/python3.8/site-packages/airflow/example_dags/example_kubernetes_executor.py for tasks to queue
[2024-04-06 12:53:47,706] {logging_mixin.py:115} INFO - [2024-04-06 12:53:47,705] {dagbag.py:508} INFO - Filling up the DagBag from /opt/conda/lib/python3.8/site-packages/airflow/example_dags/example_kubernetes_executor.py
[2024-04-06 12:53:47,836] {logging_mixin.py:115} INFO - [2024-04-06 12:53:47,836] {example_kubernetes_executor.py:39} WARNING - The example_kubernetes_executor example DAG requires the kubernetes provider. Please install it with: pip install apache-airflow[cncf.kubernetes]
[2024-04-06 12:53:47,837] {processor.py:653} WARNING - No viable dags retrieved from /opt/conda/lib/python3.8/site-packages/airflow/example_dags/example_kubernetes_executor.py
[2024-04-06 12:53:47,842] {processor.py:161} INFO - Processing /opt/conda/lib/python3.8/site-packages/airflow/example_dags/example_kubernetes_executor.py took 0.143 seconds
[2024-04-06 12:54:37,543] {processor.py:153} INFO - Started process (PID=2208) to work on /opt/conda/lib/python3.8/site-packages/airflow/example_dags/example_kubernetes_executor.py
[2024-04-06 12:54:37,545] {processor.py:641} INFO - Processing file /opt/conda/lib/python3.8/site-packages/airflow/example_dags/example_kubernetes_executor.py for tasks to queue
[2024-04-06 12:54:37,546] {logging_mixin.py:115} INFO - [2024-04-06 12:54:37,545] {dagbag.py:508} INFO - Filling up the DagBag from /opt/conda/lib/python3.8/site-packages/airflow/example_dags/example_kubernetes_executor.py
[2024-04-06 12:54:37,561] {logging_mixin.py:115} INFO - [2024-04-06 12:54:37,561] {example_kubernetes_executor.py:39} WARNING - The example_kubernetes_executor example DAG requires the kubernetes provider. Please install it with: pip install apache-airflow[cncf.kubernetes]
[2024-04-06 12:54:37,561] {processor.py:653} WARNING - No viable dags retrieved from /opt/conda/lib/python3.8/site-packages/airflow/example_dags/example_kubernetes_executor.py
[2024-04-06 12:54:37,571] {processor.py:161} INFO - Processing /opt/conda/lib/python3.8/site-packages/airflow/example_dags/example_kubernetes_executor.py took 0.031 seconds
[2024-04-06 12:55:19,126] {processor.py:153} INFO - Started process (PID=2281) to work on /opt/conda/lib/python3.8/site-packages/airflow/example_dags/example_kubernetes_executor.py
[2024-04-06 12:55:19,128] {processor.py:641} INFO - Processing file /opt/conda/lib/python3.8/site-packages/airflow/example_dags/example_kubernetes_executor.py for tasks to queue
[2024-04-06 12:55:19,129] {logging_mixin.py:115} INFO - [2024-04-06 12:55:19,129] {dagbag.py:508} INFO - Filling up the DagBag from /opt/conda/lib/python3.8/site-packages/airflow/example_dags/example_kubernetes_executor.py
[2024-04-06 12:55:19,144] {logging_mixin.py:115} INFO - [2024-04-06 12:55:19,144] {example_kubernetes_executor.py:39} WARNING - The example_kubernetes_executor example DAG requires the kubernetes provider. Please install it with: pip install apache-airflow[cncf.kubernetes]
[2024-04-06 12:55:19,145] {processor.py:653} WARNING - No viable dags retrieved from /opt/conda/lib/python3.8/site-packages/airflow/example_dags/example_kubernetes_executor.py
[2024-04-06 12:55:19,154] {processor.py:161} INFO - Processing /opt/conda/lib/python3.8/site-packages/airflow/example_dags/example_kubernetes_executor.py took 0.032 seconds
[2024-04-06 12:56:12,367] {processor.py:153} INFO - Started process (PID=2375) to work on /opt/conda/lib/python3.8/site-packages/airflow/example_dags/example_kubernetes_executor.py
[2024-04-06 12:56:12,368] {processor.py:641} INFO - Processing file /opt/conda/lib/python3.8/site-packages/airflow/example_dags/example_kubernetes_executor.py for tasks to queue
[2024-04-06 12:56:12,369] {logging_mixin.py:115} INFO - [2024-04-06 12:56:12,369] {dagbag.py:508} INFO - Filling up the DagBag from /opt/conda/lib/python3.8/site-packages/airflow/example_dags/example_kubernetes_executor.py
[2024-04-06 12:56:12,385] {logging_mixin.py:115} INFO - [2024-04-06 12:56:12,385] {example_kubernetes_executor.py:39} WARNING - The example_kubernetes_executor example DAG requires the kubernetes provider. Please install it with: pip install apache-airflow[cncf.kubernetes]
[2024-04-06 12:56:12,385] {processor.py:653} WARNING - No viable dags retrieved from /opt/conda/lib/python3.8/site-packages/airflow/example_dags/example_kubernetes_executor.py
[2024-04-06 12:56:12,394] {processor.py:161} INFO - Processing /opt/conda/lib/python3.8/site-packages/airflow/example_dags/example_kubernetes_executor.py took 0.031 seconds
[2024-04-06 12:56:56,534] {processor.py:153} INFO - Started process (PID=2446) to work on /opt/conda/lib/python3.8/site-packages/airflow/example_dags/example_kubernetes_executor.py
[2024-04-06 12:56:56,536] {processor.py:641} INFO - Processing file /opt/conda/lib/python3.8/site-packages/airflow/example_dags/example_kubernetes_executor.py for tasks to queue
[2024-04-06 12:56:56,537] {logging_mixin.py:115} INFO - [2024-04-06 12:56:56,537] {dagbag.py:508} INFO - Filling up the DagBag from /opt/conda/lib/python3.8/site-packages/airflow/example_dags/example_kubernetes_executor.py
[2024-04-06 12:56:56,552] {logging_mixin.py:115} INFO - [2024-04-06 12:56:56,552] {example_kubernetes_executor.py:39} WARNING - The example_kubernetes_executor example DAG requires the kubernetes provider. Please install it with: pip install apache-airflow[cncf.kubernetes]
[2024-04-06 12:56:56,552] {processor.py:653} WARNING - No viable dags retrieved from /opt/conda/lib/python3.8/site-packages/airflow/example_dags/example_kubernetes_executor.py
[2024-04-06 12:56:56,562] {processor.py:161} INFO - Processing /opt/conda/lib/python3.8/site-packages/airflow/example_dags/example_kubernetes_executor.py took 0.031 seconds
[2024-04-06 12:57:37,978] {processor.py:153} INFO - Started process (PID=2515) to work on /opt/conda/lib/python3.8/site-packages/airflow/example_dags/example_kubernetes_executor.py
[2024-04-06 12:57:37,980] {processor.py:641} INFO - Processing file /opt/conda/lib/python3.8/site-packages/airflow/example_dags/example_kubernetes_executor.py for tasks to queue
[2024-04-06 12:57:37,980] {logging_mixin.py:115} INFO - [2024-04-06 12:57:37,980] {dagbag.py:508} INFO - Filling up the DagBag from /opt/conda/lib/python3.8/site-packages/airflow/example_dags/example_kubernetes_executor.py
[2024-04-06 12:57:37,996] {logging_mixin.py:115} INFO - [2024-04-06 12:57:37,996] {example_kubernetes_executor.py:39} WARNING - The example_kubernetes_executor example DAG requires the kubernetes provider. Please install it with: pip install apache-airflow[cncf.kubernetes]
[2024-04-06 12:57:37,996] {processor.py:653} WARNING - No viable dags retrieved from /opt/conda/lib/python3.8/site-packages/airflow/example_dags/example_kubernetes_executor.py
[2024-04-06 12:57:38,005] {processor.py:161} INFO - Processing /opt/conda/lib/python3.8/site-packages/airflow/example_dags/example_kubernetes_executor.py took 0.031 seconds
[2024-04-06 12:58:31,972] {processor.py:153} INFO - Started process (PID=2607) to work on /opt/conda/lib/python3.8/site-packages/airflow/example_dags/example_kubernetes_executor.py
[2024-04-06 12:58:31,974] {processor.py:641} INFO - Processing file /opt/conda/lib/python3.8/site-packages/airflow/example_dags/example_kubernetes_executor.py for tasks to queue
[2024-04-06 12:58:31,975] {logging_mixin.py:115} INFO - [2024-04-06 12:58:31,975] {dagbag.py:508} INFO - Filling up the DagBag from /opt/conda/lib/python3.8/site-packages/airflow/example_dags/example_kubernetes_executor.py
[2024-04-06 12:58:31,992] {logging_mixin.py:115} INFO - [2024-04-06 12:58:31,992] {example_kubernetes_executor.py:39} WARNING - The example_kubernetes_executor example DAG requires the kubernetes provider. Please install it with: pip install apache-airflow[cncf.kubernetes]
[2024-04-06 12:58:31,992] {processor.py:653} WARNING - No viable dags retrieved from /opt/conda/lib/python3.8/site-packages/airflow/example_dags/example_kubernetes_executor.py
[2024-04-06 12:58:32,003] {processor.py:161} INFO - Processing /opt/conda/lib/python3.8/site-packages/airflow/example_dags/example_kubernetes_executor.py took 0.034 seconds
[2024-04-06 12:59:17,751] {processor.py:153} INFO - Started process (PID=2680) to work on /opt/conda/lib/python3.8/site-packages/airflow/example_dags/example_kubernetes_executor.py
[2024-04-06 12:59:17,753] {processor.py:641} INFO - Processing file /opt/conda/lib/python3.8/site-packages/airflow/example_dags/example_kubernetes_executor.py for tasks to queue
[2024-04-06 12:59:17,754] {logging_mixin.py:115} INFO - [2024-04-06 12:59:17,754] {dagbag.py:508} INFO - Filling up the DagBag from /opt/conda/lib/python3.8/site-packages/airflow/example_dags/example_kubernetes_executor.py
[2024-04-06 12:59:17,771] {logging_mixin.py:115} INFO - [2024-04-06 12:59:17,771] {example_kubernetes_executor.py:39} WARNING - The example_kubernetes_executor example DAG requires the kubernetes provider. Please install it with: pip install apache-airflow[cncf.kubernetes]
[2024-04-06 12:59:17,771] {processor.py:653} WARNING - No viable dags retrieved from /opt/conda/lib/python3.8/site-packages/airflow/example_dags/example_kubernetes_executor.py
[2024-04-06 12:59:17,782] {processor.py:161} INFO - Processing /opt/conda/lib/python3.8/site-packages/airflow/example_dags/example_kubernetes_executor.py took 0.035 seconds
[2024-04-06 13:00:01,727] {processor.py:153} INFO - Started process (PID=2751) to work on /opt/conda/lib/python3.8/site-packages/airflow/example_dags/example_kubernetes_executor.py
[2024-04-06 13:00:01,729] {processor.py:641} INFO - Processing file /opt/conda/lib/python3.8/site-packages/airflow/example_dags/example_kubernetes_executor.py for tasks to queue
[2024-04-06 13:00:01,729] {logging_mixin.py:115} INFO - [2024-04-06 13:00:01,729] {dagbag.py:508} INFO - Filling up the DagBag from /opt/conda/lib/python3.8/site-packages/airflow/example_dags/example_kubernetes_executor.py
[2024-04-06 13:00:01,744] {logging_mixin.py:115} INFO - [2024-04-06 13:00:01,744] {example_kubernetes_executor.py:39} WARNING - The example_kubernetes_executor example DAG requires the kubernetes provider. Please install it with: pip install apache-airflow[cncf.kubernetes]
[2024-04-06 13:00:01,744] {processor.py:653} WARNING - No viable dags retrieved from /opt/conda/lib/python3.8/site-packages/airflow/example_dags/example_kubernetes_executor.py
[2024-04-06 13:00:01,754] {processor.py:161} INFO - Processing /opt/conda/lib/python3.8/site-packages/airflow/example_dags/example_kubernetes_executor.py took 0.030 seconds
[2024-04-06 13:00:45,920] {processor.py:153} INFO - Started process (PID=2822) to work on /opt/conda/lib/python3.8/site-packages/airflow/example_dags/example_kubernetes_executor.py
[2024-04-06 13:00:45,922] {processor.py:641} INFO - Processing file /opt/conda/lib/python3.8/site-packages/airflow/example_dags/example_kubernetes_executor.py for tasks to queue
[2024-04-06 13:00:45,922] {logging_mixin.py:115} INFO - [2024-04-06 13:00:45,922] {dagbag.py:508} INFO - Filling up the DagBag from /opt/conda/lib/python3.8/site-packages/airflow/example_dags/example_kubernetes_executor.py
[2024-04-06 13:00:45,938] {logging_mixin.py:115} INFO - [2024-04-06 13:00:45,938] {example_kubernetes_executor.py:39} WARNING - The example_kubernetes_executor example DAG requires the kubernetes provider. Please install it with: pip install apache-airflow[cncf.kubernetes]
[2024-04-06 13:00:45,938] {processor.py:653} WARNING - No viable dags retrieved from /opt/conda/lib/python3.8/site-packages/airflow/example_dags/example_kubernetes_executor.py
[2024-04-06 13:00:45,948] {processor.py:161} INFO - Processing /opt/conda/lib/python3.8/site-packages/airflow/example_dags/example_kubernetes_executor.py took 0.031 seconds
[2024-04-06 13:01:27,069] {processor.py:153} INFO - Started process (PID=2891) to work on /opt/conda/lib/python3.8/site-packages/airflow/example_dags/example_kubernetes_executor.py
[2024-04-06 13:01:27,070] {processor.py:641} INFO - Processing file /opt/conda/lib/python3.8/site-packages/airflow/example_dags/example_kubernetes_executor.py for tasks to queue
[2024-04-06 13:01:27,071] {logging_mixin.py:115} INFO - [2024-04-06 13:01:27,071] {dagbag.py:508} INFO - Filling up the DagBag from /opt/conda/lib/python3.8/site-packages/airflow/example_dags/example_kubernetes_executor.py
[2024-04-06 13:01:27,089] {logging_mixin.py:115} INFO - [2024-04-06 13:01:27,089] {example_kubernetes_executor.py:39} WARNING - The example_kubernetes_executor example DAG requires the kubernetes provider. Please install it with: pip install apache-airflow[cncf.kubernetes]
[2024-04-06 13:01:27,089] {processor.py:653} WARNING - No viable dags retrieved from /opt/conda/lib/python3.8/site-packages/airflow/example_dags/example_kubernetes_executor.py
[2024-04-06 13:01:27,101] {processor.py:161} INFO - Processing /opt/conda/lib/python3.8/site-packages/airflow/example_dags/example_kubernetes_executor.py took 0.037 seconds
[2024-04-06 13:02:13,747] {processor.py:153} INFO - Started process (PID=2981) to work on /opt/conda/lib/python3.8/site-packages/airflow/example_dags/example_kubernetes_executor.py
[2024-04-06 13:02:13,749] {processor.py:641} INFO - Processing file /opt/conda/lib/python3.8/site-packages/airflow/example_dags/example_kubernetes_executor.py for tasks to queue
[2024-04-06 13:02:13,749] {logging_mixin.py:115} INFO - [2024-04-06 13:02:13,749] {dagbag.py:508} INFO - Filling up the DagBag from /opt/conda/lib/python3.8/site-packages/airflow/example_dags/example_kubernetes_executor.py
[2024-04-06 13:02:13,765] {logging_mixin.py:115} INFO - [2024-04-06 13:02:13,765] {example_kubernetes_executor.py:39} WARNING - The example_kubernetes_executor example DAG requires the kubernetes provider. Please install it with: pip install apache-airflow[cncf.kubernetes]
[2024-04-06 13:02:13,765] {processor.py:653} WARNING - No viable dags retrieved from /opt/conda/lib/python3.8/site-packages/airflow/example_dags/example_kubernetes_executor.py
[2024-04-06 13:02:13,775] {processor.py:161} INFO - Processing /opt/conda/lib/python3.8/site-packages/airflow/example_dags/example_kubernetes_executor.py took 0.031 seconds
[2024-04-06 13:02:55,618] {processor.py:153} INFO - Started process (PID=3051) to work on /opt/conda/lib/python3.8/site-packages/airflow/example_dags/example_kubernetes_executor.py
[2024-04-06 13:02:55,620] {processor.py:641} INFO - Processing file /opt/conda/lib/python3.8/site-packages/airflow/example_dags/example_kubernetes_executor.py for tasks to queue
[2024-04-06 13:02:55,620] {logging_mixin.py:115} INFO - [2024-04-06 13:02:55,620] {dagbag.py:508} INFO - Filling up the DagBag from /opt/conda/lib/python3.8/site-packages/airflow/example_dags/example_kubernetes_executor.py
[2024-04-06 13:02:55,636] {logging_mixin.py:115} INFO - [2024-04-06 13:02:55,636] {example_kubernetes_executor.py:39} WARNING - The example_kubernetes_executor example DAG requires the kubernetes provider. Please install it with: pip install apache-airflow[cncf.kubernetes]
[2024-04-06 13:02:55,636] {processor.py:653} WARNING - No viable dags retrieved from /opt/conda/lib/python3.8/site-packages/airflow/example_dags/example_kubernetes_executor.py
[2024-04-06 13:02:55,646] {processor.py:161} INFO - Processing /opt/conda/lib/python3.8/site-packages/airflow/example_dags/example_kubernetes_executor.py took 0.031 seconds
[2024-04-06 13:03:46,122] {processor.py:153} INFO - Started process (PID=3145) to work on /opt/conda/lib/python3.8/site-packages/airflow/example_dags/example_kubernetes_executor.py
[2024-04-06 13:03:46,123] {processor.py:641} INFO - Processing file /opt/conda/lib/python3.8/site-packages/airflow/example_dags/example_kubernetes_executor.py for tasks to queue
[2024-04-06 13:03:46,124] {logging_mixin.py:115} INFO - [2024-04-06 13:03:46,124] {dagbag.py:508} INFO - Filling up the DagBag from /opt/conda/lib/python3.8/site-packages/airflow/example_dags/example_kubernetes_executor.py
[2024-04-06 13:03:46,142] {logging_mixin.py:115} INFO - [2024-04-06 13:03:46,142] {example_kubernetes_executor.py:39} WARNING - The example_kubernetes_executor example DAG requires the kubernetes provider. Please install it with: pip install apache-airflow[cncf.kubernetes]
[2024-04-06 13:03:46,142] {processor.py:653} WARNING - No viable dags retrieved from /opt/conda/lib/python3.8/site-packages/airflow/example_dags/example_kubernetes_executor.py
[2024-04-06 13:03:46,154] {processor.py:161} INFO - Processing /opt/conda/lib/python3.8/site-packages/airflow/example_dags/example_kubernetes_executor.py took 0.037 seconds
[2024-04-06 13:04:39,935] {processor.py:153} INFO - Started process (PID=3225) to work on /opt/conda/lib/python3.8/site-packages/airflow/example_dags/example_kubernetes_executor.py
[2024-04-06 13:04:39,936] {processor.py:641} INFO - Processing file /opt/conda/lib/python3.8/site-packages/airflow/example_dags/example_kubernetes_executor.py for tasks to queue
[2024-04-06 13:04:39,937] {logging_mixin.py:115} INFO - [2024-04-06 13:04:39,937] {dagbag.py:508} INFO - Filling up the DagBag from /opt/conda/lib/python3.8/site-packages/airflow/example_dags/example_kubernetes_executor.py
[2024-04-06 13:04:39,952] {logging_mixin.py:115} INFO - [2024-04-06 13:04:39,952] {example_kubernetes_executor.py:39} WARNING - The example_kubernetes_executor example DAG requires the kubernetes provider. Please install it with: pip install apache-airflow[cncf.kubernetes]
[2024-04-06 13:04:39,952] {processor.py:653} WARNING - No viable dags retrieved from /opt/conda/lib/python3.8/site-packages/airflow/example_dags/example_kubernetes_executor.py
[2024-04-06 13:04:39,962] {processor.py:161} INFO - Processing /opt/conda/lib/python3.8/site-packages/airflow/example_dags/example_kubernetes_executor.py took 0.030 seconds
[2024-04-06 13:05:23,307] {processor.py:153} INFO - Started process (PID=3299) to work on /opt/conda/lib/python3.8/site-packages/airflow/example_dags/example_kubernetes_executor.py
[2024-04-06 13:05:23,308] {processor.py:641} INFO - Processing file /opt/conda/lib/python3.8/site-packages/airflow/example_dags/example_kubernetes_executor.py for tasks to queue
[2024-04-06 13:05:23,309] {logging_mixin.py:115} INFO - [2024-04-06 13:05:23,309] {dagbag.py:508} INFO - Filling up the DagBag from /opt/conda/lib/python3.8/site-packages/airflow/example_dags/example_kubernetes_executor.py
[2024-04-06 13:05:23,324] {logging_mixin.py:115} INFO - [2024-04-06 13:05:23,324] {example_kubernetes_executor.py:39} WARNING - The example_kubernetes_executor example DAG requires the kubernetes provider. Please install it with: pip install apache-airflow[cncf.kubernetes]
[2024-04-06 13:05:23,324] {processor.py:653} WARNING - No viable dags retrieved from /opt/conda/lib/python3.8/site-packages/airflow/example_dags/example_kubernetes_executor.py
[2024-04-06 13:05:23,334] {processor.py:161} INFO - Processing /opt/conda/lib/python3.8/site-packages/airflow/example_dags/example_kubernetes_executor.py took 0.031 seconds
[2024-04-06 13:06:06,891] {processor.py:153} INFO - Started process (PID=3370) to work on /opt/conda/lib/python3.8/site-packages/airflow/example_dags/example_kubernetes_executor.py
[2024-04-06 13:06:06,892] {processor.py:641} INFO - Processing file /opt/conda/lib/python3.8/site-packages/airflow/example_dags/example_kubernetes_executor.py for tasks to queue
[2024-04-06 13:06:06,893] {logging_mixin.py:115} INFO - [2024-04-06 13:06:06,893] {dagbag.py:508} INFO - Filling up the DagBag from /opt/conda/lib/python3.8/site-packages/airflow/example_dags/example_kubernetes_executor.py
[2024-04-06 13:06:06,909] {logging_mixin.py:115} INFO - [2024-04-06 13:06:06,909] {example_kubernetes_executor.py:39} WARNING - The example_kubernetes_executor example DAG requires the kubernetes provider. Please install it with: pip install apache-airflow[cncf.kubernetes]
[2024-04-06 13:06:06,909] {processor.py:653} WARNING - No viable dags retrieved from /opt/conda/lib/python3.8/site-packages/airflow/example_dags/example_kubernetes_executor.py
[2024-04-06 13:06:06,920] {processor.py:161} INFO - Processing /opt/conda/lib/python3.8/site-packages/airflow/example_dags/example_kubernetes_executor.py took 0.033 seconds
[2024-04-06 13:06:48,393] {processor.py:153} INFO - Started process (PID=3439) to work on /opt/conda/lib/python3.8/site-packages/airflow/example_dags/example_kubernetes_executor.py
[2024-04-06 13:06:48,394] {processor.py:641} INFO - Processing file /opt/conda/lib/python3.8/site-packages/airflow/example_dags/example_kubernetes_executor.py for tasks to queue
[2024-04-06 13:06:48,395] {logging_mixin.py:115} INFO - [2024-04-06 13:06:48,395] {dagbag.py:508} INFO - Filling up the DagBag from /opt/conda/lib/python3.8/site-packages/airflow/example_dags/example_kubernetes_executor.py
[2024-04-06 13:06:48,411] {logging_mixin.py:115} INFO - [2024-04-06 13:06:48,411] {example_kubernetes_executor.py:39} WARNING - The example_kubernetes_executor example DAG requires the kubernetes provider. Please install it with: pip install apache-airflow[cncf.kubernetes]
[2024-04-06 13:06:48,411] {processor.py:653} WARNING - No viable dags retrieved from /opt/conda/lib/python3.8/site-packages/airflow/example_dags/example_kubernetes_executor.py
[2024-04-06 13:06:48,421] {processor.py:161} INFO - Processing /opt/conda/lib/python3.8/site-packages/airflow/example_dags/example_kubernetes_executor.py took 0.032 seconds
[2024-04-06 13:07:39,467] {processor.py:153} INFO - Started process (PID=3539) to work on /opt/conda/lib/python3.8/site-packages/airflow/example_dags/example_kubernetes_executor.py
[2024-04-06 13:07:39,469] {processor.py:641} INFO - Processing file /opt/conda/lib/python3.8/site-packages/airflow/example_dags/example_kubernetes_executor.py for tasks to queue
[2024-04-06 13:07:39,470] {logging_mixin.py:115} INFO - [2024-04-06 13:07:39,470] {dagbag.py:508} INFO - Filling up the DagBag from /opt/conda/lib/python3.8/site-packages/airflow/example_dags/example_kubernetes_executor.py
[2024-04-06 13:07:39,486] {logging_mixin.py:115} INFO - [2024-04-06 13:07:39,486] {example_kubernetes_executor.py:39} WARNING - The example_kubernetes_executor example DAG requires the kubernetes provider. Please install it with: pip install apache-airflow[cncf.kubernetes]
[2024-04-06 13:07:39,486] {processor.py:653} WARNING - No viable dags retrieved from /opt/conda/lib/python3.8/site-packages/airflow/example_dags/example_kubernetes_executor.py
[2024-04-06 13:07:39,498] {processor.py:161} INFO - Processing /opt/conda/lib/python3.8/site-packages/airflow/example_dags/example_kubernetes_executor.py took 0.034 seconds
[2024-04-06 13:08:32,978] {processor.py:153} INFO - Started process (PID=3649) to work on /opt/conda/lib/python3.8/site-packages/airflow/example_dags/example_kubernetes_executor.py
[2024-04-06 13:08:32,980] {processor.py:641} INFO - Processing file /opt/conda/lib/python3.8/site-packages/airflow/example_dags/example_kubernetes_executor.py for tasks to queue
[2024-04-06 13:08:32,981] {logging_mixin.py:115} INFO - [2024-04-06 13:08:32,981] {dagbag.py:508} INFO - Filling up the DagBag from /opt/conda/lib/python3.8/site-packages/airflow/example_dags/example_kubernetes_executor.py
[2024-04-06 13:08:32,996] {logging_mixin.py:115} INFO - [2024-04-06 13:08:32,996] {example_kubernetes_executor.py:39} WARNING - The example_kubernetes_executor example DAG requires the kubernetes provider. Please install it with: pip install apache-airflow[cncf.kubernetes]
[2024-04-06 13:08:32,996] {processor.py:653} WARNING - No viable dags retrieved from /opt/conda/lib/python3.8/site-packages/airflow/example_dags/example_kubernetes_executor.py
[2024-04-06 13:08:33,005] {processor.py:161} INFO - Processing /opt/conda/lib/python3.8/site-packages/airflow/example_dags/example_kubernetes_executor.py took 0.030 seconds
[2024-04-06 13:09:24,232] {processor.py:153} INFO - Started process (PID=3743) to work on /opt/conda/lib/python3.8/site-packages/airflow/example_dags/example_kubernetes_executor.py
[2024-04-06 13:09:24,234] {processor.py:641} INFO - Processing file /opt/conda/lib/python3.8/site-packages/airflow/example_dags/example_kubernetes_executor.py for tasks to queue
[2024-04-06 13:09:24,234] {logging_mixin.py:115} INFO - [2024-04-06 13:09:24,234] {dagbag.py:508} INFO - Filling up the DagBag from /opt/conda/lib/python3.8/site-packages/airflow/example_dags/example_kubernetes_executor.py
[2024-04-06 13:09:24,251] {logging_mixin.py:115} INFO - [2024-04-06 13:09:24,250] {example_kubernetes_executor.py:39} WARNING - The example_kubernetes_executor example DAG requires the kubernetes provider. Please install it with: pip install apache-airflow[cncf.kubernetes]
[2024-04-06 13:09:24,251] {processor.py:653} WARNING - No viable dags retrieved from /opt/conda/lib/python3.8/site-packages/airflow/example_dags/example_kubernetes_executor.py
[2024-04-06 13:09:24,262] {processor.py:161} INFO - Processing /opt/conda/lib/python3.8/site-packages/airflow/example_dags/example_kubernetes_executor.py took 0.033 seconds
[2024-04-06 13:10:06,934] {processor.py:153} INFO - Started process (PID=3813) to work on /opt/conda/lib/python3.8/site-packages/airflow/example_dags/example_kubernetes_executor.py
[2024-04-06 13:10:06,936] {processor.py:641} INFO - Processing file /opt/conda/lib/python3.8/site-packages/airflow/example_dags/example_kubernetes_executor.py for tasks to queue
[2024-04-06 13:10:06,936] {logging_mixin.py:115} INFO - [2024-04-06 13:10:06,936] {dagbag.py:508} INFO - Filling up the DagBag from /opt/conda/lib/python3.8/site-packages/airflow/example_dags/example_kubernetes_executor.py
[2024-04-06 13:10:06,952] {logging_mixin.py:115} INFO - [2024-04-06 13:10:06,952] {example_kubernetes_executor.py:39} WARNING - The example_kubernetes_executor example DAG requires the kubernetes provider. Please install it with: pip install apache-airflow[cncf.kubernetes]
[2024-04-06 13:10:06,952] {processor.py:653} WARNING - No viable dags retrieved from /opt/conda/lib/python3.8/site-packages/airflow/example_dags/example_kubernetes_executor.py
[2024-04-06 13:10:06,963] {processor.py:161} INFO - Processing /opt/conda/lib/python3.8/site-packages/airflow/example_dags/example_kubernetes_executor.py took 0.033 seconds
[2024-04-06 13:10:58,799] {processor.py:153} INFO - Started process (PID=3907) to work on /opt/conda/lib/python3.8/site-packages/airflow/example_dags/example_kubernetes_executor.py
[2024-04-06 13:10:58,801] {processor.py:641} INFO - Processing file /opt/conda/lib/python3.8/site-packages/airflow/example_dags/example_kubernetes_executor.py for tasks to queue
[2024-04-06 13:10:58,801] {logging_mixin.py:115} INFO - [2024-04-06 13:10:58,801] {dagbag.py:508} INFO - Filling up the DagBag from /opt/conda/lib/python3.8/site-packages/airflow/example_dags/example_kubernetes_executor.py
[2024-04-06 13:10:58,817] {logging_mixin.py:115} INFO - [2024-04-06 13:10:58,817] {example_kubernetes_executor.py:39} WARNING - The example_kubernetes_executor example DAG requires the kubernetes provider. Please install it with: pip install apache-airflow[cncf.kubernetes]
[2024-04-06 13:10:58,818] {processor.py:653} WARNING - No viable dags retrieved from /opt/conda/lib/python3.8/site-packages/airflow/example_dags/example_kubernetes_executor.py
[2024-04-06 13:10:58,829] {processor.py:161} INFO - Processing /opt/conda/lib/python3.8/site-packages/airflow/example_dags/example_kubernetes_executor.py took 0.033 seconds
[2024-04-06 13:11:41,828] {processor.py:153} INFO - Started process (PID=3977) to work on /opt/conda/lib/python3.8/site-packages/airflow/example_dags/example_kubernetes_executor.py
[2024-04-06 13:11:41,829] {processor.py:641} INFO - Processing file /opt/conda/lib/python3.8/site-packages/airflow/example_dags/example_kubernetes_executor.py for tasks to queue
[2024-04-06 13:11:41,830] {logging_mixin.py:115} INFO - [2024-04-06 13:11:41,830] {dagbag.py:508} INFO - Filling up the DagBag from /opt/conda/lib/python3.8/site-packages/airflow/example_dags/example_kubernetes_executor.py
[2024-04-06 13:11:41,846] {logging_mixin.py:115} INFO - [2024-04-06 13:11:41,846] {example_kubernetes_executor.py:39} WARNING - The example_kubernetes_executor example DAG requires the kubernetes provider. Please install it with: pip install apache-airflow[cncf.kubernetes]
[2024-04-06 13:11:41,846] {processor.py:653} WARNING - No viable dags retrieved from /opt/conda/lib/python3.8/site-packages/airflow/example_dags/example_kubernetes_executor.py
[2024-04-06 13:11:41,858] {processor.py:161} INFO - Processing /opt/conda/lib/python3.8/site-packages/airflow/example_dags/example_kubernetes_executor.py took 0.033 seconds
[2024-04-06 13:12:25,220] {processor.py:153} INFO - Started process (PID=4048) to work on /opt/conda/lib/python3.8/site-packages/airflow/example_dags/example_kubernetes_executor.py
[2024-04-06 13:12:25,221] {processor.py:641} INFO - Processing file /opt/conda/lib/python3.8/site-packages/airflow/example_dags/example_kubernetes_executor.py for tasks to queue
[2024-04-06 13:12:25,222] {logging_mixin.py:115} INFO - [2024-04-06 13:12:25,221] {dagbag.py:508} INFO - Filling up the DagBag from /opt/conda/lib/python3.8/site-packages/airflow/example_dags/example_kubernetes_executor.py
[2024-04-06 13:12:25,237] {logging_mixin.py:115} INFO - [2024-04-06 13:12:25,237] {example_kubernetes_executor.py:39} WARNING - The example_kubernetes_executor example DAG requires the kubernetes provider. Please install it with: pip install apache-airflow[cncf.kubernetes]
[2024-04-06 13:12:25,237] {processor.py:653} WARNING - No viable dags retrieved from /opt/conda/lib/python3.8/site-packages/airflow/example_dags/example_kubernetes_executor.py
[2024-04-06 13:12:25,247] {processor.py:161} INFO - Processing /opt/conda/lib/python3.8/site-packages/airflow/example_dags/example_kubernetes_executor.py took 0.031 seconds
[2024-04-06 13:13:08,926] {processor.py:153} INFO - Started process (PID=4133) to work on /opt/conda/lib/python3.8/site-packages/airflow/example_dags/example_kubernetes_executor.py
[2024-04-06 13:13:08,927] {processor.py:641} INFO - Processing file /opt/conda/lib/python3.8/site-packages/airflow/example_dags/example_kubernetes_executor.py for tasks to queue
[2024-04-06 13:13:08,928] {logging_mixin.py:115} INFO - [2024-04-06 13:13:08,928] {dagbag.py:508} INFO - Filling up the DagBag from /opt/conda/lib/python3.8/site-packages/airflow/example_dags/example_kubernetes_executor.py
[2024-04-06 13:13:08,942] {logging_mixin.py:115} INFO - [2024-04-06 13:13:08,942] {example_kubernetes_executor.py:39} WARNING - The example_kubernetes_executor example DAG requires the kubernetes provider. Please install it with: pip install apache-airflow[cncf.kubernetes]
[2024-04-06 13:13:08,943] {processor.py:653} WARNING - No viable dags retrieved from /opt/conda/lib/python3.8/site-packages/airflow/example_dags/example_kubernetes_executor.py
[2024-04-06 13:13:08,952] {processor.py:161} INFO - Processing /opt/conda/lib/python3.8/site-packages/airflow/example_dags/example_kubernetes_executor.py took 0.030 seconds
[2024-04-06 13:13:52,894] {processor.py:153} INFO - Started process (PID=4219) to work on /opt/conda/lib/python3.8/site-packages/airflow/example_dags/example_kubernetes_executor.py
[2024-04-06 13:13:52,896] {processor.py:641} INFO - Processing file /opt/conda/lib/python3.8/site-packages/airflow/example_dags/example_kubernetes_executor.py for tasks to queue
[2024-04-06 13:13:52,896] {logging_mixin.py:115} INFO - [2024-04-06 13:13:52,896] {dagbag.py:508} INFO - Filling up the DagBag from /opt/conda/lib/python3.8/site-packages/airflow/example_dags/example_kubernetes_executor.py
[2024-04-06 13:13:52,911] {logging_mixin.py:115} INFO - [2024-04-06 13:13:52,911] {example_kubernetes_executor.py:39} WARNING - The example_kubernetes_executor example DAG requires the kubernetes provider. Please install it with: pip install apache-airflow[cncf.kubernetes]
[2024-04-06 13:13:52,911] {processor.py:653} WARNING - No viable dags retrieved from /opt/conda/lib/python3.8/site-packages/airflow/example_dags/example_kubernetes_executor.py
[2024-04-06 13:13:52,921] {processor.py:161} INFO - Processing /opt/conda/lib/python3.8/site-packages/airflow/example_dags/example_kubernetes_executor.py took 0.030 seconds
[2024-04-06 13:14:46,426] {processor.py:153} INFO - Started process (PID=4315) to work on /opt/conda/lib/python3.8/site-packages/airflow/example_dags/example_kubernetes_executor.py
[2024-04-06 13:14:46,433] {processor.py:641} INFO - Processing file /opt/conda/lib/python3.8/site-packages/airflow/example_dags/example_kubernetes_executor.py for tasks to queue
[2024-04-06 13:14:46,433] {logging_mixin.py:115} INFO - [2024-04-06 13:14:46,433] {dagbag.py:508} INFO - Filling up the DagBag from /opt/conda/lib/python3.8/site-packages/airflow/example_dags/example_kubernetes_executor.py
[2024-04-06 13:14:46,449] {logging_mixin.py:115} INFO - [2024-04-06 13:14:46,449] {example_kubernetes_executor.py:39} WARNING - The example_kubernetes_executor example DAG requires the kubernetes provider. Please install it with: pip install apache-airflow[cncf.kubernetes]
[2024-04-06 13:14:46,449] {processor.py:653} WARNING - No viable dags retrieved from /opt/conda/lib/python3.8/site-packages/airflow/example_dags/example_kubernetes_executor.py
[2024-04-06 13:14:46,459] {processor.py:161} INFO - Processing /opt/conda/lib/python3.8/site-packages/airflow/example_dags/example_kubernetes_executor.py took 0.036 seconds
[2024-04-06 13:15:29,072] {processor.py:153} INFO - Started process (PID=4387) to work on /opt/conda/lib/python3.8/site-packages/airflow/example_dags/example_kubernetes_executor.py
[2024-04-06 13:15:29,073] {processor.py:641} INFO - Processing file /opt/conda/lib/python3.8/site-packages/airflow/example_dags/example_kubernetes_executor.py for tasks to queue
[2024-04-06 13:15:29,074] {logging_mixin.py:115} INFO - [2024-04-06 13:15:29,074] {dagbag.py:508} INFO - Filling up the DagBag from /opt/conda/lib/python3.8/site-packages/airflow/example_dags/example_kubernetes_executor.py
[2024-04-06 13:15:29,091] {logging_mixin.py:115} INFO - [2024-04-06 13:15:29,091] {example_kubernetes_executor.py:39} WARNING - The example_kubernetes_executor example DAG requires the kubernetes provider. Please install it with: pip install apache-airflow[cncf.kubernetes]
[2024-04-06 13:15:29,091] {processor.py:653} WARNING - No viable dags retrieved from /opt/conda/lib/python3.8/site-packages/airflow/example_dags/example_kubernetes_executor.py
[2024-04-06 13:15:29,103] {processor.py:161} INFO - Processing /opt/conda/lib/python3.8/site-packages/airflow/example_dags/example_kubernetes_executor.py took 0.035 seconds
[2024-04-06 13:16:12,195] {processor.py:153} INFO - Started process (PID=4458) to work on /opt/conda/lib/python3.8/site-packages/airflow/example_dags/example_kubernetes_executor.py
[2024-04-06 13:16:12,197] {processor.py:641} INFO - Processing file /opt/conda/lib/python3.8/site-packages/airflow/example_dags/example_kubernetes_executor.py for tasks to queue
[2024-04-06 13:16:12,198] {logging_mixin.py:115} INFO - [2024-04-06 13:16:12,197] {dagbag.py:508} INFO - Filling up the DagBag from /opt/conda/lib/python3.8/site-packages/airflow/example_dags/example_kubernetes_executor.py
[2024-04-06 13:16:12,212] {logging_mixin.py:115} INFO - [2024-04-06 13:16:12,212] {example_kubernetes_executor.py:39} WARNING - The example_kubernetes_executor example DAG requires the kubernetes provider. Please install it with: pip install apache-airflow[cncf.kubernetes]
[2024-04-06 13:16:12,213] {processor.py:653} WARNING - No viable dags retrieved from /opt/conda/lib/python3.8/site-packages/airflow/example_dags/example_kubernetes_executor.py
[2024-04-06 13:16:12,222] {processor.py:161} INFO - Processing /opt/conda/lib/python3.8/site-packages/airflow/example_dags/example_kubernetes_executor.py took 0.030 seconds
[2024-04-06 13:17:08,315] {processor.py:153} INFO - Started process (PID=4541) to work on /opt/conda/lib/python3.8/site-packages/airflow/example_dags/example_kubernetes_executor.py
[2024-04-06 13:17:08,316] {processor.py:641} INFO - Processing file /opt/conda/lib/python3.8/site-packages/airflow/example_dags/example_kubernetes_executor.py for tasks to queue
[2024-04-06 13:17:08,317] {logging_mixin.py:115} INFO - [2024-04-06 13:17:08,317] {dagbag.py:508} INFO - Filling up the DagBag from /opt/conda/lib/python3.8/site-packages/airflow/example_dags/example_kubernetes_executor.py
[2024-04-06 13:17:08,333] {logging_mixin.py:115} INFO - [2024-04-06 13:17:08,333] {example_kubernetes_executor.py:39} WARNING - The example_kubernetes_executor example DAG requires the kubernetes provider. Please install it with: pip install apache-airflow[cncf.kubernetes]
[2024-04-06 13:17:08,333] {processor.py:653} WARNING - No viable dags retrieved from /opt/conda/lib/python3.8/site-packages/airflow/example_dags/example_kubernetes_executor.py
[2024-04-06 13:17:08,344] {processor.py:161} INFO - Processing /opt/conda/lib/python3.8/site-packages/airflow/example_dags/example_kubernetes_executor.py took 0.033 seconds
[2024-04-06 13:18:02,979] {processor.py:153} INFO - Started process (PID=4638) to work on /opt/conda/lib/python3.8/site-packages/airflow/example_dags/example_kubernetes_executor.py
[2024-04-06 13:18:02,981] {processor.py:641} INFO - Processing file /opt/conda/lib/python3.8/site-packages/airflow/example_dags/example_kubernetes_executor.py for tasks to queue
[2024-04-06 13:18:02,981] {logging_mixin.py:115} INFO - [2024-04-06 13:18:02,981] {dagbag.py:508} INFO - Filling up the DagBag from /opt/conda/lib/python3.8/site-packages/airflow/example_dags/example_kubernetes_executor.py
[2024-04-06 13:18:02,998] {logging_mixin.py:115} INFO - [2024-04-06 13:18:02,998] {example_kubernetes_executor.py:39} WARNING - The example_kubernetes_executor example DAG requires the kubernetes provider. Please install it with: pip install apache-airflow[cncf.kubernetes]
[2024-04-06 13:18:02,998] {processor.py:653} WARNING - No viable dags retrieved from /opt/conda/lib/python3.8/site-packages/airflow/example_dags/example_kubernetes_executor.py
[2024-04-06 13:18:03,010] {processor.py:161} INFO - Processing /opt/conda/lib/python3.8/site-packages/airflow/example_dags/example_kubernetes_executor.py took 0.035 seconds
[2024-04-06 13:19:01,847] {processor.py:153} INFO - Started process (PID=4796) to work on /opt/conda/lib/python3.8/site-packages/airflow/example_dags/example_kubernetes_executor.py
[2024-04-06 13:19:01,849] {processor.py:641} INFO - Processing file /opt/conda/lib/python3.8/site-packages/airflow/example_dags/example_kubernetes_executor.py for tasks to queue
[2024-04-06 13:19:01,849] {logging_mixin.py:115} INFO - [2024-04-06 13:19:01,849] {dagbag.py:508} INFO - Filling up the DagBag from /opt/conda/lib/python3.8/site-packages/airflow/example_dags/example_kubernetes_executor.py
[2024-04-06 13:19:01,864] {logging_mixin.py:115} INFO - [2024-04-06 13:19:01,864] {example_kubernetes_executor.py:39} WARNING - The example_kubernetes_executor example DAG requires the kubernetes provider. Please install it with: pip install apache-airflow[cncf.kubernetes]
[2024-04-06 13:19:01,864] {processor.py:653} WARNING - No viable dags retrieved from /opt/conda/lib/python3.8/site-packages/airflow/example_dags/example_kubernetes_executor.py
[2024-04-06 13:19:01,873] {processor.py:161} INFO - Processing /opt/conda/lib/python3.8/site-packages/airflow/example_dags/example_kubernetes_executor.py took 0.030 seconds
[2024-04-06 13:19:47,717] {processor.py:153} INFO - Started process (PID=4883) to work on /opt/conda/lib/python3.8/site-packages/airflow/example_dags/example_kubernetes_executor.py
[2024-04-06 13:19:47,719] {processor.py:641} INFO - Processing file /opt/conda/lib/python3.8/site-packages/airflow/example_dags/example_kubernetes_executor.py for tasks to queue
[2024-04-06 13:19:47,719] {logging_mixin.py:115} INFO - [2024-04-06 13:19:47,719] {dagbag.py:508} INFO - Filling up the DagBag from /opt/conda/lib/python3.8/site-packages/airflow/example_dags/example_kubernetes_executor.py
[2024-04-06 13:19:47,737] {logging_mixin.py:115} INFO - [2024-04-06 13:19:47,737] {example_kubernetes_executor.py:39} WARNING - The example_kubernetes_executor example DAG requires the kubernetes provider. Please install it with: pip install apache-airflow[cncf.kubernetes]
[2024-04-06 13:19:47,737] {processor.py:653} WARNING - No viable dags retrieved from /opt/conda/lib/python3.8/site-packages/airflow/example_dags/example_kubernetes_executor.py
[2024-04-06 13:19:47,750] {processor.py:161} INFO - Processing /opt/conda/lib/python3.8/site-packages/airflow/example_dags/example_kubernetes_executor.py took 0.036 seconds
[2024-04-06 13:20:37,830] {processor.py:153} INFO - Started process (PID=4965) to work on /opt/conda/lib/python3.8/site-packages/airflow/example_dags/example_kubernetes_executor.py
[2024-04-06 13:20:37,832] {processor.py:641} INFO - Processing file /opt/conda/lib/python3.8/site-packages/airflow/example_dags/example_kubernetes_executor.py for tasks to queue
[2024-04-06 13:20:37,833] {logging_mixin.py:115} INFO - [2024-04-06 13:20:37,833] {dagbag.py:508} INFO - Filling up the DagBag from /opt/conda/lib/python3.8/site-packages/airflow/example_dags/example_kubernetes_executor.py
[2024-04-06 13:20:37,849] {logging_mixin.py:115} INFO - [2024-04-06 13:20:37,849] {example_kubernetes_executor.py:39} WARNING - The example_kubernetes_executor example DAG requires the kubernetes provider. Please install it with: pip install apache-airflow[cncf.kubernetes]
[2024-04-06 13:20:37,849] {processor.py:653} WARNING - No viable dags retrieved from /opt/conda/lib/python3.8/site-packages/airflow/example_dags/example_kubernetes_executor.py
[2024-04-06 13:20:37,860] {processor.py:161} INFO - Processing /opt/conda/lib/python3.8/site-packages/airflow/example_dags/example_kubernetes_executor.py took 0.033 seconds
[2024-04-06 13:21:24,512] {processor.py:153} INFO - Started process (PID=5036) to work on /opt/conda/lib/python3.8/site-packages/airflow/example_dags/example_kubernetes_executor.py
[2024-04-06 13:21:24,514] {processor.py:641} INFO - Processing file /opt/conda/lib/python3.8/site-packages/airflow/example_dags/example_kubernetes_executor.py for tasks to queue
[2024-04-06 13:21:24,515] {logging_mixin.py:115} INFO - [2024-04-06 13:21:24,514] {dagbag.py:508} INFO - Filling up the DagBag from /opt/conda/lib/python3.8/site-packages/airflow/example_dags/example_kubernetes_executor.py
[2024-04-06 13:21:24,531] {logging_mixin.py:115} INFO - [2024-04-06 13:21:24,530] {example_kubernetes_executor.py:39} WARNING - The example_kubernetes_executor example DAG requires the kubernetes provider. Please install it with: pip install apache-airflow[cncf.kubernetes]
[2024-04-06 13:21:24,531] {processor.py:653} WARNING - No viable dags retrieved from /opt/conda/lib/python3.8/site-packages/airflow/example_dags/example_kubernetes_executor.py
[2024-04-06 13:21:24,542] {processor.py:161} INFO - Processing /opt/conda/lib/python3.8/site-packages/airflow/example_dags/example_kubernetes_executor.py took 0.033 seconds
[2024-04-06 13:22:08,915] {processor.py:153} INFO - Started process (PID=5137) to work on /opt/conda/lib/python3.8/site-packages/airflow/example_dags/example_kubernetes_executor.py
[2024-04-06 13:22:08,917] {processor.py:641} INFO - Processing file /opt/conda/lib/python3.8/site-packages/airflow/example_dags/example_kubernetes_executor.py for tasks to queue
[2024-04-06 13:22:08,918] {logging_mixin.py:115} INFO - [2024-04-06 13:22:08,918] {dagbag.py:508} INFO - Filling up the DagBag from /opt/conda/lib/python3.8/site-packages/airflow/example_dags/example_kubernetes_executor.py
[2024-04-06 13:22:08,934] {logging_mixin.py:115} INFO - [2024-04-06 13:22:08,934] {example_kubernetes_executor.py:39} WARNING - The example_kubernetes_executor example DAG requires the kubernetes provider. Please install it with: pip install apache-airflow[cncf.kubernetes]
[2024-04-06 13:22:08,934] {processor.py:653} WARNING - No viable dags retrieved from /opt/conda/lib/python3.8/site-packages/airflow/example_dags/example_kubernetes_executor.py
[2024-04-06 13:22:08,945] {processor.py:161} INFO - Processing /opt/conda/lib/python3.8/site-packages/airflow/example_dags/example_kubernetes_executor.py took 0.033 seconds
[2024-04-06 13:22:52,017] {processor.py:153} INFO - Started process (PID=5212) to work on /opt/conda/lib/python3.8/site-packages/airflow/example_dags/example_kubernetes_executor.py
[2024-04-06 13:22:52,018] {processor.py:641} INFO - Processing file /opt/conda/lib/python3.8/site-packages/airflow/example_dags/example_kubernetes_executor.py for tasks to queue
[2024-04-06 13:22:52,019] {logging_mixin.py:115} INFO - [2024-04-06 13:22:52,019] {dagbag.py:508} INFO - Filling up the DagBag from /opt/conda/lib/python3.8/site-packages/airflow/example_dags/example_kubernetes_executor.py
[2024-04-06 13:22:52,036] {logging_mixin.py:115} INFO - [2024-04-06 13:22:52,036] {example_kubernetes_executor.py:39} WARNING - The example_kubernetes_executor example DAG requires the kubernetes provider. Please install it with: pip install apache-airflow[cncf.kubernetes]
[2024-04-06 13:22:52,036] {processor.py:653} WARNING - No viable dags retrieved from /opt/conda/lib/python3.8/site-packages/airflow/example_dags/example_kubernetes_executor.py
[2024-04-06 13:22:52,049] {processor.py:161} INFO - Processing /opt/conda/lib/python3.8/site-packages/airflow/example_dags/example_kubernetes_executor.py took 0.036 seconds
[2024-04-06 13:23:37,448] {processor.py:153} INFO - Started process (PID=5290) to work on /opt/conda/lib/python3.8/site-packages/airflow/example_dags/example_kubernetes_executor.py
[2024-04-06 13:23:37,449] {processor.py:641} INFO - Processing file /opt/conda/lib/python3.8/site-packages/airflow/example_dags/example_kubernetes_executor.py for tasks to queue
[2024-04-06 13:23:37,450] {logging_mixin.py:115} INFO - [2024-04-06 13:23:37,450] {dagbag.py:508} INFO - Filling up the DagBag from /opt/conda/lib/python3.8/site-packages/airflow/example_dags/example_kubernetes_executor.py
[2024-04-06 13:23:37,466] {logging_mixin.py:115} INFO - [2024-04-06 13:23:37,466] {example_kubernetes_executor.py:39} WARNING - The example_kubernetes_executor example DAG requires the kubernetes provider. Please install it with: pip install apache-airflow[cncf.kubernetes]
[2024-04-06 13:23:37,466] {processor.py:653} WARNING - No viable dags retrieved from /opt/conda/lib/python3.8/site-packages/airflow/example_dags/example_kubernetes_executor.py
[2024-04-06 13:23:37,478] {processor.py:161} INFO - Processing /opt/conda/lib/python3.8/site-packages/airflow/example_dags/example_kubernetes_executor.py took 0.034 seconds
[2024-04-06 13:24:26,975] {processor.py:153} INFO - Started process (PID=5381) to work on /opt/conda/lib/python3.8/site-packages/airflow/example_dags/example_kubernetes_executor.py
[2024-04-06 13:24:26,977] {processor.py:641} INFO - Processing file /opt/conda/lib/python3.8/site-packages/airflow/example_dags/example_kubernetes_executor.py for tasks to queue
[2024-04-06 13:24:26,978] {logging_mixin.py:115} INFO - [2024-04-06 13:24:26,978] {dagbag.py:508} INFO - Filling up the DagBag from /opt/conda/lib/python3.8/site-packages/airflow/example_dags/example_kubernetes_executor.py
[2024-04-06 13:24:26,995] {logging_mixin.py:115} INFO - [2024-04-06 13:24:26,995] {example_kubernetes_executor.py:39} WARNING - The example_kubernetes_executor example DAG requires the kubernetes provider. Please install it with: pip install apache-airflow[cncf.kubernetes]
[2024-04-06 13:24:26,995] {processor.py:653} WARNING - No viable dags retrieved from /opt/conda/lib/python3.8/site-packages/airflow/example_dags/example_kubernetes_executor.py
[2024-04-06 13:24:27,007] {processor.py:161} INFO - Processing /opt/conda/lib/python3.8/site-packages/airflow/example_dags/example_kubernetes_executor.py took 0.036 seconds
[2024-04-06 13:25:12,230] {processor.py:153} INFO - Started process (PID=5462) to work on /opt/conda/lib/python3.8/site-packages/airflow/example_dags/example_kubernetes_executor.py
[2024-04-06 13:25:12,232] {processor.py:641} INFO - Processing file /opt/conda/lib/python3.8/site-packages/airflow/example_dags/example_kubernetes_executor.py for tasks to queue
[2024-04-06 13:25:12,233] {logging_mixin.py:115} INFO - [2024-04-06 13:25:12,233] {dagbag.py:508} INFO - Filling up the DagBag from /opt/conda/lib/python3.8/site-packages/airflow/example_dags/example_kubernetes_executor.py
[2024-04-06 13:25:12,248] {logging_mixin.py:115} INFO - [2024-04-06 13:25:12,248] {example_kubernetes_executor.py:39} WARNING - The example_kubernetes_executor example DAG requires the kubernetes provider. Please install it with: pip install apache-airflow[cncf.kubernetes]
[2024-04-06 13:25:12,248] {processor.py:653} WARNING - No viable dags retrieved from /opt/conda/lib/python3.8/site-packages/airflow/example_dags/example_kubernetes_executor.py
[2024-04-06 13:25:12,258] {processor.py:161} INFO - Processing /opt/conda/lib/python3.8/site-packages/airflow/example_dags/example_kubernetes_executor.py took 0.031 seconds
[2024-04-06 13:25:55,555] {processor.py:153} INFO - Started process (PID=5533) to work on /opt/conda/lib/python3.8/site-packages/airflow/example_dags/example_kubernetes_executor.py
[2024-04-06 13:25:55,557] {processor.py:641} INFO - Processing file /opt/conda/lib/python3.8/site-packages/airflow/example_dags/example_kubernetes_executor.py for tasks to queue
[2024-04-06 13:25:55,557] {logging_mixin.py:115} INFO - [2024-04-06 13:25:55,557] {dagbag.py:508} INFO - Filling up the DagBag from /opt/conda/lib/python3.8/site-packages/airflow/example_dags/example_kubernetes_executor.py
[2024-04-06 13:25:55,572] {logging_mixin.py:115} INFO - [2024-04-06 13:25:55,572] {example_kubernetes_executor.py:39} WARNING - The example_kubernetes_executor example DAG requires the kubernetes provider. Please install it with: pip install apache-airflow[cncf.kubernetes]
[2024-04-06 13:25:55,572] {processor.py:653} WARNING - No viable dags retrieved from /opt/conda/lib/python3.8/site-packages/airflow/example_dags/example_kubernetes_executor.py
[2024-04-06 13:25:55,582] {processor.py:161} INFO - Processing /opt/conda/lib/python3.8/site-packages/airflow/example_dags/example_kubernetes_executor.py took 0.030 seconds
[2024-04-06 13:26:49,760] {processor.py:153} INFO - Started process (PID=5628) to work on /opt/conda/lib/python3.8/site-packages/airflow/example_dags/example_kubernetes_executor.py
[2024-04-06 13:26:49,762] {processor.py:641} INFO - Processing file /opt/conda/lib/python3.8/site-packages/airflow/example_dags/example_kubernetes_executor.py for tasks to queue
[2024-04-06 13:26:49,762] {logging_mixin.py:115} INFO - [2024-04-06 13:26:49,762] {dagbag.py:508} INFO - Filling up the DagBag from /opt/conda/lib/python3.8/site-packages/airflow/example_dags/example_kubernetes_executor.py
[2024-04-06 13:26:49,779] {logging_mixin.py:115} INFO - [2024-04-06 13:26:49,779] {example_kubernetes_executor.py:39} WARNING - The example_kubernetes_executor example DAG requires the kubernetes provider. Please install it with: pip install apache-airflow[cncf.kubernetes]
[2024-04-06 13:26:49,779] {processor.py:653} WARNING - No viable dags retrieved from /opt/conda/lib/python3.8/site-packages/airflow/example_dags/example_kubernetes_executor.py
[2024-04-06 13:26:49,790] {processor.py:161} INFO - Processing /opt/conda/lib/python3.8/site-packages/airflow/example_dags/example_kubernetes_executor.py took 0.034 seconds
[2024-04-06 13:27:33,911] {processor.py:153} INFO - Started process (PID=5699) to work on /opt/conda/lib/python3.8/site-packages/airflow/example_dags/example_kubernetes_executor.py
[2024-04-06 13:27:33,919] {processor.py:641} INFO - Processing file /opt/conda/lib/python3.8/site-packages/airflow/example_dags/example_kubernetes_executor.py for tasks to queue
[2024-04-06 13:27:33,920] {logging_mixin.py:115} INFO - [2024-04-06 13:27:33,919] {dagbag.py:508} INFO - Filling up the DagBag from /opt/conda/lib/python3.8/site-packages/airflow/example_dags/example_kubernetes_executor.py
[2024-04-06 13:27:33,936] {logging_mixin.py:115} INFO - [2024-04-06 13:27:33,936] {example_kubernetes_executor.py:39} WARNING - The example_kubernetes_executor example DAG requires the kubernetes provider. Please install it with: pip install apache-airflow[cncf.kubernetes]
[2024-04-06 13:27:33,936] {processor.py:653} WARNING - No viable dags retrieved from /opt/conda/lib/python3.8/site-packages/airflow/example_dags/example_kubernetes_executor.py
[2024-04-06 13:27:33,947] {processor.py:161} INFO - Processing /opt/conda/lib/python3.8/site-packages/airflow/example_dags/example_kubernetes_executor.py took 0.039 seconds
[2024-04-06 13:28:22,655] {processor.py:153} INFO - Started process (PID=5783) to work on /opt/conda/lib/python3.8/site-packages/airflow/example_dags/example_kubernetes_executor.py
[2024-04-06 13:28:22,656] {processor.py:641} INFO - Processing file /opt/conda/lib/python3.8/site-packages/airflow/example_dags/example_kubernetes_executor.py for tasks to queue
[2024-04-06 13:28:22,657] {logging_mixin.py:115} INFO - [2024-04-06 13:28:22,656] {dagbag.py:508} INFO - Filling up the DagBag from /opt/conda/lib/python3.8/site-packages/airflow/example_dags/example_kubernetes_executor.py
[2024-04-06 13:28:22,673] {logging_mixin.py:115} INFO - [2024-04-06 13:28:22,673] {example_kubernetes_executor.py:39} WARNING - The example_kubernetes_executor example DAG requires the kubernetes provider. Please install it with: pip install apache-airflow[cncf.kubernetes]
[2024-04-06 13:28:22,673] {processor.py:653} WARNING - No viable dags retrieved from /opt/conda/lib/python3.8/site-packages/airflow/example_dags/example_kubernetes_executor.py
[2024-04-06 13:28:22,684] {processor.py:161} INFO - Processing /opt/conda/lib/python3.8/site-packages/airflow/example_dags/example_kubernetes_executor.py took 0.033 seconds
[2024-04-06 13:29:13,740] {processor.py:153} INFO - Started process (PID=5875) to work on /opt/conda/lib/python3.8/site-packages/airflow/example_dags/example_kubernetes_executor.py
[2024-04-06 13:29:13,742] {processor.py:641} INFO - Processing file /opt/conda/lib/python3.8/site-packages/airflow/example_dags/example_kubernetes_executor.py for tasks to queue
[2024-04-06 13:29:13,742] {logging_mixin.py:115} INFO - [2024-04-06 13:29:13,742] {dagbag.py:508} INFO - Filling up the DagBag from /opt/conda/lib/python3.8/site-packages/airflow/example_dags/example_kubernetes_executor.py
[2024-04-06 13:29:13,757] {logging_mixin.py:115} INFO - [2024-04-06 13:29:13,757] {example_kubernetes_executor.py:39} WARNING - The example_kubernetes_executor example DAG requires the kubernetes provider. Please install it with: pip install apache-airflow[cncf.kubernetes]
[2024-04-06 13:29:13,757] {processor.py:653} WARNING - No viable dags retrieved from /opt/conda/lib/python3.8/site-packages/airflow/example_dags/example_kubernetes_executor.py
[2024-04-06 13:29:13,766] {processor.py:161} INFO - Processing /opt/conda/lib/python3.8/site-packages/airflow/example_dags/example_kubernetes_executor.py took 0.030 seconds
[2024-04-06 13:30:04,435] {processor.py:153} INFO - Started process (PID=5976) to work on /opt/conda/lib/python3.8/site-packages/airflow/example_dags/example_kubernetes_executor.py
[2024-04-06 13:30:04,437] {processor.py:641} INFO - Processing file /opt/conda/lib/python3.8/site-packages/airflow/example_dags/example_kubernetes_executor.py for tasks to queue
[2024-04-06 13:30:04,437] {logging_mixin.py:115} INFO - [2024-04-06 13:30:04,437] {dagbag.py:508} INFO - Filling up the DagBag from /opt/conda/lib/python3.8/site-packages/airflow/example_dags/example_kubernetes_executor.py
[2024-04-06 13:30:04,452] {logging_mixin.py:115} INFO - [2024-04-06 13:30:04,452] {example_kubernetes_executor.py:39} WARNING - The example_kubernetes_executor example DAG requires the kubernetes provider. Please install it with: pip install apache-airflow[cncf.kubernetes]
[2024-04-06 13:30:04,452] {processor.py:653} WARNING - No viable dags retrieved from /opt/conda/lib/python3.8/site-packages/airflow/example_dags/example_kubernetes_executor.py
[2024-04-06 13:30:04,462] {processor.py:161} INFO - Processing /opt/conda/lib/python3.8/site-packages/airflow/example_dags/example_kubernetes_executor.py took 0.030 seconds
[2024-04-06 13:30:51,390] {processor.py:153} INFO - Started process (PID=6050) to work on /opt/conda/lib/python3.8/site-packages/airflow/example_dags/example_kubernetes_executor.py
[2024-04-06 13:30:51,392] {processor.py:641} INFO - Processing file /opt/conda/lib/python3.8/site-packages/airflow/example_dags/example_kubernetes_executor.py for tasks to queue
[2024-04-06 13:30:51,392] {logging_mixin.py:115} INFO - [2024-04-06 13:30:51,392] {dagbag.py:508} INFO - Filling up the DagBag from /opt/conda/lib/python3.8/site-packages/airflow/example_dags/example_kubernetes_executor.py
[2024-04-06 13:30:51,409] {logging_mixin.py:115} INFO - [2024-04-06 13:30:51,409] {example_kubernetes_executor.py:39} WARNING - The example_kubernetes_executor example DAG requires the kubernetes provider. Please install it with: pip install apache-airflow[cncf.kubernetes]
[2024-04-06 13:30:51,409] {processor.py:653} WARNING - No viable dags retrieved from /opt/conda/lib/python3.8/site-packages/airflow/example_dags/example_kubernetes_executor.py
[2024-04-06 13:30:51,420] {processor.py:161} INFO - Processing /opt/conda/lib/python3.8/site-packages/airflow/example_dags/example_kubernetes_executor.py took 0.033 seconds
[2024-04-06 13:31:43,198] {processor.py:153} INFO - Started process (PID=6141) to work on /opt/conda/lib/python3.8/site-packages/airflow/example_dags/example_kubernetes_executor.py
[2024-04-06 13:31:43,199] {processor.py:641} INFO - Processing file /opt/conda/lib/python3.8/site-packages/airflow/example_dags/example_kubernetes_executor.py for tasks to queue
[2024-04-06 13:31:43,200] {logging_mixin.py:115} INFO - [2024-04-06 13:31:43,200] {dagbag.py:508} INFO - Filling up the DagBag from /opt/conda/lib/python3.8/site-packages/airflow/example_dags/example_kubernetes_executor.py
[2024-04-06 13:31:43,215] {logging_mixin.py:115} INFO - [2024-04-06 13:31:43,215] {example_kubernetes_executor.py:39} WARNING - The example_kubernetes_executor example DAG requires the kubernetes provider. Please install it with: pip install apache-airflow[cncf.kubernetes]
[2024-04-06 13:31:43,215] {processor.py:653} WARNING - No viable dags retrieved from /opt/conda/lib/python3.8/site-packages/airflow/example_dags/example_kubernetes_executor.py
[2024-04-06 13:31:43,225] {processor.py:161} INFO - Processing /opt/conda/lib/python3.8/site-packages/airflow/example_dags/example_kubernetes_executor.py took 0.030 seconds
[2024-04-06 13:34:13,442] {processor.py:153} INFO - Started process (PID=6490) to work on /opt/conda/lib/python3.8/site-packages/airflow/example_dags/example_kubernetes_executor.py
[2024-04-06 13:34:13,444] {processor.py:641} INFO - Processing file /opt/conda/lib/python3.8/site-packages/airflow/example_dags/example_kubernetes_executor.py for tasks to queue
[2024-04-06 13:34:13,444] {logging_mixin.py:115} INFO - [2024-04-06 13:34:13,444] {dagbag.py:508} INFO - Filling up the DagBag from /opt/conda/lib/python3.8/site-packages/airflow/example_dags/example_kubernetes_executor.py
[2024-04-06 13:34:13,464] {logging_mixin.py:115} INFO - [2024-04-06 13:34:13,464] {example_kubernetes_executor.py:39} WARNING - The example_kubernetes_executor example DAG requires the kubernetes provider. Please install it with: pip install apache-airflow[cncf.kubernetes]
[2024-04-06 13:34:13,464] {processor.py:653} WARNING - No viable dags retrieved from /opt/conda/lib/python3.8/site-packages/airflow/example_dags/example_kubernetes_executor.py
[2024-04-06 13:34:13,596] {processor.py:161} INFO - Processing /opt/conda/lib/python3.8/site-packages/airflow/example_dags/example_kubernetes_executor.py took 0.158 seconds
[2024-04-06 13:35:21,499] {processor.py:153} INFO - Started process (PID=6626) to work on /opt/conda/lib/python3.8/site-packages/airflow/example_dags/example_kubernetes_executor.py
[2024-04-06 13:35:21,501] {processor.py:641} INFO - Processing file /opt/conda/lib/python3.8/site-packages/airflow/example_dags/example_kubernetes_executor.py for tasks to queue
[2024-04-06 13:35:21,501] {logging_mixin.py:115} INFO - [2024-04-06 13:35:21,501] {dagbag.py:508} INFO - Filling up the DagBag from /opt/conda/lib/python3.8/site-packages/airflow/example_dags/example_kubernetes_executor.py
[2024-04-06 13:35:21,519] {logging_mixin.py:115} INFO - [2024-04-06 13:35:21,519] {example_kubernetes_executor.py:39} WARNING - The example_kubernetes_executor example DAG requires the kubernetes provider. Please install it with: pip install apache-airflow[cncf.kubernetes]
[2024-04-06 13:35:21,519] {processor.py:653} WARNING - No viable dags retrieved from /opt/conda/lib/python3.8/site-packages/airflow/example_dags/example_kubernetes_executor.py
[2024-04-06 13:35:21,636] {processor.py:161} INFO - Processing /opt/conda/lib/python3.8/site-packages/airflow/example_dags/example_kubernetes_executor.py took 0.140 seconds
[2024-04-06 13:36:32,477] {processor.py:153} INFO - Started process (PID=6778) to work on /opt/conda/lib/python3.8/site-packages/airflow/example_dags/example_kubernetes_executor.py
[2024-04-06 13:36:32,485] {processor.py:641} INFO - Processing file /opt/conda/lib/python3.8/site-packages/airflow/example_dags/example_kubernetes_executor.py for tasks to queue
[2024-04-06 13:36:32,486] {logging_mixin.py:115} INFO - [2024-04-06 13:36:32,486] {dagbag.py:508} INFO - Filling up the DagBag from /opt/conda/lib/python3.8/site-packages/airflow/example_dags/example_kubernetes_executor.py
[2024-04-06 13:36:32,506] {logging_mixin.py:115} INFO - [2024-04-06 13:36:32,506] {example_kubernetes_executor.py:39} WARNING - The example_kubernetes_executor example DAG requires the kubernetes provider. Please install it with: pip install apache-airflow[cncf.kubernetes]
[2024-04-06 13:36:32,506] {processor.py:653} WARNING - No viable dags retrieved from /opt/conda/lib/python3.8/site-packages/airflow/example_dags/example_kubernetes_executor.py
[2024-04-06 13:36:32,634] {processor.py:161} INFO - Processing /opt/conda/lib/python3.8/site-packages/airflow/example_dags/example_kubernetes_executor.py took 0.161 seconds
[2024-04-06 13:37:53,812] {processor.py:153} INFO - Started process (PID=6969) to work on /opt/conda/lib/python3.8/site-packages/airflow/example_dags/example_kubernetes_executor.py
[2024-04-06 13:37:53,813] {processor.py:641} INFO - Processing file /opt/conda/lib/python3.8/site-packages/airflow/example_dags/example_kubernetes_executor.py for tasks to queue
[2024-04-06 13:37:53,814] {logging_mixin.py:115} INFO - [2024-04-06 13:37:53,814] {dagbag.py:508} INFO - Filling up the DagBag from /opt/conda/lib/python3.8/site-packages/airflow/example_dags/example_kubernetes_executor.py
[2024-04-06 13:37:53,831] {logging_mixin.py:115} INFO - [2024-04-06 13:37:53,831] {example_kubernetes_executor.py:39} WARNING - The example_kubernetes_executor example DAG requires the kubernetes provider. Please install it with: pip install apache-airflow[cncf.kubernetes]
[2024-04-06 13:37:53,832] {processor.py:653} WARNING - No viable dags retrieved from /opt/conda/lib/python3.8/site-packages/airflow/example_dags/example_kubernetes_executor.py
[2024-04-06 13:37:53,946] {processor.py:161} INFO - Processing /opt/conda/lib/python3.8/site-packages/airflow/example_dags/example_kubernetes_executor.py took 0.137 seconds
[2024-04-06 13:38:51,320] {processor.py:153} INFO - Started process (PID=7086) to work on /opt/conda/lib/python3.8/site-packages/airflow/example_dags/example_kubernetes_executor.py
[2024-04-06 13:38:51,322] {processor.py:641} INFO - Processing file /opt/conda/lib/python3.8/site-packages/airflow/example_dags/example_kubernetes_executor.py for tasks to queue
[2024-04-06 13:38:51,322] {logging_mixin.py:115} INFO - [2024-04-06 13:38:51,322] {dagbag.py:508} INFO - Filling up the DagBag from /opt/conda/lib/python3.8/site-packages/airflow/example_dags/example_kubernetes_executor.py
[2024-04-06 13:38:51,343] {logging_mixin.py:115} INFO - [2024-04-06 13:38:51,342] {example_kubernetes_executor.py:39} WARNING - The example_kubernetes_executor example DAG requires the kubernetes provider. Please install it with: pip install apache-airflow[cncf.kubernetes]
[2024-04-06 13:38:51,343] {processor.py:653} WARNING - No viable dags retrieved from /opt/conda/lib/python3.8/site-packages/airflow/example_dags/example_kubernetes_executor.py
[2024-04-06 13:38:51,487] {processor.py:161} INFO - Processing /opt/conda/lib/python3.8/site-packages/airflow/example_dags/example_kubernetes_executor.py took 0.170 seconds
[2024-04-06 13:40:12,546] {processor.py:153} INFO - Started process (PID=7288) to work on /opt/conda/lib/python3.8/site-packages/airflow/example_dags/example_kubernetes_executor.py
[2024-04-06 13:40:12,547] {processor.py:641} INFO - Processing file /opt/conda/lib/python3.8/site-packages/airflow/example_dags/example_kubernetes_executor.py for tasks to queue
[2024-04-06 13:40:12,548] {logging_mixin.py:115} INFO - [2024-04-06 13:40:12,548] {dagbag.py:508} INFO - Filling up the DagBag from /opt/conda/lib/python3.8/site-packages/airflow/example_dags/example_kubernetes_executor.py
[2024-04-06 13:40:12,569] {logging_mixin.py:115} INFO - [2024-04-06 13:40:12,569] {example_kubernetes_executor.py:39} WARNING - The example_kubernetes_executor example DAG requires the kubernetes provider. Please install it with: pip install apache-airflow[cncf.kubernetes]
[2024-04-06 13:40:12,570] {processor.py:653} WARNING - No viable dags retrieved from /opt/conda/lib/python3.8/site-packages/airflow/example_dags/example_kubernetes_executor.py
[2024-04-06 13:40:12,708] {processor.py:161} INFO - Processing /opt/conda/lib/python3.8/site-packages/airflow/example_dags/example_kubernetes_executor.py took 0.166 seconds
[2024-04-06 13:41:10,179] {processor.py:153} INFO - Started process (PID=7399) to work on /opt/conda/lib/python3.8/site-packages/airflow/example_dags/example_kubernetes_executor.py
[2024-04-06 13:41:10,180] {processor.py:641} INFO - Processing file /opt/conda/lib/python3.8/site-packages/airflow/example_dags/example_kubernetes_executor.py for tasks to queue
[2024-04-06 13:41:10,181] {logging_mixin.py:115} INFO - [2024-04-06 13:41:10,181] {dagbag.py:508} INFO - Filling up the DagBag from /opt/conda/lib/python3.8/site-packages/airflow/example_dags/example_kubernetes_executor.py
[2024-04-06 13:41:10,308] {logging_mixin.py:115} INFO - [2024-04-06 13:41:10,308] {example_kubernetes_executor.py:39} WARNING - The example_kubernetes_executor example DAG requires the kubernetes provider. Please install it with: pip install apache-airflow[cncf.kubernetes]
[2024-04-06 13:41:10,308] {processor.py:653} WARNING - No viable dags retrieved from /opt/conda/lib/python3.8/site-packages/airflow/example_dags/example_kubernetes_executor.py
[2024-04-06 13:41:10,313] {processor.py:161} INFO - Processing /opt/conda/lib/python3.8/site-packages/airflow/example_dags/example_kubernetes_executor.py took 0.138 seconds
[2024-04-06 13:42:08,435] {processor.py:153} INFO - Started process (PID=7514) to work on /opt/conda/lib/python3.8/site-packages/airflow/example_dags/example_kubernetes_executor.py
[2024-04-06 13:42:08,437] {processor.py:641} INFO - Processing file /opt/conda/lib/python3.8/site-packages/airflow/example_dags/example_kubernetes_executor.py for tasks to queue
[2024-04-06 13:42:08,437] {logging_mixin.py:115} INFO - [2024-04-06 13:42:08,437] {dagbag.py:508} INFO - Filling up the DagBag from /opt/conda/lib/python3.8/site-packages/airflow/example_dags/example_kubernetes_executor.py
[2024-04-06 13:42:08,590] {logging_mixin.py:115} INFO - [2024-04-06 13:42:08,590] {example_kubernetes_executor.py:39} WARNING - The example_kubernetes_executor example DAG requires the kubernetes provider. Please install it with: pip install apache-airflow[cncf.kubernetes]
[2024-04-06 13:42:08,590] {processor.py:653} WARNING - No viable dags retrieved from /opt/conda/lib/python3.8/site-packages/airflow/example_dags/example_kubernetes_executor.py
[2024-04-06 13:42:08,596] {processor.py:161} INFO - Processing /opt/conda/lib/python3.8/site-packages/airflow/example_dags/example_kubernetes_executor.py took 0.165 seconds
[2024-04-06 13:43:26,783] {processor.py:153} INFO - Started process (PID=7643) to work on /opt/conda/lib/python3.8/site-packages/airflow/example_dags/example_kubernetes_executor.py
[2024-04-06 13:43:26,785] {processor.py:641} INFO - Processing file /opt/conda/lib/python3.8/site-packages/airflow/example_dags/example_kubernetes_executor.py for tasks to queue
[2024-04-06 13:43:26,786] {logging_mixin.py:115} INFO - [2024-04-06 13:43:26,786] {dagbag.py:508} INFO - Filling up the DagBag from /opt/conda/lib/python3.8/site-packages/airflow/example_dags/example_kubernetes_executor.py
[2024-04-06 13:43:26,912] {logging_mixin.py:115} INFO - [2024-04-06 13:43:26,912] {example_kubernetes_executor.py:39} WARNING - The example_kubernetes_executor example DAG requires the kubernetes provider. Please install it with: pip install apache-airflow[cncf.kubernetes]
[2024-04-06 13:43:26,912] {processor.py:653} WARNING - No viable dags retrieved from /opt/conda/lib/python3.8/site-packages/airflow/example_dags/example_kubernetes_executor.py
[2024-04-06 13:43:26,917] {processor.py:161} INFO - Processing /opt/conda/lib/python3.8/site-packages/airflow/example_dags/example_kubernetes_executor.py took 0.137 seconds
[2024-04-06 13:44:24,790] {processor.py:153} INFO - Started process (PID=7752) to work on /opt/conda/lib/python3.8/site-packages/airflow/example_dags/example_kubernetes_executor.py
[2024-04-06 13:44:24,792] {processor.py:641} INFO - Processing file /opt/conda/lib/python3.8/site-packages/airflow/example_dags/example_kubernetes_executor.py for tasks to queue
[2024-04-06 13:44:24,793] {logging_mixin.py:115} INFO - [2024-04-06 13:44:24,793] {dagbag.py:508} INFO - Filling up the DagBag from /opt/conda/lib/python3.8/site-packages/airflow/example_dags/example_kubernetes_executor.py
[2024-04-06 13:44:24,919] {logging_mixin.py:115} INFO - [2024-04-06 13:44:24,919] {example_kubernetes_executor.py:39} WARNING - The example_kubernetes_executor example DAG requires the kubernetes provider. Please install it with: pip install apache-airflow[cncf.kubernetes]
[2024-04-06 13:44:24,919] {processor.py:653} WARNING - No viable dags retrieved from /opt/conda/lib/python3.8/site-packages/airflow/example_dags/example_kubernetes_executor.py
[2024-04-06 13:44:24,924] {processor.py:161} INFO - Processing /opt/conda/lib/python3.8/site-packages/airflow/example_dags/example_kubernetes_executor.py took 0.137 seconds
[2024-04-06 13:45:18,711] {processor.py:153} INFO - Started process (PID=7859) to work on /opt/conda/lib/python3.8/site-packages/airflow/example_dags/example_kubernetes_executor.py
[2024-04-06 13:45:18,712] {processor.py:641} INFO - Processing file /opt/conda/lib/python3.8/site-packages/airflow/example_dags/example_kubernetes_executor.py for tasks to queue
[2024-04-06 13:45:18,713] {logging_mixin.py:115} INFO - [2024-04-06 13:45:18,713] {dagbag.py:508} INFO - Filling up the DagBag from /opt/conda/lib/python3.8/site-packages/airflow/example_dags/example_kubernetes_executor.py
[2024-04-06 13:45:18,838] {logging_mixin.py:115} INFO - [2024-04-06 13:45:18,838] {example_kubernetes_executor.py:39} WARNING - The example_kubernetes_executor example DAG requires the kubernetes provider. Please install it with: pip install apache-airflow[cncf.kubernetes]
[2024-04-06 13:45:18,838] {processor.py:653} WARNING - No viable dags retrieved from /opt/conda/lib/python3.8/site-packages/airflow/example_dags/example_kubernetes_executor.py
[2024-04-06 13:45:18,844] {processor.py:161} INFO - Processing /opt/conda/lib/python3.8/site-packages/airflow/example_dags/example_kubernetes_executor.py took 0.136 seconds
[2024-04-06 13:46:32,182] {processor.py:153} INFO - Started process (PID=8001) to work on /opt/conda/lib/python3.8/site-packages/airflow/example_dags/example_kubernetes_executor.py
[2024-04-06 13:46:32,184] {processor.py:641} INFO - Processing file /opt/conda/lib/python3.8/site-packages/airflow/example_dags/example_kubernetes_executor.py for tasks to queue
[2024-04-06 13:46:32,184] {logging_mixin.py:115} INFO - [2024-04-06 13:46:32,184] {dagbag.py:508} INFO - Filling up the DagBag from /opt/conda/lib/python3.8/site-packages/airflow/example_dags/example_kubernetes_executor.py
[2024-04-06 13:46:32,201] {logging_mixin.py:115} INFO - [2024-04-06 13:46:32,201] {example_kubernetes_executor.py:39} WARNING - The example_kubernetes_executor example DAG requires the kubernetes provider. Please install it with: pip install apache-airflow[cncf.kubernetes]
[2024-04-06 13:46:32,201] {processor.py:653} WARNING - No viable dags retrieved from /opt/conda/lib/python3.8/site-packages/airflow/example_dags/example_kubernetes_executor.py
[2024-04-06 13:46:32,212] {processor.py:161} INFO - Processing /opt/conda/lib/python3.8/site-packages/airflow/example_dags/example_kubernetes_executor.py took 0.033 seconds
[2024-04-06 13:47:42,746] {processor.py:153} INFO - Started process (PID=8169) to work on /opt/conda/lib/python3.8/site-packages/airflow/example_dags/example_kubernetes_executor.py
[2024-04-06 13:47:42,748] {processor.py:641} INFO - Processing file /opt/conda/lib/python3.8/site-packages/airflow/example_dags/example_kubernetes_executor.py for tasks to queue
[2024-04-06 13:47:42,749] {logging_mixin.py:115} INFO - [2024-04-06 13:47:42,749] {dagbag.py:508} INFO - Filling up the DagBag from /opt/conda/lib/python3.8/site-packages/airflow/example_dags/example_kubernetes_executor.py
[2024-04-06 13:47:42,766] {logging_mixin.py:115} INFO - [2024-04-06 13:47:42,765] {example_kubernetes_executor.py:39} WARNING - The example_kubernetes_executor example DAG requires the kubernetes provider. Please install it with: pip install apache-airflow[cncf.kubernetes]
[2024-04-06 13:47:42,766] {processor.py:653} WARNING - No viable dags retrieved from /opt/conda/lib/python3.8/site-packages/airflow/example_dags/example_kubernetes_executor.py
[2024-04-06 13:47:42,777] {processor.py:161} INFO - Processing /opt/conda/lib/python3.8/site-packages/airflow/example_dags/example_kubernetes_executor.py took 0.034 seconds
[2024-04-06 13:48:56,280] {processor.py:153} INFO - Started process (PID=8312) to work on /opt/conda/lib/python3.8/site-packages/airflow/example_dags/example_kubernetes_executor.py
[2024-04-06 13:48:56,281] {processor.py:641} INFO - Processing file /opt/conda/lib/python3.8/site-packages/airflow/example_dags/example_kubernetes_executor.py for tasks to queue
[2024-04-06 13:48:56,282] {logging_mixin.py:115} INFO - [2024-04-06 13:48:56,282] {dagbag.py:508} INFO - Filling up the DagBag from /opt/conda/lib/python3.8/site-packages/airflow/example_dags/example_kubernetes_executor.py
[2024-04-06 13:48:56,297] {logging_mixin.py:115} INFO - [2024-04-06 13:48:56,297] {example_kubernetes_executor.py:39} WARNING - The example_kubernetes_executor example DAG requires the kubernetes provider. Please install it with: pip install apache-airflow[cncf.kubernetes]
[2024-04-06 13:48:56,297] {processor.py:653} WARNING - No viable dags retrieved from /opt/conda/lib/python3.8/site-packages/airflow/example_dags/example_kubernetes_executor.py
[2024-04-06 13:48:56,306] {processor.py:161} INFO - Processing /opt/conda/lib/python3.8/site-packages/airflow/example_dags/example_kubernetes_executor.py took 0.030 seconds
[2024-04-06 13:50:11,236] {processor.py:153} INFO - Started process (PID=8483) to work on /opt/conda/lib/python3.8/site-packages/airflow/example_dags/example_kubernetes_executor.py
[2024-04-06 13:50:11,237] {processor.py:641} INFO - Processing file /opt/conda/lib/python3.8/site-packages/airflow/example_dags/example_kubernetes_executor.py for tasks to queue
[2024-04-06 13:50:11,238] {logging_mixin.py:115} INFO - [2024-04-06 13:50:11,237] {dagbag.py:508} INFO - Filling up the DagBag from /opt/conda/lib/python3.8/site-packages/airflow/example_dags/example_kubernetes_executor.py
[2024-04-06 13:50:11,253] {logging_mixin.py:115} INFO - [2024-04-06 13:50:11,253] {example_kubernetes_executor.py:39} WARNING - The example_kubernetes_executor example DAG requires the kubernetes provider. Please install it with: pip install apache-airflow[cncf.kubernetes]
[2024-04-06 13:50:11,253] {processor.py:653} WARNING - No viable dags retrieved from /opt/conda/lib/python3.8/site-packages/airflow/example_dags/example_kubernetes_executor.py
[2024-04-06 13:50:11,262] {processor.py:161} INFO - Processing /opt/conda/lib/python3.8/site-packages/airflow/example_dags/example_kubernetes_executor.py took 0.030 seconds
[2024-04-06 13:51:22,719] {processor.py:153} INFO - Started process (PID=8624) to work on /opt/conda/lib/python3.8/site-packages/airflow/example_dags/example_kubernetes_executor.py
[2024-04-06 13:51:22,721] {processor.py:641} INFO - Processing file /opt/conda/lib/python3.8/site-packages/airflow/example_dags/example_kubernetes_executor.py for tasks to queue
[2024-04-06 13:51:22,721] {logging_mixin.py:115} INFO - [2024-04-06 13:51:22,721] {dagbag.py:508} INFO - Filling up the DagBag from /opt/conda/lib/python3.8/site-packages/airflow/example_dags/example_kubernetes_executor.py
[2024-04-06 13:51:22,738] {logging_mixin.py:115} INFO - [2024-04-06 13:51:22,738] {example_kubernetes_executor.py:39} WARNING - The example_kubernetes_executor example DAG requires the kubernetes provider. Please install it with: pip install apache-airflow[cncf.kubernetes]
[2024-04-06 13:51:22,738] {processor.py:653} WARNING - No viable dags retrieved from /opt/conda/lib/python3.8/site-packages/airflow/example_dags/example_kubernetes_executor.py
[2024-04-06 13:51:22,749] {processor.py:161} INFO - Processing /opt/conda/lib/python3.8/site-packages/airflow/example_dags/example_kubernetes_executor.py took 0.033 seconds
