[2024-04-06 12:46:11,012] {processor.py:153} INFO - Started process (PID=1401) to work on /opt/conda/lib/python3.8/site-packages/airflow/example_dags/example_branch_labels.py
[2024-04-06 12:46:11,012] {processor.py:641} INFO - Processing file /opt/conda/lib/python3.8/site-packages/airflow/example_dags/example_branch_labels.py for tasks to queue
[2024-04-06 12:46:11,013] {logging_mixin.py:115} INFO - [2024-04-06 12:46:11,013] {dagbag.py:508} INFO - Filling up the DagBag from /opt/conda/lib/python3.8/site-packages/airflow/example_dags/example_branch_labels.py
[2024-04-06 12:46:11,020] {processor.py:651} INFO - DAG(s) dict_keys(['example_branch_labels']) retrieved from /opt/conda/lib/python3.8/site-packages/airflow/example_dags/example_branch_labels.py
[2024-04-06 12:46:11,040] {logging_mixin.py:115} INFO - [2024-04-06 12:46:11,040] {dag.py:2420} INFO - Sync 1 DAGs
[2024-04-06 12:46:11,165] {logging_mixin.py:115} INFO - [2024-04-06 12:46:11,165] {dag.py:2968} INFO - Setting next_dagrun for example_branch_labels to 2024-04-05T00:00:00+00:00, run_after=2024-04-06T00:00:00+00:00
[2024-04-06 12:46:11,182] {processor.py:161} INFO - Processing /opt/conda/lib/python3.8/site-packages/airflow/example_dags/example_branch_labels.py took 0.173 seconds
[2024-04-06 12:47:02,200] {processor.py:153} INFO - Started process (PID=1472) to work on /opt/conda/lib/python3.8/site-packages/airflow/example_dags/example_branch_labels.py
[2024-04-06 12:47:02,202] {processor.py:641} INFO - Processing file /opt/conda/lib/python3.8/site-packages/airflow/example_dags/example_branch_labels.py for tasks to queue
[2024-04-06 12:47:02,202] {logging_mixin.py:115} INFO - [2024-04-06 12:47:02,202] {dagbag.py:508} INFO - Filling up the DagBag from /opt/conda/lib/python3.8/site-packages/airflow/example_dags/example_branch_labels.py
[2024-04-06 12:47:02,209] {processor.py:651} INFO - DAG(s) dict_keys(['example_branch_labels']) retrieved from /opt/conda/lib/python3.8/site-packages/airflow/example_dags/example_branch_labels.py
[2024-04-06 12:47:02,230] {logging_mixin.py:115} INFO - [2024-04-06 12:47:02,230] {dag.py:2420} INFO - Sync 1 DAGs
[2024-04-06 12:47:02,354] {logging_mixin.py:115} INFO - [2024-04-06 12:47:02,354] {dag.py:2968} INFO - Setting next_dagrun for example_branch_labels to 2024-04-05T00:00:00+00:00, run_after=2024-04-06T00:00:00+00:00
[2024-04-06 12:47:02,370] {processor.py:161} INFO - Processing /opt/conda/lib/python3.8/site-packages/airflow/example_dags/example_branch_labels.py took 0.174 seconds
[2024-04-06 12:48:01,119] {processor.py:153} INFO - Started process (PID=1580) to work on /opt/conda/lib/python3.8/site-packages/airflow/example_dags/example_branch_labels.py
[2024-04-06 12:48:01,121] {processor.py:641} INFO - Processing file /opt/conda/lib/python3.8/site-packages/airflow/example_dags/example_branch_labels.py for tasks to queue
[2024-04-06 12:48:01,121] {logging_mixin.py:115} INFO - [2024-04-06 12:48:01,121] {dagbag.py:508} INFO - Filling up the DagBag from /opt/conda/lib/python3.8/site-packages/airflow/example_dags/example_branch_labels.py
[2024-04-06 12:48:01,128] {processor.py:651} INFO - DAG(s) dict_keys(['example_branch_labels']) retrieved from /opt/conda/lib/python3.8/site-packages/airflow/example_dags/example_branch_labels.py
[2024-04-06 12:48:01,146] {logging_mixin.py:115} INFO - [2024-04-06 12:48:01,145] {dag.py:2420} INFO - Sync 1 DAGs
[2024-04-06 12:48:01,264] {logging_mixin.py:115} INFO - [2024-04-06 12:48:01,264] {dag.py:2968} INFO - Setting next_dagrun for example_branch_labels to 2024-04-05T00:00:00+00:00, run_after=2024-04-06T00:00:00+00:00
[2024-04-06 12:48:01,282] {processor.py:161} INFO - Processing /opt/conda/lib/python3.8/site-packages/airflow/example_dags/example_branch_labels.py took 0.167 seconds
[2024-04-06 12:49:08,424] {processor.py:153} INFO - Started process (PID=1663) to work on /opt/conda/lib/python3.8/site-packages/airflow/example_dags/example_branch_labels.py
[2024-04-06 12:49:08,426] {processor.py:641} INFO - Processing file /opt/conda/lib/python3.8/site-packages/airflow/example_dags/example_branch_labels.py for tasks to queue
[2024-04-06 12:49:08,427] {logging_mixin.py:115} INFO - [2024-04-06 12:49:08,427] {dagbag.py:508} INFO - Filling up the DagBag from /opt/conda/lib/python3.8/site-packages/airflow/example_dags/example_branch_labels.py
[2024-04-06 12:49:08,434] {processor.py:651} INFO - DAG(s) dict_keys(['example_branch_labels']) retrieved from /opt/conda/lib/python3.8/site-packages/airflow/example_dags/example_branch_labels.py
[2024-04-06 12:49:08,454] {logging_mixin.py:115} INFO - [2024-04-06 12:49:08,454] {dag.py:2420} INFO - Sync 1 DAGs
[2024-04-06 12:49:08,587] {logging_mixin.py:115} INFO - [2024-04-06 12:49:08,587] {dag.py:2968} INFO - Setting next_dagrun for example_branch_labels to 2024-04-05T00:00:00+00:00, run_after=2024-04-06T00:00:00+00:00
[2024-04-06 12:49:08,979] {processor.py:161} INFO - Processing /opt/conda/lib/python3.8/site-packages/airflow/example_dags/example_branch_labels.py took 0.558 seconds
[2024-04-06 12:50:07,126] {processor.py:153} INFO - Started process (PID=1772) to work on /opt/conda/lib/python3.8/site-packages/airflow/example_dags/example_branch_labels.py
[2024-04-06 12:50:07,128] {processor.py:641} INFO - Processing file /opt/conda/lib/python3.8/site-packages/airflow/example_dags/example_branch_labels.py for tasks to queue
[2024-04-06 12:50:07,129] {logging_mixin.py:115} INFO - [2024-04-06 12:50:07,129] {dagbag.py:508} INFO - Filling up the DagBag from /opt/conda/lib/python3.8/site-packages/airflow/example_dags/example_branch_labels.py
[2024-04-06 12:50:07,136] {processor.py:651} INFO - DAG(s) dict_keys(['example_branch_labels']) retrieved from /opt/conda/lib/python3.8/site-packages/airflow/example_dags/example_branch_labels.py
[2024-04-06 12:50:07,264] {logging_mixin.py:115} INFO - [2024-04-06 12:50:07,264] {dag.py:2420} INFO - Sync 1 DAGs
[2024-04-06 12:50:07,276] {logging_mixin.py:115} INFO - [2024-04-06 12:50:07,276] {dag.py:2968} INFO - Setting next_dagrun for example_branch_labels to 2024-04-05T00:00:00+00:00, run_after=2024-04-06T00:00:00+00:00
[2024-04-06 12:50:07,296] {processor.py:161} INFO - Processing /opt/conda/lib/python3.8/site-packages/airflow/example_dags/example_branch_labels.py took 0.174 seconds
[2024-04-06 12:51:04,172] {processor.py:153} INFO - Started process (PID=1850) to work on /opt/conda/lib/python3.8/site-packages/airflow/example_dags/example_branch_labels.py
[2024-04-06 12:51:04,175] {processor.py:641} INFO - Processing file /opt/conda/lib/python3.8/site-packages/airflow/example_dags/example_branch_labels.py for tasks to queue
[2024-04-06 12:51:04,175] {logging_mixin.py:115} INFO - [2024-04-06 12:51:04,175] {dagbag.py:508} INFO - Filling up the DagBag from /opt/conda/lib/python3.8/site-packages/airflow/example_dags/example_branch_labels.py
[2024-04-06 12:51:04,182] {processor.py:651} INFO - DAG(s) dict_keys(['example_branch_labels']) retrieved from /opt/conda/lib/python3.8/site-packages/airflow/example_dags/example_branch_labels.py
[2024-04-06 12:51:04,308] {logging_mixin.py:115} INFO - [2024-04-06 12:51:04,308] {dag.py:2420} INFO - Sync 1 DAGs
[2024-04-06 12:51:04,321] {logging_mixin.py:115} INFO - [2024-04-06 12:51:04,321] {dag.py:2968} INFO - Setting next_dagrun for example_branch_labels to 2024-04-05T00:00:00+00:00, run_after=2024-04-06T00:00:00+00:00
[2024-04-06 12:51:04,341] {processor.py:161} INFO - Processing /opt/conda/lib/python3.8/site-packages/airflow/example_dags/example_branch_labels.py took 0.172 seconds
[2024-04-06 12:51:55,696] {processor.py:153} INFO - Started process (PID=1930) to work on /opt/conda/lib/python3.8/site-packages/airflow/example_dags/example_branch_labels.py
[2024-04-06 12:51:55,698] {processor.py:641} INFO - Processing file /opt/conda/lib/python3.8/site-packages/airflow/example_dags/example_branch_labels.py for tasks to queue
[2024-04-06 12:51:55,699] {logging_mixin.py:115} INFO - [2024-04-06 12:51:55,699] {dagbag.py:508} INFO - Filling up the DagBag from /opt/conda/lib/python3.8/site-packages/airflow/example_dags/example_branch_labels.py
[2024-04-06 12:51:55,705] {processor.py:651} INFO - DAG(s) dict_keys(['example_branch_labels']) retrieved from /opt/conda/lib/python3.8/site-packages/airflow/example_dags/example_branch_labels.py
[2024-04-06 12:51:55,832] {logging_mixin.py:115} INFO - [2024-04-06 12:51:55,832] {dag.py:2420} INFO - Sync 1 DAGs
[2024-04-06 12:51:55,844] {logging_mixin.py:115} INFO - [2024-04-06 12:51:55,844] {dag.py:2968} INFO - Setting next_dagrun for example_branch_labels to 2024-04-05T00:00:00+00:00, run_after=2024-04-06T00:00:00+00:00
[2024-04-06 12:51:55,864] {processor.py:161} INFO - Processing /opt/conda/lib/python3.8/site-packages/airflow/example_dags/example_branch_labels.py took 0.172 seconds
[2024-04-06 12:52:55,707] {processor.py:153} INFO - Started process (PID=2033) to work on /opt/conda/lib/python3.8/site-packages/airflow/example_dags/example_branch_labels.py
[2024-04-06 12:52:55,709] {processor.py:641} INFO - Processing file /opt/conda/lib/python3.8/site-packages/airflow/example_dags/example_branch_labels.py for tasks to queue
[2024-04-06 12:52:55,709] {logging_mixin.py:115} INFO - [2024-04-06 12:52:55,709] {dagbag.py:508} INFO - Filling up the DagBag from /opt/conda/lib/python3.8/site-packages/airflow/example_dags/example_branch_labels.py
[2024-04-06 12:52:55,716] {processor.py:651} INFO - DAG(s) dict_keys(['example_branch_labels']) retrieved from /opt/conda/lib/python3.8/site-packages/airflow/example_dags/example_branch_labels.py
[2024-04-06 12:52:55,843] {logging_mixin.py:115} INFO - [2024-04-06 12:52:55,843] {dag.py:2420} INFO - Sync 1 DAGs
[2024-04-06 12:52:55,855] {logging_mixin.py:115} INFO - [2024-04-06 12:52:55,855] {dag.py:2968} INFO - Setting next_dagrun for example_branch_labels to 2024-04-05T00:00:00+00:00, run_after=2024-04-06T00:00:00+00:00
[2024-04-06 12:52:55,873] {processor.py:161} INFO - Processing /opt/conda/lib/python3.8/site-packages/airflow/example_dags/example_branch_labels.py took 0.170 seconds
[2024-04-06 12:53:51,524] {processor.py:153} INFO - Started process (PID=2117) to work on /opt/conda/lib/python3.8/site-packages/airflow/example_dags/example_branch_labels.py
[2024-04-06 12:53:51,527] {processor.py:641} INFO - Processing file /opt/conda/lib/python3.8/site-packages/airflow/example_dags/example_branch_labels.py for tasks to queue
[2024-04-06 12:53:51,527] {logging_mixin.py:115} INFO - [2024-04-06 12:53:51,527] {dagbag.py:508} INFO - Filling up the DagBag from /opt/conda/lib/python3.8/site-packages/airflow/example_dags/example_branch_labels.py
[2024-04-06 12:53:51,534] {processor.py:651} INFO - DAG(s) dict_keys(['example_branch_labels']) retrieved from /opt/conda/lib/python3.8/site-packages/airflow/example_dags/example_branch_labels.py
[2024-04-06 12:53:51,661] {logging_mixin.py:115} INFO - [2024-04-06 12:53:51,661] {dag.py:2420} INFO - Sync 1 DAGs
[2024-04-06 12:53:51,673] {logging_mixin.py:115} INFO - [2024-04-06 12:53:51,673] {dag.py:2968} INFO - Setting next_dagrun for example_branch_labels to 2024-04-05T00:00:00+00:00, run_after=2024-04-06T00:00:00+00:00
[2024-04-06 12:53:51,692] {processor.py:161} INFO - Processing /opt/conda/lib/python3.8/site-packages/airflow/example_dags/example_branch_labels.py took 0.172 seconds
[2024-04-06 12:54:41,070] {processor.py:153} INFO - Started process (PID=2211) to work on /opt/conda/lib/python3.8/site-packages/airflow/example_dags/example_branch_labels.py
[2024-04-06 12:54:41,072] {processor.py:641} INFO - Processing file /opt/conda/lib/python3.8/site-packages/airflow/example_dags/example_branch_labels.py for tasks to queue
[2024-04-06 12:54:41,073] {logging_mixin.py:115} INFO - [2024-04-06 12:54:41,073] {dagbag.py:508} INFO - Filling up the DagBag from /opt/conda/lib/python3.8/site-packages/airflow/example_dags/example_branch_labels.py
[2024-04-06 12:54:41,079] {processor.py:651} INFO - DAG(s) dict_keys(['example_branch_labels']) retrieved from /opt/conda/lib/python3.8/site-packages/airflow/example_dags/example_branch_labels.py
[2024-04-06 12:54:41,096] {logging_mixin.py:115} INFO - [2024-04-06 12:54:41,096] {dag.py:2420} INFO - Sync 1 DAGs
[2024-04-06 12:54:41,113] {logging_mixin.py:115} INFO - [2024-04-06 12:54:41,112] {dag.py:2968} INFO - Setting next_dagrun for example_branch_labels to 2024-04-05T00:00:00+00:00, run_after=2024-04-06T00:00:00+00:00
[2024-04-06 12:54:41,132] {processor.py:161} INFO - Processing /opt/conda/lib/python3.8/site-packages/airflow/example_dags/example_branch_labels.py took 0.066 seconds
[2024-04-06 12:55:22,655] {processor.py:153} INFO - Started process (PID=2284) to work on /opt/conda/lib/python3.8/site-packages/airflow/example_dags/example_branch_labels.py
[2024-04-06 12:55:22,657] {processor.py:641} INFO - Processing file /opt/conda/lib/python3.8/site-packages/airflow/example_dags/example_branch_labels.py for tasks to queue
[2024-04-06 12:55:22,658] {logging_mixin.py:115} INFO - [2024-04-06 12:55:22,658] {dagbag.py:508} INFO - Filling up the DagBag from /opt/conda/lib/python3.8/site-packages/airflow/example_dags/example_branch_labels.py
[2024-04-06 12:55:22,667] {processor.py:651} INFO - DAG(s) dict_keys(['example_branch_labels']) retrieved from /opt/conda/lib/python3.8/site-packages/airflow/example_dags/example_branch_labels.py
[2024-04-06 12:55:22,686] {logging_mixin.py:115} INFO - [2024-04-06 12:55:22,686] {dag.py:2420} INFO - Sync 1 DAGs
[2024-04-06 12:55:22,708] {logging_mixin.py:115} INFO - [2024-04-06 12:55:22,708] {dag.py:2968} INFO - Setting next_dagrun for example_branch_labels to 2024-04-05T00:00:00+00:00, run_after=2024-04-06T00:00:00+00:00
[2024-04-06 12:55:22,729] {processor.py:161} INFO - Processing /opt/conda/lib/python3.8/site-packages/airflow/example_dags/example_branch_labels.py took 0.078 seconds
[2024-04-06 12:56:15,198] {processor.py:153} INFO - Started process (PID=2378) to work on /opt/conda/lib/python3.8/site-packages/airflow/example_dags/example_branch_labels.py
[2024-04-06 12:56:15,200] {processor.py:641} INFO - Processing file /opt/conda/lib/python3.8/site-packages/airflow/example_dags/example_branch_labels.py for tasks to queue
[2024-04-06 12:56:15,200] {logging_mixin.py:115} INFO - [2024-04-06 12:56:15,200] {dagbag.py:508} INFO - Filling up the DagBag from /opt/conda/lib/python3.8/site-packages/airflow/example_dags/example_branch_labels.py
[2024-04-06 12:56:15,208] {processor.py:651} INFO - DAG(s) dict_keys(['example_branch_labels']) retrieved from /opt/conda/lib/python3.8/site-packages/airflow/example_dags/example_branch_labels.py
[2024-04-06 12:56:15,226] {logging_mixin.py:115} INFO - [2024-04-06 12:56:15,225] {dag.py:2420} INFO - Sync 1 DAGs
[2024-04-06 12:56:15,246] {logging_mixin.py:115} INFO - [2024-04-06 12:56:15,246] {dag.py:2968} INFO - Setting next_dagrun for example_branch_labels to 2024-04-05T00:00:00+00:00, run_after=2024-04-06T00:00:00+00:00
[2024-04-06 12:56:15,291] {processor.py:161} INFO - Processing /opt/conda/lib/python3.8/site-packages/airflow/example_dags/example_branch_labels.py took 0.097 seconds
[2024-04-06 12:56:59,039] {processor.py:153} INFO - Started process (PID=2449) to work on /opt/conda/lib/python3.8/site-packages/airflow/example_dags/example_branch_labels.py
[2024-04-06 12:56:59,041] {processor.py:641} INFO - Processing file /opt/conda/lib/python3.8/site-packages/airflow/example_dags/example_branch_labels.py for tasks to queue
[2024-04-06 12:56:59,041] {logging_mixin.py:115} INFO - [2024-04-06 12:56:59,041] {dagbag.py:508} INFO - Filling up the DagBag from /opt/conda/lib/python3.8/site-packages/airflow/example_dags/example_branch_labels.py
[2024-04-06 12:56:59,048] {processor.py:651} INFO - DAG(s) dict_keys(['example_branch_labels']) retrieved from /opt/conda/lib/python3.8/site-packages/airflow/example_dags/example_branch_labels.py
[2024-04-06 12:56:59,064] {logging_mixin.py:115} INFO - [2024-04-06 12:56:59,064] {dag.py:2420} INFO - Sync 1 DAGs
[2024-04-06 12:56:59,080] {logging_mixin.py:115} INFO - [2024-04-06 12:56:59,080] {dag.py:2968} INFO - Setting next_dagrun for example_branch_labels to 2024-04-05T00:00:00+00:00, run_after=2024-04-06T00:00:00+00:00
[2024-04-06 12:56:59,099] {processor.py:161} INFO - Processing /opt/conda/lib/python3.8/site-packages/airflow/example_dags/example_branch_labels.py took 0.064 seconds
[2024-04-06 12:57:52,202] {processor.py:153} INFO - Started process (PID=2537) to work on /opt/conda/lib/python3.8/site-packages/airflow/example_dags/example_branch_labels.py
[2024-04-06 12:57:52,204] {processor.py:641} INFO - Processing file /opt/conda/lib/python3.8/site-packages/airflow/example_dags/example_branch_labels.py for tasks to queue
[2024-04-06 12:57:52,204] {logging_mixin.py:115} INFO - [2024-04-06 12:57:52,204] {dagbag.py:508} INFO - Filling up the DagBag from /opt/conda/lib/python3.8/site-packages/airflow/example_dags/example_branch_labels.py
[2024-04-06 12:57:52,212] {processor.py:651} INFO - DAG(s) dict_keys(['example_branch_labels']) retrieved from /opt/conda/lib/python3.8/site-packages/airflow/example_dags/example_branch_labels.py
[2024-04-06 12:57:52,230] {logging_mixin.py:115} INFO - [2024-04-06 12:57:52,230] {dag.py:2420} INFO - Sync 1 DAGs
[2024-04-06 12:57:52,249] {logging_mixin.py:115} INFO - [2024-04-06 12:57:52,249] {dag.py:2968} INFO - Setting next_dagrun for example_branch_labels to 2024-04-05T00:00:00+00:00, run_after=2024-04-06T00:00:00+00:00
[2024-04-06 12:57:52,268] {processor.py:161} INFO - Processing /opt/conda/lib/python3.8/site-packages/airflow/example_dags/example_branch_labels.py took 0.069 seconds
[2024-04-06 12:58:48,744] {processor.py:153} INFO - Started process (PID=2631) to work on /opt/conda/lib/python3.8/site-packages/airflow/example_dags/example_branch_labels.py
[2024-04-06 12:58:48,745] {processor.py:641} INFO - Processing file /opt/conda/lib/python3.8/site-packages/airflow/example_dags/example_branch_labels.py for tasks to queue
[2024-04-06 12:58:48,746] {logging_mixin.py:115} INFO - [2024-04-06 12:58:48,746] {dagbag.py:508} INFO - Filling up the DagBag from /opt/conda/lib/python3.8/site-packages/airflow/example_dags/example_branch_labels.py
[2024-04-06 12:58:48,753] {processor.py:651} INFO - DAG(s) dict_keys(['example_branch_labels']) retrieved from /opt/conda/lib/python3.8/site-packages/airflow/example_dags/example_branch_labels.py
[2024-04-06 12:58:48,768] {logging_mixin.py:115} INFO - [2024-04-06 12:58:48,768] {dag.py:2420} INFO - Sync 1 DAGs
[2024-04-06 12:58:48,784] {logging_mixin.py:115} INFO - [2024-04-06 12:58:48,784] {dag.py:2968} INFO - Setting next_dagrun for example_branch_labels to 2024-04-05T00:00:00+00:00, run_after=2024-04-06T00:00:00+00:00
[2024-04-06 12:58:48,805] {processor.py:161} INFO - Processing /opt/conda/lib/python3.8/site-packages/airflow/example_dags/example_branch_labels.py took 0.064 seconds
[2024-04-06 12:59:37,963] {processor.py:153} INFO - Started process (PID=2714) to work on /opt/conda/lib/python3.8/site-packages/airflow/example_dags/example_branch_labels.py
[2024-04-06 12:59:37,965] {processor.py:641} INFO - Processing file /opt/conda/lib/python3.8/site-packages/airflow/example_dags/example_branch_labels.py for tasks to queue
[2024-04-06 12:59:37,965] {logging_mixin.py:115} INFO - [2024-04-06 12:59:37,965] {dagbag.py:508} INFO - Filling up the DagBag from /opt/conda/lib/python3.8/site-packages/airflow/example_dags/example_branch_labels.py
[2024-04-06 12:59:37,972] {processor.py:651} INFO - DAG(s) dict_keys(['example_branch_labels']) retrieved from /opt/conda/lib/python3.8/site-packages/airflow/example_dags/example_branch_labels.py
[2024-04-06 12:59:37,990] {logging_mixin.py:115} INFO - [2024-04-06 12:59:37,990] {dag.py:2420} INFO - Sync 1 DAGs
[2024-04-06 12:59:38,011] {logging_mixin.py:115} INFO - [2024-04-06 12:59:38,011] {dag.py:2968} INFO - Setting next_dagrun for example_branch_labels to 2024-04-05T00:00:00+00:00, run_after=2024-04-06T00:00:00+00:00
[2024-04-06 12:59:38,034] {processor.py:161} INFO - Processing /opt/conda/lib/python3.8/site-packages/airflow/example_dags/example_branch_labels.py took 0.075 seconds
[2024-04-06 13:00:35,732] {processor.py:153} INFO - Started process (PID=2812) to work on /opt/conda/lib/python3.8/site-packages/airflow/example_dags/example_branch_labels.py
[2024-04-06 13:00:35,734] {processor.py:641} INFO - Processing file /opt/conda/lib/python3.8/site-packages/airflow/example_dags/example_branch_labels.py for tasks to queue
[2024-04-06 13:00:35,734] {logging_mixin.py:115} INFO - [2024-04-06 13:00:35,734] {dagbag.py:508} INFO - Filling up the DagBag from /opt/conda/lib/python3.8/site-packages/airflow/example_dags/example_branch_labels.py
[2024-04-06 13:00:35,741] {processor.py:651} INFO - DAG(s) dict_keys(['example_branch_labels']) retrieved from /opt/conda/lib/python3.8/site-packages/airflow/example_dags/example_branch_labels.py
[2024-04-06 13:00:35,757] {logging_mixin.py:115} INFO - [2024-04-06 13:00:35,757] {dag.py:2420} INFO - Sync 1 DAGs
[2024-04-06 13:00:35,774] {logging_mixin.py:115} INFO - [2024-04-06 13:00:35,774] {dag.py:2968} INFO - Setting next_dagrun for example_branch_labels to 2024-04-05T00:00:00+00:00, run_after=2024-04-06T00:00:00+00:00
[2024-04-06 13:00:35,792] {processor.py:161} INFO - Processing /opt/conda/lib/python3.8/site-packages/airflow/example_dags/example_branch_labels.py took 0.064 seconds
[2024-04-06 13:01:28,014] {processor.py:153} INFO - Started process (PID=2893) to work on /opt/conda/lib/python3.8/site-packages/airflow/example_dags/example_branch_labels.py
[2024-04-06 13:01:28,016] {processor.py:641} INFO - Processing file /opt/conda/lib/python3.8/site-packages/airflow/example_dags/example_branch_labels.py for tasks to queue
[2024-04-06 13:01:28,016] {logging_mixin.py:115} INFO - [2024-04-06 13:01:28,016] {dagbag.py:508} INFO - Filling up the DagBag from /opt/conda/lib/python3.8/site-packages/airflow/example_dags/example_branch_labels.py
[2024-04-06 13:01:28,023] {processor.py:651} INFO - DAG(s) dict_keys(['example_branch_labels']) retrieved from /opt/conda/lib/python3.8/site-packages/airflow/example_dags/example_branch_labels.py
[2024-04-06 13:01:28,039] {logging_mixin.py:115} INFO - [2024-04-06 13:01:28,039] {dag.py:2420} INFO - Sync 1 DAGs
[2024-04-06 13:01:28,055] {logging_mixin.py:115} INFO - [2024-04-06 13:01:28,055] {dag.py:2968} INFO - Setting next_dagrun for example_branch_labels to 2024-04-05T00:00:00+00:00, run_after=2024-04-06T00:00:00+00:00
[2024-04-06 13:01:28,073] {processor.py:161} INFO - Processing /opt/conda/lib/python3.8/site-packages/airflow/example_dags/example_branch_labels.py took 0.062 seconds
[2024-04-06 13:02:16,055] {processor.py:153} INFO - Started process (PID=2983) to work on /opt/conda/lib/python3.8/site-packages/airflow/example_dags/example_branch_labels.py
[2024-04-06 13:02:16,056] {processor.py:641} INFO - Processing file /opt/conda/lib/python3.8/site-packages/airflow/example_dags/example_branch_labels.py for tasks to queue
[2024-04-06 13:02:16,057] {logging_mixin.py:115} INFO - [2024-04-06 13:02:16,057] {dagbag.py:508} INFO - Filling up the DagBag from /opt/conda/lib/python3.8/site-packages/airflow/example_dags/example_branch_labels.py
[2024-04-06 13:02:16,064] {processor.py:651} INFO - DAG(s) dict_keys(['example_branch_labels']) retrieved from /opt/conda/lib/python3.8/site-packages/airflow/example_dags/example_branch_labels.py
[2024-04-06 13:02:16,082] {logging_mixin.py:115} INFO - [2024-04-06 13:02:16,082] {dag.py:2420} INFO - Sync 1 DAGs
[2024-04-06 13:02:16,098] {logging_mixin.py:115} INFO - [2024-04-06 13:02:16,098] {dag.py:2968} INFO - Setting next_dagrun for example_branch_labels to 2024-04-05T00:00:00+00:00, run_after=2024-04-06T00:00:00+00:00
[2024-04-06 13:02:16,120] {processor.py:161} INFO - Processing /opt/conda/lib/python3.8/site-packages/airflow/example_dags/example_branch_labels.py took 0.069 seconds
[2024-04-06 13:03:09,075] {processor.py:153} INFO - Started process (PID=3078) to work on /opt/conda/lib/python3.8/site-packages/airflow/example_dags/example_branch_labels.py
[2024-04-06 13:03:09,077] {processor.py:641} INFO - Processing file /opt/conda/lib/python3.8/site-packages/airflow/example_dags/example_branch_labels.py for tasks to queue
[2024-04-06 13:03:09,077] {logging_mixin.py:115} INFO - [2024-04-06 13:03:09,077] {dagbag.py:508} INFO - Filling up the DagBag from /opt/conda/lib/python3.8/site-packages/airflow/example_dags/example_branch_labels.py
[2024-04-06 13:03:09,084] {processor.py:651} INFO - DAG(s) dict_keys(['example_branch_labels']) retrieved from /opt/conda/lib/python3.8/site-packages/airflow/example_dags/example_branch_labels.py
[2024-04-06 13:03:09,103] {logging_mixin.py:115} INFO - [2024-04-06 13:03:09,103] {dag.py:2420} INFO - Sync 1 DAGs
[2024-04-06 13:03:09,124] {logging_mixin.py:115} INFO - [2024-04-06 13:03:09,123] {dag.py:2968} INFO - Setting next_dagrun for example_branch_labels to 2024-04-05T00:00:00+00:00, run_after=2024-04-06T00:00:00+00:00
[2024-04-06 13:03:09,146] {processor.py:161} INFO - Processing /opt/conda/lib/python3.8/site-packages/airflow/example_dags/example_branch_labels.py took 0.075 seconds
[2024-04-06 13:03:58,611] {processor.py:153} INFO - Started process (PID=3157) to work on /opt/conda/lib/python3.8/site-packages/airflow/example_dags/example_branch_labels.py
[2024-04-06 13:03:58,613] {processor.py:641} INFO - Processing file /opt/conda/lib/python3.8/site-packages/airflow/example_dags/example_branch_labels.py for tasks to queue
[2024-04-06 13:03:58,614] {logging_mixin.py:115} INFO - [2024-04-06 13:03:58,614] {dagbag.py:508} INFO - Filling up the DagBag from /opt/conda/lib/python3.8/site-packages/airflow/example_dags/example_branch_labels.py
[2024-04-06 13:03:58,620] {processor.py:651} INFO - DAG(s) dict_keys(['example_branch_labels']) retrieved from /opt/conda/lib/python3.8/site-packages/airflow/example_dags/example_branch_labels.py
[2024-04-06 13:03:58,636] {logging_mixin.py:115} INFO - [2024-04-06 13:03:58,636] {dag.py:2420} INFO - Sync 1 DAGs
[2024-04-06 13:03:58,652] {logging_mixin.py:115} INFO - [2024-04-06 13:03:58,652] {dag.py:2968} INFO - Setting next_dagrun for example_branch_labels to 2024-04-05T00:00:00+00:00, run_after=2024-04-06T00:00:00+00:00
[2024-04-06 13:03:58,670] {processor.py:161} INFO - Processing /opt/conda/lib/python3.8/site-packages/airflow/example_dags/example_branch_labels.py took 0.062 seconds
[2024-04-06 13:04:42,768] {processor.py:153} INFO - Started process (PID=3228) to work on /opt/conda/lib/python3.8/site-packages/airflow/example_dags/example_branch_labels.py
[2024-04-06 13:04:42,770] {processor.py:641} INFO - Processing file /opt/conda/lib/python3.8/site-packages/airflow/example_dags/example_branch_labels.py for tasks to queue
[2024-04-06 13:04:42,771] {logging_mixin.py:115} INFO - [2024-04-06 13:04:42,771] {dagbag.py:508} INFO - Filling up the DagBag from /opt/conda/lib/python3.8/site-packages/airflow/example_dags/example_branch_labels.py
[2024-04-06 13:04:42,778] {processor.py:651} INFO - DAG(s) dict_keys(['example_branch_labels']) retrieved from /opt/conda/lib/python3.8/site-packages/airflow/example_dags/example_branch_labels.py
[2024-04-06 13:04:42,797] {logging_mixin.py:115} INFO - [2024-04-06 13:04:42,797] {dag.py:2420} INFO - Sync 1 DAGs
[2024-04-06 13:04:42,818] {logging_mixin.py:115} INFO - [2024-04-06 13:04:42,818] {dag.py:2968} INFO - Setting next_dagrun for example_branch_labels to 2024-04-05T00:00:00+00:00, run_after=2024-04-06T00:00:00+00:00
[2024-04-06 13:04:42,850] {processor.py:161} INFO - Processing /opt/conda/lib/python3.8/site-packages/airflow/example_dags/example_branch_labels.py took 0.086 seconds
[2024-04-06 13:05:38,004] {processor.py:153} INFO - Started process (PID=3327) to work on /opt/conda/lib/python3.8/site-packages/airflow/example_dags/example_branch_labels.py
[2024-04-06 13:05:38,005] {processor.py:641} INFO - Processing file /opt/conda/lib/python3.8/site-packages/airflow/example_dags/example_branch_labels.py for tasks to queue
[2024-04-06 13:05:38,006] {logging_mixin.py:115} INFO - [2024-04-06 13:05:38,006] {dagbag.py:508} INFO - Filling up the DagBag from /opt/conda/lib/python3.8/site-packages/airflow/example_dags/example_branch_labels.py
[2024-04-06 13:05:38,013] {processor.py:651} INFO - DAG(s) dict_keys(['example_branch_labels']) retrieved from /opt/conda/lib/python3.8/site-packages/airflow/example_dags/example_branch_labels.py
[2024-04-06 13:05:38,031] {logging_mixin.py:115} INFO - [2024-04-06 13:05:38,031] {dag.py:2420} INFO - Sync 1 DAGs
[2024-04-06 13:05:38,052] {logging_mixin.py:115} INFO - [2024-04-06 13:05:38,052] {dag.py:2968} INFO - Setting next_dagrun for example_branch_labels to 2024-04-05T00:00:00+00:00, run_after=2024-04-06T00:00:00+00:00
[2024-04-06 13:05:38,074] {processor.py:161} INFO - Processing /opt/conda/lib/python3.8/site-packages/airflow/example_dags/example_branch_labels.py took 0.074 seconds
[2024-04-06 13:06:20,284] {processor.py:153} INFO - Started process (PID=3398) to work on /opt/conda/lib/python3.8/site-packages/airflow/example_dags/example_branch_labels.py
[2024-04-06 13:06:20,286] {processor.py:641} INFO - Processing file /opt/conda/lib/python3.8/site-packages/airflow/example_dags/example_branch_labels.py for tasks to queue
[2024-04-06 13:06:20,286] {logging_mixin.py:115} INFO - [2024-04-06 13:06:20,286] {dagbag.py:508} INFO - Filling up the DagBag from /opt/conda/lib/python3.8/site-packages/airflow/example_dags/example_branch_labels.py
[2024-04-06 13:06:20,293] {processor.py:651} INFO - DAG(s) dict_keys(['example_branch_labels']) retrieved from /opt/conda/lib/python3.8/site-packages/airflow/example_dags/example_branch_labels.py
[2024-04-06 13:06:20,310] {logging_mixin.py:115} INFO - [2024-04-06 13:06:20,310] {dag.py:2420} INFO - Sync 1 DAGs
[2024-04-06 13:06:20,326] {logging_mixin.py:115} INFO - [2024-04-06 13:06:20,326] {dag.py:2968} INFO - Setting next_dagrun for example_branch_labels to 2024-04-05T00:00:00+00:00, run_after=2024-04-06T00:00:00+00:00
[2024-04-06 13:06:20,424] {processor.py:161} INFO - Processing /opt/conda/lib/python3.8/site-packages/airflow/example_dags/example_branch_labels.py took 0.143 seconds
[2024-04-06 13:07:03,102] {processor.py:153} INFO - Started process (PID=3469) to work on /opt/conda/lib/python3.8/site-packages/airflow/example_dags/example_branch_labels.py
[2024-04-06 13:07:03,103] {processor.py:641} INFO - Processing file /opt/conda/lib/python3.8/site-packages/airflow/example_dags/example_branch_labels.py for tasks to queue
[2024-04-06 13:07:03,104] {logging_mixin.py:115} INFO - [2024-04-06 13:07:03,104] {dagbag.py:508} INFO - Filling up the DagBag from /opt/conda/lib/python3.8/site-packages/airflow/example_dags/example_branch_labels.py
[2024-04-06 13:07:03,111] {processor.py:651} INFO - DAG(s) dict_keys(['example_branch_labels']) retrieved from /opt/conda/lib/python3.8/site-packages/airflow/example_dags/example_branch_labels.py
[2024-04-06 13:07:03,127] {logging_mixin.py:115} INFO - [2024-04-06 13:07:03,127] {dag.py:2420} INFO - Sync 1 DAGs
[2024-04-06 13:07:03,143] {logging_mixin.py:115} INFO - [2024-04-06 13:07:03,143] {dag.py:2968} INFO - Setting next_dagrun for example_branch_labels to 2024-04-05T00:00:00+00:00, run_after=2024-04-06T00:00:00+00:00
[2024-04-06 13:07:03,162] {processor.py:161} INFO - Processing /opt/conda/lib/python3.8/site-packages/airflow/example_dags/example_branch_labels.py took 0.064 seconds
[2024-04-06 13:07:54,790] {processor.py:153} INFO - Started process (PID=3584) to work on /opt/conda/lib/python3.8/site-packages/airflow/example_dags/example_branch_labels.py
[2024-04-06 13:07:54,791] {processor.py:641} INFO - Processing file /opt/conda/lib/python3.8/site-packages/airflow/example_dags/example_branch_labels.py for tasks to queue
[2024-04-06 13:07:54,792] {logging_mixin.py:115} INFO - [2024-04-06 13:07:54,792] {dagbag.py:508} INFO - Filling up the DagBag from /opt/conda/lib/python3.8/site-packages/airflow/example_dags/example_branch_labels.py
[2024-04-06 13:07:54,799] {processor.py:651} INFO - DAG(s) dict_keys(['example_branch_labels']) retrieved from /opt/conda/lib/python3.8/site-packages/airflow/example_dags/example_branch_labels.py
[2024-04-06 13:07:54,817] {logging_mixin.py:115} INFO - [2024-04-06 13:07:54,817] {dag.py:2420} INFO - Sync 1 DAGs
[2024-04-06 13:07:54,836] {logging_mixin.py:115} INFO - [2024-04-06 13:07:54,836] {dag.py:2968} INFO - Setting next_dagrun for example_branch_labels to 2024-04-05T00:00:00+00:00, run_after=2024-04-06T00:00:00+00:00
[2024-04-06 13:07:54,855] {processor.py:161} INFO - Processing /opt/conda/lib/python3.8/site-packages/airflow/example_dags/example_branch_labels.py took 0.068 seconds
[2024-04-06 13:08:48,696] {processor.py:153} INFO - Started process (PID=3679) to work on /opt/conda/lib/python3.8/site-packages/airflow/example_dags/example_branch_labels.py
[2024-04-06 13:08:48,697] {processor.py:641} INFO - Processing file /opt/conda/lib/python3.8/site-packages/airflow/example_dags/example_branch_labels.py for tasks to queue
[2024-04-06 13:08:48,698] {logging_mixin.py:115} INFO - [2024-04-06 13:08:48,698] {dagbag.py:508} INFO - Filling up the DagBag from /opt/conda/lib/python3.8/site-packages/airflow/example_dags/example_branch_labels.py
[2024-04-06 13:08:48,705] {processor.py:651} INFO - DAG(s) dict_keys(['example_branch_labels']) retrieved from /opt/conda/lib/python3.8/site-packages/airflow/example_dags/example_branch_labels.py
[2024-04-06 13:08:48,723] {logging_mixin.py:115} INFO - [2024-04-06 13:08:48,723] {dag.py:2420} INFO - Sync 1 DAGs
[2024-04-06 13:08:48,744] {logging_mixin.py:115} INFO - [2024-04-06 13:08:48,743] {dag.py:2968} INFO - Setting next_dagrun for example_branch_labels to 2024-04-05T00:00:00+00:00, run_after=2024-04-06T00:00:00+00:00
[2024-04-06 13:08:48,764] {processor.py:161} INFO - Processing /opt/conda/lib/python3.8/site-packages/airflow/example_dags/example_branch_labels.py took 0.072 seconds
[2024-04-06 13:09:40,619] {processor.py:153} INFO - Started process (PID=3772) to work on /opt/conda/lib/python3.8/site-packages/airflow/example_dags/example_branch_labels.py
[2024-04-06 13:09:40,621] {processor.py:641} INFO - Processing file /opt/conda/lib/python3.8/site-packages/airflow/example_dags/example_branch_labels.py for tasks to queue
[2024-04-06 13:09:40,621] {logging_mixin.py:115} INFO - [2024-04-06 13:09:40,621] {dagbag.py:508} INFO - Filling up the DagBag from /opt/conda/lib/python3.8/site-packages/airflow/example_dags/example_branch_labels.py
[2024-04-06 13:09:40,628] {processor.py:651} INFO - DAG(s) dict_keys(['example_branch_labels']) retrieved from /opt/conda/lib/python3.8/site-packages/airflow/example_dags/example_branch_labels.py
[2024-04-06 13:09:40,644] {logging_mixin.py:115} INFO - [2024-04-06 13:09:40,644] {dag.py:2420} INFO - Sync 1 DAGs
[2024-04-06 13:09:40,659] {logging_mixin.py:115} INFO - [2024-04-06 13:09:40,659] {dag.py:2968} INFO - Setting next_dagrun for example_branch_labels to 2024-04-05T00:00:00+00:00, run_after=2024-04-06T00:00:00+00:00
[2024-04-06 13:09:40,679] {processor.py:161} INFO - Processing /opt/conda/lib/python3.8/site-packages/airflow/example_dags/example_branch_labels.py took 0.063 seconds
[2024-04-06 13:10:22,747] {processor.py:153} INFO - Started process (PID=3843) to work on /opt/conda/lib/python3.8/site-packages/airflow/example_dags/example_branch_labels.py
[2024-04-06 13:10:22,748] {processor.py:641} INFO - Processing file /opt/conda/lib/python3.8/site-packages/airflow/example_dags/example_branch_labels.py for tasks to queue
[2024-04-06 13:10:22,749] {logging_mixin.py:115} INFO - [2024-04-06 13:10:22,749] {dagbag.py:508} INFO - Filling up the DagBag from /opt/conda/lib/python3.8/site-packages/airflow/example_dags/example_branch_labels.py
[2024-04-06 13:10:22,756] {processor.py:651} INFO - DAG(s) dict_keys(['example_branch_labels']) retrieved from /opt/conda/lib/python3.8/site-packages/airflow/example_dags/example_branch_labels.py
[2024-04-06 13:10:22,774] {logging_mixin.py:115} INFO - [2024-04-06 13:10:22,774] {dag.py:2420} INFO - Sync 1 DAGs
[2024-04-06 13:10:22,790] {logging_mixin.py:115} INFO - [2024-04-06 13:10:22,790] {dag.py:2968} INFO - Setting next_dagrun for example_branch_labels to 2024-04-05T00:00:00+00:00, run_after=2024-04-06T00:00:00+00:00
[2024-04-06 13:10:22,815] {processor.py:161} INFO - Processing /opt/conda/lib/python3.8/site-packages/airflow/example_dags/example_branch_labels.py took 0.072 seconds
[2024-04-06 13:11:17,655] {processor.py:153} INFO - Started process (PID=3939) to work on /opt/conda/lib/python3.8/site-packages/airflow/example_dags/example_branch_labels.py
[2024-04-06 13:11:17,657] {processor.py:641} INFO - Processing file /opt/conda/lib/python3.8/site-packages/airflow/example_dags/example_branch_labels.py for tasks to queue
[2024-04-06 13:11:17,658] {logging_mixin.py:115} INFO - [2024-04-06 13:11:17,658] {dagbag.py:508} INFO - Filling up the DagBag from /opt/conda/lib/python3.8/site-packages/airflow/example_dags/example_branch_labels.py
[2024-04-06 13:11:17,664] {processor.py:651} INFO - DAG(s) dict_keys(['example_branch_labels']) retrieved from /opt/conda/lib/python3.8/site-packages/airflow/example_dags/example_branch_labels.py
[2024-04-06 13:11:17,680] {logging_mixin.py:115} INFO - [2024-04-06 13:11:17,680] {dag.py:2420} INFO - Sync 1 DAGs
[2024-04-06 13:11:17,696] {logging_mixin.py:115} INFO - [2024-04-06 13:11:17,696] {dag.py:2968} INFO - Setting next_dagrun for example_branch_labels to 2024-04-05T00:00:00+00:00, run_after=2024-04-06T00:00:00+00:00
[2024-04-06 13:11:17,722] {processor.py:161} INFO - Processing /opt/conda/lib/python3.8/site-packages/airflow/example_dags/example_branch_labels.py took 0.070 seconds
[2024-04-06 13:12:11,952] {processor.py:153} INFO - Started process (PID=4021) to work on /opt/conda/lib/python3.8/site-packages/airflow/example_dags/example_branch_labels.py
[2024-04-06 13:12:11,953] {processor.py:641} INFO - Processing file /opt/conda/lib/python3.8/site-packages/airflow/example_dags/example_branch_labels.py for tasks to queue
[2024-04-06 13:12:11,954] {logging_mixin.py:115} INFO - [2024-04-06 13:12:11,954] {dagbag.py:508} INFO - Filling up the DagBag from /opt/conda/lib/python3.8/site-packages/airflow/example_dags/example_branch_labels.py
[2024-04-06 13:12:11,961] {processor.py:651} INFO - DAG(s) dict_keys(['example_branch_labels']) retrieved from /opt/conda/lib/python3.8/site-packages/airflow/example_dags/example_branch_labels.py
[2024-04-06 13:12:11,980] {logging_mixin.py:115} INFO - [2024-04-06 13:12:11,980] {dag.py:2420} INFO - Sync 1 DAGs
[2024-04-06 13:12:11,999] {logging_mixin.py:115} INFO - [2024-04-06 13:12:11,998] {dag.py:2968} INFO - Setting next_dagrun for example_branch_labels to 2024-04-05T00:00:00+00:00, run_after=2024-04-06T00:00:00+00:00
[2024-04-06 13:12:12,019] {processor.py:161} INFO - Processing /opt/conda/lib/python3.8/site-packages/airflow/example_dags/example_branch_labels.py took 0.072 seconds
[2024-04-06 13:13:10,122] {processor.py:153} INFO - Started process (PID=4135) to work on /opt/conda/lib/python3.8/site-packages/airflow/example_dags/example_branch_labels.py
[2024-04-06 13:13:10,124] {processor.py:641} INFO - Processing file /opt/conda/lib/python3.8/site-packages/airflow/example_dags/example_branch_labels.py for tasks to queue
[2024-04-06 13:13:10,125] {logging_mixin.py:115} INFO - [2024-04-06 13:13:10,124] {dagbag.py:508} INFO - Filling up the DagBag from /opt/conda/lib/python3.8/site-packages/airflow/example_dags/example_branch_labels.py
[2024-04-06 13:13:10,132] {processor.py:651} INFO - DAG(s) dict_keys(['example_branch_labels']) retrieved from /opt/conda/lib/python3.8/site-packages/airflow/example_dags/example_branch_labels.py
[2024-04-06 13:13:10,150] {logging_mixin.py:115} INFO - [2024-04-06 13:13:10,150] {dag.py:2420} INFO - Sync 1 DAGs
[2024-04-06 13:13:10,170] {logging_mixin.py:115} INFO - [2024-04-06 13:13:10,170] {dag.py:2968} INFO - Setting next_dagrun for example_branch_labels to 2024-04-05T00:00:00+00:00, run_after=2024-04-06T00:00:00+00:00
[2024-04-06 13:13:10,193] {processor.py:161} INFO - Processing /opt/conda/lib/python3.8/site-packages/airflow/example_dags/example_branch_labels.py took 0.074 seconds
[2024-04-06 13:13:54,083] {processor.py:153} INFO - Started process (PID=4220) to work on /opt/conda/lib/python3.8/site-packages/airflow/example_dags/example_branch_labels.py
[2024-04-06 13:13:54,085] {processor.py:641} INFO - Processing file /opt/conda/lib/python3.8/site-packages/airflow/example_dags/example_branch_labels.py for tasks to queue
[2024-04-06 13:13:54,085] {logging_mixin.py:115} INFO - [2024-04-06 13:13:54,085] {dagbag.py:508} INFO - Filling up the DagBag from /opt/conda/lib/python3.8/site-packages/airflow/example_dags/example_branch_labels.py
[2024-04-06 13:13:54,092] {processor.py:651} INFO - DAG(s) dict_keys(['example_branch_labels']) retrieved from /opt/conda/lib/python3.8/site-packages/airflow/example_dags/example_branch_labels.py
[2024-04-06 13:13:54,110] {logging_mixin.py:115} INFO - [2024-04-06 13:13:54,110] {dag.py:2420} INFO - Sync 1 DAGs
[2024-04-06 13:13:54,128] {logging_mixin.py:115} INFO - [2024-04-06 13:13:54,127] {dag.py:2968} INFO - Setting next_dagrun for example_branch_labels to 2024-04-05T00:00:00+00:00, run_after=2024-04-06T00:00:00+00:00
[2024-04-06 13:13:54,187] {processor.py:161} INFO - Processing /opt/conda/lib/python3.8/site-packages/airflow/example_dags/example_branch_labels.py took 0.107 seconds
[2024-04-06 13:14:47,591] {processor.py:153} INFO - Started process (PID=4316) to work on /opt/conda/lib/python3.8/site-packages/airflow/example_dags/example_branch_labels.py
[2024-04-06 13:14:47,593] {processor.py:641} INFO - Processing file /opt/conda/lib/python3.8/site-packages/airflow/example_dags/example_branch_labels.py for tasks to queue
[2024-04-06 13:14:47,594] {logging_mixin.py:115} INFO - [2024-04-06 13:14:47,594] {dagbag.py:508} INFO - Filling up the DagBag from /opt/conda/lib/python3.8/site-packages/airflow/example_dags/example_branch_labels.py
[2024-04-06 13:14:47,601] {processor.py:651} INFO - DAG(s) dict_keys(['example_branch_labels']) retrieved from /opt/conda/lib/python3.8/site-packages/airflow/example_dags/example_branch_labels.py
[2024-04-06 13:14:47,619] {logging_mixin.py:115} INFO - [2024-04-06 13:14:47,619] {dag.py:2420} INFO - Sync 1 DAGs
[2024-04-06 13:14:47,640] {logging_mixin.py:115} INFO - [2024-04-06 13:14:47,640] {dag.py:2968} INFO - Setting next_dagrun for example_branch_labels to 2024-04-05T00:00:00+00:00, run_after=2024-04-06T00:00:00+00:00
[2024-04-06 13:14:47,661] {processor.py:161} INFO - Processing /opt/conda/lib/python3.8/site-packages/airflow/example_dags/example_branch_labels.py took 0.073 seconds
[2024-04-06 13:15:44,771] {processor.py:153} INFO - Started process (PID=4403) to work on /opt/conda/lib/python3.8/site-packages/airflow/example_dags/example_branch_labels.py
[2024-04-06 13:15:44,772] {processor.py:641} INFO - Processing file /opt/conda/lib/python3.8/site-packages/airflow/example_dags/example_branch_labels.py for tasks to queue
[2024-04-06 13:15:44,773] {logging_mixin.py:115} INFO - [2024-04-06 13:15:44,773] {dagbag.py:508} INFO - Filling up the DagBag from /opt/conda/lib/python3.8/site-packages/airflow/example_dags/example_branch_labels.py
[2024-04-06 13:15:44,779] {processor.py:651} INFO - DAG(s) dict_keys(['example_branch_labels']) retrieved from /opt/conda/lib/python3.8/site-packages/airflow/example_dags/example_branch_labels.py
[2024-04-06 13:15:44,796] {logging_mixin.py:115} INFO - [2024-04-06 13:15:44,796] {dag.py:2420} INFO - Sync 1 DAGs
[2024-04-06 13:15:44,812] {logging_mixin.py:115} INFO - [2024-04-06 13:15:44,812] {dag.py:2968} INFO - Setting next_dagrun for example_branch_labels to 2024-04-05T00:00:00+00:00, run_after=2024-04-06T00:00:00+00:00
[2024-04-06 13:15:44,832] {processor.py:161} INFO - Processing /opt/conda/lib/python3.8/site-packages/airflow/example_dags/example_branch_labels.py took 0.065 seconds
[2024-04-06 13:16:27,791] {processor.py:153} INFO - Started process (PID=4474) to work on /opt/conda/lib/python3.8/site-packages/airflow/example_dags/example_branch_labels.py
[2024-04-06 13:16:27,793] {processor.py:641} INFO - Processing file /opt/conda/lib/python3.8/site-packages/airflow/example_dags/example_branch_labels.py for tasks to queue
[2024-04-06 13:16:27,794] {logging_mixin.py:115} INFO - [2024-04-06 13:16:27,794] {dagbag.py:508} INFO - Filling up the DagBag from /opt/conda/lib/python3.8/site-packages/airflow/example_dags/example_branch_labels.py
[2024-04-06 13:16:27,801] {processor.py:651} INFO - DAG(s) dict_keys(['example_branch_labels']) retrieved from /opt/conda/lib/python3.8/site-packages/airflow/example_dags/example_branch_labels.py
[2024-04-06 13:16:27,819] {logging_mixin.py:115} INFO - [2024-04-06 13:16:27,819] {dag.py:2420} INFO - Sync 1 DAGs
[2024-04-06 13:16:27,840] {logging_mixin.py:115} INFO - [2024-04-06 13:16:27,840] {dag.py:2968} INFO - Setting next_dagrun for example_branch_labels to 2024-04-05T00:00:00+00:00, run_after=2024-04-06T00:00:00+00:00
[2024-04-06 13:16:27,863] {processor.py:161} INFO - Processing /opt/conda/lib/python3.8/site-packages/airflow/example_dags/example_branch_labels.py took 0.076 seconds
[2024-04-06 13:17:23,952] {processor.py:153} INFO - Started process (PID=4571) to work on /opt/conda/lib/python3.8/site-packages/airflow/example_dags/example_branch_labels.py
[2024-04-06 13:17:23,953] {processor.py:641} INFO - Processing file /opt/conda/lib/python3.8/site-packages/airflow/example_dags/example_branch_labels.py for tasks to queue
[2024-04-06 13:17:23,954] {logging_mixin.py:115} INFO - [2024-04-06 13:17:23,954] {dagbag.py:508} INFO - Filling up the DagBag from /opt/conda/lib/python3.8/site-packages/airflow/example_dags/example_branch_labels.py
[2024-04-06 13:17:23,961] {processor.py:651} INFO - DAG(s) dict_keys(['example_branch_labels']) retrieved from /opt/conda/lib/python3.8/site-packages/airflow/example_dags/example_branch_labels.py
[2024-04-06 13:17:23,979] {logging_mixin.py:115} INFO - [2024-04-06 13:17:23,979] {dag.py:2420} INFO - Sync 1 DAGs
[2024-04-06 13:17:23,999] {logging_mixin.py:115} INFO - [2024-04-06 13:17:23,998] {dag.py:2968} INFO - Setting next_dagrun for example_branch_labels to 2024-04-05T00:00:00+00:00, run_after=2024-04-06T00:00:00+00:00
[2024-04-06 13:17:24,021] {processor.py:161} INFO - Processing /opt/conda/lib/python3.8/site-packages/airflow/example_dags/example_branch_labels.py took 0.073 seconds
[2024-04-06 13:18:20,308] {processor.py:153} INFO - Started process (PID=4668) to work on /opt/conda/lib/python3.8/site-packages/airflow/example_dags/example_branch_labels.py
[2024-04-06 13:18:20,310] {processor.py:641} INFO - Processing file /opt/conda/lib/python3.8/site-packages/airflow/example_dags/example_branch_labels.py for tasks to queue
[2024-04-06 13:18:20,311] {logging_mixin.py:115} INFO - [2024-04-06 13:18:20,310] {dagbag.py:508} INFO - Filling up the DagBag from /opt/conda/lib/python3.8/site-packages/airflow/example_dags/example_branch_labels.py
[2024-04-06 13:18:20,318] {processor.py:651} INFO - DAG(s) dict_keys(['example_branch_labels']) retrieved from /opt/conda/lib/python3.8/site-packages/airflow/example_dags/example_branch_labels.py
[2024-04-06 13:18:20,337] {logging_mixin.py:115} INFO - [2024-04-06 13:18:20,337] {dag.py:2420} INFO - Sync 1 DAGs
[2024-04-06 13:18:20,359] {logging_mixin.py:115} INFO - [2024-04-06 13:18:20,358] {dag.py:2968} INFO - Setting next_dagrun for example_branch_labels to 2024-04-05T00:00:00+00:00, run_after=2024-04-06T00:00:00+00:00
[2024-04-06 13:18:20,849] {processor.py:161} INFO - Processing /opt/conda/lib/python3.8/site-packages/airflow/example_dags/example_branch_labels.py took 0.544 seconds
[2024-04-06 13:19:18,616] {processor.py:153} INFO - Started process (PID=4828) to work on /opt/conda/lib/python3.8/site-packages/airflow/example_dags/example_branch_labels.py
[2024-04-06 13:19:18,617] {processor.py:641} INFO - Processing file /opt/conda/lib/python3.8/site-packages/airflow/example_dags/example_branch_labels.py for tasks to queue
[2024-04-06 13:19:18,618] {logging_mixin.py:115} INFO - [2024-04-06 13:19:18,618] {dagbag.py:508} INFO - Filling up the DagBag from /opt/conda/lib/python3.8/site-packages/airflow/example_dags/example_branch_labels.py
[2024-04-06 13:19:18,625] {processor.py:651} INFO - DAG(s) dict_keys(['example_branch_labels']) retrieved from /opt/conda/lib/python3.8/site-packages/airflow/example_dags/example_branch_labels.py
[2024-04-06 13:19:18,643] {logging_mixin.py:115} INFO - [2024-04-06 13:19:18,643] {dag.py:2420} INFO - Sync 1 DAGs
[2024-04-06 13:19:18,662] {logging_mixin.py:115} INFO - [2024-04-06 13:19:18,662] {dag.py:2968} INFO - Setting next_dagrun for example_branch_labels to 2024-04-05T00:00:00+00:00, run_after=2024-04-06T00:00:00+00:00
[2024-04-06 13:19:18,682] {processor.py:161} INFO - Processing /opt/conda/lib/python3.8/site-packages/airflow/example_dags/example_branch_labels.py took 0.070 seconds
[2024-04-06 13:20:03,763] {processor.py:153} INFO - Started process (PID=4898) to work on /opt/conda/lib/python3.8/site-packages/airflow/example_dags/example_branch_labels.py
[2024-04-06 13:20:03,764] {processor.py:641} INFO - Processing file /opt/conda/lib/python3.8/site-packages/airflow/example_dags/example_branch_labels.py for tasks to queue
[2024-04-06 13:20:03,765] {logging_mixin.py:115} INFO - [2024-04-06 13:20:03,765] {dagbag.py:508} INFO - Filling up the DagBag from /opt/conda/lib/python3.8/site-packages/airflow/example_dags/example_branch_labels.py
[2024-04-06 13:20:03,772] {processor.py:651} INFO - DAG(s) dict_keys(['example_branch_labels']) retrieved from /opt/conda/lib/python3.8/site-packages/airflow/example_dags/example_branch_labels.py
[2024-04-06 13:20:03,790] {logging_mixin.py:115} INFO - [2024-04-06 13:20:03,790] {dag.py:2420} INFO - Sync 1 DAGs
[2024-04-06 13:20:03,810] {logging_mixin.py:115} INFO - [2024-04-06 13:20:03,810] {dag.py:2968} INFO - Setting next_dagrun for example_branch_labels to 2024-04-05T00:00:00+00:00, run_after=2024-04-06T00:00:00+00:00
[2024-04-06 13:20:03,833] {processor.py:161} INFO - Processing /opt/conda/lib/python3.8/site-packages/airflow/example_dags/example_branch_labels.py took 0.074 seconds
[2024-04-06 13:20:52,228] {processor.py:153} INFO - Started process (PID=4984) to work on /opt/conda/lib/python3.8/site-packages/airflow/example_dags/example_branch_labels.py
[2024-04-06 13:20:52,230] {processor.py:641} INFO - Processing file /opt/conda/lib/python3.8/site-packages/airflow/example_dags/example_branch_labels.py for tasks to queue
[2024-04-06 13:20:52,231] {logging_mixin.py:115} INFO - [2024-04-06 13:20:52,231] {dagbag.py:508} INFO - Filling up the DagBag from /opt/conda/lib/python3.8/site-packages/airflow/example_dags/example_branch_labels.py
[2024-04-06 13:20:52,238] {processor.py:651} INFO - DAG(s) dict_keys(['example_branch_labels']) retrieved from /opt/conda/lib/python3.8/site-packages/airflow/example_dags/example_branch_labels.py
[2024-04-06 13:20:52,259] {logging_mixin.py:115} INFO - [2024-04-06 13:20:52,258] {dag.py:2420} INFO - Sync 1 DAGs
[2024-04-06 13:20:52,280] {logging_mixin.py:115} INFO - [2024-04-06 13:20:52,280] {dag.py:2968} INFO - Setting next_dagrun for example_branch_labels to 2024-04-05T00:00:00+00:00, run_after=2024-04-06T00:00:00+00:00
[2024-04-06 13:20:52,302] {processor.py:161} INFO - Processing /opt/conda/lib/python3.8/site-packages/airflow/example_dags/example_branch_labels.py took 0.078 seconds
[2024-04-06 13:21:37,903] {processor.py:153} INFO - Started process (PID=5055) to work on /opt/conda/lib/python3.8/site-packages/airflow/example_dags/example_branch_labels.py
[2024-04-06 13:21:37,905] {processor.py:641} INFO - Processing file /opt/conda/lib/python3.8/site-packages/airflow/example_dags/example_branch_labels.py for tasks to queue
[2024-04-06 13:21:37,905] {logging_mixin.py:115} INFO - [2024-04-06 13:21:37,905] {dagbag.py:508} INFO - Filling up the DagBag from /opt/conda/lib/python3.8/site-packages/airflow/example_dags/example_branch_labels.py
[2024-04-06 13:21:37,912] {processor.py:651} INFO - DAG(s) dict_keys(['example_branch_labels']) retrieved from /opt/conda/lib/python3.8/site-packages/airflow/example_dags/example_branch_labels.py
[2024-04-06 13:21:37,928] {logging_mixin.py:115} INFO - [2024-04-06 13:21:37,928] {dag.py:2420} INFO - Sync 1 DAGs
[2024-04-06 13:21:37,944] {logging_mixin.py:115} INFO - [2024-04-06 13:21:37,944] {dag.py:2968} INFO - Setting next_dagrun for example_branch_labels to 2024-04-05T00:00:00+00:00, run_after=2024-04-06T00:00:00+00:00
[2024-04-06 13:21:37,962] {processor.py:161} INFO - Processing /opt/conda/lib/python3.8/site-packages/airflow/example_dags/example_branch_labels.py took 0.062 seconds
[2024-04-06 13:22:23,299] {processor.py:153} INFO - Started process (PID=5156) to work on /opt/conda/lib/python3.8/site-packages/airflow/example_dags/example_branch_labels.py
[2024-04-06 13:22:23,300] {processor.py:641} INFO - Processing file /opt/conda/lib/python3.8/site-packages/airflow/example_dags/example_branch_labels.py for tasks to queue
[2024-04-06 13:22:23,301] {logging_mixin.py:115} INFO - [2024-04-06 13:22:23,301] {dagbag.py:508} INFO - Filling up the DagBag from /opt/conda/lib/python3.8/site-packages/airflow/example_dags/example_branch_labels.py
[2024-04-06 13:22:23,307] {processor.py:651} INFO - DAG(s) dict_keys(['example_branch_labels']) retrieved from /opt/conda/lib/python3.8/site-packages/airflow/example_dags/example_branch_labels.py
[2024-04-06 13:22:23,324] {logging_mixin.py:115} INFO - [2024-04-06 13:22:23,324] {dag.py:2420} INFO - Sync 1 DAGs
[2024-04-06 13:22:23,339] {logging_mixin.py:115} INFO - [2024-04-06 13:22:23,339] {dag.py:2968} INFO - Setting next_dagrun for example_branch_labels to 2024-04-05T00:00:00+00:00, run_after=2024-04-06T00:00:00+00:00
[2024-04-06 13:22:23,358] {processor.py:161} INFO - Processing /opt/conda/lib/python3.8/site-packages/airflow/example_dags/example_branch_labels.py took 0.062 seconds
[2024-04-06 13:23:07,919] {processor.py:153} INFO - Started process (PID=5233) to work on /opt/conda/lib/python3.8/site-packages/airflow/example_dags/example_branch_labels.py
[2024-04-06 13:23:07,921] {processor.py:641} INFO - Processing file /opt/conda/lib/python3.8/site-packages/airflow/example_dags/example_branch_labels.py for tasks to queue
[2024-04-06 13:23:07,921] {logging_mixin.py:115} INFO - [2024-04-06 13:23:07,921] {dagbag.py:508} INFO - Filling up the DagBag from /opt/conda/lib/python3.8/site-packages/airflow/example_dags/example_branch_labels.py
[2024-04-06 13:23:07,928] {processor.py:651} INFO - DAG(s) dict_keys(['example_branch_labels']) retrieved from /opt/conda/lib/python3.8/site-packages/airflow/example_dags/example_branch_labels.py
[2024-04-06 13:23:07,946] {logging_mixin.py:115} INFO - [2024-04-06 13:23:07,946] {dag.py:2420} INFO - Sync 1 DAGs
[2024-04-06 13:23:07,965] {logging_mixin.py:115} INFO - [2024-04-06 13:23:07,965] {dag.py:2968} INFO - Setting next_dagrun for example_branch_labels to 2024-04-05T00:00:00+00:00, run_after=2024-04-06T00:00:00+00:00
[2024-04-06 13:23:07,985] {processor.py:161} INFO - Processing /opt/conda/lib/python3.8/site-packages/airflow/example_dags/example_branch_labels.py took 0.070 seconds
[2024-04-06 13:23:52,555] {processor.py:153} INFO - Started process (PID=5313) to work on /opt/conda/lib/python3.8/site-packages/airflow/example_dags/example_branch_labels.py
[2024-04-06 13:23:52,557] {processor.py:641} INFO - Processing file /opt/conda/lib/python3.8/site-packages/airflow/example_dags/example_branch_labels.py for tasks to queue
[2024-04-06 13:23:52,557] {logging_mixin.py:115} INFO - [2024-04-06 13:23:52,557] {dagbag.py:508} INFO - Filling up the DagBag from /opt/conda/lib/python3.8/site-packages/airflow/example_dags/example_branch_labels.py
[2024-04-06 13:23:52,564] {processor.py:651} INFO - DAG(s) dict_keys(['example_branch_labels']) retrieved from /opt/conda/lib/python3.8/site-packages/airflow/example_dags/example_branch_labels.py
[2024-04-06 13:23:52,583] {logging_mixin.py:115} INFO - [2024-04-06 13:23:52,582] {dag.py:2420} INFO - Sync 1 DAGs
[2024-04-06 13:23:52,603] {logging_mixin.py:115} INFO - [2024-04-06 13:23:52,603] {dag.py:2968} INFO - Setting next_dagrun for example_branch_labels to 2024-04-05T00:00:00+00:00, run_after=2024-04-06T00:00:00+00:00
[2024-04-06 13:23:52,641] {processor.py:161} INFO - Processing /opt/conda/lib/python3.8/site-packages/airflow/example_dags/example_branch_labels.py took 0.090 seconds
[2024-04-06 13:24:44,489] {processor.py:153} INFO - Started process (PID=5415) to work on /opt/conda/lib/python3.8/site-packages/airflow/example_dags/example_branch_labels.py
[2024-04-06 13:24:44,491] {processor.py:641} INFO - Processing file /opt/conda/lib/python3.8/site-packages/airflow/example_dags/example_branch_labels.py for tasks to queue
[2024-04-06 13:24:44,492] {logging_mixin.py:115} INFO - [2024-04-06 13:24:44,492] {dagbag.py:508} INFO - Filling up the DagBag from /opt/conda/lib/python3.8/site-packages/airflow/example_dags/example_branch_labels.py
[2024-04-06 13:24:44,500] {processor.py:651} INFO - DAG(s) dict_keys(['example_branch_labels']) retrieved from /opt/conda/lib/python3.8/site-packages/airflow/example_dags/example_branch_labels.py
[2024-04-06 13:24:44,520] {logging_mixin.py:115} INFO - [2024-04-06 13:24:44,520] {dag.py:2420} INFO - Sync 1 DAGs
[2024-04-06 13:24:44,540] {logging_mixin.py:115} INFO - [2024-04-06 13:24:44,540] {dag.py:2968} INFO - Setting next_dagrun for example_branch_labels to 2024-04-05T00:00:00+00:00, run_after=2024-04-06T00:00:00+00:00
[2024-04-06 13:24:44,579] {processor.py:161} INFO - Processing /opt/conda/lib/python3.8/site-packages/airflow/example_dags/example_branch_labels.py took 0.094 seconds
[2024-04-06 13:25:29,197] {processor.py:153} INFO - Started process (PID=5492) to work on /opt/conda/lib/python3.8/site-packages/airflow/example_dags/example_branch_labels.py
[2024-04-06 13:25:29,199] {processor.py:641} INFO - Processing file /opt/conda/lib/python3.8/site-packages/airflow/example_dags/example_branch_labels.py for tasks to queue
[2024-04-06 13:25:29,199] {logging_mixin.py:115} INFO - [2024-04-06 13:25:29,199] {dagbag.py:508} INFO - Filling up the DagBag from /opt/conda/lib/python3.8/site-packages/airflow/example_dags/example_branch_labels.py
[2024-04-06 13:25:29,205] {processor.py:651} INFO - DAG(s) dict_keys(['example_branch_labels']) retrieved from /opt/conda/lib/python3.8/site-packages/airflow/example_dags/example_branch_labels.py
[2024-04-06 13:25:29,221] {logging_mixin.py:115} INFO - [2024-04-06 13:25:29,221] {dag.py:2420} INFO - Sync 1 DAGs
[2024-04-06 13:25:29,240] {logging_mixin.py:115} INFO - [2024-04-06 13:25:29,240] {dag.py:2968} INFO - Setting next_dagrun for example_branch_labels to 2024-04-05T00:00:00+00:00, run_after=2024-04-06T00:00:00+00:00
[2024-04-06 13:25:29,257] {processor.py:161} INFO - Processing /opt/conda/lib/python3.8/site-packages/airflow/example_dags/example_branch_labels.py took 0.063 seconds
[2024-04-06 13:26:22,758] {processor.py:153} INFO - Started process (PID=5588) to work on /opt/conda/lib/python3.8/site-packages/airflow/example_dags/example_branch_labels.py
[2024-04-06 13:26:22,760] {processor.py:641} INFO - Processing file /opt/conda/lib/python3.8/site-packages/airflow/example_dags/example_branch_labels.py for tasks to queue
[2024-04-06 13:26:22,760] {logging_mixin.py:115} INFO - [2024-04-06 13:26:22,760] {dagbag.py:508} INFO - Filling up the DagBag from /opt/conda/lib/python3.8/site-packages/airflow/example_dags/example_branch_labels.py
[2024-04-06 13:26:22,767] {processor.py:651} INFO - DAG(s) dict_keys(['example_branch_labels']) retrieved from /opt/conda/lib/python3.8/site-packages/airflow/example_dags/example_branch_labels.py
[2024-04-06 13:26:22,783] {logging_mixin.py:115} INFO - [2024-04-06 13:26:22,783] {dag.py:2420} INFO - Sync 1 DAGs
[2024-04-06 13:26:22,799] {logging_mixin.py:115} INFO - [2024-04-06 13:26:22,799] {dag.py:2968} INFO - Setting next_dagrun for example_branch_labels to 2024-04-05T00:00:00+00:00, run_after=2024-04-06T00:00:00+00:00
[2024-04-06 13:26:22,828] {processor.py:161} INFO - Processing /opt/conda/lib/python3.8/site-packages/airflow/example_dags/example_branch_labels.py took 0.073 seconds
[2024-04-06 13:27:19,527] {processor.py:153} INFO - Started process (PID=5671) to work on /opt/conda/lib/python3.8/site-packages/airflow/example_dags/example_branch_labels.py
[2024-04-06 13:27:19,529] {processor.py:641} INFO - Processing file /opt/conda/lib/python3.8/site-packages/airflow/example_dags/example_branch_labels.py for tasks to queue
[2024-04-06 13:27:19,529] {logging_mixin.py:115} INFO - [2024-04-06 13:27:19,529] {dagbag.py:508} INFO - Filling up the DagBag from /opt/conda/lib/python3.8/site-packages/airflow/example_dags/example_branch_labels.py
[2024-04-06 13:27:19,536] {processor.py:651} INFO - DAG(s) dict_keys(['example_branch_labels']) retrieved from /opt/conda/lib/python3.8/site-packages/airflow/example_dags/example_branch_labels.py
[2024-04-06 13:27:19,554] {logging_mixin.py:115} INFO - [2024-04-06 13:27:19,554] {dag.py:2420} INFO - Sync 1 DAGs
[2024-04-06 13:27:19,575] {logging_mixin.py:115} INFO - [2024-04-06 13:27:19,575] {dag.py:2968} INFO - Setting next_dagrun for example_branch_labels to 2024-04-05T00:00:00+00:00, run_after=2024-04-06T00:00:00+00:00
[2024-04-06 13:27:19,597] {processor.py:161} INFO - Processing /opt/conda/lib/python3.8/site-packages/airflow/example_dags/example_branch_labels.py took 0.073 seconds
[2024-04-06 13:28:08,291] {processor.py:153} INFO - Started process (PID=5756) to work on /opt/conda/lib/python3.8/site-packages/airflow/example_dags/example_branch_labels.py
[2024-04-06 13:28:08,292] {processor.py:641} INFO - Processing file /opt/conda/lib/python3.8/site-packages/airflow/example_dags/example_branch_labels.py for tasks to queue
[2024-04-06 13:28:08,293] {logging_mixin.py:115} INFO - [2024-04-06 13:28:08,293] {dagbag.py:508} INFO - Filling up the DagBag from /opt/conda/lib/python3.8/site-packages/airflow/example_dags/example_branch_labels.py
[2024-04-06 13:28:08,300] {processor.py:651} INFO - DAG(s) dict_keys(['example_branch_labels']) retrieved from /opt/conda/lib/python3.8/site-packages/airflow/example_dags/example_branch_labels.py
[2024-04-06 13:28:08,318] {logging_mixin.py:115} INFO - [2024-04-06 13:28:08,318] {dag.py:2420} INFO - Sync 1 DAGs
[2024-04-06 13:28:08,334] {logging_mixin.py:115} INFO - [2024-04-06 13:28:08,334] {dag.py:2968} INFO - Setting next_dagrun for example_branch_labels to 2024-04-05T00:00:00+00:00, run_after=2024-04-06T00:00:00+00:00
[2024-04-06 13:28:08,354] {processor.py:161} INFO - Processing /opt/conda/lib/python3.8/site-packages/airflow/example_dags/example_branch_labels.py took 0.067 seconds
[2024-04-06 13:28:59,116] {processor.py:153} INFO - Started process (PID=5845) to work on /opt/conda/lib/python3.8/site-packages/airflow/example_dags/example_branch_labels.py
[2024-04-06 13:28:59,117] {processor.py:641} INFO - Processing file /opt/conda/lib/python3.8/site-packages/airflow/example_dags/example_branch_labels.py for tasks to queue
[2024-04-06 13:28:59,117] {logging_mixin.py:115} INFO - [2024-04-06 13:28:59,117] {dagbag.py:508} INFO - Filling up the DagBag from /opt/conda/lib/python3.8/site-packages/airflow/example_dags/example_branch_labels.py
[2024-04-06 13:28:59,124] {processor.py:651} INFO - DAG(s) dict_keys(['example_branch_labels']) retrieved from /opt/conda/lib/python3.8/site-packages/airflow/example_dags/example_branch_labels.py
[2024-04-06 13:28:59,143] {logging_mixin.py:115} INFO - [2024-04-06 13:28:59,142] {dag.py:2420} INFO - Sync 1 DAGs
[2024-04-06 13:28:59,163] {logging_mixin.py:115} INFO - [2024-04-06 13:28:59,163] {dag.py:2968} INFO - Setting next_dagrun for example_branch_labels to 2024-04-05T00:00:00+00:00, run_after=2024-04-06T00:00:00+00:00
[2024-04-06 13:28:59,183] {processor.py:161} INFO - Processing /opt/conda/lib/python3.8/site-packages/airflow/example_dags/example_branch_labels.py took 0.072 seconds
[2024-04-06 13:29:50,771] {processor.py:153} INFO - Started process (PID=5943) to work on /opt/conda/lib/python3.8/site-packages/airflow/example_dags/example_branch_labels.py
[2024-04-06 13:29:50,772] {processor.py:641} INFO - Processing file /opt/conda/lib/python3.8/site-packages/airflow/example_dags/example_branch_labels.py for tasks to queue
[2024-04-06 13:29:50,773] {logging_mixin.py:115} INFO - [2024-04-06 13:29:50,773] {dagbag.py:508} INFO - Filling up the DagBag from /opt/conda/lib/python3.8/site-packages/airflow/example_dags/example_branch_labels.py
[2024-04-06 13:29:50,780] {processor.py:651} INFO - DAG(s) dict_keys(['example_branch_labels']) retrieved from /opt/conda/lib/python3.8/site-packages/airflow/example_dags/example_branch_labels.py
[2024-04-06 13:29:50,798] {logging_mixin.py:115} INFO - [2024-04-06 13:29:50,798] {dag.py:2420} INFO - Sync 1 DAGs
[2024-04-06 13:29:50,815] {logging_mixin.py:115} INFO - [2024-04-06 13:29:50,815] {dag.py:2968} INFO - Setting next_dagrun for example_branch_labels to 2024-04-05T00:00:00+00:00, run_after=2024-04-06T00:00:00+00:00
[2024-04-06 13:29:50,834] {processor.py:161} INFO - Processing /opt/conda/lib/python3.8/site-packages/airflow/example_dags/example_branch_labels.py took 0.067 seconds
[2024-04-06 13:30:37,792] {processor.py:153} INFO - Started process (PID=6032) to work on /opt/conda/lib/python3.8/site-packages/airflow/example_dags/example_branch_labels.py
[2024-04-06 13:30:37,793] {processor.py:641} INFO - Processing file /opt/conda/lib/python3.8/site-packages/airflow/example_dags/example_branch_labels.py for tasks to queue
[2024-04-06 13:30:37,794] {logging_mixin.py:115} INFO - [2024-04-06 13:30:37,794] {dagbag.py:508} INFO - Filling up the DagBag from /opt/conda/lib/python3.8/site-packages/airflow/example_dags/example_branch_labels.py
[2024-04-06 13:30:37,801] {processor.py:651} INFO - DAG(s) dict_keys(['example_branch_labels']) retrieved from /opt/conda/lib/python3.8/site-packages/airflow/example_dags/example_branch_labels.py
[2024-04-06 13:30:37,817] {logging_mixin.py:115} INFO - [2024-04-06 13:30:37,817] {dag.py:2420} INFO - Sync 1 DAGs
[2024-04-06 13:30:37,834] {logging_mixin.py:115} INFO - [2024-04-06 13:30:37,834] {dag.py:2968} INFO - Setting next_dagrun for example_branch_labels to 2024-04-05T00:00:00+00:00, run_after=2024-04-06T00:00:00+00:00
[2024-04-06 13:30:37,852] {processor.py:161} INFO - Processing /opt/conda/lib/python3.8/site-packages/airflow/example_dags/example_branch_labels.py took 0.064 seconds
[2024-04-06 13:31:28,606] {processor.py:153} INFO - Started process (PID=6113) to work on /opt/conda/lib/python3.8/site-packages/airflow/example_dags/example_branch_labels.py
[2024-04-06 13:31:28,608] {processor.py:641} INFO - Processing file /opt/conda/lib/python3.8/site-packages/airflow/example_dags/example_branch_labels.py for tasks to queue
[2024-04-06 13:31:28,608] {logging_mixin.py:115} INFO - [2024-04-06 13:31:28,608] {dagbag.py:508} INFO - Filling up the DagBag from /opt/conda/lib/python3.8/site-packages/airflow/example_dags/example_branch_labels.py
[2024-04-06 13:31:28,615] {processor.py:651} INFO - DAG(s) dict_keys(['example_branch_labels']) retrieved from /opt/conda/lib/python3.8/site-packages/airflow/example_dags/example_branch_labels.py
[2024-04-06 13:31:28,634] {logging_mixin.py:115} INFO - [2024-04-06 13:31:28,634] {dag.py:2420} INFO - Sync 1 DAGs
[2024-04-06 13:31:28,655] {logging_mixin.py:115} INFO - [2024-04-06 13:31:28,655] {dag.py:2968} INFO - Setting next_dagrun for example_branch_labels to 2024-04-05T00:00:00+00:00, run_after=2024-04-06T00:00:00+00:00
[2024-04-06 13:31:28,678] {processor.py:161} INFO - Processing /opt/conda/lib/python3.8/site-packages/airflow/example_dags/example_branch_labels.py took 0.075 seconds
[2024-04-06 13:34:16,658] {processor.py:153} INFO - Started process (PID=6493) to work on /opt/conda/lib/python3.8/site-packages/airflow/example_dags/example_branch_labels.py
[2024-04-06 13:34:16,660] {processor.py:641} INFO - Processing file /opt/conda/lib/python3.8/site-packages/airflow/example_dags/example_branch_labels.py for tasks to queue
[2024-04-06 13:34:16,660] {logging_mixin.py:115} INFO - [2024-04-06 13:34:16,660] {dagbag.py:508} INFO - Filling up the DagBag from /opt/conda/lib/python3.8/site-packages/airflow/example_dags/example_branch_labels.py
[2024-04-06 13:34:16,667] {processor.py:651} INFO - DAG(s) dict_keys(['example_branch_labels']) retrieved from /opt/conda/lib/python3.8/site-packages/airflow/example_dags/example_branch_labels.py
[2024-04-06 13:34:17,140] {logging_mixin.py:115} INFO - [2024-04-06 13:34:17,140] {dag.py:2420} INFO - Sync 1 DAGs
[2024-04-06 13:34:17,332] {logging_mixin.py:115} INFO - [2024-04-06 13:34:17,332] {dag.py:2968} INFO - Setting next_dagrun for example_branch_labels to 2024-04-05T00:00:00+00:00, run_after=2024-04-06T00:00:00+00:00
[2024-04-06 13:34:18,114] {processor.py:161} INFO - Processing /opt/conda/lib/python3.8/site-packages/airflow/example_dags/example_branch_labels.py took 1.460 seconds
[2024-04-06 13:36:35,758] {processor.py:153} INFO - Started process (PID=6781) to work on /opt/conda/lib/python3.8/site-packages/airflow/example_dags/example_branch_labels.py
[2024-04-06 13:36:35,760] {processor.py:641} INFO - Processing file /opt/conda/lib/python3.8/site-packages/airflow/example_dags/example_branch_labels.py for tasks to queue
[2024-04-06 13:36:35,761] {logging_mixin.py:115} INFO - [2024-04-06 13:36:35,760] {dagbag.py:508} INFO - Filling up the DagBag from /opt/conda/lib/python3.8/site-packages/airflow/example_dags/example_branch_labels.py
[2024-04-06 13:36:35,768] {processor.py:651} INFO - DAG(s) dict_keys(['example_branch_labels']) retrieved from /opt/conda/lib/python3.8/site-packages/airflow/example_dags/example_branch_labels.py
[2024-04-06 13:36:35,789] {logging_mixin.py:115} INFO - [2024-04-06 13:36:35,789] {dag.py:2420} INFO - Sync 1 DAGs
[2024-04-06 13:36:35,921] {logging_mixin.py:115} INFO - [2024-04-06 13:36:35,921] {dag.py:2968} INFO - Setting next_dagrun for example_branch_labels to 2024-04-05T00:00:00+00:00, run_after=2024-04-06T00:00:00+00:00
[2024-04-06 13:36:35,941] {processor.py:161} INFO - Processing /opt/conda/lib/python3.8/site-packages/airflow/example_dags/example_branch_labels.py took 0.186 seconds
[2024-04-06 13:38:20,595] {processor.py:153} INFO - Started process (PID=7054) to work on /opt/conda/lib/python3.8/site-packages/airflow/example_dags/example_branch_labels.py
[2024-04-06 13:38:20,596] {processor.py:641} INFO - Processing file /opt/conda/lib/python3.8/site-packages/airflow/example_dags/example_branch_labels.py for tasks to queue
[2024-04-06 13:38:20,597] {logging_mixin.py:115} INFO - [2024-04-06 13:38:20,597] {dagbag.py:508} INFO - Filling up the DagBag from /opt/conda/lib/python3.8/site-packages/airflow/example_dags/example_branch_labels.py
[2024-04-06 13:38:20,604] {processor.py:651} INFO - DAG(s) dict_keys(['example_branch_labels']) retrieved from /opt/conda/lib/python3.8/site-packages/airflow/example_dags/example_branch_labels.py
[2024-04-06 13:38:20,625] {logging_mixin.py:115} INFO - [2024-04-06 13:38:20,625] {dag.py:2420} INFO - Sync 1 DAGs
[2024-04-06 13:38:20,761] {logging_mixin.py:115} INFO - [2024-04-06 13:38:20,761] {dag.py:2968} INFO - Setting next_dagrun for example_branch_labels to 2024-04-05T00:00:00+00:00, run_after=2024-04-06T00:00:00+00:00
[2024-04-06 13:38:20,780] {processor.py:161} INFO - Processing /opt/conda/lib/python3.8/site-packages/airflow/example_dags/example_branch_labels.py took 0.189 seconds
[2024-04-06 13:39:16,451] {processor.py:153} INFO - Started process (PID=7174) to work on /opt/conda/lib/python3.8/site-packages/airflow/example_dags/example_branch_labels.py
[2024-04-06 13:39:16,453] {processor.py:641} INFO - Processing file /opt/conda/lib/python3.8/site-packages/airflow/example_dags/example_branch_labels.py for tasks to queue
[2024-04-06 13:39:16,453] {logging_mixin.py:115} INFO - [2024-04-06 13:39:16,453] {dagbag.py:508} INFO - Filling up the DagBag from /opt/conda/lib/python3.8/site-packages/airflow/example_dags/example_branch_labels.py
[2024-04-06 13:39:16,460] {processor.py:651} INFO - DAG(s) dict_keys(['example_branch_labels']) retrieved from /opt/conda/lib/python3.8/site-packages/airflow/example_dags/example_branch_labels.py
[2024-04-06 13:39:16,478] {logging_mixin.py:115} INFO - [2024-04-06 13:39:16,477] {dag.py:2420} INFO - Sync 1 DAGs
[2024-04-06 13:39:16,599] {logging_mixin.py:115} INFO - [2024-04-06 13:39:16,599] {dag.py:2968} INFO - Setting next_dagrun for example_branch_labels to 2024-04-05T00:00:00+00:00, run_after=2024-04-06T00:00:00+00:00
[2024-04-06 13:39:16,707] {processor.py:161} INFO - Processing /opt/conda/lib/python3.8/site-packages/airflow/example_dags/example_branch_labels.py took 0.259 seconds
[2024-04-06 13:40:15,555] {processor.py:153} INFO - Started process (PID=7291) to work on /opt/conda/lib/python3.8/site-packages/airflow/example_dags/example_branch_labels.py
[2024-04-06 13:40:15,814] {processor.py:641} INFO - Processing file /opt/conda/lib/python3.8/site-packages/airflow/example_dags/example_branch_labels.py for tasks to queue
[2024-04-06 13:40:15,815] {logging_mixin.py:115} INFO - [2024-04-06 13:40:15,815] {dagbag.py:508} INFO - Filling up the DagBag from /opt/conda/lib/python3.8/site-packages/airflow/example_dags/example_branch_labels.py
[2024-04-06 13:40:15,823] {processor.py:651} INFO - DAG(s) dict_keys(['example_branch_labels']) retrieved from /opt/conda/lib/python3.8/site-packages/airflow/example_dags/example_branch_labels.py
[2024-04-06 13:40:15,847] {logging_mixin.py:115} INFO - [2024-04-06 13:40:15,847] {dag.py:2420} INFO - Sync 1 DAGs
[2024-04-06 13:40:16,009] {logging_mixin.py:115} INFO - [2024-04-06 13:40:16,009] {dag.py:2968} INFO - Setting next_dagrun for example_branch_labels to 2024-04-05T00:00:00+00:00, run_after=2024-04-06T00:00:00+00:00
[2024-04-06 13:40:16,083] {processor.py:161} INFO - Processing /opt/conda/lib/python3.8/site-packages/airflow/example_dags/example_branch_labels.py took 0.531 seconds
[2024-04-06 13:41:14,004] {processor.py:153} INFO - Started process (PID=7402) to work on /opt/conda/lib/python3.8/site-packages/airflow/example_dags/example_branch_labels.py
[2024-04-06 13:41:14,005] {processor.py:641} INFO - Processing file /opt/conda/lib/python3.8/site-packages/airflow/example_dags/example_branch_labels.py for tasks to queue
[2024-04-06 13:41:14,006] {logging_mixin.py:115} INFO - [2024-04-06 13:41:14,005] {dagbag.py:508} INFO - Filling up the DagBag from /opt/conda/lib/python3.8/site-packages/airflow/example_dags/example_branch_labels.py
[2024-04-06 13:41:14,012] {processor.py:651} INFO - DAG(s) dict_keys(['example_branch_labels']) retrieved from /opt/conda/lib/python3.8/site-packages/airflow/example_dags/example_branch_labels.py
[2024-04-06 13:41:14,135] {logging_mixin.py:115} INFO - [2024-04-06 13:41:14,135] {dag.py:2420} INFO - Sync 1 DAGs
[2024-04-06 13:41:14,147] {logging_mixin.py:115} INFO - [2024-04-06 13:41:14,146] {dag.py:2968} INFO - Setting next_dagrun for example_branch_labels to 2024-04-05T00:00:00+00:00, run_after=2024-04-06T00:00:00+00:00
[2024-04-06 13:41:14,164] {processor.py:161} INFO - Processing /opt/conda/lib/python3.8/site-packages/airflow/example_dags/example_branch_labels.py took 0.164 seconds
[2024-04-06 13:42:48,128] {processor.py:153} INFO - Started process (PID=7554) to work on /opt/conda/lib/python3.8/site-packages/airflow/example_dags/example_branch_labels.py
[2024-04-06 13:42:48,130] {processor.py:641} INFO - Processing file /opt/conda/lib/python3.8/site-packages/airflow/example_dags/example_branch_labels.py for tasks to queue
[2024-04-06 13:42:48,131] {logging_mixin.py:115} INFO - [2024-04-06 13:42:48,130] {dagbag.py:508} INFO - Filling up the DagBag from /opt/conda/lib/python3.8/site-packages/airflow/example_dags/example_branch_labels.py
[2024-04-06 13:42:48,138] {processor.py:651} INFO - DAG(s) dict_keys(['example_branch_labels']) retrieved from /opt/conda/lib/python3.8/site-packages/airflow/example_dags/example_branch_labels.py
[2024-04-06 13:42:48,286] {logging_mixin.py:115} INFO - [2024-04-06 13:42:48,286] {dag.py:2420} INFO - Sync 1 DAGs
[2024-04-06 13:42:48,299] {logging_mixin.py:115} INFO - [2024-04-06 13:42:48,299] {dag.py:2968} INFO - Setting next_dagrun for example_branch_labels to 2024-04-05T00:00:00+00:00, run_after=2024-04-06T00:00:00+00:00
[2024-04-06 13:42:48,397] {processor.py:161} INFO - Processing /opt/conda/lib/python3.8/site-packages/airflow/example_dags/example_branch_labels.py took 0.272 seconds
[2024-04-06 13:43:55,644] {processor.py:153} INFO - Started process (PID=7683) to work on /opt/conda/lib/python3.8/site-packages/airflow/example_dags/example_branch_labels.py
[2024-04-06 13:43:55,646] {processor.py:641} INFO - Processing file /opt/conda/lib/python3.8/site-packages/airflow/example_dags/example_branch_labels.py for tasks to queue
[2024-04-06 13:43:55,646] {logging_mixin.py:115} INFO - [2024-04-06 13:43:55,646] {dagbag.py:508} INFO - Filling up the DagBag from /opt/conda/lib/python3.8/site-packages/airflow/example_dags/example_branch_labels.py
[2024-04-06 13:43:55,653] {processor.py:651} INFO - DAG(s) dict_keys(['example_branch_labels']) retrieved from /opt/conda/lib/python3.8/site-packages/airflow/example_dags/example_branch_labels.py
[2024-04-06 13:43:55,787] {logging_mixin.py:115} INFO - [2024-04-06 13:43:55,787] {dag.py:2420} INFO - Sync 1 DAGs
[2024-04-06 13:43:55,799] {logging_mixin.py:115} INFO - [2024-04-06 13:43:55,799] {dag.py:2968} INFO - Setting next_dagrun for example_branch_labels to 2024-04-05T00:00:00+00:00, run_after=2024-04-06T00:00:00+00:00
[2024-04-06 13:43:55,818] {processor.py:161} INFO - Processing /opt/conda/lib/python3.8/site-packages/airflow/example_dags/example_branch_labels.py took 0.178 seconds
[2024-04-06 13:44:51,979] {processor.py:153} INFO - Started process (PID=7791) to work on /opt/conda/lib/python3.8/site-packages/airflow/example_dags/example_branch_labels.py
[2024-04-06 13:44:51,980] {processor.py:641} INFO - Processing file /opt/conda/lib/python3.8/site-packages/airflow/example_dags/example_branch_labels.py for tasks to queue
[2024-04-06 13:44:51,981] {logging_mixin.py:115} INFO - [2024-04-06 13:44:51,981] {dagbag.py:508} INFO - Filling up the DagBag from /opt/conda/lib/python3.8/site-packages/airflow/example_dags/example_branch_labels.py
[2024-04-06 13:44:51,988] {processor.py:651} INFO - DAG(s) dict_keys(['example_branch_labels']) retrieved from /opt/conda/lib/python3.8/site-packages/airflow/example_dags/example_branch_labels.py
[2024-04-06 13:44:52,125] {logging_mixin.py:115} INFO - [2024-04-06 13:44:52,125] {dag.py:2420} INFO - Sync 1 DAGs
[2024-04-06 13:44:52,137] {logging_mixin.py:115} INFO - [2024-04-06 13:44:52,137] {dag.py:2968} INFO - Setting next_dagrun for example_branch_labels to 2024-04-05T00:00:00+00:00, run_after=2024-04-06T00:00:00+00:00
[2024-04-06 13:44:52,154] {processor.py:161} INFO - Processing /opt/conda/lib/python3.8/site-packages/airflow/example_dags/example_branch_labels.py took 0.179 seconds
[2024-04-06 13:46:09,836] {processor.py:153} INFO - Started process (PID=7964) to work on /opt/conda/lib/python3.8/site-packages/airflow/example_dags/example_branch_labels.py
[2024-04-06 13:46:09,838] {processor.py:641} INFO - Processing file /opt/conda/lib/python3.8/site-packages/airflow/example_dags/example_branch_labels.py for tasks to queue
[2024-04-06 13:46:09,839] {logging_mixin.py:115} INFO - [2024-04-06 13:46:09,838] {dagbag.py:508} INFO - Filling up the DagBag from /opt/conda/lib/python3.8/site-packages/airflow/example_dags/example_branch_labels.py
[2024-04-06 13:46:09,846] {processor.py:651} INFO - DAG(s) dict_keys(['example_branch_labels']) retrieved from /opt/conda/lib/python3.8/site-packages/airflow/example_dags/example_branch_labels.py
[2024-04-06 13:46:09,864] {logging_mixin.py:115} INFO - [2024-04-06 13:46:09,864] {dag.py:2420} INFO - Sync 1 DAGs
[2024-04-06 13:46:09,885] {logging_mixin.py:115} INFO - [2024-04-06 13:46:09,885] {dag.py:2968} INFO - Setting next_dagrun for example_branch_labels to 2024-04-05T00:00:00+00:00, run_after=2024-04-06T00:00:00+00:00
[2024-04-06 13:46:09,910] {processor.py:161} INFO - Processing /opt/conda/lib/python3.8/site-packages/airflow/example_dags/example_branch_labels.py took 0.077 seconds
[2024-04-06 13:47:19,170] {processor.py:153} INFO - Started process (PID=8104) to work on /opt/conda/lib/python3.8/site-packages/airflow/example_dags/example_branch_labels.py
[2024-04-06 13:47:19,171] {processor.py:641} INFO - Processing file /opt/conda/lib/python3.8/site-packages/airflow/example_dags/example_branch_labels.py for tasks to queue
[2024-04-06 13:47:19,172] {logging_mixin.py:115} INFO - [2024-04-06 13:47:19,172] {dagbag.py:508} INFO - Filling up the DagBag from /opt/conda/lib/python3.8/site-packages/airflow/example_dags/example_branch_labels.py
[2024-04-06 13:47:19,180] {processor.py:651} INFO - DAG(s) dict_keys(['example_branch_labels']) retrieved from /opt/conda/lib/python3.8/site-packages/airflow/example_dags/example_branch_labels.py
[2024-04-06 13:47:19,197] {logging_mixin.py:115} INFO - [2024-04-06 13:47:19,197] {dag.py:2420} INFO - Sync 1 DAGs
[2024-04-06 13:47:19,218] {logging_mixin.py:115} INFO - [2024-04-06 13:47:19,218] {dag.py:2968} INFO - Setting next_dagrun for example_branch_labels to 2024-04-05T00:00:00+00:00, run_after=2024-04-06T00:00:00+00:00
[2024-04-06 13:47:19,238] {processor.py:161} INFO - Processing /opt/conda/lib/python3.8/site-packages/airflow/example_dags/example_branch_labels.py took 0.072 seconds
[2024-04-06 13:48:32,443] {processor.py:153} INFO - Started process (PID=8274) to work on /opt/conda/lib/python3.8/site-packages/airflow/example_dags/example_branch_labels.py
[2024-04-06 13:48:32,445] {processor.py:641} INFO - Processing file /opt/conda/lib/python3.8/site-packages/airflow/example_dags/example_branch_labels.py for tasks to queue
[2024-04-06 13:48:32,445] {logging_mixin.py:115} INFO - [2024-04-06 13:48:32,445] {dagbag.py:508} INFO - Filling up the DagBag from /opt/conda/lib/python3.8/site-packages/airflow/example_dags/example_branch_labels.py
[2024-04-06 13:48:32,453] {processor.py:651} INFO - DAG(s) dict_keys(['example_branch_labels']) retrieved from /opt/conda/lib/python3.8/site-packages/airflow/example_dags/example_branch_labels.py
[2024-04-06 13:48:32,470] {logging_mixin.py:115} INFO - [2024-04-06 13:48:32,470] {dag.py:2420} INFO - Sync 1 DAGs
[2024-04-06 13:48:32,491] {logging_mixin.py:115} INFO - [2024-04-06 13:48:32,491] {dag.py:2968} INFO - Setting next_dagrun for example_branch_labels to 2024-04-05T00:00:00+00:00, run_after=2024-04-06T00:00:00+00:00
[2024-04-06 13:48:32,515] {processor.py:161} INFO - Processing /opt/conda/lib/python3.8/site-packages/airflow/example_dags/example_branch_labels.py took 0.076 seconds
[2024-04-06 13:49:45,404] {processor.py:153} INFO - Started process (PID=8415) to work on /opt/conda/lib/python3.8/site-packages/airflow/example_dags/example_branch_labels.py
[2024-04-06 13:49:45,405] {processor.py:641} INFO - Processing file /opt/conda/lib/python3.8/site-packages/airflow/example_dags/example_branch_labels.py for tasks to queue
[2024-04-06 13:49:45,406] {logging_mixin.py:115} INFO - [2024-04-06 13:49:45,406] {dagbag.py:508} INFO - Filling up the DagBag from /opt/conda/lib/python3.8/site-packages/airflow/example_dags/example_branch_labels.py
[2024-04-06 13:49:45,414] {processor.py:651} INFO - DAG(s) dict_keys(['example_branch_labels']) retrieved from /opt/conda/lib/python3.8/site-packages/airflow/example_dags/example_branch_labels.py
[2024-04-06 13:49:45,431] {logging_mixin.py:115} INFO - [2024-04-06 13:49:45,431] {dag.py:2420} INFO - Sync 1 DAGs
[2024-04-06 13:49:45,452] {logging_mixin.py:115} INFO - [2024-04-06 13:49:45,452] {dag.py:2968} INFO - Setting next_dagrun for example_branch_labels to 2024-04-05T00:00:00+00:00, run_after=2024-04-06T00:00:00+00:00
[2024-04-06 13:49:45,475] {processor.py:161} INFO - Processing /opt/conda/lib/python3.8/site-packages/airflow/example_dags/example_branch_labels.py took 0.074 seconds
[2024-04-06 13:51:00,000] {processor.py:153} INFO - Started process (PID=8587) to work on /opt/conda/lib/python3.8/site-packages/airflow/example_dags/example_branch_labels.py
[2024-04-06 13:51:00,002] {processor.py:641} INFO - Processing file /opt/conda/lib/python3.8/site-packages/airflow/example_dags/example_branch_labels.py for tasks to queue
[2024-04-06 13:51:00,003] {logging_mixin.py:115} INFO - [2024-04-06 13:51:00,002] {dagbag.py:508} INFO - Filling up the DagBag from /opt/conda/lib/python3.8/site-packages/airflow/example_dags/example_branch_labels.py
[2024-04-06 13:51:00,010] {processor.py:651} INFO - DAG(s) dict_keys(['example_branch_labels']) retrieved from /opt/conda/lib/python3.8/site-packages/airflow/example_dags/example_branch_labels.py
[2024-04-06 13:51:00,029] {logging_mixin.py:115} INFO - [2024-04-06 13:51:00,029] {dag.py:2420} INFO - Sync 1 DAGs
[2024-04-06 13:51:00,050] {logging_mixin.py:115} INFO - [2024-04-06 13:51:00,050] {dag.py:2968} INFO - Setting next_dagrun for example_branch_labels to 2024-04-05T00:00:00+00:00, run_after=2024-04-06T00:00:00+00:00
[2024-04-06 13:51:00,072] {processor.py:161} INFO - Processing /opt/conda/lib/python3.8/site-packages/airflow/example_dags/example_branch_labels.py took 0.075 seconds
[2024-04-06 13:52:08,907] {processor.py:153} INFO - Started process (PID=8727) to work on /opt/conda/lib/python3.8/site-packages/airflow/example_dags/example_branch_labels.py
[2024-04-06 13:52:08,912] {processor.py:641} INFO - Processing file /opt/conda/lib/python3.8/site-packages/airflow/example_dags/example_branch_labels.py for tasks to queue
[2024-04-06 13:52:08,912] {logging_mixin.py:115} INFO - [2024-04-06 13:52:08,912] {dagbag.py:508} INFO - Filling up the DagBag from /opt/conda/lib/python3.8/site-packages/airflow/example_dags/example_branch_labels.py
[2024-04-06 13:52:08,920] {processor.py:651} INFO - DAG(s) dict_keys(['example_branch_labels']) retrieved from /opt/conda/lib/python3.8/site-packages/airflow/example_dags/example_branch_labels.py
[2024-04-06 13:52:08,938] {logging_mixin.py:115} INFO - [2024-04-06 13:52:08,938] {dag.py:2420} INFO - Sync 1 DAGs
[2024-04-06 13:52:08,957] {logging_mixin.py:115} INFO - [2024-04-06 13:52:08,957] {dag.py:2968} INFO - Setting next_dagrun for example_branch_labels to 2024-04-05T00:00:00+00:00, run_after=2024-04-06T00:00:00+00:00
[2024-04-06 13:52:08,978] {processor.py:161} INFO - Processing /opt/conda/lib/python3.8/site-packages/airflow/example_dags/example_branch_labels.py took 0.075 seconds
