[2024-04-06 12:46:09,771] {processor.py:153} INFO - Started process (PID=1400) to work on /opt/conda/lib/python3.8/site-packages/airflow/example_dags/example_branch_operator.py
[2024-04-06 12:46:09,771] {processor.py:641} INFO - Processing file /opt/conda/lib/python3.8/site-packages/airflow/example_dags/example_branch_operator.py for tasks to queue
[2024-04-06 12:46:09,772] {logging_mixin.py:115} INFO - [2024-04-06 12:46:09,772] {dagbag.py:508} INFO - Filling up the DagBag from /opt/conda/lib/python3.8/site-packages/airflow/example_dags/example_branch_operator.py
[2024-04-06 12:46:09,787] {processor.py:651} INFO - DAG(s) dict_keys(['example_branch_operator']) retrieved from /opt/conda/lib/python3.8/site-packages/airflow/example_dags/example_branch_operator.py
[2024-04-06 12:46:09,925] {logging_mixin.py:115} INFO - [2024-04-06 12:46:09,925] {dag.py:2420} INFO - Sync 1 DAGs
[2024-04-06 12:46:09,937] {logging_mixin.py:115} INFO - [2024-04-06 12:46:09,937] {dag.py:2968} INFO - Setting next_dagrun for example_branch_operator to 2024-04-05T00:00:00+00:00, run_after=2024-04-06T00:00:00+00:00
[2024-04-06 12:46:09,958] {processor.py:161} INFO - Processing /opt/conda/lib/python3.8/site-packages/airflow/example_dags/example_branch_operator.py took 0.190 seconds
[2024-04-06 12:47:01,643] {processor.py:153} INFO - Started process (PID=1471) to work on /opt/conda/lib/python3.8/site-packages/airflow/example_dags/example_branch_operator.py
[2024-04-06 12:47:01,648] {processor.py:641} INFO - Processing file /opt/conda/lib/python3.8/site-packages/airflow/example_dags/example_branch_operator.py for tasks to queue
[2024-04-06 12:47:01,649] {logging_mixin.py:115} INFO - [2024-04-06 12:47:01,649] {dagbag.py:508} INFO - Filling up the DagBag from /opt/conda/lib/python3.8/site-packages/airflow/example_dags/example_branch_operator.py
[2024-04-06 12:47:01,664] {processor.py:651} INFO - DAG(s) dict_keys(['example_branch_operator']) retrieved from /opt/conda/lib/python3.8/site-packages/airflow/example_dags/example_branch_operator.py
[2024-04-06 12:47:01,786] {logging_mixin.py:115} INFO - [2024-04-06 12:47:01,786] {dag.py:2420} INFO - Sync 1 DAGs
[2024-04-06 12:47:01,798] {logging_mixin.py:115} INFO - [2024-04-06 12:47:01,798] {dag.py:2968} INFO - Setting next_dagrun for example_branch_operator to 2024-04-05T00:00:00+00:00, run_after=2024-04-06T00:00:00+00:00
[2024-04-06 12:47:01,814] {processor.py:161} INFO - Processing /opt/conda/lib/python3.8/site-packages/airflow/example_dags/example_branch_operator.py took 0.174 seconds
[2024-04-06 12:47:59,896] {processor.py:153} INFO - Started process (PID=1579) to work on /opt/conda/lib/python3.8/site-packages/airflow/example_dags/example_branch_operator.py
[2024-04-06 12:47:59,898] {processor.py:641} INFO - Processing file /opt/conda/lib/python3.8/site-packages/airflow/example_dags/example_branch_operator.py for tasks to queue
[2024-04-06 12:47:59,899] {logging_mixin.py:115} INFO - [2024-04-06 12:47:59,899] {dagbag.py:508} INFO - Filling up the DagBag from /opt/conda/lib/python3.8/site-packages/airflow/example_dags/example_branch_operator.py
[2024-04-06 12:47:59,916] {processor.py:651} INFO - DAG(s) dict_keys(['example_branch_operator']) retrieved from /opt/conda/lib/python3.8/site-packages/airflow/example_dags/example_branch_operator.py
[2024-04-06 12:48:00,062] {logging_mixin.py:115} INFO - [2024-04-06 12:48:00,062] {dag.py:2420} INFO - Sync 1 DAGs
[2024-04-06 12:48:00,075] {logging_mixin.py:115} INFO - [2024-04-06 12:48:00,075] {dag.py:2968} INFO - Setting next_dagrun for example_branch_operator to 2024-04-05T00:00:00+00:00, run_after=2024-04-06T00:00:00+00:00
[2024-04-06 12:48:00,312] {processor.py:161} INFO - Processing /opt/conda/lib/python3.8/site-packages/airflow/example_dags/example_branch_operator.py took 0.419 seconds
[2024-04-06 12:49:07,036] {processor.py:153} INFO - Started process (PID=1662) to work on /opt/conda/lib/python3.8/site-packages/airflow/example_dags/example_branch_operator.py
[2024-04-06 12:49:07,091] {processor.py:641} INFO - Processing file /opt/conda/lib/python3.8/site-packages/airflow/example_dags/example_branch_operator.py for tasks to queue
[2024-04-06 12:49:07,092] {logging_mixin.py:115} INFO - [2024-04-06 12:49:07,092] {dagbag.py:508} INFO - Filling up the DagBag from /opt/conda/lib/python3.8/site-packages/airflow/example_dags/example_branch_operator.py
[2024-04-06 12:49:07,107] {processor.py:651} INFO - DAG(s) dict_keys(['example_branch_operator']) retrieved from /opt/conda/lib/python3.8/site-packages/airflow/example_dags/example_branch_operator.py
[2024-04-06 12:49:07,248] {logging_mixin.py:115} INFO - [2024-04-06 12:49:07,248] {dag.py:2420} INFO - Sync 1 DAGs
[2024-04-06 12:49:07,260] {logging_mixin.py:115} INFO - [2024-04-06 12:49:07,260] {dag.py:2968} INFO - Setting next_dagrun for example_branch_operator to 2024-04-05T00:00:00+00:00, run_after=2024-04-06T00:00:00+00:00
[2024-04-06 12:49:07,454] {processor.py:161} INFO - Processing /opt/conda/lib/python3.8/site-packages/airflow/example_dags/example_branch_operator.py took 0.422 seconds
[2024-04-06 12:50:05,915] {processor.py:153} INFO - Started process (PID=1771) to work on /opt/conda/lib/python3.8/site-packages/airflow/example_dags/example_branch_operator.py
[2024-04-06 12:50:05,918] {processor.py:641} INFO - Processing file /opt/conda/lib/python3.8/site-packages/airflow/example_dags/example_branch_operator.py for tasks to queue
[2024-04-06 12:50:05,918] {logging_mixin.py:115} INFO - [2024-04-06 12:50:05,918] {dagbag.py:508} INFO - Filling up the DagBag from /opt/conda/lib/python3.8/site-packages/airflow/example_dags/example_branch_operator.py
[2024-04-06 12:50:06,059] {processor.py:651} INFO - DAG(s) dict_keys(['example_branch_operator']) retrieved from /opt/conda/lib/python3.8/site-packages/airflow/example_dags/example_branch_operator.py
[2024-04-06 12:50:06,069] {logging_mixin.py:115} INFO - [2024-04-06 12:50:06,069] {dag.py:2420} INFO - Sync 1 DAGs
[2024-04-06 12:50:06,081] {logging_mixin.py:115} INFO - [2024-04-06 12:50:06,081] {dag.py:2968} INFO - Setting next_dagrun for example_branch_operator to 2024-04-05T00:00:00+00:00, run_after=2024-04-06T00:00:00+00:00
[2024-04-06 12:50:06,105] {processor.py:161} INFO - Processing /opt/conda/lib/python3.8/site-packages/airflow/example_dags/example_branch_operator.py took 0.193 seconds
[2024-04-06 12:51:02,908] {processor.py:153} INFO - Started process (PID=1849) to work on /opt/conda/lib/python3.8/site-packages/airflow/example_dags/example_branch_operator.py
[2024-04-06 12:51:02,910] {processor.py:641} INFO - Processing file /opt/conda/lib/python3.8/site-packages/airflow/example_dags/example_branch_operator.py for tasks to queue
[2024-04-06 12:51:02,910] {logging_mixin.py:115} INFO - [2024-04-06 12:51:02,910] {dagbag.py:508} INFO - Filling up the DagBag from /opt/conda/lib/python3.8/site-packages/airflow/example_dags/example_branch_operator.py
[2024-04-06 12:51:03,049] {processor.py:651} INFO - DAG(s) dict_keys(['example_branch_operator']) retrieved from /opt/conda/lib/python3.8/site-packages/airflow/example_dags/example_branch_operator.py
[2024-04-06 12:51:03,059] {logging_mixin.py:115} INFO - [2024-04-06 12:51:03,059] {dag.py:2420} INFO - Sync 1 DAGs
[2024-04-06 12:51:03,071] {logging_mixin.py:115} INFO - [2024-04-06 12:51:03,071] {dag.py:2968} INFO - Setting next_dagrun for example_branch_operator to 2024-04-05T00:00:00+00:00, run_after=2024-04-06T00:00:00+00:00
[2024-04-06 12:51:03,090] {processor.py:161} INFO - Processing /opt/conda/lib/python3.8/site-packages/airflow/example_dags/example_branch_operator.py took 0.187 seconds
[2024-04-06 12:51:54,386] {processor.py:153} INFO - Started process (PID=1929) to work on /opt/conda/lib/python3.8/site-packages/airflow/example_dags/example_branch_operator.py
[2024-04-06 12:51:54,389] {processor.py:641} INFO - Processing file /opt/conda/lib/python3.8/site-packages/airflow/example_dags/example_branch_operator.py for tasks to queue
[2024-04-06 12:51:54,389] {logging_mixin.py:115} INFO - [2024-04-06 12:51:54,389] {dagbag.py:508} INFO - Filling up the DagBag from /opt/conda/lib/python3.8/site-packages/airflow/example_dags/example_branch_operator.py
[2024-04-06 12:51:54,522] {processor.py:651} INFO - DAG(s) dict_keys(['example_branch_operator']) retrieved from /opt/conda/lib/python3.8/site-packages/airflow/example_dags/example_branch_operator.py
[2024-04-06 12:51:54,531] {logging_mixin.py:115} INFO - [2024-04-06 12:51:54,531] {dag.py:2420} INFO - Sync 1 DAGs
[2024-04-06 12:51:54,543] {logging_mixin.py:115} INFO - [2024-04-06 12:51:54,543] {dag.py:2968} INFO - Setting next_dagrun for example_branch_operator to 2024-04-05T00:00:00+00:00, run_after=2024-04-06T00:00:00+00:00
[2024-04-06 12:51:54,563] {processor.py:161} INFO - Processing /opt/conda/lib/python3.8/site-packages/airflow/example_dags/example_branch_operator.py took 0.180 seconds
[2024-04-06 12:52:54,440] {processor.py:153} INFO - Started process (PID=2032) to work on /opt/conda/lib/python3.8/site-packages/airflow/example_dags/example_branch_operator.py
[2024-04-06 12:52:54,442] {processor.py:641} INFO - Processing file /opt/conda/lib/python3.8/site-packages/airflow/example_dags/example_branch_operator.py for tasks to queue
[2024-04-06 12:52:54,443] {logging_mixin.py:115} INFO - [2024-04-06 12:52:54,443] {dagbag.py:508} INFO - Filling up the DagBag from /opt/conda/lib/python3.8/site-packages/airflow/example_dags/example_branch_operator.py
[2024-04-06 12:52:54,567] {processor.py:651} INFO - DAG(s) dict_keys(['example_branch_operator']) retrieved from /opt/conda/lib/python3.8/site-packages/airflow/example_dags/example_branch_operator.py
[2024-04-06 12:52:54,577] {logging_mixin.py:115} INFO - [2024-04-06 12:52:54,577] {dag.py:2420} INFO - Sync 1 DAGs
[2024-04-06 12:52:54,589] {logging_mixin.py:115} INFO - [2024-04-06 12:52:54,589] {dag.py:2968} INFO - Setting next_dagrun for example_branch_operator to 2024-04-05T00:00:00+00:00, run_after=2024-04-06T00:00:00+00:00
[2024-04-06 12:52:54,608] {processor.py:161} INFO - Processing /opt/conda/lib/python3.8/site-packages/airflow/example_dags/example_branch_operator.py took 0.172 seconds
[2024-04-06 12:53:50,260] {processor.py:153} INFO - Started process (PID=2116) to work on /opt/conda/lib/python3.8/site-packages/airflow/example_dags/example_branch_operator.py
[2024-04-06 12:53:50,262] {processor.py:641} INFO - Processing file /opt/conda/lib/python3.8/site-packages/airflow/example_dags/example_branch_operator.py for tasks to queue
[2024-04-06 12:53:50,263] {logging_mixin.py:115} INFO - [2024-04-06 12:53:50,262] {dagbag.py:508} INFO - Filling up the DagBag from /opt/conda/lib/python3.8/site-packages/airflow/example_dags/example_branch_operator.py
[2024-04-06 12:53:50,390] {processor.py:651} INFO - DAG(s) dict_keys(['example_branch_operator']) retrieved from /opt/conda/lib/python3.8/site-packages/airflow/example_dags/example_branch_operator.py
[2024-04-06 12:53:50,400] {logging_mixin.py:115} INFO - [2024-04-06 12:53:50,400] {dag.py:2420} INFO - Sync 1 DAGs
[2024-04-06 12:53:50,412] {logging_mixin.py:115} INFO - [2024-04-06 12:53:50,412] {dag.py:2968} INFO - Setting next_dagrun for example_branch_operator to 2024-04-05T00:00:00+00:00, run_after=2024-04-06T00:00:00+00:00
[2024-04-06 12:53:50,431] {processor.py:161} INFO - Processing /opt/conda/lib/python3.8/site-packages/airflow/example_dags/example_branch_operator.py took 0.175 seconds
[2024-04-06 12:54:39,904] {processor.py:153} INFO - Started process (PID=2210) to work on /opt/conda/lib/python3.8/site-packages/airflow/example_dags/example_branch_operator.py
[2024-04-06 12:54:39,906] {processor.py:641} INFO - Processing file /opt/conda/lib/python3.8/site-packages/airflow/example_dags/example_branch_operator.py for tasks to queue
[2024-04-06 12:54:39,907] {logging_mixin.py:115} INFO - [2024-04-06 12:54:39,907] {dagbag.py:508} INFO - Filling up the DagBag from /opt/conda/lib/python3.8/site-packages/airflow/example_dags/example_branch_operator.py
[2024-04-06 12:54:39,918] {processor.py:651} INFO - DAG(s) dict_keys(['example_branch_operator']) retrieved from /opt/conda/lib/python3.8/site-packages/airflow/example_dags/example_branch_operator.py
[2024-04-06 12:54:39,934] {logging_mixin.py:115} INFO - [2024-04-06 12:54:39,934] {dag.py:2420} INFO - Sync 1 DAGs
[2024-04-06 12:54:39,950] {logging_mixin.py:115} INFO - [2024-04-06 12:54:39,950] {dag.py:2968} INFO - Setting next_dagrun for example_branch_operator to 2024-04-05T00:00:00+00:00, run_after=2024-04-06T00:00:00+00:00
[2024-04-06 12:54:39,970] {processor.py:161} INFO - Processing /opt/conda/lib/python3.8/site-packages/airflow/example_dags/example_branch_operator.py took 0.070 seconds
[2024-04-06 12:55:21,488] {processor.py:153} INFO - Started process (PID=2283) to work on /opt/conda/lib/python3.8/site-packages/airflow/example_dags/example_branch_operator.py
[2024-04-06 12:55:21,490] {processor.py:641} INFO - Processing file /opt/conda/lib/python3.8/site-packages/airflow/example_dags/example_branch_operator.py for tasks to queue
[2024-04-06 12:55:21,490] {logging_mixin.py:115} INFO - [2024-04-06 12:55:21,490] {dagbag.py:508} INFO - Filling up the DagBag from /opt/conda/lib/python3.8/site-packages/airflow/example_dags/example_branch_operator.py
[2024-04-06 12:55:21,503] {processor.py:651} INFO - DAG(s) dict_keys(['example_branch_operator']) retrieved from /opt/conda/lib/python3.8/site-packages/airflow/example_dags/example_branch_operator.py
[2024-04-06 12:55:21,522] {logging_mixin.py:115} INFO - [2024-04-06 12:55:21,522] {dag.py:2420} INFO - Sync 1 DAGs
[2024-04-06 12:55:21,543] {logging_mixin.py:115} INFO - [2024-04-06 12:55:21,543] {dag.py:2968} INFO - Setting next_dagrun for example_branch_operator to 2024-04-05T00:00:00+00:00, run_after=2024-04-06T00:00:00+00:00
[2024-04-06 12:55:21,566] {processor.py:161} INFO - Processing /opt/conda/lib/python3.8/site-packages/airflow/example_dags/example_branch_operator.py took 0.082 seconds
[2024-04-06 12:56:14,702] {processor.py:153} INFO - Started process (PID=2377) to work on /opt/conda/lib/python3.8/site-packages/airflow/example_dags/example_branch_operator.py
[2024-04-06 12:56:14,704] {processor.py:641} INFO - Processing file /opt/conda/lib/python3.8/site-packages/airflow/example_dags/example_branch_operator.py for tasks to queue
[2024-04-06 12:56:14,705] {logging_mixin.py:115} INFO - [2024-04-06 12:56:14,704] {dagbag.py:508} INFO - Filling up the DagBag from /opt/conda/lib/python3.8/site-packages/airflow/example_dags/example_branch_operator.py
[2024-04-06 12:56:14,716] {processor.py:651} INFO - DAG(s) dict_keys(['example_branch_operator']) retrieved from /opt/conda/lib/python3.8/site-packages/airflow/example_dags/example_branch_operator.py
[2024-04-06 12:56:14,735] {logging_mixin.py:115} INFO - [2024-04-06 12:56:14,735] {dag.py:2420} INFO - Sync 1 DAGs
[2024-04-06 12:56:14,756] {logging_mixin.py:115} INFO - [2024-04-06 12:56:14,755] {dag.py:2968} INFO - Setting next_dagrun for example_branch_operator to 2024-04-05T00:00:00+00:00, run_after=2024-04-06T00:00:00+00:00
[2024-04-06 12:56:14,790] {processor.py:161} INFO - Processing /opt/conda/lib/python3.8/site-packages/airflow/example_dags/example_branch_operator.py took 0.091 seconds
[2024-04-06 12:56:58,203] {processor.py:153} INFO - Started process (PID=2448) to work on /opt/conda/lib/python3.8/site-packages/airflow/example_dags/example_branch_operator.py
[2024-04-06 12:56:58,204] {processor.py:641} INFO - Processing file /opt/conda/lib/python3.8/site-packages/airflow/example_dags/example_branch_operator.py for tasks to queue
[2024-04-06 12:56:58,205] {logging_mixin.py:115} INFO - [2024-04-06 12:56:58,205] {dagbag.py:508} INFO - Filling up the DagBag from /opt/conda/lib/python3.8/site-packages/airflow/example_dags/example_branch_operator.py
[2024-04-06 12:56:58,217] {processor.py:651} INFO - DAG(s) dict_keys(['example_branch_operator']) retrieved from /opt/conda/lib/python3.8/site-packages/airflow/example_dags/example_branch_operator.py
[2024-04-06 12:56:58,236] {logging_mixin.py:115} INFO - [2024-04-06 12:56:58,235] {dag.py:2420} INFO - Sync 1 DAGs
[2024-04-06 12:56:58,254] {logging_mixin.py:115} INFO - [2024-04-06 12:56:58,254] {dag.py:2968} INFO - Setting next_dagrun for example_branch_operator to 2024-04-05T00:00:00+00:00, run_after=2024-04-06T00:00:00+00:00
[2024-04-06 12:56:58,274] {processor.py:161} INFO - Processing /opt/conda/lib/python3.8/site-packages/airflow/example_dags/example_branch_operator.py took 0.075 seconds
[2024-04-06 12:57:51,983] {processor.py:153} INFO - Started process (PID=2536) to work on /opt/conda/lib/python3.8/site-packages/airflow/example_dags/example_branch_operator.py
[2024-04-06 12:57:51,985] {processor.py:641} INFO - Processing file /opt/conda/lib/python3.8/site-packages/airflow/example_dags/example_branch_operator.py for tasks to queue
[2024-04-06 12:57:51,985] {logging_mixin.py:115} INFO - [2024-04-06 12:57:51,985] {dagbag.py:508} INFO - Filling up the DagBag from /opt/conda/lib/python3.8/site-packages/airflow/example_dags/example_branch_operator.py
[2024-04-06 12:57:51,997] {processor.py:651} INFO - DAG(s) dict_keys(['example_branch_operator']) retrieved from /opt/conda/lib/python3.8/site-packages/airflow/example_dags/example_branch_operator.py
[2024-04-06 12:57:52,016] {logging_mixin.py:115} INFO - [2024-04-06 12:57:52,016] {dag.py:2420} INFO - Sync 1 DAGs
[2024-04-06 12:57:52,033] {logging_mixin.py:115} INFO - [2024-04-06 12:57:52,032] {dag.py:2968} INFO - Setting next_dagrun for example_branch_operator to 2024-04-05T00:00:00+00:00, run_after=2024-04-06T00:00:00+00:00
[2024-04-06 12:57:52,053] {processor.py:161} INFO - Processing /opt/conda/lib/python3.8/site-packages/airflow/example_dags/example_branch_operator.py took 0.074 seconds
[2024-04-06 12:58:47,579] {processor.py:153} INFO - Started process (PID=2630) to work on /opt/conda/lib/python3.8/site-packages/airflow/example_dags/example_branch_operator.py
[2024-04-06 12:58:47,581] {processor.py:641} INFO - Processing file /opt/conda/lib/python3.8/site-packages/airflow/example_dags/example_branch_operator.py for tasks to queue
[2024-04-06 12:58:47,581] {logging_mixin.py:115} INFO - [2024-04-06 12:58:47,581] {dagbag.py:508} INFO - Filling up the DagBag from /opt/conda/lib/python3.8/site-packages/airflow/example_dags/example_branch_operator.py
[2024-04-06 12:58:47,593] {processor.py:651} INFO - DAG(s) dict_keys(['example_branch_operator']) retrieved from /opt/conda/lib/python3.8/site-packages/airflow/example_dags/example_branch_operator.py
[2024-04-06 12:58:47,612] {logging_mixin.py:115} INFO - [2024-04-06 12:58:47,611] {dag.py:2420} INFO - Sync 1 DAGs
[2024-04-06 12:58:47,632] {logging_mixin.py:115} INFO - [2024-04-06 12:58:47,632] {dag.py:2968} INFO - Setting next_dagrun for example_branch_operator to 2024-04-05T00:00:00+00:00, run_after=2024-04-06T00:00:00+00:00
[2024-04-06 12:58:47,654] {processor.py:161} INFO - Processing /opt/conda/lib/python3.8/site-packages/airflow/example_dags/example_branch_operator.py took 0.079 seconds
[2024-04-06 12:59:36,796] {processor.py:153} INFO - Started process (PID=2713) to work on /opt/conda/lib/python3.8/site-packages/airflow/example_dags/example_branch_operator.py
[2024-04-06 12:59:36,797] {processor.py:641} INFO - Processing file /opt/conda/lib/python3.8/site-packages/airflow/example_dags/example_branch_operator.py for tasks to queue
[2024-04-06 12:59:36,798] {logging_mixin.py:115} INFO - [2024-04-06 12:59:36,798] {dagbag.py:508} INFO - Filling up the DagBag from /opt/conda/lib/python3.8/site-packages/airflow/example_dags/example_branch_operator.py
[2024-04-06 12:59:36,811] {processor.py:651} INFO - DAG(s) dict_keys(['example_branch_operator']) retrieved from /opt/conda/lib/python3.8/site-packages/airflow/example_dags/example_branch_operator.py
[2024-04-06 12:59:36,829] {logging_mixin.py:115} INFO - [2024-04-06 12:59:36,829] {dag.py:2420} INFO - Sync 1 DAGs
[2024-04-06 12:59:36,851] {logging_mixin.py:115} INFO - [2024-04-06 12:59:36,851] {dag.py:2968} INFO - Setting next_dagrun for example_branch_operator to 2024-04-05T00:00:00+00:00, run_after=2024-04-06T00:00:00+00:00
[2024-04-06 12:59:36,873] {processor.py:161} INFO - Processing /opt/conda/lib/python3.8/site-packages/airflow/example_dags/example_branch_operator.py took 0.081 seconds
[2024-04-06 13:00:21,479] {processor.py:153} INFO - Started process (PID=2784) to work on /opt/conda/lib/python3.8/site-packages/airflow/example_dags/example_branch_operator.py
[2024-04-06 13:00:21,482] {processor.py:641} INFO - Processing file /opt/conda/lib/python3.8/site-packages/airflow/example_dags/example_branch_operator.py for tasks to queue
[2024-04-06 13:00:21,482] {logging_mixin.py:115} INFO - [2024-04-06 13:00:21,482] {dagbag.py:508} INFO - Filling up the DagBag from /opt/conda/lib/python3.8/site-packages/airflow/example_dags/example_branch_operator.py
[2024-04-06 13:00:21,495] {processor.py:651} INFO - DAG(s) dict_keys(['example_branch_operator']) retrieved from /opt/conda/lib/python3.8/site-packages/airflow/example_dags/example_branch_operator.py
[2024-04-06 13:00:21,514] {logging_mixin.py:115} INFO - [2024-04-06 13:00:21,514] {dag.py:2420} INFO - Sync 1 DAGs
[2024-04-06 13:00:21,535] {logging_mixin.py:115} INFO - [2024-04-06 13:00:21,535] {dag.py:2968} INFO - Setting next_dagrun for example_branch_operator to 2024-04-05T00:00:00+00:00, run_after=2024-04-06T00:00:00+00:00
[2024-04-06 13:00:21,557] {processor.py:161} INFO - Processing /opt/conda/lib/python3.8/site-packages/airflow/example_dags/example_branch_operator.py took 0.082 seconds
[2024-04-06 13:01:17,630] {processor.py:153} INFO - Started process (PID=2882) to work on /opt/conda/lib/python3.8/site-packages/airflow/example_dags/example_branch_operator.py
[2024-04-06 13:01:17,632] {processor.py:641} INFO - Processing file /opt/conda/lib/python3.8/site-packages/airflow/example_dags/example_branch_operator.py for tasks to queue
[2024-04-06 13:01:17,632] {logging_mixin.py:115} INFO - [2024-04-06 13:01:17,632] {dagbag.py:508} INFO - Filling up the DagBag from /opt/conda/lib/python3.8/site-packages/airflow/example_dags/example_branch_operator.py
[2024-04-06 13:01:17,644] {processor.py:651} INFO - DAG(s) dict_keys(['example_branch_operator']) retrieved from /opt/conda/lib/python3.8/site-packages/airflow/example_dags/example_branch_operator.py
[2024-04-06 13:01:17,659] {logging_mixin.py:115} INFO - [2024-04-06 13:01:17,659] {dag.py:2420} INFO - Sync 1 DAGs
[2024-04-06 13:01:17,675] {logging_mixin.py:115} INFO - [2024-04-06 13:01:17,675] {dag.py:2968} INFO - Setting next_dagrun for example_branch_operator to 2024-04-05T00:00:00+00:00, run_after=2024-04-06T00:00:00+00:00
[2024-04-06 13:01:17,694] {processor.py:161} INFO - Processing /opt/conda/lib/python3.8/site-packages/airflow/example_dags/example_branch_operator.py took 0.067 seconds
[2024-04-06 13:02:05,828] {processor.py:153} INFO - Started process (PID=2959) to work on /opt/conda/lib/python3.8/site-packages/airflow/example_dags/example_branch_operator.py
[2024-04-06 13:02:05,836] {processor.py:641} INFO - Processing file /opt/conda/lib/python3.8/site-packages/airflow/example_dags/example_branch_operator.py for tasks to queue
[2024-04-06 13:02:05,837] {logging_mixin.py:115} INFO - [2024-04-06 13:02:05,837] {dagbag.py:508} INFO - Filling up the DagBag from /opt/conda/lib/python3.8/site-packages/airflow/example_dags/example_branch_operator.py
[2024-04-06 13:02:05,850] {processor.py:651} INFO - DAG(s) dict_keys(['example_branch_operator']) retrieved from /opt/conda/lib/python3.8/site-packages/airflow/example_dags/example_branch_operator.py
[2024-04-06 13:02:05,870] {logging_mixin.py:115} INFO - [2024-04-06 13:02:05,870] {dag.py:2420} INFO - Sync 1 DAGs
[2024-04-06 13:02:05,891] {logging_mixin.py:115} INFO - [2024-04-06 13:02:05,891] {dag.py:2968} INFO - Setting next_dagrun for example_branch_operator to 2024-04-05T00:00:00+00:00, run_after=2024-04-06T00:00:00+00:00
[2024-04-06 13:02:05,943] {processor.py:161} INFO - Processing /opt/conda/lib/python3.8/site-packages/airflow/example_dags/example_branch_operator.py took 0.119 seconds
[2024-04-06 13:02:57,950] {processor.py:153} INFO - Started process (PID=3053) to work on /opt/conda/lib/python3.8/site-packages/airflow/example_dags/example_branch_operator.py
[2024-04-06 13:02:57,952] {processor.py:641} INFO - Processing file /opt/conda/lib/python3.8/site-packages/airflow/example_dags/example_branch_operator.py for tasks to queue
[2024-04-06 13:02:57,953] {logging_mixin.py:115} INFO - [2024-04-06 13:02:57,953] {dagbag.py:508} INFO - Filling up the DagBag from /opt/conda/lib/python3.8/site-packages/airflow/example_dags/example_branch_operator.py
[2024-04-06 13:02:57,965] {processor.py:651} INFO - DAG(s) dict_keys(['example_branch_operator']) retrieved from /opt/conda/lib/python3.8/site-packages/airflow/example_dags/example_branch_operator.py
[2024-04-06 13:02:57,983] {logging_mixin.py:115} INFO - [2024-04-06 13:02:57,983] {dag.py:2420} INFO - Sync 1 DAGs
[2024-04-06 13:02:58,001] {logging_mixin.py:115} INFO - [2024-04-06 13:02:58,001] {dag.py:2968} INFO - Setting next_dagrun for example_branch_operator to 2024-04-05T00:00:00+00:00, run_after=2024-04-06T00:00:00+00:00
[2024-04-06 13:02:58,020] {processor.py:161} INFO - Processing /opt/conda/lib/python3.8/site-packages/airflow/example_dags/example_branch_operator.py took 0.074 seconds
[2024-04-06 13:03:48,455] {processor.py:153} INFO - Started process (PID=3147) to work on /opt/conda/lib/python3.8/site-packages/airflow/example_dags/example_branch_operator.py
[2024-04-06 13:03:48,456] {processor.py:641} INFO - Processing file /opt/conda/lib/python3.8/site-packages/airflow/example_dags/example_branch_operator.py for tasks to queue
[2024-04-06 13:03:48,457] {logging_mixin.py:115} INFO - [2024-04-06 13:03:48,457] {dagbag.py:508} INFO - Filling up the DagBag from /opt/conda/lib/python3.8/site-packages/airflow/example_dags/example_branch_operator.py
[2024-04-06 13:03:48,468] {processor.py:651} INFO - DAG(s) dict_keys(['example_branch_operator']) retrieved from /opt/conda/lib/python3.8/site-packages/airflow/example_dags/example_branch_operator.py
[2024-04-06 13:03:48,484] {logging_mixin.py:115} INFO - [2024-04-06 13:03:48,484] {dag.py:2420} INFO - Sync 1 DAGs
[2024-04-06 13:03:48,501] {logging_mixin.py:115} INFO - [2024-04-06 13:03:48,500] {dag.py:2968} INFO - Setting next_dagrun for example_branch_operator to 2024-04-05T00:00:00+00:00, run_after=2024-04-06T00:00:00+00:00
[2024-04-06 13:03:48,519] {processor.py:161} INFO - Processing /opt/conda/lib/python3.8/site-packages/airflow/example_dags/example_branch_operator.py took 0.068 seconds
[2024-04-06 13:04:42,266] {processor.py:153} INFO - Started process (PID=3227) to work on /opt/conda/lib/python3.8/site-packages/airflow/example_dags/example_branch_operator.py
[2024-04-06 13:04:42,268] {processor.py:641} INFO - Processing file /opt/conda/lib/python3.8/site-packages/airflow/example_dags/example_branch_operator.py for tasks to queue
[2024-04-06 13:04:42,268] {logging_mixin.py:115} INFO - [2024-04-06 13:04:42,268] {dagbag.py:508} INFO - Filling up the DagBag from /opt/conda/lib/python3.8/site-packages/airflow/example_dags/example_branch_operator.py
[2024-04-06 13:04:42,280] {processor.py:651} INFO - DAG(s) dict_keys(['example_branch_operator']) retrieved from /opt/conda/lib/python3.8/site-packages/airflow/example_dags/example_branch_operator.py
[2024-04-06 13:04:42,299] {logging_mixin.py:115} INFO - [2024-04-06 13:04:42,298] {dag.py:2420} INFO - Sync 1 DAGs
[2024-04-06 13:04:42,315] {logging_mixin.py:115} INFO - [2024-04-06 13:04:42,315] {dag.py:2968} INFO - Setting next_dagrun for example_branch_operator to 2024-04-05T00:00:00+00:00, run_after=2024-04-06T00:00:00+00:00
[2024-04-06 13:04:42,337] {processor.py:161} INFO - Processing /opt/conda/lib/python3.8/site-packages/airflow/example_dags/example_branch_operator.py took 0.074 seconds
[2024-04-06 13:05:25,639] {processor.py:153} INFO - Started process (PID=3301) to work on /opt/conda/lib/python3.8/site-packages/airflow/example_dags/example_branch_operator.py
[2024-04-06 13:05:25,640] {processor.py:641} INFO - Processing file /opt/conda/lib/python3.8/site-packages/airflow/example_dags/example_branch_operator.py for tasks to queue
[2024-04-06 13:05:25,641] {logging_mixin.py:115} INFO - [2024-04-06 13:05:25,640] {dagbag.py:508} INFO - Filling up the DagBag from /opt/conda/lib/python3.8/site-packages/airflow/example_dags/example_branch_operator.py
[2024-04-06 13:05:25,653] {processor.py:651} INFO - DAG(s) dict_keys(['example_branch_operator']) retrieved from /opt/conda/lib/python3.8/site-packages/airflow/example_dags/example_branch_operator.py
[2024-04-06 13:05:25,671] {logging_mixin.py:115} INFO - [2024-04-06 13:05:25,671] {dag.py:2420} INFO - Sync 1 DAGs
[2024-04-06 13:05:25,691] {logging_mixin.py:115} INFO - [2024-04-06 13:05:25,691] {dag.py:2968} INFO - Setting next_dagrun for example_branch_operator to 2024-04-05T00:00:00+00:00, run_after=2024-04-06T00:00:00+00:00
[2024-04-06 13:05:25,712] {processor.py:161} INFO - Processing /opt/conda/lib/python3.8/site-packages/airflow/example_dags/example_branch_operator.py took 0.077 seconds
[2024-04-06 13:06:19,211] {processor.py:153} INFO - Started process (PID=3397) to work on /opt/conda/lib/python3.8/site-packages/airflow/example_dags/example_branch_operator.py
[2024-04-06 13:06:19,213] {processor.py:641} INFO - Processing file /opt/conda/lib/python3.8/site-packages/airflow/example_dags/example_branch_operator.py for tasks to queue
[2024-04-06 13:06:19,213] {logging_mixin.py:115} INFO - [2024-04-06 13:06:19,213] {dagbag.py:508} INFO - Filling up the DagBag from /opt/conda/lib/python3.8/site-packages/airflow/example_dags/example_branch_operator.py
[2024-04-06 13:06:19,226] {processor.py:651} INFO - DAG(s) dict_keys(['example_branch_operator']) retrieved from /opt/conda/lib/python3.8/site-packages/airflow/example_dags/example_branch_operator.py
[2024-04-06 13:06:19,245] {logging_mixin.py:115} INFO - [2024-04-06 13:06:19,245] {dag.py:2420} INFO - Sync 1 DAGs
[2024-04-06 13:06:19,264] {logging_mixin.py:115} INFO - [2024-04-06 13:06:19,264] {dag.py:2968} INFO - Setting next_dagrun for example_branch_operator to 2024-04-05T00:00:00+00:00, run_after=2024-04-06T00:00:00+00:00
[2024-04-06 13:06:19,286] {processor.py:161} INFO - Processing /opt/conda/lib/python3.8/site-packages/airflow/example_dags/example_branch_operator.py took 0.078 seconds
[2024-04-06 13:07:02,902] {processor.py:153} INFO - Started process (PID=3468) to work on /opt/conda/lib/python3.8/site-packages/airflow/example_dags/example_branch_operator.py
[2024-04-06 13:07:02,903] {processor.py:641} INFO - Processing file /opt/conda/lib/python3.8/site-packages/airflow/example_dags/example_branch_operator.py for tasks to queue
[2024-04-06 13:07:02,904] {logging_mixin.py:115} INFO - [2024-04-06 13:07:02,904] {dagbag.py:508} INFO - Filling up the DagBag from /opt/conda/lib/python3.8/site-packages/airflow/example_dags/example_branch_operator.py
[2024-04-06 13:07:02,915] {processor.py:651} INFO - DAG(s) dict_keys(['example_branch_operator']) retrieved from /opt/conda/lib/python3.8/site-packages/airflow/example_dags/example_branch_operator.py
[2024-04-06 13:07:02,931] {logging_mixin.py:115} INFO - [2024-04-06 13:07:02,931] {dag.py:2420} INFO - Sync 1 DAGs
[2024-04-06 13:07:02,946] {logging_mixin.py:115} INFO - [2024-04-06 13:07:02,946] {dag.py:2968} INFO - Setting next_dagrun for example_branch_operator to 2024-04-05T00:00:00+00:00, run_after=2024-04-06T00:00:00+00:00
[2024-04-06 13:07:02,965] {processor.py:161} INFO - Processing /opt/conda/lib/python3.8/site-packages/airflow/example_dags/example_branch_operator.py took 0.067 seconds
[2024-04-06 13:07:54,591] {processor.py:153} INFO - Started process (PID=3583) to work on /opt/conda/lib/python3.8/site-packages/airflow/example_dags/example_branch_operator.py
[2024-04-06 13:07:54,594] {processor.py:641} INFO - Processing file /opt/conda/lib/python3.8/site-packages/airflow/example_dags/example_branch_operator.py for tasks to queue
[2024-04-06 13:07:54,594] {logging_mixin.py:115} INFO - [2024-04-06 13:07:54,594] {dagbag.py:508} INFO - Filling up the DagBag from /opt/conda/lib/python3.8/site-packages/airflow/example_dags/example_branch_operator.py
[2024-04-06 13:07:54,607] {processor.py:651} INFO - DAG(s) dict_keys(['example_branch_operator']) retrieved from /opt/conda/lib/python3.8/site-packages/airflow/example_dags/example_branch_operator.py
[2024-04-06 13:07:54,626] {logging_mixin.py:115} INFO - [2024-04-06 13:07:54,626] {dag.py:2420} INFO - Sync 1 DAGs
[2024-04-06 13:07:54,645] {logging_mixin.py:115} INFO - [2024-04-06 13:07:54,645] {dag.py:2968} INFO - Setting next_dagrun for example_branch_operator to 2024-04-05T00:00:00+00:00, run_after=2024-04-06T00:00:00+00:00
[2024-04-06 13:07:54,666] {processor.py:161} INFO - Processing /opt/conda/lib/python3.8/site-packages/airflow/example_dags/example_branch_operator.py took 0.079 seconds
[2024-04-06 13:08:47,996] {processor.py:153} INFO - Started process (PID=3678) to work on /opt/conda/lib/python3.8/site-packages/airflow/example_dags/example_branch_operator.py
[2024-04-06 13:08:47,998] {processor.py:641} INFO - Processing file /opt/conda/lib/python3.8/site-packages/airflow/example_dags/example_branch_operator.py for tasks to queue
[2024-04-06 13:08:47,999] {logging_mixin.py:115} INFO - [2024-04-06 13:08:47,999] {dagbag.py:508} INFO - Filling up the DagBag from /opt/conda/lib/python3.8/site-packages/airflow/example_dags/example_branch_operator.py
[2024-04-06 13:08:48,011] {processor.py:651} INFO - DAG(s) dict_keys(['example_branch_operator']) retrieved from /opt/conda/lib/python3.8/site-packages/airflow/example_dags/example_branch_operator.py
[2024-04-06 13:08:48,028] {logging_mixin.py:115} INFO - [2024-04-06 13:08:48,028] {dag.py:2420} INFO - Sync 1 DAGs
[2024-04-06 13:08:48,044] {logging_mixin.py:115} INFO - [2024-04-06 13:08:48,044] {dag.py:2968} INFO - Setting next_dagrun for example_branch_operator to 2024-04-05T00:00:00+00:00, run_after=2024-04-06T00:00:00+00:00
[2024-04-06 13:08:48,064] {processor.py:161} INFO - Processing /opt/conda/lib/python3.8/site-packages/airflow/example_dags/example_branch_operator.py took 0.072 seconds
[2024-04-06 13:09:39,423] {processor.py:153} INFO - Started process (PID=3771) to work on /opt/conda/lib/python3.8/site-packages/airflow/example_dags/example_branch_operator.py
[2024-04-06 13:09:39,425] {processor.py:641} INFO - Processing file /opt/conda/lib/python3.8/site-packages/airflow/example_dags/example_branch_operator.py for tasks to queue
[2024-04-06 13:09:39,425] {logging_mixin.py:115} INFO - [2024-04-06 13:09:39,425] {dagbag.py:508} INFO - Filling up the DagBag from /opt/conda/lib/python3.8/site-packages/airflow/example_dags/example_branch_operator.py
[2024-04-06 13:09:39,437] {processor.py:651} INFO - DAG(s) dict_keys(['example_branch_operator']) retrieved from /opt/conda/lib/python3.8/site-packages/airflow/example_dags/example_branch_operator.py
[2024-04-06 13:09:39,455] {logging_mixin.py:115} INFO - [2024-04-06 13:09:39,455] {dag.py:2420} INFO - Sync 1 DAGs
[2024-04-06 13:09:39,476] {logging_mixin.py:115} INFO - [2024-04-06 13:09:39,476] {dag.py:2968} INFO - Setting next_dagrun for example_branch_operator to 2024-04-05T00:00:00+00:00, run_after=2024-04-06T00:00:00+00:00
[2024-04-06 13:09:39,497] {processor.py:161} INFO - Processing /opt/conda/lib/python3.8/site-packages/airflow/example_dags/example_branch_operator.py took 0.077 seconds
[2024-04-06 13:10:22,231] {processor.py:153} INFO - Started process (PID=3842) to work on /opt/conda/lib/python3.8/site-packages/airflow/example_dags/example_branch_operator.py
[2024-04-06 13:10:22,233] {processor.py:641} INFO - Processing file /opt/conda/lib/python3.8/site-packages/airflow/example_dags/example_branch_operator.py for tasks to queue
[2024-04-06 13:10:22,233] {logging_mixin.py:115} INFO - [2024-04-06 13:10:22,233] {dagbag.py:508} INFO - Filling up the DagBag from /opt/conda/lib/python3.8/site-packages/airflow/example_dags/example_branch_operator.py
[2024-04-06 13:10:22,244] {processor.py:651} INFO - DAG(s) dict_keys(['example_branch_operator']) retrieved from /opt/conda/lib/python3.8/site-packages/airflow/example_dags/example_branch_operator.py
[2024-04-06 13:10:22,260] {logging_mixin.py:115} INFO - [2024-04-06 13:10:22,260] {dag.py:2420} INFO - Sync 1 DAGs
[2024-04-06 13:10:22,275] {logging_mixin.py:115} INFO - [2024-04-06 13:10:22,275] {dag.py:2968} INFO - Setting next_dagrun for example_branch_operator to 2024-04-05T00:00:00+00:00, run_after=2024-04-06T00:00:00+00:00
[2024-04-06 13:10:22,295] {processor.py:161} INFO - Processing /opt/conda/lib/python3.8/site-packages/airflow/example_dags/example_branch_operator.py took 0.068 seconds
[2024-04-06 13:11:16,495] {processor.py:153} INFO - Started process (PID=3938) to work on /opt/conda/lib/python3.8/site-packages/airflow/example_dags/example_branch_operator.py
[2024-04-06 13:11:16,497] {processor.py:641} INFO - Processing file /opt/conda/lib/python3.8/site-packages/airflow/example_dags/example_branch_operator.py for tasks to queue
[2024-04-06 13:11:16,498] {logging_mixin.py:115} INFO - [2024-04-06 13:11:16,497] {dagbag.py:508} INFO - Filling up the DagBag from /opt/conda/lib/python3.8/site-packages/airflow/example_dags/example_branch_operator.py
[2024-04-06 13:11:16,509] {processor.py:651} INFO - DAG(s) dict_keys(['example_branch_operator']) retrieved from /opt/conda/lib/python3.8/site-packages/airflow/example_dags/example_branch_operator.py
[2024-04-06 13:11:16,524] {logging_mixin.py:115} INFO - [2024-04-06 13:11:16,524] {dag.py:2420} INFO - Sync 1 DAGs
[2024-04-06 13:11:16,539] {logging_mixin.py:115} INFO - [2024-04-06 13:11:16,539] {dag.py:2968} INFO - Setting next_dagrun for example_branch_operator to 2024-04-05T00:00:00+00:00, run_after=2024-04-06T00:00:00+00:00
[2024-04-06 13:11:16,559] {processor.py:161} INFO - Processing /opt/conda/lib/python3.8/site-packages/airflow/example_dags/example_branch_operator.py took 0.067 seconds
[2024-04-06 13:12:10,786] {processor.py:153} INFO - Started process (PID=4020) to work on /opt/conda/lib/python3.8/site-packages/airflow/example_dags/example_branch_operator.py
[2024-04-06 13:12:10,788] {processor.py:641} INFO - Processing file /opt/conda/lib/python3.8/site-packages/airflow/example_dags/example_branch_operator.py for tasks to queue
[2024-04-06 13:12:10,788] {logging_mixin.py:115} INFO - [2024-04-06 13:12:10,788] {dagbag.py:508} INFO - Filling up the DagBag from /opt/conda/lib/python3.8/site-packages/airflow/example_dags/example_branch_operator.py
[2024-04-06 13:12:10,800] {processor.py:651} INFO - DAG(s) dict_keys(['example_branch_operator']) retrieved from /opt/conda/lib/python3.8/site-packages/airflow/example_dags/example_branch_operator.py
[2024-04-06 13:12:10,819] {logging_mixin.py:115} INFO - [2024-04-06 13:12:10,819] {dag.py:2420} INFO - Sync 1 DAGs
[2024-04-06 13:12:10,839] {logging_mixin.py:115} INFO - [2024-04-06 13:12:10,839] {dag.py:2968} INFO - Setting next_dagrun for example_branch_operator to 2024-04-05T00:00:00+00:00, run_after=2024-04-06T00:00:00+00:00
[2024-04-06 13:12:10,862] {processor.py:161} INFO - Processing /opt/conda/lib/python3.8/site-packages/airflow/example_dags/example_branch_operator.py took 0.079 seconds
[2024-04-06 13:12:54,529] {processor.py:153} INFO - Started process (PID=4090) to work on /opt/conda/lib/python3.8/site-packages/airflow/example_dags/example_branch_operator.py
[2024-04-06 13:12:54,530] {processor.py:641} INFO - Processing file /opt/conda/lib/python3.8/site-packages/airflow/example_dags/example_branch_operator.py for tasks to queue
[2024-04-06 13:12:54,531] {logging_mixin.py:115} INFO - [2024-04-06 13:12:54,531] {dagbag.py:508} INFO - Filling up the DagBag from /opt/conda/lib/python3.8/site-packages/airflow/example_dags/example_branch_operator.py
[2024-04-06 13:12:54,543] {processor.py:651} INFO - DAG(s) dict_keys(['example_branch_operator']) retrieved from /opt/conda/lib/python3.8/site-packages/airflow/example_dags/example_branch_operator.py
[2024-04-06 13:12:54,560] {logging_mixin.py:115} INFO - [2024-04-06 13:12:54,559] {dag.py:2420} INFO - Sync 1 DAGs
[2024-04-06 13:12:54,580] {logging_mixin.py:115} INFO - [2024-04-06 13:12:54,580] {dag.py:2968} INFO - Setting next_dagrun for example_branch_operator to 2024-04-05T00:00:00+00:00, run_after=2024-04-06T00:00:00+00:00
[2024-04-06 13:12:54,603] {processor.py:161} INFO - Processing /opt/conda/lib/python3.8/site-packages/airflow/example_dags/example_branch_operator.py took 0.077 seconds
[2024-04-06 13:13:40,135] {processor.py:153} INFO - Started process (PID=4191) to work on /opt/conda/lib/python3.8/site-packages/airflow/example_dags/example_branch_operator.py
[2024-04-06 13:13:40,137] {processor.py:641} INFO - Processing file /opt/conda/lib/python3.8/site-packages/airflow/example_dags/example_branch_operator.py for tasks to queue
[2024-04-06 13:13:40,137] {logging_mixin.py:115} INFO - [2024-04-06 13:13:40,137] {dagbag.py:508} INFO - Filling up the DagBag from /opt/conda/lib/python3.8/site-packages/airflow/example_dags/example_branch_operator.py
[2024-04-06 13:13:40,148] {processor.py:651} INFO - DAG(s) dict_keys(['example_branch_operator']) retrieved from /opt/conda/lib/python3.8/site-packages/airflow/example_dags/example_branch_operator.py
[2024-04-06 13:13:40,165] {logging_mixin.py:115} INFO - [2024-04-06 13:13:40,165] {dag.py:2420} INFO - Sync 1 DAGs
[2024-04-06 13:13:40,185] {logging_mixin.py:115} INFO - [2024-04-06 13:13:40,185] {dag.py:2968} INFO - Setting next_dagrun for example_branch_operator to 2024-04-05T00:00:00+00:00, run_after=2024-04-06T00:00:00+00:00
[2024-04-06 13:13:40,206] {processor.py:161} INFO - Processing /opt/conda/lib/python3.8/site-packages/airflow/example_dags/example_branch_operator.py took 0.074 seconds
[2024-04-06 13:14:34,382] {processor.py:153} INFO - Started process (PID=4287) to work on /opt/conda/lib/python3.8/site-packages/airflow/example_dags/example_branch_operator.py
[2024-04-06 13:14:34,384] {processor.py:641} INFO - Processing file /opt/conda/lib/python3.8/site-packages/airflow/example_dags/example_branch_operator.py for tasks to queue
[2024-04-06 13:14:34,384] {logging_mixin.py:115} INFO - [2024-04-06 13:14:34,384] {dagbag.py:508} INFO - Filling up the DagBag from /opt/conda/lib/python3.8/site-packages/airflow/example_dags/example_branch_operator.py
[2024-04-06 13:14:34,396] {processor.py:651} INFO - DAG(s) dict_keys(['example_branch_operator']) retrieved from /opt/conda/lib/python3.8/site-packages/airflow/example_dags/example_branch_operator.py
[2024-04-06 13:14:34,414] {logging_mixin.py:115} INFO - [2024-04-06 13:14:34,414] {dag.py:2420} INFO - Sync 1 DAGs
[2024-04-06 13:14:34,432] {logging_mixin.py:115} INFO - [2024-04-06 13:14:34,432] {dag.py:2968} INFO - Setting next_dagrun for example_branch_operator to 2024-04-05T00:00:00+00:00, run_after=2024-04-06T00:00:00+00:00
[2024-04-06 13:14:34,460] {processor.py:161} INFO - Processing /opt/conda/lib/python3.8/site-packages/airflow/example_dags/example_branch_operator.py took 0.081 seconds
[2024-04-06 13:15:30,283] {processor.py:153} INFO - Started process (PID=4388) to work on /opt/conda/lib/python3.8/site-packages/airflow/example_dags/example_branch_operator.py
[2024-04-06 13:15:30,285] {processor.py:641} INFO - Processing file /opt/conda/lib/python3.8/site-packages/airflow/example_dags/example_branch_operator.py for tasks to queue
[2024-04-06 13:15:30,285] {logging_mixin.py:115} INFO - [2024-04-06 13:15:30,285] {dagbag.py:508} INFO - Filling up the DagBag from /opt/conda/lib/python3.8/site-packages/airflow/example_dags/example_branch_operator.py
[2024-04-06 13:15:30,298] {processor.py:651} INFO - DAG(s) dict_keys(['example_branch_operator']) retrieved from /opt/conda/lib/python3.8/site-packages/airflow/example_dags/example_branch_operator.py
[2024-04-06 13:15:30,317] {logging_mixin.py:115} INFO - [2024-04-06 13:15:30,317] {dag.py:2420} INFO - Sync 1 DAGs
[2024-04-06 13:15:30,338] {logging_mixin.py:115} INFO - [2024-04-06 13:15:30,338] {dag.py:2968} INFO - Setting next_dagrun for example_branch_operator to 2024-04-05T00:00:00+00:00, run_after=2024-04-06T00:00:00+00:00
[2024-04-06 13:15:30,362] {processor.py:161} INFO - Processing /opt/conda/lib/python3.8/site-packages/airflow/example_dags/example_branch_operator.py took 0.083 seconds
[2024-04-06 13:16:13,363] {processor.py:153} INFO - Started process (PID=4459) to work on /opt/conda/lib/python3.8/site-packages/airflow/example_dags/example_branch_operator.py
[2024-04-06 13:16:13,365] {processor.py:641} INFO - Processing file /opt/conda/lib/python3.8/site-packages/airflow/example_dags/example_branch_operator.py for tasks to queue
[2024-04-06 13:16:13,365] {logging_mixin.py:115} INFO - [2024-04-06 13:16:13,365] {dagbag.py:508} INFO - Filling up the DagBag from /opt/conda/lib/python3.8/site-packages/airflow/example_dags/example_branch_operator.py
[2024-04-06 13:16:13,378] {processor.py:651} INFO - DAG(s) dict_keys(['example_branch_operator']) retrieved from /opt/conda/lib/python3.8/site-packages/airflow/example_dags/example_branch_operator.py
[2024-04-06 13:16:13,396] {logging_mixin.py:115} INFO - [2024-04-06 13:16:13,396] {dag.py:2420} INFO - Sync 1 DAGs
[2024-04-06 13:16:13,416] {logging_mixin.py:115} INFO - [2024-04-06 13:16:13,416] {dag.py:2968} INFO - Setting next_dagrun for example_branch_operator to 2024-04-05T00:00:00+00:00, run_after=2024-04-06T00:00:00+00:00
[2024-04-06 13:16:13,445] {processor.py:161} INFO - Processing /opt/conda/lib/python3.8/site-packages/airflow/example_dags/example_branch_operator.py took 0.085 seconds
[2024-04-06 13:17:09,480] {processor.py:153} INFO - Started process (PID=4542) to work on /opt/conda/lib/python3.8/site-packages/airflow/example_dags/example_branch_operator.py
[2024-04-06 13:17:09,482] {processor.py:641} INFO - Processing file /opt/conda/lib/python3.8/site-packages/airflow/example_dags/example_branch_operator.py for tasks to queue
[2024-04-06 13:17:09,482] {logging_mixin.py:115} INFO - [2024-04-06 13:17:09,482] {dagbag.py:508} INFO - Filling up the DagBag from /opt/conda/lib/python3.8/site-packages/airflow/example_dags/example_branch_operator.py
[2024-04-06 13:17:09,494] {processor.py:651} INFO - DAG(s) dict_keys(['example_branch_operator']) retrieved from /opt/conda/lib/python3.8/site-packages/airflow/example_dags/example_branch_operator.py
[2024-04-06 13:17:09,512] {logging_mixin.py:115} INFO - [2024-04-06 13:17:09,512] {dag.py:2420} INFO - Sync 1 DAGs
[2024-04-06 13:17:09,530] {logging_mixin.py:115} INFO - [2024-04-06 13:17:09,530] {dag.py:2968} INFO - Setting next_dagrun for example_branch_operator to 2024-04-05T00:00:00+00:00, run_after=2024-04-06T00:00:00+00:00
[2024-04-06 13:17:09,550] {processor.py:161} INFO - Processing /opt/conda/lib/python3.8/site-packages/airflow/example_dags/example_branch_operator.py took 0.073 seconds
[2024-04-06 13:18:04,144] {processor.py:153} INFO - Started process (PID=4639) to work on /opt/conda/lib/python3.8/site-packages/airflow/example_dags/example_branch_operator.py
[2024-04-06 13:18:04,147] {processor.py:641} INFO - Processing file /opt/conda/lib/python3.8/site-packages/airflow/example_dags/example_branch_operator.py for tasks to queue
[2024-04-06 13:18:04,147] {logging_mixin.py:115} INFO - [2024-04-06 13:18:04,147] {dagbag.py:508} INFO - Filling up the DagBag from /opt/conda/lib/python3.8/site-packages/airflow/example_dags/example_branch_operator.py
[2024-04-06 13:18:04,160] {processor.py:651} INFO - DAG(s) dict_keys(['example_branch_operator']) retrieved from /opt/conda/lib/python3.8/site-packages/airflow/example_dags/example_branch_operator.py
[2024-04-06 13:18:04,176] {logging_mixin.py:115} INFO - [2024-04-06 13:18:04,176] {dag.py:2420} INFO - Sync 1 DAGs
[2024-04-06 13:18:04,192] {logging_mixin.py:115} INFO - [2024-04-06 13:18:04,192] {dag.py:2968} INFO - Setting next_dagrun for example_branch_operator to 2024-04-05T00:00:00+00:00, run_after=2024-04-06T00:00:00+00:00
[2024-04-06 13:18:04,211] {processor.py:161} INFO - Processing /opt/conda/lib/python3.8/site-packages/airflow/example_dags/example_branch_operator.py took 0.071 seconds
[2024-04-06 13:19:03,015] {processor.py:153} INFO - Started process (PID=4797) to work on /opt/conda/lib/python3.8/site-packages/airflow/example_dags/example_branch_operator.py
[2024-04-06 13:19:03,017] {processor.py:641} INFO - Processing file /opt/conda/lib/python3.8/site-packages/airflow/example_dags/example_branch_operator.py for tasks to queue
[2024-04-06 13:19:03,017] {logging_mixin.py:115} INFO - [2024-04-06 13:19:03,017] {dagbag.py:508} INFO - Filling up the DagBag from /opt/conda/lib/python3.8/site-packages/airflow/example_dags/example_branch_operator.py
[2024-04-06 13:19:03,030] {processor.py:651} INFO - DAG(s) dict_keys(['example_branch_operator']) retrieved from /opt/conda/lib/python3.8/site-packages/airflow/example_dags/example_branch_operator.py
[2024-04-06 13:19:03,048] {logging_mixin.py:115} INFO - [2024-04-06 13:19:03,048] {dag.py:2420} INFO - Sync 1 DAGs
[2024-04-06 13:19:03,065] {logging_mixin.py:115} INFO - [2024-04-06 13:19:03,065] {dag.py:2968} INFO - Setting next_dagrun for example_branch_operator to 2024-04-05T00:00:00+00:00, run_after=2024-04-06T00:00:00+00:00
[2024-04-06 13:19:03,085] {processor.py:161} INFO - Processing /opt/conda/lib/python3.8/site-packages/airflow/example_dags/example_branch_operator.py took 0.074 seconds
[2024-04-06 13:20:02,860] {processor.py:153} INFO - Started process (PID=4897) to work on /opt/conda/lib/python3.8/site-packages/airflow/example_dags/example_branch_operator.py
[2024-04-06 13:20:02,861] {processor.py:641} INFO - Processing file /opt/conda/lib/python3.8/site-packages/airflow/example_dags/example_branch_operator.py for tasks to queue
[2024-04-06 13:20:02,861] {logging_mixin.py:115} INFO - [2024-04-06 13:20:02,861] {dagbag.py:508} INFO - Filling up the DagBag from /opt/conda/lib/python3.8/site-packages/airflow/example_dags/example_branch_operator.py
[2024-04-06 13:20:02,873] {processor.py:651} INFO - DAG(s) dict_keys(['example_branch_operator']) retrieved from /opt/conda/lib/python3.8/site-packages/airflow/example_dags/example_branch_operator.py
[2024-04-06 13:20:02,891] {logging_mixin.py:115} INFO - [2024-04-06 13:20:02,891] {dag.py:2420} INFO - Sync 1 DAGs
[2024-04-06 13:20:02,912] {logging_mixin.py:115} INFO - [2024-04-06 13:20:02,911] {dag.py:2968} INFO - Setting next_dagrun for example_branch_operator to 2024-04-05T00:00:00+00:00, run_after=2024-04-06T00:00:00+00:00
[2024-04-06 13:20:02,933] {processor.py:161} INFO - Processing /opt/conda/lib/python3.8/site-packages/airflow/example_dags/example_branch_operator.py took 0.077 seconds
[2024-04-06 13:20:50,860] {processor.py:153} INFO - Started process (PID=4983) to work on /opt/conda/lib/python3.8/site-packages/airflow/example_dags/example_branch_operator.py
[2024-04-06 13:20:50,861] {processor.py:641} INFO - Processing file /opt/conda/lib/python3.8/site-packages/airflow/example_dags/example_branch_operator.py for tasks to queue
[2024-04-06 13:20:50,862] {logging_mixin.py:115} INFO - [2024-04-06 13:20:50,861] {dagbag.py:508} INFO - Filling up the DagBag from /opt/conda/lib/python3.8/site-packages/airflow/example_dags/example_branch_operator.py
[2024-04-06 13:20:50,873] {processor.py:651} INFO - DAG(s) dict_keys(['example_branch_operator']) retrieved from /opt/conda/lib/python3.8/site-packages/airflow/example_dags/example_branch_operator.py
[2024-04-06 13:20:50,891] {logging_mixin.py:115} INFO - [2024-04-06 13:20:50,891] {dag.py:2420} INFO - Sync 1 DAGs
[2024-04-06 13:20:50,912] {logging_mixin.py:115} INFO - [2024-04-06 13:20:50,912] {dag.py:2968} INFO - Setting next_dagrun for example_branch_operator to 2024-04-05T00:00:00+00:00, run_after=2024-04-06T00:00:00+00:00
[2024-04-06 13:20:51,073] {processor.py:161} INFO - Processing /opt/conda/lib/python3.8/site-packages/airflow/example_dags/example_branch_operator.py took 0.217 seconds
[2024-04-06 13:21:37,588] {processor.py:153} INFO - Started process (PID=5054) to work on /opt/conda/lib/python3.8/site-packages/airflow/example_dags/example_branch_operator.py
[2024-04-06 13:21:37,590] {processor.py:641} INFO - Processing file /opt/conda/lib/python3.8/site-packages/airflow/example_dags/example_branch_operator.py for tasks to queue
[2024-04-06 13:21:37,590] {logging_mixin.py:115} INFO - [2024-04-06 13:21:37,590] {dagbag.py:508} INFO - Filling up the DagBag from /opt/conda/lib/python3.8/site-packages/airflow/example_dags/example_branch_operator.py
[2024-04-06 13:21:37,602] {processor.py:651} INFO - DAG(s) dict_keys(['example_branch_operator']) retrieved from /opt/conda/lib/python3.8/site-packages/airflow/example_dags/example_branch_operator.py
[2024-04-06 13:21:37,618] {logging_mixin.py:115} INFO - [2024-04-06 13:21:37,617] {dag.py:2420} INFO - Sync 1 DAGs
[2024-04-06 13:21:37,633] {logging_mixin.py:115} INFO - [2024-04-06 13:21:37,633] {dag.py:2968} INFO - Setting next_dagrun for example_branch_operator to 2024-04-05T00:00:00+00:00, run_after=2024-04-06T00:00:00+00:00
[2024-04-06 13:21:37,652] {processor.py:161} INFO - Processing /opt/conda/lib/python3.8/site-packages/airflow/example_dags/example_branch_operator.py took 0.068 seconds
[2024-04-06 13:22:22,034] {processor.py:153} INFO - Started process (PID=5155) to work on /opt/conda/lib/python3.8/site-packages/airflow/example_dags/example_branch_operator.py
[2024-04-06 13:22:22,035] {processor.py:641} INFO - Processing file /opt/conda/lib/python3.8/site-packages/airflow/example_dags/example_branch_operator.py for tasks to queue
[2024-04-06 13:22:22,036] {logging_mixin.py:115} INFO - [2024-04-06 13:22:22,036] {dagbag.py:508} INFO - Filling up the DagBag from /opt/conda/lib/python3.8/site-packages/airflow/example_dags/example_branch_operator.py
[2024-04-06 13:22:22,048] {processor.py:651} INFO - DAG(s) dict_keys(['example_branch_operator']) retrieved from /opt/conda/lib/python3.8/site-packages/airflow/example_dags/example_branch_operator.py
[2024-04-06 13:22:22,067] {logging_mixin.py:115} INFO - [2024-04-06 13:22:22,066] {dag.py:2420} INFO - Sync 1 DAGs
[2024-04-06 13:22:22,087] {logging_mixin.py:115} INFO - [2024-04-06 13:22:22,087] {dag.py:2968} INFO - Setting next_dagrun for example_branch_operator to 2024-04-05T00:00:00+00:00, run_after=2024-04-06T00:00:00+00:00
[2024-04-06 13:22:22,167] {processor.py:161} INFO - Processing /opt/conda/lib/python3.8/site-packages/airflow/example_dags/example_branch_operator.py took 0.136 seconds
[2024-04-06 13:23:06,652] {processor.py:153} INFO - Started process (PID=5232) to work on /opt/conda/lib/python3.8/site-packages/airflow/example_dags/example_branch_operator.py
[2024-04-06 13:23:06,658] {processor.py:641} INFO - Processing file /opt/conda/lib/python3.8/site-packages/airflow/example_dags/example_branch_operator.py for tasks to queue
[2024-04-06 13:23:06,658] {logging_mixin.py:115} INFO - [2024-04-06 13:23:06,658] {dagbag.py:508} INFO - Filling up the DagBag from /opt/conda/lib/python3.8/site-packages/airflow/example_dags/example_branch_operator.py
[2024-04-06 13:23:06,671] {processor.py:651} INFO - DAG(s) dict_keys(['example_branch_operator']) retrieved from /opt/conda/lib/python3.8/site-packages/airflow/example_dags/example_branch_operator.py
[2024-04-06 13:23:06,690] {logging_mixin.py:115} INFO - [2024-04-06 13:23:06,689] {dag.py:2420} INFO - Sync 1 DAGs
[2024-04-06 13:23:06,711] {logging_mixin.py:115} INFO - [2024-04-06 13:23:06,711] {dag.py:2968} INFO - Setting next_dagrun for example_branch_operator to 2024-04-05T00:00:00+00:00, run_after=2024-04-06T00:00:00+00:00
[2024-04-06 13:23:06,749] {processor.py:161} INFO - Processing /opt/conda/lib/python3.8/site-packages/airflow/example_dags/example_branch_operator.py took 0.100 seconds
[2024-04-06 13:23:51,964] {processor.py:153} INFO - Started process (PID=5312) to work on /opt/conda/lib/python3.8/site-packages/airflow/example_dags/example_branch_operator.py
[2024-04-06 13:23:51,965] {processor.py:641} INFO - Processing file /opt/conda/lib/python3.8/site-packages/airflow/example_dags/example_branch_operator.py for tasks to queue
[2024-04-06 13:23:51,966] {logging_mixin.py:115} INFO - [2024-04-06 13:23:51,966] {dagbag.py:508} INFO - Filling up the DagBag from /opt/conda/lib/python3.8/site-packages/airflow/example_dags/example_branch_operator.py
[2024-04-06 13:23:51,978] {processor.py:651} INFO - DAG(s) dict_keys(['example_branch_operator']) retrieved from /opt/conda/lib/python3.8/site-packages/airflow/example_dags/example_branch_operator.py
[2024-04-06 13:23:51,996] {logging_mixin.py:115} INFO - [2024-04-06 13:23:51,996] {dag.py:2420} INFO - Sync 1 DAGs
[2024-04-06 13:23:52,017] {logging_mixin.py:115} INFO - [2024-04-06 13:23:52,017] {dag.py:2968} INFO - Setting next_dagrun for example_branch_operator to 2024-04-05T00:00:00+00:00, run_after=2024-04-06T00:00:00+00:00
[2024-04-06 13:23:52,040] {processor.py:161} INFO - Processing /opt/conda/lib/python3.8/site-packages/airflow/example_dags/example_branch_operator.py took 0.080 seconds
[2024-04-06 13:24:43,218] {processor.py:153} INFO - Started process (PID=5414) to work on /opt/conda/lib/python3.8/site-packages/airflow/example_dags/example_branch_operator.py
[2024-04-06 13:24:43,219] {processor.py:641} INFO - Processing file /opt/conda/lib/python3.8/site-packages/airflow/example_dags/example_branch_operator.py for tasks to queue
[2024-04-06 13:24:43,220] {logging_mixin.py:115} INFO - [2024-04-06 13:24:43,220] {dagbag.py:508} INFO - Filling up the DagBag from /opt/conda/lib/python3.8/site-packages/airflow/example_dags/example_branch_operator.py
[2024-04-06 13:24:43,233] {processor.py:651} INFO - DAG(s) dict_keys(['example_branch_operator']) retrieved from /opt/conda/lib/python3.8/site-packages/airflow/example_dags/example_branch_operator.py
[2024-04-06 13:24:43,253] {logging_mixin.py:115} INFO - [2024-04-06 13:24:43,253] {dag.py:2420} INFO - Sync 1 DAGs
[2024-04-06 13:24:43,274] {logging_mixin.py:115} INFO - [2024-04-06 13:24:43,274] {dag.py:2968} INFO - Setting next_dagrun for example_branch_operator to 2024-04-05T00:00:00+00:00, run_after=2024-04-06T00:00:00+00:00
[2024-04-06 13:24:43,338] {processor.py:161} INFO - Processing /opt/conda/lib/python3.8/site-packages/airflow/example_dags/example_branch_operator.py took 0.125 seconds
[2024-04-06 13:25:28,033] {processor.py:153} INFO - Started process (PID=5491) to work on /opt/conda/lib/python3.8/site-packages/airflow/example_dags/example_branch_operator.py
[2024-04-06 13:25:28,034] {processor.py:641} INFO - Processing file /opt/conda/lib/python3.8/site-packages/airflow/example_dags/example_branch_operator.py for tasks to queue
[2024-04-06 13:25:28,035] {logging_mixin.py:115} INFO - [2024-04-06 13:25:28,035] {dagbag.py:508} INFO - Filling up the DagBag from /opt/conda/lib/python3.8/site-packages/airflow/example_dags/example_branch_operator.py
[2024-04-06 13:25:28,046] {processor.py:651} INFO - DAG(s) dict_keys(['example_branch_operator']) retrieved from /opt/conda/lib/python3.8/site-packages/airflow/example_dags/example_branch_operator.py
[2024-04-06 13:25:28,062] {logging_mixin.py:115} INFO - [2024-04-06 13:25:28,062] {dag.py:2420} INFO - Sync 1 DAGs
[2024-04-06 13:25:28,080] {logging_mixin.py:115} INFO - [2024-04-06 13:25:28,080] {dag.py:2968} INFO - Setting next_dagrun for example_branch_operator to 2024-04-05T00:00:00+00:00, run_after=2024-04-06T00:00:00+00:00
[2024-04-06 13:25:28,102] {processor.py:161} INFO - Processing /opt/conda/lib/python3.8/site-packages/airflow/example_dags/example_branch_operator.py took 0.072 seconds
[2024-04-06 13:26:11,064] {processor.py:153} INFO - Started process (PID=5562) to work on /opt/conda/lib/python3.8/site-packages/airflow/example_dags/example_branch_operator.py
[2024-04-06 13:26:11,066] {processor.py:641} INFO - Processing file /opt/conda/lib/python3.8/site-packages/airflow/example_dags/example_branch_operator.py for tasks to queue
[2024-04-06 13:26:11,066] {logging_mixin.py:115} INFO - [2024-04-06 13:26:11,066] {dagbag.py:508} INFO - Filling up the DagBag from /opt/conda/lib/python3.8/site-packages/airflow/example_dags/example_branch_operator.py
[2024-04-06 13:26:11,077] {processor.py:651} INFO - DAG(s) dict_keys(['example_branch_operator']) retrieved from /opt/conda/lib/python3.8/site-packages/airflow/example_dags/example_branch_operator.py
[2024-04-06 13:26:11,093] {logging_mixin.py:115} INFO - [2024-04-06 13:26:11,093] {dag.py:2420} INFO - Sync 1 DAGs
[2024-04-06 13:26:11,108] {logging_mixin.py:115} INFO - [2024-04-06 13:26:11,108] {dag.py:2968} INFO - Setting next_dagrun for example_branch_operator to 2024-04-05T00:00:00+00:00, run_after=2024-04-06T00:00:00+00:00
[2024-04-06 13:26:11,145] {processor.py:161} INFO - Processing /opt/conda/lib/python3.8/site-packages/airflow/example_dags/example_branch_operator.py took 0.084 seconds
[2024-04-06 13:27:05,012] {processor.py:153} INFO - Started process (PID=5657) to work on /opt/conda/lib/python3.8/site-packages/airflow/example_dags/example_branch_operator.py
[2024-04-06 13:27:05,014] {processor.py:641} INFO - Processing file /opt/conda/lib/python3.8/site-packages/airflow/example_dags/example_branch_operator.py for tasks to queue
[2024-04-06 13:27:05,015] {logging_mixin.py:115} INFO - [2024-04-06 13:27:05,015] {dagbag.py:508} INFO - Filling up the DagBag from /opt/conda/lib/python3.8/site-packages/airflow/example_dags/example_branch_operator.py
[2024-04-06 13:27:05,027] {processor.py:651} INFO - DAG(s) dict_keys(['example_branch_operator']) retrieved from /opt/conda/lib/python3.8/site-packages/airflow/example_dags/example_branch_operator.py
[2024-04-06 13:27:05,045] {logging_mixin.py:115} INFO - [2024-04-06 13:27:05,045] {dag.py:2420} INFO - Sync 1 DAGs
[2024-04-06 13:27:05,066] {logging_mixin.py:115} INFO - [2024-04-06 13:27:05,066] {dag.py:2968} INFO - Setting next_dagrun for example_branch_operator to 2024-04-05T00:00:00+00:00, run_after=2024-04-06T00:00:00+00:00
[2024-04-06 13:27:05,242] {processor.py:161} INFO - Processing /opt/conda/lib/python3.8/site-packages/airflow/example_dags/example_branch_operator.py took 0.234 seconds
[2024-04-06 13:27:53,674] {processor.py:153} INFO - Started process (PID=5736) to work on /opt/conda/lib/python3.8/site-packages/airflow/example_dags/example_branch_operator.py
[2024-04-06 13:27:53,676] {processor.py:641} INFO - Processing file /opt/conda/lib/python3.8/site-packages/airflow/example_dags/example_branch_operator.py for tasks to queue
[2024-04-06 13:27:53,676] {logging_mixin.py:115} INFO - [2024-04-06 13:27:53,676] {dagbag.py:508} INFO - Filling up the DagBag from /opt/conda/lib/python3.8/site-packages/airflow/example_dags/example_branch_operator.py
[2024-04-06 13:27:53,689] {processor.py:651} INFO - DAG(s) dict_keys(['example_branch_operator']) retrieved from /opt/conda/lib/python3.8/site-packages/airflow/example_dags/example_branch_operator.py
[2024-04-06 13:27:53,707] {logging_mixin.py:115} INFO - [2024-04-06 13:27:53,707] {dag.py:2420} INFO - Sync 1 DAGs
[2024-04-06 13:27:53,727] {logging_mixin.py:115} INFO - [2024-04-06 13:27:53,727] {dag.py:2968} INFO - Setting next_dagrun for example_branch_operator to 2024-04-05T00:00:00+00:00, run_after=2024-04-06T00:00:00+00:00
[2024-04-06 13:27:53,756] {processor.py:161} INFO - Processing /opt/conda/lib/python3.8/site-packages/airflow/example_dags/example_branch_operator.py took 0.085 seconds
[2024-04-06 13:28:43,094] {processor.py:153} INFO - Started process (PID=5816) to work on /opt/conda/lib/python3.8/site-packages/airflow/example_dags/example_branch_operator.py
[2024-04-06 13:28:43,095] {processor.py:641} INFO - Processing file /opt/conda/lib/python3.8/site-packages/airflow/example_dags/example_branch_operator.py for tasks to queue
[2024-04-06 13:28:43,096] {logging_mixin.py:115} INFO - [2024-04-06 13:28:43,095] {dagbag.py:508} INFO - Filling up the DagBag from /opt/conda/lib/python3.8/site-packages/airflow/example_dags/example_branch_operator.py
[2024-04-06 13:28:43,106] {processor.py:651} INFO - DAG(s) dict_keys(['example_branch_operator']) retrieved from /opt/conda/lib/python3.8/site-packages/airflow/example_dags/example_branch_operator.py
[2024-04-06 13:28:43,121] {logging_mixin.py:115} INFO - [2024-04-06 13:28:43,121] {dag.py:2420} INFO - Sync 1 DAGs
[2024-04-06 13:28:43,136] {logging_mixin.py:115} INFO - [2024-04-06 13:28:43,136] {dag.py:2968} INFO - Setting next_dagrun for example_branch_operator to 2024-04-05T00:00:00+00:00, run_after=2024-04-06T00:00:00+00:00
[2024-04-06 13:28:43,164] {processor.py:161} INFO - Processing /opt/conda/lib/python3.8/site-packages/airflow/example_dags/example_branch_operator.py took 0.074 seconds
[2024-04-06 13:29:33,779] {processor.py:153} INFO - Started process (PID=5908) to work on /opt/conda/lib/python3.8/site-packages/airflow/example_dags/example_branch_operator.py
[2024-04-06 13:29:33,780] {processor.py:641} INFO - Processing file /opt/conda/lib/python3.8/site-packages/airflow/example_dags/example_branch_operator.py for tasks to queue
[2024-04-06 13:29:33,781] {logging_mixin.py:115} INFO - [2024-04-06 13:29:33,781] {dagbag.py:508} INFO - Filling up the DagBag from /opt/conda/lib/python3.8/site-packages/airflow/example_dags/example_branch_operator.py
[2024-04-06 13:29:33,793] {processor.py:651} INFO - DAG(s) dict_keys(['example_branch_operator']) retrieved from /opt/conda/lib/python3.8/site-packages/airflow/example_dags/example_branch_operator.py
[2024-04-06 13:29:33,811] {logging_mixin.py:115} INFO - [2024-04-06 13:29:33,811] {dag.py:2420} INFO - Sync 1 DAGs
[2024-04-06 13:29:33,833] {logging_mixin.py:115} INFO - [2024-04-06 13:29:33,832] {dag.py:2968} INFO - Setting next_dagrun for example_branch_operator to 2024-04-05T00:00:00+00:00, run_after=2024-04-06T00:00:00+00:00
[2024-04-06 13:29:33,864] {processor.py:161} INFO - Processing /opt/conda/lib/python3.8/site-packages/airflow/example_dags/example_branch_operator.py took 0.089 seconds
[2024-04-06 13:30:24,455] {processor.py:153} INFO - Started process (PID=6012) to work on /opt/conda/lib/python3.8/site-packages/airflow/example_dags/example_branch_operator.py
[2024-04-06 13:30:24,457] {processor.py:641} INFO - Processing file /opt/conda/lib/python3.8/site-packages/airflow/example_dags/example_branch_operator.py for tasks to queue
[2024-04-06 13:30:24,457] {logging_mixin.py:115} INFO - [2024-04-06 13:30:24,457] {dagbag.py:508} INFO - Filling up the DagBag from /opt/conda/lib/python3.8/site-packages/airflow/example_dags/example_branch_operator.py
[2024-04-06 13:30:24,469] {processor.py:651} INFO - DAG(s) dict_keys(['example_branch_operator']) retrieved from /opt/conda/lib/python3.8/site-packages/airflow/example_dags/example_branch_operator.py
[2024-04-06 13:30:24,488] {logging_mixin.py:115} INFO - [2024-04-06 13:30:24,488] {dag.py:2420} INFO - Sync 1 DAGs
[2024-04-06 13:30:24,509] {logging_mixin.py:115} INFO - [2024-04-06 13:30:24,509] {dag.py:2968} INFO - Setting next_dagrun for example_branch_operator to 2024-04-05T00:00:00+00:00, run_after=2024-04-06T00:00:00+00:00
[2024-04-06 13:30:24,531] {processor.py:161} INFO - Processing /opt/conda/lib/python3.8/site-packages/airflow/example_dags/example_branch_operator.py took 0.080 seconds
[2024-04-06 13:31:11,384] {processor.py:153} INFO - Started process (PID=6083) to work on /opt/conda/lib/python3.8/site-packages/airflow/example_dags/example_branch_operator.py
[2024-04-06 13:31:11,385] {processor.py:641} INFO - Processing file /opt/conda/lib/python3.8/site-packages/airflow/example_dags/example_branch_operator.py for tasks to queue
[2024-04-06 13:31:11,386] {logging_mixin.py:115} INFO - [2024-04-06 13:31:11,385] {dagbag.py:508} INFO - Filling up the DagBag from /opt/conda/lib/python3.8/site-packages/airflow/example_dags/example_branch_operator.py
[2024-04-06 13:31:11,399] {processor.py:651} INFO - DAG(s) dict_keys(['example_branch_operator']) retrieved from /opt/conda/lib/python3.8/site-packages/airflow/example_dags/example_branch_operator.py
[2024-04-06 13:31:11,418] {logging_mixin.py:115} INFO - [2024-04-06 13:31:11,418] {dag.py:2420} INFO - Sync 1 DAGs
[2024-04-06 13:31:11,441] {logging_mixin.py:115} INFO - [2024-04-06 13:31:11,440] {dag.py:2968} INFO - Setting next_dagrun for example_branch_operator to 2024-04-05T00:00:00+00:00, run_after=2024-04-06T00:00:00+00:00
[2024-04-06 13:31:11,559] {processor.py:161} INFO - Processing /opt/conda/lib/python3.8/site-packages/airflow/example_dags/example_branch_operator.py took 0.180 seconds
[2024-04-06 13:32:03,627] {processor.py:153} INFO - Started process (PID=6173) to work on /opt/conda/lib/python3.8/site-packages/airflow/example_dags/example_branch_operator.py
[2024-04-06 13:32:03,629] {processor.py:641} INFO - Processing file /opt/conda/lib/python3.8/site-packages/airflow/example_dags/example_branch_operator.py for tasks to queue
[2024-04-06 13:32:03,629] {logging_mixin.py:115} INFO - [2024-04-06 13:32:03,629] {dagbag.py:508} INFO - Filling up the DagBag from /opt/conda/lib/python3.8/site-packages/airflow/example_dags/example_branch_operator.py
[2024-04-06 13:32:03,641] {processor.py:651} INFO - DAG(s) dict_keys(['example_branch_operator']) retrieved from /opt/conda/lib/python3.8/site-packages/airflow/example_dags/example_branch_operator.py
[2024-04-06 13:32:03,660] {logging_mixin.py:115} INFO - [2024-04-06 13:32:03,659] {dag.py:2420} INFO - Sync 1 DAGs
[2024-04-06 13:32:03,681] {logging_mixin.py:115} INFO - [2024-04-06 13:32:03,681] {dag.py:2968} INFO - Setting next_dagrun for example_branch_operator to 2024-04-05T00:00:00+00:00, run_after=2024-04-06T00:00:00+00:00
[2024-04-06 13:32:04,128] {processor.py:161} INFO - Processing /opt/conda/lib/python3.8/site-packages/airflow/example_dags/example_branch_operator.py took 0.504 seconds
[2024-04-06 13:34:15,391] {processor.py:153} INFO - Started process (PID=6492) to work on /opt/conda/lib/python3.8/site-packages/airflow/example_dags/example_branch_operator.py
[2024-04-06 13:34:15,392] {processor.py:641} INFO - Processing file /opt/conda/lib/python3.8/site-packages/airflow/example_dags/example_branch_operator.py for tasks to queue
[2024-04-06 13:34:15,393] {logging_mixin.py:115} INFO - [2024-04-06 13:34:15,393] {dagbag.py:508} INFO - Filling up the DagBag from /opt/conda/lib/python3.8/site-packages/airflow/example_dags/example_branch_operator.py
[2024-04-06 13:34:15,407] {processor.py:651} INFO - DAG(s) dict_keys(['example_branch_operator']) retrieved from /opt/conda/lib/python3.8/site-packages/airflow/example_dags/example_branch_operator.py
[2024-04-06 13:34:15,530] {logging_mixin.py:115} INFO - [2024-04-06 13:34:15,530] {dag.py:2420} INFO - Sync 1 DAGs
[2024-04-06 13:34:15,543] {logging_mixin.py:115} INFO - [2024-04-06 13:34:15,542] {dag.py:2968} INFO - Setting next_dagrun for example_branch_operator to 2024-04-05T00:00:00+00:00, run_after=2024-04-06T00:00:00+00:00
[2024-04-06 13:34:15,562] {processor.py:161} INFO - Processing /opt/conda/lib/python3.8/site-packages/airflow/example_dags/example_branch_operator.py took 0.174 seconds
[2024-04-06 13:36:34,359] {processor.py:153} INFO - Started process (PID=6780) to work on /opt/conda/lib/python3.8/site-packages/airflow/example_dags/example_branch_operator.py
[2024-04-06 13:36:34,360] {processor.py:641} INFO - Processing file /opt/conda/lib/python3.8/site-packages/airflow/example_dags/example_branch_operator.py for tasks to queue
[2024-04-06 13:36:34,361] {logging_mixin.py:115} INFO - [2024-04-06 13:36:34,361] {dagbag.py:508} INFO - Filling up the DagBag from /opt/conda/lib/python3.8/site-packages/airflow/example_dags/example_branch_operator.py
[2024-04-06 13:36:34,376] {processor.py:651} INFO - DAG(s) dict_keys(['example_branch_operator']) retrieved from /opt/conda/lib/python3.8/site-packages/airflow/example_dags/example_branch_operator.py
[2024-04-06 13:36:34,508] {logging_mixin.py:115} INFO - [2024-04-06 13:36:34,508] {dag.py:2420} INFO - Sync 1 DAGs
[2024-04-06 13:36:34,520] {logging_mixin.py:115} INFO - [2024-04-06 13:36:34,520] {dag.py:2968} INFO - Setting next_dagrun for example_branch_operator to 2024-04-05T00:00:00+00:00, run_after=2024-04-06T00:00:00+00:00
[2024-04-06 13:36:34,575] {processor.py:161} INFO - Processing /opt/conda/lib/python3.8/site-packages/airflow/example_dags/example_branch_operator.py took 0.220 seconds
[2024-04-06 13:37:56,375] {processor.py:153} INFO - Started process (PID=6971) to work on /opt/conda/lib/python3.8/site-packages/airflow/example_dags/example_branch_operator.py
[2024-04-06 13:37:56,376] {processor.py:641} INFO - Processing file /opt/conda/lib/python3.8/site-packages/airflow/example_dags/example_branch_operator.py for tasks to queue
[2024-04-06 13:37:56,377] {logging_mixin.py:115} INFO - [2024-04-06 13:37:56,377] {dagbag.py:508} INFO - Filling up the DagBag from /opt/conda/lib/python3.8/site-packages/airflow/example_dags/example_branch_operator.py
[2024-04-06 13:37:56,391] {processor.py:651} INFO - DAG(s) dict_keys(['example_branch_operator']) retrieved from /opt/conda/lib/python3.8/site-packages/airflow/example_dags/example_branch_operator.py
[2024-04-06 13:37:56,511] {logging_mixin.py:115} INFO - [2024-04-06 13:37:56,511] {dag.py:2420} INFO - Sync 1 DAGs
[2024-04-06 13:37:56,524] {logging_mixin.py:115} INFO - [2024-04-06 13:37:56,524] {dag.py:2968} INFO - Setting next_dagrun for example_branch_operator to 2024-04-05T00:00:00+00:00, run_after=2024-04-06T00:00:00+00:00
[2024-04-06 13:37:56,542] {processor.py:161} INFO - Processing /opt/conda/lib/python3.8/site-packages/airflow/example_dags/example_branch_operator.py took 0.170 seconds
[2024-04-06 13:39:15,211] {processor.py:153} INFO - Started process (PID=7172) to work on /opt/conda/lib/python3.8/site-packages/airflow/example_dags/example_branch_operator.py
[2024-04-06 13:39:15,213] {processor.py:641} INFO - Processing file /opt/conda/lib/python3.8/site-packages/airflow/example_dags/example_branch_operator.py for tasks to queue
[2024-04-06 13:39:15,213] {logging_mixin.py:115} INFO - [2024-04-06 13:39:15,213] {dagbag.py:508} INFO - Filling up the DagBag from /opt/conda/lib/python3.8/site-packages/airflow/example_dags/example_branch_operator.py
[2024-04-06 13:39:15,228] {processor.py:651} INFO - DAG(s) dict_keys(['example_branch_operator']) retrieved from /opt/conda/lib/python3.8/site-packages/airflow/example_dags/example_branch_operator.py
[2024-04-06 13:39:15,366] {logging_mixin.py:115} INFO - [2024-04-06 13:39:15,366] {dag.py:2420} INFO - Sync 1 DAGs
[2024-04-06 13:39:15,378] {logging_mixin.py:115} INFO - [2024-04-06 13:39:15,378] {dag.py:2968} INFO - Setting next_dagrun for example_branch_operator to 2024-04-05T00:00:00+00:00, run_after=2024-04-06T00:00:00+00:00
[2024-04-06 13:39:15,398] {processor.py:161} INFO - Processing /opt/conda/lib/python3.8/site-packages/airflow/example_dags/example_branch_operator.py took 0.190 seconds
[2024-04-06 13:40:14,290] {processor.py:153} INFO - Started process (PID=7290) to work on /opt/conda/lib/python3.8/site-packages/airflow/example_dags/example_branch_operator.py
[2024-04-06 13:40:14,293] {processor.py:641} INFO - Processing file /opt/conda/lib/python3.8/site-packages/airflow/example_dags/example_branch_operator.py for tasks to queue
[2024-04-06 13:40:14,293] {logging_mixin.py:115} INFO - [2024-04-06 13:40:14,293] {dagbag.py:508} INFO - Filling up the DagBag from /opt/conda/lib/python3.8/site-packages/airflow/example_dags/example_branch_operator.py
[2024-04-06 13:40:14,308] {processor.py:651} INFO - DAG(s) dict_keys(['example_branch_operator']) retrieved from /opt/conda/lib/python3.8/site-packages/airflow/example_dags/example_branch_operator.py
[2024-04-06 13:40:14,430] {logging_mixin.py:115} INFO - [2024-04-06 13:40:14,430] {dag.py:2420} INFO - Sync 1 DAGs
[2024-04-06 13:40:14,442] {logging_mixin.py:115} INFO - [2024-04-06 13:40:14,442] {dag.py:2968} INFO - Setting next_dagrun for example_branch_operator to 2024-04-05T00:00:00+00:00, run_after=2024-04-06T00:00:00+00:00
[2024-04-06 13:40:14,463] {processor.py:161} INFO - Processing /opt/conda/lib/python3.8/site-packages/airflow/example_dags/example_branch_operator.py took 0.176 seconds
[2024-04-06 13:41:12,711] {processor.py:153} INFO - Started process (PID=7401) to work on /opt/conda/lib/python3.8/site-packages/airflow/example_dags/example_branch_operator.py
[2024-04-06 13:41:12,713] {processor.py:641} INFO - Processing file /opt/conda/lib/python3.8/site-packages/airflow/example_dags/example_branch_operator.py for tasks to queue
[2024-04-06 13:41:12,713] {logging_mixin.py:115} INFO - [2024-04-06 13:41:12,713] {dagbag.py:508} INFO - Filling up the DagBag from /opt/conda/lib/python3.8/site-packages/airflow/example_dags/example_branch_operator.py
[2024-04-06 13:41:12,838] {processor.py:651} INFO - DAG(s) dict_keys(['example_branch_operator']) retrieved from /opt/conda/lib/python3.8/site-packages/airflow/example_dags/example_branch_operator.py
[2024-04-06 13:41:12,848] {logging_mixin.py:115} INFO - [2024-04-06 13:41:12,848] {dag.py:2420} INFO - Sync 1 DAGs
[2024-04-06 13:41:12,860] {logging_mixin.py:115} INFO - [2024-04-06 13:41:12,860] {dag.py:2968} INFO - Setting next_dagrun for example_branch_operator to 2024-04-05T00:00:00+00:00, run_after=2024-04-06T00:00:00+00:00
[2024-04-06 13:41:12,878] {processor.py:161} INFO - Processing /opt/conda/lib/python3.8/site-packages/airflow/example_dags/example_branch_operator.py took 0.170 seconds
[2024-04-06 13:42:11,664] {processor.py:153} INFO - Started process (PID=7516) to work on /opt/conda/lib/python3.8/site-packages/airflow/example_dags/example_branch_operator.py
[2024-04-06 13:42:11,665] {processor.py:641} INFO - Processing file /opt/conda/lib/python3.8/site-packages/airflow/example_dags/example_branch_operator.py for tasks to queue
[2024-04-06 13:42:11,666] {logging_mixin.py:115} INFO - [2024-04-06 13:42:11,666] {dagbag.py:508} INFO - Filling up the DagBag from /opt/conda/lib/python3.8/site-packages/airflow/example_dags/example_branch_operator.py
[2024-04-06 13:42:11,824] {processor.py:651} INFO - DAG(s) dict_keys(['example_branch_operator']) retrieved from /opt/conda/lib/python3.8/site-packages/airflow/example_dags/example_branch_operator.py
[2024-04-06 13:42:11,834] {logging_mixin.py:115} INFO - [2024-04-06 13:42:11,834] {dag.py:2420} INFO - Sync 1 DAGs
[2024-04-06 13:42:11,848] {logging_mixin.py:115} INFO - [2024-04-06 13:42:11,848] {dag.py:2968} INFO - Setting next_dagrun for example_branch_operator to 2024-04-05T00:00:00+00:00, run_after=2024-04-06T00:00:00+00:00
[2024-04-06 13:42:12,665] {processor.py:161} INFO - Processing /opt/conda/lib/python3.8/site-packages/airflow/example_dags/example_branch_operator.py took 1.004 seconds
[2024-04-06 13:43:29,318] {processor.py:153} INFO - Started process (PID=7645) to work on /opt/conda/lib/python3.8/site-packages/airflow/example_dags/example_branch_operator.py
[2024-04-06 13:43:29,319] {processor.py:641} INFO - Processing file /opt/conda/lib/python3.8/site-packages/airflow/example_dags/example_branch_operator.py for tasks to queue
[2024-04-06 13:43:29,320] {logging_mixin.py:115} INFO - [2024-04-06 13:43:29,320] {dagbag.py:508} INFO - Filling up the DagBag from /opt/conda/lib/python3.8/site-packages/airflow/example_dags/example_branch_operator.py
[2024-04-06 13:43:29,444] {processor.py:651} INFO - DAG(s) dict_keys(['example_branch_operator']) retrieved from /opt/conda/lib/python3.8/site-packages/airflow/example_dags/example_branch_operator.py
[2024-04-06 13:43:29,453] {logging_mixin.py:115} INFO - [2024-04-06 13:43:29,453] {dag.py:2420} INFO - Sync 1 DAGs
[2024-04-06 13:43:29,466] {logging_mixin.py:115} INFO - [2024-04-06 13:43:29,465] {dag.py:2968} INFO - Setting next_dagrun for example_branch_operator to 2024-04-05T00:00:00+00:00, run_after=2024-04-06T00:00:00+00:00
[2024-04-06 13:43:29,484] {processor.py:161} INFO - Processing /opt/conda/lib/python3.8/site-packages/airflow/example_dags/example_branch_operator.py took 0.170 seconds
[2024-04-06 13:44:26,467] {processor.py:153} INFO - Started process (PID=7754) to work on /opt/conda/lib/python3.8/site-packages/airflow/example_dags/example_branch_operator.py
[2024-04-06 13:44:26,469] {processor.py:641} INFO - Processing file /opt/conda/lib/python3.8/site-packages/airflow/example_dags/example_branch_operator.py for tasks to queue
[2024-04-06 13:44:26,469] {logging_mixin.py:115} INFO - [2024-04-06 13:44:26,469] {dagbag.py:508} INFO - Filling up the DagBag from /opt/conda/lib/python3.8/site-packages/airflow/example_dags/example_branch_operator.py
[2024-04-06 13:44:26,612] {processor.py:651} INFO - DAG(s) dict_keys(['example_branch_operator']) retrieved from /opt/conda/lib/python3.8/site-packages/airflow/example_dags/example_branch_operator.py
[2024-04-06 13:44:26,622] {logging_mixin.py:115} INFO - [2024-04-06 13:44:26,621] {dag.py:2420} INFO - Sync 1 DAGs
[2024-04-06 13:44:26,634] {logging_mixin.py:115} INFO - [2024-04-06 13:44:26,633] {dag.py:2968} INFO - Setting next_dagrun for example_branch_operator to 2024-04-05T00:00:00+00:00, run_after=2024-04-06T00:00:00+00:00
[2024-04-06 13:44:26,652] {processor.py:161} INFO - Processing /opt/conda/lib/python3.8/site-packages/airflow/example_dags/example_branch_operator.py took 0.188 seconds
[2024-04-06 13:45:46,359] {processor.py:153} INFO - Started process (PID=7899) to work on /opt/conda/lib/python3.8/site-packages/airflow/example_dags/example_branch_operator.py
[2024-04-06 13:45:46,360] {processor.py:641} INFO - Processing file /opt/conda/lib/python3.8/site-packages/airflow/example_dags/example_branch_operator.py for tasks to queue
[2024-04-06 13:45:46,361] {logging_mixin.py:115} INFO - [2024-04-06 13:45:46,361] {dagbag.py:508} INFO - Filling up the DagBag from /opt/conda/lib/python3.8/site-packages/airflow/example_dags/example_branch_operator.py
[2024-04-06 13:45:46,373] {processor.py:651} INFO - DAG(s) dict_keys(['example_branch_operator']) retrieved from /opt/conda/lib/python3.8/site-packages/airflow/example_dags/example_branch_operator.py
[2024-04-06 13:45:46,388] {logging_mixin.py:115} INFO - [2024-04-06 13:45:46,388] {dag.py:2420} INFO - Sync 1 DAGs
[2024-04-06 13:45:46,404] {logging_mixin.py:115} INFO - [2024-04-06 13:45:46,404] {dag.py:2968} INFO - Setting next_dagrun for example_branch_operator to 2024-04-05T00:00:00+00:00, run_after=2024-04-06T00:00:00+00:00
[2024-04-06 13:45:46,425] {processor.py:161} INFO - Processing /opt/conda/lib/python3.8/site-packages/airflow/example_dags/example_branch_operator.py took 0.070 seconds
[2024-04-06 13:46:57,560] {processor.py:153} INFO - Started process (PID=8068) to work on /opt/conda/lib/python3.8/site-packages/airflow/example_dags/example_branch_operator.py
[2024-04-06 13:46:57,561] {processor.py:641} INFO - Processing file /opt/conda/lib/python3.8/site-packages/airflow/example_dags/example_branch_operator.py for tasks to queue
[2024-04-06 13:46:57,562] {logging_mixin.py:115} INFO - [2024-04-06 13:46:57,562] {dagbag.py:508} INFO - Filling up the DagBag from /opt/conda/lib/python3.8/site-packages/airflow/example_dags/example_branch_operator.py
[2024-04-06 13:46:57,573] {processor.py:651} INFO - DAG(s) dict_keys(['example_branch_operator']) retrieved from /opt/conda/lib/python3.8/site-packages/airflow/example_dags/example_branch_operator.py
[2024-04-06 13:46:57,589] {logging_mixin.py:115} INFO - [2024-04-06 13:46:57,589] {dag.py:2420} INFO - Sync 1 DAGs
[2024-04-06 13:46:57,605] {logging_mixin.py:115} INFO - [2024-04-06 13:46:57,605] {dag.py:2968} INFO - Setting next_dagrun for example_branch_operator to 2024-04-05T00:00:00+00:00, run_after=2024-04-06T00:00:00+00:00
[2024-04-06 13:46:57,626] {processor.py:161} INFO - Processing /opt/conda/lib/python3.8/site-packages/airflow/example_dags/example_branch_operator.py took 0.070 seconds
[2024-04-06 13:48:10,454] {processor.py:153} INFO - Started process (PID=8210) to work on /opt/conda/lib/python3.8/site-packages/airflow/example_dags/example_branch_operator.py
[2024-04-06 13:48:10,455] {processor.py:641} INFO - Processing file /opt/conda/lib/python3.8/site-packages/airflow/example_dags/example_branch_operator.py for tasks to queue
[2024-04-06 13:48:10,456] {logging_mixin.py:115} INFO - [2024-04-06 13:48:10,456] {dagbag.py:508} INFO - Filling up the DagBag from /opt/conda/lib/python3.8/site-packages/airflow/example_dags/example_branch_operator.py
[2024-04-06 13:48:10,468] {processor.py:651} INFO - DAG(s) dict_keys(['example_branch_operator']) retrieved from /opt/conda/lib/python3.8/site-packages/airflow/example_dags/example_branch_operator.py
[2024-04-06 13:48:10,487] {logging_mixin.py:115} INFO - [2024-04-06 13:48:10,486] {dag.py:2420} INFO - Sync 1 DAGs
[2024-04-06 13:48:10,507] {logging_mixin.py:115} INFO - [2024-04-06 13:48:10,507] {dag.py:2968} INFO - Setting next_dagrun for example_branch_operator to 2024-04-05T00:00:00+00:00, run_after=2024-04-06T00:00:00+00:00
[2024-04-06 13:48:10,531] {processor.py:161} INFO - Processing /opt/conda/lib/python3.8/site-packages/airflow/example_dags/example_branch_operator.py took 0.080 seconds
[2024-04-06 13:49:22,947] {processor.py:153} INFO - Started process (PID=8380) to work on /opt/conda/lib/python3.8/site-packages/airflow/example_dags/example_branch_operator.py
[2024-04-06 13:49:22,949] {processor.py:641} INFO - Processing file /opt/conda/lib/python3.8/site-packages/airflow/example_dags/example_branch_operator.py for tasks to queue
[2024-04-06 13:49:22,949] {logging_mixin.py:115} INFO - [2024-04-06 13:49:22,949] {dagbag.py:508} INFO - Filling up the DagBag from /opt/conda/lib/python3.8/site-packages/airflow/example_dags/example_branch_operator.py
[2024-04-06 13:49:22,961] {processor.py:651} INFO - DAG(s) dict_keys(['example_branch_operator']) retrieved from /opt/conda/lib/python3.8/site-packages/airflow/example_dags/example_branch_operator.py
[2024-04-06 13:49:22,980] {logging_mixin.py:115} INFO - [2024-04-06 13:49:22,980] {dag.py:2420} INFO - Sync 1 DAGs
[2024-04-06 13:49:23,000] {logging_mixin.py:115} INFO - [2024-04-06 13:49:23,000] {dag.py:2968} INFO - Setting next_dagrun for example_branch_operator to 2024-04-05T00:00:00+00:00, run_after=2024-04-06T00:00:00+00:00
[2024-04-06 13:49:23,062] {processor.py:161} INFO - Processing /opt/conda/lib/python3.8/site-packages/airflow/example_dags/example_branch_operator.py took 0.119 seconds
[2024-04-06 13:50:37,715] {processor.py:153} INFO - Started process (PID=8523) to work on /opt/conda/lib/python3.8/site-packages/airflow/example_dags/example_branch_operator.py
[2024-04-06 13:50:37,717] {processor.py:641} INFO - Processing file /opt/conda/lib/python3.8/site-packages/airflow/example_dags/example_branch_operator.py for tasks to queue
[2024-04-06 13:50:37,717] {logging_mixin.py:115} INFO - [2024-04-06 13:50:37,717] {dagbag.py:508} INFO - Filling up the DagBag from /opt/conda/lib/python3.8/site-packages/airflow/example_dags/example_branch_operator.py
[2024-04-06 13:50:37,729] {processor.py:651} INFO - DAG(s) dict_keys(['example_branch_operator']) retrieved from /opt/conda/lib/python3.8/site-packages/airflow/example_dags/example_branch_operator.py
[2024-04-06 13:50:37,748] {logging_mixin.py:115} INFO - [2024-04-06 13:50:37,748] {dag.py:2420} INFO - Sync 1 DAGs
[2024-04-06 13:50:37,768] {logging_mixin.py:115} INFO - [2024-04-06 13:50:37,768] {dag.py:2968} INFO - Setting next_dagrun for example_branch_operator to 2024-04-05T00:00:00+00:00, run_after=2024-04-06T00:00:00+00:00
[2024-04-06 13:50:37,792] {processor.py:161} INFO - Processing /opt/conda/lib/python3.8/site-packages/airflow/example_dags/example_branch_operator.py took 0.081 seconds
[2024-04-06 13:51:47,886] {processor.py:153} INFO - Started process (PID=8692) to work on /opt/conda/lib/python3.8/site-packages/airflow/example_dags/example_branch_operator.py
[2024-04-06 13:51:47,888] {processor.py:641} INFO - Processing file /opt/conda/lib/python3.8/site-packages/airflow/example_dags/example_branch_operator.py for tasks to queue
[2024-04-06 13:51:47,888] {logging_mixin.py:115} INFO - [2024-04-06 13:51:47,888] {dagbag.py:508} INFO - Filling up the DagBag from /opt/conda/lib/python3.8/site-packages/airflow/example_dags/example_branch_operator.py
[2024-04-06 13:51:47,901] {processor.py:651} INFO - DAG(s) dict_keys(['example_branch_operator']) retrieved from /opt/conda/lib/python3.8/site-packages/airflow/example_dags/example_branch_operator.py
[2024-04-06 13:51:47,918] {logging_mixin.py:115} INFO - [2024-04-06 13:51:47,918] {dag.py:2420} INFO - Sync 1 DAGs
[2024-04-06 13:51:47,940] {logging_mixin.py:115} INFO - [2024-04-06 13:51:47,939] {dag.py:2968} INFO - Setting next_dagrun for example_branch_operator to 2024-04-05T00:00:00+00:00, run_after=2024-04-06T00:00:00+00:00
[2024-04-06 13:51:47,963] {processor.py:161} INFO - Processing /opt/conda/lib/python3.8/site-packages/airflow/example_dags/example_branch_operator.py took 0.081 seconds
