[2024-04-06 12:46:03,078] {processor.py:153} INFO - Started process (PID=1394) to work on /opt/conda/lib/python3.8/site-packages/airflow/example_dags/example_time_delta_sensor_async.py
[2024-04-06 12:46:03,079] {processor.py:641} INFO - Processing file /opt/conda/lib/python3.8/site-packages/airflow/example_dags/example_time_delta_sensor_async.py for tasks to queue
[2024-04-06 12:46:03,079] {logging_mixin.py:115} INFO - [2024-04-06 12:46:03,079] {dagbag.py:508} INFO - Filling up the DagBag from /opt/conda/lib/python3.8/site-packages/airflow/example_dags/example_time_delta_sensor_async.py
[2024-04-06 12:46:03,086] {processor.py:651} INFO - DAG(s) dict_keys(['example_time_delta_sensor_async']) retrieved from /opt/conda/lib/python3.8/site-packages/airflow/example_dags/example_time_delta_sensor_async.py
[2024-04-06 12:46:03,257] {logging_mixin.py:115} INFO - [2024-04-06 12:46:03,257] {dag.py:2420} INFO - Sync 1 DAGs
[2024-04-06 12:46:03,273] {logging_mixin.py:115} INFO - [2024-04-06 12:46:03,273] {dag.py:2968} INFO - Setting next_dagrun for example_time_delta_sensor_async to None, run_after=None
[2024-04-06 12:46:03,293] {processor.py:161} INFO - Processing /opt/conda/lib/python3.8/site-packages/airflow/example_dags/example_time_delta_sensor_async.py took 0.219 seconds
[2024-04-06 12:46:54,368] {processor.py:153} INFO - Started process (PID=1465) to work on /opt/conda/lib/python3.8/site-packages/airflow/example_dags/example_time_delta_sensor_async.py
[2024-04-06 12:46:54,370] {processor.py:641} INFO - Processing file /opt/conda/lib/python3.8/site-packages/airflow/example_dags/example_time_delta_sensor_async.py for tasks to queue
[2024-04-06 12:46:54,371] {logging_mixin.py:115} INFO - [2024-04-06 12:46:54,371] {dagbag.py:508} INFO - Filling up the DagBag from /opt/conda/lib/python3.8/site-packages/airflow/example_dags/example_time_delta_sensor_async.py
[2024-04-06 12:46:54,377] {processor.py:651} INFO - DAG(s) dict_keys(['example_time_delta_sensor_async']) retrieved from /opt/conda/lib/python3.8/site-packages/airflow/example_dags/example_time_delta_sensor_async.py
[2024-04-06 12:46:54,522] {logging_mixin.py:115} INFO - [2024-04-06 12:46:54,522] {dag.py:2420} INFO - Sync 1 DAGs
[2024-04-06 12:46:54,533] {logging_mixin.py:115} INFO - [2024-04-06 12:46:54,533] {dag.py:2968} INFO - Setting next_dagrun for example_time_delta_sensor_async to None, run_after=None
[2024-04-06 12:46:54,550] {processor.py:161} INFO - Processing /opt/conda/lib/python3.8/site-packages/airflow/example_dags/example_time_delta_sensor_async.py took 0.185 seconds
[2024-04-06 12:47:52,118] {processor.py:153} INFO - Started process (PID=1573) to work on /opt/conda/lib/python3.8/site-packages/airflow/example_dags/example_time_delta_sensor_async.py
[2024-04-06 12:47:52,120] {processor.py:641} INFO - Processing file /opt/conda/lib/python3.8/site-packages/airflow/example_dags/example_time_delta_sensor_async.py for tasks to queue
[2024-04-06 12:47:52,120] {logging_mixin.py:115} INFO - [2024-04-06 12:47:52,120] {dagbag.py:508} INFO - Filling up the DagBag from /opt/conda/lib/python3.8/site-packages/airflow/example_dags/example_time_delta_sensor_async.py
[2024-04-06 12:47:52,125] {processor.py:651} INFO - DAG(s) dict_keys(['example_time_delta_sensor_async']) retrieved from /opt/conda/lib/python3.8/site-packages/airflow/example_dags/example_time_delta_sensor_async.py
[2024-04-06 12:47:52,266] {logging_mixin.py:115} INFO - [2024-04-06 12:47:52,265] {dag.py:2420} INFO - Sync 1 DAGs
[2024-04-06 12:47:52,276] {logging_mixin.py:115} INFO - [2024-04-06 12:47:52,276] {dag.py:2968} INFO - Setting next_dagrun for example_time_delta_sensor_async to None, run_after=None
[2024-04-06 12:47:52,293] {processor.py:161} INFO - Processing /opt/conda/lib/python3.8/site-packages/airflow/example_dags/example_time_delta_sensor_async.py took 0.179 seconds
[2024-04-06 12:48:44,508] {processor.py:153} INFO - Started process (PID=1644) to work on /opt/conda/lib/python3.8/site-packages/airflow/example_dags/example_time_delta_sensor_async.py
[2024-04-06 12:48:44,512] {processor.py:641} INFO - Processing file /opt/conda/lib/python3.8/site-packages/airflow/example_dags/example_time_delta_sensor_async.py for tasks to queue
[2024-04-06 12:48:44,513] {logging_mixin.py:115} INFO - [2024-04-06 12:48:44,513] {dagbag.py:508} INFO - Filling up the DagBag from /opt/conda/lib/python3.8/site-packages/airflow/example_dags/example_time_delta_sensor_async.py
[2024-04-06 12:48:44,518] {processor.py:651} INFO - DAG(s) dict_keys(['example_time_delta_sensor_async']) retrieved from /opt/conda/lib/python3.8/site-packages/airflow/example_dags/example_time_delta_sensor_async.py
[2024-04-06 12:48:44,657] {logging_mixin.py:115} INFO - [2024-04-06 12:48:44,657] {dag.py:2420} INFO - Sync 1 DAGs
[2024-04-06 12:48:44,668] {logging_mixin.py:115} INFO - [2024-04-06 12:48:44,668] {dag.py:2968} INFO - Setting next_dagrun for example_time_delta_sensor_async to None, run_after=None
[2024-04-06 12:48:44,688] {processor.py:161} INFO - Processing /opt/conda/lib/python3.8/site-packages/airflow/example_dags/example_time_delta_sensor_async.py took 0.183 seconds
[2024-04-06 12:49:48,727] {processor.py:153} INFO - Started process (PID=1727) to work on /opt/conda/lib/python3.8/site-packages/airflow/example_dags/example_time_delta_sensor_async.py
[2024-04-06 12:49:48,754] {processor.py:641} INFO - Processing file /opt/conda/lib/python3.8/site-packages/airflow/example_dags/example_time_delta_sensor_async.py for tasks to queue
[2024-04-06 12:49:48,755] {logging_mixin.py:115} INFO - [2024-04-06 12:49:48,755] {dagbag.py:508} INFO - Filling up the DagBag from /opt/conda/lib/python3.8/site-packages/airflow/example_dags/example_time_delta_sensor_async.py
[2024-04-06 12:49:48,761] {processor.py:651} INFO - DAG(s) dict_keys(['example_time_delta_sensor_async']) retrieved from /opt/conda/lib/python3.8/site-packages/airflow/example_dags/example_time_delta_sensor_async.py
[2024-04-06 12:49:48,903] {logging_mixin.py:115} INFO - [2024-04-06 12:49:48,903] {dag.py:2420} INFO - Sync 1 DAGs
[2024-04-06 12:49:48,914] {logging_mixin.py:115} INFO - [2024-04-06 12:49:48,914] {dag.py:2968} INFO - Setting next_dagrun for example_time_delta_sensor_async to None, run_after=None
[2024-04-06 12:49:49,148] {processor.py:161} INFO - Processing /opt/conda/lib/python3.8/site-packages/airflow/example_dags/example_time_delta_sensor_async.py took 0.424 seconds
[2024-04-06 12:50:46,539] {processor.py:153} INFO - Started process (PID=1834) to work on /opt/conda/lib/python3.8/site-packages/airflow/example_dags/example_time_delta_sensor_async.py
[2024-04-06 12:50:46,542] {processor.py:641} INFO - Processing file /opt/conda/lib/python3.8/site-packages/airflow/example_dags/example_time_delta_sensor_async.py for tasks to queue
[2024-04-06 12:50:46,542] {logging_mixin.py:115} INFO - [2024-04-06 12:50:46,542] {dagbag.py:508} INFO - Filling up the DagBag from /opt/conda/lib/python3.8/site-packages/airflow/example_dags/example_time_delta_sensor_async.py
[2024-04-06 12:50:46,547] {processor.py:651} INFO - DAG(s) dict_keys(['example_time_delta_sensor_async']) retrieved from /opt/conda/lib/python3.8/site-packages/airflow/example_dags/example_time_delta_sensor_async.py
[2024-04-06 12:50:46,683] {logging_mixin.py:115} INFO - [2024-04-06 12:50:46,683] {dag.py:2420} INFO - Sync 1 DAGs
[2024-04-06 12:50:46,694] {logging_mixin.py:115} INFO - [2024-04-06 12:50:46,694] {dag.py:2968} INFO - Setting next_dagrun for example_time_delta_sensor_async to None, run_after=None
[2024-04-06 12:50:46,714] {processor.py:161} INFO - Processing /opt/conda/lib/python3.8/site-packages/airflow/example_dags/example_time_delta_sensor_async.py took 0.178 seconds
[2024-04-06 12:51:38,802] {processor.py:153} INFO - Started process (PID=1910) to work on /opt/conda/lib/python3.8/site-packages/airflow/example_dags/example_time_delta_sensor_async.py
[2024-04-06 12:51:38,804] {processor.py:641} INFO - Processing file /opt/conda/lib/python3.8/site-packages/airflow/example_dags/example_time_delta_sensor_async.py for tasks to queue
[2024-04-06 12:51:38,805] {logging_mixin.py:115} INFO - [2024-04-06 12:51:38,805] {dagbag.py:508} INFO - Filling up the DagBag from /opt/conda/lib/python3.8/site-packages/airflow/example_dags/example_time_delta_sensor_async.py
[2024-04-06 12:51:38,811] {processor.py:651} INFO - DAG(s) dict_keys(['example_time_delta_sensor_async']) retrieved from /opt/conda/lib/python3.8/site-packages/airflow/example_dags/example_time_delta_sensor_async.py
[2024-04-06 12:51:38,955] {logging_mixin.py:115} INFO - [2024-04-06 12:51:38,954] {dag.py:2420} INFO - Sync 1 DAGs
[2024-04-06 12:51:38,966] {logging_mixin.py:115} INFO - [2024-04-06 12:51:38,965] {dag.py:2968} INFO - Setting next_dagrun for example_time_delta_sensor_async to None, run_after=None
[2024-04-06 12:51:38,986] {processor.py:161} INFO - Processing /opt/conda/lib/python3.8/site-packages/airflow/example_dags/example_time_delta_sensor_async.py took 0.187 seconds
[2024-04-06 12:52:36,488] {processor.py:153} INFO - Started process (PID=1994) to work on /opt/conda/lib/python3.8/site-packages/airflow/example_dags/example_time_delta_sensor_async.py
[2024-04-06 12:52:36,854] {processor.py:641} INFO - Processing file /opt/conda/lib/python3.8/site-packages/airflow/example_dags/example_time_delta_sensor_async.py for tasks to queue
[2024-04-06 12:52:36,855] {logging_mixin.py:115} INFO - [2024-04-06 12:52:36,854] {dagbag.py:508} INFO - Filling up the DagBag from /opt/conda/lib/python3.8/site-packages/airflow/example_dags/example_time_delta_sensor_async.py
[2024-04-06 12:52:36,860] {processor.py:651} INFO - DAG(s) dict_keys(['example_time_delta_sensor_async']) retrieved from /opt/conda/lib/python3.8/site-packages/airflow/example_dags/example_time_delta_sensor_async.py
[2024-04-06 12:52:37,006] {logging_mixin.py:115} INFO - [2024-04-06 12:52:37,005] {dag.py:2420} INFO - Sync 1 DAGs
[2024-04-06 12:52:37,016] {logging_mixin.py:115} INFO - [2024-04-06 12:52:37,016] {dag.py:2968} INFO - Setting next_dagrun for example_time_delta_sensor_async to None, run_after=None
[2024-04-06 12:52:37,037] {processor.py:161} INFO - Processing /opt/conda/lib/python3.8/site-packages/airflow/example_dags/example_time_delta_sensor_async.py took 0.553 seconds
[2024-04-06 12:53:31,799] {processor.py:153} INFO - Started process (PID=2094) to work on /opt/conda/lib/python3.8/site-packages/airflow/example_dags/example_time_delta_sensor_async.py
[2024-04-06 12:53:31,801] {processor.py:641} INFO - Processing file /opt/conda/lib/python3.8/site-packages/airflow/example_dags/example_time_delta_sensor_async.py for tasks to queue
[2024-04-06 12:53:31,802] {logging_mixin.py:115} INFO - [2024-04-06 12:53:31,802] {dagbag.py:508} INFO - Filling up the DagBag from /opt/conda/lib/python3.8/site-packages/airflow/example_dags/example_time_delta_sensor_async.py
[2024-04-06 12:53:31,807] {processor.py:651} INFO - DAG(s) dict_keys(['example_time_delta_sensor_async']) retrieved from /opt/conda/lib/python3.8/site-packages/airflow/example_dags/example_time_delta_sensor_async.py
[2024-04-06 12:53:31,951] {logging_mixin.py:115} INFO - [2024-04-06 12:53:31,951] {dag.py:2420} INFO - Sync 1 DAGs
[2024-04-06 12:53:31,962] {logging_mixin.py:115} INFO - [2024-04-06 12:53:31,962] {dag.py:2968} INFO - Setting next_dagrun for example_time_delta_sensor_async to None, run_after=None
[2024-04-06 12:53:31,981] {processor.py:161} INFO - Processing /opt/conda/lib/python3.8/site-packages/airflow/example_dags/example_time_delta_sensor_async.py took 0.186 seconds
[2024-04-06 12:54:24,215] {processor.py:153} INFO - Started process (PID=2181) to work on /opt/conda/lib/python3.8/site-packages/airflow/example_dags/example_time_delta_sensor_async.py
[2024-04-06 12:54:24,217] {processor.py:641} INFO - Processing file /opt/conda/lib/python3.8/site-packages/airflow/example_dags/example_time_delta_sensor_async.py for tasks to queue
[2024-04-06 12:54:24,217] {logging_mixin.py:115} INFO - [2024-04-06 12:54:24,217] {dagbag.py:508} INFO - Filling up the DagBag from /opt/conda/lib/python3.8/site-packages/airflow/example_dags/example_time_delta_sensor_async.py
[2024-04-06 12:54:24,223] {processor.py:651} INFO - DAG(s) dict_keys(['example_time_delta_sensor_async']) retrieved from /opt/conda/lib/python3.8/site-packages/airflow/example_dags/example_time_delta_sensor_async.py
[2024-04-06 12:54:24,363] {logging_mixin.py:115} INFO - [2024-04-06 12:54:24,363] {dag.py:2420} INFO - Sync 1 DAGs
[2024-04-06 12:54:24,374] {logging_mixin.py:115} INFO - [2024-04-06 12:54:24,374] {dag.py:2968} INFO - Setting next_dagrun for example_time_delta_sensor_async to None, run_after=None
[2024-04-06 12:54:24,392] {processor.py:161} INFO - Processing /opt/conda/lib/python3.8/site-packages/airflow/example_dags/example_time_delta_sensor_async.py took 0.181 seconds
[2024-04-06 12:55:11,125] {processor.py:153} INFO - Started process (PID=2264) to work on /opt/conda/lib/python3.8/site-packages/airflow/example_dags/example_time_delta_sensor_async.py
[2024-04-06 12:55:11,126] {processor.py:641} INFO - Processing file /opt/conda/lib/python3.8/site-packages/airflow/example_dags/example_time_delta_sensor_async.py for tasks to queue
[2024-04-06 12:55:11,127] {logging_mixin.py:115} INFO - [2024-04-06 12:55:11,127] {dagbag.py:508} INFO - Filling up the DagBag from /opt/conda/lib/python3.8/site-packages/airflow/example_dags/example_time_delta_sensor_async.py
[2024-04-06 12:55:11,133] {processor.py:651} INFO - DAG(s) dict_keys(['example_time_delta_sensor_async']) retrieved from /opt/conda/lib/python3.8/site-packages/airflow/example_dags/example_time_delta_sensor_async.py
[2024-04-06 12:55:11,170] {logging_mixin.py:115} INFO - [2024-04-06 12:55:11,170] {dag.py:2420} INFO - Sync 1 DAGs
[2024-04-06 12:55:11,184] {logging_mixin.py:115} INFO - [2024-04-06 12:55:11,184] {dag.py:2968} INFO - Setting next_dagrun for example_time_delta_sensor_async to None, run_after=None
[2024-04-06 12:55:11,206] {processor.py:161} INFO - Processing /opt/conda/lib/python3.8/site-packages/airflow/example_dags/example_time_delta_sensor_async.py took 0.085 seconds
[2024-04-06 12:55:58,319] {processor.py:153} INFO - Started process (PID=2348) to work on /opt/conda/lib/python3.8/site-packages/airflow/example_dags/example_time_delta_sensor_async.py
[2024-04-06 12:55:58,321] {processor.py:641} INFO - Processing file /opt/conda/lib/python3.8/site-packages/airflow/example_dags/example_time_delta_sensor_async.py for tasks to queue
[2024-04-06 12:55:58,321] {logging_mixin.py:115} INFO - [2024-04-06 12:55:58,321] {dagbag.py:508} INFO - Filling up the DagBag from /opt/conda/lib/python3.8/site-packages/airflow/example_dags/example_time_delta_sensor_async.py
[2024-04-06 12:55:58,327] {processor.py:651} INFO - DAG(s) dict_keys(['example_time_delta_sensor_async']) retrieved from /opt/conda/lib/python3.8/site-packages/airflow/example_dags/example_time_delta_sensor_async.py
[2024-04-06 12:55:58,356] {logging_mixin.py:115} INFO - [2024-04-06 12:55:58,356] {dag.py:2420} INFO - Sync 1 DAGs
[2024-04-06 12:55:58,370] {logging_mixin.py:115} INFO - [2024-04-06 12:55:58,370] {dag.py:2968} INFO - Setting next_dagrun for example_time_delta_sensor_async to None, run_after=None
[2024-04-06 12:55:58,390] {processor.py:161} INFO - Processing /opt/conda/lib/python3.8/site-packages/airflow/example_dags/example_time_delta_sensor_async.py took 0.075 seconds
[2024-04-06 12:56:40,768] {processor.py:153} INFO - Started process (PID=2416) to work on /opt/conda/lib/python3.8/site-packages/airflow/example_dags/example_time_delta_sensor_async.py
[2024-04-06 12:56:40,770] {processor.py:641} INFO - Processing file /opt/conda/lib/python3.8/site-packages/airflow/example_dags/example_time_delta_sensor_async.py for tasks to queue
[2024-04-06 12:56:40,770] {logging_mixin.py:115} INFO - [2024-04-06 12:56:40,770] {dagbag.py:508} INFO - Filling up the DagBag from /opt/conda/lib/python3.8/site-packages/airflow/example_dags/example_time_delta_sensor_async.py
[2024-04-06 12:56:40,777] {processor.py:651} INFO - DAG(s) dict_keys(['example_time_delta_sensor_async']) retrieved from /opt/conda/lib/python3.8/site-packages/airflow/example_dags/example_time_delta_sensor_async.py
[2024-04-06 12:56:40,814] {logging_mixin.py:115} INFO - [2024-04-06 12:56:40,813] {dag.py:2420} INFO - Sync 1 DAGs
[2024-04-06 12:56:40,830] {logging_mixin.py:115} INFO - [2024-04-06 12:56:40,830] {dag.py:2968} INFO - Setting next_dagrun for example_time_delta_sensor_async to None, run_after=None
[2024-04-06 12:56:40,850] {processor.py:161} INFO - Processing /opt/conda/lib/python3.8/site-packages/airflow/example_dags/example_time_delta_sensor_async.py took 0.086 seconds
[2024-04-06 12:57:23,975] {processor.py:153} INFO - Started process (PID=2487) to work on /opt/conda/lib/python3.8/site-packages/airflow/example_dags/example_time_delta_sensor_async.py
[2024-04-06 12:57:23,977] {processor.py:641} INFO - Processing file /opt/conda/lib/python3.8/site-packages/airflow/example_dags/example_time_delta_sensor_async.py for tasks to queue
[2024-04-06 12:57:23,977] {logging_mixin.py:115} INFO - [2024-04-06 12:57:23,977] {dagbag.py:508} INFO - Filling up the DagBag from /opt/conda/lib/python3.8/site-packages/airflow/example_dags/example_time_delta_sensor_async.py
[2024-04-06 12:57:23,983] {processor.py:651} INFO - DAG(s) dict_keys(['example_time_delta_sensor_async']) retrieved from /opt/conda/lib/python3.8/site-packages/airflow/example_dags/example_time_delta_sensor_async.py
[2024-04-06 12:57:24,018] {logging_mixin.py:115} INFO - [2024-04-06 12:57:24,018] {dag.py:2420} INFO - Sync 1 DAGs
[2024-04-06 12:57:24,037] {logging_mixin.py:115} INFO - [2024-04-06 12:57:24,037] {dag.py:2968} INFO - Setting next_dagrun for example_time_delta_sensor_async to None, run_after=None
[2024-04-06 12:57:24,064] {processor.py:161} INFO - Processing /opt/conda/lib/python3.8/site-packages/airflow/example_dags/example_time_delta_sensor_async.py took 0.093 seconds
[2024-04-06 12:58:17,588] {processor.py:153} INFO - Started process (PID=2581) to work on /opt/conda/lib/python3.8/site-packages/airflow/example_dags/example_time_delta_sensor_async.py
[2024-04-06 12:58:17,590] {processor.py:641} INFO - Processing file /opt/conda/lib/python3.8/site-packages/airflow/example_dags/example_time_delta_sensor_async.py for tasks to queue
[2024-04-06 12:58:17,591] {logging_mixin.py:115} INFO - [2024-04-06 12:58:17,590] {dagbag.py:508} INFO - Filling up the DagBag from /opt/conda/lib/python3.8/site-packages/airflow/example_dags/example_time_delta_sensor_async.py
[2024-04-06 12:58:17,597] {processor.py:651} INFO - DAG(s) dict_keys(['example_time_delta_sensor_async']) retrieved from /opt/conda/lib/python3.8/site-packages/airflow/example_dags/example_time_delta_sensor_async.py
[2024-04-06 12:58:17,634] {logging_mixin.py:115} INFO - [2024-04-06 12:58:17,633] {dag.py:2420} INFO - Sync 1 DAGs
[2024-04-06 12:58:17,649] {logging_mixin.py:115} INFO - [2024-04-06 12:58:17,649] {dag.py:2968} INFO - Setting next_dagrun for example_time_delta_sensor_async to None, run_after=None
[2024-04-06 12:58:17,670] {processor.py:161} INFO - Processing /opt/conda/lib/python3.8/site-packages/airflow/example_dags/example_time_delta_sensor_async.py took 0.085 seconds
[2024-04-06 12:59:00,463] {processor.py:153} INFO - Started process (PID=2658) to work on /opt/conda/lib/python3.8/site-packages/airflow/example_dags/example_time_delta_sensor_async.py
[2024-04-06 12:59:00,465] {processor.py:641} INFO - Processing file /opt/conda/lib/python3.8/site-packages/airflow/example_dags/example_time_delta_sensor_async.py for tasks to queue
[2024-04-06 12:59:00,465] {logging_mixin.py:115} INFO - [2024-04-06 12:59:00,465] {dagbag.py:508} INFO - Filling up the DagBag from /opt/conda/lib/python3.8/site-packages/airflow/example_dags/example_time_delta_sensor_async.py
[2024-04-06 12:59:00,471] {processor.py:651} INFO - DAG(s) dict_keys(['example_time_delta_sensor_async']) retrieved from /opt/conda/lib/python3.8/site-packages/airflow/example_dags/example_time_delta_sensor_async.py
[2024-04-06 12:59:00,506] {logging_mixin.py:115} INFO - [2024-04-06 12:59:00,506] {dag.py:2420} INFO - Sync 1 DAGs
[2024-04-06 12:59:00,525] {logging_mixin.py:115} INFO - [2024-04-06 12:59:00,525] {dag.py:2968} INFO - Setting next_dagrun for example_time_delta_sensor_async to None, run_after=None
[2024-04-06 12:59:01,054] {processor.py:161} INFO - Processing /opt/conda/lib/python3.8/site-packages/airflow/example_dags/example_time_delta_sensor_async.py took 0.595 seconds
[2024-04-06 12:59:49,678] {processor.py:153} INFO - Started process (PID=2739) to work on /opt/conda/lib/python3.8/site-packages/airflow/example_dags/example_time_delta_sensor_async.py
[2024-04-06 12:59:49,680] {processor.py:641} INFO - Processing file /opt/conda/lib/python3.8/site-packages/airflow/example_dags/example_time_delta_sensor_async.py for tasks to queue
[2024-04-06 12:59:49,681] {logging_mixin.py:115} INFO - [2024-04-06 12:59:49,681] {dagbag.py:508} INFO - Filling up the DagBag from /opt/conda/lib/python3.8/site-packages/airflow/example_dags/example_time_delta_sensor_async.py
[2024-04-06 12:59:49,687] {processor.py:651} INFO - DAG(s) dict_keys(['example_time_delta_sensor_async']) retrieved from /opt/conda/lib/python3.8/site-packages/airflow/example_dags/example_time_delta_sensor_async.py
[2024-04-06 12:59:49,722] {logging_mixin.py:115} INFO - [2024-04-06 12:59:49,722] {dag.py:2420} INFO - Sync 1 DAGs
[2024-04-06 12:59:49,741] {logging_mixin.py:115} INFO - [2024-04-06 12:59:49,741] {dag.py:2968} INFO - Setting next_dagrun for example_time_delta_sensor_async to None, run_after=None
[2024-04-06 12:59:49,764] {processor.py:161} INFO - Processing /opt/conda/lib/python3.8/site-packages/airflow/example_dags/example_time_delta_sensor_async.py took 0.090 seconds
[2024-04-06 13:00:33,043] {processor.py:153} INFO - Started process (PID=2809) to work on /opt/conda/lib/python3.8/site-packages/airflow/example_dags/example_time_delta_sensor_async.py
[2024-04-06 13:00:33,045] {processor.py:641} INFO - Processing file /opt/conda/lib/python3.8/site-packages/airflow/example_dags/example_time_delta_sensor_async.py for tasks to queue
[2024-04-06 13:00:33,046] {logging_mixin.py:115} INFO - [2024-04-06 13:00:33,046] {dagbag.py:508} INFO - Filling up the DagBag from /opt/conda/lib/python3.8/site-packages/airflow/example_dags/example_time_delta_sensor_async.py
[2024-04-06 13:00:33,051] {processor.py:651} INFO - DAG(s) dict_keys(['example_time_delta_sensor_async']) retrieved from /opt/conda/lib/python3.8/site-packages/airflow/example_dags/example_time_delta_sensor_async.py
[2024-04-06 13:00:33,082] {logging_mixin.py:115} INFO - [2024-04-06 13:00:33,082] {dag.py:2420} INFO - Sync 1 DAGs
[2024-04-06 13:00:33,096] {logging_mixin.py:115} INFO - [2024-04-06 13:00:33,096] {dag.py:2968} INFO - Setting next_dagrun for example_time_delta_sensor_async to None, run_after=None
[2024-04-06 13:00:33,115] {processor.py:161} INFO - Processing /opt/conda/lib/python3.8/site-packages/airflow/example_dags/example_time_delta_sensor_async.py took 0.075 seconds
[2024-04-06 13:01:15,962] {processor.py:153} INFO - Started process (PID=2879) to work on /opt/conda/lib/python3.8/site-packages/airflow/example_dags/example_time_delta_sensor_async.py
[2024-04-06 13:01:15,964] {processor.py:641} INFO - Processing file /opt/conda/lib/python3.8/site-packages/airflow/example_dags/example_time_delta_sensor_async.py for tasks to queue
[2024-04-06 13:01:15,964] {logging_mixin.py:115} INFO - [2024-04-06 13:01:15,964] {dagbag.py:508} INFO - Filling up the DagBag from /opt/conda/lib/python3.8/site-packages/airflow/example_dags/example_time_delta_sensor_async.py
[2024-04-06 13:01:15,970] {processor.py:651} INFO - DAG(s) dict_keys(['example_time_delta_sensor_async']) retrieved from /opt/conda/lib/python3.8/site-packages/airflow/example_dags/example_time_delta_sensor_async.py
[2024-04-06 13:01:16,000] {logging_mixin.py:115} INFO - [2024-04-06 13:01:15,999] {dag.py:2420} INFO - Sync 1 DAGs
[2024-04-06 13:01:16,013] {logging_mixin.py:115} INFO - [2024-04-06 13:01:16,013] {dag.py:2968} INFO - Setting next_dagrun for example_time_delta_sensor_async to None, run_after=None
[2024-04-06 13:01:16,039] {processor.py:161} INFO - Processing /opt/conda/lib/python3.8/site-packages/airflow/example_dags/example_time_delta_sensor_async.py took 0.080 seconds
[2024-04-06 13:02:02,023] {processor.py:153} INFO - Started process (PID=2956) to work on /opt/conda/lib/python3.8/site-packages/airflow/example_dags/example_time_delta_sensor_async.py
[2024-04-06 13:02:02,025] {processor.py:641} INFO - Processing file /opt/conda/lib/python3.8/site-packages/airflow/example_dags/example_time_delta_sensor_async.py for tasks to queue
[2024-04-06 13:02:02,026] {logging_mixin.py:115} INFO - [2024-04-06 13:02:02,025] {dagbag.py:508} INFO - Filling up the DagBag from /opt/conda/lib/python3.8/site-packages/airflow/example_dags/example_time_delta_sensor_async.py
[2024-04-06 13:02:02,031] {processor.py:651} INFO - DAG(s) dict_keys(['example_time_delta_sensor_async']) retrieved from /opt/conda/lib/python3.8/site-packages/airflow/example_dags/example_time_delta_sensor_async.py
[2024-04-06 13:02:02,067] {logging_mixin.py:115} INFO - [2024-04-06 13:02:02,067] {dag.py:2420} INFO - Sync 1 DAGs
[2024-04-06 13:02:02,085] {logging_mixin.py:115} INFO - [2024-04-06 13:02:02,085] {dag.py:2968} INFO - Setting next_dagrun for example_time_delta_sensor_async to None, run_after=None
[2024-04-06 13:02:02,107] {processor.py:161} INFO - Processing /opt/conda/lib/python3.8/site-packages/airflow/example_dags/example_time_delta_sensor_async.py took 0.087 seconds
[2024-04-06 13:02:50,923] {processor.py:153} INFO - Started process (PID=3047) to work on /opt/conda/lib/python3.8/site-packages/airflow/example_dags/example_time_delta_sensor_async.py
[2024-04-06 13:02:50,925] {processor.py:641} INFO - Processing file /opt/conda/lib/python3.8/site-packages/airflow/example_dags/example_time_delta_sensor_async.py for tasks to queue
[2024-04-06 13:02:50,926] {logging_mixin.py:115} INFO - [2024-04-06 13:02:50,925] {dagbag.py:508} INFO - Filling up the DagBag from /opt/conda/lib/python3.8/site-packages/airflow/example_dags/example_time_delta_sensor_async.py
[2024-04-06 13:02:50,931] {processor.py:651} INFO - DAG(s) dict_keys(['example_time_delta_sensor_async']) retrieved from /opt/conda/lib/python3.8/site-packages/airflow/example_dags/example_time_delta_sensor_async.py
[2024-04-06 13:02:50,960] {logging_mixin.py:115} INFO - [2024-04-06 13:02:50,960] {dag.py:2420} INFO - Sync 1 DAGs
[2024-04-06 13:02:50,974] {logging_mixin.py:115} INFO - [2024-04-06 13:02:50,974] {dag.py:2968} INFO - Setting next_dagrun for example_time_delta_sensor_async to None, run_after=None
[2024-04-06 13:02:50,994] {processor.py:161} INFO - Processing /opt/conda/lib/python3.8/site-packages/airflow/example_dags/example_time_delta_sensor_async.py took 0.074 seconds
[2024-04-06 13:03:34,138] {processor.py:153} INFO - Started process (PID=3118) to work on /opt/conda/lib/python3.8/site-packages/airflow/example_dags/example_time_delta_sensor_async.py
[2024-04-06 13:03:34,140] {processor.py:641} INFO - Processing file /opt/conda/lib/python3.8/site-packages/airflow/example_dags/example_time_delta_sensor_async.py for tasks to queue
[2024-04-06 13:03:34,140] {logging_mixin.py:115} INFO - [2024-04-06 13:03:34,140] {dagbag.py:508} INFO - Filling up the DagBag from /opt/conda/lib/python3.8/site-packages/airflow/example_dags/example_time_delta_sensor_async.py
[2024-04-06 13:03:34,146] {processor.py:651} INFO - DAG(s) dict_keys(['example_time_delta_sensor_async']) retrieved from /opt/conda/lib/python3.8/site-packages/airflow/example_dags/example_time_delta_sensor_async.py
[2024-04-06 13:03:34,181] {logging_mixin.py:115} INFO - [2024-04-06 13:03:34,181] {dag.py:2420} INFO - Sync 1 DAGs
[2024-04-06 13:03:34,200] {logging_mixin.py:115} INFO - [2024-04-06 13:03:34,200] {dag.py:2968} INFO - Setting next_dagrun for example_time_delta_sensor_async to None, run_after=None
[2024-04-06 13:03:34,222] {processor.py:161} INFO - Processing /opt/conda/lib/python3.8/site-packages/airflow/example_dags/example_time_delta_sensor_async.py took 0.087 seconds
[2024-04-06 13:04:26,050] {processor.py:153} INFO - Started process (PID=3212) to work on /opt/conda/lib/python3.8/site-packages/airflow/example_dags/example_time_delta_sensor_async.py
[2024-04-06 13:04:26,052] {processor.py:641} INFO - Processing file /opt/conda/lib/python3.8/site-packages/airflow/example_dags/example_time_delta_sensor_async.py for tasks to queue
[2024-04-06 13:04:26,052] {logging_mixin.py:115} INFO - [2024-04-06 13:04:26,052] {dagbag.py:508} INFO - Filling up the DagBag from /opt/conda/lib/python3.8/site-packages/airflow/example_dags/example_time_delta_sensor_async.py
[2024-04-06 13:04:26,058] {processor.py:651} INFO - DAG(s) dict_keys(['example_time_delta_sensor_async']) retrieved from /opt/conda/lib/python3.8/site-packages/airflow/example_dags/example_time_delta_sensor_async.py
[2024-04-06 13:04:26,092] {logging_mixin.py:115} INFO - [2024-04-06 13:04:26,092] {dag.py:2420} INFO - Sync 1 DAGs
[2024-04-06 13:04:26,107] {logging_mixin.py:115} INFO - [2024-04-06 13:04:26,106] {dag.py:2968} INFO - Setting next_dagrun for example_time_delta_sensor_async to None, run_after=None
[2024-04-06 13:04:26,127] {processor.py:161} INFO - Processing /opt/conda/lib/python3.8/site-packages/airflow/example_dags/example_time_delta_sensor_async.py took 0.080 seconds
[2024-04-06 13:05:09,540] {processor.py:153} INFO - Started process (PID=3285) to work on /opt/conda/lib/python3.8/site-packages/airflow/example_dags/example_time_delta_sensor_async.py
[2024-04-06 13:05:09,541] {processor.py:641} INFO - Processing file /opt/conda/lib/python3.8/site-packages/airflow/example_dags/example_time_delta_sensor_async.py for tasks to queue
[2024-04-06 13:05:09,542] {logging_mixin.py:115} INFO - [2024-04-06 13:05:09,542] {dagbag.py:508} INFO - Filling up the DagBag from /opt/conda/lib/python3.8/site-packages/airflow/example_dags/example_time_delta_sensor_async.py
[2024-04-06 13:05:09,547] {processor.py:651} INFO - DAG(s) dict_keys(['example_time_delta_sensor_async']) retrieved from /opt/conda/lib/python3.8/site-packages/airflow/example_dags/example_time_delta_sensor_async.py
[2024-04-06 13:05:09,577] {logging_mixin.py:115} INFO - [2024-04-06 13:05:09,577] {dag.py:2420} INFO - Sync 1 DAGs
[2024-04-06 13:05:09,591] {logging_mixin.py:115} INFO - [2024-04-06 13:05:09,591] {dag.py:2968} INFO - Setting next_dagrun for example_time_delta_sensor_async to None, run_after=None
[2024-04-06 13:05:09,610] {processor.py:161} INFO - Processing /opt/conda/lib/python3.8/site-packages/airflow/example_dags/example_time_delta_sensor_async.py took 0.074 seconds
[2024-04-06 13:05:51,326] {processor.py:153} INFO - Started process (PID=3355) to work on /opt/conda/lib/python3.8/site-packages/airflow/example_dags/example_time_delta_sensor_async.py
[2024-04-06 13:05:51,328] {processor.py:641} INFO - Processing file /opt/conda/lib/python3.8/site-packages/airflow/example_dags/example_time_delta_sensor_async.py for tasks to queue
[2024-04-06 13:05:51,329] {logging_mixin.py:115} INFO - [2024-04-06 13:05:51,329] {dagbag.py:508} INFO - Filling up the DagBag from /opt/conda/lib/python3.8/site-packages/airflow/example_dags/example_time_delta_sensor_async.py
[2024-04-06 13:05:51,335] {processor.py:651} INFO - DAG(s) dict_keys(['example_time_delta_sensor_async']) retrieved from /opt/conda/lib/python3.8/site-packages/airflow/example_dags/example_time_delta_sensor_async.py
[2024-04-06 13:05:51,370] {logging_mixin.py:115} INFO - [2024-04-06 13:05:51,370] {dag.py:2420} INFO - Sync 1 DAGs
[2024-04-06 13:05:51,389] {logging_mixin.py:115} INFO - [2024-04-06 13:05:51,388] {dag.py:2968} INFO - Setting next_dagrun for example_time_delta_sensor_async to None, run_after=None
[2024-04-06 13:05:51,409] {processor.py:161} INFO - Processing /opt/conda/lib/python3.8/site-packages/airflow/example_dags/example_time_delta_sensor_async.py took 0.086 seconds
[2024-04-06 13:06:34,403] {processor.py:153} INFO - Started process (PID=3425) to work on /opt/conda/lib/python3.8/site-packages/airflow/example_dags/example_time_delta_sensor_async.py
[2024-04-06 13:06:34,405] {processor.py:641} INFO - Processing file /opt/conda/lib/python3.8/site-packages/airflow/example_dags/example_time_delta_sensor_async.py for tasks to queue
[2024-04-06 13:06:34,405] {logging_mixin.py:115} INFO - [2024-04-06 13:06:34,405] {dagbag.py:508} INFO - Filling up the DagBag from /opt/conda/lib/python3.8/site-packages/airflow/example_dags/example_time_delta_sensor_async.py
[2024-04-06 13:06:34,411] {processor.py:651} INFO - DAG(s) dict_keys(['example_time_delta_sensor_async']) retrieved from /opt/conda/lib/python3.8/site-packages/airflow/example_dags/example_time_delta_sensor_async.py
[2024-04-06 13:06:34,440] {logging_mixin.py:115} INFO - [2024-04-06 13:06:34,440] {dag.py:2420} INFO - Sync 1 DAGs
[2024-04-06 13:06:34,454] {logging_mixin.py:115} INFO - [2024-04-06 13:06:34,454] {dag.py:2968} INFO - Setting next_dagrun for example_time_delta_sensor_async to None, run_after=None
[2024-04-06 13:06:34,474] {processor.py:161} INFO - Processing /opt/conda/lib/python3.8/site-packages/airflow/example_dags/example_time_delta_sensor_async.py took 0.074 seconds
[2024-04-06 13:07:26,251] {processor.py:153} INFO - Started process (PID=3511) to work on /opt/conda/lib/python3.8/site-packages/airflow/example_dags/example_time_delta_sensor_async.py
[2024-04-06 13:07:26,252] {processor.py:641} INFO - Processing file /opt/conda/lib/python3.8/site-packages/airflow/example_dags/example_time_delta_sensor_async.py for tasks to queue
[2024-04-06 13:07:26,253] {logging_mixin.py:115} INFO - [2024-04-06 13:07:26,253] {dagbag.py:508} INFO - Filling up the DagBag from /opt/conda/lib/python3.8/site-packages/airflow/example_dags/example_time_delta_sensor_async.py
[2024-04-06 13:07:26,259] {processor.py:651} INFO - DAG(s) dict_keys(['example_time_delta_sensor_async']) retrieved from /opt/conda/lib/python3.8/site-packages/airflow/example_dags/example_time_delta_sensor_async.py
[2024-04-06 13:07:26,293] {logging_mixin.py:115} INFO - [2024-04-06 13:07:26,293] {dag.py:2420} INFO - Sync 1 DAGs
[2024-04-06 13:07:26,307] {logging_mixin.py:115} INFO - [2024-04-06 13:07:26,307] {dag.py:2968} INFO - Setting next_dagrun for example_time_delta_sensor_async to None, run_after=None
[2024-04-06 13:07:26,340] {processor.py:161} INFO - Processing /opt/conda/lib/python3.8/site-packages/airflow/example_dags/example_time_delta_sensor_async.py took 0.093 seconds
[2024-04-06 13:08:17,412] {processor.py:153} INFO - Started process (PID=3620) to work on /opt/conda/lib/python3.8/site-packages/airflow/example_dags/example_time_delta_sensor_async.py
[2024-04-06 13:08:17,414] {processor.py:641} INFO - Processing file /opt/conda/lib/python3.8/site-packages/airflow/example_dags/example_time_delta_sensor_async.py for tasks to queue
[2024-04-06 13:08:17,415] {logging_mixin.py:115} INFO - [2024-04-06 13:08:17,415] {dagbag.py:508} INFO - Filling up the DagBag from /opt/conda/lib/python3.8/site-packages/airflow/example_dags/example_time_delta_sensor_async.py
[2024-04-06 13:08:17,421] {processor.py:651} INFO - DAG(s) dict_keys(['example_time_delta_sensor_async']) retrieved from /opt/conda/lib/python3.8/site-packages/airflow/example_dags/example_time_delta_sensor_async.py
[2024-04-06 13:08:17,457] {logging_mixin.py:115} INFO - [2024-04-06 13:08:17,456] {dag.py:2420} INFO - Sync 1 DAGs
[2024-04-06 13:08:17,474] {logging_mixin.py:115} INFO - [2024-04-06 13:08:17,474] {dag.py:2968} INFO - Setting next_dagrun for example_time_delta_sensor_async to None, run_after=None
[2024-04-06 13:08:17,498] {processor.py:161} INFO - Processing /opt/conda/lib/python3.8/site-packages/airflow/example_dags/example_time_delta_sensor_async.py took 0.090 seconds
[2024-04-06 13:08:59,415] {processor.py:153} INFO - Started process (PID=3704) to work on /opt/conda/lib/python3.8/site-packages/airflow/example_dags/example_time_delta_sensor_async.py
[2024-04-06 13:08:59,417] {processor.py:641} INFO - Processing file /opt/conda/lib/python3.8/site-packages/airflow/example_dags/example_time_delta_sensor_async.py for tasks to queue
[2024-04-06 13:08:59,418] {logging_mixin.py:115} INFO - [2024-04-06 13:08:59,418] {dagbag.py:508} INFO - Filling up the DagBag from /opt/conda/lib/python3.8/site-packages/airflow/example_dags/example_time_delta_sensor_async.py
[2024-04-06 13:08:59,423] {processor.py:651} INFO - DAG(s) dict_keys(['example_time_delta_sensor_async']) retrieved from /opt/conda/lib/python3.8/site-packages/airflow/example_dags/example_time_delta_sensor_async.py
[2024-04-06 13:08:59,459] {logging_mixin.py:115} INFO - [2024-04-06 13:08:59,458] {dag.py:2420} INFO - Sync 1 DAGs
[2024-04-06 13:08:59,477] {logging_mixin.py:115} INFO - [2024-04-06 13:08:59,477] {dag.py:2968} INFO - Setting next_dagrun for example_time_delta_sensor_async to None, run_after=None
[2024-04-06 13:08:59,501] {processor.py:161} INFO - Processing /opt/conda/lib/python3.8/site-packages/airflow/example_dags/example_time_delta_sensor_async.py took 0.089 seconds
[2024-04-06 13:09:53,591] {processor.py:153} INFO - Started process (PID=3799) to work on /opt/conda/lib/python3.8/site-packages/airflow/example_dags/example_time_delta_sensor_async.py
[2024-04-06 13:09:53,598] {processor.py:641} INFO - Processing file /opt/conda/lib/python3.8/site-packages/airflow/example_dags/example_time_delta_sensor_async.py for tasks to queue
[2024-04-06 13:09:53,599] {logging_mixin.py:115} INFO - [2024-04-06 13:09:53,599] {dagbag.py:508} INFO - Filling up the DagBag from /opt/conda/lib/python3.8/site-packages/airflow/example_dags/example_time_delta_sensor_async.py
[2024-04-06 13:09:53,605] {processor.py:651} INFO - DAG(s) dict_keys(['example_time_delta_sensor_async']) retrieved from /opt/conda/lib/python3.8/site-packages/airflow/example_dags/example_time_delta_sensor_async.py
[2024-04-06 13:09:53,640] {logging_mixin.py:115} INFO - [2024-04-06 13:09:53,640] {dag.py:2420} INFO - Sync 1 DAGs
[2024-04-06 13:09:53,657] {logging_mixin.py:115} INFO - [2024-04-06 13:09:53,657] {dag.py:2968} INFO - Setting next_dagrun for example_time_delta_sensor_async to None, run_after=None
[2024-04-06 13:09:53,682] {processor.py:161} INFO - Processing /opt/conda/lib/python3.8/site-packages/airflow/example_dags/example_time_delta_sensor_async.py took 0.094 seconds
[2024-04-06 13:10:35,063] {processor.py:153} INFO - Started process (PID=3870) to work on /opt/conda/lib/python3.8/site-packages/airflow/example_dags/example_time_delta_sensor_async.py
[2024-04-06 13:10:35,065] {processor.py:641} INFO - Processing file /opt/conda/lib/python3.8/site-packages/airflow/example_dags/example_time_delta_sensor_async.py for tasks to queue
[2024-04-06 13:10:35,066] {logging_mixin.py:115} INFO - [2024-04-06 13:10:35,065] {dagbag.py:508} INFO - Filling up the DagBag from /opt/conda/lib/python3.8/site-packages/airflow/example_dags/example_time_delta_sensor_async.py
[2024-04-06 13:10:35,071] {processor.py:651} INFO - DAG(s) dict_keys(['example_time_delta_sensor_async']) retrieved from /opt/conda/lib/python3.8/site-packages/airflow/example_dags/example_time_delta_sensor_async.py
[2024-04-06 13:10:35,100] {logging_mixin.py:115} INFO - [2024-04-06 13:10:35,100] {dag.py:2420} INFO - Sync 1 DAGs
[2024-04-06 13:10:35,114] {logging_mixin.py:115} INFO - [2024-04-06 13:10:35,114] {dag.py:2968} INFO - Setting next_dagrun for example_time_delta_sensor_async to None, run_after=None
[2024-04-06 13:10:35,136] {processor.py:161} INFO - Processing /opt/conda/lib/python3.8/site-packages/airflow/example_dags/example_time_delta_sensor_async.py took 0.076 seconds
[2024-04-06 13:11:28,056] {processor.py:153} INFO - Started process (PID=3950) to work on /opt/conda/lib/python3.8/site-packages/airflow/example_dags/example_time_delta_sensor_async.py
[2024-04-06 13:11:28,058] {processor.py:641} INFO - Processing file /opt/conda/lib/python3.8/site-packages/airflow/example_dags/example_time_delta_sensor_async.py for tasks to queue
[2024-04-06 13:11:28,058] {logging_mixin.py:115} INFO - [2024-04-06 13:11:28,058] {dagbag.py:508} INFO - Filling up the DagBag from /opt/conda/lib/python3.8/site-packages/airflow/example_dags/example_time_delta_sensor_async.py
[2024-04-06 13:11:28,064] {processor.py:651} INFO - DAG(s) dict_keys(['example_time_delta_sensor_async']) retrieved from /opt/conda/lib/python3.8/site-packages/airflow/example_dags/example_time_delta_sensor_async.py
[2024-04-06 13:11:28,100] {logging_mixin.py:115} INFO - [2024-04-06 13:11:28,100] {dag.py:2420} INFO - Sync 1 DAGs
[2024-04-06 13:11:28,118] {logging_mixin.py:115} INFO - [2024-04-06 13:11:28,118] {dag.py:2968} INFO - Setting next_dagrun for example_time_delta_sensor_async to None, run_after=None
[2024-04-06 13:11:28,141] {processor.py:161} INFO - Processing /opt/conda/lib/python3.8/site-packages/airflow/example_dags/example_time_delta_sensor_async.py took 0.089 seconds
[2024-04-06 13:12:09,096] {processor.py:153} INFO - Started process (PID=4018) to work on /opt/conda/lib/python3.8/site-packages/airflow/example_dags/example_time_delta_sensor_async.py
[2024-04-06 13:12:09,098] {processor.py:641} INFO - Processing file /opt/conda/lib/python3.8/site-packages/airflow/example_dags/example_time_delta_sensor_async.py for tasks to queue
[2024-04-06 13:12:09,098] {logging_mixin.py:115} INFO - [2024-04-06 13:12:09,098] {dagbag.py:508} INFO - Filling up the DagBag from /opt/conda/lib/python3.8/site-packages/airflow/example_dags/example_time_delta_sensor_async.py
[2024-04-06 13:12:09,104] {processor.py:651} INFO - DAG(s) dict_keys(['example_time_delta_sensor_async']) retrieved from /opt/conda/lib/python3.8/site-packages/airflow/example_dags/example_time_delta_sensor_async.py
[2024-04-06 13:12:09,134] {logging_mixin.py:115} INFO - [2024-04-06 13:12:09,134] {dag.py:2420} INFO - Sync 1 DAGs
[2024-04-06 13:12:09,149] {logging_mixin.py:115} INFO - [2024-04-06 13:12:09,148] {dag.py:2968} INFO - Setting next_dagrun for example_time_delta_sensor_async to None, run_after=None
[2024-04-06 13:12:09,169] {processor.py:161} INFO - Processing /opt/conda/lib/python3.8/site-packages/airflow/example_dags/example_time_delta_sensor_async.py took 0.076 seconds
[2024-04-06 13:12:52,133] {processor.py:153} INFO - Started process (PID=4088) to work on /opt/conda/lib/python3.8/site-packages/airflow/example_dags/example_time_delta_sensor_async.py
[2024-04-06 13:12:52,134] {processor.py:641} INFO - Processing file /opt/conda/lib/python3.8/site-packages/airflow/example_dags/example_time_delta_sensor_async.py for tasks to queue
[2024-04-06 13:12:52,135] {logging_mixin.py:115} INFO - [2024-04-06 13:12:52,135] {dagbag.py:508} INFO - Filling up the DagBag from /opt/conda/lib/python3.8/site-packages/airflow/example_dags/example_time_delta_sensor_async.py
[2024-04-06 13:12:52,141] {processor.py:651} INFO - DAG(s) dict_keys(['example_time_delta_sensor_async']) retrieved from /opt/conda/lib/python3.8/site-packages/airflow/example_dags/example_time_delta_sensor_async.py
[2024-04-06 13:12:52,179] {logging_mixin.py:115} INFO - [2024-04-06 13:12:52,179] {dag.py:2420} INFO - Sync 1 DAGs
[2024-04-06 13:12:52,198] {logging_mixin.py:115} INFO - [2024-04-06 13:12:52,198] {dag.py:2968} INFO - Setting next_dagrun for example_time_delta_sensor_async to None, run_after=None
[2024-04-06 13:12:52,219] {processor.py:161} INFO - Processing /opt/conda/lib/python3.8/site-packages/airflow/example_dags/example_time_delta_sensor_async.py took 0.090 seconds
[2024-04-06 13:13:37,623] {processor.py:153} INFO - Started process (PID=4189) to work on /opt/conda/lib/python3.8/site-packages/airflow/example_dags/example_time_delta_sensor_async.py
[2024-04-06 13:13:37,625] {processor.py:641} INFO - Processing file /opt/conda/lib/python3.8/site-packages/airflow/example_dags/example_time_delta_sensor_async.py for tasks to queue
[2024-04-06 13:13:37,625] {logging_mixin.py:115} INFO - [2024-04-06 13:13:37,625] {dagbag.py:508} INFO - Filling up the DagBag from /opt/conda/lib/python3.8/site-packages/airflow/example_dags/example_time_delta_sensor_async.py
[2024-04-06 13:13:37,631] {processor.py:651} INFO - DAG(s) dict_keys(['example_time_delta_sensor_async']) retrieved from /opt/conda/lib/python3.8/site-packages/airflow/example_dags/example_time_delta_sensor_async.py
[2024-04-06 13:13:37,661] {logging_mixin.py:115} INFO - [2024-04-06 13:13:37,661] {dag.py:2420} INFO - Sync 1 DAGs
[2024-04-06 13:13:37,675] {logging_mixin.py:115} INFO - [2024-04-06 13:13:37,675] {dag.py:2968} INFO - Setting next_dagrun for example_time_delta_sensor_async to None, run_after=None
[2024-04-06 13:13:37,723] {processor.py:161} INFO - Processing /opt/conda/lib/python3.8/site-packages/airflow/example_dags/example_time_delta_sensor_async.py took 0.103 seconds
[2024-04-06 13:14:19,544] {processor.py:153} INFO - Started process (PID=4259) to work on /opt/conda/lib/python3.8/site-packages/airflow/example_dags/example_time_delta_sensor_async.py
[2024-04-06 13:14:19,545] {processor.py:641} INFO - Processing file /opt/conda/lib/python3.8/site-packages/airflow/example_dags/example_time_delta_sensor_async.py for tasks to queue
[2024-04-06 13:14:19,546] {logging_mixin.py:115} INFO - [2024-04-06 13:14:19,546] {dagbag.py:508} INFO - Filling up the DagBag from /opt/conda/lib/python3.8/site-packages/airflow/example_dags/example_time_delta_sensor_async.py
[2024-04-06 13:14:19,551] {processor.py:651} INFO - DAG(s) dict_keys(['example_time_delta_sensor_async']) retrieved from /opt/conda/lib/python3.8/site-packages/airflow/example_dags/example_time_delta_sensor_async.py
[2024-04-06 13:14:19,587] {logging_mixin.py:115} INFO - [2024-04-06 13:14:19,587] {dag.py:2420} INFO - Sync 1 DAGs
[2024-04-06 13:14:19,602] {logging_mixin.py:115} INFO - [2024-04-06 13:14:19,602] {dag.py:2968} INFO - Setting next_dagrun for example_time_delta_sensor_async to None, run_after=None
[2024-04-06 13:14:19,626] {processor.py:161} INFO - Processing /opt/conda/lib/python3.8/site-packages/airflow/example_dags/example_time_delta_sensor_async.py took 0.086 seconds
[2024-04-06 13:15:02,211] {processor.py:153} INFO - Started process (PID=4332) to work on /opt/conda/lib/python3.8/site-packages/airflow/example_dags/example_time_delta_sensor_async.py
[2024-04-06 13:15:02,213] {processor.py:641} INFO - Processing file /opt/conda/lib/python3.8/site-packages/airflow/example_dags/example_time_delta_sensor_async.py for tasks to queue
[2024-04-06 13:15:02,213] {logging_mixin.py:115} INFO - [2024-04-06 13:15:02,213] {dagbag.py:508} INFO - Filling up the DagBag from /opt/conda/lib/python3.8/site-packages/airflow/example_dags/example_time_delta_sensor_async.py
[2024-04-06 13:15:02,219] {processor.py:651} INFO - DAG(s) dict_keys(['example_time_delta_sensor_async']) retrieved from /opt/conda/lib/python3.8/site-packages/airflow/example_dags/example_time_delta_sensor_async.py
[2024-04-06 13:15:02,248] {logging_mixin.py:115} INFO - [2024-04-06 13:15:02,248] {dag.py:2420} INFO - Sync 1 DAGs
[2024-04-06 13:15:02,261] {logging_mixin.py:115} INFO - [2024-04-06 13:15:02,261] {dag.py:2968} INFO - Setting next_dagrun for example_time_delta_sensor_async to None, run_after=None
[2024-04-06 13:15:02,282] {processor.py:161} INFO - Processing /opt/conda/lib/python3.8/site-packages/airflow/example_dags/example_time_delta_sensor_async.py took 0.075 seconds
[2024-04-06 13:15:44,283] {processor.py:153} INFO - Started process (PID=4402) to work on /opt/conda/lib/python3.8/site-packages/airflow/example_dags/example_time_delta_sensor_async.py
[2024-04-06 13:15:44,285] {processor.py:641} INFO - Processing file /opt/conda/lib/python3.8/site-packages/airflow/example_dags/example_time_delta_sensor_async.py for tasks to queue
[2024-04-06 13:15:44,285] {logging_mixin.py:115} INFO - [2024-04-06 13:15:44,285] {dagbag.py:508} INFO - Filling up the DagBag from /opt/conda/lib/python3.8/site-packages/airflow/example_dags/example_time_delta_sensor_async.py
[2024-04-06 13:15:44,291] {processor.py:651} INFO - DAG(s) dict_keys(['example_time_delta_sensor_async']) retrieved from /opt/conda/lib/python3.8/site-packages/airflow/example_dags/example_time_delta_sensor_async.py
[2024-04-06 13:15:44,329] {logging_mixin.py:115} INFO - [2024-04-06 13:15:44,329] {dag.py:2420} INFO - Sync 1 DAGs
[2024-04-06 13:15:44,348] {logging_mixin.py:115} INFO - [2024-04-06 13:15:44,348] {dag.py:2968} INFO - Setting next_dagrun for example_time_delta_sensor_async to None, run_after=None
[2024-04-06 13:15:44,373] {processor.py:161} INFO - Processing /opt/conda/lib/python3.8/site-packages/airflow/example_dags/example_time_delta_sensor_async.py took 0.094 seconds
[2024-04-06 13:16:26,588] {processor.py:153} INFO - Started process (PID=4473) to work on /opt/conda/lib/python3.8/site-packages/airflow/example_dags/example_time_delta_sensor_async.py
[2024-04-06 13:16:26,590] {processor.py:641} INFO - Processing file /opt/conda/lib/python3.8/site-packages/airflow/example_dags/example_time_delta_sensor_async.py for tasks to queue
[2024-04-06 13:16:26,590] {logging_mixin.py:115} INFO - [2024-04-06 13:16:26,590] {dagbag.py:508} INFO - Filling up the DagBag from /opt/conda/lib/python3.8/site-packages/airflow/example_dags/example_time_delta_sensor_async.py
[2024-04-06 13:16:26,596] {processor.py:651} INFO - DAG(s) dict_keys(['example_time_delta_sensor_async']) retrieved from /opt/conda/lib/python3.8/site-packages/airflow/example_dags/example_time_delta_sensor_async.py
[2024-04-06 13:16:26,632] {logging_mixin.py:115} INFO - [2024-04-06 13:16:26,632] {dag.py:2420} INFO - Sync 1 DAGs
[2024-04-06 13:16:26,650] {logging_mixin.py:115} INFO - [2024-04-06 13:16:26,650] {dag.py:2968} INFO - Setting next_dagrun for example_time_delta_sensor_async to None, run_after=None
[2024-04-06 13:16:26,673] {processor.py:161} INFO - Processing /opt/conda/lib/python3.8/site-packages/airflow/example_dags/example_time_delta_sensor_async.py took 0.089 seconds
[2024-04-06 13:17:19,652] {processor.py:153} INFO - Started process (PID=4567) to work on /opt/conda/lib/python3.8/site-packages/airflow/example_dags/example_time_delta_sensor_async.py
[2024-04-06 13:17:19,654] {processor.py:641} INFO - Processing file /opt/conda/lib/python3.8/site-packages/airflow/example_dags/example_time_delta_sensor_async.py for tasks to queue
[2024-04-06 13:17:19,654] {logging_mixin.py:115} INFO - [2024-04-06 13:17:19,654] {dagbag.py:508} INFO - Filling up the DagBag from /opt/conda/lib/python3.8/site-packages/airflow/example_dags/example_time_delta_sensor_async.py
[2024-04-06 13:17:19,660] {processor.py:651} INFO - DAG(s) dict_keys(['example_time_delta_sensor_async']) retrieved from /opt/conda/lib/python3.8/site-packages/airflow/example_dags/example_time_delta_sensor_async.py
[2024-04-06 13:17:19,689] {logging_mixin.py:115} INFO - [2024-04-06 13:17:19,689] {dag.py:2420} INFO - Sync 1 DAGs
[2024-04-06 13:17:19,702] {logging_mixin.py:115} INFO - [2024-04-06 13:17:19,702] {dag.py:2968} INFO - Setting next_dagrun for example_time_delta_sensor_async to None, run_after=None
[2024-04-06 13:17:19,722] {processor.py:161} INFO - Processing /opt/conda/lib/python3.8/site-packages/airflow/example_dags/example_time_delta_sensor_async.py took 0.073 seconds
[2024-04-06 13:18:00,566] {processor.py:153} INFO - Started process (PID=4635) to work on /opt/conda/lib/python3.8/site-packages/airflow/example_dags/example_time_delta_sensor_async.py
[2024-04-06 13:18:00,568] {processor.py:641} INFO - Processing file /opt/conda/lib/python3.8/site-packages/airflow/example_dags/example_time_delta_sensor_async.py for tasks to queue
[2024-04-06 13:18:00,568] {logging_mixin.py:115} INFO - [2024-04-06 13:18:00,568] {dagbag.py:508} INFO - Filling up the DagBag from /opt/conda/lib/python3.8/site-packages/airflow/example_dags/example_time_delta_sensor_async.py
[2024-04-06 13:18:00,574] {processor.py:651} INFO - DAG(s) dict_keys(['example_time_delta_sensor_async']) retrieved from /opt/conda/lib/python3.8/site-packages/airflow/example_dags/example_time_delta_sensor_async.py
[2024-04-06 13:18:00,609] {logging_mixin.py:115} INFO - [2024-04-06 13:18:00,609] {dag.py:2420} INFO - Sync 1 DAGs
[2024-04-06 13:18:00,628] {logging_mixin.py:115} INFO - [2024-04-06 13:18:00,628] {dag.py:2968} INFO - Setting next_dagrun for example_time_delta_sensor_async to None, run_after=None
[2024-04-06 13:18:00,706] {processor.py:161} INFO - Processing /opt/conda/lib/python3.8/site-packages/airflow/example_dags/example_time_delta_sensor_async.py took 0.143 seconds
[2024-04-06 13:19:00,346] {processor.py:153} INFO - Started process (PID=4794) to work on /opt/conda/lib/python3.8/site-packages/airflow/example_dags/example_time_delta_sensor_async.py
[2024-04-06 13:19:00,347] {processor.py:641} INFO - Processing file /opt/conda/lib/python3.8/site-packages/airflow/example_dags/example_time_delta_sensor_async.py for tasks to queue
[2024-04-06 13:19:00,348] {logging_mixin.py:115} INFO - [2024-04-06 13:19:00,348] {dagbag.py:508} INFO - Filling up the DagBag from /opt/conda/lib/python3.8/site-packages/airflow/example_dags/example_time_delta_sensor_async.py
[2024-04-06 13:19:00,353] {processor.py:651} INFO - DAG(s) dict_keys(['example_time_delta_sensor_async']) retrieved from /opt/conda/lib/python3.8/site-packages/airflow/example_dags/example_time_delta_sensor_async.py
[2024-04-06 13:19:00,383] {logging_mixin.py:115} INFO - [2024-04-06 13:19:00,383] {dag.py:2420} INFO - Sync 1 DAGs
[2024-04-06 13:19:00,397] {logging_mixin.py:115} INFO - [2024-04-06 13:19:00,397] {dag.py:2968} INFO - Setting next_dagrun for example_time_delta_sensor_async to None, run_after=None
[2024-04-06 13:19:00,515] {processor.py:161} INFO - Processing /opt/conda/lib/python3.8/site-packages/airflow/example_dags/example_time_delta_sensor_async.py took 0.172 seconds
[2024-04-06 13:19:45,376] {processor.py:153} INFO - Started process (PID=4881) to work on /opt/conda/lib/python3.8/site-packages/airflow/example_dags/example_time_delta_sensor_async.py
[2024-04-06 13:19:45,377] {processor.py:641} INFO - Processing file /opt/conda/lib/python3.8/site-packages/airflow/example_dags/example_time_delta_sensor_async.py for tasks to queue
[2024-04-06 13:19:45,378] {logging_mixin.py:115} INFO - [2024-04-06 13:19:45,378] {dagbag.py:508} INFO - Filling up the DagBag from /opt/conda/lib/python3.8/site-packages/airflow/example_dags/example_time_delta_sensor_async.py
[2024-04-06 13:19:45,384] {processor.py:651} INFO - DAG(s) dict_keys(['example_time_delta_sensor_async']) retrieved from /opt/conda/lib/python3.8/site-packages/airflow/example_dags/example_time_delta_sensor_async.py
[2024-04-06 13:19:45,419] {logging_mixin.py:115} INFO - [2024-04-06 13:19:45,419] {dag.py:2420} INFO - Sync 1 DAGs
[2024-04-06 13:19:45,438] {logging_mixin.py:115} INFO - [2024-04-06 13:19:45,438] {dag.py:2968} INFO - Setting next_dagrun for example_time_delta_sensor_async to None, run_after=None
[2024-04-06 13:19:45,461] {processor.py:161} INFO - Processing /opt/conda/lib/python3.8/site-packages/airflow/example_dags/example_time_delta_sensor_async.py took 0.088 seconds
[2024-04-06 13:20:36,091] {processor.py:153} INFO - Started process (PID=4963) to work on /opt/conda/lib/python3.8/site-packages/airflow/example_dags/example_time_delta_sensor_async.py
[2024-04-06 13:20:36,093] {processor.py:641} INFO - Processing file /opt/conda/lib/python3.8/site-packages/airflow/example_dags/example_time_delta_sensor_async.py for tasks to queue
[2024-04-06 13:20:36,094] {logging_mixin.py:115} INFO - [2024-04-06 13:20:36,094] {dagbag.py:508} INFO - Filling up the DagBag from /opt/conda/lib/python3.8/site-packages/airflow/example_dags/example_time_delta_sensor_async.py
[2024-04-06 13:20:36,100] {processor.py:651} INFO - DAG(s) dict_keys(['example_time_delta_sensor_async']) retrieved from /opt/conda/lib/python3.8/site-packages/airflow/example_dags/example_time_delta_sensor_async.py
[2024-04-06 13:20:36,135] {logging_mixin.py:115} INFO - [2024-04-06 13:20:36,135] {dag.py:2420} INFO - Sync 1 DAGs
[2024-04-06 13:20:36,153] {logging_mixin.py:115} INFO - [2024-04-06 13:20:36,153] {dag.py:2968} INFO - Setting next_dagrun for example_time_delta_sensor_async to None, run_after=None
[2024-04-06 13:20:36,180] {processor.py:161} INFO - Processing /opt/conda/lib/python3.8/site-packages/airflow/example_dags/example_time_delta_sensor_async.py took 0.092 seconds
[2024-04-06 13:21:22,855] {processor.py:153} INFO - Started process (PID=5034) to work on /opt/conda/lib/python3.8/site-packages/airflow/example_dags/example_time_delta_sensor_async.py
[2024-04-06 13:21:22,857] {processor.py:641} INFO - Processing file /opt/conda/lib/python3.8/site-packages/airflow/example_dags/example_time_delta_sensor_async.py for tasks to queue
[2024-04-06 13:21:22,857] {logging_mixin.py:115} INFO - [2024-04-06 13:21:22,857] {dagbag.py:508} INFO - Filling up the DagBag from /opt/conda/lib/python3.8/site-packages/airflow/example_dags/example_time_delta_sensor_async.py
[2024-04-06 13:21:22,863] {processor.py:651} INFO - DAG(s) dict_keys(['example_time_delta_sensor_async']) retrieved from /opt/conda/lib/python3.8/site-packages/airflow/example_dags/example_time_delta_sensor_async.py
[2024-04-06 13:21:22,899] {logging_mixin.py:115} INFO - [2024-04-06 13:21:22,899] {dag.py:2420} INFO - Sync 1 DAGs
[2024-04-06 13:21:22,918] {logging_mixin.py:115} INFO - [2024-04-06 13:21:22,918] {dag.py:2968} INFO - Setting next_dagrun for example_time_delta_sensor_async to None, run_after=None
[2024-04-06 13:21:22,944] {processor.py:161} INFO - Processing /opt/conda/lib/python3.8/site-packages/airflow/example_dags/example_time_delta_sensor_async.py took 0.092 seconds
[2024-04-06 13:22:07,227] {processor.py:153} INFO - Started process (PID=5135) to work on /opt/conda/lib/python3.8/site-packages/airflow/example_dags/example_time_delta_sensor_async.py
[2024-04-06 13:22:07,229] {processor.py:641} INFO - Processing file /opt/conda/lib/python3.8/site-packages/airflow/example_dags/example_time_delta_sensor_async.py for tasks to queue
[2024-04-06 13:22:07,229] {logging_mixin.py:115} INFO - [2024-04-06 13:22:07,229] {dagbag.py:508} INFO - Filling up the DagBag from /opt/conda/lib/python3.8/site-packages/airflow/example_dags/example_time_delta_sensor_async.py
[2024-04-06 13:22:07,235] {processor.py:651} INFO - DAG(s) dict_keys(['example_time_delta_sensor_async']) retrieved from /opt/conda/lib/python3.8/site-packages/airflow/example_dags/example_time_delta_sensor_async.py
[2024-04-06 13:22:07,271] {logging_mixin.py:115} INFO - [2024-04-06 13:22:07,271] {dag.py:2420} INFO - Sync 1 DAGs
[2024-04-06 13:22:07,288] {logging_mixin.py:115} INFO - [2024-04-06 13:22:07,288] {dag.py:2968} INFO - Setting next_dagrun for example_time_delta_sensor_async to None, run_after=None
[2024-04-06 13:22:07,308] {processor.py:161} INFO - Processing /opt/conda/lib/python3.8/site-packages/airflow/example_dags/example_time_delta_sensor_async.py took 0.084 seconds
[2024-04-06 13:22:49,399] {processor.py:153} INFO - Started process (PID=5210) to work on /opt/conda/lib/python3.8/site-packages/airflow/example_dags/example_time_delta_sensor_async.py
[2024-04-06 13:22:49,400] {processor.py:641} INFO - Processing file /opt/conda/lib/python3.8/site-packages/airflow/example_dags/example_time_delta_sensor_async.py for tasks to queue
[2024-04-06 13:22:49,400] {logging_mixin.py:115} INFO - [2024-04-06 13:22:49,400] {dagbag.py:508} INFO - Filling up the DagBag from /opt/conda/lib/python3.8/site-packages/airflow/example_dags/example_time_delta_sensor_async.py
[2024-04-06 13:22:49,406] {processor.py:651} INFO - DAG(s) dict_keys(['example_time_delta_sensor_async']) retrieved from /opt/conda/lib/python3.8/site-packages/airflow/example_dags/example_time_delta_sensor_async.py
[2024-04-06 13:22:49,442] {logging_mixin.py:115} INFO - [2024-04-06 13:22:49,442] {dag.py:2420} INFO - Sync 1 DAGs
[2024-04-06 13:22:49,460] {logging_mixin.py:115} INFO - [2024-04-06 13:22:49,460] {dag.py:2968} INFO - Setting next_dagrun for example_time_delta_sensor_async to None, run_after=None
[2024-04-06 13:22:49,538] {processor.py:161} INFO - Processing /opt/conda/lib/python3.8/site-packages/airflow/example_dags/example_time_delta_sensor_async.py took 0.143 seconds
[2024-04-06 13:23:34,782] {processor.py:153} INFO - Started process (PID=5285) to work on /opt/conda/lib/python3.8/site-packages/airflow/example_dags/example_time_delta_sensor_async.py
[2024-04-06 13:23:34,785] {processor.py:641} INFO - Processing file /opt/conda/lib/python3.8/site-packages/airflow/example_dags/example_time_delta_sensor_async.py for tasks to queue
[2024-04-06 13:23:34,786] {logging_mixin.py:115} INFO - [2024-04-06 13:23:34,785] {dagbag.py:508} INFO - Filling up the DagBag from /opt/conda/lib/python3.8/site-packages/airflow/example_dags/example_time_delta_sensor_async.py
[2024-04-06 13:23:34,791] {processor.py:651} INFO - DAG(s) dict_keys(['example_time_delta_sensor_async']) retrieved from /opt/conda/lib/python3.8/site-packages/airflow/example_dags/example_time_delta_sensor_async.py
[2024-04-06 13:23:34,827] {logging_mixin.py:115} INFO - [2024-04-06 13:23:34,827] {dag.py:2420} INFO - Sync 1 DAGs
[2024-04-06 13:23:34,846] {logging_mixin.py:115} INFO - [2024-04-06 13:23:34,846] {dag.py:2968} INFO - Setting next_dagrun for example_time_delta_sensor_async to None, run_after=None
[2024-04-06 13:23:34,878] {processor.py:161} INFO - Processing /opt/conda/lib/python3.8/site-packages/airflow/example_dags/example_time_delta_sensor_async.py took 0.099 seconds
[2024-04-06 13:24:24,613] {processor.py:153} INFO - Started process (PID=5379) to work on /opt/conda/lib/python3.8/site-packages/airflow/example_dags/example_time_delta_sensor_async.py
[2024-04-06 13:24:24,614] {processor.py:641} INFO - Processing file /opt/conda/lib/python3.8/site-packages/airflow/example_dags/example_time_delta_sensor_async.py for tasks to queue
[2024-04-06 13:24:24,615] {logging_mixin.py:115} INFO - [2024-04-06 13:24:24,615] {dagbag.py:508} INFO - Filling up the DagBag from /opt/conda/lib/python3.8/site-packages/airflow/example_dags/example_time_delta_sensor_async.py
[2024-04-06 13:24:24,621] {processor.py:651} INFO - DAG(s) dict_keys(['example_time_delta_sensor_async']) retrieved from /opt/conda/lib/python3.8/site-packages/airflow/example_dags/example_time_delta_sensor_async.py
[2024-04-06 13:24:24,658] {logging_mixin.py:115} INFO - [2024-04-06 13:24:24,658] {dag.py:2420} INFO - Sync 1 DAGs
[2024-04-06 13:24:24,677] {logging_mixin.py:115} INFO - [2024-04-06 13:24:24,677] {dag.py:2968} INFO - Setting next_dagrun for example_time_delta_sensor_async to None, run_after=None
[2024-04-06 13:24:24,699] {processor.py:161} INFO - Processing /opt/conda/lib/python3.8/site-packages/airflow/example_dags/example_time_delta_sensor_async.py took 0.090 seconds
[2024-04-06 13:25:09,898] {processor.py:153} INFO - Started process (PID=5460) to work on /opt/conda/lib/python3.8/site-packages/airflow/example_dags/example_time_delta_sensor_async.py
[2024-04-06 13:25:09,900] {processor.py:641} INFO - Processing file /opt/conda/lib/python3.8/site-packages/airflow/example_dags/example_time_delta_sensor_async.py for tasks to queue
[2024-04-06 13:25:09,900] {logging_mixin.py:115} INFO - [2024-04-06 13:25:09,900] {dagbag.py:508} INFO - Filling up the DagBag from /opt/conda/lib/python3.8/site-packages/airflow/example_dags/example_time_delta_sensor_async.py
[2024-04-06 13:25:09,906] {processor.py:651} INFO - DAG(s) dict_keys(['example_time_delta_sensor_async']) retrieved from /opt/conda/lib/python3.8/site-packages/airflow/example_dags/example_time_delta_sensor_async.py
[2024-04-06 13:25:09,939] {logging_mixin.py:115} INFO - [2024-04-06 13:25:09,939] {dag.py:2420} INFO - Sync 1 DAGs
[2024-04-06 13:25:09,953] {logging_mixin.py:115} INFO - [2024-04-06 13:25:09,953] {dag.py:2968} INFO - Setting next_dagrun for example_time_delta_sensor_async to None, run_after=None
[2024-04-06 13:25:09,973] {processor.py:161} INFO - Processing /opt/conda/lib/python3.8/site-packages/airflow/example_dags/example_time_delta_sensor_async.py took 0.079 seconds
[2024-04-06 13:25:53,891] {processor.py:153} INFO - Started process (PID=5531) to work on /opt/conda/lib/python3.8/site-packages/airflow/example_dags/example_time_delta_sensor_async.py
[2024-04-06 13:25:53,893] {processor.py:641} INFO - Processing file /opt/conda/lib/python3.8/site-packages/airflow/example_dags/example_time_delta_sensor_async.py for tasks to queue
[2024-04-06 13:25:53,893] {logging_mixin.py:115} INFO - [2024-04-06 13:25:53,893] {dagbag.py:508} INFO - Filling up the DagBag from /opt/conda/lib/python3.8/site-packages/airflow/example_dags/example_time_delta_sensor_async.py
[2024-04-06 13:25:53,900] {processor.py:651} INFO - DAG(s) dict_keys(['example_time_delta_sensor_async']) retrieved from /opt/conda/lib/python3.8/site-packages/airflow/example_dags/example_time_delta_sensor_async.py
[2024-04-06 13:25:53,938] {logging_mixin.py:115} INFO - [2024-04-06 13:25:53,938] {dag.py:2420} INFO - Sync 1 DAGs
[2024-04-06 13:25:53,957] {logging_mixin.py:115} INFO - [2024-04-06 13:25:53,957] {dag.py:2968} INFO - Setting next_dagrun for example_time_delta_sensor_async to None, run_after=None
[2024-04-06 13:25:53,987] {processor.py:161} INFO - Processing /opt/conda/lib/python3.8/site-packages/airflow/example_dags/example_time_delta_sensor_async.py took 0.100 seconds
[2024-04-06 13:26:35,352] {processor.py:153} INFO - Started process (PID=5600) to work on /opt/conda/lib/python3.8/site-packages/airflow/example_dags/example_time_delta_sensor_async.py
[2024-04-06 13:26:35,354] {processor.py:641} INFO - Processing file /opt/conda/lib/python3.8/site-packages/airflow/example_dags/example_time_delta_sensor_async.py for tasks to queue
[2024-04-06 13:26:35,355] {logging_mixin.py:115} INFO - [2024-04-06 13:26:35,354] {dagbag.py:508} INFO - Filling up the DagBag from /opt/conda/lib/python3.8/site-packages/airflow/example_dags/example_time_delta_sensor_async.py
[2024-04-06 13:26:35,360] {processor.py:651} INFO - DAG(s) dict_keys(['example_time_delta_sensor_async']) retrieved from /opt/conda/lib/python3.8/site-packages/airflow/example_dags/example_time_delta_sensor_async.py
[2024-04-06 13:26:35,389] {logging_mixin.py:115} INFO - [2024-04-06 13:26:35,389] {dag.py:2420} INFO - Sync 1 DAGs
[2024-04-06 13:26:35,403] {logging_mixin.py:115} INFO - [2024-04-06 13:26:35,403] {dag.py:2968} INFO - Setting next_dagrun for example_time_delta_sensor_async to None, run_after=None
[2024-04-06 13:26:35,425] {processor.py:161} INFO - Processing /opt/conda/lib/python3.8/site-packages/airflow/example_dags/example_time_delta_sensor_async.py took 0.076 seconds
[2024-04-06 13:27:17,051] {processor.py:153} INFO - Started process (PID=5669) to work on /opt/conda/lib/python3.8/site-packages/airflow/example_dags/example_time_delta_sensor_async.py
[2024-04-06 13:27:17,053] {processor.py:641} INFO - Processing file /opt/conda/lib/python3.8/site-packages/airflow/example_dags/example_time_delta_sensor_async.py for tasks to queue
[2024-04-06 13:27:17,053] {logging_mixin.py:115} INFO - [2024-04-06 13:27:17,053] {dagbag.py:508} INFO - Filling up the DagBag from /opt/conda/lib/python3.8/site-packages/airflow/example_dags/example_time_delta_sensor_async.py
[2024-04-06 13:27:17,060] {processor.py:651} INFO - DAG(s) dict_keys(['example_time_delta_sensor_async']) retrieved from /opt/conda/lib/python3.8/site-packages/airflow/example_dags/example_time_delta_sensor_async.py
[2024-04-06 13:27:17,098] {logging_mixin.py:115} INFO - [2024-04-06 13:27:17,097] {dag.py:2420} INFO - Sync 1 DAGs
[2024-04-06 13:27:17,117] {logging_mixin.py:115} INFO - [2024-04-06 13:27:17,117] {dag.py:2968} INFO - Setting next_dagrun for example_time_delta_sensor_async to None, run_after=None
[2024-04-06 13:27:17,141] {processor.py:161} INFO - Processing /opt/conda/lib/python3.8/site-packages/airflow/example_dags/example_time_delta_sensor_async.py took 0.094 seconds
[2024-04-06 13:28:06,531] {processor.py:153} INFO - Started process (PID=5754) to work on /opt/conda/lib/python3.8/site-packages/airflow/example_dags/example_time_delta_sensor_async.py
[2024-04-06 13:28:06,533] {processor.py:641} INFO - Processing file /opt/conda/lib/python3.8/site-packages/airflow/example_dags/example_time_delta_sensor_async.py for tasks to queue
[2024-04-06 13:28:06,533] {logging_mixin.py:115} INFO - [2024-04-06 13:28:06,533] {dagbag.py:508} INFO - Filling up the DagBag from /opt/conda/lib/python3.8/site-packages/airflow/example_dags/example_time_delta_sensor_async.py
[2024-04-06 13:28:06,539] {processor.py:651} INFO - DAG(s) dict_keys(['example_time_delta_sensor_async']) retrieved from /opt/conda/lib/python3.8/site-packages/airflow/example_dags/example_time_delta_sensor_async.py
[2024-04-06 13:28:06,575] {logging_mixin.py:115} INFO - [2024-04-06 13:28:06,574] {dag.py:2420} INFO - Sync 1 DAGs
[2024-04-06 13:28:06,593] {logging_mixin.py:115} INFO - [2024-04-06 13:28:06,593] {dag.py:2968} INFO - Setting next_dagrun for example_time_delta_sensor_async to None, run_after=None
[2024-04-06 13:28:06,663] {processor.py:161} INFO - Processing /opt/conda/lib/python3.8/site-packages/airflow/example_dags/example_time_delta_sensor_async.py took 0.135 seconds
[2024-04-06 13:28:56,535] {processor.py:153} INFO - Started process (PID=5843) to work on /opt/conda/lib/python3.8/site-packages/airflow/example_dags/example_time_delta_sensor_async.py
[2024-04-06 13:28:56,537] {processor.py:641} INFO - Processing file /opt/conda/lib/python3.8/site-packages/airflow/example_dags/example_time_delta_sensor_async.py for tasks to queue
[2024-04-06 13:28:56,537] {logging_mixin.py:115} INFO - [2024-04-06 13:28:56,537] {dagbag.py:508} INFO - Filling up the DagBag from /opt/conda/lib/python3.8/site-packages/airflow/example_dags/example_time_delta_sensor_async.py
[2024-04-06 13:28:56,543] {processor.py:651} INFO - DAG(s) dict_keys(['example_time_delta_sensor_async']) retrieved from /opt/conda/lib/python3.8/site-packages/airflow/example_dags/example_time_delta_sensor_async.py
[2024-04-06 13:28:56,579] {logging_mixin.py:115} INFO - [2024-04-06 13:28:56,578] {dag.py:2420} INFO - Sync 1 DAGs
[2024-04-06 13:28:56,597] {logging_mixin.py:115} INFO - [2024-04-06 13:28:56,597] {dag.py:2968} INFO - Setting next_dagrun for example_time_delta_sensor_async to None, run_after=None
[2024-04-06 13:28:56,621] {processor.py:161} INFO - Processing /opt/conda/lib/python3.8/site-packages/airflow/example_dags/example_time_delta_sensor_async.py took 0.090 seconds
[2024-04-06 13:29:48,359] {processor.py:153} INFO - Started process (PID=5941) to work on /opt/conda/lib/python3.8/site-packages/airflow/example_dags/example_time_delta_sensor_async.py
[2024-04-06 13:29:48,367] {processor.py:641} INFO - Processing file /opt/conda/lib/python3.8/site-packages/airflow/example_dags/example_time_delta_sensor_async.py for tasks to queue
[2024-04-06 13:29:48,368] {logging_mixin.py:115} INFO - [2024-04-06 13:29:48,367] {dagbag.py:508} INFO - Filling up the DagBag from /opt/conda/lib/python3.8/site-packages/airflow/example_dags/example_time_delta_sensor_async.py
[2024-04-06 13:29:48,373] {processor.py:651} INFO - DAG(s) dict_keys(['example_time_delta_sensor_async']) retrieved from /opt/conda/lib/python3.8/site-packages/airflow/example_dags/example_time_delta_sensor_async.py
[2024-04-06 13:29:48,409] {logging_mixin.py:115} INFO - [2024-04-06 13:29:48,409] {dag.py:2420} INFO - Sync 1 DAGs
[2024-04-06 13:29:48,428] {logging_mixin.py:115} INFO - [2024-04-06 13:29:48,428] {dag.py:2968} INFO - Setting next_dagrun for example_time_delta_sensor_async to None, run_after=None
[2024-04-06 13:29:48,527] {processor.py:161} INFO - Processing /opt/conda/lib/python3.8/site-packages/airflow/example_dags/example_time_delta_sensor_async.py took 0.172 seconds
[2024-04-06 13:30:37,035] {processor.py:153} INFO - Started process (PID=6030) to work on /opt/conda/lib/python3.8/site-packages/airflow/example_dags/example_time_delta_sensor_async.py
[2024-04-06 13:30:37,037] {processor.py:641} INFO - Processing file /opt/conda/lib/python3.8/site-packages/airflow/example_dags/example_time_delta_sensor_async.py for tasks to queue
[2024-04-06 13:30:37,037] {logging_mixin.py:115} INFO - [2024-04-06 13:30:37,037] {dagbag.py:508} INFO - Filling up the DagBag from /opt/conda/lib/python3.8/site-packages/airflow/example_dags/example_time_delta_sensor_async.py
[2024-04-06 13:30:37,043] {processor.py:651} INFO - DAG(s) dict_keys(['example_time_delta_sensor_async']) retrieved from /opt/conda/lib/python3.8/site-packages/airflow/example_dags/example_time_delta_sensor_async.py
[2024-04-06 13:30:37,081] {logging_mixin.py:115} INFO - [2024-04-06 13:30:37,081] {dag.py:2420} INFO - Sync 1 DAGs
[2024-04-06 13:30:37,097] {logging_mixin.py:115} INFO - [2024-04-06 13:30:37,097] {dag.py:2968} INFO - Setting next_dagrun for example_time_delta_sensor_async to None, run_after=None
[2024-04-06 13:30:37,118] {processor.py:161} INFO - Processing /opt/conda/lib/python3.8/site-packages/airflow/example_dags/example_time_delta_sensor_async.py took 0.087 seconds
[2024-04-06 13:31:26,400] {processor.py:153} INFO - Started process (PID=6111) to work on /opt/conda/lib/python3.8/site-packages/airflow/example_dags/example_time_delta_sensor_async.py
[2024-04-06 13:31:26,402] {processor.py:641} INFO - Processing file /opt/conda/lib/python3.8/site-packages/airflow/example_dags/example_time_delta_sensor_async.py for tasks to queue
[2024-04-06 13:31:26,402] {logging_mixin.py:115} INFO - [2024-04-06 13:31:26,402] {dagbag.py:508} INFO - Filling up the DagBag from /opt/conda/lib/python3.8/site-packages/airflow/example_dags/example_time_delta_sensor_async.py
[2024-04-06 13:31:26,409] {processor.py:651} INFO - DAG(s) dict_keys(['example_time_delta_sensor_async']) retrieved from /opt/conda/lib/python3.8/site-packages/airflow/example_dags/example_time_delta_sensor_async.py
[2024-04-06 13:31:26,445] {logging_mixin.py:115} INFO - [2024-04-06 13:31:26,445] {dag.py:2420} INFO - Sync 1 DAGs
[2024-04-06 13:31:26,464] {logging_mixin.py:115} INFO - [2024-04-06 13:31:26,464] {dag.py:2968} INFO - Setting next_dagrun for example_time_delta_sensor_async to None, run_after=None
[2024-04-06 13:31:27,136] {processor.py:161} INFO - Processing /opt/conda/lib/python3.8/site-packages/airflow/example_dags/example_time_delta_sensor_async.py took 0.740 seconds
[2024-04-06 13:34:07,907] {processor.py:153} INFO - Started process (PID=6486) to work on /opt/conda/lib/python3.8/site-packages/airflow/example_dags/example_time_delta_sensor_async.py
[2024-04-06 13:34:07,908] {processor.py:641} INFO - Processing file /opt/conda/lib/python3.8/site-packages/airflow/example_dags/example_time_delta_sensor_async.py for tasks to queue
[2024-04-06 13:34:07,909] {logging_mixin.py:115} INFO - [2024-04-06 13:34:07,909] {dagbag.py:508} INFO - Filling up the DagBag from /opt/conda/lib/python3.8/site-packages/airflow/example_dags/example_time_delta_sensor_async.py
[2024-04-06 13:34:07,915] {processor.py:651} INFO - DAG(s) dict_keys(['example_time_delta_sensor_async']) retrieved from /opt/conda/lib/python3.8/site-packages/airflow/example_dags/example_time_delta_sensor_async.py
[2024-04-06 13:34:08,072] {logging_mixin.py:115} INFO - [2024-04-06 13:34:08,072] {dag.py:2420} INFO - Sync 1 DAGs
[2024-04-06 13:34:08,084] {logging_mixin.py:115} INFO - [2024-04-06 13:34:08,084] {dag.py:2968} INFO - Setting next_dagrun for example_time_delta_sensor_async to None, run_after=None
[2024-04-06 13:34:08,104] {processor.py:161} INFO - Processing /opt/conda/lib/python3.8/site-packages/airflow/example_dags/example_time_delta_sensor_async.py took 0.201 seconds
[2024-04-06 13:35:16,025] {processor.py:153} INFO - Started process (PID=6622) to work on /opt/conda/lib/python3.8/site-packages/airflow/example_dags/example_time_delta_sensor_async.py
[2024-04-06 13:35:16,027] {processor.py:641} INFO - Processing file /opt/conda/lib/python3.8/site-packages/airflow/example_dags/example_time_delta_sensor_async.py for tasks to queue
[2024-04-06 13:35:16,027] {logging_mixin.py:115} INFO - [2024-04-06 13:35:16,027] {dagbag.py:508} INFO - Filling up the DagBag from /opt/conda/lib/python3.8/site-packages/airflow/example_dags/example_time_delta_sensor_async.py
[2024-04-06 13:35:16,034] {processor.py:651} INFO - DAG(s) dict_keys(['example_time_delta_sensor_async']) retrieved from /opt/conda/lib/python3.8/site-packages/airflow/example_dags/example_time_delta_sensor_async.py
[2024-04-06 13:35:16,210] {logging_mixin.py:115} INFO - [2024-04-06 13:35:16,210] {dag.py:2420} INFO - Sync 1 DAGs
[2024-04-06 13:35:16,222] {logging_mixin.py:115} INFO - [2024-04-06 13:35:16,222] {dag.py:2968} INFO - Setting next_dagrun for example_time_delta_sensor_async to None, run_after=None
[2024-04-06 13:35:16,252] {processor.py:161} INFO - Processing /opt/conda/lib/python3.8/site-packages/airflow/example_dags/example_time_delta_sensor_async.py took 0.231 seconds
[2024-04-06 13:36:26,207] {processor.py:153} INFO - Started process (PID=6774) to work on /opt/conda/lib/python3.8/site-packages/airflow/example_dags/example_time_delta_sensor_async.py
[2024-04-06 13:36:26,221] {processor.py:641} INFO - Processing file /opt/conda/lib/python3.8/site-packages/airflow/example_dags/example_time_delta_sensor_async.py for tasks to queue
[2024-04-06 13:36:26,221] {logging_mixin.py:115} INFO - [2024-04-06 13:36:26,221] {dagbag.py:508} INFO - Filling up the DagBag from /opt/conda/lib/python3.8/site-packages/airflow/example_dags/example_time_delta_sensor_async.py
[2024-04-06 13:36:26,227] {processor.py:651} INFO - DAG(s) dict_keys(['example_time_delta_sensor_async']) retrieved from /opt/conda/lib/python3.8/site-packages/airflow/example_dags/example_time_delta_sensor_async.py
[2024-04-06 13:36:26,842] {logging_mixin.py:115} INFO - [2024-04-06 13:36:26,842] {dag.py:2420} INFO - Sync 1 DAGs
[2024-04-06 13:36:28,613] {logging_mixin.py:115} INFO - [2024-04-06 13:36:28,613] {dag.py:2968} INFO - Setting next_dagrun for example_time_delta_sensor_async to None, run_after=None
[2024-04-06 13:36:28,667] {processor.py:161} INFO - Processing /opt/conda/lib/python3.8/site-packages/airflow/example_dags/example_time_delta_sensor_async.py took 2.463 seconds
[2024-04-06 13:37:48,519] {processor.py:153} INFO - Started process (PID=6965) to work on /opt/conda/lib/python3.8/site-packages/airflow/example_dags/example_time_delta_sensor_async.py
[2024-04-06 13:37:48,520] {processor.py:641} INFO - Processing file /opt/conda/lib/python3.8/site-packages/airflow/example_dags/example_time_delta_sensor_async.py for tasks to queue
[2024-04-06 13:37:48,521] {logging_mixin.py:115} INFO - [2024-04-06 13:37:48,521] {dagbag.py:508} INFO - Filling up the DagBag from /opt/conda/lib/python3.8/site-packages/airflow/example_dags/example_time_delta_sensor_async.py
[2024-04-06 13:37:48,526] {processor.py:651} INFO - DAG(s) dict_keys(['example_time_delta_sensor_async']) retrieved from /opt/conda/lib/python3.8/site-packages/airflow/example_dags/example_time_delta_sensor_async.py
[2024-04-06 13:37:48,664] {logging_mixin.py:115} INFO - [2024-04-06 13:37:48,663] {dag.py:2420} INFO - Sync 1 DAGs
[2024-04-06 13:37:48,674] {logging_mixin.py:115} INFO - [2024-04-06 13:37:48,674] {dag.py:2968} INFO - Setting next_dagrun for example_time_delta_sensor_async to None, run_after=None
[2024-04-06 13:37:48,692] {processor.py:161} INFO - Processing /opt/conda/lib/python3.8/site-packages/airflow/example_dags/example_time_delta_sensor_async.py took 0.177 seconds
[2024-04-06 13:38:46,895] {processor.py:153} INFO - Started process (PID=7080) to work on /opt/conda/lib/python3.8/site-packages/airflow/example_dags/example_time_delta_sensor_async.py
[2024-04-06 13:38:46,896] {processor.py:641} INFO - Processing file /opt/conda/lib/python3.8/site-packages/airflow/example_dags/example_time_delta_sensor_async.py for tasks to queue
[2024-04-06 13:38:46,897] {logging_mixin.py:115} INFO - [2024-04-06 13:38:46,897] {dagbag.py:508} INFO - Filling up the DagBag from /opt/conda/lib/python3.8/site-packages/airflow/example_dags/example_time_delta_sensor_async.py
[2024-04-06 13:38:46,903] {processor.py:651} INFO - DAG(s) dict_keys(['example_time_delta_sensor_async']) retrieved from /opt/conda/lib/python3.8/site-packages/airflow/example_dags/example_time_delta_sensor_async.py
[2024-04-06 13:38:47,053] {logging_mixin.py:115} INFO - [2024-04-06 13:38:47,053] {dag.py:2420} INFO - Sync 1 DAGs
[2024-04-06 13:38:47,064] {logging_mixin.py:115} INFO - [2024-04-06 13:38:47,064] {dag.py:2968} INFO - Setting next_dagrun for example_time_delta_sensor_async to None, run_after=None
[2024-04-06 13:38:47,085] {processor.py:161} INFO - Processing /opt/conda/lib/python3.8/site-packages/airflow/example_dags/example_time_delta_sensor_async.py took 0.194 seconds
[2024-04-06 13:39:42,635] {processor.py:153} INFO - Started process (PID=7201) to work on /opt/conda/lib/python3.8/site-packages/airflow/example_dags/example_time_delta_sensor_async.py
[2024-04-06 13:39:42,637] {processor.py:641} INFO - Processing file /opt/conda/lib/python3.8/site-packages/airflow/example_dags/example_time_delta_sensor_async.py for tasks to queue
[2024-04-06 13:39:42,637] {logging_mixin.py:115} INFO - [2024-04-06 13:39:42,637] {dagbag.py:508} INFO - Filling up the DagBag from /opt/conda/lib/python3.8/site-packages/airflow/example_dags/example_time_delta_sensor_async.py
[2024-04-06 13:39:42,643] {processor.py:651} INFO - DAG(s) dict_keys(['example_time_delta_sensor_async']) retrieved from /opt/conda/lib/python3.8/site-packages/airflow/example_dags/example_time_delta_sensor_async.py
[2024-04-06 13:39:42,786] {logging_mixin.py:115} INFO - [2024-04-06 13:39:42,786] {dag.py:2420} INFO - Sync 1 DAGs
[2024-04-06 13:39:42,797] {logging_mixin.py:115} INFO - [2024-04-06 13:39:42,797] {dag.py:2968} INFO - Setting next_dagrun for example_time_delta_sensor_async to None, run_after=None
[2024-04-06 13:39:42,816] {processor.py:161} INFO - Processing /opt/conda/lib/python3.8/site-packages/airflow/example_dags/example_time_delta_sensor_async.py took 0.184 seconds
[2024-04-06 13:40:41,003] {processor.py:153} INFO - Started process (PID=7315) to work on /opt/conda/lib/python3.8/site-packages/airflow/example_dags/example_time_delta_sensor_async.py
[2024-04-06 13:40:41,005] {processor.py:641} INFO - Processing file /opt/conda/lib/python3.8/site-packages/airflow/example_dags/example_time_delta_sensor_async.py for tasks to queue
[2024-04-06 13:40:41,005] {logging_mixin.py:115} INFO - [2024-04-06 13:40:41,005] {dagbag.py:508} INFO - Filling up the DagBag from /opt/conda/lib/python3.8/site-packages/airflow/example_dags/example_time_delta_sensor_async.py
[2024-04-06 13:40:41,011] {processor.py:651} INFO - DAG(s) dict_keys(['example_time_delta_sensor_async']) retrieved from /opt/conda/lib/python3.8/site-packages/airflow/example_dags/example_time_delta_sensor_async.py
[2024-04-06 13:40:41,154] {logging_mixin.py:115} INFO - [2024-04-06 13:40:41,154] {dag.py:2420} INFO - Sync 1 DAGs
[2024-04-06 13:40:41,165] {logging_mixin.py:115} INFO - [2024-04-06 13:40:41,165] {dag.py:2968} INFO - Setting next_dagrun for example_time_delta_sensor_async to None, run_after=None
[2024-04-06 13:40:41,183] {processor.py:161} INFO - Processing /opt/conda/lib/python3.8/site-packages/airflow/example_dags/example_time_delta_sensor_async.py took 0.183 seconds
[2024-04-06 13:41:37,411] {processor.py:153} INFO - Started process (PID=7423) to work on /opt/conda/lib/python3.8/site-packages/airflow/example_dags/example_time_delta_sensor_async.py
[2024-04-06 13:41:37,413] {processor.py:641} INFO - Processing file /opt/conda/lib/python3.8/site-packages/airflow/example_dags/example_time_delta_sensor_async.py for tasks to queue
[2024-04-06 13:41:37,413] {logging_mixin.py:115} INFO - [2024-04-06 13:41:37,413] {dagbag.py:508} INFO - Filling up the DagBag from /opt/conda/lib/python3.8/site-packages/airflow/example_dags/example_time_delta_sensor_async.py
[2024-04-06 13:41:37,418] {processor.py:651} INFO - DAG(s) dict_keys(['example_time_delta_sensor_async']) retrieved from /opt/conda/lib/python3.8/site-packages/airflow/example_dags/example_time_delta_sensor_async.py
[2024-04-06 13:41:37,553] {logging_mixin.py:115} INFO - [2024-04-06 13:41:37,553] {dag.py:2420} INFO - Sync 1 DAGs
[2024-04-06 13:41:37,564] {logging_mixin.py:115} INFO - [2024-04-06 13:41:37,564] {dag.py:2968} INFO - Setting next_dagrun for example_time_delta_sensor_async to None, run_after=None
[2024-04-06 13:41:37,583] {processor.py:161} INFO - Processing /opt/conda/lib/python3.8/site-packages/airflow/example_dags/example_time_delta_sensor_async.py took 0.175 seconds
[2024-04-06 13:42:45,579] {processor.py:153} INFO - Started process (PID=7552) to work on /opt/conda/lib/python3.8/site-packages/airflow/example_dags/example_time_delta_sensor_async.py
[2024-04-06 13:42:45,581] {processor.py:641} INFO - Processing file /opt/conda/lib/python3.8/site-packages/airflow/example_dags/example_time_delta_sensor_async.py for tasks to queue
[2024-04-06 13:42:45,581] {logging_mixin.py:115} INFO - [2024-04-06 13:42:45,581] {dagbag.py:508} INFO - Filling up the DagBag from /opt/conda/lib/python3.8/site-packages/airflow/example_dags/example_time_delta_sensor_async.py
[2024-04-06 13:42:45,587] {processor.py:651} INFO - DAG(s) dict_keys(['example_time_delta_sensor_async']) retrieved from /opt/conda/lib/python3.8/site-packages/airflow/example_dags/example_time_delta_sensor_async.py
[2024-04-06 13:42:45,747] {logging_mixin.py:115} INFO - [2024-04-06 13:42:45,747] {dag.py:2420} INFO - Sync 1 DAGs
[2024-04-06 13:42:45,758] {logging_mixin.py:115} INFO - [2024-04-06 13:42:45,758] {dag.py:2968} INFO - Setting next_dagrun for example_time_delta_sensor_async to None, run_after=None
[2024-04-06 13:42:46,082] {processor.py:161} INFO - Processing /opt/conda/lib/python3.8/site-packages/airflow/example_dags/example_time_delta_sensor_async.py took 0.507 seconds
[2024-04-06 13:43:52,979] {processor.py:153} INFO - Started process (PID=7681) to work on /opt/conda/lib/python3.8/site-packages/airflow/example_dags/example_time_delta_sensor_async.py
[2024-04-06 13:43:52,981] {processor.py:641} INFO - Processing file /opt/conda/lib/python3.8/site-packages/airflow/example_dags/example_time_delta_sensor_async.py for tasks to queue
[2024-04-06 13:43:52,982] {logging_mixin.py:115} INFO - [2024-04-06 13:43:52,982] {dagbag.py:508} INFO - Filling up the DagBag from /opt/conda/lib/python3.8/site-packages/airflow/example_dags/example_time_delta_sensor_async.py
[2024-04-06 13:43:52,987] {processor.py:651} INFO - DAG(s) dict_keys(['example_time_delta_sensor_async']) retrieved from /opt/conda/lib/python3.8/site-packages/airflow/example_dags/example_time_delta_sensor_async.py
[2024-04-06 13:43:53,154] {logging_mixin.py:115} INFO - [2024-04-06 13:43:53,154] {dag.py:2420} INFO - Sync 1 DAGs
[2024-04-06 13:43:53,167] {logging_mixin.py:115} INFO - [2024-04-06 13:43:53,167] {dag.py:2968} INFO - Setting next_dagrun for example_time_delta_sensor_async to None, run_after=None
[2024-04-06 13:43:53,186] {processor.py:161} INFO - Processing /opt/conda/lib/python3.8/site-packages/airflow/example_dags/example_time_delta_sensor_async.py took 0.210 seconds
[2024-04-06 13:44:49,650] {processor.py:153} INFO - Started process (PID=7789) to work on /opt/conda/lib/python3.8/site-packages/airflow/example_dags/example_time_delta_sensor_async.py
[2024-04-06 13:44:49,652] {processor.py:641} INFO - Processing file /opt/conda/lib/python3.8/site-packages/airflow/example_dags/example_time_delta_sensor_async.py for tasks to queue
[2024-04-06 13:44:49,653] {logging_mixin.py:115} INFO - [2024-04-06 13:44:49,652] {dagbag.py:508} INFO - Filling up the DagBag from /opt/conda/lib/python3.8/site-packages/airflow/example_dags/example_time_delta_sensor_async.py
[2024-04-06 13:44:49,658] {processor.py:651} INFO - DAG(s) dict_keys(['example_time_delta_sensor_async']) retrieved from /opt/conda/lib/python3.8/site-packages/airflow/example_dags/example_time_delta_sensor_async.py
[2024-04-06 13:44:49,809] {logging_mixin.py:115} INFO - [2024-04-06 13:44:49,809] {dag.py:2420} INFO - Sync 1 DAGs
[2024-04-06 13:44:49,819] {logging_mixin.py:115} INFO - [2024-04-06 13:44:49,819] {dag.py:2968} INFO - Setting next_dagrun for example_time_delta_sensor_async to None, run_after=None
[2024-04-06 13:44:49,839] {processor.py:161} INFO - Processing /opt/conda/lib/python3.8/site-packages/airflow/example_dags/example_time_delta_sensor_async.py took 0.192 seconds
[2024-04-06 13:45:43,531] {processor.py:153} INFO - Started process (PID=7896) to work on /opt/conda/lib/python3.8/site-packages/airflow/example_dags/example_time_delta_sensor_async.py
[2024-04-06 13:45:43,533] {processor.py:641} INFO - Processing file /opt/conda/lib/python3.8/site-packages/airflow/example_dags/example_time_delta_sensor_async.py for tasks to queue
[2024-04-06 13:45:43,533] {logging_mixin.py:115} INFO - [2024-04-06 13:45:43,533] {dagbag.py:508} INFO - Filling up the DagBag from /opt/conda/lib/python3.8/site-packages/airflow/example_dags/example_time_delta_sensor_async.py
[2024-04-06 13:45:43,539] {processor.py:651} INFO - DAG(s) dict_keys(['example_time_delta_sensor_async']) retrieved from /opt/conda/lib/python3.8/site-packages/airflow/example_dags/example_time_delta_sensor_async.py
[2024-04-06 13:45:43,574] {logging_mixin.py:115} INFO - [2024-04-06 13:45:43,574] {dag.py:2420} INFO - Sync 1 DAGs
[2024-04-06 13:45:43,593] {logging_mixin.py:115} INFO - [2024-04-06 13:45:43,593] {dag.py:2968} INFO - Setting next_dagrun for example_time_delta_sensor_async to None, run_after=None
[2024-04-06 13:45:43,616] {processor.py:161} INFO - Processing /opt/conda/lib/python3.8/site-packages/airflow/example_dags/example_time_delta_sensor_async.py took 0.088 seconds
[2024-04-06 13:46:54,919] {processor.py:153} INFO - Started process (PID=8065) to work on /opt/conda/lib/python3.8/site-packages/airflow/example_dags/example_time_delta_sensor_async.py
[2024-04-06 13:46:54,920] {processor.py:641} INFO - Processing file /opt/conda/lib/python3.8/site-packages/airflow/example_dags/example_time_delta_sensor_async.py for tasks to queue
[2024-04-06 13:46:54,921] {logging_mixin.py:115} INFO - [2024-04-06 13:46:54,921] {dagbag.py:508} INFO - Filling up the DagBag from /opt/conda/lib/python3.8/site-packages/airflow/example_dags/example_time_delta_sensor_async.py
[2024-04-06 13:46:54,927] {processor.py:651} INFO - DAG(s) dict_keys(['example_time_delta_sensor_async']) retrieved from /opt/conda/lib/python3.8/site-packages/airflow/example_dags/example_time_delta_sensor_async.py
[2024-04-06 13:46:54,957] {logging_mixin.py:115} INFO - [2024-04-06 13:46:54,957] {dag.py:2420} INFO - Sync 1 DAGs
[2024-04-06 13:46:54,971] {logging_mixin.py:115} INFO - [2024-04-06 13:46:54,971] {dag.py:2968} INFO - Setting next_dagrun for example_time_delta_sensor_async to None, run_after=None
[2024-04-06 13:46:54,990] {processor.py:161} INFO - Processing /opt/conda/lib/python3.8/site-packages/airflow/example_dags/example_time_delta_sensor_async.py took 0.075 seconds
[2024-04-06 13:48:06,920] {processor.py:153} INFO - Started process (PID=8207) to work on /opt/conda/lib/python3.8/site-packages/airflow/example_dags/example_time_delta_sensor_async.py
[2024-04-06 13:48:06,922] {processor.py:641} INFO - Processing file /opt/conda/lib/python3.8/site-packages/airflow/example_dags/example_time_delta_sensor_async.py for tasks to queue
[2024-04-06 13:48:06,923] {logging_mixin.py:115} INFO - [2024-04-06 13:48:06,922] {dagbag.py:508} INFO - Filling up the DagBag from /opt/conda/lib/python3.8/site-packages/airflow/example_dags/example_time_delta_sensor_async.py
[2024-04-06 13:48:06,929] {processor.py:651} INFO - DAG(s) dict_keys(['example_time_delta_sensor_async']) retrieved from /opt/conda/lib/python3.8/site-packages/airflow/example_dags/example_time_delta_sensor_async.py
[2024-04-06 13:48:06,966] {logging_mixin.py:115} INFO - [2024-04-06 13:48:06,966] {dag.py:2420} INFO - Sync 1 DAGs
[2024-04-06 13:48:06,985] {logging_mixin.py:115} INFO - [2024-04-06 13:48:06,985] {dag.py:2968} INFO - Setting next_dagrun for example_time_delta_sensor_async to None, run_after=None
[2024-04-06 13:48:07,009] {processor.py:161} INFO - Processing /opt/conda/lib/python3.8/site-packages/airflow/example_dags/example_time_delta_sensor_async.py took 0.092 seconds
[2024-04-06 13:49:19,348] {processor.py:153} INFO - Started process (PID=8377) to work on /opt/conda/lib/python3.8/site-packages/airflow/example_dags/example_time_delta_sensor_async.py
[2024-04-06 13:49:19,350] {processor.py:641} INFO - Processing file /opt/conda/lib/python3.8/site-packages/airflow/example_dags/example_time_delta_sensor_async.py for tasks to queue
[2024-04-06 13:49:19,350] {logging_mixin.py:115} INFO - [2024-04-06 13:49:19,350] {dagbag.py:508} INFO - Filling up the DagBag from /opt/conda/lib/python3.8/site-packages/airflow/example_dags/example_time_delta_sensor_async.py
[2024-04-06 13:49:19,356] {processor.py:651} INFO - DAG(s) dict_keys(['example_time_delta_sensor_async']) retrieved from /opt/conda/lib/python3.8/site-packages/airflow/example_dags/example_time_delta_sensor_async.py
[2024-04-06 13:49:19,385] {logging_mixin.py:115} INFO - [2024-04-06 13:49:19,385] {dag.py:2420} INFO - Sync 1 DAGs
[2024-04-06 13:49:19,398] {logging_mixin.py:115} INFO - [2024-04-06 13:49:19,398] {dag.py:2968} INFO - Setting next_dagrun for example_time_delta_sensor_async to None, run_after=None
[2024-04-06 13:49:19,418] {processor.py:161} INFO - Processing /opt/conda/lib/python3.8/site-packages/airflow/example_dags/example_time_delta_sensor_async.py took 0.073 seconds
[2024-04-06 13:50:33,068] {processor.py:153} INFO - Started process (PID=8519) to work on /opt/conda/lib/python3.8/site-packages/airflow/example_dags/example_time_delta_sensor_async.py
[2024-04-06 13:50:33,069] {processor.py:641} INFO - Processing file /opt/conda/lib/python3.8/site-packages/airflow/example_dags/example_time_delta_sensor_async.py for tasks to queue
[2024-04-06 13:50:33,070] {logging_mixin.py:115} INFO - [2024-04-06 13:50:33,070] {dagbag.py:508} INFO - Filling up the DagBag from /opt/conda/lib/python3.8/site-packages/airflow/example_dags/example_time_delta_sensor_async.py
[2024-04-06 13:50:33,076] {processor.py:651} INFO - DAG(s) dict_keys(['example_time_delta_sensor_async']) retrieved from /opt/conda/lib/python3.8/site-packages/airflow/example_dags/example_time_delta_sensor_async.py
[2024-04-06 13:50:33,105] {logging_mixin.py:115} INFO - [2024-04-06 13:50:33,105] {dag.py:2420} INFO - Sync 1 DAGs
[2024-04-06 13:50:33,118] {logging_mixin.py:115} INFO - [2024-04-06 13:50:33,118] {dag.py:2968} INFO - Setting next_dagrun for example_time_delta_sensor_async to None, run_after=None
[2024-04-06 13:50:33,139] {processor.py:161} INFO - Processing /opt/conda/lib/python3.8/site-packages/airflow/example_dags/example_time_delta_sensor_async.py took 0.075 seconds
[2024-04-06 13:51:43,759] {processor.py:153} INFO - Started process (PID=8688) to work on /opt/conda/lib/python3.8/site-packages/airflow/example_dags/example_time_delta_sensor_async.py
[2024-04-06 13:51:43,760] {processor.py:641} INFO - Processing file /opt/conda/lib/python3.8/site-packages/airflow/example_dags/example_time_delta_sensor_async.py for tasks to queue
[2024-04-06 13:51:43,761] {logging_mixin.py:115} INFO - [2024-04-06 13:51:43,761] {dagbag.py:508} INFO - Filling up the DagBag from /opt/conda/lib/python3.8/site-packages/airflow/example_dags/example_time_delta_sensor_async.py
[2024-04-06 13:51:43,766] {processor.py:651} INFO - DAG(s) dict_keys(['example_time_delta_sensor_async']) retrieved from /opt/conda/lib/python3.8/site-packages/airflow/example_dags/example_time_delta_sensor_async.py
[2024-04-06 13:51:43,802] {logging_mixin.py:115} INFO - [2024-04-06 13:51:43,802] {dag.py:2420} INFO - Sync 1 DAGs
[2024-04-06 13:51:43,821] {logging_mixin.py:115} INFO - [2024-04-06 13:51:43,821] {dag.py:2968} INFO - Setting next_dagrun for example_time_delta_sensor_async to None, run_after=None
[2024-04-06 13:51:43,845] {processor.py:161} INFO - Processing /opt/conda/lib/python3.8/site-packages/airflow/example_dags/example_time_delta_sensor_async.py took 0.090 seconds
