[2024-04-06 12:45:52,786] {processor.py:153} INFO - Started process (PID=1386) to work on /opt/conda/lib/python3.8/site-packages/airflow/example_dags/example_sla_dag.py
[2024-04-06 12:45:52,786] {processor.py:641} INFO - Processing file /opt/conda/lib/python3.8/site-packages/airflow/example_dags/example_sla_dag.py for tasks to queue
[2024-04-06 12:45:52,787] {logging_mixin.py:115} INFO - [2024-04-06 12:45:52,787] {dagbag.py:508} INFO - Filling up the DagBag from /opt/conda/lib/python3.8/site-packages/airflow/example_dags/example_sla_dag.py
[2024-04-06 12:45:52,937] {processor.py:651} INFO - DAG(s) dict_keys(['example_sla_dag']) retrieved from /opt/conda/lib/python3.8/site-packages/airflow/example_dags/example_sla_dag.py
[2024-04-06 12:45:52,948] {logging_mixin.py:115} INFO - [2024-04-06 12:45:52,948] {dag.py:2420} INFO - Sync 1 DAGs
[2024-04-06 12:45:52,968] {logging_mixin.py:115} INFO - [2024-04-06 12:45:52,968] {dag.py:2968} INFO - Setting next_dagrun for example_sla_dag to 2024-04-06T12:42:00+00:00, run_after=2024-04-06T12:44:00+00:00
[2024-04-06 12:45:52,988] {processor.py:161} INFO - Processing /opt/conda/lib/python3.8/site-packages/airflow/example_dags/example_sla_dag.py took 0.206 seconds
[2024-04-06 12:46:43,827] {processor.py:153} INFO - Started process (PID=1457) to work on /opt/conda/lib/python3.8/site-packages/airflow/example_dags/example_sla_dag.py
[2024-04-06 12:46:43,828] {processor.py:641} INFO - Processing file /opt/conda/lib/python3.8/site-packages/airflow/example_dags/example_sla_dag.py for tasks to queue
[2024-04-06 12:46:43,829] {logging_mixin.py:115} INFO - [2024-04-06 12:46:43,829] {dagbag.py:508} INFO - Filling up the DagBag from /opt/conda/lib/python3.8/site-packages/airflow/example_dags/example_sla_dag.py
[2024-04-06 12:46:43,959] {processor.py:651} INFO - DAG(s) dict_keys(['example_sla_dag']) retrieved from /opt/conda/lib/python3.8/site-packages/airflow/example_dags/example_sla_dag.py
[2024-04-06 12:46:43,967] {logging_mixin.py:115} INFO - [2024-04-06 12:46:43,967] {dag.py:2420} INFO - Sync 1 DAGs
[2024-04-06 12:46:43,980] {logging_mixin.py:115} INFO - [2024-04-06 12:46:43,980] {dag.py:2968} INFO - Setting next_dagrun for example_sla_dag to 2024-04-06T12:44:00+00:00, run_after=2024-04-06T12:46:00+00:00
[2024-04-06 12:46:43,996] {processor.py:161} INFO - Processing /opt/conda/lib/python3.8/site-packages/airflow/example_dags/example_sla_dag.py took 0.173 seconds
[2024-04-06 12:47:33,456] {processor.py:153} INFO - Started process (PID=1528) to work on /opt/conda/lib/python3.8/site-packages/airflow/example_dags/example_sla_dag.py
[2024-04-06 12:47:33,458] {processor.py:641} INFO - Processing file /opt/conda/lib/python3.8/site-packages/airflow/example_dags/example_sla_dag.py for tasks to queue
[2024-04-06 12:47:33,459] {logging_mixin.py:115} INFO - [2024-04-06 12:47:33,459] {dagbag.py:508} INFO - Filling up the DagBag from /opt/conda/lib/python3.8/site-packages/airflow/example_dags/example_sla_dag.py
[2024-04-06 12:47:33,612] {processor.py:651} INFO - DAG(s) dict_keys(['example_sla_dag']) retrieved from /opt/conda/lib/python3.8/site-packages/airflow/example_dags/example_sla_dag.py
[2024-04-06 12:47:33,620] {logging_mixin.py:115} INFO - [2024-04-06 12:47:33,620] {dag.py:2420} INFO - Sync 1 DAGs
[2024-04-06 12:47:33,634] {logging_mixin.py:115} INFO - [2024-04-06 12:47:33,634] {dag.py:2968} INFO - Setting next_dagrun for example_sla_dag to 2024-04-06T12:44:00+00:00, run_after=2024-04-06T12:46:00+00:00
[2024-04-06 12:47:33,651] {processor.py:161} INFO - Processing /opt/conda/lib/python3.8/site-packages/airflow/example_dags/example_sla_dag.py took 0.198 seconds
[2024-04-06 12:48:33,955] {processor.py:153} INFO - Started process (PID=1636) to work on /opt/conda/lib/python3.8/site-packages/airflow/example_dags/example_sla_dag.py
[2024-04-06 12:48:33,957] {processor.py:641} INFO - Processing file /opt/conda/lib/python3.8/site-packages/airflow/example_dags/example_sla_dag.py for tasks to queue
[2024-04-06 12:48:33,958] {logging_mixin.py:115} INFO - [2024-04-06 12:48:33,958] {dagbag.py:508} INFO - Filling up the DagBag from /opt/conda/lib/python3.8/site-packages/airflow/example_dags/example_sla_dag.py
[2024-04-06 12:48:34,099] {processor.py:651} INFO - DAG(s) dict_keys(['example_sla_dag']) retrieved from /opt/conda/lib/python3.8/site-packages/airflow/example_dags/example_sla_dag.py
[2024-04-06 12:48:34,108] {logging_mixin.py:115} INFO - [2024-04-06 12:48:34,108] {dag.py:2420} INFO - Sync 1 DAGs
[2024-04-06 12:48:34,121] {logging_mixin.py:115} INFO - [2024-04-06 12:48:34,121] {dag.py:2968} INFO - Setting next_dagrun for example_sla_dag to 2024-04-06T12:46:00+00:00, run_after=2024-04-06T12:48:00+00:00
[2024-04-06 12:48:34,141] {processor.py:161} INFO - Processing /opt/conda/lib/python3.8/site-packages/airflow/example_dags/example_sla_dag.py took 0.189 seconds
[2024-04-06 12:49:22,348] {processor.py:153} INFO - Started process (PID=1703) to work on /opt/conda/lib/python3.8/site-packages/airflow/example_dags/example_sla_dag.py
[2024-04-06 12:49:22,350] {processor.py:641} INFO - Processing file /opt/conda/lib/python3.8/site-packages/airflow/example_dags/example_sla_dag.py for tasks to queue
[2024-04-06 12:49:22,351] {logging_mixin.py:115} INFO - [2024-04-06 12:49:22,350] {dagbag.py:508} INFO - Filling up the DagBag from /opt/conda/lib/python3.8/site-packages/airflow/example_dags/example_sla_dag.py
[2024-04-06 12:49:22,494] {processor.py:651} INFO - DAG(s) dict_keys(['example_sla_dag']) retrieved from /opt/conda/lib/python3.8/site-packages/airflow/example_dags/example_sla_dag.py
[2024-04-06 12:49:22,503] {logging_mixin.py:115} INFO - [2024-04-06 12:49:22,503] {dag.py:2420} INFO - Sync 1 DAGs
[2024-04-06 12:49:22,517] {logging_mixin.py:115} INFO - [2024-04-06 12:49:22,517] {dag.py:2968} INFO - Setting next_dagrun for example_sla_dag to 2024-04-06T12:46:00+00:00, run_after=2024-04-06T12:48:00+00:00
[2024-04-06 12:49:22,536] {processor.py:161} INFO - Processing /opt/conda/lib/python3.8/site-packages/airflow/example_dags/example_sla_dag.py took 0.192 seconds
[2024-04-06 12:50:17,394] {processor.py:153} INFO - Started process (PID=1780) to work on /opt/conda/lib/python3.8/site-packages/airflow/example_dags/example_sla_dag.py
[2024-04-06 12:50:17,396] {processor.py:641} INFO - Processing file /opt/conda/lib/python3.8/site-packages/airflow/example_dags/example_sla_dag.py for tasks to queue
[2024-04-06 12:50:17,397] {logging_mixin.py:115} INFO - [2024-04-06 12:50:17,397] {dagbag.py:508} INFO - Filling up the DagBag from /opt/conda/lib/python3.8/site-packages/airflow/example_dags/example_sla_dag.py
[2024-04-06 12:50:17,527] {processor.py:651} INFO - DAG(s) dict_keys(['example_sla_dag']) retrieved from /opt/conda/lib/python3.8/site-packages/airflow/example_dags/example_sla_dag.py
[2024-04-06 12:50:17,535] {logging_mixin.py:115} INFO - [2024-04-06 12:50:17,535] {dag.py:2420} INFO - Sync 1 DAGs
[2024-04-06 12:50:17,549] {logging_mixin.py:115} INFO - [2024-04-06 12:50:17,549] {dag.py:2968} INFO - Setting next_dagrun for example_sla_dag to 2024-04-06T12:48:00+00:00, run_after=2024-04-06T12:50:00+00:00
[2024-04-06 12:50:17,569] {processor.py:161} INFO - Processing /opt/conda/lib/python3.8/site-packages/airflow/example_dags/example_sla_dag.py took 0.178 seconds
[2024-04-06 12:51:13,919] {processor.py:153} INFO - Started process (PID=1887) to work on /opt/conda/lib/python3.8/site-packages/airflow/example_dags/example_sla_dag.py
[2024-04-06 12:51:13,921] {processor.py:641} INFO - Processing file /opt/conda/lib/python3.8/site-packages/airflow/example_dags/example_sla_dag.py for tasks to queue
[2024-04-06 12:51:13,921] {logging_mixin.py:115} INFO - [2024-04-06 12:51:13,921] {dagbag.py:508} INFO - Filling up the DagBag from /opt/conda/lib/python3.8/site-packages/airflow/example_dags/example_sla_dag.py
[2024-04-06 12:51:14,056] {processor.py:651} INFO - DAG(s) dict_keys(['example_sla_dag']) retrieved from /opt/conda/lib/python3.8/site-packages/airflow/example_dags/example_sla_dag.py
[2024-04-06 12:51:14,065] {logging_mixin.py:115} INFO - [2024-04-06 12:51:14,065] {dag.py:2420} INFO - Sync 1 DAGs
[2024-04-06 12:51:14,078] {logging_mixin.py:115} INFO - [2024-04-06 12:51:14,078] {dag.py:2968} INFO - Setting next_dagrun for example_sla_dag to 2024-04-06T12:48:00+00:00, run_after=2024-04-06T12:50:00+00:00
[2024-04-06 12:51:14,098] {processor.py:161} INFO - Processing /opt/conda/lib/python3.8/site-packages/airflow/example_dags/example_sla_dag.py took 0.183 seconds
[2024-04-06 12:52:07,790] {processor.py:153} INFO - Started process (PID=1962) to work on /opt/conda/lib/python3.8/site-packages/airflow/example_dags/example_sla_dag.py
[2024-04-06 12:52:07,793] {processor.py:641} INFO - Processing file /opt/conda/lib/python3.8/site-packages/airflow/example_dags/example_sla_dag.py for tasks to queue
[2024-04-06 12:52:07,793] {logging_mixin.py:115} INFO - [2024-04-06 12:52:07,793] {dagbag.py:508} INFO - Filling up the DagBag from /opt/conda/lib/python3.8/site-packages/airflow/example_dags/example_sla_dag.py
[2024-04-06 12:52:07,921] {processor.py:651} INFO - DAG(s) dict_keys(['example_sla_dag']) retrieved from /opt/conda/lib/python3.8/site-packages/airflow/example_dags/example_sla_dag.py
[2024-04-06 12:52:07,929] {logging_mixin.py:115} INFO - [2024-04-06 12:52:07,929] {dag.py:2420} INFO - Sync 1 DAGs
[2024-04-06 12:52:07,943] {logging_mixin.py:115} INFO - [2024-04-06 12:52:07,943] {dag.py:2968} INFO - Setting next_dagrun for example_sla_dag to 2024-04-06T12:50:00+00:00, run_after=2024-04-06T12:52:00+00:00
[2024-04-06 12:52:07,964] {processor.py:161} INFO - Processing /opt/conda/lib/python3.8/site-packages/airflow/example_dags/example_sla_dag.py took 0.176 seconds
[2024-04-06 12:52:47,747] {processor.py:153} INFO - Started process (PID=2026) to work on /opt/conda/lib/python3.8/site-packages/airflow/example_dags/example_sla_dag.py
[2024-04-06 12:52:47,749] {processor.py:641} INFO - Processing file /opt/conda/lib/python3.8/site-packages/airflow/example_dags/example_sla_dag.py for tasks to queue
[2024-04-06 12:52:47,750] {logging_mixin.py:115} INFO - [2024-04-06 12:52:47,750] {dagbag.py:508} INFO - Filling up the DagBag from /opt/conda/lib/python3.8/site-packages/airflow/example_dags/example_sla_dag.py
[2024-04-06 12:52:47,891] {processor.py:651} INFO - DAG(s) dict_keys(['example_sla_dag']) retrieved from /opt/conda/lib/python3.8/site-packages/airflow/example_dags/example_sla_dag.py
[2024-04-06 12:52:47,899] {logging_mixin.py:115} INFO - [2024-04-06 12:52:47,899] {dag.py:2420} INFO - Sync 1 DAGs
[2024-04-06 12:52:47,913] {logging_mixin.py:115} INFO - [2024-04-06 12:52:47,913] {dag.py:2968} INFO - Setting next_dagrun for example_sla_dag to 2024-04-06T12:50:00+00:00, run_after=2024-04-06T12:52:00+00:00
[2024-04-06 12:52:47,976] {processor.py:161} INFO - Processing /opt/conda/lib/python3.8/site-packages/airflow/example_dags/example_sla_dag.py took 0.233 seconds
[2024-04-06 12:53:42,480] {processor.py:153} INFO - Started process (PID=2110) to work on /opt/conda/lib/python3.8/site-packages/airflow/example_dags/example_sla_dag.py
[2024-04-06 12:53:42,482] {processor.py:641} INFO - Processing file /opt/conda/lib/python3.8/site-packages/airflow/example_dags/example_sla_dag.py for tasks to queue
[2024-04-06 12:53:42,483] {logging_mixin.py:115} INFO - [2024-04-06 12:53:42,483] {dagbag.py:508} INFO - Filling up the DagBag from /opt/conda/lib/python3.8/site-packages/airflow/example_dags/example_sla_dag.py
[2024-04-06 12:53:42,637] {processor.py:651} INFO - DAG(s) dict_keys(['example_sla_dag']) retrieved from /opt/conda/lib/python3.8/site-packages/airflow/example_dags/example_sla_dag.py
[2024-04-06 12:53:42,646] {logging_mixin.py:115} INFO - [2024-04-06 12:53:42,646] {dag.py:2420} INFO - Sync 1 DAGs
[2024-04-06 12:53:42,660] {logging_mixin.py:115} INFO - [2024-04-06 12:53:42,660] {dag.py:2968} INFO - Setting next_dagrun for example_sla_dag to 2024-04-06T12:50:00+00:00, run_after=2024-04-06T12:52:00+00:00
[2024-04-06 12:53:42,677] {processor.py:161} INFO - Processing /opt/conda/lib/python3.8/site-packages/airflow/example_dags/example_sla_dag.py took 0.201 seconds
[2024-04-06 12:54:33,543] {processor.py:153} INFO - Started process (PID=2204) to work on /opt/conda/lib/python3.8/site-packages/airflow/example_dags/example_sla_dag.py
[2024-04-06 12:54:33,545] {processor.py:641} INFO - Processing file /opt/conda/lib/python3.8/site-packages/airflow/example_dags/example_sla_dag.py for tasks to queue
[2024-04-06 12:54:33,546] {logging_mixin.py:115} INFO - [2024-04-06 12:54:33,546] {dagbag.py:508} INFO - Filling up the DagBag from /opt/conda/lib/python3.8/site-packages/airflow/example_dags/example_sla_dag.py
[2024-04-06 12:54:33,567] {processor.py:651} INFO - DAG(s) dict_keys(['example_sla_dag']) retrieved from /opt/conda/lib/python3.8/site-packages/airflow/example_dags/example_sla_dag.py
[2024-04-06 12:54:33,585] {logging_mixin.py:115} INFO - [2024-04-06 12:54:33,584] {dag.py:2420} INFO - Sync 1 DAGs
[2024-04-06 12:54:33,608] {logging_mixin.py:115} INFO - [2024-04-06 12:54:33,608] {dag.py:2968} INFO - Setting next_dagrun for example_sla_dag to 2024-04-06T12:52:00+00:00, run_after=2024-04-06T12:54:00+00:00
[2024-04-06 12:54:33,629] {processor.py:161} INFO - Processing /opt/conda/lib/python3.8/site-packages/airflow/example_dags/example_sla_dag.py took 0.090 seconds
[2024-04-06 12:55:15,451] {processor.py:153} INFO - Started process (PID=2277) to work on /opt/conda/lib/python3.8/site-packages/airflow/example_dags/example_sla_dag.py
[2024-04-06 12:55:15,453] {processor.py:641} INFO - Processing file /opt/conda/lib/python3.8/site-packages/airflow/example_dags/example_sla_dag.py for tasks to queue
[2024-04-06 12:55:15,453] {logging_mixin.py:115} INFO - [2024-04-06 12:55:15,453] {dagbag.py:508} INFO - Filling up the DagBag from /opt/conda/lib/python3.8/site-packages/airflow/example_dags/example_sla_dag.py
[2024-04-06 12:55:15,472] {processor.py:651} INFO - DAG(s) dict_keys(['example_sla_dag']) retrieved from /opt/conda/lib/python3.8/site-packages/airflow/example_dags/example_sla_dag.py
[2024-04-06 12:55:15,486] {logging_mixin.py:115} INFO - [2024-04-06 12:55:15,486] {dag.py:2420} INFO - Sync 1 DAGs
[2024-04-06 12:55:15,503] {logging_mixin.py:115} INFO - [2024-04-06 12:55:15,503] {dag.py:2968} INFO - Setting next_dagrun for example_sla_dag to 2024-04-06T12:52:00+00:00, run_after=2024-04-06T12:54:00+00:00
[2024-04-06 12:55:15,523] {processor.py:161} INFO - Processing /opt/conda/lib/python3.8/site-packages/airflow/example_dags/example_sla_dag.py took 0.075 seconds
[2024-04-06 12:55:54,320] {processor.py:153} INFO - Started process (PID=2344) to work on /opt/conda/lib/python3.8/site-packages/airflow/example_dags/example_sla_dag.py
[2024-04-06 12:55:54,322] {processor.py:641} INFO - Processing file /opt/conda/lib/python3.8/site-packages/airflow/example_dags/example_sla_dag.py for tasks to queue
[2024-04-06 12:55:54,322] {logging_mixin.py:115} INFO - [2024-04-06 12:55:54,322] {dagbag.py:508} INFO - Filling up the DagBag from /opt/conda/lib/python3.8/site-packages/airflow/example_dags/example_sla_dag.py
[2024-04-06 12:55:54,343] {processor.py:651} INFO - DAG(s) dict_keys(['example_sla_dag']) retrieved from /opt/conda/lib/python3.8/site-packages/airflow/example_dags/example_sla_dag.py
[2024-04-06 12:55:54,361] {logging_mixin.py:115} INFO - [2024-04-06 12:55:54,361] {dag.py:2420} INFO - Sync 1 DAGs
[2024-04-06 12:55:54,384] {logging_mixin.py:115} INFO - [2024-04-06 12:55:54,384] {dag.py:2968} INFO - Setting next_dagrun for example_sla_dag to 2024-04-06T12:52:00+00:00, run_after=2024-04-06T12:54:00+00:00
[2024-04-06 12:55:54,406] {processor.py:161} INFO - Processing /opt/conda/lib/python3.8/site-packages/airflow/example_dags/example_sla_dag.py took 0.090 seconds
[2024-04-06 12:56:36,244] {processor.py:153} INFO - Started process (PID=2412) to work on /opt/conda/lib/python3.8/site-packages/airflow/example_dags/example_sla_dag.py
[2024-04-06 12:56:36,246] {processor.py:641} INFO - Processing file /opt/conda/lib/python3.8/site-packages/airflow/example_dags/example_sla_dag.py for tasks to queue
[2024-04-06 12:56:36,246] {logging_mixin.py:115} INFO - [2024-04-06 12:56:36,246] {dagbag.py:508} INFO - Filling up the DagBag from /opt/conda/lib/python3.8/site-packages/airflow/example_dags/example_sla_dag.py
[2024-04-06 12:56:36,265] {processor.py:651} INFO - DAG(s) dict_keys(['example_sla_dag']) retrieved from /opt/conda/lib/python3.8/site-packages/airflow/example_dags/example_sla_dag.py
[2024-04-06 12:56:36,279] {logging_mixin.py:115} INFO - [2024-04-06 12:56:36,279] {dag.py:2420} INFO - Sync 1 DAGs
[2024-04-06 12:56:36,296] {logging_mixin.py:115} INFO - [2024-04-06 12:56:36,296] {dag.py:2968} INFO - Setting next_dagrun for example_sla_dag to 2024-04-06T12:54:00+00:00, run_after=2024-04-06T12:56:00+00:00
[2024-04-06 12:56:36,315] {processor.py:161} INFO - Processing /opt/conda/lib/python3.8/site-packages/airflow/example_dags/example_sla_dag.py took 0.075 seconds
[2024-04-06 12:57:19,267] {processor.py:153} INFO - Started process (PID=2483) to work on /opt/conda/lib/python3.8/site-packages/airflow/example_dags/example_sla_dag.py
[2024-04-06 12:57:19,269] {processor.py:641} INFO - Processing file /opt/conda/lib/python3.8/site-packages/airflow/example_dags/example_sla_dag.py for tasks to queue
[2024-04-06 12:57:19,270] {logging_mixin.py:115} INFO - [2024-04-06 12:57:19,270] {dagbag.py:508} INFO - Filling up the DagBag from /opt/conda/lib/python3.8/site-packages/airflow/example_dags/example_sla_dag.py
[2024-04-06 12:57:19,292] {processor.py:651} INFO - DAG(s) dict_keys(['example_sla_dag']) retrieved from /opt/conda/lib/python3.8/site-packages/airflow/example_dags/example_sla_dag.py
[2024-04-06 12:57:19,310] {logging_mixin.py:115} INFO - [2024-04-06 12:57:19,310] {dag.py:2420} INFO - Sync 1 DAGs
[2024-04-06 12:57:19,329] {logging_mixin.py:115} INFO - [2024-04-06 12:57:19,329] {dag.py:2968} INFO - Setting next_dagrun for example_sla_dag to 2024-04-06T12:54:00+00:00, run_after=2024-04-06T12:56:00+00:00
[2024-04-06 12:57:19,349] {processor.py:161} INFO - Processing /opt/conda/lib/python3.8/site-packages/airflow/example_dags/example_sla_dag.py took 0.085 seconds
[2024-04-06 12:58:00,158] {processor.py:153} INFO - Started process (PID=2551) to work on /opt/conda/lib/python3.8/site-packages/airflow/example_dags/example_sla_dag.py
[2024-04-06 12:58:00,160] {processor.py:641} INFO - Processing file /opt/conda/lib/python3.8/site-packages/airflow/example_dags/example_sla_dag.py for tasks to queue
[2024-04-06 12:58:00,161] {logging_mixin.py:115} INFO - [2024-04-06 12:58:00,161] {dagbag.py:508} INFO - Filling up the DagBag from /opt/conda/lib/python3.8/site-packages/airflow/example_dags/example_sla_dag.py
[2024-04-06 12:58:00,181] {processor.py:651} INFO - DAG(s) dict_keys(['example_sla_dag']) retrieved from /opt/conda/lib/python3.8/site-packages/airflow/example_dags/example_sla_dag.py
[2024-04-06 12:58:00,198] {logging_mixin.py:115} INFO - [2024-04-06 12:58:00,198] {dag.py:2420} INFO - Sync 1 DAGs
[2024-04-06 12:58:00,220] {logging_mixin.py:115} INFO - [2024-04-06 12:58:00,220] {dag.py:2968} INFO - Setting next_dagrun for example_sla_dag to 2024-04-06T12:56:00+00:00, run_after=2024-04-06T12:58:00+00:00
[2024-04-06 12:58:00,244] {processor.py:161} INFO - Processing /opt/conda/lib/python3.8/site-packages/airflow/example_dags/example_sla_dag.py took 0.089 seconds
[2024-04-06 12:58:40,972] {processor.py:153} INFO - Started process (PID=2624) to work on /opt/conda/lib/python3.8/site-packages/airflow/example_dags/example_sla_dag.py
[2024-04-06 12:58:40,974] {processor.py:641} INFO - Processing file /opt/conda/lib/python3.8/site-packages/airflow/example_dags/example_sla_dag.py for tasks to queue
[2024-04-06 12:58:40,974] {logging_mixin.py:115} INFO - [2024-04-06 12:58:40,974] {dagbag.py:508} INFO - Filling up the DagBag from /opt/conda/lib/python3.8/site-packages/airflow/example_dags/example_sla_dag.py
[2024-04-06 12:58:40,993] {processor.py:651} INFO - DAG(s) dict_keys(['example_sla_dag']) retrieved from /opt/conda/lib/python3.8/site-packages/airflow/example_dags/example_sla_dag.py
[2024-04-06 12:58:41,007] {logging_mixin.py:115} INFO - [2024-04-06 12:58:41,006] {dag.py:2420} INFO - Sync 1 DAGs
[2024-04-06 12:58:41,023] {logging_mixin.py:115} INFO - [2024-04-06 12:58:41,023] {dag.py:2968} INFO - Setting next_dagrun for example_sla_dag to 2024-04-06T12:56:00+00:00, run_after=2024-04-06T12:58:00+00:00
[2024-04-06 12:58:41,041] {processor.py:161} INFO - Processing /opt/conda/lib/python3.8/site-packages/airflow/example_dags/example_sla_dag.py took 0.073 seconds
[2024-04-06 12:59:30,599] {processor.py:153} INFO - Started process (PID=2707) to work on /opt/conda/lib/python3.8/site-packages/airflow/example_dags/example_sla_dag.py
[2024-04-06 12:59:30,601] {processor.py:641} INFO - Processing file /opt/conda/lib/python3.8/site-packages/airflow/example_dags/example_sla_dag.py for tasks to queue
[2024-04-06 12:59:30,602] {logging_mixin.py:115} INFO - [2024-04-06 12:59:30,602] {dagbag.py:508} INFO - Filling up the DagBag from /opt/conda/lib/python3.8/site-packages/airflow/example_dags/example_sla_dag.py
[2024-04-06 12:59:30,623] {processor.py:651} INFO - DAG(s) dict_keys(['example_sla_dag']) retrieved from /opt/conda/lib/python3.8/site-packages/airflow/example_dags/example_sla_dag.py
[2024-04-06 12:59:30,637] {logging_mixin.py:115} INFO - [2024-04-06 12:59:30,637] {dag.py:2420} INFO - Sync 1 DAGs
[2024-04-06 12:59:30,654] {logging_mixin.py:115} INFO - [2024-04-06 12:59:30,654] {dag.py:2968} INFO - Setting next_dagrun for example_sla_dag to 2024-04-06T12:56:00+00:00, run_after=2024-04-06T12:58:00+00:00
[2024-04-06 12:59:30,674] {processor.py:161} INFO - Processing /opt/conda/lib/python3.8/site-packages/airflow/example_dags/example_sla_dag.py took 0.078 seconds
[2024-04-06 13:00:15,115] {processor.py:153} INFO - Started process (PID=2778) to work on /opt/conda/lib/python3.8/site-packages/airflow/example_dags/example_sla_dag.py
[2024-04-06 13:00:15,117] {processor.py:641} INFO - Processing file /opt/conda/lib/python3.8/site-packages/airflow/example_dags/example_sla_dag.py for tasks to queue
[2024-04-06 13:00:15,118] {logging_mixin.py:115} INFO - [2024-04-06 13:00:15,118] {dagbag.py:508} INFO - Filling up the DagBag from /opt/conda/lib/python3.8/site-packages/airflow/example_dags/example_sla_dag.py
[2024-04-06 13:00:15,137] {processor.py:651} INFO - DAG(s) dict_keys(['example_sla_dag']) retrieved from /opt/conda/lib/python3.8/site-packages/airflow/example_dags/example_sla_dag.py
[2024-04-06 13:00:15,151] {logging_mixin.py:115} INFO - [2024-04-06 13:00:15,151] {dag.py:2420} INFO - Sync 1 DAGs
[2024-04-06 13:00:15,167] {logging_mixin.py:115} INFO - [2024-04-06 13:00:15,167] {dag.py:2968} INFO - Setting next_dagrun for example_sla_dag to 2024-04-06T12:58:00+00:00, run_after=2024-04-06T13:00:00+00:00
[2024-04-06 13:00:15,187] {processor.py:161} INFO - Processing /opt/conda/lib/python3.8/site-packages/airflow/example_dags/example_sla_dag.py took 0.075 seconds
[2024-04-06 13:00:59,064] {processor.py:153} INFO - Started process (PID=2849) to work on /opt/conda/lib/python3.8/site-packages/airflow/example_dags/example_sla_dag.py
[2024-04-06 13:00:59,066] {processor.py:641} INFO - Processing file /opt/conda/lib/python3.8/site-packages/airflow/example_dags/example_sla_dag.py for tasks to queue
[2024-04-06 13:00:59,067] {logging_mixin.py:115} INFO - [2024-04-06 13:00:59,067] {dagbag.py:508} INFO - Filling up the DagBag from /opt/conda/lib/python3.8/site-packages/airflow/example_dags/example_sla_dag.py
[2024-04-06 13:00:59,087] {processor.py:651} INFO - DAG(s) dict_keys(['example_sla_dag']) retrieved from /opt/conda/lib/python3.8/site-packages/airflow/example_dags/example_sla_dag.py
[2024-04-06 13:00:59,101] {logging_mixin.py:115} INFO - [2024-04-06 13:00:59,101] {dag.py:2420} INFO - Sync 1 DAGs
[2024-04-06 13:00:59,118] {logging_mixin.py:115} INFO - [2024-04-06 13:00:59,118] {dag.py:2968} INFO - Setting next_dagrun for example_sla_dag to 2024-04-06T12:58:00+00:00, run_after=2024-04-06T13:00:00+00:00
[2024-04-06 13:00:59,138] {processor.py:161} INFO - Processing /opt/conda/lib/python3.8/site-packages/airflow/example_dags/example_sla_dag.py took 0.078 seconds
[2024-04-06 13:01:39,639] {processor.py:153} INFO - Started process (PID=2918) to work on /opt/conda/lib/python3.8/site-packages/airflow/example_dags/example_sla_dag.py
[2024-04-06 13:01:39,641] {processor.py:641} INFO - Processing file /opt/conda/lib/python3.8/site-packages/airflow/example_dags/example_sla_dag.py for tasks to queue
[2024-04-06 13:01:39,641] {logging_mixin.py:115} INFO - [2024-04-06 13:01:39,641] {dagbag.py:508} INFO - Filling up the DagBag from /opt/conda/lib/python3.8/site-packages/airflow/example_dags/example_sla_dag.py
[2024-04-06 13:01:39,661] {processor.py:651} INFO - DAG(s) dict_keys(['example_sla_dag']) retrieved from /opt/conda/lib/python3.8/site-packages/airflow/example_dags/example_sla_dag.py
[2024-04-06 13:01:39,674] {logging_mixin.py:115} INFO - [2024-04-06 13:01:39,674] {dag.py:2420} INFO - Sync 1 DAGs
[2024-04-06 13:01:39,690] {logging_mixin.py:115} INFO - [2024-04-06 13:01:39,690] {dag.py:2968} INFO - Setting next_dagrun for example_sla_dag to 2024-04-06T12:58:00+00:00, run_after=2024-04-06T13:00:00+00:00
[2024-04-06 13:01:39,709] {processor.py:161} INFO - Processing /opt/conda/lib/python3.8/site-packages/airflow/example_dags/example_sla_dag.py took 0.073 seconds
[2024-04-06 13:02:27,022] {processor.py:153} INFO - Started process (PID=3008) to work on /opt/conda/lib/python3.8/site-packages/airflow/example_dags/example_sla_dag.py
[2024-04-06 13:02:27,024] {processor.py:641} INFO - Processing file /opt/conda/lib/python3.8/site-packages/airflow/example_dags/example_sla_dag.py for tasks to queue
[2024-04-06 13:02:27,024] {logging_mixin.py:115} INFO - [2024-04-06 13:02:27,024] {dagbag.py:508} INFO - Filling up the DagBag from /opt/conda/lib/python3.8/site-packages/airflow/example_dags/example_sla_dag.py
[2024-04-06 13:02:27,043] {processor.py:651} INFO - DAG(s) dict_keys(['example_sla_dag']) retrieved from /opt/conda/lib/python3.8/site-packages/airflow/example_dags/example_sla_dag.py
[2024-04-06 13:02:27,056] {logging_mixin.py:115} INFO - [2024-04-06 13:02:27,056] {dag.py:2420} INFO - Sync 1 DAGs
[2024-04-06 13:02:27,073] {logging_mixin.py:115} INFO - [2024-04-06 13:02:27,073] {dag.py:2968} INFO - Setting next_dagrun for example_sla_dag to 2024-04-06T13:00:00+00:00, run_after=2024-04-06T13:02:00+00:00
[2024-04-06 13:02:27,092] {processor.py:161} INFO - Processing /opt/conda/lib/python3.8/site-packages/airflow/example_dags/example_sla_dag.py took 0.073 seconds
[2024-04-06 13:03:06,743] {processor.py:153} INFO - Started process (PID=3076) to work on /opt/conda/lib/python3.8/site-packages/airflow/example_dags/example_sla_dag.py
[2024-04-06 13:03:06,745] {processor.py:641} INFO - Processing file /opt/conda/lib/python3.8/site-packages/airflow/example_dags/example_sla_dag.py for tasks to queue
[2024-04-06 13:03:06,745] {logging_mixin.py:115} INFO - [2024-04-06 13:03:06,745] {dagbag.py:508} INFO - Filling up the DagBag from /opt/conda/lib/python3.8/site-packages/airflow/example_dags/example_sla_dag.py
[2024-04-06 13:03:06,766] {processor.py:651} INFO - DAG(s) dict_keys(['example_sla_dag']) retrieved from /opt/conda/lib/python3.8/site-packages/airflow/example_dags/example_sla_dag.py
[2024-04-06 13:03:06,780] {logging_mixin.py:115} INFO - [2024-04-06 13:03:06,780] {dag.py:2420} INFO - Sync 1 DAGs
[2024-04-06 13:03:06,797] {logging_mixin.py:115} INFO - [2024-04-06 13:03:06,797] {dag.py:2968} INFO - Setting next_dagrun for example_sla_dag to 2024-04-06T13:00:00+00:00, run_after=2024-04-06T13:02:00+00:00
[2024-04-06 13:03:06,816] {processor.py:161} INFO - Processing /opt/conda/lib/python3.8/site-packages/airflow/example_dags/example_sla_dag.py took 0.077 seconds
[2024-04-06 13:03:43,756] {processor.py:153} INFO - Started process (PID=3143) to work on /opt/conda/lib/python3.8/site-packages/airflow/example_dags/example_sla_dag.py
[2024-04-06 13:03:43,759] {processor.py:641} INFO - Processing file /opt/conda/lib/python3.8/site-packages/airflow/example_dags/example_sla_dag.py for tasks to queue
[2024-04-06 13:03:43,759] {logging_mixin.py:115} INFO - [2024-04-06 13:03:43,759] {dagbag.py:508} INFO - Filling up the DagBag from /opt/conda/lib/python3.8/site-packages/airflow/example_dags/example_sla_dag.py
[2024-04-06 13:03:43,778] {processor.py:651} INFO - DAG(s) dict_keys(['example_sla_dag']) retrieved from /opt/conda/lib/python3.8/site-packages/airflow/example_dags/example_sla_dag.py
[2024-04-06 13:03:43,792] {logging_mixin.py:115} INFO - [2024-04-06 13:03:43,792] {dag.py:2420} INFO - Sync 1 DAGs
[2024-04-06 13:03:43,809] {logging_mixin.py:115} INFO - [2024-04-06 13:03:43,809] {dag.py:2968} INFO - Setting next_dagrun for example_sla_dag to 2024-04-06T13:00:00+00:00, run_after=2024-04-06T13:02:00+00:00
[2024-04-06 13:03:43,826] {processor.py:161} INFO - Processing /opt/conda/lib/python3.8/site-packages/airflow/example_dags/example_sla_dag.py took 0.074 seconds
[2024-04-06 13:04:23,176] {processor.py:153} INFO - Started process (PID=3209) to work on /opt/conda/lib/python3.8/site-packages/airflow/example_dags/example_sla_dag.py
[2024-04-06 13:04:23,177] {processor.py:641} INFO - Processing file /opt/conda/lib/python3.8/site-packages/airflow/example_dags/example_sla_dag.py for tasks to queue
[2024-04-06 13:04:23,178] {logging_mixin.py:115} INFO - [2024-04-06 13:04:23,177] {dagbag.py:508} INFO - Filling up the DagBag from /opt/conda/lib/python3.8/site-packages/airflow/example_dags/example_sla_dag.py
[2024-04-06 13:04:23,196] {processor.py:651} INFO - DAG(s) dict_keys(['example_sla_dag']) retrieved from /opt/conda/lib/python3.8/site-packages/airflow/example_dags/example_sla_dag.py
[2024-04-06 13:04:23,210] {logging_mixin.py:115} INFO - [2024-04-06 13:04:23,209] {dag.py:2420} INFO - Sync 1 DAGs
[2024-04-06 13:04:23,226] {logging_mixin.py:115} INFO - [2024-04-06 13:04:23,226] {dag.py:2968} INFO - Setting next_dagrun for example_sla_dag to 2024-04-06T13:02:00+00:00, run_after=2024-04-06T13:04:00+00:00
[2024-04-06 13:04:23,246] {processor.py:161} INFO - Processing /opt/conda/lib/python3.8/site-packages/airflow/example_dags/example_sla_dag.py took 0.074 seconds
[2024-04-06 13:05:06,036] {processor.py:153} INFO - Started process (PID=3280) to work on /opt/conda/lib/python3.8/site-packages/airflow/example_dags/example_sla_dag.py
[2024-04-06 13:05:06,037] {processor.py:641} INFO - Processing file /opt/conda/lib/python3.8/site-packages/airflow/example_dags/example_sla_dag.py for tasks to queue
[2024-04-06 13:05:06,037] {logging_mixin.py:115} INFO - [2024-04-06 13:05:06,037] {dagbag.py:508} INFO - Filling up the DagBag from /opt/conda/lib/python3.8/site-packages/airflow/example_dags/example_sla_dag.py
[2024-04-06 13:05:06,059] {processor.py:651} INFO - DAG(s) dict_keys(['example_sla_dag']) retrieved from /opt/conda/lib/python3.8/site-packages/airflow/example_dags/example_sla_dag.py
[2024-04-06 13:05:06,076] {logging_mixin.py:115} INFO - [2024-04-06 13:05:06,076] {dag.py:2420} INFO - Sync 1 DAGs
[2024-04-06 13:05:06,098] {logging_mixin.py:115} INFO - [2024-04-06 13:05:06,097] {dag.py:2968} INFO - Setting next_dagrun for example_sla_dag to 2024-04-06T13:02:00+00:00, run_after=2024-04-06T13:04:00+00:00
[2024-04-06 13:05:06,118] {processor.py:161} INFO - Processing /opt/conda/lib/python3.8/site-packages/airflow/example_dags/example_sla_dag.py took 0.086 seconds
[2024-04-06 13:05:48,175] {processor.py:153} INFO - Started process (PID=3352) to work on /opt/conda/lib/python3.8/site-packages/airflow/example_dags/example_sla_dag.py
[2024-04-06 13:05:48,176] {processor.py:641} INFO - Processing file /opt/conda/lib/python3.8/site-packages/airflow/example_dags/example_sla_dag.py for tasks to queue
[2024-04-06 13:05:48,177] {logging_mixin.py:115} INFO - [2024-04-06 13:05:48,176] {dagbag.py:508} INFO - Filling up the DagBag from /opt/conda/lib/python3.8/site-packages/airflow/example_dags/example_sla_dag.py
[2024-04-06 13:05:48,197] {processor.py:651} INFO - DAG(s) dict_keys(['example_sla_dag']) retrieved from /opt/conda/lib/python3.8/site-packages/airflow/example_dags/example_sla_dag.py
[2024-04-06 13:05:48,214] {logging_mixin.py:115} INFO - [2024-04-06 13:05:48,214] {dag.py:2420} INFO - Sync 1 DAGs
[2024-04-06 13:05:48,236] {logging_mixin.py:115} INFO - [2024-04-06 13:05:48,236] {dag.py:2968} INFO - Setting next_dagrun for example_sla_dag to 2024-04-06T13:02:00+00:00, run_after=2024-04-06T13:04:00+00:00
[2024-04-06 13:05:48,258] {processor.py:161} INFO - Processing /opt/conda/lib/python3.8/site-packages/airflow/example_dags/example_sla_dag.py took 0.087 seconds
[2024-04-06 13:06:31,176] {processor.py:153} INFO - Started process (PID=3422) to work on /opt/conda/lib/python3.8/site-packages/airflow/example_dags/example_sla_dag.py
[2024-04-06 13:06:31,177] {processor.py:641} INFO - Processing file /opt/conda/lib/python3.8/site-packages/airflow/example_dags/example_sla_dag.py for tasks to queue
[2024-04-06 13:06:31,178] {logging_mixin.py:115} INFO - [2024-04-06 13:06:31,177] {dagbag.py:508} INFO - Filling up the DagBag from /opt/conda/lib/python3.8/site-packages/airflow/example_dags/example_sla_dag.py
[2024-04-06 13:06:31,196] {processor.py:651} INFO - DAG(s) dict_keys(['example_sla_dag']) retrieved from /opt/conda/lib/python3.8/site-packages/airflow/example_dags/example_sla_dag.py
[2024-04-06 13:06:31,209] {logging_mixin.py:115} INFO - [2024-04-06 13:06:31,209] {dag.py:2420} INFO - Sync 1 DAGs
[2024-04-06 13:06:31,225] {logging_mixin.py:115} INFO - [2024-04-06 13:06:31,225] {dag.py:2968} INFO - Setting next_dagrun for example_sla_dag to 2024-04-06T13:04:00+00:00, run_after=2024-04-06T13:06:00+00:00
[2024-04-06 13:06:31,244] {processor.py:161} INFO - Processing /opt/conda/lib/python3.8/site-packages/airflow/example_dags/example_sla_dag.py took 0.071 seconds
[2024-04-06 13:07:13,072] {processor.py:153} INFO - Started process (PID=3494) to work on /opt/conda/lib/python3.8/site-packages/airflow/example_dags/example_sla_dag.py
[2024-04-06 13:07:13,074] {processor.py:641} INFO - Processing file /opt/conda/lib/python3.8/site-packages/airflow/example_dags/example_sla_dag.py for tasks to queue
[2024-04-06 13:07:13,074] {logging_mixin.py:115} INFO - [2024-04-06 13:07:13,074] {dagbag.py:508} INFO - Filling up the DagBag from /opt/conda/lib/python3.8/site-packages/airflow/example_dags/example_sla_dag.py
[2024-04-06 13:07:13,094] {processor.py:651} INFO - DAG(s) dict_keys(['example_sla_dag']) retrieved from /opt/conda/lib/python3.8/site-packages/airflow/example_dags/example_sla_dag.py
[2024-04-06 13:07:13,107] {logging_mixin.py:115} INFO - [2024-04-06 13:07:13,107] {dag.py:2420} INFO - Sync 1 DAGs
[2024-04-06 13:07:13,124] {logging_mixin.py:115} INFO - [2024-04-06 13:07:13,124] {dag.py:2968} INFO - Setting next_dagrun for example_sla_dag to 2024-04-06T13:04:00+00:00, run_after=2024-04-06T13:06:00+00:00
[2024-04-06 13:07:13,144] {processor.py:161} INFO - Processing /opt/conda/lib/python3.8/site-packages/airflow/example_dags/example_sla_dag.py took 0.075 seconds
[2024-04-06 13:08:04,463] {processor.py:153} INFO - Started process (PID=3593) to work on /opt/conda/lib/python3.8/site-packages/airflow/example_dags/example_sla_dag.py
[2024-04-06 13:08:04,465] {processor.py:641} INFO - Processing file /opt/conda/lib/python3.8/site-packages/airflow/example_dags/example_sla_dag.py for tasks to queue
[2024-04-06 13:08:04,465] {logging_mixin.py:115} INFO - [2024-04-06 13:08:04,465] {dagbag.py:508} INFO - Filling up the DagBag from /opt/conda/lib/python3.8/site-packages/airflow/example_dags/example_sla_dag.py
[2024-04-06 13:08:04,487] {processor.py:651} INFO - DAG(s) dict_keys(['example_sla_dag']) retrieved from /opt/conda/lib/python3.8/site-packages/airflow/example_dags/example_sla_dag.py
[2024-04-06 13:08:04,504] {logging_mixin.py:115} INFO - [2024-04-06 13:08:04,504] {dag.py:2420} INFO - Sync 1 DAGs
[2024-04-06 13:08:04,527] {logging_mixin.py:115} INFO - [2024-04-06 13:08:04,527] {dag.py:2968} INFO - Setting next_dagrun for example_sla_dag to 2024-04-06T13:06:00+00:00, run_after=2024-04-06T13:08:00+00:00
[2024-04-06 13:08:04,551] {processor.py:161} INFO - Processing /opt/conda/lib/python3.8/site-packages/airflow/example_dags/example_sla_dag.py took 0.091 seconds
[2024-04-06 13:08:43,871] {processor.py:153} INFO - Started process (PID=3674) to work on /opt/conda/lib/python3.8/site-packages/airflow/example_dags/example_sla_dag.py
[2024-04-06 13:08:43,873] {processor.py:641} INFO - Processing file /opt/conda/lib/python3.8/site-packages/airflow/example_dags/example_sla_dag.py for tasks to queue
[2024-04-06 13:08:43,873] {logging_mixin.py:115} INFO - [2024-04-06 13:08:43,873] {dagbag.py:508} INFO - Filling up the DagBag from /opt/conda/lib/python3.8/site-packages/airflow/example_dags/example_sla_dag.py
[2024-04-06 13:08:43,894] {processor.py:651} INFO - DAG(s) dict_keys(['example_sla_dag']) retrieved from /opt/conda/lib/python3.8/site-packages/airflow/example_dags/example_sla_dag.py
[2024-04-06 13:08:43,910] {logging_mixin.py:115} INFO - [2024-04-06 13:08:43,910] {dag.py:2420} INFO - Sync 1 DAGs
[2024-04-06 13:08:43,933] {logging_mixin.py:115} INFO - [2024-04-06 13:08:43,933] {dag.py:2968} INFO - Setting next_dagrun for example_sla_dag to 2024-04-06T13:06:00+00:00, run_after=2024-04-06T13:08:00+00:00
[2024-04-06 13:08:43,955] {processor.py:161} INFO - Processing /opt/conda/lib/python3.8/site-packages/airflow/example_dags/example_sla_dag.py took 0.088 seconds
[2024-04-06 13:09:23,067] {processor.py:153} INFO - Started process (PID=3742) to work on /opt/conda/lib/python3.8/site-packages/airflow/example_dags/example_sla_dag.py
[2024-04-06 13:09:23,069] {processor.py:641} INFO - Processing file /opt/conda/lib/python3.8/site-packages/airflow/example_dags/example_sla_dag.py for tasks to queue
[2024-04-06 13:09:23,069] {logging_mixin.py:115} INFO - [2024-04-06 13:09:23,069] {dagbag.py:508} INFO - Filling up the DagBag from /opt/conda/lib/python3.8/site-packages/airflow/example_dags/example_sla_dag.py
[2024-04-06 13:09:23,090] {processor.py:651} INFO - DAG(s) dict_keys(['example_sla_dag']) retrieved from /opt/conda/lib/python3.8/site-packages/airflow/example_dags/example_sla_dag.py
[2024-04-06 13:09:23,106] {logging_mixin.py:115} INFO - [2024-04-06 13:09:23,106] {dag.py:2420} INFO - Sync 1 DAGs
[2024-04-06 13:09:23,127] {logging_mixin.py:115} INFO - [2024-04-06 13:09:23,127] {dag.py:2968} INFO - Setting next_dagrun for example_sla_dag to 2024-04-06T13:06:00+00:00, run_after=2024-04-06T13:08:00+00:00
[2024-04-06 13:09:23,151] {processor.py:161} INFO - Processing /opt/conda/lib/python3.8/site-packages/airflow/example_dags/example_sla_dag.py took 0.087 seconds
[2024-04-06 13:10:05,559] {processor.py:153} INFO - Started process (PID=3811) to work on /opt/conda/lib/python3.8/site-packages/airflow/example_dags/example_sla_dag.py
[2024-04-06 13:10:05,561] {processor.py:641} INFO - Processing file /opt/conda/lib/python3.8/site-packages/airflow/example_dags/example_sla_dag.py for tasks to queue
[2024-04-06 13:10:05,564] {logging_mixin.py:115} INFO - [2024-04-06 13:10:05,564] {dagbag.py:508} INFO - Filling up the DagBag from /opt/conda/lib/python3.8/site-packages/airflow/example_dags/example_sla_dag.py
[2024-04-06 13:10:05,583] {processor.py:651} INFO - DAG(s) dict_keys(['example_sla_dag']) retrieved from /opt/conda/lib/python3.8/site-packages/airflow/example_dags/example_sla_dag.py
[2024-04-06 13:10:05,597] {logging_mixin.py:115} INFO - [2024-04-06 13:10:05,597] {dag.py:2420} INFO - Sync 1 DAGs
[2024-04-06 13:10:05,613] {logging_mixin.py:115} INFO - [2024-04-06 13:10:05,613] {dag.py:2968} INFO - Setting next_dagrun for example_sla_dag to 2024-04-06T13:08:00+00:00, run_after=2024-04-06T13:10:00+00:00
[2024-04-06 13:10:05,632] {processor.py:161} INFO - Processing /opt/conda/lib/python3.8/site-packages/airflow/example_dags/example_sla_dag.py took 0.076 seconds
[2024-04-06 13:10:44,919] {processor.py:153} INFO - Started process (PID=3879) to work on /opt/conda/lib/python3.8/site-packages/airflow/example_dags/example_sla_dag.py
[2024-04-06 13:10:44,925] {processor.py:641} INFO - Processing file /opt/conda/lib/python3.8/site-packages/airflow/example_dags/example_sla_dag.py for tasks to queue
[2024-04-06 13:10:44,926] {logging_mixin.py:115} INFO - [2024-04-06 13:10:44,926] {dagbag.py:508} INFO - Filling up the DagBag from /opt/conda/lib/python3.8/site-packages/airflow/example_dags/example_sla_dag.py
[2024-04-06 13:10:44,944] {processor.py:651} INFO - DAG(s) dict_keys(['example_sla_dag']) retrieved from /opt/conda/lib/python3.8/site-packages/airflow/example_dags/example_sla_dag.py
[2024-04-06 13:10:44,958] {logging_mixin.py:115} INFO - [2024-04-06 13:10:44,958] {dag.py:2420} INFO - Sync 1 DAGs
[2024-04-06 13:10:44,974] {logging_mixin.py:115} INFO - [2024-04-06 13:10:44,974] {dag.py:2968} INFO - Setting next_dagrun for example_sla_dag to 2024-04-06T13:08:00+00:00, run_after=2024-04-06T13:10:00+00:00
[2024-04-06 13:10:45,116] {processor.py:161} INFO - Processing /opt/conda/lib/python3.8/site-packages/airflow/example_dags/example_sla_dag.py took 0.200 seconds
[2024-04-06 13:11:26,335] {processor.py:153} INFO - Started process (PID=3948) to work on /opt/conda/lib/python3.8/site-packages/airflow/example_dags/example_sla_dag.py
[2024-04-06 13:11:26,336] {processor.py:641} INFO - Processing file /opt/conda/lib/python3.8/site-packages/airflow/example_dags/example_sla_dag.py for tasks to queue
[2024-04-06 13:11:26,337] {logging_mixin.py:115} INFO - [2024-04-06 13:11:26,337] {dagbag.py:508} INFO - Filling up the DagBag from /opt/conda/lib/python3.8/site-packages/airflow/example_dags/example_sla_dag.py
[2024-04-06 13:11:26,357] {processor.py:651} INFO - DAG(s) dict_keys(['example_sla_dag']) retrieved from /opt/conda/lib/python3.8/site-packages/airflow/example_dags/example_sla_dag.py
[2024-04-06 13:11:26,371] {logging_mixin.py:115} INFO - [2024-04-06 13:11:26,371] {dag.py:2420} INFO - Sync 1 DAGs
[2024-04-06 13:11:26,388] {logging_mixin.py:115} INFO - [2024-04-06 13:11:26,388] {dag.py:2968} INFO - Setting next_dagrun for example_sla_dag to 2024-04-06T13:08:00+00:00, run_after=2024-04-06T13:10:00+00:00
[2024-04-06 13:11:26,409] {processor.py:161} INFO - Processing /opt/conda/lib/python3.8/site-packages/airflow/example_dags/example_sla_dag.py took 0.078 seconds
[2024-04-06 13:12:06,759] {processor.py:153} INFO - Started process (PID=4016) to work on /opt/conda/lib/python3.8/site-packages/airflow/example_dags/example_sla_dag.py
[2024-04-06 13:12:06,761] {processor.py:641} INFO - Processing file /opt/conda/lib/python3.8/site-packages/airflow/example_dags/example_sla_dag.py for tasks to queue
[2024-04-06 13:12:06,761] {logging_mixin.py:115} INFO - [2024-04-06 13:12:06,761] {dagbag.py:508} INFO - Filling up the DagBag from /opt/conda/lib/python3.8/site-packages/airflow/example_dags/example_sla_dag.py
[2024-04-06 13:12:06,780] {processor.py:651} INFO - DAG(s) dict_keys(['example_sla_dag']) retrieved from /opt/conda/lib/python3.8/site-packages/airflow/example_dags/example_sla_dag.py
[2024-04-06 13:12:06,794] {logging_mixin.py:115} INFO - [2024-04-06 13:12:06,794] {dag.py:2420} INFO - Sync 1 DAGs
[2024-04-06 13:12:06,811] {logging_mixin.py:115} INFO - [2024-04-06 13:12:06,811] {dag.py:2968} INFO - Setting next_dagrun for example_sla_dag to 2024-04-06T13:10:00+00:00, run_after=2024-04-06T13:12:00+00:00
[2024-04-06 13:12:06,832] {processor.py:161} INFO - Processing /opt/conda/lib/python3.8/site-packages/airflow/example_dags/example_sla_dag.py took 0.076 seconds
[2024-04-06 13:12:49,574] {processor.py:153} INFO - Started process (PID=4085) to work on /opt/conda/lib/python3.8/site-packages/airflow/example_dags/example_sla_dag.py
[2024-04-06 13:12:49,576] {processor.py:641} INFO - Processing file /opt/conda/lib/python3.8/site-packages/airflow/example_dags/example_sla_dag.py for tasks to queue
[2024-04-06 13:12:49,576] {logging_mixin.py:115} INFO - [2024-04-06 13:12:49,576] {dagbag.py:508} INFO - Filling up the DagBag from /opt/conda/lib/python3.8/site-packages/airflow/example_dags/example_sla_dag.py
[2024-04-06 13:12:49,595] {processor.py:651} INFO - DAG(s) dict_keys(['example_sla_dag']) retrieved from /opt/conda/lib/python3.8/site-packages/airflow/example_dags/example_sla_dag.py
[2024-04-06 13:12:49,608] {logging_mixin.py:115} INFO - [2024-04-06 13:12:49,608] {dag.py:2420} INFO - Sync 1 DAGs
[2024-04-06 13:12:49,625] {logging_mixin.py:115} INFO - [2024-04-06 13:12:49,625] {dag.py:2968} INFO - Setting next_dagrun for example_sla_dag to 2024-04-06T13:10:00+00:00, run_after=2024-04-06T13:12:00+00:00
[2024-04-06 13:12:49,647] {processor.py:161} INFO - Processing /opt/conda/lib/python3.8/site-packages/airflow/example_dags/example_sla_dag.py took 0.076 seconds
[2024-04-06 13:13:34,926] {processor.py:153} INFO - Started process (PID=4186) to work on /opt/conda/lib/python3.8/site-packages/airflow/example_dags/example_sla_dag.py
[2024-04-06 13:13:34,927] {processor.py:641} INFO - Processing file /opt/conda/lib/python3.8/site-packages/airflow/example_dags/example_sla_dag.py for tasks to queue
[2024-04-06 13:13:34,928] {logging_mixin.py:115} INFO - [2024-04-06 13:13:34,928] {dagbag.py:508} INFO - Filling up the DagBag from /opt/conda/lib/python3.8/site-packages/airflow/example_dags/example_sla_dag.py
[2024-04-06 13:13:34,947] {processor.py:651} INFO - DAG(s) dict_keys(['example_sla_dag']) retrieved from /opt/conda/lib/python3.8/site-packages/airflow/example_dags/example_sla_dag.py
[2024-04-06 13:13:34,960] {logging_mixin.py:115} INFO - [2024-04-06 13:13:34,960] {dag.py:2420} INFO - Sync 1 DAGs
[2024-04-06 13:13:34,977] {logging_mixin.py:115} INFO - [2024-04-06 13:13:34,977] {dag.py:2968} INFO - Setting next_dagrun for example_sla_dag to 2024-04-06T13:10:00+00:00, run_after=2024-04-06T13:12:00+00:00
[2024-04-06 13:13:35,005] {processor.py:161} INFO - Processing /opt/conda/lib/python3.8/site-packages/airflow/example_dags/example_sla_dag.py took 0.083 seconds
[2024-04-06 13:14:16,586] {processor.py:153} INFO - Started process (PID=4256) to work on /opt/conda/lib/python3.8/site-packages/airflow/example_dags/example_sla_dag.py
[2024-04-06 13:14:16,588] {processor.py:641} INFO - Processing file /opt/conda/lib/python3.8/site-packages/airflow/example_dags/example_sla_dag.py for tasks to queue
[2024-04-06 13:14:16,589] {logging_mixin.py:115} INFO - [2024-04-06 13:14:16,589] {dagbag.py:508} INFO - Filling up the DagBag from /opt/conda/lib/python3.8/site-packages/airflow/example_dags/example_sla_dag.py
[2024-04-06 13:14:16,609] {processor.py:651} INFO - DAG(s) dict_keys(['example_sla_dag']) retrieved from /opt/conda/lib/python3.8/site-packages/airflow/example_dags/example_sla_dag.py
[2024-04-06 13:14:16,626] {logging_mixin.py:115} INFO - [2024-04-06 13:14:16,626] {dag.py:2420} INFO - Sync 1 DAGs
[2024-04-06 13:14:16,647] {logging_mixin.py:115} INFO - [2024-04-06 13:14:16,647] {dag.py:2968} INFO - Setting next_dagrun for example_sla_dag to 2024-04-06T13:12:00+00:00, run_after=2024-04-06T13:14:00+00:00
[2024-04-06 13:14:16,667] {processor.py:161} INFO - Processing /opt/conda/lib/python3.8/site-packages/airflow/example_dags/example_sla_dag.py took 0.084 seconds
[2024-04-06 13:14:57,019] {processor.py:153} INFO - Started process (PID=4326) to work on /opt/conda/lib/python3.8/site-packages/airflow/example_dags/example_sla_dag.py
[2024-04-06 13:14:57,020] {processor.py:641} INFO - Processing file /opt/conda/lib/python3.8/site-packages/airflow/example_dags/example_sla_dag.py for tasks to queue
[2024-04-06 13:14:57,021] {logging_mixin.py:115} INFO - [2024-04-06 13:14:57,020] {dagbag.py:508} INFO - Filling up the DagBag from /opt/conda/lib/python3.8/site-packages/airflow/example_dags/example_sla_dag.py
[2024-04-06 13:14:57,041] {processor.py:651} INFO - DAG(s) dict_keys(['example_sla_dag']) retrieved from /opt/conda/lib/python3.8/site-packages/airflow/example_dags/example_sla_dag.py
[2024-04-06 13:14:57,058] {logging_mixin.py:115} INFO - [2024-04-06 13:14:57,058] {dag.py:2420} INFO - Sync 1 DAGs
[2024-04-06 13:14:57,080] {logging_mixin.py:115} INFO - [2024-04-06 13:14:57,080] {dag.py:2968} INFO - Setting next_dagrun for example_sla_dag to 2024-04-06T13:12:00+00:00, run_after=2024-04-06T13:14:00+00:00
[2024-04-06 13:14:57,107] {processor.py:161} INFO - Processing /opt/conda/lib/python3.8/site-packages/airflow/example_dags/example_sla_dag.py took 0.092 seconds
[2024-04-06 13:15:39,078] {processor.py:153} INFO - Started process (PID=4397) to work on /opt/conda/lib/python3.8/site-packages/airflow/example_dags/example_sla_dag.py
[2024-04-06 13:15:39,080] {processor.py:641} INFO - Processing file /opt/conda/lib/python3.8/site-packages/airflow/example_dags/example_sla_dag.py for tasks to queue
[2024-04-06 13:15:39,080] {logging_mixin.py:115} INFO - [2024-04-06 13:15:39,080] {dagbag.py:508} INFO - Filling up the DagBag from /opt/conda/lib/python3.8/site-packages/airflow/example_dags/example_sla_dag.py
[2024-04-06 13:15:39,099] {processor.py:651} INFO - DAG(s) dict_keys(['example_sla_dag']) retrieved from /opt/conda/lib/python3.8/site-packages/airflow/example_dags/example_sla_dag.py
[2024-04-06 13:15:39,113] {logging_mixin.py:115} INFO - [2024-04-06 13:15:39,113] {dag.py:2420} INFO - Sync 1 DAGs
[2024-04-06 13:15:39,130] {logging_mixin.py:115} INFO - [2024-04-06 13:15:39,130] {dag.py:2968} INFO - Setting next_dagrun for example_sla_dag to 2024-04-06T13:12:00+00:00, run_after=2024-04-06T13:14:00+00:00
[2024-04-06 13:15:39,152] {processor.py:161} INFO - Processing /opt/conda/lib/python3.8/site-packages/airflow/example_dags/example_sla_dag.py took 0.078 seconds
[2024-04-06 13:16:21,391] {processor.py:153} INFO - Started process (PID=4468) to work on /opt/conda/lib/python3.8/site-packages/airflow/example_dags/example_sla_dag.py
[2024-04-06 13:16:21,393] {processor.py:641} INFO - Processing file /opt/conda/lib/python3.8/site-packages/airflow/example_dags/example_sla_dag.py for tasks to queue
[2024-04-06 13:16:21,393] {logging_mixin.py:115} INFO - [2024-04-06 13:16:21,393] {dagbag.py:508} INFO - Filling up the DagBag from /opt/conda/lib/python3.8/site-packages/airflow/example_dags/example_sla_dag.py
[2024-04-06 13:16:21,414] {processor.py:651} INFO - DAG(s) dict_keys(['example_sla_dag']) retrieved from /opt/conda/lib/python3.8/site-packages/airflow/example_dags/example_sla_dag.py
[2024-04-06 13:16:21,430] {logging_mixin.py:115} INFO - [2024-04-06 13:16:21,430] {dag.py:2420} INFO - Sync 1 DAGs
[2024-04-06 13:16:21,453] {logging_mixin.py:115} INFO - [2024-04-06 13:16:21,453] {dag.py:2968} INFO - Setting next_dagrun for example_sla_dag to 2024-04-06T13:14:00+00:00, run_after=2024-04-06T13:16:00+00:00
[2024-04-06 13:16:21,476] {processor.py:161} INFO - Processing /opt/conda/lib/python3.8/site-packages/airflow/example_dags/example_sla_dag.py took 0.089 seconds
[2024-04-06 13:17:03,182] {processor.py:153} INFO - Started process (PID=4536) to work on /opt/conda/lib/python3.8/site-packages/airflow/example_dags/example_sla_dag.py
[2024-04-06 13:17:03,184] {processor.py:641} INFO - Processing file /opt/conda/lib/python3.8/site-packages/airflow/example_dags/example_sla_dag.py for tasks to queue
[2024-04-06 13:17:03,184] {logging_mixin.py:115} INFO - [2024-04-06 13:17:03,184] {dagbag.py:508} INFO - Filling up the DagBag from /opt/conda/lib/python3.8/site-packages/airflow/example_dags/example_sla_dag.py
[2024-04-06 13:17:03,203] {processor.py:651} INFO - DAG(s) dict_keys(['example_sla_dag']) retrieved from /opt/conda/lib/python3.8/site-packages/airflow/example_dags/example_sla_dag.py
[2024-04-06 13:17:03,216] {logging_mixin.py:115} INFO - [2024-04-06 13:17:03,216] {dag.py:2420} INFO - Sync 1 DAGs
[2024-04-06 13:17:03,232] {logging_mixin.py:115} INFO - [2024-04-06 13:17:03,232] {dag.py:2968} INFO - Setting next_dagrun for example_sla_dag to 2024-04-06T13:14:00+00:00, run_after=2024-04-06T13:16:00+00:00
[2024-04-06 13:17:03,251] {processor.py:161} INFO - Processing /opt/conda/lib/python3.8/site-packages/airflow/example_dags/example_sla_dag.py took 0.072 seconds
[2024-04-06 13:17:45,263] {processor.py:153} INFO - Started process (PID=4606) to work on /opt/conda/lib/python3.8/site-packages/airflow/example_dags/example_sla_dag.py
[2024-04-06 13:17:45,265] {processor.py:641} INFO - Processing file /opt/conda/lib/python3.8/site-packages/airflow/example_dags/example_sla_dag.py for tasks to queue
[2024-04-06 13:17:45,265] {logging_mixin.py:115} INFO - [2024-04-06 13:17:45,265] {dagbag.py:508} INFO - Filling up the DagBag from /opt/conda/lib/python3.8/site-packages/airflow/example_dags/example_sla_dag.py
[2024-04-06 13:17:45,285] {processor.py:651} INFO - DAG(s) dict_keys(['example_sla_dag']) retrieved from /opt/conda/lib/python3.8/site-packages/airflow/example_dags/example_sla_dag.py
[2024-04-06 13:17:45,302] {logging_mixin.py:115} INFO - [2024-04-06 13:17:45,302] {dag.py:2420} INFO - Sync 1 DAGs
[2024-04-06 13:17:45,323] {logging_mixin.py:115} INFO - [2024-04-06 13:17:45,323] {dag.py:2968} INFO - Setting next_dagrun for example_sla_dag to 2024-04-06T13:14:00+00:00, run_after=2024-04-06T13:16:00+00:00
[2024-04-06 13:17:45,343] {processor.py:161} INFO - Processing /opt/conda/lib/python3.8/site-packages/airflow/example_dags/example_sla_dag.py took 0.083 seconds
[2024-04-06 13:18:33,543] {processor.py:153} INFO - Started process (PID=4676) to work on /opt/conda/lib/python3.8/site-packages/airflow/example_dags/example_sla_dag.py
[2024-04-06 13:18:33,544] {processor.py:641} INFO - Processing file /opt/conda/lib/python3.8/site-packages/airflow/example_dags/example_sla_dag.py for tasks to queue
[2024-04-06 13:18:33,545] {logging_mixin.py:115} INFO - [2024-04-06 13:18:33,545] {dagbag.py:508} INFO - Filling up the DagBag from /opt/conda/lib/python3.8/site-packages/airflow/example_dags/example_sla_dag.py
[2024-04-06 13:18:33,565] {processor.py:651} INFO - DAG(s) dict_keys(['example_sla_dag']) retrieved from /opt/conda/lib/python3.8/site-packages/airflow/example_dags/example_sla_dag.py
[2024-04-06 13:18:33,581] {logging_mixin.py:115} INFO - [2024-04-06 13:18:33,581] {dag.py:2420} INFO - Sync 1 DAGs
[2024-04-06 13:18:33,604] {logging_mixin.py:115} INFO - [2024-04-06 13:18:33,604] {dag.py:2968} INFO - Setting next_dagrun for example_sla_dag to 2024-04-06T13:16:00+00:00, run_after=2024-04-06T13:18:00+00:00
[2024-04-06 13:18:33,709] {processor.py:161} INFO - Processing /opt/conda/lib/python3.8/site-packages/airflow/example_dags/example_sla_dag.py took 0.170 seconds
[2024-04-06 13:19:13,376] {processor.py:153} INFO - Started process (PID=4807) to work on /opt/conda/lib/python3.8/site-packages/airflow/example_dags/example_sla_dag.py
[2024-04-06 13:19:13,377] {processor.py:641} INFO - Processing file /opt/conda/lib/python3.8/site-packages/airflow/example_dags/example_sla_dag.py for tasks to queue
[2024-04-06 13:19:13,378] {logging_mixin.py:115} INFO - [2024-04-06 13:19:13,378] {dagbag.py:508} INFO - Filling up the DagBag from /opt/conda/lib/python3.8/site-packages/airflow/example_dags/example_sla_dag.py
[2024-04-06 13:19:13,398] {processor.py:651} INFO - DAG(s) dict_keys(['example_sla_dag']) retrieved from /opt/conda/lib/python3.8/site-packages/airflow/example_dags/example_sla_dag.py
[2024-04-06 13:19:13,415] {logging_mixin.py:115} INFO - [2024-04-06 13:19:13,414] {dag.py:2420} INFO - Sync 1 DAGs
[2024-04-06 13:19:13,437] {logging_mixin.py:115} INFO - [2024-04-06 13:19:13,437] {dag.py:2968} INFO - Setting next_dagrun for example_sla_dag to 2024-04-06T13:16:00+00:00, run_after=2024-04-06T13:18:00+00:00
[2024-04-06 13:19:13,459] {processor.py:161} INFO - Processing /opt/conda/lib/python3.8/site-packages/airflow/example_dags/example_sla_dag.py took 0.086 seconds
[2024-04-06 13:19:58,132] {processor.py:153} INFO - Started process (PID=4892) to work on /opt/conda/lib/python3.8/site-packages/airflow/example_dags/example_sla_dag.py
[2024-04-06 13:19:58,138] {processor.py:641} INFO - Processing file /opt/conda/lib/python3.8/site-packages/airflow/example_dags/example_sla_dag.py for tasks to queue
[2024-04-06 13:19:58,138] {logging_mixin.py:115} INFO - [2024-04-06 13:19:58,138] {dagbag.py:508} INFO - Filling up the DagBag from /opt/conda/lib/python3.8/site-packages/airflow/example_dags/example_sla_dag.py
[2024-04-06 13:19:58,158] {processor.py:651} INFO - DAG(s) dict_keys(['example_sla_dag']) retrieved from /opt/conda/lib/python3.8/site-packages/airflow/example_dags/example_sla_dag.py
[2024-04-06 13:19:58,175] {logging_mixin.py:115} INFO - [2024-04-06 13:19:58,175] {dag.py:2420} INFO - Sync 1 DAGs
[2024-04-06 13:19:58,193] {logging_mixin.py:115} INFO - [2024-04-06 13:19:58,193] {dag.py:2968} INFO - Setting next_dagrun for example_sla_dag to 2024-04-06T13:16:00+00:00, run_after=2024-04-06T13:18:00+00:00
[2024-04-06 13:19:58,214] {processor.py:161} INFO - Processing /opt/conda/lib/python3.8/site-packages/airflow/example_dags/example_sla_dag.py took 0.086 seconds
[2024-04-06 13:20:45,096] {processor.py:153} INFO - Started process (PID=4978) to work on /opt/conda/lib/python3.8/site-packages/airflow/example_dags/example_sla_dag.py
[2024-04-06 13:20:45,098] {processor.py:641} INFO - Processing file /opt/conda/lib/python3.8/site-packages/airflow/example_dags/example_sla_dag.py for tasks to queue
[2024-04-06 13:20:45,098] {logging_mixin.py:115} INFO - [2024-04-06 13:20:45,098] {dagbag.py:508} INFO - Filling up the DagBag from /opt/conda/lib/python3.8/site-packages/airflow/example_dags/example_sla_dag.py
[2024-04-06 13:20:45,119] {processor.py:651} INFO - DAG(s) dict_keys(['example_sla_dag']) retrieved from /opt/conda/lib/python3.8/site-packages/airflow/example_dags/example_sla_dag.py
[2024-04-06 13:20:45,135] {logging_mixin.py:115} INFO - [2024-04-06 13:20:45,135] {dag.py:2420} INFO - Sync 1 DAGs
[2024-04-06 13:20:45,157] {logging_mixin.py:115} INFO - [2024-04-06 13:20:45,157] {dag.py:2968} INFO - Setting next_dagrun for example_sla_dag to 2024-04-06T13:18:00+00:00, run_after=2024-04-06T13:20:00+00:00
[2024-04-06 13:20:45,180] {processor.py:161} INFO - Processing /opt/conda/lib/python3.8/site-packages/airflow/example_dags/example_sla_dag.py took 0.088 seconds
[2024-04-06 13:21:31,840] {processor.py:153} INFO - Started process (PID=5049) to work on /opt/conda/lib/python3.8/site-packages/airflow/example_dags/example_sla_dag.py
[2024-04-06 13:21:31,841] {processor.py:641} INFO - Processing file /opt/conda/lib/python3.8/site-packages/airflow/example_dags/example_sla_dag.py for tasks to queue
[2024-04-06 13:21:31,842] {logging_mixin.py:115} INFO - [2024-04-06 13:21:31,842] {dagbag.py:508} INFO - Filling up the DagBag from /opt/conda/lib/python3.8/site-packages/airflow/example_dags/example_sla_dag.py
[2024-04-06 13:21:31,861] {processor.py:651} INFO - DAG(s) dict_keys(['example_sla_dag']) retrieved from /opt/conda/lib/python3.8/site-packages/airflow/example_dags/example_sla_dag.py
[2024-04-06 13:21:31,874] {logging_mixin.py:115} INFO - [2024-04-06 13:21:31,874] {dag.py:2420} INFO - Sync 1 DAGs
[2024-04-06 13:21:31,892] {logging_mixin.py:115} INFO - [2024-04-06 13:21:31,892] {dag.py:2968} INFO - Setting next_dagrun for example_sla_dag to 2024-04-06T13:18:00+00:00, run_after=2024-04-06T13:20:00+00:00
[2024-04-06 13:21:31,921] {processor.py:161} INFO - Processing /opt/conda/lib/python3.8/site-packages/airflow/example_dags/example_sla_dag.py took 0.085 seconds
[2024-04-06 13:22:16,448] {processor.py:153} INFO - Started process (PID=5150) to work on /opt/conda/lib/python3.8/site-packages/airflow/example_dags/example_sla_dag.py
[2024-04-06 13:22:16,449] {processor.py:641} INFO - Processing file /opt/conda/lib/python3.8/site-packages/airflow/example_dags/example_sla_dag.py for tasks to queue
[2024-04-06 13:22:16,450] {logging_mixin.py:115} INFO - [2024-04-06 13:22:16,450] {dagbag.py:508} INFO - Filling up the DagBag from /opt/conda/lib/python3.8/site-packages/airflow/example_dags/example_sla_dag.py
[2024-04-06 13:22:16,470] {processor.py:651} INFO - DAG(s) dict_keys(['example_sla_dag']) retrieved from /opt/conda/lib/python3.8/site-packages/airflow/example_dags/example_sla_dag.py
[2024-04-06 13:22:16,487] {logging_mixin.py:115} INFO - [2024-04-06 13:22:16,486] {dag.py:2420} INFO - Sync 1 DAGs
[2024-04-06 13:22:16,507] {logging_mixin.py:115} INFO - [2024-04-06 13:22:16,507] {dag.py:2968} INFO - Setting next_dagrun for example_sla_dag to 2024-04-06T13:20:00+00:00, run_after=2024-04-06T13:22:00+00:00
[2024-04-06 13:22:16,527] {processor.py:161} INFO - Processing /opt/conda/lib/python3.8/site-packages/airflow/example_dags/example_sla_dag.py took 0.083 seconds
[2024-04-06 13:23:00,819] {processor.py:153} INFO - Started process (PID=5227) to work on /opt/conda/lib/python3.8/site-packages/airflow/example_dags/example_sla_dag.py
[2024-04-06 13:23:00,821] {processor.py:641} INFO - Processing file /opt/conda/lib/python3.8/site-packages/airflow/example_dags/example_sla_dag.py for tasks to queue
[2024-04-06 13:23:00,821] {logging_mixin.py:115} INFO - [2024-04-06 13:23:00,821] {dagbag.py:508} INFO - Filling up the DagBag from /opt/conda/lib/python3.8/site-packages/airflow/example_dags/example_sla_dag.py
[2024-04-06 13:23:00,842] {processor.py:651} INFO - DAG(s) dict_keys(['example_sla_dag']) retrieved from /opt/conda/lib/python3.8/site-packages/airflow/example_dags/example_sla_dag.py
[2024-04-06 13:23:00,859] {logging_mixin.py:115} INFO - [2024-04-06 13:23:00,858] {dag.py:2420} INFO - Sync 1 DAGs
[2024-04-06 13:23:00,882] {logging_mixin.py:115} INFO - [2024-04-06 13:23:00,882] {dag.py:2968} INFO - Setting next_dagrun for example_sla_dag to 2024-04-06T13:20:00+00:00, run_after=2024-04-06T13:22:00+00:00
[2024-04-06 13:23:00,906] {processor.py:161} INFO - Processing /opt/conda/lib/python3.8/site-packages/airflow/example_dags/example_sla_dag.py took 0.091 seconds
[2024-04-06 13:23:46,464] {processor.py:153} INFO - Started process (PID=5306) to work on /opt/conda/lib/python3.8/site-packages/airflow/example_dags/example_sla_dag.py
[2024-04-06 13:23:46,466] {processor.py:641} INFO - Processing file /opt/conda/lib/python3.8/site-packages/airflow/example_dags/example_sla_dag.py for tasks to queue
[2024-04-06 13:23:46,466] {logging_mixin.py:115} INFO - [2024-04-06 13:23:46,466] {dagbag.py:508} INFO - Filling up the DagBag from /opt/conda/lib/python3.8/site-packages/airflow/example_dags/example_sla_dag.py
[2024-04-06 13:23:46,487] {processor.py:651} INFO - DAG(s) dict_keys(['example_sla_dag']) retrieved from /opt/conda/lib/python3.8/site-packages/airflow/example_dags/example_sla_dag.py
[2024-04-06 13:23:46,503] {logging_mixin.py:115} INFO - [2024-04-06 13:23:46,503] {dag.py:2420} INFO - Sync 1 DAGs
[2024-04-06 13:23:46,526] {logging_mixin.py:115} INFO - [2024-04-06 13:23:46,526] {dag.py:2968} INFO - Setting next_dagrun for example_sla_dag to 2024-04-06T13:20:00+00:00, run_after=2024-04-06T13:22:00+00:00
[2024-04-06 13:23:46,707] {processor.py:161} INFO - Processing /opt/conda/lib/python3.8/site-packages/airflow/example_dags/example_sla_dag.py took 0.247 seconds
[2024-04-06 13:24:36,684] {processor.py:153} INFO - Started process (PID=5406) to work on /opt/conda/lib/python3.8/site-packages/airflow/example_dags/example_sla_dag.py
[2024-04-06 13:24:36,686] {processor.py:641} INFO - Processing file /opt/conda/lib/python3.8/site-packages/airflow/example_dags/example_sla_dag.py for tasks to queue
[2024-04-06 13:24:36,686] {logging_mixin.py:115} INFO - [2024-04-06 13:24:36,686] {dagbag.py:508} INFO - Filling up the DagBag from /opt/conda/lib/python3.8/site-packages/airflow/example_dags/example_sla_dag.py
[2024-04-06 13:24:36,707] {processor.py:651} INFO - DAG(s) dict_keys(['example_sla_dag']) retrieved from /opt/conda/lib/python3.8/site-packages/airflow/example_dags/example_sla_dag.py
[2024-04-06 13:24:36,723] {logging_mixin.py:115} INFO - [2024-04-06 13:24:36,723] {dag.py:2420} INFO - Sync 1 DAGs
[2024-04-06 13:24:36,742] {logging_mixin.py:115} INFO - [2024-04-06 13:24:36,742] {dag.py:2968} INFO - Setting next_dagrun for example_sla_dag to 2024-04-06T13:22:00+00:00, run_after=2024-04-06T13:24:00+00:00
[2024-04-06 13:24:36,767] {processor.py:161} INFO - Processing /opt/conda/lib/python3.8/site-packages/airflow/example_dags/example_sla_dag.py took 0.086 seconds
[2024-04-06 13:25:22,006] {processor.py:153} INFO - Started process (PID=5486) to work on /opt/conda/lib/python3.8/site-packages/airflow/example_dags/example_sla_dag.py
[2024-04-06 13:25:22,009] {processor.py:641} INFO - Processing file /opt/conda/lib/python3.8/site-packages/airflow/example_dags/example_sla_dag.py for tasks to queue
[2024-04-06 13:25:22,009] {logging_mixin.py:115} INFO - [2024-04-06 13:25:22,009] {dagbag.py:508} INFO - Filling up the DagBag from /opt/conda/lib/python3.8/site-packages/airflow/example_dags/example_sla_dag.py
[2024-04-06 13:25:22,028] {processor.py:651} INFO - DAG(s) dict_keys(['example_sla_dag']) retrieved from /opt/conda/lib/python3.8/site-packages/airflow/example_dags/example_sla_dag.py
[2024-04-06 13:25:22,041] {logging_mixin.py:115} INFO - [2024-04-06 13:25:22,041] {dag.py:2420} INFO - Sync 1 DAGs
[2024-04-06 13:25:22,058] {logging_mixin.py:115} INFO - [2024-04-06 13:25:22,058] {dag.py:2968} INFO - Setting next_dagrun for example_sla_dag to 2024-04-06T13:22:00+00:00, run_after=2024-04-06T13:24:00+00:00
[2024-04-06 13:25:22,080] {processor.py:161} INFO - Processing /opt/conda/lib/python3.8/site-packages/airflow/example_dags/example_sla_dag.py took 0.077 seconds
[2024-04-06 13:26:05,255] {processor.py:153} INFO - Started process (PID=5557) to work on /opt/conda/lib/python3.8/site-packages/airflow/example_dags/example_sla_dag.py
[2024-04-06 13:26:05,256] {processor.py:641} INFO - Processing file /opt/conda/lib/python3.8/site-packages/airflow/example_dags/example_sla_dag.py for tasks to queue
[2024-04-06 13:26:05,257] {logging_mixin.py:115} INFO - [2024-04-06 13:26:05,257] {dagbag.py:508} INFO - Filling up the DagBag from /opt/conda/lib/python3.8/site-packages/airflow/example_dags/example_sla_dag.py
[2024-04-06 13:26:05,276] {processor.py:651} INFO - DAG(s) dict_keys(['example_sla_dag']) retrieved from /opt/conda/lib/python3.8/site-packages/airflow/example_dags/example_sla_dag.py
[2024-04-06 13:26:05,292] {logging_mixin.py:115} INFO - [2024-04-06 13:26:05,291] {dag.py:2420} INFO - Sync 1 DAGs
[2024-04-06 13:26:05,314] {logging_mixin.py:115} INFO - [2024-04-06 13:26:05,314] {dag.py:2968} INFO - Setting next_dagrun for example_sla_dag to 2024-04-06T13:24:00+00:00, run_after=2024-04-06T13:26:00+00:00
[2024-04-06 13:26:05,340] {processor.py:161} INFO - Processing /opt/conda/lib/python3.8/site-packages/airflow/example_dags/example_sla_dag.py took 0.088 seconds
[2024-04-06 13:26:44,929] {processor.py:153} INFO - Started process (PID=5624) to work on /opt/conda/lib/python3.8/site-packages/airflow/example_dags/example_sla_dag.py
[2024-04-06 13:26:44,931] {processor.py:641} INFO - Processing file /opt/conda/lib/python3.8/site-packages/airflow/example_dags/example_sla_dag.py for tasks to queue
[2024-04-06 13:26:44,931] {logging_mixin.py:115} INFO - [2024-04-06 13:26:44,931] {dagbag.py:508} INFO - Filling up the DagBag from /opt/conda/lib/python3.8/site-packages/airflow/example_dags/example_sla_dag.py
[2024-04-06 13:26:44,950] {processor.py:651} INFO - DAG(s) dict_keys(['example_sla_dag']) retrieved from /opt/conda/lib/python3.8/site-packages/airflow/example_dags/example_sla_dag.py
[2024-04-06 13:26:44,963] {logging_mixin.py:115} INFO - [2024-04-06 13:26:44,963] {dag.py:2420} INFO - Sync 1 DAGs
[2024-04-06 13:26:44,980] {logging_mixin.py:115} INFO - [2024-04-06 13:26:44,980] {dag.py:2968} INFO - Setting next_dagrun for example_sla_dag to 2024-04-06T13:24:00+00:00, run_after=2024-04-06T13:26:00+00:00
[2024-04-06 13:26:45,084] {processor.py:161} INFO - Processing /opt/conda/lib/python3.8/site-packages/airflow/example_dags/example_sla_dag.py took 0.158 seconds
[2024-04-06 13:27:29,912] {processor.py:153} INFO - Started process (PID=5694) to work on /opt/conda/lib/python3.8/site-packages/airflow/example_dags/example_sla_dag.py
[2024-04-06 13:27:29,913] {processor.py:641} INFO - Processing file /opt/conda/lib/python3.8/site-packages/airflow/example_dags/example_sla_dag.py for tasks to queue
[2024-04-06 13:27:29,914] {logging_mixin.py:115} INFO - [2024-04-06 13:27:29,914] {dagbag.py:508} INFO - Filling up the DagBag from /opt/conda/lib/python3.8/site-packages/airflow/example_dags/example_sla_dag.py
[2024-04-06 13:27:29,934] {processor.py:651} INFO - DAG(s) dict_keys(['example_sla_dag']) retrieved from /opt/conda/lib/python3.8/site-packages/airflow/example_dags/example_sla_dag.py
[2024-04-06 13:27:29,950] {logging_mixin.py:115} INFO - [2024-04-06 13:27:29,950] {dag.py:2420} INFO - Sync 1 DAGs
[2024-04-06 13:27:29,973] {logging_mixin.py:115} INFO - [2024-04-06 13:27:29,973] {dag.py:2968} INFO - Setting next_dagrun for example_sla_dag to 2024-04-06T13:24:00+00:00, run_after=2024-04-06T13:26:00+00:00
[2024-04-06 13:27:29,993] {processor.py:161} INFO - Processing /opt/conda/lib/python3.8/site-packages/airflow/example_dags/example_sla_dag.py took 0.084 seconds
[2024-04-06 13:28:18,739] {processor.py:153} INFO - Started process (PID=5779) to work on /opt/conda/lib/python3.8/site-packages/airflow/example_dags/example_sla_dag.py
[2024-04-06 13:28:18,741] {processor.py:641} INFO - Processing file /opt/conda/lib/python3.8/site-packages/airflow/example_dags/example_sla_dag.py for tasks to queue
[2024-04-06 13:28:18,741] {logging_mixin.py:115} INFO - [2024-04-06 13:28:18,741] {dagbag.py:508} INFO - Filling up the DagBag from /opt/conda/lib/python3.8/site-packages/airflow/example_dags/example_sla_dag.py
[2024-04-06 13:28:18,763] {processor.py:651} INFO - DAG(s) dict_keys(['example_sla_dag']) retrieved from /opt/conda/lib/python3.8/site-packages/airflow/example_dags/example_sla_dag.py
[2024-04-06 13:28:18,781] {logging_mixin.py:115} INFO - [2024-04-06 13:28:18,781] {dag.py:2420} INFO - Sync 1 DAGs
[2024-04-06 13:28:18,805] {logging_mixin.py:115} INFO - [2024-04-06 13:28:18,805] {dag.py:2968} INFO - Setting next_dagrun for example_sla_dag to 2024-04-06T13:26:00+00:00, run_after=2024-04-06T13:28:00+00:00
[2024-04-06 13:28:18,830] {processor.py:161} INFO - Processing /opt/conda/lib/python3.8/site-packages/airflow/example_dags/example_sla_dag.py took 0.095 seconds
[2024-04-06 13:29:09,743] {processor.py:153} INFO - Started process (PID=5870) to work on /opt/conda/lib/python3.8/site-packages/airflow/example_dags/example_sla_dag.py
[2024-04-06 13:29:09,744] {processor.py:641} INFO - Processing file /opt/conda/lib/python3.8/site-packages/airflow/example_dags/example_sla_dag.py for tasks to queue
[2024-04-06 13:29:09,745] {logging_mixin.py:115} INFO - [2024-04-06 13:29:09,745] {dagbag.py:508} INFO - Filling up the DagBag from /opt/conda/lib/python3.8/site-packages/airflow/example_dags/example_sla_dag.py
[2024-04-06 13:29:09,765] {processor.py:651} INFO - DAG(s) dict_keys(['example_sla_dag']) retrieved from /opt/conda/lib/python3.8/site-packages/airflow/example_dags/example_sla_dag.py
[2024-04-06 13:29:09,782] {logging_mixin.py:115} INFO - [2024-04-06 13:29:09,782] {dag.py:2420} INFO - Sync 1 DAGs
[2024-04-06 13:29:09,805] {logging_mixin.py:115} INFO - [2024-04-06 13:29:09,805] {dag.py:2968} INFO - Setting next_dagrun for example_sla_dag to 2024-04-06T13:26:00+00:00, run_after=2024-04-06T13:28:00+00:00
[2024-04-06 13:29:09,827] {processor.py:161} INFO - Processing /opt/conda/lib/python3.8/site-packages/airflow/example_dags/example_sla_dag.py took 0.088 seconds
[2024-04-06 13:30:00,436] {processor.py:153} INFO - Started process (PID=5970) to work on /opt/conda/lib/python3.8/site-packages/airflow/example_dags/example_sla_dag.py
[2024-04-06 13:30:00,438] {processor.py:641} INFO - Processing file /opt/conda/lib/python3.8/site-packages/airflow/example_dags/example_sla_dag.py for tasks to queue
[2024-04-06 13:30:00,438] {logging_mixin.py:115} INFO - [2024-04-06 13:30:00,438] {dagbag.py:508} INFO - Filling up the DagBag from /opt/conda/lib/python3.8/site-packages/airflow/example_dags/example_sla_dag.py
[2024-04-06 13:30:00,459] {processor.py:651} INFO - DAG(s) dict_keys(['example_sla_dag']) retrieved from /opt/conda/lib/python3.8/site-packages/airflow/example_dags/example_sla_dag.py
[2024-04-06 13:30:00,475] {logging_mixin.py:115} INFO - [2024-04-06 13:30:00,475] {dag.py:2420} INFO - Sync 1 DAGs
[2024-04-06 13:30:00,498] {logging_mixin.py:115} INFO - [2024-04-06 13:30:00,498] {dag.py:2968} INFO - Setting next_dagrun for example_sla_dag to 2024-04-06T13:28:00+00:00, run_after=2024-04-06T13:30:00+00:00
[2024-04-06 13:30:00,704] {processor.py:161} INFO - Processing /opt/conda/lib/python3.8/site-packages/airflow/example_dags/example_sla_dag.py took 0.271 seconds
[2024-04-06 13:30:45,996] {processor.py:153} INFO - Started process (PID=6046) to work on /opt/conda/lib/python3.8/site-packages/airflow/example_dags/example_sla_dag.py
[2024-04-06 13:30:45,998] {processor.py:641} INFO - Processing file /opt/conda/lib/python3.8/site-packages/airflow/example_dags/example_sla_dag.py for tasks to queue
[2024-04-06 13:30:45,998] {logging_mixin.py:115} INFO - [2024-04-06 13:30:45,998] {dagbag.py:508} INFO - Filling up the DagBag from /opt/conda/lib/python3.8/site-packages/airflow/example_dags/example_sla_dag.py
[2024-04-06 13:30:46,019] {processor.py:651} INFO - DAG(s) dict_keys(['example_sla_dag']) retrieved from /opt/conda/lib/python3.8/site-packages/airflow/example_dags/example_sla_dag.py
[2024-04-06 13:30:46,037] {logging_mixin.py:115} INFO - [2024-04-06 13:30:46,037] {dag.py:2420} INFO - Sync 1 DAGs
[2024-04-06 13:30:46,060] {logging_mixin.py:115} INFO - [2024-04-06 13:30:46,060] {dag.py:2968} INFO - Setting next_dagrun for example_sla_dag to 2024-04-06T13:28:00+00:00, run_after=2024-04-06T13:30:00+00:00
[2024-04-06 13:30:46,290] {processor.py:161} INFO - Processing /opt/conda/lib/python3.8/site-packages/airflow/example_dags/example_sla_dag.py took 0.298 seconds
[2024-04-06 13:31:38,579] {processor.py:153} INFO - Started process (PID=6137) to work on /opt/conda/lib/python3.8/site-packages/airflow/example_dags/example_sla_dag.py
[2024-04-06 13:31:38,581] {processor.py:641} INFO - Processing file /opt/conda/lib/python3.8/site-packages/airflow/example_dags/example_sla_dag.py for tasks to queue
[2024-04-06 13:31:38,582] {logging_mixin.py:115} INFO - [2024-04-06 13:31:38,581] {dagbag.py:508} INFO - Filling up the DagBag from /opt/conda/lib/python3.8/site-packages/airflow/example_dags/example_sla_dag.py
[2024-04-06 13:31:38,600] {processor.py:651} INFO - DAG(s) dict_keys(['example_sla_dag']) retrieved from /opt/conda/lib/python3.8/site-packages/airflow/example_dags/example_sla_dag.py
[2024-04-06 13:31:38,613] {logging_mixin.py:115} INFO - [2024-04-06 13:31:38,613] {dag.py:2420} INFO - Sync 1 DAGs
[2024-04-06 13:31:38,630] {logging_mixin.py:115} INFO - [2024-04-06 13:31:38,630] {dag.py:2968} INFO - Setting next_dagrun for example_sla_dag to 2024-04-06T13:28:00+00:00, run_after=2024-04-06T13:30:00+00:00
[2024-04-06 13:31:38,650] {processor.py:161} INFO - Processing /opt/conda/lib/python3.8/site-packages/airflow/example_dags/example_sla_dag.py took 0.074 seconds
[2024-04-06 13:33:58,012] {processor.py:153} INFO - Started process (PID=6478) to work on /opt/conda/lib/python3.8/site-packages/airflow/example_dags/example_sla_dag.py
[2024-04-06 13:33:58,013] {processor.py:641} INFO - Processing file /opt/conda/lib/python3.8/site-packages/airflow/example_dags/example_sla_dag.py for tasks to queue
[2024-04-06 13:33:58,014] {logging_mixin.py:115} INFO - [2024-04-06 13:33:58,014] {dagbag.py:508} INFO - Filling up the DagBag from /opt/conda/lib/python3.8/site-packages/airflow/example_dags/example_sla_dag.py
[2024-04-06 13:33:58,152] {processor.py:651} INFO - DAG(s) dict_keys(['example_sla_dag']) retrieved from /opt/conda/lib/python3.8/site-packages/airflow/example_dags/example_sla_dag.py
[2024-04-06 13:33:58,160] {logging_mixin.py:115} INFO - [2024-04-06 13:33:58,160] {dag.py:2420} INFO - Sync 1 DAGs
[2024-04-06 13:33:58,174] {logging_mixin.py:115} INFO - [2024-04-06 13:33:58,174] {dag.py:2968} INFO - Setting next_dagrun for example_sla_dag to 2024-04-06T13:30:00+00:00, run_after=2024-04-06T13:32:00+00:00
[2024-04-06 13:33:58,193] {processor.py:161} INFO - Processing /opt/conda/lib/python3.8/site-packages/airflow/example_dags/example_sla_dag.py took 0.185 seconds
[2024-04-06 13:35:06,139] {processor.py:153} INFO - Started process (PID=6613) to work on /opt/conda/lib/python3.8/site-packages/airflow/example_dags/example_sla_dag.py
[2024-04-06 13:35:06,141] {processor.py:641} INFO - Processing file /opt/conda/lib/python3.8/site-packages/airflow/example_dags/example_sla_dag.py for tasks to queue
[2024-04-06 13:35:06,142] {logging_mixin.py:115} INFO - [2024-04-06 13:35:06,142] {dagbag.py:508} INFO - Filling up the DagBag from /opt/conda/lib/python3.8/site-packages/airflow/example_dags/example_sla_dag.py
[2024-04-06 13:35:06,273] {processor.py:651} INFO - DAG(s) dict_keys(['example_sla_dag']) retrieved from /opt/conda/lib/python3.8/site-packages/airflow/example_dags/example_sla_dag.py
[2024-04-06 13:35:06,281] {logging_mixin.py:115} INFO - [2024-04-06 13:35:06,281] {dag.py:2420} INFO - Sync 1 DAGs
[2024-04-06 13:35:06,295] {logging_mixin.py:115} INFO - [2024-04-06 13:35:06,295] {dag.py:2968} INFO - Setting next_dagrun for example_sla_dag to 2024-04-06T13:32:00+00:00, run_after=2024-04-06T13:34:00+00:00
[2024-04-06 13:35:06,322] {processor.py:161} INFO - Processing /opt/conda/lib/python3.8/site-packages/airflow/example_dags/example_sla_dag.py took 0.186 seconds
[2024-04-06 13:36:15,435] {processor.py:153} INFO - Started process (PID=6766) to work on /opt/conda/lib/python3.8/site-packages/airflow/example_dags/example_sla_dag.py
[2024-04-06 13:36:15,438] {processor.py:641} INFO - Processing file /opt/conda/lib/python3.8/site-packages/airflow/example_dags/example_sla_dag.py for tasks to queue
[2024-04-06 13:36:15,438] {logging_mixin.py:115} INFO - [2024-04-06 13:36:15,438] {dagbag.py:508} INFO - Filling up the DagBag from /opt/conda/lib/python3.8/site-packages/airflow/example_dags/example_sla_dag.py
[2024-04-06 13:36:15,594] {processor.py:651} INFO - DAG(s) dict_keys(['example_sla_dag']) retrieved from /opt/conda/lib/python3.8/site-packages/airflow/example_dags/example_sla_dag.py
[2024-04-06 13:36:15,703] {logging_mixin.py:115} INFO - [2024-04-06 13:36:15,703] {dag.py:2420} INFO - Sync 1 DAGs
[2024-04-06 13:36:15,807] {logging_mixin.py:115} INFO - [2024-04-06 13:36:15,807] {dag.py:2968} INFO - Setting next_dagrun for example_sla_dag to 2024-04-06T13:34:00+00:00, run_after=2024-04-06T13:36:00+00:00
[2024-04-06 13:36:16,319] {processor.py:161} INFO - Processing /opt/conda/lib/python3.8/site-packages/airflow/example_dags/example_sla_dag.py took 0.888 seconds
[2024-04-06 13:37:39,396] {processor.py:153} INFO - Started process (PID=6954) to work on /opt/conda/lib/python3.8/site-packages/airflow/example_dags/example_sla_dag.py
[2024-04-06 13:37:39,397] {processor.py:641} INFO - Processing file /opt/conda/lib/python3.8/site-packages/airflow/example_dags/example_sla_dag.py for tasks to queue
[2024-04-06 13:37:39,398] {logging_mixin.py:115} INFO - [2024-04-06 13:37:39,398] {dagbag.py:508} INFO - Filling up the DagBag from /opt/conda/lib/python3.8/site-packages/airflow/example_dags/example_sla_dag.py
[2024-04-06 13:37:39,528] {processor.py:651} INFO - DAG(s) dict_keys(['example_sla_dag']) retrieved from /opt/conda/lib/python3.8/site-packages/airflow/example_dags/example_sla_dag.py
[2024-04-06 13:37:39,536] {logging_mixin.py:115} INFO - [2024-04-06 13:37:39,536] {dag.py:2420} INFO - Sync 1 DAGs
[2024-04-06 13:37:39,550] {logging_mixin.py:115} INFO - [2024-04-06 13:37:39,550] {dag.py:2968} INFO - Setting next_dagrun for example_sla_dag to 2024-04-06T13:34:00+00:00, run_after=2024-04-06T13:36:00+00:00
[2024-04-06 13:37:39,568] {processor.py:161} INFO - Processing /opt/conda/lib/python3.8/site-packages/airflow/example_dags/example_sla_dag.py took 0.175 seconds
[2024-04-06 13:38:37,240] {processor.py:153} INFO - Started process (PID=7071) to work on /opt/conda/lib/python3.8/site-packages/airflow/example_dags/example_sla_dag.py
[2024-04-06 13:38:37,241] {processor.py:641} INFO - Processing file /opt/conda/lib/python3.8/site-packages/airflow/example_dags/example_sla_dag.py for tasks to queue
[2024-04-06 13:38:37,242] {logging_mixin.py:115} INFO - [2024-04-06 13:38:37,242] {dagbag.py:508} INFO - Filling up the DagBag from /opt/conda/lib/python3.8/site-packages/airflow/example_dags/example_sla_dag.py
[2024-04-06 13:38:37,378] {processor.py:651} INFO - DAG(s) dict_keys(['example_sla_dag']) retrieved from /opt/conda/lib/python3.8/site-packages/airflow/example_dags/example_sla_dag.py
[2024-04-06 13:38:37,387] {logging_mixin.py:115} INFO - [2024-04-06 13:38:37,386] {dag.py:2420} INFO - Sync 1 DAGs
[2024-04-06 13:38:37,401] {logging_mixin.py:115} INFO - [2024-04-06 13:38:37,400] {dag.py:2968} INFO - Setting next_dagrun for example_sla_dag to 2024-04-06T13:36:00+00:00, run_after=2024-04-06T13:38:00+00:00
[2024-04-06 13:38:37,420] {processor.py:161} INFO - Processing /opt/conda/lib/python3.8/site-packages/airflow/example_dags/example_sla_dag.py took 0.184 seconds
[2024-04-06 13:39:32,266] {processor.py:153} INFO - Started process (PID=7193) to work on /opt/conda/lib/python3.8/site-packages/airflow/example_dags/example_sla_dag.py
[2024-04-06 13:39:32,268] {processor.py:641} INFO - Processing file /opt/conda/lib/python3.8/site-packages/airflow/example_dags/example_sla_dag.py for tasks to queue
[2024-04-06 13:39:32,268] {logging_mixin.py:115} INFO - [2024-04-06 13:39:32,268] {dagbag.py:508} INFO - Filling up the DagBag from /opt/conda/lib/python3.8/site-packages/airflow/example_dags/example_sla_dag.py
[2024-04-06 13:39:32,399] {processor.py:651} INFO - DAG(s) dict_keys(['example_sla_dag']) retrieved from /opt/conda/lib/python3.8/site-packages/airflow/example_dags/example_sla_dag.py
[2024-04-06 13:39:32,407] {logging_mixin.py:115} INFO - [2024-04-06 13:39:32,407] {dag.py:2420} INFO - Sync 1 DAGs
[2024-04-06 13:39:32,421] {logging_mixin.py:115} INFO - [2024-04-06 13:39:32,421] {dag.py:2968} INFO - Setting next_dagrun for example_sla_dag to 2024-04-06T13:36:00+00:00, run_after=2024-04-06T13:38:00+00:00
[2024-04-06 13:39:32,440] {processor.py:161} INFO - Processing /opt/conda/lib/python3.8/site-packages/airflow/example_dags/example_sla_dag.py took 0.178 seconds
[2024-04-06 13:40:31,988] {processor.py:153} INFO - Started process (PID=7305) to work on /opt/conda/lib/python3.8/site-packages/airflow/example_dags/example_sla_dag.py
[2024-04-06 13:40:31,990] {processor.py:641} INFO - Processing file /opt/conda/lib/python3.8/site-packages/airflow/example_dags/example_sla_dag.py for tasks to queue
[2024-04-06 13:40:31,990] {logging_mixin.py:115} INFO - [2024-04-06 13:40:31,990] {dagbag.py:508} INFO - Filling up the DagBag from /opt/conda/lib/python3.8/site-packages/airflow/example_dags/example_sla_dag.py
[2024-04-06 13:40:32,132] {processor.py:651} INFO - DAG(s) dict_keys(['example_sla_dag']) retrieved from /opt/conda/lib/python3.8/site-packages/airflow/example_dags/example_sla_dag.py
[2024-04-06 13:40:32,141] {logging_mixin.py:115} INFO - [2024-04-06 13:40:32,141] {dag.py:2420} INFO - Sync 1 DAGs
[2024-04-06 13:40:32,154] {logging_mixin.py:115} INFO - [2024-04-06 13:40:32,154] {dag.py:2968} INFO - Setting next_dagrun for example_sla_dag to 2024-04-06T13:38:00+00:00, run_after=2024-04-06T13:40:00+00:00
[2024-04-06 13:40:32,387] {processor.py:161} INFO - Processing /opt/conda/lib/python3.8/site-packages/airflow/example_dags/example_sla_dag.py took 0.403 seconds
[2024-04-06 13:41:28,407] {processor.py:153} INFO - Started process (PID=7415) to work on /opt/conda/lib/python3.8/site-packages/airflow/example_dags/example_sla_dag.py
[2024-04-06 13:41:28,409] {processor.py:641} INFO - Processing file /opt/conda/lib/python3.8/site-packages/airflow/example_dags/example_sla_dag.py for tasks to queue
[2024-04-06 13:41:28,409] {logging_mixin.py:115} INFO - [2024-04-06 13:41:28,409] {dagbag.py:508} INFO - Filling up the DagBag from /opt/conda/lib/python3.8/site-packages/airflow/example_dags/example_sla_dag.py
[2024-04-06 13:41:28,538] {processor.py:651} INFO - DAG(s) dict_keys(['example_sla_dag']) retrieved from /opt/conda/lib/python3.8/site-packages/airflow/example_dags/example_sla_dag.py
[2024-04-06 13:41:28,546] {logging_mixin.py:115} INFO - [2024-04-06 13:41:28,546] {dag.py:2420} INFO - Sync 1 DAGs
[2024-04-06 13:41:28,559] {logging_mixin.py:115} INFO - [2024-04-06 13:41:28,559] {dag.py:2968} INFO - Setting next_dagrun for example_sla_dag to 2024-04-06T13:38:00+00:00, run_after=2024-04-06T13:40:00+00:00
[2024-04-06 13:41:28,578] {processor.py:161} INFO - Processing /opt/conda/lib/python3.8/site-packages/airflow/example_dags/example_sla_dag.py took 0.174 seconds
[2024-04-06 13:42:33,600] {processor.py:153} INFO - Started process (PID=7543) to work on /opt/conda/lib/python3.8/site-packages/airflow/example_dags/example_sla_dag.py
[2024-04-06 13:42:33,603] {processor.py:641} INFO - Processing file /opt/conda/lib/python3.8/site-packages/airflow/example_dags/example_sla_dag.py for tasks to queue
[2024-04-06 13:42:33,603] {logging_mixin.py:115} INFO - [2024-04-06 13:42:33,603] {dagbag.py:508} INFO - Filling up the DagBag from /opt/conda/lib/python3.8/site-packages/airflow/example_dags/example_sla_dag.py
[2024-04-06 13:42:33,732] {processor.py:651} INFO - DAG(s) dict_keys(['example_sla_dag']) retrieved from /opt/conda/lib/python3.8/site-packages/airflow/example_dags/example_sla_dag.py
[2024-04-06 13:42:33,740] {logging_mixin.py:115} INFO - [2024-04-06 13:42:33,740] {dag.py:2420} INFO - Sync 1 DAGs
[2024-04-06 13:42:33,753] {logging_mixin.py:115} INFO - [2024-04-06 13:42:33,753] {dag.py:2968} INFO - Setting next_dagrun for example_sla_dag to 2024-04-06T13:40:00+00:00, run_after=2024-04-06T13:42:00+00:00
[2024-04-06 13:42:34,214] {processor.py:161} INFO - Processing /opt/conda/lib/python3.8/site-packages/airflow/example_dags/example_sla_dag.py took 0.617 seconds
[2024-04-06 13:43:43,868] {processor.py:153} INFO - Started process (PID=7673) to work on /opt/conda/lib/python3.8/site-packages/airflow/example_dags/example_sla_dag.py
[2024-04-06 13:43:43,870] {processor.py:641} INFO - Processing file /opt/conda/lib/python3.8/site-packages/airflow/example_dags/example_sla_dag.py for tasks to queue
[2024-04-06 13:43:43,870] {logging_mixin.py:115} INFO - [2024-04-06 13:43:43,870] {dagbag.py:508} INFO - Filling up the DagBag from /opt/conda/lib/python3.8/site-packages/airflow/example_dags/example_sla_dag.py
[2024-04-06 13:43:43,997] {processor.py:651} INFO - DAG(s) dict_keys(['example_sla_dag']) retrieved from /opt/conda/lib/python3.8/site-packages/airflow/example_dags/example_sla_dag.py
[2024-04-06 13:43:44,004] {logging_mixin.py:115} INFO - [2024-04-06 13:43:44,004] {dag.py:2420} INFO - Sync 1 DAGs
[2024-04-06 13:43:44,017] {logging_mixin.py:115} INFO - [2024-04-06 13:43:44,017] {dag.py:2968} INFO - Setting next_dagrun for example_sla_dag to 2024-04-06T13:40:00+00:00, run_after=2024-04-06T13:42:00+00:00
[2024-04-06 13:43:44,036] {processor.py:161} INFO - Processing /opt/conda/lib/python3.8/site-packages/airflow/example_dags/example_sla_dag.py took 0.171 seconds
[2024-04-06 13:44:40,626] {processor.py:153} INFO - Started process (PID=7781) to work on /opt/conda/lib/python3.8/site-packages/airflow/example_dags/example_sla_dag.py
[2024-04-06 13:44:40,628] {processor.py:641} INFO - Processing file /opt/conda/lib/python3.8/site-packages/airflow/example_dags/example_sla_dag.py for tasks to queue
[2024-04-06 13:44:40,629] {logging_mixin.py:115} INFO - [2024-04-06 13:44:40,629] {dagbag.py:508} INFO - Filling up the DagBag from /opt/conda/lib/python3.8/site-packages/airflow/example_dags/example_sla_dag.py
[2024-04-06 13:44:40,763] {processor.py:651} INFO - DAG(s) dict_keys(['example_sla_dag']) retrieved from /opt/conda/lib/python3.8/site-packages/airflow/example_dags/example_sla_dag.py
[2024-04-06 13:44:40,772] {logging_mixin.py:115} INFO - [2024-04-06 13:44:40,772] {dag.py:2420} INFO - Sync 1 DAGs
[2024-04-06 13:44:40,785] {logging_mixin.py:115} INFO - [2024-04-06 13:44:40,785] {dag.py:2968} INFO - Setting next_dagrun for example_sla_dag to 2024-04-06T13:42:00+00:00, run_after=2024-04-06T13:44:00+00:00
[2024-04-06 13:44:40,855] {processor.py:161} INFO - Processing /opt/conda/lib/python3.8/site-packages/airflow/example_dags/example_sla_dag.py took 0.233 seconds
[2024-04-06 13:45:35,868] {processor.py:153} INFO - Started process (PID=7888) to work on /opt/conda/lib/python3.8/site-packages/airflow/example_dags/example_sla_dag.py
[2024-04-06 13:45:35,870] {processor.py:641} INFO - Processing file /opt/conda/lib/python3.8/site-packages/airflow/example_dags/example_sla_dag.py for tasks to queue
[2024-04-06 13:45:35,870] {logging_mixin.py:115} INFO - [2024-04-06 13:45:35,870] {dagbag.py:508} INFO - Filling up the DagBag from /opt/conda/lib/python3.8/site-packages/airflow/example_dags/example_sla_dag.py
[2024-04-06 13:45:36,007] {processor.py:651} INFO - DAG(s) dict_keys(['example_sla_dag']) retrieved from /opt/conda/lib/python3.8/site-packages/airflow/example_dags/example_sla_dag.py
[2024-04-06 13:45:36,015] {logging_mixin.py:115} INFO - [2024-04-06 13:45:36,015] {dag.py:2420} INFO - Sync 1 DAGs
[2024-04-06 13:45:36,028] {logging_mixin.py:115} INFO - [2024-04-06 13:45:36,028] {dag.py:2968} INFO - Setting next_dagrun for example_sla_dag to 2024-04-06T13:42:00+00:00, run_after=2024-04-06T13:44:00+00:00
[2024-04-06 13:45:36,048] {processor.py:161} INFO - Processing /opt/conda/lib/python3.8/site-packages/airflow/example_dags/example_sla_dag.py took 0.184 seconds
[2024-04-06 13:46:24,344] {processor.py:153} INFO - Started process (PID=7993) to work on /opt/conda/lib/python3.8/site-packages/airflow/example_dags/example_sla_dag.py
[2024-04-06 13:46:24,345] {processor.py:641} INFO - Processing file /opt/conda/lib/python3.8/site-packages/airflow/example_dags/example_sla_dag.py for tasks to queue
[2024-04-06 13:46:24,346] {logging_mixin.py:115} INFO - [2024-04-06 13:46:24,346] {dagbag.py:508} INFO - Filling up the DagBag from /opt/conda/lib/python3.8/site-packages/airflow/example_dags/example_sla_dag.py
[2024-04-06 13:46:24,366] {processor.py:651} INFO - DAG(s) dict_keys(['example_sla_dag']) retrieved from /opt/conda/lib/python3.8/site-packages/airflow/example_dags/example_sla_dag.py
[2024-04-06 13:46:24,383] {logging_mixin.py:115} INFO - [2024-04-06 13:46:24,383] {dag.py:2420} INFO - Sync 1 DAGs
[2024-04-06 13:46:24,406] {logging_mixin.py:115} INFO - [2024-04-06 13:46:24,406] {dag.py:2968} INFO - Setting next_dagrun for example_sla_dag to 2024-04-06T13:44:00+00:00, run_after=2024-04-06T13:46:00+00:00
[2024-04-06 13:46:24,428] {processor.py:161} INFO - Processing /opt/conda/lib/python3.8/site-packages/airflow/example_dags/example_sla_dag.py took 0.088 seconds
[2024-04-06 13:47:12,631] {processor.py:153} INFO - Started process (PID=8098) to work on /opt/conda/lib/python3.8/site-packages/airflow/example_dags/example_sla_dag.py
[2024-04-06 13:47:12,633] {processor.py:641} INFO - Processing file /opt/conda/lib/python3.8/site-packages/airflow/example_dags/example_sla_dag.py for tasks to queue
[2024-04-06 13:47:12,633] {logging_mixin.py:115} INFO - [2024-04-06 13:47:12,633] {dagbag.py:508} INFO - Filling up the DagBag from /opt/conda/lib/python3.8/site-packages/airflow/example_dags/example_sla_dag.py
[2024-04-06 13:47:12,652] {processor.py:651} INFO - DAG(s) dict_keys(['example_sla_dag']) retrieved from /opt/conda/lib/python3.8/site-packages/airflow/example_dags/example_sla_dag.py
[2024-04-06 13:47:12,666] {logging_mixin.py:115} INFO - [2024-04-06 13:47:12,666] {dag.py:2420} INFO - Sync 1 DAGs
[2024-04-06 13:47:12,682] {logging_mixin.py:115} INFO - [2024-04-06 13:47:12,682] {dag.py:2968} INFO - Setting next_dagrun for example_sla_dag to 2024-04-06T13:44:00+00:00, run_after=2024-04-06T13:46:00+00:00
[2024-04-06 13:47:12,702] {processor.py:161} INFO - Processing /opt/conda/lib/python3.8/site-packages/airflow/example_dags/example_sla_dag.py took 0.074 seconds
[2024-04-06 13:48:01,723] {processor.py:153} INFO - Started process (PID=8202) to work on /opt/conda/lib/python3.8/site-packages/airflow/example_dags/example_sla_dag.py
[2024-04-06 13:48:01,725] {processor.py:641} INFO - Processing file /opt/conda/lib/python3.8/site-packages/airflow/example_dags/example_sla_dag.py for tasks to queue
[2024-04-06 13:48:01,726] {logging_mixin.py:115} INFO - [2024-04-06 13:48:01,725] {dagbag.py:508} INFO - Filling up the DagBag from /opt/conda/lib/python3.8/site-packages/airflow/example_dags/example_sla_dag.py
[2024-04-06 13:48:01,746] {processor.py:651} INFO - DAG(s) dict_keys(['example_sla_dag']) retrieved from /opt/conda/lib/python3.8/site-packages/airflow/example_dags/example_sla_dag.py
[2024-04-06 13:48:01,764] {logging_mixin.py:115} INFO - [2024-04-06 13:48:01,764] {dag.py:2420} INFO - Sync 1 DAGs
[2024-04-06 13:48:01,786] {logging_mixin.py:115} INFO - [2024-04-06 13:48:01,786] {dag.py:2968} INFO - Setting next_dagrun for example_sla_dag to 2024-04-06T13:46:00+00:00, run_after=2024-04-06T13:48:00+00:00
[2024-04-06 13:48:01,808] {processor.py:161} INFO - Processing /opt/conda/lib/python3.8/site-packages/airflow/example_dags/example_sla_dag.py took 0.088 seconds
[2024-04-06 13:48:51,508] {processor.py:153} INFO - Started process (PID=8307) to work on /opt/conda/lib/python3.8/site-packages/airflow/example_dags/example_sla_dag.py
[2024-04-06 13:48:51,510] {processor.py:641} INFO - Processing file /opt/conda/lib/python3.8/site-packages/airflow/example_dags/example_sla_dag.py for tasks to queue
[2024-04-06 13:48:51,510] {logging_mixin.py:115} INFO - [2024-04-06 13:48:51,510] {dagbag.py:508} INFO - Filling up the DagBag from /opt/conda/lib/python3.8/site-packages/airflow/example_dags/example_sla_dag.py
[2024-04-06 13:48:51,529] {processor.py:651} INFO - DAG(s) dict_keys(['example_sla_dag']) retrieved from /opt/conda/lib/python3.8/site-packages/airflow/example_dags/example_sla_dag.py
[2024-04-06 13:48:51,543] {logging_mixin.py:115} INFO - [2024-04-06 13:48:51,543] {dag.py:2420} INFO - Sync 1 DAGs
[2024-04-06 13:48:51,560] {logging_mixin.py:115} INFO - [2024-04-06 13:48:51,560] {dag.py:2968} INFO - Setting next_dagrun for example_sla_dag to 2024-04-06T13:46:00+00:00, run_after=2024-04-06T13:48:00+00:00
[2024-04-06 13:48:51,581] {processor.py:161} INFO - Processing /opt/conda/lib/python3.8/site-packages/airflow/example_dags/example_sla_dag.py took 0.076 seconds
[2024-04-06 13:49:41,394] {processor.py:153} INFO - Started process (PID=8411) to work on /opt/conda/lib/python3.8/site-packages/airflow/example_dags/example_sla_dag.py
[2024-04-06 13:49:41,396] {processor.py:641} INFO - Processing file /opt/conda/lib/python3.8/site-packages/airflow/example_dags/example_sla_dag.py for tasks to queue
[2024-04-06 13:49:41,396] {logging_mixin.py:115} INFO - [2024-04-06 13:49:41,396] {dagbag.py:508} INFO - Filling up the DagBag from /opt/conda/lib/python3.8/site-packages/airflow/example_dags/example_sla_dag.py
[2024-04-06 13:49:41,416] {processor.py:651} INFO - DAG(s) dict_keys(['example_sla_dag']) retrieved from /opt/conda/lib/python3.8/site-packages/airflow/example_dags/example_sla_dag.py
[2024-04-06 13:49:41,433] {logging_mixin.py:115} INFO - [2024-04-06 13:49:41,433] {dag.py:2420} INFO - Sync 1 DAGs
[2024-04-06 13:49:41,456] {logging_mixin.py:115} INFO - [2024-04-06 13:49:41,456] {dag.py:2968} INFO - Setting next_dagrun for example_sla_dag to 2024-04-06T13:46:00+00:00, run_after=2024-04-06T13:48:00+00:00
[2024-04-06 13:49:41,478] {processor.py:161} INFO - Processing /opt/conda/lib/python3.8/site-packages/airflow/example_dags/example_sla_dag.py took 0.087 seconds
[2024-04-06 13:50:30,376] {processor.py:153} INFO - Started process (PID=8516) to work on /opt/conda/lib/python3.8/site-packages/airflow/example_dags/example_sla_dag.py
[2024-04-06 13:50:30,378] {processor.py:641} INFO - Processing file /opt/conda/lib/python3.8/site-packages/airflow/example_dags/example_sla_dag.py for tasks to queue
[2024-04-06 13:50:30,378] {logging_mixin.py:115} INFO - [2024-04-06 13:50:30,378] {dagbag.py:508} INFO - Filling up the DagBag from /opt/conda/lib/python3.8/site-packages/airflow/example_dags/example_sla_dag.py
[2024-04-06 13:50:30,400] {processor.py:651} INFO - DAG(s) dict_keys(['example_sla_dag']) retrieved from /opt/conda/lib/python3.8/site-packages/airflow/example_dags/example_sla_dag.py
[2024-04-06 13:50:30,416] {logging_mixin.py:115} INFO - [2024-04-06 13:50:30,416] {dag.py:2420} INFO - Sync 1 DAGs
[2024-04-06 13:50:30,434] {logging_mixin.py:115} INFO - [2024-04-06 13:50:30,434] {dag.py:2968} INFO - Setting next_dagrun for example_sla_dag to 2024-04-06T13:48:00+00:00, run_after=2024-04-06T13:50:00+00:00
[2024-04-06 13:50:30,452] {processor.py:161} INFO - Processing /opt/conda/lib/python3.8/site-packages/airflow/example_dags/example_sla_dag.py took 0.080 seconds
[2024-04-06 13:51:18,719] {processor.py:153} INFO - Started process (PID=8620) to work on /opt/conda/lib/python3.8/site-packages/airflow/example_dags/example_sla_dag.py
[2024-04-06 13:51:18,721] {processor.py:641} INFO - Processing file /opt/conda/lib/python3.8/site-packages/airflow/example_dags/example_sla_dag.py for tasks to queue
[2024-04-06 13:51:18,721] {logging_mixin.py:115} INFO - [2024-04-06 13:51:18,721] {dagbag.py:508} INFO - Filling up the DagBag from /opt/conda/lib/python3.8/site-packages/airflow/example_dags/example_sla_dag.py
[2024-04-06 13:51:18,740] {processor.py:651} INFO - DAG(s) dict_keys(['example_sla_dag']) retrieved from /opt/conda/lib/python3.8/site-packages/airflow/example_dags/example_sla_dag.py
[2024-04-06 13:51:18,753] {logging_mixin.py:115} INFO - [2024-04-06 13:51:18,753] {dag.py:2420} INFO - Sync 1 DAGs
[2024-04-06 13:51:18,769] {logging_mixin.py:115} INFO - [2024-04-06 13:51:18,769] {dag.py:2968} INFO - Setting next_dagrun for example_sla_dag to 2024-04-06T13:48:00+00:00, run_after=2024-04-06T13:50:00+00:00
[2024-04-06 13:51:18,789] {processor.py:161} INFO - Processing /opt/conda/lib/python3.8/site-packages/airflow/example_dags/example_sla_dag.py took 0.073 seconds
[2024-04-06 13:52:05,188] {processor.py:153} INFO - Started process (PID=8723) to work on /opt/conda/lib/python3.8/site-packages/airflow/example_dags/example_sla_dag.py
[2024-04-06 13:52:05,190] {processor.py:641} INFO - Processing file /opt/conda/lib/python3.8/site-packages/airflow/example_dags/example_sla_dag.py for tasks to queue
[2024-04-06 13:52:05,191] {logging_mixin.py:115} INFO - [2024-04-06 13:52:05,190] {dagbag.py:508} INFO - Filling up the DagBag from /opt/conda/lib/python3.8/site-packages/airflow/example_dags/example_sla_dag.py
[2024-04-06 13:52:05,210] {processor.py:651} INFO - DAG(s) dict_keys(['example_sla_dag']) retrieved from /opt/conda/lib/python3.8/site-packages/airflow/example_dags/example_sla_dag.py
[2024-04-06 13:52:05,223] {logging_mixin.py:115} INFO - [2024-04-06 13:52:05,223] {dag.py:2420} INFO - Sync 1 DAGs
[2024-04-06 13:52:05,240] {logging_mixin.py:115} INFO - [2024-04-06 13:52:05,240] {dag.py:2968} INFO - Setting next_dagrun for example_sla_dag to 2024-04-06T13:50:00+00:00, run_after=2024-04-06T13:52:00+00:00
[2024-04-06 13:52:05,259] {processor.py:161} INFO - Processing /opt/conda/lib/python3.8/site-packages/airflow/example_dags/example_sla_dag.py took 0.075 seconds
