[2024-04-06 12:46:12,278] {processor.py:153} INFO - Started process (PID=1402) to work on /opt/conda/lib/python3.8/site-packages/airflow/example_dags/example_complex.py
[2024-04-06 12:46:12,279] {processor.py:641} INFO - Processing file /opt/conda/lib/python3.8/site-packages/airflow/example_dags/example_complex.py for tasks to queue
[2024-04-06 12:46:12,279] {logging_mixin.py:115} INFO - [2024-04-06 12:46:12,279] {dagbag.py:508} INFO - Filling up the DagBag from /opt/conda/lib/python3.8/site-packages/airflow/example_dags/example_complex.py
[2024-04-06 12:46:12,296] {processor.py:651} INFO - DAG(s) dict_keys(['example_complex']) retrieved from /opt/conda/lib/python3.8/site-packages/airflow/example_dags/example_complex.py
[2024-04-06 12:46:12,433] {logging_mixin.py:115} INFO - [2024-04-06 12:46:12,433] {dag.py:2420} INFO - Sync 1 DAGs
[2024-04-06 12:46:12,443] {logging_mixin.py:115} INFO - [2024-04-06 12:46:12,443] {dag.py:2968} INFO - Setting next_dagrun for example_complex to None, run_after=None
[2024-04-06 12:46:12,462] {processor.py:161} INFO - Processing /opt/conda/lib/python3.8/site-packages/airflow/example_dags/example_complex.py took 0.187 seconds
[2024-04-06 12:47:20,059] {processor.py:153} INFO - Started process (PID=1516) to work on /opt/conda/lib/python3.8/site-packages/airflow/example_dags/example_complex.py
[2024-04-06 12:47:20,061] {processor.py:641} INFO - Processing file /opt/conda/lib/python3.8/site-packages/airflow/example_dags/example_complex.py for tasks to queue
[2024-04-06 12:47:20,061] {logging_mixin.py:115} INFO - [2024-04-06 12:47:20,061] {dagbag.py:508} INFO - Filling up the DagBag from /opt/conda/lib/python3.8/site-packages/airflow/example_dags/example_complex.py
[2024-04-06 12:47:20,078] {processor.py:651} INFO - DAG(s) dict_keys(['example_complex']) retrieved from /opt/conda/lib/python3.8/site-packages/airflow/example_dags/example_complex.py
[2024-04-06 12:47:20,207] {logging_mixin.py:115} INFO - [2024-04-06 12:47:20,207] {dag.py:2420} INFO - Sync 1 DAGs
[2024-04-06 12:47:20,217] {logging_mixin.py:115} INFO - [2024-04-06 12:47:20,217] {dag.py:2968} INFO - Setting next_dagrun for example_complex to None, run_after=None
[2024-04-06 12:47:20,235] {processor.py:161} INFO - Processing /opt/conda/lib/python3.8/site-packages/airflow/example_dags/example_complex.py took 0.179 seconds
[2024-04-06 12:48:18,566] {processor.py:153} INFO - Started process (PID=1595) to work on /opt/conda/lib/python3.8/site-packages/airflow/example_dags/example_complex.py
[2024-04-06 12:48:18,568] {processor.py:641} INFO - Processing file /opt/conda/lib/python3.8/site-packages/airflow/example_dags/example_complex.py for tasks to queue
[2024-04-06 12:48:18,569] {logging_mixin.py:115} INFO - [2024-04-06 12:48:18,569] {dagbag.py:508} INFO - Filling up the DagBag from /opt/conda/lib/python3.8/site-packages/airflow/example_dags/example_complex.py
[2024-04-06 12:48:18,585] {processor.py:651} INFO - DAG(s) dict_keys(['example_complex']) retrieved from /opt/conda/lib/python3.8/site-packages/airflow/example_dags/example_complex.py
[2024-04-06 12:48:18,736] {logging_mixin.py:115} INFO - [2024-04-06 12:48:18,736] {dag.py:2420} INFO - Sync 1 DAGs
[2024-04-06 12:48:18,748] {logging_mixin.py:115} INFO - [2024-04-06 12:48:18,748] {dag.py:2968} INFO - Setting next_dagrun for example_complex to None, run_after=None
[2024-04-06 12:48:18,767] {processor.py:161} INFO - Processing /opt/conda/lib/python3.8/site-packages/airflow/example_dags/example_complex.py took 0.204 seconds
[2024-04-06 12:49:26,998] {processor.py:153} INFO - Started process (PID=1708) to work on /opt/conda/lib/python3.8/site-packages/airflow/example_dags/example_complex.py
[2024-04-06 12:49:27,000] {processor.py:641} INFO - Processing file /opt/conda/lib/python3.8/site-packages/airflow/example_dags/example_complex.py for tasks to queue
[2024-04-06 12:49:27,001] {logging_mixin.py:115} INFO - [2024-04-06 12:49:27,001] {dagbag.py:508} INFO - Filling up the DagBag from /opt/conda/lib/python3.8/site-packages/airflow/example_dags/example_complex.py
[2024-04-06 12:49:27,128] {processor.py:651} INFO - DAG(s) dict_keys(['example_complex']) retrieved from /opt/conda/lib/python3.8/site-packages/airflow/example_dags/example_complex.py
[2024-04-06 12:49:27,140] {logging_mixin.py:115} INFO - [2024-04-06 12:49:27,140] {dag.py:2420} INFO - Sync 1 DAGs
[2024-04-06 12:49:27,150] {logging_mixin.py:115} INFO - [2024-04-06 12:49:27,150] {dag.py:2968} INFO - Setting next_dagrun for example_complex to None, run_after=None
[2024-04-06 12:49:27,182] {processor.py:161} INFO - Processing /opt/conda/lib/python3.8/site-packages/airflow/example_dags/example_complex.py took 0.187 seconds
[2024-04-06 12:50:23,651] {processor.py:153} INFO - Started process (PID=1785) to work on /opt/conda/lib/python3.8/site-packages/airflow/example_dags/example_complex.py
[2024-04-06 12:50:23,653] {processor.py:641} INFO - Processing file /opt/conda/lib/python3.8/site-packages/airflow/example_dags/example_complex.py for tasks to queue
[2024-04-06 12:50:23,653] {logging_mixin.py:115} INFO - [2024-04-06 12:50:23,653] {dagbag.py:508} INFO - Filling up the DagBag from /opt/conda/lib/python3.8/site-packages/airflow/example_dags/example_complex.py
[2024-04-06 12:50:23,781] {processor.py:651} INFO - DAG(s) dict_keys(['example_complex']) retrieved from /opt/conda/lib/python3.8/site-packages/airflow/example_dags/example_complex.py
[2024-04-06 12:50:23,793] {logging_mixin.py:115} INFO - [2024-04-06 12:50:23,793] {dag.py:2420} INFO - Sync 1 DAGs
[2024-04-06 12:50:23,804] {logging_mixin.py:115} INFO - [2024-04-06 12:50:23,804] {dag.py:2968} INFO - Setting next_dagrun for example_complex to None, run_after=None
[2024-04-06 12:50:23,825] {processor.py:161} INFO - Processing /opt/conda/lib/python3.8/site-packages/airflow/example_dags/example_complex.py took 0.178 seconds
[2024-04-06 12:51:19,207] {processor.py:153} INFO - Started process (PID=1892) to work on /opt/conda/lib/python3.8/site-packages/airflow/example_dags/example_complex.py
[2024-04-06 12:51:19,208] {processor.py:641} INFO - Processing file /opt/conda/lib/python3.8/site-packages/airflow/example_dags/example_complex.py for tasks to queue
[2024-04-06 12:51:19,209] {logging_mixin.py:115} INFO - [2024-04-06 12:51:19,209] {dagbag.py:508} INFO - Filling up the DagBag from /opt/conda/lib/python3.8/site-packages/airflow/example_dags/example_complex.py
[2024-04-06 12:51:19,336] {processor.py:651} INFO - DAG(s) dict_keys(['example_complex']) retrieved from /opt/conda/lib/python3.8/site-packages/airflow/example_dags/example_complex.py
[2024-04-06 12:51:19,347] {logging_mixin.py:115} INFO - [2024-04-06 12:51:19,347] {dag.py:2420} INFO - Sync 1 DAGs
[2024-04-06 12:51:19,358] {logging_mixin.py:115} INFO - [2024-04-06 12:51:19,358] {dag.py:2968} INFO - Setting next_dagrun for example_complex to None, run_after=None
[2024-04-06 12:51:19,378] {processor.py:161} INFO - Processing /opt/conda/lib/python3.8/site-packages/airflow/example_dags/example_complex.py took 0.175 seconds
[2024-04-06 12:52:14,059] {processor.py:153} INFO - Started process (PID=1967) to work on /opt/conda/lib/python3.8/site-packages/airflow/example_dags/example_complex.py
[2024-04-06 12:52:14,061] {processor.py:641} INFO - Processing file /opt/conda/lib/python3.8/site-packages/airflow/example_dags/example_complex.py for tasks to queue
[2024-04-06 12:52:14,062] {logging_mixin.py:115} INFO - [2024-04-06 12:52:14,061] {dagbag.py:508} INFO - Filling up the DagBag from /opt/conda/lib/python3.8/site-packages/airflow/example_dags/example_complex.py
[2024-04-06 12:52:14,190] {processor.py:651} INFO - DAG(s) dict_keys(['example_complex']) retrieved from /opt/conda/lib/python3.8/site-packages/airflow/example_dags/example_complex.py
[2024-04-06 12:52:14,202] {logging_mixin.py:115} INFO - [2024-04-06 12:52:14,202] {dag.py:2420} INFO - Sync 1 DAGs
[2024-04-06 12:52:14,213] {logging_mixin.py:115} INFO - [2024-04-06 12:52:14,212] {dag.py:2968} INFO - Setting next_dagrun for example_complex to None, run_after=None
[2024-04-06 12:52:14,234] {processor.py:161} INFO - Processing /opt/conda/lib/python3.8/site-packages/airflow/example_dags/example_complex.py took 0.178 seconds
[2024-04-06 12:53:10,363] {processor.py:153} INFO - Started process (PID=2052) to work on /opt/conda/lib/python3.8/site-packages/airflow/example_dags/example_complex.py
[2024-04-06 12:53:10,365] {processor.py:641} INFO - Processing file /opt/conda/lib/python3.8/site-packages/airflow/example_dags/example_complex.py for tasks to queue
[2024-04-06 12:53:10,366] {logging_mixin.py:115} INFO - [2024-04-06 12:53:10,366] {dagbag.py:508} INFO - Filling up the DagBag from /opt/conda/lib/python3.8/site-packages/airflow/example_dags/example_complex.py
[2024-04-06 12:53:10,498] {processor.py:651} INFO - DAG(s) dict_keys(['example_complex']) retrieved from /opt/conda/lib/python3.8/site-packages/airflow/example_dags/example_complex.py
[2024-04-06 12:53:10,510] {logging_mixin.py:115} INFO - [2024-04-06 12:53:10,510] {dag.py:2420} INFO - Sync 1 DAGs
[2024-04-06 12:53:10,521] {logging_mixin.py:115} INFO - [2024-04-06 12:53:10,521] {dag.py:2968} INFO - Setting next_dagrun for example_complex to None, run_after=None
[2024-04-06 12:53:10,539] {processor.py:161} INFO - Processing /opt/conda/lib/python3.8/site-packages/airflow/example_dags/example_complex.py took 0.179 seconds
[2024-04-06 12:54:05,264] {processor.py:153} INFO - Started process (PID=2155) to work on /opt/conda/lib/python3.8/site-packages/airflow/example_dags/example_complex.py
[2024-04-06 12:54:05,269] {processor.py:641} INFO - Processing file /opt/conda/lib/python3.8/site-packages/airflow/example_dags/example_complex.py for tasks to queue
[2024-04-06 12:54:05,269] {logging_mixin.py:115} INFO - [2024-04-06 12:54:05,269] {dagbag.py:508} INFO - Filling up the DagBag from /opt/conda/lib/python3.8/site-packages/airflow/example_dags/example_complex.py
[2024-04-06 12:54:05,417] {processor.py:651} INFO - DAG(s) dict_keys(['example_complex']) retrieved from /opt/conda/lib/python3.8/site-packages/airflow/example_dags/example_complex.py
[2024-04-06 12:54:05,429] {logging_mixin.py:115} INFO - [2024-04-06 12:54:05,429] {dag.py:2420} INFO - Sync 1 DAGs
[2024-04-06 12:54:05,440] {logging_mixin.py:115} INFO - [2024-04-06 12:54:05,440] {dag.py:2968} INFO - Setting next_dagrun for example_complex to None, run_after=None
[2024-04-06 12:54:05,460] {processor.py:161} INFO - Processing /opt/conda/lib/python3.8/site-packages/airflow/example_dags/example_complex.py took 0.200 seconds
[2024-04-06 12:54:53,924] {processor.py:153} INFO - Started process (PID=2240) to work on /opt/conda/lib/python3.8/site-packages/airflow/example_dags/example_complex.py
[2024-04-06 12:54:53,926] {processor.py:641} INFO - Processing file /opt/conda/lib/python3.8/site-packages/airflow/example_dags/example_complex.py for tasks to queue
[2024-04-06 12:54:53,927] {logging_mixin.py:115} INFO - [2024-04-06 12:54:53,927] {dagbag.py:508} INFO - Filling up the DagBag from /opt/conda/lib/python3.8/site-packages/airflow/example_dags/example_complex.py
[2024-04-06 12:54:53,940] {processor.py:651} INFO - DAG(s) dict_keys(['example_complex']) retrieved from /opt/conda/lib/python3.8/site-packages/airflow/example_dags/example_complex.py
[2024-04-06 12:54:53,963] {logging_mixin.py:115} INFO - [2024-04-06 12:54:53,963] {dag.py:2420} INFO - Sync 1 DAGs
[2024-04-06 12:54:53,982] {logging_mixin.py:115} INFO - [2024-04-06 12:54:53,982] {dag.py:2968} INFO - Setting next_dagrun for example_complex to None, run_after=None
[2024-04-06 12:54:54,004] {processor.py:161} INFO - Processing /opt/conda/lib/python3.8/site-packages/airflow/example_dags/example_complex.py took 0.083 seconds
[2024-04-06 12:55:46,244] {processor.py:153} INFO - Started process (PID=2327) to work on /opt/conda/lib/python3.8/site-packages/airflow/example_dags/example_complex.py
[2024-04-06 12:55:46,246] {processor.py:641} INFO - Processing file /opt/conda/lib/python3.8/site-packages/airflow/example_dags/example_complex.py for tasks to queue
[2024-04-06 12:55:46,246] {logging_mixin.py:115} INFO - [2024-04-06 12:55:46,246] {dagbag.py:508} INFO - Filling up the DagBag from /opt/conda/lib/python3.8/site-packages/airflow/example_dags/example_complex.py
[2024-04-06 12:55:46,259] {processor.py:651} INFO - DAG(s) dict_keys(['example_complex']) retrieved from /opt/conda/lib/python3.8/site-packages/airflow/example_dags/example_complex.py
[2024-04-06 12:55:46,278] {logging_mixin.py:115} INFO - [2024-04-06 12:55:46,278] {dag.py:2420} INFO - Sync 1 DAGs
[2024-04-06 12:55:46,293] {logging_mixin.py:115} INFO - [2024-04-06 12:55:46,292] {dag.py:2968} INFO - Setting next_dagrun for example_complex to None, run_after=None
[2024-04-06 12:55:46,312] {processor.py:161} INFO - Processing /opt/conda/lib/python3.8/site-packages/airflow/example_dags/example_complex.py took 0.072 seconds
[2024-04-06 12:56:29,423] {processor.py:153} INFO - Started process (PID=2398) to work on /opt/conda/lib/python3.8/site-packages/airflow/example_dags/example_complex.py
[2024-04-06 12:56:29,425] {processor.py:641} INFO - Processing file /opt/conda/lib/python3.8/site-packages/airflow/example_dags/example_complex.py for tasks to queue
[2024-04-06 12:56:29,425] {logging_mixin.py:115} INFO - [2024-04-06 12:56:29,425] {dagbag.py:508} INFO - Filling up the DagBag from /opt/conda/lib/python3.8/site-packages/airflow/example_dags/example_complex.py
[2024-04-06 12:56:29,438] {processor.py:651} INFO - DAG(s) dict_keys(['example_complex']) retrieved from /opt/conda/lib/python3.8/site-packages/airflow/example_dags/example_complex.py
[2024-04-06 12:56:29,457] {logging_mixin.py:115} INFO - [2024-04-06 12:56:29,457] {dag.py:2420} INFO - Sync 1 DAGs
[2024-04-06 12:56:29,471] {logging_mixin.py:115} INFO - [2024-04-06 12:56:29,470] {dag.py:2968} INFO - Setting next_dagrun for example_complex to None, run_after=None
[2024-04-06 12:56:29,490] {processor.py:161} INFO - Processing /opt/conda/lib/python3.8/site-packages/airflow/example_dags/example_complex.py took 0.070 seconds
[2024-04-06 12:57:12,714] {processor.py:153} INFO - Started process (PID=2469) to work on /opt/conda/lib/python3.8/site-packages/airflow/example_dags/example_complex.py
[2024-04-06 12:57:12,716] {processor.py:641} INFO - Processing file /opt/conda/lib/python3.8/site-packages/airflow/example_dags/example_complex.py for tasks to queue
[2024-04-06 12:57:12,717] {logging_mixin.py:115} INFO - [2024-04-06 12:57:12,716] {dagbag.py:508} INFO - Filling up the DagBag from /opt/conda/lib/python3.8/site-packages/airflow/example_dags/example_complex.py
[2024-04-06 12:57:12,730] {processor.py:651} INFO - DAG(s) dict_keys(['example_complex']) retrieved from /opt/conda/lib/python3.8/site-packages/airflow/example_dags/example_complex.py
[2024-04-06 12:57:12,752] {logging_mixin.py:115} INFO - [2024-04-06 12:57:12,752] {dag.py:2420} INFO - Sync 1 DAGs
[2024-04-06 12:57:12,767] {logging_mixin.py:115} INFO - [2024-04-06 12:57:12,766] {dag.py:2968} INFO - Setting next_dagrun for example_complex to None, run_after=None
[2024-04-06 12:57:12,787] {processor.py:161} INFO - Processing /opt/conda/lib/python3.8/site-packages/airflow/example_dags/example_complex.py took 0.076 seconds
[2024-04-06 12:58:05,983] {processor.py:153} INFO - Started process (PID=2557) to work on /opt/conda/lib/python3.8/site-packages/airflow/example_dags/example_complex.py
[2024-04-06 12:58:05,984] {processor.py:641} INFO - Processing file /opt/conda/lib/python3.8/site-packages/airflow/example_dags/example_complex.py for tasks to queue
[2024-04-06 12:58:05,985] {logging_mixin.py:115} INFO - [2024-04-06 12:58:05,985] {dagbag.py:508} INFO - Filling up the DagBag from /opt/conda/lib/python3.8/site-packages/airflow/example_dags/example_complex.py
[2024-04-06 12:58:05,999] {processor.py:651} INFO - DAG(s) dict_keys(['example_complex']) retrieved from /opt/conda/lib/python3.8/site-packages/airflow/example_dags/example_complex.py
[2024-04-06 12:58:06,021] {logging_mixin.py:115} INFO - [2024-04-06 12:58:06,021] {dag.py:2420} INFO - Sync 1 DAGs
[2024-04-06 12:58:06,040] {logging_mixin.py:115} INFO - [2024-04-06 12:58:06,040] {dag.py:2968} INFO - Setting next_dagrun for example_complex to None, run_after=None
[2024-04-06 12:58:06,063] {processor.py:161} INFO - Processing /opt/conda/lib/python3.8/site-packages/airflow/example_dags/example_complex.py took 0.084 seconds
[2024-04-06 12:59:05,046] {processor.py:153} INFO - Started process (PID=2661) to work on /opt/conda/lib/python3.8/site-packages/airflow/example_dags/example_complex.py
[2024-04-06 12:59:05,048] {processor.py:641} INFO - Processing file /opt/conda/lib/python3.8/site-packages/airflow/example_dags/example_complex.py for tasks to queue
[2024-04-06 12:59:05,049] {logging_mixin.py:115} INFO - [2024-04-06 12:59:05,049] {dagbag.py:508} INFO - Filling up the DagBag from /opt/conda/lib/python3.8/site-packages/airflow/example_dags/example_complex.py
[2024-04-06 12:59:05,062] {processor.py:651} INFO - DAG(s) dict_keys(['example_complex']) retrieved from /opt/conda/lib/python3.8/site-packages/airflow/example_dags/example_complex.py
[2024-04-06 12:59:05,083] {logging_mixin.py:115} INFO - [2024-04-06 12:59:05,083] {dag.py:2420} INFO - Sync 1 DAGs
[2024-04-06 12:59:05,097] {logging_mixin.py:115} INFO - [2024-04-06 12:59:05,097] {dag.py:2968} INFO - Setting next_dagrun for example_complex to None, run_after=None
[2024-04-06 12:59:05,117] {processor.py:161} INFO - Processing /opt/conda/lib/python3.8/site-packages/airflow/example_dags/example_complex.py took 0.074 seconds
[2024-04-06 12:59:52,435] {processor.py:153} INFO - Started process (PID=2742) to work on /opt/conda/lib/python3.8/site-packages/airflow/example_dags/example_complex.py
[2024-04-06 12:59:52,437] {processor.py:641} INFO - Processing file /opt/conda/lib/python3.8/site-packages/airflow/example_dags/example_complex.py for tasks to queue
[2024-04-06 12:59:52,437] {logging_mixin.py:115} INFO - [2024-04-06 12:59:52,437] {dagbag.py:508} INFO - Filling up the DagBag from /opt/conda/lib/python3.8/site-packages/airflow/example_dags/example_complex.py
[2024-04-06 12:59:52,451] {processor.py:651} INFO - DAG(s) dict_keys(['example_complex']) retrieved from /opt/conda/lib/python3.8/site-packages/airflow/example_dags/example_complex.py
[2024-04-06 12:59:52,472] {logging_mixin.py:115} INFO - [2024-04-06 12:59:52,472] {dag.py:2420} INFO - Sync 1 DAGs
[2024-04-06 12:59:52,487] {logging_mixin.py:115} INFO - [2024-04-06 12:59:52,487] {dag.py:2968} INFO - Setting next_dagrun for example_complex to None, run_after=None
[2024-04-06 12:59:52,507] {processor.py:161} INFO - Processing /opt/conda/lib/python3.8/site-packages/airflow/example_dags/example_complex.py took 0.076 seconds
[2024-04-06 13:00:36,920] {processor.py:153} INFO - Started process (PID=2813) to work on /opt/conda/lib/python3.8/site-packages/airflow/example_dags/example_complex.py
[2024-04-06 13:00:36,922] {processor.py:641} INFO - Processing file /opt/conda/lib/python3.8/site-packages/airflow/example_dags/example_complex.py for tasks to queue
[2024-04-06 13:00:36,923] {logging_mixin.py:115} INFO - [2024-04-06 13:00:36,923] {dagbag.py:508} INFO - Filling up the DagBag from /opt/conda/lib/python3.8/site-packages/airflow/example_dags/example_complex.py
[2024-04-06 13:00:36,937] {processor.py:651} INFO - DAG(s) dict_keys(['example_complex']) retrieved from /opt/conda/lib/python3.8/site-packages/airflow/example_dags/example_complex.py
[2024-04-06 13:00:36,959] {logging_mixin.py:115} INFO - [2024-04-06 13:00:36,959] {dag.py:2420} INFO - Sync 1 DAGs
[2024-04-06 13:00:36,975] {logging_mixin.py:115} INFO - [2024-04-06 13:00:36,975] {dag.py:2968} INFO - Setting next_dagrun for example_complex to None, run_after=None
[2024-04-06 13:00:36,995] {processor.py:161} INFO - Processing /opt/conda/lib/python3.8/site-packages/airflow/example_dags/example_complex.py took 0.079 seconds
[2024-04-06 13:01:29,208] {processor.py:153} INFO - Started process (PID=2894) to work on /opt/conda/lib/python3.8/site-packages/airflow/example_dags/example_complex.py
[2024-04-06 13:01:29,210] {processor.py:641} INFO - Processing file /opt/conda/lib/python3.8/site-packages/airflow/example_dags/example_complex.py for tasks to queue
[2024-04-06 13:01:29,210] {logging_mixin.py:115} INFO - [2024-04-06 13:01:29,210] {dagbag.py:508} INFO - Filling up the DagBag from /opt/conda/lib/python3.8/site-packages/airflow/example_dags/example_complex.py
[2024-04-06 13:01:29,224] {processor.py:651} INFO - DAG(s) dict_keys(['example_complex']) retrieved from /opt/conda/lib/python3.8/site-packages/airflow/example_dags/example_complex.py
[2024-04-06 13:01:29,244] {logging_mixin.py:115} INFO - [2024-04-06 13:01:29,244] {dag.py:2420} INFO - Sync 1 DAGs
[2024-04-06 13:01:29,258] {logging_mixin.py:115} INFO - [2024-04-06 13:01:29,258] {dag.py:2968} INFO - Setting next_dagrun for example_complex to None, run_after=None
[2024-04-06 13:01:29,279] {processor.py:161} INFO - Processing /opt/conda/lib/python3.8/site-packages/airflow/example_dags/example_complex.py took 0.075 seconds
[2024-04-06 13:02:16,347] {processor.py:153} INFO - Started process (PID=2984) to work on /opt/conda/lib/python3.8/site-packages/airflow/example_dags/example_complex.py
[2024-04-06 13:02:16,348] {processor.py:641} INFO - Processing file /opt/conda/lib/python3.8/site-packages/airflow/example_dags/example_complex.py for tasks to queue
[2024-04-06 13:02:16,349] {logging_mixin.py:115} INFO - [2024-04-06 13:02:16,349] {dagbag.py:508} INFO - Filling up the DagBag from /opt/conda/lib/python3.8/site-packages/airflow/example_dags/example_complex.py
[2024-04-06 13:02:16,361] {processor.py:651} INFO - DAG(s) dict_keys(['example_complex']) retrieved from /opt/conda/lib/python3.8/site-packages/airflow/example_dags/example_complex.py
[2024-04-06 13:02:16,379] {logging_mixin.py:115} INFO - [2024-04-06 13:02:16,379] {dag.py:2420} INFO - Sync 1 DAGs
[2024-04-06 13:02:16,393] {logging_mixin.py:115} INFO - [2024-04-06 13:02:16,393] {dag.py:2968} INFO - Setting next_dagrun for example_complex to None, run_after=None
[2024-04-06 13:02:16,414] {processor.py:161} INFO - Processing /opt/conda/lib/python3.8/site-packages/airflow/example_dags/example_complex.py took 0.071 seconds
[2024-04-06 13:03:10,242] {processor.py:153} INFO - Started process (PID=3079) to work on /opt/conda/lib/python3.8/site-packages/airflow/example_dags/example_complex.py
[2024-04-06 13:03:10,243] {processor.py:641} INFO - Processing file /opt/conda/lib/python3.8/site-packages/airflow/example_dags/example_complex.py for tasks to queue
[2024-04-06 13:03:10,244] {logging_mixin.py:115} INFO - [2024-04-06 13:03:10,244] {dagbag.py:508} INFO - Filling up the DagBag from /opt/conda/lib/python3.8/site-packages/airflow/example_dags/example_complex.py
[2024-04-06 13:03:10,257] {processor.py:651} INFO - DAG(s) dict_keys(['example_complex']) retrieved from /opt/conda/lib/python3.8/site-packages/airflow/example_dags/example_complex.py
[2024-04-06 13:03:10,278] {logging_mixin.py:115} INFO - [2024-04-06 13:03:10,278] {dag.py:2420} INFO - Sync 1 DAGs
[2024-04-06 13:03:10,293] {logging_mixin.py:115} INFO - [2024-04-06 13:03:10,292] {dag.py:2968} INFO - Setting next_dagrun for example_complex to None, run_after=None
[2024-04-06 13:03:10,312] {processor.py:161} INFO - Processing /opt/conda/lib/python3.8/site-packages/airflow/example_dags/example_complex.py took 0.073 seconds
[2024-04-06 13:03:59,326] {processor.py:153} INFO - Started process (PID=3158) to work on /opt/conda/lib/python3.8/site-packages/airflow/example_dags/example_complex.py
[2024-04-06 13:03:59,333] {processor.py:641} INFO - Processing file /opt/conda/lib/python3.8/site-packages/airflow/example_dags/example_complex.py for tasks to queue
[2024-04-06 13:03:59,334] {logging_mixin.py:115} INFO - [2024-04-06 13:03:59,334] {dagbag.py:508} INFO - Filling up the DagBag from /opt/conda/lib/python3.8/site-packages/airflow/example_dags/example_complex.py
[2024-04-06 13:03:59,348] {processor.py:651} INFO - DAG(s) dict_keys(['example_complex']) retrieved from /opt/conda/lib/python3.8/site-packages/airflow/example_dags/example_complex.py
[2024-04-06 13:03:59,370] {logging_mixin.py:115} INFO - [2024-04-06 13:03:59,370] {dag.py:2420} INFO - Sync 1 DAGs
[2024-04-06 13:03:59,389] {logging_mixin.py:115} INFO - [2024-04-06 13:03:59,389] {dag.py:2968} INFO - Setting next_dagrun for example_complex to None, run_after=None
[2024-04-06 13:03:59,415] {processor.py:161} INFO - Processing /opt/conda/lib/python3.8/site-packages/airflow/example_dags/example_complex.py took 0.092 seconds
[2024-04-06 13:04:55,527] {processor.py:153} INFO - Started process (PID=3254) to work on /opt/conda/lib/python3.8/site-packages/airflow/example_dags/example_complex.py
[2024-04-06 13:04:55,528] {processor.py:641} INFO - Processing file /opt/conda/lib/python3.8/site-packages/airflow/example_dags/example_complex.py for tasks to queue
[2024-04-06 13:04:55,529] {logging_mixin.py:115} INFO - [2024-04-06 13:04:55,529] {dagbag.py:508} INFO - Filling up the DagBag from /opt/conda/lib/python3.8/site-packages/airflow/example_dags/example_complex.py
[2024-04-06 13:04:55,541] {processor.py:651} INFO - DAG(s) dict_keys(['example_complex']) retrieved from /opt/conda/lib/python3.8/site-packages/airflow/example_dags/example_complex.py
[2024-04-06 13:04:55,558] {logging_mixin.py:115} INFO - [2024-04-06 13:04:55,558] {dag.py:2420} INFO - Sync 1 DAGs
[2024-04-06 13:04:55,571] {logging_mixin.py:115} INFO - [2024-04-06 13:04:55,571] {dag.py:2968} INFO - Setting next_dagrun for example_complex to None, run_after=None
[2024-04-06 13:04:55,602] {processor.py:161} INFO - Processing /opt/conda/lib/python3.8/site-packages/airflow/example_dags/example_complex.py took 0.079 seconds
[2024-04-06 13:05:38,304] {processor.py:153} INFO - Started process (PID=3328) to work on /opt/conda/lib/python3.8/site-packages/airflow/example_dags/example_complex.py
[2024-04-06 13:05:38,305] {processor.py:641} INFO - Processing file /opt/conda/lib/python3.8/site-packages/airflow/example_dags/example_complex.py for tasks to queue
[2024-04-06 13:05:38,306] {logging_mixin.py:115} INFO - [2024-04-06 13:05:38,306] {dagbag.py:508} INFO - Filling up the DagBag from /opt/conda/lib/python3.8/site-packages/airflow/example_dags/example_complex.py
[2024-04-06 13:05:38,318] {processor.py:651} INFO - DAG(s) dict_keys(['example_complex']) retrieved from /opt/conda/lib/python3.8/site-packages/airflow/example_dags/example_complex.py
[2024-04-06 13:05:38,336] {logging_mixin.py:115} INFO - [2024-04-06 13:05:38,336] {dag.py:2420} INFO - Sync 1 DAGs
[2024-04-06 13:05:38,350] {logging_mixin.py:115} INFO - [2024-04-06 13:05:38,350] {dag.py:2968} INFO - Setting next_dagrun for example_complex to None, run_after=None
[2024-04-06 13:05:38,368] {processor.py:161} INFO - Processing /opt/conda/lib/python3.8/site-packages/airflow/example_dags/example_complex.py took 0.068 seconds
[2024-04-06 13:06:21,586] {processor.py:153} INFO - Started process (PID=3399) to work on /opt/conda/lib/python3.8/site-packages/airflow/example_dags/example_complex.py
[2024-04-06 13:06:21,589] {processor.py:641} INFO - Processing file /opt/conda/lib/python3.8/site-packages/airflow/example_dags/example_complex.py for tasks to queue
[2024-04-06 13:06:21,589] {logging_mixin.py:115} INFO - [2024-04-06 13:06:21,589] {dagbag.py:508} INFO - Filling up the DagBag from /opt/conda/lib/python3.8/site-packages/airflow/example_dags/example_complex.py
[2024-04-06 13:06:21,603] {processor.py:651} INFO - DAG(s) dict_keys(['example_complex']) retrieved from /opt/conda/lib/python3.8/site-packages/airflow/example_dags/example_complex.py
[2024-04-06 13:06:21,624] {logging_mixin.py:115} INFO - [2024-04-06 13:06:21,624] {dag.py:2420} INFO - Sync 1 DAGs
[2024-04-06 13:06:21,638] {logging_mixin.py:115} INFO - [2024-04-06 13:06:21,638] {dag.py:2968} INFO - Setting next_dagrun for example_complex to None, run_after=None
[2024-04-06 13:06:21,664] {processor.py:161} INFO - Processing /opt/conda/lib/python3.8/site-packages/airflow/example_dags/example_complex.py took 0.081 seconds
[2024-04-06 13:07:15,952] {processor.py:153} INFO - Started process (PID=3497) to work on /opt/conda/lib/python3.8/site-packages/airflow/example_dags/example_complex.py
[2024-04-06 13:07:15,953] {processor.py:641} INFO - Processing file /opt/conda/lib/python3.8/site-packages/airflow/example_dags/example_complex.py for tasks to queue
[2024-04-06 13:07:15,954] {logging_mixin.py:115} INFO - [2024-04-06 13:07:15,954] {dagbag.py:508} INFO - Filling up the DagBag from /opt/conda/lib/python3.8/site-packages/airflow/example_dags/example_complex.py
[2024-04-06 13:07:15,968] {processor.py:651} INFO - DAG(s) dict_keys(['example_complex']) retrieved from /opt/conda/lib/python3.8/site-packages/airflow/example_dags/example_complex.py
[2024-04-06 13:07:15,987] {logging_mixin.py:115} INFO - [2024-04-06 13:07:15,987] {dag.py:2420} INFO - Sync 1 DAGs
[2024-04-06 13:07:16,002] {logging_mixin.py:115} INFO - [2024-04-06 13:07:16,002] {dag.py:2968} INFO - Setting next_dagrun for example_complex to None, run_after=None
[2024-04-06 13:07:16,023] {processor.py:161} INFO - Processing /opt/conda/lib/python3.8/site-packages/airflow/example_dags/example_complex.py took 0.075 seconds
[2024-04-06 13:08:06,744] {processor.py:153} INFO - Started process (PID=3596) to work on /opt/conda/lib/python3.8/site-packages/airflow/example_dags/example_complex.py
[2024-04-06 13:08:06,749] {processor.py:641} INFO - Processing file /opt/conda/lib/python3.8/site-packages/airflow/example_dags/example_complex.py for tasks to queue
[2024-04-06 13:08:06,750] {logging_mixin.py:115} INFO - [2024-04-06 13:08:06,750] {dagbag.py:508} INFO - Filling up the DagBag from /opt/conda/lib/python3.8/site-packages/airflow/example_dags/example_complex.py
[2024-04-06 13:08:06,762] {processor.py:651} INFO - DAG(s) dict_keys(['example_complex']) retrieved from /opt/conda/lib/python3.8/site-packages/airflow/example_dags/example_complex.py
[2024-04-06 13:08:06,781] {logging_mixin.py:115} INFO - [2024-04-06 13:08:06,781] {dag.py:2420} INFO - Sync 1 DAGs
[2024-04-06 13:08:06,795] {logging_mixin.py:115} INFO - [2024-04-06 13:08:06,795] {dag.py:2968} INFO - Setting next_dagrun for example_complex to None, run_after=None
[2024-04-06 13:08:06,819] {processor.py:161} INFO - Processing /opt/conda/lib/python3.8/site-packages/airflow/example_dags/example_complex.py took 0.079 seconds
[2024-04-06 13:09:01,127] {processor.py:153} INFO - Started process (PID=3706) to work on /opt/conda/lib/python3.8/site-packages/airflow/example_dags/example_complex.py
[2024-04-06 13:09:01,129] {processor.py:641} INFO - Processing file /opt/conda/lib/python3.8/site-packages/airflow/example_dags/example_complex.py for tasks to queue
[2024-04-06 13:09:01,129] {logging_mixin.py:115} INFO - [2024-04-06 13:09:01,129] {dagbag.py:508} INFO - Filling up the DagBag from /opt/conda/lib/python3.8/site-packages/airflow/example_dags/example_complex.py
[2024-04-06 13:09:01,142] {processor.py:651} INFO - DAG(s) dict_keys(['example_complex']) retrieved from /opt/conda/lib/python3.8/site-packages/airflow/example_dags/example_complex.py
[2024-04-06 13:09:01,160] {logging_mixin.py:115} INFO - [2024-04-06 13:09:01,160] {dag.py:2420} INFO - Sync 1 DAGs
[2024-04-06 13:09:01,174] {logging_mixin.py:115} INFO - [2024-04-06 13:09:01,174] {dag.py:2968} INFO - Setting next_dagrun for example_complex to None, run_after=None
[2024-04-06 13:09:01,192] {processor.py:161} INFO - Processing /opt/conda/lib/python3.8/site-packages/airflow/example_dags/example_complex.py took 0.068 seconds
[2024-04-06 13:09:56,440] {processor.py:153} INFO - Started process (PID=3802) to work on /opt/conda/lib/python3.8/site-packages/airflow/example_dags/example_complex.py
[2024-04-06 13:09:56,442] {processor.py:641} INFO - Processing file /opt/conda/lib/python3.8/site-packages/airflow/example_dags/example_complex.py for tasks to queue
[2024-04-06 13:09:56,442] {logging_mixin.py:115} INFO - [2024-04-06 13:09:56,442] {dagbag.py:508} INFO - Filling up the DagBag from /opt/conda/lib/python3.8/site-packages/airflow/example_dags/example_complex.py
[2024-04-06 13:09:56,455] {processor.py:651} INFO - DAG(s) dict_keys(['example_complex']) retrieved from /opt/conda/lib/python3.8/site-packages/airflow/example_dags/example_complex.py
[2024-04-06 13:09:56,477] {logging_mixin.py:115} INFO - [2024-04-06 13:09:56,477] {dag.py:2420} INFO - Sync 1 DAGs
[2024-04-06 13:09:56,492] {logging_mixin.py:115} INFO - [2024-04-06 13:09:56,492] {dag.py:2968} INFO - Setting next_dagrun for example_complex to None, run_after=None
[2024-04-06 13:09:56,512] {processor.py:161} INFO - Processing /opt/conda/lib/python3.8/site-packages/airflow/example_dags/example_complex.py took 0.075 seconds
[2024-04-06 13:10:48,627] {processor.py:153} INFO - Started process (PID=3882) to work on /opt/conda/lib/python3.8/site-packages/airflow/example_dags/example_complex.py
[2024-04-06 13:10:48,629] {processor.py:641} INFO - Processing file /opt/conda/lib/python3.8/site-packages/airflow/example_dags/example_complex.py for tasks to queue
[2024-04-06 13:10:48,629] {logging_mixin.py:115} INFO - [2024-04-06 13:10:48,629] {dagbag.py:508} INFO - Filling up the DagBag from /opt/conda/lib/python3.8/site-packages/airflow/example_dags/example_complex.py
[2024-04-06 13:10:48,642] {processor.py:651} INFO - DAG(s) dict_keys(['example_complex']) retrieved from /opt/conda/lib/python3.8/site-packages/airflow/example_dags/example_complex.py
[2024-04-06 13:10:48,660] {logging_mixin.py:115} INFO - [2024-04-06 13:10:48,660] {dag.py:2420} INFO - Sync 1 DAGs
[2024-04-06 13:10:48,673] {logging_mixin.py:115} INFO - [2024-04-06 13:10:48,673] {dag.py:2968} INFO - Setting next_dagrun for example_complex to None, run_after=None
[2024-04-06 13:10:48,695] {processor.py:161} INFO - Processing /opt/conda/lib/python3.8/site-packages/airflow/example_dags/example_complex.py took 0.071 seconds
[2024-04-06 13:11:42,995] {processor.py:153} INFO - Started process (PID=3978) to work on /opt/conda/lib/python3.8/site-packages/airflow/example_dags/example_complex.py
[2024-04-06 13:11:42,997] {processor.py:641} INFO - Processing file /opt/conda/lib/python3.8/site-packages/airflow/example_dags/example_complex.py for tasks to queue
[2024-04-06 13:11:42,997] {logging_mixin.py:115} INFO - [2024-04-06 13:11:42,997] {dagbag.py:508} INFO - Filling up the DagBag from /opt/conda/lib/python3.8/site-packages/airflow/example_dags/example_complex.py
[2024-04-06 13:11:43,010] {processor.py:651} INFO - DAG(s) dict_keys(['example_complex']) retrieved from /opt/conda/lib/python3.8/site-packages/airflow/example_dags/example_complex.py
[2024-04-06 13:11:43,032] {logging_mixin.py:115} INFO - [2024-04-06 13:11:43,031] {dag.py:2420} INFO - Sync 1 DAGs
[2024-04-06 13:11:43,046] {logging_mixin.py:115} INFO - [2024-04-06 13:11:43,045] {dag.py:2968} INFO - Setting next_dagrun for example_complex to None, run_after=None
[2024-04-06 13:11:43,066] {processor.py:161} INFO - Processing /opt/conda/lib/python3.8/site-packages/airflow/example_dags/example_complex.py took 0.075 seconds
[2024-04-06 13:12:26,416] {processor.py:153} INFO - Started process (PID=4049) to work on /opt/conda/lib/python3.8/site-packages/airflow/example_dags/example_complex.py
[2024-04-06 13:12:26,418] {processor.py:641} INFO - Processing file /opt/conda/lib/python3.8/site-packages/airflow/example_dags/example_complex.py for tasks to queue
[2024-04-06 13:12:26,418] {logging_mixin.py:115} INFO - [2024-04-06 13:12:26,418] {dagbag.py:508} INFO - Filling up the DagBag from /opt/conda/lib/python3.8/site-packages/airflow/example_dags/example_complex.py
[2024-04-06 13:12:26,431] {processor.py:651} INFO - DAG(s) dict_keys(['example_complex']) retrieved from /opt/conda/lib/python3.8/site-packages/airflow/example_dags/example_complex.py
[2024-04-06 13:12:26,449] {logging_mixin.py:115} INFO - [2024-04-06 13:12:26,449] {dag.py:2420} INFO - Sync 1 DAGs
[2024-04-06 13:12:26,463] {logging_mixin.py:115} INFO - [2024-04-06 13:12:26,463] {dag.py:2968} INFO - Setting next_dagrun for example_complex to None, run_after=None
[2024-04-06 13:12:26,485] {processor.py:161} INFO - Processing /opt/conda/lib/python3.8/site-packages/airflow/example_dags/example_complex.py took 0.072 seconds
[2024-04-06 13:13:11,290] {processor.py:153} INFO - Started process (PID=4136) to work on /opt/conda/lib/python3.8/site-packages/airflow/example_dags/example_complex.py
[2024-04-06 13:13:11,292] {processor.py:641} INFO - Processing file /opt/conda/lib/python3.8/site-packages/airflow/example_dags/example_complex.py for tasks to queue
[2024-04-06 13:13:11,293] {logging_mixin.py:115} INFO - [2024-04-06 13:13:11,293] {dagbag.py:508} INFO - Filling up the DagBag from /opt/conda/lib/python3.8/site-packages/airflow/example_dags/example_complex.py
[2024-04-06 13:13:11,306] {processor.py:651} INFO - DAG(s) dict_keys(['example_complex']) retrieved from /opt/conda/lib/python3.8/site-packages/airflow/example_dags/example_complex.py
[2024-04-06 13:13:11,328] {logging_mixin.py:115} INFO - [2024-04-06 13:13:11,328] {dag.py:2420} INFO - Sync 1 DAGs
[2024-04-06 13:13:11,347] {logging_mixin.py:115} INFO - [2024-04-06 13:13:11,346] {dag.py:2968} INFO - Setting next_dagrun for example_complex to None, run_after=None
[2024-04-06 13:13:11,376] {processor.py:161} INFO - Processing /opt/conda/lib/python3.8/site-packages/airflow/example_dags/example_complex.py took 0.089 seconds
[2024-04-06 13:13:55,360] {processor.py:153} INFO - Started process (PID=4221) to work on /opt/conda/lib/python3.8/site-packages/airflow/example_dags/example_complex.py
[2024-04-06 13:13:55,363] {processor.py:641} INFO - Processing file /opt/conda/lib/python3.8/site-packages/airflow/example_dags/example_complex.py for tasks to queue
[2024-04-06 13:13:55,363] {logging_mixin.py:115} INFO - [2024-04-06 13:13:55,363] {dagbag.py:508} INFO - Filling up the DagBag from /opt/conda/lib/python3.8/site-packages/airflow/example_dags/example_complex.py
[2024-04-06 13:13:55,377] {processor.py:651} INFO - DAG(s) dict_keys(['example_complex']) retrieved from /opt/conda/lib/python3.8/site-packages/airflow/example_dags/example_complex.py
[2024-04-06 13:13:55,397] {logging_mixin.py:115} INFO - [2024-04-06 13:13:55,397] {dag.py:2420} INFO - Sync 1 DAGs
[2024-04-06 13:13:55,414] {logging_mixin.py:115} INFO - [2024-04-06 13:13:55,413] {dag.py:2968} INFO - Setting next_dagrun for example_complex to None, run_after=None
[2024-04-06 13:13:55,515] {processor.py:161} INFO - Processing /opt/conda/lib/python3.8/site-packages/airflow/example_dags/example_complex.py took 0.158 seconds
[2024-04-06 13:14:48,758] {processor.py:153} INFO - Started process (PID=4317) to work on /opt/conda/lib/python3.8/site-packages/airflow/example_dags/example_complex.py
[2024-04-06 13:14:48,760] {processor.py:641} INFO - Processing file /opt/conda/lib/python3.8/site-packages/airflow/example_dags/example_complex.py for tasks to queue
[2024-04-06 13:14:48,760] {logging_mixin.py:115} INFO - [2024-04-06 13:14:48,760] {dagbag.py:508} INFO - Filling up the DagBag from /opt/conda/lib/python3.8/site-packages/airflow/example_dags/example_complex.py
[2024-04-06 13:14:48,773] {processor.py:651} INFO - DAG(s) dict_keys(['example_complex']) retrieved from /opt/conda/lib/python3.8/site-packages/airflow/example_dags/example_complex.py
[2024-04-06 13:14:48,791] {logging_mixin.py:115} INFO - [2024-04-06 13:14:48,791] {dag.py:2420} INFO - Sync 1 DAGs
[2024-04-06 13:14:48,804] {logging_mixin.py:115} INFO - [2024-04-06 13:14:48,804] {dag.py:2968} INFO - Setting next_dagrun for example_complex to None, run_after=None
[2024-04-06 13:14:48,827] {processor.py:161} INFO - Processing /opt/conda/lib/python3.8/site-packages/airflow/example_dags/example_complex.py took 0.073 seconds
[2024-04-06 13:15:45,962] {processor.py:153} INFO - Started process (PID=4404) to work on /opt/conda/lib/python3.8/site-packages/airflow/example_dags/example_complex.py
[2024-04-06 13:15:45,964] {processor.py:641} INFO - Processing file /opt/conda/lib/python3.8/site-packages/airflow/example_dags/example_complex.py for tasks to queue
[2024-04-06 13:15:45,965] {logging_mixin.py:115} INFO - [2024-04-06 13:15:45,964] {dagbag.py:508} INFO - Filling up the DagBag from /opt/conda/lib/python3.8/site-packages/airflow/example_dags/example_complex.py
[2024-04-06 13:15:45,978] {processor.py:651} INFO - DAG(s) dict_keys(['example_complex']) retrieved from /opt/conda/lib/python3.8/site-packages/airflow/example_dags/example_complex.py
[2024-04-06 13:15:45,999] {logging_mixin.py:115} INFO - [2024-04-06 13:15:45,999] {dag.py:2420} INFO - Sync 1 DAGs
[2024-04-06 13:15:46,013] {logging_mixin.py:115} INFO - [2024-04-06 13:15:46,013] {dag.py:2968} INFO - Setting next_dagrun for example_complex to None, run_after=None
[2024-04-06 13:15:46,037] {processor.py:161} INFO - Processing /opt/conda/lib/python3.8/site-packages/airflow/example_dags/example_complex.py took 0.078 seconds
[2024-04-06 13:16:41,066] {processor.py:153} INFO - Started process (PID=4501) to work on /opt/conda/lib/python3.8/site-packages/airflow/example_dags/example_complex.py
[2024-04-06 13:16:41,068] {processor.py:641} INFO - Processing file /opt/conda/lib/python3.8/site-packages/airflow/example_dags/example_complex.py for tasks to queue
[2024-04-06 13:16:41,068] {logging_mixin.py:115} INFO - [2024-04-06 13:16:41,068] {dagbag.py:508} INFO - Filling up the DagBag from /opt/conda/lib/python3.8/site-packages/airflow/example_dags/example_complex.py
[2024-04-06 13:16:41,081] {processor.py:651} INFO - DAG(s) dict_keys(['example_complex']) retrieved from /opt/conda/lib/python3.8/site-packages/airflow/example_dags/example_complex.py
[2024-04-06 13:16:41,099] {logging_mixin.py:115} INFO - [2024-04-06 13:16:41,099] {dag.py:2420} INFO - Sync 1 DAGs
[2024-04-06 13:16:41,112] {logging_mixin.py:115} INFO - [2024-04-06 13:16:41,112] {dag.py:2968} INFO - Setting next_dagrun for example_complex to None, run_after=None
[2024-04-06 13:16:41,132] {processor.py:161} INFO - Processing /opt/conda/lib/python3.8/site-packages/airflow/example_dags/example_complex.py took 0.069 seconds
[2024-04-06 13:17:37,192] {processor.py:153} INFO - Started process (PID=4597) to work on /opt/conda/lib/python3.8/site-packages/airflow/example_dags/example_complex.py
[2024-04-06 13:17:37,194] {processor.py:641} INFO - Processing file /opt/conda/lib/python3.8/site-packages/airflow/example_dags/example_complex.py for tasks to queue
[2024-04-06 13:17:37,194] {logging_mixin.py:115} INFO - [2024-04-06 13:17:37,194] {dagbag.py:508} INFO - Filling up the DagBag from /opt/conda/lib/python3.8/site-packages/airflow/example_dags/example_complex.py
[2024-04-06 13:17:37,208] {processor.py:651} INFO - DAG(s) dict_keys(['example_complex']) retrieved from /opt/conda/lib/python3.8/site-packages/airflow/example_dags/example_complex.py
[2024-04-06 13:17:37,229] {logging_mixin.py:115} INFO - [2024-04-06 13:17:37,229] {dag.py:2420} INFO - Sync 1 DAGs
[2024-04-06 13:17:37,247] {logging_mixin.py:115} INFO - [2024-04-06 13:17:37,247] {dag.py:2968} INFO - Setting next_dagrun for example_complex to None, run_after=None
[2024-04-06 13:17:37,271] {processor.py:161} INFO - Processing /opt/conda/lib/python3.8/site-packages/airflow/example_dags/example_complex.py took 0.083 seconds
[2024-04-06 13:18:39,579] {processor.py:153} INFO - Started process (PID=4682) to work on /opt/conda/lib/python3.8/site-packages/airflow/example_dags/example_complex.py
[2024-04-06 13:18:39,580] {processor.py:641} INFO - Processing file /opt/conda/lib/python3.8/site-packages/airflow/example_dags/example_complex.py for tasks to queue
[2024-04-06 13:18:39,581] {logging_mixin.py:115} INFO - [2024-04-06 13:18:39,581] {dagbag.py:508} INFO - Filling up the DagBag from /opt/conda/lib/python3.8/site-packages/airflow/example_dags/example_complex.py
[2024-04-06 13:18:39,594] {processor.py:651} INFO - DAG(s) dict_keys(['example_complex']) retrieved from /opt/conda/lib/python3.8/site-packages/airflow/example_dags/example_complex.py
[2024-04-06 13:18:39,616] {logging_mixin.py:115} INFO - [2024-04-06 13:18:39,616] {dag.py:2420} INFO - Sync 1 DAGs
[2024-04-06 13:18:39,634] {logging_mixin.py:115} INFO - [2024-04-06 13:18:39,634] {dag.py:2968} INFO - Setting next_dagrun for example_complex to None, run_after=None
[2024-04-06 13:18:39,658] {processor.py:161} INFO - Processing /opt/conda/lib/python3.8/site-packages/airflow/example_dags/example_complex.py took 0.083 seconds
[2024-04-06 13:19:31,437] {processor.py:153} INFO - Started process (PID=4860) to work on /opt/conda/lib/python3.8/site-packages/airflow/example_dags/example_complex.py
[2024-04-06 13:19:31,439] {processor.py:641} INFO - Processing file /opt/conda/lib/python3.8/site-packages/airflow/example_dags/example_complex.py for tasks to queue
[2024-04-06 13:19:31,439] {logging_mixin.py:115} INFO - [2024-04-06 13:19:31,439] {dagbag.py:508} INFO - Filling up the DagBag from /opt/conda/lib/python3.8/site-packages/airflow/example_dags/example_complex.py
[2024-04-06 13:19:31,451] {processor.py:651} INFO - DAG(s) dict_keys(['example_complex']) retrieved from /opt/conda/lib/python3.8/site-packages/airflow/example_dags/example_complex.py
[2024-04-06 13:19:31,467] {logging_mixin.py:115} INFO - [2024-04-06 13:19:31,467] {dag.py:2420} INFO - Sync 1 DAGs
[2024-04-06 13:19:31,481] {logging_mixin.py:115} INFO - [2024-04-06 13:19:31,481] {dag.py:2968} INFO - Setting next_dagrun for example_complex to None, run_after=None
[2024-04-06 13:19:31,500] {processor.py:161} INFO - Processing /opt/conda/lib/python3.8/site-packages/airflow/example_dags/example_complex.py took 0.066 seconds
[2024-04-06 13:20:20,947] {processor.py:153} INFO - Started process (PID=4945) to work on /opt/conda/lib/python3.8/site-packages/airflow/example_dags/example_complex.py
[2024-04-06 13:20:20,949] {processor.py:641} INFO - Processing file /opt/conda/lib/python3.8/site-packages/airflow/example_dags/example_complex.py for tasks to queue
[2024-04-06 13:20:20,949] {logging_mixin.py:115} INFO - [2024-04-06 13:20:20,949] {dagbag.py:508} INFO - Filling up the DagBag from /opt/conda/lib/python3.8/site-packages/airflow/example_dags/example_complex.py
[2024-04-06 13:20:20,962] {processor.py:651} INFO - DAG(s) dict_keys(['example_complex']) retrieved from /opt/conda/lib/python3.8/site-packages/airflow/example_dags/example_complex.py
[2024-04-06 13:20:20,984] {logging_mixin.py:115} INFO - [2024-04-06 13:20:20,984] {dag.py:2420} INFO - Sync 1 DAGs
[2024-04-06 13:20:21,002] {logging_mixin.py:115} INFO - [2024-04-06 13:20:21,002] {dag.py:2968} INFO - Setting next_dagrun for example_complex to None, run_after=None
[2024-04-06 13:20:21,024] {processor.py:161} INFO - Processing /opt/conda/lib/python3.8/site-packages/airflow/example_dags/example_complex.py took 0.081 seconds
[2024-04-06 13:21:05,948] {processor.py:153} INFO - Started process (PID=5020) to work on /opt/conda/lib/python3.8/site-packages/airflow/example_dags/example_complex.py
[2024-04-06 13:21:05,950] {processor.py:641} INFO - Processing file /opt/conda/lib/python3.8/site-packages/airflow/example_dags/example_complex.py for tasks to queue
[2024-04-06 13:21:05,950] {logging_mixin.py:115} INFO - [2024-04-06 13:21:05,950] {dagbag.py:508} INFO - Filling up the DagBag from /opt/conda/lib/python3.8/site-packages/airflow/example_dags/example_complex.py
[2024-04-06 13:21:05,962] {processor.py:651} INFO - DAG(s) dict_keys(['example_complex']) retrieved from /opt/conda/lib/python3.8/site-packages/airflow/example_dags/example_complex.py
[2024-04-06 13:21:05,980] {logging_mixin.py:115} INFO - [2024-04-06 13:21:05,980] {dag.py:2420} INFO - Sync 1 DAGs
[2024-04-06 13:21:05,994] {logging_mixin.py:115} INFO - [2024-04-06 13:21:05,994] {dag.py:2968} INFO - Setting next_dagrun for example_complex to None, run_after=None
[2024-04-06 13:21:06,014] {processor.py:161} INFO - Processing /opt/conda/lib/python3.8/site-packages/airflow/example_dags/example_complex.py took 0.069 seconds
[2024-04-06 13:21:53,719] {processor.py:153} INFO - Started process (PID=5108) to work on /opt/conda/lib/python3.8/site-packages/airflow/example_dags/example_complex.py
[2024-04-06 13:21:53,721] {processor.py:641} INFO - Processing file /opt/conda/lib/python3.8/site-packages/airflow/example_dags/example_complex.py for tasks to queue
[2024-04-06 13:21:53,721] {logging_mixin.py:115} INFO - [2024-04-06 13:21:53,721] {dagbag.py:508} INFO - Filling up the DagBag from /opt/conda/lib/python3.8/site-packages/airflow/example_dags/example_complex.py
[2024-04-06 13:21:53,734] {processor.py:651} INFO - DAG(s) dict_keys(['example_complex']) retrieved from /opt/conda/lib/python3.8/site-packages/airflow/example_dags/example_complex.py
[2024-04-06 13:21:53,756] {logging_mixin.py:115} INFO - [2024-04-06 13:21:53,756] {dag.py:2420} INFO - Sync 1 DAGs
[2024-04-06 13:21:53,775] {logging_mixin.py:115} INFO - [2024-04-06 13:21:53,774] {dag.py:2968} INFO - Setting next_dagrun for example_complex to None, run_after=None
[2024-04-06 13:21:53,798] {processor.py:161} INFO - Processing /opt/conda/lib/python3.8/site-packages/airflow/example_dags/example_complex.py took 0.082 seconds
[2024-04-06 13:22:39,227] {processor.py:153} INFO - Started process (PID=5196) to work on /opt/conda/lib/python3.8/site-packages/airflow/example_dags/example_complex.py
[2024-04-06 13:22:39,231] {processor.py:641} INFO - Processing file /opt/conda/lib/python3.8/site-packages/airflow/example_dags/example_complex.py for tasks to queue
[2024-04-06 13:22:39,232] {logging_mixin.py:115} INFO - [2024-04-06 13:22:39,232] {dagbag.py:508} INFO - Filling up the DagBag from /opt/conda/lib/python3.8/site-packages/airflow/example_dags/example_complex.py
[2024-04-06 13:22:39,246] {processor.py:651} INFO - DAG(s) dict_keys(['example_complex']) retrieved from /opt/conda/lib/python3.8/site-packages/airflow/example_dags/example_complex.py
[2024-04-06 13:22:39,268] {logging_mixin.py:115} INFO - [2024-04-06 13:22:39,268] {dag.py:2420} INFO - Sync 1 DAGs
[2024-04-06 13:22:39,287] {logging_mixin.py:115} INFO - [2024-04-06 13:22:39,287] {dag.py:2968} INFO - Setting next_dagrun for example_complex to None, run_after=None
[2024-04-06 13:22:39,311] {processor.py:161} INFO - Processing /opt/conda/lib/python3.8/site-packages/airflow/example_dags/example_complex.py took 0.088 seconds
[2024-04-06 13:23:23,934] {processor.py:153} INFO - Started process (PID=5271) to work on /opt/conda/lib/python3.8/site-packages/airflow/example_dags/example_complex.py
[2024-04-06 13:23:23,936] {processor.py:641} INFO - Processing file /opt/conda/lib/python3.8/site-packages/airflow/example_dags/example_complex.py for tasks to queue
[2024-04-06 13:23:23,936] {logging_mixin.py:115} INFO - [2024-04-06 13:23:23,936] {dagbag.py:508} INFO - Filling up the DagBag from /opt/conda/lib/python3.8/site-packages/airflow/example_dags/example_complex.py
[2024-04-06 13:23:23,949] {processor.py:651} INFO - DAG(s) dict_keys(['example_complex']) retrieved from /opt/conda/lib/python3.8/site-packages/airflow/example_dags/example_complex.py
[2024-04-06 13:23:23,971] {logging_mixin.py:115} INFO - [2024-04-06 13:23:23,971] {dag.py:2420} INFO - Sync 1 DAGs
[2024-04-06 13:23:23,989] {logging_mixin.py:115} INFO - [2024-04-06 13:23:23,989] {dag.py:2968} INFO - Setting next_dagrun for example_complex to None, run_after=None
[2024-04-06 13:23:24,014] {processor.py:161} INFO - Processing /opt/conda/lib/python3.8/site-packages/airflow/example_dags/example_complex.py took 0.083 seconds
[2024-04-06 13:24:11,288] {processor.py:153} INFO - Started process (PID=5359) to work on /opt/conda/lib/python3.8/site-packages/airflow/example_dags/example_complex.py
[2024-04-06 13:24:11,290] {processor.py:641} INFO - Processing file /opt/conda/lib/python3.8/site-packages/airflow/example_dags/example_complex.py for tasks to queue
[2024-04-06 13:24:11,290] {logging_mixin.py:115} INFO - [2024-04-06 13:24:11,290] {dagbag.py:508} INFO - Filling up the DagBag from /opt/conda/lib/python3.8/site-packages/airflow/example_dags/example_complex.py
[2024-04-06 13:24:11,303] {processor.py:651} INFO - DAG(s) dict_keys(['example_complex']) retrieved from /opt/conda/lib/python3.8/site-packages/airflow/example_dags/example_complex.py
[2024-04-06 13:24:11,325] {logging_mixin.py:115} INFO - [2024-04-06 13:24:11,325] {dag.py:2420} INFO - Sync 1 DAGs
[2024-04-06 13:24:11,343] {logging_mixin.py:115} INFO - [2024-04-06 13:24:11,343] {dag.py:2968} INFO - Setting next_dagrun for example_complex to None, run_after=None
[2024-04-06 13:24:11,364] {processor.py:161} INFO - Processing /opt/conda/lib/python3.8/site-packages/airflow/example_dags/example_complex.py took 0.080 seconds
[2024-04-06 13:24:59,529] {processor.py:153} INFO - Started process (PID=5450) to work on /opt/conda/lib/python3.8/site-packages/airflow/example_dags/example_complex.py
[2024-04-06 13:24:59,532] {processor.py:641} INFO - Processing file /opt/conda/lib/python3.8/site-packages/airflow/example_dags/example_complex.py for tasks to queue
[2024-04-06 13:24:59,532] {logging_mixin.py:115} INFO - [2024-04-06 13:24:59,532] {dagbag.py:508} INFO - Filling up the DagBag from /opt/conda/lib/python3.8/site-packages/airflow/example_dags/example_complex.py
[2024-04-06 13:24:59,545] {processor.py:651} INFO - DAG(s) dict_keys(['example_complex']) retrieved from /opt/conda/lib/python3.8/site-packages/airflow/example_dags/example_complex.py
[2024-04-06 13:24:59,566] {logging_mixin.py:115} INFO - [2024-04-06 13:24:59,565] {dag.py:2420} INFO - Sync 1 DAGs
[2024-04-06 13:24:59,580] {logging_mixin.py:115} INFO - [2024-04-06 13:24:59,580] {dag.py:2968} INFO - Setting next_dagrun for example_complex to None, run_after=None
[2024-04-06 13:24:59,604] {processor.py:161} INFO - Processing /opt/conda/lib/python3.8/site-packages/airflow/example_dags/example_complex.py took 0.078 seconds
[2024-04-06 13:25:44,675] {processor.py:153} INFO - Started process (PID=5521) to work on /opt/conda/lib/python3.8/site-packages/airflow/example_dags/example_complex.py
[2024-04-06 13:25:44,677] {processor.py:641} INFO - Processing file /opt/conda/lib/python3.8/site-packages/airflow/example_dags/example_complex.py for tasks to queue
[2024-04-06 13:25:44,677] {logging_mixin.py:115} INFO - [2024-04-06 13:25:44,677] {dagbag.py:508} INFO - Filling up the DagBag from /opt/conda/lib/python3.8/site-packages/airflow/example_dags/example_complex.py
[2024-04-06 13:25:44,690] {processor.py:651} INFO - DAG(s) dict_keys(['example_complex']) retrieved from /opt/conda/lib/python3.8/site-packages/airflow/example_dags/example_complex.py
[2024-04-06 13:25:44,708] {logging_mixin.py:115} INFO - [2024-04-06 13:25:44,707] {dag.py:2420} INFO - Sync 1 DAGs
[2024-04-06 13:25:44,721] {logging_mixin.py:115} INFO - [2024-04-06 13:25:44,721] {dag.py:2968} INFO - Setting next_dagrun for example_complex to None, run_after=None
[2024-04-06 13:25:44,741] {processor.py:161} INFO - Processing /opt/conda/lib/python3.8/site-packages/airflow/example_dags/example_complex.py took 0.069 seconds
[2024-04-06 13:26:36,760] {processor.py:153} INFO - Started process (PID=5602) to work on /opt/conda/lib/python3.8/site-packages/airflow/example_dags/example_complex.py
[2024-04-06 13:26:36,781] {processor.py:641} INFO - Processing file /opt/conda/lib/python3.8/site-packages/airflow/example_dags/example_complex.py for tasks to queue
[2024-04-06 13:26:36,782] {logging_mixin.py:115} INFO - [2024-04-06 13:26:36,781] {dagbag.py:508} INFO - Filling up the DagBag from /opt/conda/lib/python3.8/site-packages/airflow/example_dags/example_complex.py
[2024-04-06 13:26:36,795] {processor.py:651} INFO - DAG(s) dict_keys(['example_complex']) retrieved from /opt/conda/lib/python3.8/site-packages/airflow/example_dags/example_complex.py
[2024-04-06 13:26:36,817] {logging_mixin.py:115} INFO - [2024-04-06 13:26:36,817] {dag.py:2420} INFO - Sync 1 DAGs
[2024-04-06 13:26:36,835] {logging_mixin.py:115} INFO - [2024-04-06 13:26:36,835] {dag.py:2968} INFO - Setting next_dagrun for example_complex to None, run_after=None
[2024-04-06 13:26:36,858] {processor.py:161} INFO - Processing /opt/conda/lib/python3.8/site-packages/airflow/example_dags/example_complex.py took 0.102 seconds
[2024-04-06 13:27:35,111] {processor.py:153} INFO - Started process (PID=5701) to work on /opt/conda/lib/python3.8/site-packages/airflow/example_dags/example_complex.py
[2024-04-06 13:27:35,113] {processor.py:641} INFO - Processing file /opt/conda/lib/python3.8/site-packages/airflow/example_dags/example_complex.py for tasks to queue
[2024-04-06 13:27:35,113] {logging_mixin.py:115} INFO - [2024-04-06 13:27:35,113] {dagbag.py:508} INFO - Filling up the DagBag from /opt/conda/lib/python3.8/site-packages/airflow/example_dags/example_complex.py
[2024-04-06 13:27:35,127] {processor.py:651} INFO - DAG(s) dict_keys(['example_complex']) retrieved from /opt/conda/lib/python3.8/site-packages/airflow/example_dags/example_complex.py
[2024-04-06 13:27:35,149] {logging_mixin.py:115} INFO - [2024-04-06 13:27:35,149] {dag.py:2420} INFO - Sync 1 DAGs
[2024-04-06 13:27:35,167] {logging_mixin.py:115} INFO - [2024-04-06 13:27:35,167] {dag.py:2968} INFO - Setting next_dagrun for example_complex to None, run_after=None
[2024-04-06 13:27:35,193] {processor.py:161} INFO - Processing /opt/conda/lib/python3.8/site-packages/airflow/example_dags/example_complex.py took 0.085 seconds
[2024-04-06 13:28:23,902] {processor.py:153} INFO - Started process (PID=5784) to work on /opt/conda/lib/python3.8/site-packages/airflow/example_dags/example_complex.py
[2024-04-06 13:28:23,904] {processor.py:641} INFO - Processing file /opt/conda/lib/python3.8/site-packages/airflow/example_dags/example_complex.py for tasks to queue
[2024-04-06 13:28:23,905] {logging_mixin.py:115} INFO - [2024-04-06 13:28:23,905] {dagbag.py:508} INFO - Filling up the DagBag from /opt/conda/lib/python3.8/site-packages/airflow/example_dags/example_complex.py
[2024-04-06 13:28:23,918] {processor.py:651} INFO - DAG(s) dict_keys(['example_complex']) retrieved from /opt/conda/lib/python3.8/site-packages/airflow/example_dags/example_complex.py
[2024-04-06 13:28:23,940] {logging_mixin.py:115} INFO - [2024-04-06 13:28:23,940] {dag.py:2420} INFO - Sync 1 DAGs
[2024-04-06 13:28:23,954] {logging_mixin.py:115} INFO - [2024-04-06 13:28:23,954] {dag.py:2968} INFO - Setting next_dagrun for example_complex to None, run_after=None
[2024-04-06 13:28:23,975] {processor.py:161} INFO - Processing /opt/conda/lib/python3.8/site-packages/airflow/example_dags/example_complex.py took 0.076 seconds
[2024-04-06 13:29:14,951] {processor.py:153} INFO - Started process (PID=5876) to work on /opt/conda/lib/python3.8/site-packages/airflow/example_dags/example_complex.py
[2024-04-06 13:29:14,952] {processor.py:641} INFO - Processing file /opt/conda/lib/python3.8/site-packages/airflow/example_dags/example_complex.py for tasks to queue
[2024-04-06 13:29:14,953] {logging_mixin.py:115} INFO - [2024-04-06 13:29:14,953] {dagbag.py:508} INFO - Filling up the DagBag from /opt/conda/lib/python3.8/site-packages/airflow/example_dags/example_complex.py
[2024-04-06 13:29:14,965] {processor.py:651} INFO - DAG(s) dict_keys(['example_complex']) retrieved from /opt/conda/lib/python3.8/site-packages/airflow/example_dags/example_complex.py
[2024-04-06 13:29:14,983] {logging_mixin.py:115} INFO - [2024-04-06 13:29:14,983] {dag.py:2420} INFO - Sync 1 DAGs
[2024-04-06 13:29:14,997] {logging_mixin.py:115} INFO - [2024-04-06 13:29:14,997] {dag.py:2968} INFO - Setting next_dagrun for example_complex to None, run_after=None
[2024-04-06 13:29:15,017] {processor.py:161} INFO - Processing /opt/conda/lib/python3.8/site-packages/airflow/example_dags/example_complex.py took 0.070 seconds
[2024-04-06 13:30:05,701] {processor.py:153} INFO - Started process (PID=5978) to work on /opt/conda/lib/python3.8/site-packages/airflow/example_dags/example_complex.py
[2024-04-06 13:30:05,703] {processor.py:641} INFO - Processing file /opt/conda/lib/python3.8/site-packages/airflow/example_dags/example_complex.py for tasks to queue
[2024-04-06 13:30:05,703] {logging_mixin.py:115} INFO - [2024-04-06 13:30:05,703] {dagbag.py:508} INFO - Filling up the DagBag from /opt/conda/lib/python3.8/site-packages/airflow/example_dags/example_complex.py
[2024-04-06 13:30:05,715] {processor.py:651} INFO - DAG(s) dict_keys(['example_complex']) retrieved from /opt/conda/lib/python3.8/site-packages/airflow/example_dags/example_complex.py
[2024-04-06 13:30:05,732] {logging_mixin.py:115} INFO - [2024-04-06 13:30:05,732] {dag.py:2420} INFO - Sync 1 DAGs
[2024-04-06 13:30:05,746] {logging_mixin.py:115} INFO - [2024-04-06 13:30:05,746] {dag.py:2968} INFO - Setting next_dagrun for example_complex to None, run_after=None
[2024-04-06 13:30:05,865] {processor.py:161} INFO - Processing /opt/conda/lib/python3.8/site-packages/airflow/example_dags/example_complex.py took 0.167 seconds
[2024-04-06 13:30:52,463] {processor.py:153} INFO - Started process (PID=6051) to work on /opt/conda/lib/python3.8/site-packages/airflow/example_dags/example_complex.py
[2024-04-06 13:30:52,465] {processor.py:641} INFO - Processing file /opt/conda/lib/python3.8/site-packages/airflow/example_dags/example_complex.py for tasks to queue
[2024-04-06 13:30:52,465] {logging_mixin.py:115} INFO - [2024-04-06 13:30:52,465] {dagbag.py:508} INFO - Filling up the DagBag from /opt/conda/lib/python3.8/site-packages/airflow/example_dags/example_complex.py
[2024-04-06 13:30:52,479] {processor.py:651} INFO - DAG(s) dict_keys(['example_complex']) retrieved from /opt/conda/lib/python3.8/site-packages/airflow/example_dags/example_complex.py
[2024-04-06 13:30:52,501] {logging_mixin.py:115} INFO - [2024-04-06 13:30:52,500] {dag.py:2420} INFO - Sync 1 DAGs
[2024-04-06 13:30:52,520] {logging_mixin.py:115} INFO - [2024-04-06 13:30:52,520] {dag.py:2968} INFO - Setting next_dagrun for example_complex to None, run_after=None
[2024-04-06 13:30:52,545] {processor.py:161} INFO - Processing /opt/conda/lib/python3.8/site-packages/airflow/example_dags/example_complex.py took 0.085 seconds
[2024-04-06 13:31:44,390] {processor.py:153} INFO - Started process (PID=6142) to work on /opt/conda/lib/python3.8/site-packages/airflow/example_dags/example_complex.py
[2024-04-06 13:31:44,392] {processor.py:641} INFO - Processing file /opt/conda/lib/python3.8/site-packages/airflow/example_dags/example_complex.py for tasks to queue
[2024-04-06 13:31:44,392] {logging_mixin.py:115} INFO - [2024-04-06 13:31:44,392] {dagbag.py:508} INFO - Filling up the DagBag from /opt/conda/lib/python3.8/site-packages/airflow/example_dags/example_complex.py
[2024-04-06 13:31:44,406] {processor.py:651} INFO - DAG(s) dict_keys(['example_complex']) retrieved from /opt/conda/lib/python3.8/site-packages/airflow/example_dags/example_complex.py
[2024-04-06 13:31:44,427] {logging_mixin.py:115} INFO - [2024-04-06 13:31:44,427] {dag.py:2420} INFO - Sync 1 DAGs
[2024-04-06 13:31:44,442] {logging_mixin.py:115} INFO - [2024-04-06 13:31:44,441] {dag.py:2968} INFO - Setting next_dagrun for example_complex to None, run_after=None
[2024-04-06 13:31:44,526] {processor.py:161} INFO - Processing /opt/conda/lib/python3.8/site-packages/airflow/example_dags/example_complex.py took 0.139 seconds
[2024-04-06 13:34:18,436] {processor.py:153} INFO - Started process (PID=6494) to work on /opt/conda/lib/python3.8/site-packages/airflow/example_dags/example_complex.py
[2024-04-06 13:34:18,438] {processor.py:641} INFO - Processing file /opt/conda/lib/python3.8/site-packages/airflow/example_dags/example_complex.py for tasks to queue
[2024-04-06 13:34:18,439] {logging_mixin.py:115} INFO - [2024-04-06 13:34:18,439] {dagbag.py:508} INFO - Filling up the DagBag from /opt/conda/lib/python3.8/site-packages/airflow/example_dags/example_complex.py
[2024-04-06 13:34:18,456] {processor.py:651} INFO - DAG(s) dict_keys(['example_complex']) retrieved from /opt/conda/lib/python3.8/site-packages/airflow/example_dags/example_complex.py
[2024-04-06 13:34:18,609] {logging_mixin.py:115} INFO - [2024-04-06 13:34:18,609] {dag.py:2420} INFO - Sync 1 DAGs
[2024-04-06 13:34:18,620] {logging_mixin.py:115} INFO - [2024-04-06 13:34:18,620] {dag.py:2968} INFO - Setting next_dagrun for example_complex to None, run_after=None
[2024-04-06 13:34:18,638] {processor.py:161} INFO - Processing /opt/conda/lib/python3.8/site-packages/airflow/example_dags/example_complex.py took 0.206 seconds
[2024-04-06 13:36:37,011] {processor.py:153} INFO - Started process (PID=6782) to work on /opt/conda/lib/python3.8/site-packages/airflow/example_dags/example_complex.py
[2024-04-06 13:36:37,013] {processor.py:641} INFO - Processing file /opt/conda/lib/python3.8/site-packages/airflow/example_dags/example_complex.py for tasks to queue
[2024-04-06 13:36:37,013] {logging_mixin.py:115} INFO - [2024-04-06 13:36:37,013] {dagbag.py:508} INFO - Filling up the DagBag from /opt/conda/lib/python3.8/site-packages/airflow/example_dags/example_complex.py
[2024-04-06 13:36:37,030] {processor.py:651} INFO - DAG(s) dict_keys(['example_complex']) retrieved from /opt/conda/lib/python3.8/site-packages/airflow/example_dags/example_complex.py
[2024-04-06 13:36:37,233] {logging_mixin.py:115} INFO - [2024-04-06 13:36:37,233] {dag.py:2420} INFO - Sync 1 DAGs
[2024-04-06 13:36:37,248] {logging_mixin.py:115} INFO - [2024-04-06 13:36:37,248] {dag.py:2968} INFO - Setting next_dagrun for example_complex to None, run_after=None
[2024-04-06 13:36:37,270] {processor.py:161} INFO - Processing /opt/conda/lib/python3.8/site-packages/airflow/example_dags/example_complex.py took 0.263 seconds
[2024-04-06 13:38:21,859] {processor.py:153} INFO - Started process (PID=7055) to work on /opt/conda/lib/python3.8/site-packages/airflow/example_dags/example_complex.py
[2024-04-06 13:38:21,860] {processor.py:641} INFO - Processing file /opt/conda/lib/python3.8/site-packages/airflow/example_dags/example_complex.py for tasks to queue
[2024-04-06 13:38:21,861] {logging_mixin.py:115} INFO - [2024-04-06 13:38:21,861] {dagbag.py:508} INFO - Filling up the DagBag from /opt/conda/lib/python3.8/site-packages/airflow/example_dags/example_complex.py
[2024-04-06 13:38:21,876] {processor.py:651} INFO - DAG(s) dict_keys(['example_complex']) retrieved from /opt/conda/lib/python3.8/site-packages/airflow/example_dags/example_complex.py
[2024-04-06 13:38:21,998] {logging_mixin.py:115} INFO - [2024-04-06 13:38:21,998] {dag.py:2420} INFO - Sync 1 DAGs
[2024-04-06 13:38:22,009] {logging_mixin.py:115} INFO - [2024-04-06 13:38:22,009] {dag.py:2968} INFO - Setting next_dagrun for example_complex to None, run_after=None
[2024-04-06 13:38:22,028] {processor.py:161} INFO - Processing /opt/conda/lib/python3.8/site-packages/airflow/example_dags/example_complex.py took 0.173 seconds
[2024-04-06 13:39:16,939] {processor.py:153} INFO - Started process (PID=7175) to work on /opt/conda/lib/python3.8/site-packages/airflow/example_dags/example_complex.py
[2024-04-06 13:39:16,941] {processor.py:641} INFO - Processing file /opt/conda/lib/python3.8/site-packages/airflow/example_dags/example_complex.py for tasks to queue
[2024-04-06 13:39:16,941] {logging_mixin.py:115} INFO - [2024-04-06 13:39:16,941] {dagbag.py:508} INFO - Filling up the DagBag from /opt/conda/lib/python3.8/site-packages/airflow/example_dags/example_complex.py
[2024-04-06 13:39:16,958] {processor.py:651} INFO - DAG(s) dict_keys(['example_complex']) retrieved from /opt/conda/lib/python3.8/site-packages/airflow/example_dags/example_complex.py
[2024-04-06 13:39:17,084] {logging_mixin.py:115} INFO - [2024-04-06 13:39:17,084] {dag.py:2420} INFO - Sync 1 DAGs
[2024-04-06 13:39:17,095] {logging_mixin.py:115} INFO - [2024-04-06 13:39:17,095] {dag.py:2968} INFO - Setting next_dagrun for example_complex to None, run_after=None
[2024-04-06 13:39:17,304] {processor.py:161} INFO - Processing /opt/conda/lib/python3.8/site-packages/airflow/example_dags/example_complex.py took 0.369 seconds
[2024-04-06 13:40:17,243] {processor.py:153} INFO - Started process (PID=7292) to work on /opt/conda/lib/python3.8/site-packages/airflow/example_dags/example_complex.py
[2024-04-06 13:40:17,245] {processor.py:641} INFO - Processing file /opt/conda/lib/python3.8/site-packages/airflow/example_dags/example_complex.py for tasks to queue
[2024-04-06 13:40:17,245] {logging_mixin.py:115} INFO - [2024-04-06 13:40:17,245] {dagbag.py:508} INFO - Filling up the DagBag from /opt/conda/lib/python3.8/site-packages/airflow/example_dags/example_complex.py
[2024-04-06 13:40:17,263] {processor.py:651} INFO - DAG(s) dict_keys(['example_complex']) retrieved from /opt/conda/lib/python3.8/site-packages/airflow/example_dags/example_complex.py
[2024-04-06 13:40:17,399] {logging_mixin.py:115} INFO - [2024-04-06 13:40:17,399] {dag.py:2420} INFO - Sync 1 DAGs
[2024-04-06 13:40:17,409] {logging_mixin.py:115} INFO - [2024-04-06 13:40:17,409] {dag.py:2968} INFO - Setting next_dagrun for example_complex to None, run_after=None
[2024-04-06 13:40:17,438] {processor.py:161} INFO - Processing /opt/conda/lib/python3.8/site-packages/airflow/example_dags/example_complex.py took 0.198 seconds
[2024-04-06 13:41:39,972] {processor.py:153} INFO - Started process (PID=7425) to work on /opt/conda/lib/python3.8/site-packages/airflow/example_dags/example_complex.py
[2024-04-06 13:41:39,973] {processor.py:641} INFO - Processing file /opt/conda/lib/python3.8/site-packages/airflow/example_dags/example_complex.py for tasks to queue
[2024-04-06 13:41:39,974] {logging_mixin.py:115} INFO - [2024-04-06 13:41:39,974] {dagbag.py:508} INFO - Filling up the DagBag from /opt/conda/lib/python3.8/site-packages/airflow/example_dags/example_complex.py
[2024-04-06 13:41:40,100] {processor.py:651} INFO - DAG(s) dict_keys(['example_complex']) retrieved from /opt/conda/lib/python3.8/site-packages/airflow/example_dags/example_complex.py
[2024-04-06 13:41:40,111] {logging_mixin.py:115} INFO - [2024-04-06 13:41:40,111] {dag.py:2420} INFO - Sync 1 DAGs
[2024-04-06 13:41:40,122] {logging_mixin.py:115} INFO - [2024-04-06 13:41:40,122] {dag.py:2968} INFO - Setting next_dagrun for example_complex to None, run_after=None
[2024-04-06 13:41:40,145] {processor.py:161} INFO - Processing /opt/conda/lib/python3.8/site-packages/airflow/example_dags/example_complex.py took 0.177 seconds
[2024-04-06 13:42:49,470] {processor.py:153} INFO - Started process (PID=7555) to work on /opt/conda/lib/python3.8/site-packages/airflow/example_dags/example_complex.py
[2024-04-06 13:42:50,332] {processor.py:641} INFO - Processing file /opt/conda/lib/python3.8/site-packages/airflow/example_dags/example_complex.py for tasks to queue
[2024-04-06 13:42:50,333] {logging_mixin.py:115} INFO - [2024-04-06 13:42:50,333] {dagbag.py:508} INFO - Filling up the DagBag from /opt/conda/lib/python3.8/site-packages/airflow/example_dags/example_complex.py
[2024-04-06 13:42:50,500] {processor.py:651} INFO - DAG(s) dict_keys(['example_complex']) retrieved from /opt/conda/lib/python3.8/site-packages/airflow/example_dags/example_complex.py
[2024-04-06 13:42:50,516] {logging_mixin.py:115} INFO - [2024-04-06 13:42:50,516] {dag.py:2420} INFO - Sync 1 DAGs
[2024-04-06 13:42:50,531] {logging_mixin.py:115} INFO - [2024-04-06 13:42:50,531] {dag.py:2968} INFO - Setting next_dagrun for example_complex to None, run_after=None
[2024-04-06 13:42:51,712] {processor.py:161} INFO - Processing /opt/conda/lib/python3.8/site-packages/airflow/example_dags/example_complex.py took 2.245 seconds
[2024-04-06 13:43:56,884] {processor.py:153} INFO - Started process (PID=7684) to work on /opt/conda/lib/python3.8/site-packages/airflow/example_dags/example_complex.py
[2024-04-06 13:43:56,886] {processor.py:641} INFO - Processing file /opt/conda/lib/python3.8/site-packages/airflow/example_dags/example_complex.py for tasks to queue
[2024-04-06 13:43:56,887] {logging_mixin.py:115} INFO - [2024-04-06 13:43:56,886] {dagbag.py:508} INFO - Filling up the DagBag from /opt/conda/lib/python3.8/site-packages/airflow/example_dags/example_complex.py
[2024-04-06 13:43:57,012] {processor.py:651} INFO - DAG(s) dict_keys(['example_complex']) retrieved from /opt/conda/lib/python3.8/site-packages/airflow/example_dags/example_complex.py
[2024-04-06 13:43:57,024] {logging_mixin.py:115} INFO - [2024-04-06 13:43:57,024] {dag.py:2420} INFO - Sync 1 DAGs
[2024-04-06 13:43:57,034] {logging_mixin.py:115} INFO - [2024-04-06 13:43:57,034] {dag.py:2968} INFO - Setting next_dagrun for example_complex to None, run_after=None
[2024-04-06 13:43:57,054] {processor.py:161} INFO - Processing /opt/conda/lib/python3.8/site-packages/airflow/example_dags/example_complex.py took 0.173 seconds
[2024-04-06 13:44:53,276] {processor.py:153} INFO - Started process (PID=7792) to work on /opt/conda/lib/python3.8/site-packages/airflow/example_dags/example_complex.py
[2024-04-06 13:44:53,278] {processor.py:641} INFO - Processing file /opt/conda/lib/python3.8/site-packages/airflow/example_dags/example_complex.py for tasks to queue
[2024-04-06 13:44:53,278] {logging_mixin.py:115} INFO - [2024-04-06 13:44:53,278] {dagbag.py:508} INFO - Filling up the DagBag from /opt/conda/lib/python3.8/site-packages/airflow/example_dags/example_complex.py
[2024-04-06 13:44:53,431] {processor.py:651} INFO - DAG(s) dict_keys(['example_complex']) retrieved from /opt/conda/lib/python3.8/site-packages/airflow/example_dags/example_complex.py
[2024-04-06 13:44:53,447] {logging_mixin.py:115} INFO - [2024-04-06 13:44:53,447] {dag.py:2420} INFO - Sync 1 DAGs
[2024-04-06 13:44:53,462] {logging_mixin.py:115} INFO - [2024-04-06 13:44:53,461] {dag.py:2968} INFO - Setting next_dagrun for example_complex to None, run_after=None
[2024-04-06 13:44:53,488] {processor.py:161} INFO - Processing /opt/conda/lib/python3.8/site-packages/airflow/example_dags/example_complex.py took 0.215 seconds
[2024-04-06 13:46:10,366] {processor.py:153} INFO - Started process (PID=7965) to work on /opt/conda/lib/python3.8/site-packages/airflow/example_dags/example_complex.py
[2024-04-06 13:46:10,368] {processor.py:641} INFO - Processing file /opt/conda/lib/python3.8/site-packages/airflow/example_dags/example_complex.py for tasks to queue
[2024-04-06 13:46:10,368] {logging_mixin.py:115} INFO - [2024-04-06 13:46:10,368] {dagbag.py:508} INFO - Filling up the DagBag from /opt/conda/lib/python3.8/site-packages/airflow/example_dags/example_complex.py
[2024-04-06 13:46:10,382] {processor.py:651} INFO - DAG(s) dict_keys(['example_complex']) retrieved from /opt/conda/lib/python3.8/site-packages/airflow/example_dags/example_complex.py
[2024-04-06 13:46:10,404] {logging_mixin.py:115} INFO - [2024-04-06 13:46:10,404] {dag.py:2420} INFO - Sync 1 DAGs
[2024-04-06 13:46:10,422] {logging_mixin.py:115} INFO - [2024-04-06 13:46:10,422] {dag.py:2968} INFO - Setting next_dagrun for example_complex to None, run_after=None
[2024-04-06 13:46:10,677] {processor.py:161} INFO - Processing /opt/conda/lib/python3.8/site-packages/airflow/example_dags/example_complex.py took 0.314 seconds
[2024-04-06 13:47:19,664] {processor.py:153} INFO - Started process (PID=8105) to work on /opt/conda/lib/python3.8/site-packages/airflow/example_dags/example_complex.py
[2024-04-06 13:47:19,665] {processor.py:641} INFO - Processing file /opt/conda/lib/python3.8/site-packages/airflow/example_dags/example_complex.py for tasks to queue
[2024-04-06 13:47:19,666] {logging_mixin.py:115} INFO - [2024-04-06 13:47:19,666] {dagbag.py:508} INFO - Filling up the DagBag from /opt/conda/lib/python3.8/site-packages/airflow/example_dags/example_complex.py
[2024-04-06 13:47:19,680] {processor.py:651} INFO - DAG(s) dict_keys(['example_complex']) retrieved from /opt/conda/lib/python3.8/site-packages/airflow/example_dags/example_complex.py
[2024-04-06 13:47:19,702] {logging_mixin.py:115} INFO - [2024-04-06 13:47:19,702] {dag.py:2420} INFO - Sync 1 DAGs
[2024-04-06 13:47:19,721] {logging_mixin.py:115} INFO - [2024-04-06 13:47:19,721] {dag.py:2968} INFO - Setting next_dagrun for example_complex to None, run_after=None
[2024-04-06 13:47:19,743] {processor.py:161} INFO - Processing /opt/conda/lib/python3.8/site-packages/airflow/example_dags/example_complex.py took 0.083 seconds
[2024-04-06 13:48:33,583] {processor.py:153} INFO - Started process (PID=8275) to work on /opt/conda/lib/python3.8/site-packages/airflow/example_dags/example_complex.py
[2024-04-06 13:48:33,585] {processor.py:641} INFO - Processing file /opt/conda/lib/python3.8/site-packages/airflow/example_dags/example_complex.py for tasks to queue
[2024-04-06 13:48:33,586] {logging_mixin.py:115} INFO - [2024-04-06 13:48:33,586] {dagbag.py:508} INFO - Filling up the DagBag from /opt/conda/lib/python3.8/site-packages/airflow/example_dags/example_complex.py
[2024-04-06 13:48:33,600] {processor.py:651} INFO - DAG(s) dict_keys(['example_complex']) retrieved from /opt/conda/lib/python3.8/site-packages/airflow/example_dags/example_complex.py
[2024-04-06 13:48:33,623] {logging_mixin.py:115} INFO - [2024-04-06 13:48:33,622] {dag.py:2420} INFO - Sync 1 DAGs
[2024-04-06 13:48:33,642] {logging_mixin.py:115} INFO - [2024-04-06 13:48:33,641] {dag.py:2968} INFO - Setting next_dagrun for example_complex to None, run_after=None
[2024-04-06 13:48:33,667] {processor.py:161} INFO - Processing /opt/conda/lib/python3.8/site-packages/airflow/example_dags/example_complex.py took 0.087 seconds
[2024-04-06 13:49:46,588] {processor.py:153} INFO - Started process (PID=8416) to work on /opt/conda/lib/python3.8/site-packages/airflow/example_dags/example_complex.py
[2024-04-06 13:49:46,590] {processor.py:641} INFO - Processing file /opt/conda/lib/python3.8/site-packages/airflow/example_dags/example_complex.py for tasks to queue
[2024-04-06 13:49:46,590] {logging_mixin.py:115} INFO - [2024-04-06 13:49:46,590] {dagbag.py:508} INFO - Filling up the DagBag from /opt/conda/lib/python3.8/site-packages/airflow/example_dags/example_complex.py
[2024-04-06 13:49:46,604] {processor.py:651} INFO - DAG(s) dict_keys(['example_complex']) retrieved from /opt/conda/lib/python3.8/site-packages/airflow/example_dags/example_complex.py
[2024-04-06 13:49:46,624] {logging_mixin.py:115} INFO - [2024-04-06 13:49:46,624] {dag.py:2420} INFO - Sync 1 DAGs
[2024-04-06 13:49:46,643] {logging_mixin.py:115} INFO - [2024-04-06 13:49:46,643] {dag.py:2968} INFO - Setting next_dagrun for example_complex to None, run_after=None
[2024-04-06 13:49:46,666] {processor.py:161} INFO - Processing /opt/conda/lib/python3.8/site-packages/airflow/example_dags/example_complex.py took 0.082 seconds
[2024-04-06 13:51:01,167] {processor.py:153} INFO - Started process (PID=8588) to work on /opt/conda/lib/python3.8/site-packages/airflow/example_dags/example_complex.py
[2024-04-06 13:51:01,169] {processor.py:641} INFO - Processing file /opt/conda/lib/python3.8/site-packages/airflow/example_dags/example_complex.py for tasks to queue
[2024-04-06 13:51:01,170] {logging_mixin.py:115} INFO - [2024-04-06 13:51:01,169] {dagbag.py:508} INFO - Filling up the DagBag from /opt/conda/lib/python3.8/site-packages/airflow/example_dags/example_complex.py
[2024-04-06 13:51:01,184] {processor.py:651} INFO - DAG(s) dict_keys(['example_complex']) retrieved from /opt/conda/lib/python3.8/site-packages/airflow/example_dags/example_complex.py
[2024-04-06 13:51:01,206] {logging_mixin.py:115} INFO - [2024-04-06 13:51:01,206] {dag.py:2420} INFO - Sync 1 DAGs
[2024-04-06 13:51:01,222] {logging_mixin.py:115} INFO - [2024-04-06 13:51:01,221] {dag.py:2968} INFO - Setting next_dagrun for example_complex to None, run_after=None
[2024-04-06 13:51:01,242] {processor.py:161} INFO - Processing /opt/conda/lib/python3.8/site-packages/airflow/example_dags/example_complex.py took 0.078 seconds
[2024-04-06 13:52:10,072] {processor.py:153} INFO - Started process (PID=8728) to work on /opt/conda/lib/python3.8/site-packages/airflow/example_dags/example_complex.py
[2024-04-06 13:52:10,074] {processor.py:641} INFO - Processing file /opt/conda/lib/python3.8/site-packages/airflow/example_dags/example_complex.py for tasks to queue
[2024-04-06 13:52:10,075] {logging_mixin.py:115} INFO - [2024-04-06 13:52:10,075] {dagbag.py:508} INFO - Filling up the DagBag from /opt/conda/lib/python3.8/site-packages/airflow/example_dags/example_complex.py
[2024-04-06 13:52:10,088] {processor.py:651} INFO - DAG(s) dict_keys(['example_complex']) retrieved from /opt/conda/lib/python3.8/site-packages/airflow/example_dags/example_complex.py
[2024-04-06 13:52:10,106] {logging_mixin.py:115} INFO - [2024-04-06 13:52:10,106] {dag.py:2420} INFO - Sync 1 DAGs
[2024-04-06 13:52:10,120] {logging_mixin.py:115} INFO - [2024-04-06 13:52:10,120] {dag.py:2968} INFO - Setting next_dagrun for example_complex to None, run_after=None
[2024-04-06 13:52:10,140] {processor.py:161} INFO - Processing /opt/conda/lib/python3.8/site-packages/airflow/example_dags/example_complex.py took 0.071 seconds
