[2024-04-06 12:46:06,094] {processor.py:153} INFO - Started process (PID=1397) to work on /opt/conda/lib/python3.8/site-packages/airflow/example_dags/tutorial.py
[2024-04-06 12:46:06,095] {processor.py:641} INFO - Processing file /opt/conda/lib/python3.8/site-packages/airflow/example_dags/tutorial.py for tasks to queue
[2024-04-06 12:46:06,095] {logging_mixin.py:115} INFO - [2024-04-06 12:46:06,095] {dagbag.py:508} INFO - Filling up the DagBag from /opt/conda/lib/python3.8/site-packages/airflow/example_dags/tutorial.py
[2024-04-06 12:46:06,101] {processor.py:651} INFO - DAG(s) dict_keys(['tutorial']) retrieved from /opt/conda/lib/python3.8/site-packages/airflow/example_dags/tutorial.py
[2024-04-06 12:46:06,118] {logging_mixin.py:115} INFO - [2024-04-06 12:46:06,118] {dag.py:2420} INFO - Sync 1 DAGs
[2024-04-06 12:46:06,233] {logging_mixin.py:115} INFO - [2024-04-06 12:46:06,233] {dag.py:2968} INFO - Setting next_dagrun for tutorial to 2024-04-05T12:46:06.233356+00:00, run_after=2024-04-06T12:46:06.233356+00:00
[2024-04-06 12:46:06,251] {processor.py:161} INFO - Processing /opt/conda/lib/python3.8/site-packages/airflow/example_dags/tutorial.py took 0.160 seconds
[2024-04-06 12:46:58,202] {processor.py:153} INFO - Started process (PID=1468) to work on /opt/conda/lib/python3.8/site-packages/airflow/example_dags/tutorial.py
[2024-04-06 12:46:58,204] {processor.py:641} INFO - Processing file /opt/conda/lib/python3.8/site-packages/airflow/example_dags/tutorial.py for tasks to queue
[2024-04-06 12:46:58,204] {logging_mixin.py:115} INFO - [2024-04-06 12:46:58,204] {dagbag.py:508} INFO - Filling up the DagBag from /opt/conda/lib/python3.8/site-packages/airflow/example_dags/tutorial.py
[2024-04-06 12:46:58,211] {processor.py:651} INFO - DAG(s) dict_keys(['tutorial']) retrieved from /opt/conda/lib/python3.8/site-packages/airflow/example_dags/tutorial.py
[2024-04-06 12:46:58,229] {logging_mixin.py:115} INFO - [2024-04-06 12:46:58,229] {dag.py:2420} INFO - Sync 1 DAGs
[2024-04-06 12:46:58,347] {logging_mixin.py:115} INFO - [2024-04-06 12:46:58,347] {dag.py:2968} INFO - Setting next_dagrun for tutorial to 2024-04-05T12:46:58.347540+00:00, run_after=2024-04-06T12:46:58.347540+00:00
[2024-04-06 12:46:58,366] {processor.py:161} INFO - Processing /opt/conda/lib/python3.8/site-packages/airflow/example_dags/tutorial.py took 0.167 seconds
[2024-04-06 12:47:55,867] {processor.py:153} INFO - Started process (PID=1576) to work on /opt/conda/lib/python3.8/site-packages/airflow/example_dags/tutorial.py
[2024-04-06 12:47:55,869] {processor.py:641} INFO - Processing file /opt/conda/lib/python3.8/site-packages/airflow/example_dags/tutorial.py for tasks to queue
[2024-04-06 12:47:55,869] {logging_mixin.py:115} INFO - [2024-04-06 12:47:55,869] {dagbag.py:508} INFO - Filling up the DagBag from /opt/conda/lib/python3.8/site-packages/airflow/example_dags/tutorial.py
[2024-04-06 12:47:55,876] {processor.py:651} INFO - DAG(s) dict_keys(['tutorial']) retrieved from /opt/conda/lib/python3.8/site-packages/airflow/example_dags/tutorial.py
[2024-04-06 12:47:55,896] {logging_mixin.py:115} INFO - [2024-04-06 12:47:55,896] {dag.py:2420} INFO - Sync 1 DAGs
[2024-04-06 12:47:56,037] {logging_mixin.py:115} INFO - [2024-04-06 12:47:56,037] {dag.py:2968} INFO - Setting next_dagrun for tutorial to 2024-04-05T12:47:56.037224+00:00, run_after=2024-04-06T12:47:56.037224+00:00
[2024-04-06 12:47:56,111] {processor.py:161} INFO - Processing /opt/conda/lib/python3.8/site-packages/airflow/example_dags/tutorial.py took 0.248 seconds
[2024-04-06 12:49:02,927] {processor.py:153} INFO - Started process (PID=1659) to work on /opt/conda/lib/python3.8/site-packages/airflow/example_dags/tutorial.py
[2024-04-06 12:49:02,929] {processor.py:641} INFO - Processing file /opt/conda/lib/python3.8/site-packages/airflow/example_dags/tutorial.py for tasks to queue
[2024-04-06 12:49:02,929] {logging_mixin.py:115} INFO - [2024-04-06 12:49:02,929] {dagbag.py:508} INFO - Filling up the DagBag from /opt/conda/lib/python3.8/site-packages/airflow/example_dags/tutorial.py
[2024-04-06 12:49:02,935] {processor.py:651} INFO - DAG(s) dict_keys(['tutorial']) retrieved from /opt/conda/lib/python3.8/site-packages/airflow/example_dags/tutorial.py
[2024-04-06 12:49:02,953] {logging_mixin.py:115} INFO - [2024-04-06 12:49:02,953] {dag.py:2420} INFO - Sync 1 DAGs
[2024-04-06 12:49:03,073] {logging_mixin.py:115} INFO - [2024-04-06 12:49:03,073] {dag.py:2968} INFO - Setting next_dagrun for tutorial to 2024-04-05T12:49:03.073331+00:00, run_after=2024-04-06T12:49:03.073331+00:00
[2024-04-06 12:49:03,249] {processor.py:161} INFO - Processing /opt/conda/lib/python3.8/site-packages/airflow/example_dags/tutorial.py took 0.325 seconds
[2024-04-06 12:50:02,478] {processor.py:153} INFO - Started process (PID=1768) to work on /opt/conda/lib/python3.8/site-packages/airflow/example_dags/tutorial.py
[2024-04-06 12:50:02,480] {processor.py:641} INFO - Processing file /opt/conda/lib/python3.8/site-packages/airflow/example_dags/tutorial.py for tasks to queue
[2024-04-06 12:50:02,481] {logging_mixin.py:115} INFO - [2024-04-06 12:50:02,481] {dagbag.py:508} INFO - Filling up the DagBag from /opt/conda/lib/python3.8/site-packages/airflow/example_dags/tutorial.py
[2024-04-06 12:50:02,486] {processor.py:651} INFO - DAG(s) dict_keys(['tutorial']) retrieved from /opt/conda/lib/python3.8/site-packages/airflow/example_dags/tutorial.py
[2024-04-06 12:50:02,609] {logging_mixin.py:115} INFO - [2024-04-06 12:50:02,609] {dag.py:2420} INFO - Sync 1 DAGs
[2024-04-06 12:50:02,621] {logging_mixin.py:115} INFO - [2024-04-06 12:50:02,621] {dag.py:2968} INFO - Setting next_dagrun for tutorial to 2024-04-05T12:50:02.620833+00:00, run_after=2024-04-06T12:50:02.620833+00:00
[2024-04-06 12:50:02,653] {processor.py:161} INFO - Processing /opt/conda/lib/python3.8/site-packages/airflow/example_dags/tutorial.py took 0.178 seconds
[2024-04-06 12:50:59,542] {processor.py:153} INFO - Started process (PID=1846) to work on /opt/conda/lib/python3.8/site-packages/airflow/example_dags/tutorial.py
[2024-04-06 12:50:59,544] {processor.py:641} INFO - Processing file /opt/conda/lib/python3.8/site-packages/airflow/example_dags/tutorial.py for tasks to queue
[2024-04-06 12:50:59,545] {logging_mixin.py:115} INFO - [2024-04-06 12:50:59,545] {dagbag.py:508} INFO - Filling up the DagBag from /opt/conda/lib/python3.8/site-packages/airflow/example_dags/tutorial.py
[2024-04-06 12:50:59,551] {processor.py:651} INFO - DAG(s) dict_keys(['tutorial']) retrieved from /opt/conda/lib/python3.8/site-packages/airflow/example_dags/tutorial.py
[2024-04-06 12:50:59,680] {logging_mixin.py:115} INFO - [2024-04-06 12:50:59,680] {dag.py:2420} INFO - Sync 1 DAGs
[2024-04-06 12:50:59,691] {logging_mixin.py:115} INFO - [2024-04-06 12:50:59,691] {dag.py:2968} INFO - Setting next_dagrun for tutorial to 2024-04-05T12:50:59.691239+00:00, run_after=2024-04-06T12:50:59.691239+00:00
[2024-04-06 12:50:59,711] {processor.py:161} INFO - Processing /opt/conda/lib/python3.8/site-packages/airflow/example_dags/tutorial.py took 0.172 seconds
[2024-04-06 12:51:50,591] {processor.py:153} INFO - Started process (PID=1926) to work on /opt/conda/lib/python3.8/site-packages/airflow/example_dags/tutorial.py
[2024-04-06 12:51:50,593] {processor.py:641} INFO - Processing file /opt/conda/lib/python3.8/site-packages/airflow/example_dags/tutorial.py for tasks to queue
[2024-04-06 12:51:50,593] {logging_mixin.py:115} INFO - [2024-04-06 12:51:50,593] {dagbag.py:508} INFO - Filling up the DagBag from /opt/conda/lib/python3.8/site-packages/airflow/example_dags/tutorial.py
[2024-04-06 12:51:50,599] {processor.py:651} INFO - DAG(s) dict_keys(['tutorial']) retrieved from /opt/conda/lib/python3.8/site-packages/airflow/example_dags/tutorial.py
[2024-04-06 12:51:50,729] {logging_mixin.py:115} INFO - [2024-04-06 12:51:50,729] {dag.py:2420} INFO - Sync 1 DAGs
[2024-04-06 12:51:50,740] {logging_mixin.py:115} INFO - [2024-04-06 12:51:50,740] {dag.py:2968} INFO - Setting next_dagrun for tutorial to 2024-04-05T12:51:50.740227+00:00, run_after=2024-04-06T12:51:50.740227+00:00
[2024-04-06 12:51:50,759] {processor.py:161} INFO - Processing /opt/conda/lib/python3.8/site-packages/airflow/example_dags/tutorial.py took 0.172 seconds
[2024-04-06 12:52:51,435] {processor.py:153} INFO - Started process (PID=2029) to work on /opt/conda/lib/python3.8/site-packages/airflow/example_dags/tutorial.py
[2024-04-06 12:52:51,438] {processor.py:641} INFO - Processing file /opt/conda/lib/python3.8/site-packages/airflow/example_dags/tutorial.py for tasks to queue
[2024-04-06 12:52:51,438] {logging_mixin.py:115} INFO - [2024-04-06 12:52:51,438] {dagbag.py:508} INFO - Filling up the DagBag from /opt/conda/lib/python3.8/site-packages/airflow/example_dags/tutorial.py
[2024-04-06 12:52:51,445] {processor.py:651} INFO - DAG(s) dict_keys(['tutorial']) retrieved from /opt/conda/lib/python3.8/site-packages/airflow/example_dags/tutorial.py
[2024-04-06 12:52:51,576] {logging_mixin.py:115} INFO - [2024-04-06 12:52:51,576] {dag.py:2420} INFO - Sync 1 DAGs
[2024-04-06 12:52:51,587] {logging_mixin.py:115} INFO - [2024-04-06 12:52:51,587] {dag.py:2968} INFO - Setting next_dagrun for tutorial to 2024-04-05T12:52:51.587249+00:00, run_after=2024-04-06T12:52:51.587249+00:00
[2024-04-06 12:52:51,606] {processor.py:161} INFO - Processing /opt/conda/lib/python3.8/site-packages/airflow/example_dags/tutorial.py took 0.174 seconds
[2024-04-06 12:53:46,432] {processor.py:153} INFO - Started process (PID=2113) to work on /opt/conda/lib/python3.8/site-packages/airflow/example_dags/tutorial.py
[2024-04-06 12:53:46,434] {processor.py:641} INFO - Processing file /opt/conda/lib/python3.8/site-packages/airflow/example_dags/tutorial.py for tasks to queue
[2024-04-06 12:53:46,434] {logging_mixin.py:115} INFO - [2024-04-06 12:53:46,434] {dagbag.py:508} INFO - Filling up the DagBag from /opt/conda/lib/python3.8/site-packages/airflow/example_dags/tutorial.py
[2024-04-06 12:53:46,440] {processor.py:651} INFO - DAG(s) dict_keys(['tutorial']) retrieved from /opt/conda/lib/python3.8/site-packages/airflow/example_dags/tutorial.py
[2024-04-06 12:53:46,568] {logging_mixin.py:115} INFO - [2024-04-06 12:53:46,568] {dag.py:2420} INFO - Sync 1 DAGs
[2024-04-06 12:53:46,579] {logging_mixin.py:115} INFO - [2024-04-06 12:53:46,579] {dag.py:2968} INFO - Setting next_dagrun for tutorial to 2024-04-05T12:53:46.579494+00:00, run_after=2024-04-06T12:53:46.579494+00:00
[2024-04-06 12:53:46,599] {processor.py:161} INFO - Processing /opt/conda/lib/python3.8/site-packages/airflow/example_dags/tutorial.py took 0.171 seconds
[2024-04-06 12:54:36,837] {processor.py:153} INFO - Started process (PID=2207) to work on /opt/conda/lib/python3.8/site-packages/airflow/example_dags/tutorial.py
[2024-04-06 12:54:36,839] {processor.py:641} INFO - Processing file /opt/conda/lib/python3.8/site-packages/airflow/example_dags/tutorial.py for tasks to queue
[2024-04-06 12:54:36,839] {logging_mixin.py:115} INFO - [2024-04-06 12:54:36,839] {dagbag.py:508} INFO - Filling up the DagBag from /opt/conda/lib/python3.8/site-packages/airflow/example_dags/tutorial.py
[2024-04-06 12:54:36,846] {processor.py:651} INFO - DAG(s) dict_keys(['tutorial']) retrieved from /opt/conda/lib/python3.8/site-packages/airflow/example_dags/tutorial.py
[2024-04-06 12:54:36,863] {logging_mixin.py:115} INFO - [2024-04-06 12:54:36,862] {dag.py:2420} INFO - Sync 1 DAGs
[2024-04-06 12:54:36,882] {logging_mixin.py:115} INFO - [2024-04-06 12:54:36,882] {dag.py:2968} INFO - Setting next_dagrun for tutorial to 2024-04-05T12:54:36.882268+00:00, run_after=2024-04-06T12:54:36.882268+00:00
[2024-04-06 12:54:36,906] {processor.py:161} INFO - Processing /opt/conda/lib/python3.8/site-packages/airflow/example_dags/tutorial.py took 0.073 seconds
[2024-04-06 12:55:17,958] {processor.py:153} INFO - Started process (PID=2280) to work on /opt/conda/lib/python3.8/site-packages/airflow/example_dags/tutorial.py
[2024-04-06 12:55:17,959] {processor.py:641} INFO - Processing file /opt/conda/lib/python3.8/site-packages/airflow/example_dags/tutorial.py for tasks to queue
[2024-04-06 12:55:17,960] {logging_mixin.py:115} INFO - [2024-04-06 12:55:17,960] {dagbag.py:508} INFO - Filling up the DagBag from /opt/conda/lib/python3.8/site-packages/airflow/example_dags/tutorial.py
[2024-04-06 12:55:17,966] {processor.py:651} INFO - DAG(s) dict_keys(['tutorial']) retrieved from /opt/conda/lib/python3.8/site-packages/airflow/example_dags/tutorial.py
[2024-04-06 12:55:17,982] {logging_mixin.py:115} INFO - [2024-04-06 12:55:17,982] {dag.py:2420} INFO - Sync 1 DAGs
[2024-04-06 12:55:17,998] {logging_mixin.py:115} INFO - [2024-04-06 12:55:17,997] {dag.py:2968} INFO - Setting next_dagrun for tutorial to 2024-04-05T12:55:17.997707+00:00, run_after=2024-04-06T12:55:17.997707+00:00
[2024-04-06 12:55:18,017] {processor.py:161} INFO - Processing /opt/conda/lib/python3.8/site-packages/airflow/example_dags/tutorial.py took 0.063 seconds
[2024-04-06 12:56:01,867] {processor.py:153} INFO - Started process (PID=2351) to work on /opt/conda/lib/python3.8/site-packages/airflow/example_dags/tutorial.py
[2024-04-06 12:56:01,868] {processor.py:641} INFO - Processing file /opt/conda/lib/python3.8/site-packages/airflow/example_dags/tutorial.py for tasks to queue
[2024-04-06 12:56:01,869] {logging_mixin.py:115} INFO - [2024-04-06 12:56:01,869] {dagbag.py:508} INFO - Filling up the DagBag from /opt/conda/lib/python3.8/site-packages/airflow/example_dags/tutorial.py
[2024-04-06 12:56:01,876] {processor.py:651} INFO - DAG(s) dict_keys(['tutorial']) retrieved from /opt/conda/lib/python3.8/site-packages/airflow/example_dags/tutorial.py
[2024-04-06 12:56:01,894] {logging_mixin.py:115} INFO - [2024-04-06 12:56:01,894] {dag.py:2420} INFO - Sync 1 DAGs
[2024-04-06 12:56:01,912] {logging_mixin.py:115} INFO - [2024-04-06 12:56:01,912] {dag.py:2968} INFO - Setting next_dagrun for tutorial to 2024-04-05T12:56:01.912551+00:00, run_after=2024-04-06T12:56:01.912551+00:00
[2024-04-06 12:56:01,934] {processor.py:161} INFO - Processing /opt/conda/lib/python3.8/site-packages/airflow/example_dags/tutorial.py took 0.071 seconds
[2024-04-06 12:56:55,368] {processor.py:153} INFO - Started process (PID=2445) to work on /opt/conda/lib/python3.8/site-packages/airflow/example_dags/tutorial.py
[2024-04-06 12:56:55,370] {processor.py:641} INFO - Processing file /opt/conda/lib/python3.8/site-packages/airflow/example_dags/tutorial.py for tasks to queue
[2024-04-06 12:56:55,370] {logging_mixin.py:115} INFO - [2024-04-06 12:56:55,370] {dagbag.py:508} INFO - Filling up the DagBag from /opt/conda/lib/python3.8/site-packages/airflow/example_dags/tutorial.py
[2024-04-06 12:56:55,377] {processor.py:651} INFO - DAG(s) dict_keys(['tutorial']) retrieved from /opt/conda/lib/python3.8/site-packages/airflow/example_dags/tutorial.py
[2024-04-06 12:56:55,395] {logging_mixin.py:115} INFO - [2024-04-06 12:56:55,395] {dag.py:2420} INFO - Sync 1 DAGs
[2024-04-06 12:56:55,415] {logging_mixin.py:115} INFO - [2024-04-06 12:56:55,415] {dag.py:2968} INFO - Setting next_dagrun for tutorial to 2024-04-05T12:56:55.414913+00:00, run_after=2024-04-06T12:56:55.414913+00:00
[2024-04-06 12:56:55,436] {processor.py:161} INFO - Processing /opt/conda/lib/python3.8/site-packages/airflow/example_dags/tutorial.py took 0.072 seconds
[2024-04-06 12:57:36,811] {processor.py:153} INFO - Started process (PID=2514) to work on /opt/conda/lib/python3.8/site-packages/airflow/example_dags/tutorial.py
[2024-04-06 12:57:36,813] {processor.py:641} INFO - Processing file /opt/conda/lib/python3.8/site-packages/airflow/example_dags/tutorial.py for tasks to queue
[2024-04-06 12:57:36,813] {logging_mixin.py:115} INFO - [2024-04-06 12:57:36,813] {dagbag.py:508} INFO - Filling up the DagBag from /opt/conda/lib/python3.8/site-packages/airflow/example_dags/tutorial.py
[2024-04-06 12:57:36,820] {processor.py:651} INFO - DAG(s) dict_keys(['tutorial']) retrieved from /opt/conda/lib/python3.8/site-packages/airflow/example_dags/tutorial.py
[2024-04-06 12:57:36,835] {logging_mixin.py:115} INFO - [2024-04-06 12:57:36,835] {dag.py:2420} INFO - Sync 1 DAGs
[2024-04-06 12:57:36,850] {logging_mixin.py:115} INFO - [2024-04-06 12:57:36,850] {dag.py:2968} INFO - Setting next_dagrun for tutorial to 2024-04-05T12:57:36.849925+00:00, run_after=2024-04-06T12:57:36.849925+00:00
[2024-04-06 12:57:36,870] {processor.py:161} INFO - Processing /opt/conda/lib/python3.8/site-packages/airflow/example_dags/tutorial.py took 0.062 seconds
[2024-04-06 12:58:20,447] {processor.py:153} INFO - Started process (PID=2585) to work on /opt/conda/lib/python3.8/site-packages/airflow/example_dags/tutorial.py
[2024-04-06 12:58:20,449] {processor.py:641} INFO - Processing file /opt/conda/lib/python3.8/site-packages/airflow/example_dags/tutorial.py for tasks to queue
[2024-04-06 12:58:20,450] {logging_mixin.py:115} INFO - [2024-04-06 12:58:20,449] {dagbag.py:508} INFO - Filling up the DagBag from /opt/conda/lib/python3.8/site-packages/airflow/example_dags/tutorial.py
[2024-04-06 12:58:20,456] {processor.py:651} INFO - DAG(s) dict_keys(['tutorial']) retrieved from /opt/conda/lib/python3.8/site-packages/airflow/example_dags/tutorial.py
[2024-04-06 12:58:20,471] {logging_mixin.py:115} INFO - [2024-04-06 12:58:20,471] {dag.py:2420} INFO - Sync 1 DAGs
[2024-04-06 12:58:20,486] {logging_mixin.py:115} INFO - [2024-04-06 12:58:20,486] {dag.py:2968} INFO - Setting next_dagrun for tutorial to 2024-04-05T12:58:20.486335+00:00, run_after=2024-04-06T12:58:20.486335+00:00
[2024-04-06 12:58:20,507] {processor.py:161} INFO - Processing /opt/conda/lib/python3.8/site-packages/airflow/example_dags/tutorial.py took 0.063 seconds
[2024-04-06 12:59:16,584] {processor.py:153} INFO - Started process (PID=2679) to work on /opt/conda/lib/python3.8/site-packages/airflow/example_dags/tutorial.py
[2024-04-06 12:59:16,586] {processor.py:641} INFO - Processing file /opt/conda/lib/python3.8/site-packages/airflow/example_dags/tutorial.py for tasks to queue
[2024-04-06 12:59:16,586] {logging_mixin.py:115} INFO - [2024-04-06 12:59:16,586] {dagbag.py:508} INFO - Filling up the DagBag from /opt/conda/lib/python3.8/site-packages/airflow/example_dags/tutorial.py
[2024-04-06 12:59:16,593] {processor.py:651} INFO - DAG(s) dict_keys(['tutorial']) retrieved from /opt/conda/lib/python3.8/site-packages/airflow/example_dags/tutorial.py
[2024-04-06 12:59:16,611] {logging_mixin.py:115} INFO - [2024-04-06 12:59:16,611] {dag.py:2420} INFO - Sync 1 DAGs
[2024-04-06 12:59:16,631] {logging_mixin.py:115} INFO - [2024-04-06 12:59:16,631] {dag.py:2968} INFO - Setting next_dagrun for tutorial to 2024-04-05T12:59:16.631104+00:00, run_after=2024-04-06T12:59:16.631104+00:00
[2024-04-06 12:59:16,655] {processor.py:161} INFO - Processing /opt/conda/lib/python3.8/site-packages/airflow/example_dags/tutorial.py took 0.075 seconds
[2024-04-06 13:00:01,306] {processor.py:153} INFO - Started process (PID=2750) to work on /opt/conda/lib/python3.8/site-packages/airflow/example_dags/tutorial.py
[2024-04-06 13:00:01,315] {processor.py:641} INFO - Processing file /opt/conda/lib/python3.8/site-packages/airflow/example_dags/tutorial.py for tasks to queue
[2024-04-06 13:00:01,316] {logging_mixin.py:115} INFO - [2024-04-06 13:00:01,316] {dagbag.py:508} INFO - Filling up the DagBag from /opt/conda/lib/python3.8/site-packages/airflow/example_dags/tutorial.py
[2024-04-06 13:00:01,322] {processor.py:651} INFO - DAG(s) dict_keys(['tutorial']) retrieved from /opt/conda/lib/python3.8/site-packages/airflow/example_dags/tutorial.py
[2024-04-06 13:00:01,340] {logging_mixin.py:115} INFO - [2024-04-06 13:00:01,340] {dag.py:2420} INFO - Sync 1 DAGs
[2024-04-06 13:00:01,359] {logging_mixin.py:115} INFO - [2024-04-06 13:00:01,359] {dag.py:2968} INFO - Setting next_dagrun for tutorial to 2024-04-05T13:00:01.358837+00:00, run_after=2024-04-06T13:00:01.358837+00:00
[2024-04-06 13:00:01,391] {processor.py:161} INFO - Processing /opt/conda/lib/python3.8/site-packages/airflow/example_dags/tutorial.py took 0.088 seconds
[2024-04-06 13:00:45,071] {processor.py:153} INFO - Started process (PID=2821) to work on /opt/conda/lib/python3.8/site-packages/airflow/example_dags/tutorial.py
[2024-04-06 13:00:45,073] {processor.py:641} INFO - Processing file /opt/conda/lib/python3.8/site-packages/airflow/example_dags/tutorial.py for tasks to queue
[2024-04-06 13:00:45,074] {logging_mixin.py:115} INFO - [2024-04-06 13:00:45,074] {dagbag.py:508} INFO - Filling up the DagBag from /opt/conda/lib/python3.8/site-packages/airflow/example_dags/tutorial.py
[2024-04-06 13:00:45,080] {processor.py:651} INFO - DAG(s) dict_keys(['tutorial']) retrieved from /opt/conda/lib/python3.8/site-packages/airflow/example_dags/tutorial.py
[2024-04-06 13:00:45,099] {logging_mixin.py:115} INFO - [2024-04-06 13:00:45,099] {dag.py:2420} INFO - Sync 1 DAGs
[2024-04-06 13:00:45,119] {logging_mixin.py:115} INFO - [2024-04-06 13:00:45,118] {dag.py:2968} INFO - Setting next_dagrun for tutorial to 2024-04-05T13:00:45.118588+00:00, run_after=2024-04-06T13:00:45.118588+00:00
[2024-04-06 13:00:45,141] {processor.py:161} INFO - Processing /opt/conda/lib/python3.8/site-packages/airflow/example_dags/tutorial.py took 0.074 seconds
[2024-04-06 13:01:26,455] {processor.py:153} INFO - Started process (PID=2890) to work on /opt/conda/lib/python3.8/site-packages/airflow/example_dags/tutorial.py
[2024-04-06 13:01:26,466] {processor.py:641} INFO - Processing file /opt/conda/lib/python3.8/site-packages/airflow/example_dags/tutorial.py for tasks to queue
[2024-04-06 13:01:26,467] {logging_mixin.py:115} INFO - [2024-04-06 13:01:26,466] {dagbag.py:508} INFO - Filling up the DagBag from /opt/conda/lib/python3.8/site-packages/airflow/example_dags/tutorial.py
[2024-04-06 13:01:26,473] {processor.py:651} INFO - DAG(s) dict_keys(['tutorial']) retrieved from /opt/conda/lib/python3.8/site-packages/airflow/example_dags/tutorial.py
[2024-04-06 13:01:26,491] {logging_mixin.py:115} INFO - [2024-04-06 13:01:26,491] {dag.py:2420} INFO - Sync 1 DAGs
[2024-04-06 13:01:26,510] {logging_mixin.py:115} INFO - [2024-04-06 13:01:26,510] {dag.py:2968} INFO - Setting next_dagrun for tutorial to 2024-04-05T13:01:26.510033+00:00, run_after=2024-04-06T13:01:26.510033+00:00
[2024-04-06 13:01:26,534] {processor.py:161} INFO - Processing /opt/conda/lib/python3.8/site-packages/airflow/example_dags/tutorial.py took 0.082 seconds
[2024-04-06 13:02:12,576] {processor.py:153} INFO - Started process (PID=2980) to work on /opt/conda/lib/python3.8/site-packages/airflow/example_dags/tutorial.py
[2024-04-06 13:02:12,577] {processor.py:641} INFO - Processing file /opt/conda/lib/python3.8/site-packages/airflow/example_dags/tutorial.py for tasks to queue
[2024-04-06 13:02:12,578] {logging_mixin.py:115} INFO - [2024-04-06 13:02:12,578] {dagbag.py:508} INFO - Filling up the DagBag from /opt/conda/lib/python3.8/site-packages/airflow/example_dags/tutorial.py
[2024-04-06 13:02:12,584] {processor.py:651} INFO - DAG(s) dict_keys(['tutorial']) retrieved from /opt/conda/lib/python3.8/site-packages/airflow/example_dags/tutorial.py
[2024-04-06 13:02:12,600] {logging_mixin.py:115} INFO - [2024-04-06 13:02:12,599] {dag.py:2420} INFO - Sync 1 DAGs
[2024-04-06 13:02:12,614] {logging_mixin.py:115} INFO - [2024-04-06 13:02:12,614] {dag.py:2968} INFO - Setting next_dagrun for tutorial to 2024-04-05T13:02:12.614626+00:00, run_after=2024-04-06T13:02:12.614626+00:00
[2024-04-06 13:02:12,636] {processor.py:161} INFO - Processing /opt/conda/lib/python3.8/site-packages/airflow/example_dags/tutorial.py took 0.063 seconds
[2024-04-06 13:02:54,451] {processor.py:153} INFO - Started process (PID=3050) to work on /opt/conda/lib/python3.8/site-packages/airflow/example_dags/tutorial.py
[2024-04-06 13:02:54,453] {processor.py:641} INFO - Processing file /opt/conda/lib/python3.8/site-packages/airflow/example_dags/tutorial.py for tasks to queue
[2024-04-06 13:02:54,454] {logging_mixin.py:115} INFO - [2024-04-06 13:02:54,453] {dagbag.py:508} INFO - Filling up the DagBag from /opt/conda/lib/python3.8/site-packages/airflow/example_dags/tutorial.py
[2024-04-06 13:02:54,460] {processor.py:651} INFO - DAG(s) dict_keys(['tutorial']) retrieved from /opt/conda/lib/python3.8/site-packages/airflow/example_dags/tutorial.py
[2024-04-06 13:02:54,478] {logging_mixin.py:115} INFO - [2024-04-06 13:02:54,478] {dag.py:2420} INFO - Sync 1 DAGs
[2024-04-06 13:02:54,496] {logging_mixin.py:115} INFO - [2024-04-06 13:02:54,496] {dag.py:2968} INFO - Setting next_dagrun for tutorial to 2024-04-05T13:02:54.495836+00:00, run_after=2024-04-06T13:02:54.495836+00:00
[2024-04-06 13:02:54,516] {processor.py:161} INFO - Processing /opt/conda/lib/python3.8/site-packages/airflow/example_dags/tutorial.py took 0.069 seconds
[2024-04-06 13:03:44,956] {processor.py:153} INFO - Started process (PID=3144) to work on /opt/conda/lib/python3.8/site-packages/airflow/example_dags/tutorial.py
[2024-04-06 13:03:44,958] {processor.py:641} INFO - Processing file /opt/conda/lib/python3.8/site-packages/airflow/example_dags/tutorial.py for tasks to queue
[2024-04-06 13:03:44,959] {logging_mixin.py:115} INFO - [2024-04-06 13:03:44,958] {dagbag.py:508} INFO - Filling up the DagBag from /opt/conda/lib/python3.8/site-packages/airflow/example_dags/tutorial.py
[2024-04-06 13:03:44,965] {processor.py:651} INFO - DAG(s) dict_keys(['tutorial']) retrieved from /opt/conda/lib/python3.8/site-packages/airflow/example_dags/tutorial.py
[2024-04-06 13:03:44,979] {logging_mixin.py:115} INFO - [2024-04-06 13:03:44,979] {dag.py:2420} INFO - Sync 1 DAGs
[2024-04-06 13:03:44,994] {logging_mixin.py:115} INFO - [2024-04-06 13:03:44,994] {dag.py:2968} INFO - Setting next_dagrun for tutorial to 2024-04-05T13:03:44.994675+00:00, run_after=2024-04-06T13:03:44.994675+00:00
[2024-04-06 13:03:45,015] {processor.py:161} INFO - Processing /opt/conda/lib/python3.8/site-packages/airflow/example_dags/tutorial.py took 0.062 seconds
[2024-04-06 13:04:38,768] {processor.py:153} INFO - Started process (PID=3224) to work on /opt/conda/lib/python3.8/site-packages/airflow/example_dags/tutorial.py
[2024-04-06 13:04:38,769] {processor.py:641} INFO - Processing file /opt/conda/lib/python3.8/site-packages/airflow/example_dags/tutorial.py for tasks to queue
[2024-04-06 13:04:38,770] {logging_mixin.py:115} INFO - [2024-04-06 13:04:38,770] {dagbag.py:508} INFO - Filling up the DagBag from /opt/conda/lib/python3.8/site-packages/airflow/example_dags/tutorial.py
[2024-04-06 13:04:38,776] {processor.py:651} INFO - DAG(s) dict_keys(['tutorial']) retrieved from /opt/conda/lib/python3.8/site-packages/airflow/example_dags/tutorial.py
[2024-04-06 13:04:38,791] {logging_mixin.py:115} INFO - [2024-04-06 13:04:38,791] {dag.py:2420} INFO - Sync 1 DAGs
[2024-04-06 13:04:38,806] {logging_mixin.py:115} INFO - [2024-04-06 13:04:38,806] {dag.py:2968} INFO - Setting next_dagrun for tutorial to 2024-04-05T13:04:38.805938+00:00, run_after=2024-04-06T13:04:38.805938+00:00
[2024-04-06 13:04:38,837] {processor.py:161} INFO - Processing /opt/conda/lib/python3.8/site-packages/airflow/example_dags/tutorial.py took 0.073 seconds
[2024-04-06 13:05:22,140] {processor.py:153} INFO - Started process (PID=3298) to work on /opt/conda/lib/python3.8/site-packages/airflow/example_dags/tutorial.py
[2024-04-06 13:05:22,142] {processor.py:641} INFO - Processing file /opt/conda/lib/python3.8/site-packages/airflow/example_dags/tutorial.py for tasks to queue
[2024-04-06 13:05:22,142] {logging_mixin.py:115} INFO - [2024-04-06 13:05:22,142] {dagbag.py:508} INFO - Filling up the DagBag from /opt/conda/lib/python3.8/site-packages/airflow/example_dags/tutorial.py
[2024-04-06 13:05:22,149] {processor.py:651} INFO - DAG(s) dict_keys(['tutorial']) retrieved from /opt/conda/lib/python3.8/site-packages/airflow/example_dags/tutorial.py
[2024-04-06 13:05:22,164] {logging_mixin.py:115} INFO - [2024-04-06 13:05:22,164] {dag.py:2420} INFO - Sync 1 DAGs
[2024-04-06 13:05:22,180] {logging_mixin.py:115} INFO - [2024-04-06 13:05:22,179] {dag.py:2968} INFO - Setting next_dagrun for tutorial to 2024-04-05T13:05:22.179741+00:00, run_after=2024-04-06T13:05:22.179741+00:00
[2024-04-06 13:05:22,200] {processor.py:161} INFO - Processing /opt/conda/lib/python3.8/site-packages/airflow/example_dags/tutorial.py took 0.063 seconds
[2024-04-06 13:06:05,746] {processor.py:153} INFO - Started process (PID=3369) to work on /opt/conda/lib/python3.8/site-packages/airflow/example_dags/tutorial.py
[2024-04-06 13:06:05,749] {processor.py:641} INFO - Processing file /opt/conda/lib/python3.8/site-packages/airflow/example_dags/tutorial.py for tasks to queue
[2024-04-06 13:06:05,749] {logging_mixin.py:115} INFO - [2024-04-06 13:06:05,749] {dagbag.py:508} INFO - Filling up the DagBag from /opt/conda/lib/python3.8/site-packages/airflow/example_dags/tutorial.py
[2024-04-06 13:06:05,755] {processor.py:651} INFO - DAG(s) dict_keys(['tutorial']) retrieved from /opt/conda/lib/python3.8/site-packages/airflow/example_dags/tutorial.py
[2024-04-06 13:06:05,773] {logging_mixin.py:115} INFO - [2024-04-06 13:06:05,773] {dag.py:2420} INFO - Sync 1 DAGs
[2024-04-06 13:06:05,792] {logging_mixin.py:115} INFO - [2024-04-06 13:06:05,792] {dag.py:2968} INFO - Setting next_dagrun for tutorial to 2024-04-05T13:06:05.792136+00:00, run_after=2024-04-06T13:06:05.792136+00:00
[2024-04-06 13:06:05,815] {processor.py:161} INFO - Processing /opt/conda/lib/python3.8/site-packages/airflow/example_dags/tutorial.py took 0.072 seconds
[2024-04-06 13:06:47,235] {processor.py:153} INFO - Started process (PID=3438) to work on /opt/conda/lib/python3.8/site-packages/airflow/example_dags/tutorial.py
[2024-04-06 13:06:47,236] {processor.py:641} INFO - Processing file /opt/conda/lib/python3.8/site-packages/airflow/example_dags/tutorial.py for tasks to queue
[2024-04-06 13:06:47,237] {logging_mixin.py:115} INFO - [2024-04-06 13:06:47,237] {dagbag.py:508} INFO - Filling up the DagBag from /opt/conda/lib/python3.8/site-packages/airflow/example_dags/tutorial.py
[2024-04-06 13:06:47,243] {processor.py:651} INFO - DAG(s) dict_keys(['tutorial']) retrieved from /opt/conda/lib/python3.8/site-packages/airflow/example_dags/tutorial.py
[2024-04-06 13:06:47,261] {logging_mixin.py:115} INFO - [2024-04-06 13:06:47,260] {dag.py:2420} INFO - Sync 1 DAGs
[2024-04-06 13:06:47,280] {logging_mixin.py:115} INFO - [2024-04-06 13:06:47,280] {dag.py:2968} INFO - Setting next_dagrun for tutorial to 2024-04-05T13:06:47.279780+00:00, run_after=2024-04-06T13:06:47.279780+00:00
[2024-04-06 13:06:47,302] {processor.py:161} INFO - Processing /opt/conda/lib/python3.8/site-packages/airflow/example_dags/tutorial.py took 0.071 seconds
[2024-04-06 13:07:38,967] {processor.py:153} INFO - Started process (PID=3538) to work on /opt/conda/lib/python3.8/site-packages/airflow/example_dags/tutorial.py
[2024-04-06 13:07:38,968] {processor.py:641} INFO - Processing file /opt/conda/lib/python3.8/site-packages/airflow/example_dags/tutorial.py for tasks to queue
[2024-04-06 13:07:38,969] {logging_mixin.py:115} INFO - [2024-04-06 13:07:38,968] {dagbag.py:508} INFO - Filling up the DagBag from /opt/conda/lib/python3.8/site-packages/airflow/example_dags/tutorial.py
[2024-04-06 13:07:38,975] {processor.py:651} INFO - DAG(s) dict_keys(['tutorial']) retrieved from /opt/conda/lib/python3.8/site-packages/airflow/example_dags/tutorial.py
[2024-04-06 13:07:38,990] {logging_mixin.py:115} INFO - [2024-04-06 13:07:38,990] {dag.py:2420} INFO - Sync 1 DAGs
[2024-04-06 13:07:39,005] {logging_mixin.py:115} INFO - [2024-04-06 13:07:39,005] {dag.py:2968} INFO - Setting next_dagrun for tutorial to 2024-04-05T13:07:39.005072+00:00, run_after=2024-04-06T13:07:39.005072+00:00
[2024-04-06 13:07:39,026] {processor.py:161} INFO - Processing /opt/conda/lib/python3.8/site-packages/airflow/example_dags/tutorial.py took 0.063 seconds
[2024-04-06 13:08:31,812] {processor.py:153} INFO - Started process (PID=3648) to work on /opt/conda/lib/python3.8/site-packages/airflow/example_dags/tutorial.py
[2024-04-06 13:08:31,815] {processor.py:641} INFO - Processing file /opt/conda/lib/python3.8/site-packages/airflow/example_dags/tutorial.py for tasks to queue
[2024-04-06 13:08:31,815] {logging_mixin.py:115} INFO - [2024-04-06 13:08:31,815] {dagbag.py:508} INFO - Filling up the DagBag from /opt/conda/lib/python3.8/site-packages/airflow/example_dags/tutorial.py
[2024-04-06 13:08:31,822] {processor.py:651} INFO - DAG(s) dict_keys(['tutorial']) retrieved from /opt/conda/lib/python3.8/site-packages/airflow/example_dags/tutorial.py
[2024-04-06 13:08:31,839] {logging_mixin.py:115} INFO - [2024-04-06 13:08:31,839] {dag.py:2420} INFO - Sync 1 DAGs
[2024-04-06 13:08:31,858] {logging_mixin.py:115} INFO - [2024-04-06 13:08:31,858] {dag.py:2968} INFO - Setting next_dagrun for tutorial to 2024-04-05T13:08:31.858328+00:00, run_after=2024-04-06T13:08:31.858328+00:00
[2024-04-06 13:08:31,878] {processor.py:161} INFO - Processing /opt/conda/lib/python3.8/site-packages/airflow/example_dags/tutorial.py took 0.070 seconds
[2024-04-06 13:09:12,675] {processor.py:153} INFO - Started process (PID=3732) to work on /opt/conda/lib/python3.8/site-packages/airflow/example_dags/tutorial.py
[2024-04-06 13:09:12,677] {processor.py:641} INFO - Processing file /opt/conda/lib/python3.8/site-packages/airflow/example_dags/tutorial.py for tasks to queue
[2024-04-06 13:09:12,678] {logging_mixin.py:115} INFO - [2024-04-06 13:09:12,678] {dagbag.py:508} INFO - Filling up the DagBag from /opt/conda/lib/python3.8/site-packages/airflow/example_dags/tutorial.py
[2024-04-06 13:09:12,684] {processor.py:651} INFO - DAG(s) dict_keys(['tutorial']) retrieved from /opt/conda/lib/python3.8/site-packages/airflow/example_dags/tutorial.py
[2024-04-06 13:09:12,700] {logging_mixin.py:115} INFO - [2024-04-06 13:09:12,700] {dag.py:2420} INFO - Sync 1 DAGs
[2024-04-06 13:09:12,715] {logging_mixin.py:115} INFO - [2024-04-06 13:09:12,715] {dag.py:2968} INFO - Setting next_dagrun for tutorial to 2024-04-05T13:09:12.715186+00:00, run_after=2024-04-06T13:09:12.715186+00:00
[2024-04-06 13:09:12,736] {processor.py:161} INFO - Processing /opt/conda/lib/python3.8/site-packages/airflow/example_dags/tutorial.py took 0.064 seconds
[2024-04-06 13:10:06,760] {processor.py:153} INFO - Started process (PID=3812) to work on /opt/conda/lib/python3.8/site-packages/airflow/example_dags/tutorial.py
[2024-04-06 13:10:06,761] {processor.py:641} INFO - Processing file /opt/conda/lib/python3.8/site-packages/airflow/example_dags/tutorial.py for tasks to queue
[2024-04-06 13:10:06,762] {logging_mixin.py:115} INFO - [2024-04-06 13:10:06,762] {dagbag.py:508} INFO - Filling up the DagBag from /opt/conda/lib/python3.8/site-packages/airflow/example_dags/tutorial.py
[2024-04-06 13:10:06,768] {processor.py:651} INFO - DAG(s) dict_keys(['tutorial']) retrieved from /opt/conda/lib/python3.8/site-packages/airflow/example_dags/tutorial.py
[2024-04-06 13:10:06,785] {logging_mixin.py:115} INFO - [2024-04-06 13:10:06,785] {dag.py:2420} INFO - Sync 1 DAGs
[2024-04-06 13:10:06,804] {logging_mixin.py:115} INFO - [2024-04-06 13:10:06,804] {dag.py:2968} INFO - Setting next_dagrun for tutorial to 2024-04-05T13:10:06.804276+00:00, run_after=2024-04-06T13:10:06.804276+00:00
[2024-04-06 13:10:06,828] {processor.py:161} INFO - Processing /opt/conda/lib/python3.8/site-packages/airflow/example_dags/tutorial.py took 0.072 seconds
[2024-04-06 13:10:57,627] {processor.py:153} INFO - Started process (PID=3906) to work on /opt/conda/lib/python3.8/site-packages/airflow/example_dags/tutorial.py
[2024-04-06 13:10:57,629] {processor.py:641} INFO - Processing file /opt/conda/lib/python3.8/site-packages/airflow/example_dags/tutorial.py for tasks to queue
[2024-04-06 13:10:57,629] {logging_mixin.py:115} INFO - [2024-04-06 13:10:57,629] {dagbag.py:508} INFO - Filling up the DagBag from /opt/conda/lib/python3.8/site-packages/airflow/example_dags/tutorial.py
[2024-04-06 13:10:57,635] {processor.py:651} INFO - DAG(s) dict_keys(['tutorial']) retrieved from /opt/conda/lib/python3.8/site-packages/airflow/example_dags/tutorial.py
[2024-04-06 13:10:57,653] {logging_mixin.py:115} INFO - [2024-04-06 13:10:57,653] {dag.py:2420} INFO - Sync 1 DAGs
[2024-04-06 13:10:57,672] {logging_mixin.py:115} INFO - [2024-04-06 13:10:57,672] {dag.py:2968} INFO - Setting next_dagrun for tutorial to 2024-04-05T13:10:57.671950+00:00, run_after=2024-04-06T13:10:57.671950+00:00
[2024-04-06 13:10:57,696] {processor.py:161} INFO - Processing /opt/conda/lib/python3.8/site-packages/airflow/example_dags/tutorial.py took 0.073 seconds
[2024-04-06 13:11:40,663] {processor.py:153} INFO - Started process (PID=3976) to work on /opt/conda/lib/python3.8/site-packages/airflow/example_dags/tutorial.py
[2024-04-06 13:11:40,664] {processor.py:641} INFO - Processing file /opt/conda/lib/python3.8/site-packages/airflow/example_dags/tutorial.py for tasks to queue
[2024-04-06 13:11:40,665] {logging_mixin.py:115} INFO - [2024-04-06 13:11:40,665] {dagbag.py:508} INFO - Filling up the DagBag from /opt/conda/lib/python3.8/site-packages/airflow/example_dags/tutorial.py
[2024-04-06 13:11:40,671] {processor.py:651} INFO - DAG(s) dict_keys(['tutorial']) retrieved from /opt/conda/lib/python3.8/site-packages/airflow/example_dags/tutorial.py
[2024-04-06 13:11:40,689] {logging_mixin.py:115} INFO - [2024-04-06 13:11:40,689] {dag.py:2420} INFO - Sync 1 DAGs
[2024-04-06 13:11:40,708] {logging_mixin.py:115} INFO - [2024-04-06 13:11:40,708] {dag.py:2968} INFO - Setting next_dagrun for tutorial to 2024-04-05T13:11:40.708039+00:00, run_after=2024-04-06T13:11:40.708039+00:00
[2024-04-06 13:11:40,732] {processor.py:161} INFO - Processing /opt/conda/lib/python3.8/site-packages/airflow/example_dags/tutorial.py took 0.073 seconds
[2024-04-06 13:12:24,285] {processor.py:153} INFO - Started process (PID=4047) to work on /opt/conda/lib/python3.8/site-packages/airflow/example_dags/tutorial.py
[2024-04-06 13:12:24,286] {processor.py:641} INFO - Processing file /opt/conda/lib/python3.8/site-packages/airflow/example_dags/tutorial.py for tasks to queue
[2024-04-06 13:12:24,287] {logging_mixin.py:115} INFO - [2024-04-06 13:12:24,287] {dagbag.py:508} INFO - Filling up the DagBag from /opt/conda/lib/python3.8/site-packages/airflow/example_dags/tutorial.py
[2024-04-06 13:12:24,293] {processor.py:651} INFO - DAG(s) dict_keys(['tutorial']) retrieved from /opt/conda/lib/python3.8/site-packages/airflow/example_dags/tutorial.py
[2024-04-06 13:12:24,311] {logging_mixin.py:115} INFO - [2024-04-06 13:12:24,311] {dag.py:2420} INFO - Sync 1 DAGs
[2024-04-06 13:12:24,331] {logging_mixin.py:115} INFO - [2024-04-06 13:12:24,331] {dag.py:2968} INFO - Setting next_dagrun for tutorial to 2024-04-05T13:12:24.331096+00:00, run_after=2024-04-06T13:12:24.331096+00:00
[2024-04-06 13:12:24,371] {processor.py:161} INFO - Processing /opt/conda/lib/python3.8/site-packages/airflow/example_dags/tutorial.py took 0.090 seconds
[2024-04-06 13:13:08,431] {processor.py:153} INFO - Started process (PID=4119) to work on /opt/conda/lib/python3.8/site-packages/airflow/example_dags/tutorial.py
[2024-04-06 13:13:08,432] {processor.py:641} INFO - Processing file /opt/conda/lib/python3.8/site-packages/airflow/example_dags/tutorial.py for tasks to queue
[2024-04-06 13:13:08,433] {logging_mixin.py:115} INFO - [2024-04-06 13:13:08,433] {dagbag.py:508} INFO - Filling up the DagBag from /opt/conda/lib/python3.8/site-packages/airflow/example_dags/tutorial.py
[2024-04-06 13:13:08,438] {processor.py:651} INFO - DAG(s) dict_keys(['tutorial']) retrieved from /opt/conda/lib/python3.8/site-packages/airflow/example_dags/tutorial.py
[2024-04-06 13:13:08,454] {logging_mixin.py:115} INFO - [2024-04-06 13:13:08,454] {dag.py:2420} INFO - Sync 1 DAGs
[2024-04-06 13:13:08,471] {logging_mixin.py:115} INFO - [2024-04-06 13:13:08,471] {dag.py:2968} INFO - Setting next_dagrun for tutorial to 2024-04-05T13:13:08.471590+00:00, run_after=2024-04-06T13:13:08.471590+00:00
[2024-04-06 13:13:08,495] {processor.py:161} INFO - Processing /opt/conda/lib/python3.8/site-packages/airflow/example_dags/tutorial.py took 0.067 seconds
[2024-04-06 13:13:51,975] {processor.py:153} INFO - Started process (PID=4218) to work on /opt/conda/lib/python3.8/site-packages/airflow/example_dags/tutorial.py
[2024-04-06 13:13:51,976] {processor.py:641} INFO - Processing file /opt/conda/lib/python3.8/site-packages/airflow/example_dags/tutorial.py for tasks to queue
[2024-04-06 13:13:51,977] {logging_mixin.py:115} INFO - [2024-04-06 13:13:51,977] {dagbag.py:508} INFO - Filling up the DagBag from /opt/conda/lib/python3.8/site-packages/airflow/example_dags/tutorial.py
[2024-04-06 13:13:51,983] {processor.py:651} INFO - DAG(s) dict_keys(['tutorial']) retrieved from /opt/conda/lib/python3.8/site-packages/airflow/example_dags/tutorial.py
[2024-04-06 13:13:51,998] {logging_mixin.py:115} INFO - [2024-04-06 13:13:51,998] {dag.py:2420} INFO - Sync 1 DAGs
[2024-04-06 13:13:52,013] {logging_mixin.py:115} INFO - [2024-04-06 13:13:52,013] {dag.py:2968} INFO - Setting next_dagrun for tutorial to 2024-04-05T13:13:52.013557+00:00, run_after=2024-04-06T13:13:52.013557+00:00
[2024-04-06 13:13:52,034] {processor.py:161} INFO - Processing /opt/conda/lib/python3.8/site-packages/airflow/example_dags/tutorial.py took 0.063 seconds
[2024-04-06 13:14:45,230] {processor.py:153} INFO - Started process (PID=4314) to work on /opt/conda/lib/python3.8/site-packages/airflow/example_dags/tutorial.py
[2024-04-06 13:14:45,232] {processor.py:641} INFO - Processing file /opt/conda/lib/python3.8/site-packages/airflow/example_dags/tutorial.py for tasks to queue
[2024-04-06 13:14:45,233] {logging_mixin.py:115} INFO - [2024-04-06 13:14:45,232] {dagbag.py:508} INFO - Filling up the DagBag from /opt/conda/lib/python3.8/site-packages/airflow/example_dags/tutorial.py
[2024-04-06 13:14:45,238] {processor.py:651} INFO - DAG(s) dict_keys(['tutorial']) retrieved from /opt/conda/lib/python3.8/site-packages/airflow/example_dags/tutorial.py
[2024-04-06 13:14:45,254] {logging_mixin.py:115} INFO - [2024-04-06 13:14:45,254] {dag.py:2420} INFO - Sync 1 DAGs
[2024-04-06 13:14:45,269] {logging_mixin.py:115} INFO - [2024-04-06 13:14:45,269] {dag.py:2968} INFO - Setting next_dagrun for tutorial to 2024-04-05T13:14:45.269055+00:00, run_after=2024-04-06T13:14:45.269055+00:00
[2024-04-06 13:14:45,290] {processor.py:161} INFO - Processing /opt/conda/lib/python3.8/site-packages/airflow/example_dags/tutorial.py took 0.063 seconds
[2024-04-06 13:15:28,098] {processor.py:153} INFO - Started process (PID=4386) to work on /opt/conda/lib/python3.8/site-packages/airflow/example_dags/tutorial.py
[2024-04-06 13:15:28,100] {processor.py:641} INFO - Processing file /opt/conda/lib/python3.8/site-packages/airflow/example_dags/tutorial.py for tasks to queue
[2024-04-06 13:15:28,101] {logging_mixin.py:115} INFO - [2024-04-06 13:15:28,100] {dagbag.py:508} INFO - Filling up the DagBag from /opt/conda/lib/python3.8/site-packages/airflow/example_dags/tutorial.py
[2024-04-06 13:15:28,107] {processor.py:651} INFO - DAG(s) dict_keys(['tutorial']) retrieved from /opt/conda/lib/python3.8/site-packages/airflow/example_dags/tutorial.py
[2024-04-06 13:15:28,124] {logging_mixin.py:115} INFO - [2024-04-06 13:15:28,124] {dag.py:2420} INFO - Sync 1 DAGs
[2024-04-06 13:15:28,144] {logging_mixin.py:115} INFO - [2024-04-06 13:15:28,144] {dag.py:2968} INFO - Setting next_dagrun for tutorial to 2024-04-05T13:15:28.143791+00:00, run_after=2024-04-06T13:15:28.143791+00:00
[2024-04-06 13:15:28,341] {processor.py:161} INFO - Processing /opt/conda/lib/python3.8/site-packages/airflow/example_dags/tutorial.py took 0.247 seconds
[2024-04-06 13:16:11,006] {processor.py:153} INFO - Started process (PID=4457) to work on /opt/conda/lib/python3.8/site-packages/airflow/example_dags/tutorial.py
[2024-04-06 13:16:11,008] {processor.py:641} INFO - Processing file /opt/conda/lib/python3.8/site-packages/airflow/example_dags/tutorial.py for tasks to queue
[2024-04-06 13:16:11,009] {logging_mixin.py:115} INFO - [2024-04-06 13:16:11,008] {dagbag.py:508} INFO - Filling up the DagBag from /opt/conda/lib/python3.8/site-packages/airflow/example_dags/tutorial.py
[2024-04-06 13:16:11,014] {processor.py:651} INFO - DAG(s) dict_keys(['tutorial']) retrieved from /opt/conda/lib/python3.8/site-packages/airflow/example_dags/tutorial.py
[2024-04-06 13:16:11,030] {logging_mixin.py:115} INFO - [2024-04-06 13:16:11,030] {dag.py:2420} INFO - Sync 1 DAGs
[2024-04-06 13:16:11,045] {logging_mixin.py:115} INFO - [2024-04-06 13:16:11,045] {dag.py:2968} INFO - Setting next_dagrun for tutorial to 2024-04-05T13:16:11.044838+00:00, run_after=2024-04-06T13:16:11.044838+00:00
[2024-04-06 13:16:11,065] {processor.py:161} INFO - Processing /opt/conda/lib/python3.8/site-packages/airflow/example_dags/tutorial.py took 0.062 seconds
[2024-04-06 13:16:54,143] {processor.py:153} INFO - Started process (PID=4526) to work on /opt/conda/lib/python3.8/site-packages/airflow/example_dags/tutorial.py
[2024-04-06 13:16:54,144] {processor.py:641} INFO - Processing file /opt/conda/lib/python3.8/site-packages/airflow/example_dags/tutorial.py for tasks to queue
[2024-04-06 13:16:54,145] {logging_mixin.py:115} INFO - [2024-04-06 13:16:54,145] {dagbag.py:508} INFO - Filling up the DagBag from /opt/conda/lib/python3.8/site-packages/airflow/example_dags/tutorial.py
[2024-04-06 13:16:54,151] {processor.py:651} INFO - DAG(s) dict_keys(['tutorial']) retrieved from /opt/conda/lib/python3.8/site-packages/airflow/example_dags/tutorial.py
[2024-04-06 13:16:54,169] {logging_mixin.py:115} INFO - [2024-04-06 13:16:54,169] {dag.py:2420} INFO - Sync 1 DAGs
[2024-04-06 13:16:54,188] {logging_mixin.py:115} INFO - [2024-04-06 13:16:54,188] {dag.py:2968} INFO - Setting next_dagrun for tutorial to 2024-04-05T13:16:54.187794+00:00, run_after=2024-04-06T13:16:54.187794+00:00
[2024-04-06 13:16:54,211] {processor.py:161} INFO - Processing /opt/conda/lib/python3.8/site-packages/airflow/example_dags/tutorial.py took 0.072 seconds
[2024-04-06 13:17:36,027] {processor.py:153} INFO - Started process (PID=4596) to work on /opt/conda/lib/python3.8/site-packages/airflow/example_dags/tutorial.py
[2024-04-06 13:17:36,028] {processor.py:641} INFO - Processing file /opt/conda/lib/python3.8/site-packages/airflow/example_dags/tutorial.py for tasks to queue
[2024-04-06 13:17:36,029] {logging_mixin.py:115} INFO - [2024-04-06 13:17:36,029] {dagbag.py:508} INFO - Filling up the DagBag from /opt/conda/lib/python3.8/site-packages/airflow/example_dags/tutorial.py
[2024-04-06 13:17:36,035] {processor.py:651} INFO - DAG(s) dict_keys(['tutorial']) retrieved from /opt/conda/lib/python3.8/site-packages/airflow/example_dags/tutorial.py
[2024-04-06 13:17:36,052] {logging_mixin.py:115} INFO - [2024-04-06 13:17:36,052] {dag.py:2420} INFO - Sync 1 DAGs
[2024-04-06 13:17:36,067] {logging_mixin.py:115} INFO - [2024-04-06 13:17:36,067] {dag.py:2968} INFO - Setting next_dagrun for tutorial to 2024-04-05T13:17:36.067555+00:00, run_after=2024-04-06T13:17:36.067555+00:00
[2024-04-06 13:17:36,106] {processor.py:161} INFO - Processing /opt/conda/lib/python3.8/site-packages/airflow/example_dags/tutorial.py took 0.083 seconds
[2024-04-06 13:18:38,872] {processor.py:153} INFO - Started process (PID=4681) to work on /opt/conda/lib/python3.8/site-packages/airflow/example_dags/tutorial.py
[2024-04-06 13:18:38,874] {processor.py:641} INFO - Processing file /opt/conda/lib/python3.8/site-packages/airflow/example_dags/tutorial.py for tasks to queue
[2024-04-06 13:18:38,875] {logging_mixin.py:115} INFO - [2024-04-06 13:18:38,874] {dagbag.py:508} INFO - Filling up the DagBag from /opt/conda/lib/python3.8/site-packages/airflow/example_dags/tutorial.py
[2024-04-06 13:18:38,881] {processor.py:651} INFO - DAG(s) dict_keys(['tutorial']) retrieved from /opt/conda/lib/python3.8/site-packages/airflow/example_dags/tutorial.py
[2024-04-06 13:18:38,899] {logging_mixin.py:115} INFO - [2024-04-06 13:18:38,899] {dag.py:2420} INFO - Sync 1 DAGs
[2024-04-06 13:18:38,919] {logging_mixin.py:115} INFO - [2024-04-06 13:18:38,919] {dag.py:2968} INFO - Setting next_dagrun for tutorial to 2024-04-05T13:18:38.918731+00:00, run_after=2024-04-06T13:18:38.918731+00:00
[2024-04-06 13:18:38,964] {processor.py:161} INFO - Processing /opt/conda/lib/python3.8/site-packages/airflow/example_dags/tutorial.py took 0.095 seconds
[2024-04-06 13:19:30,207] {processor.py:153} INFO - Started process (PID=4859) to work on /opt/conda/lib/python3.8/site-packages/airflow/example_dags/tutorial.py
[2024-04-06 13:19:30,208] {processor.py:641} INFO - Processing file /opt/conda/lib/python3.8/site-packages/airflow/example_dags/tutorial.py for tasks to queue
[2024-04-06 13:19:30,209] {logging_mixin.py:115} INFO - [2024-04-06 13:19:30,209] {dagbag.py:508} INFO - Filling up the DagBag from /opt/conda/lib/python3.8/site-packages/airflow/example_dags/tutorial.py
[2024-04-06 13:19:30,215] {processor.py:651} INFO - DAG(s) dict_keys(['tutorial']) retrieved from /opt/conda/lib/python3.8/site-packages/airflow/example_dags/tutorial.py
[2024-04-06 13:19:30,233] {logging_mixin.py:115} INFO - [2024-04-06 13:19:30,233] {dag.py:2420} INFO - Sync 1 DAGs
[2024-04-06 13:19:30,252] {logging_mixin.py:115} INFO - [2024-04-06 13:19:30,252] {dag.py:2968} INFO - Setting next_dagrun for tutorial to 2024-04-05T13:19:30.252160+00:00, run_after=2024-04-06T13:19:30.252160+00:00
[2024-04-06 13:19:30,274] {processor.py:161} INFO - Processing /opt/conda/lib/python3.8/site-packages/airflow/example_dags/tutorial.py took 0.071 seconds
[2024-04-06 13:20:20,431] {processor.py:153} INFO - Started process (PID=4944) to work on /opt/conda/lib/python3.8/site-packages/airflow/example_dags/tutorial.py
[2024-04-06 13:20:20,433] {processor.py:641} INFO - Processing file /opt/conda/lib/python3.8/site-packages/airflow/example_dags/tutorial.py for tasks to queue
[2024-04-06 13:20:20,434] {logging_mixin.py:115} INFO - [2024-04-06 13:20:20,433] {dagbag.py:508} INFO - Filling up the DagBag from /opt/conda/lib/python3.8/site-packages/airflow/example_dags/tutorial.py
[2024-04-06 13:20:20,440] {processor.py:651} INFO - DAG(s) dict_keys(['tutorial']) retrieved from /opt/conda/lib/python3.8/site-packages/airflow/example_dags/tutorial.py
[2024-04-06 13:20:20,455] {logging_mixin.py:115} INFO - [2024-04-06 13:20:20,455] {dag.py:2420} INFO - Sync 1 DAGs
[2024-04-06 13:20:20,470] {logging_mixin.py:115} INFO - [2024-04-06 13:20:20,470] {dag.py:2968} INFO - Setting next_dagrun for tutorial to 2024-04-05T13:20:20.470298+00:00, run_after=2024-04-06T13:20:20.470298+00:00
[2024-04-06 13:20:20,490] {processor.py:161} INFO - Processing /opt/conda/lib/python3.8/site-packages/airflow/example_dags/tutorial.py took 0.063 seconds
[2024-04-06 13:21:05,484] {processor.py:153} INFO - Started process (PID=5019) to work on /opt/conda/lib/python3.8/site-packages/airflow/example_dags/tutorial.py
[2024-04-06 13:21:05,485] {processor.py:641} INFO - Processing file /opt/conda/lib/python3.8/site-packages/airflow/example_dags/tutorial.py for tasks to queue
[2024-04-06 13:21:05,486] {logging_mixin.py:115} INFO - [2024-04-06 13:21:05,486] {dagbag.py:508} INFO - Filling up the DagBag from /opt/conda/lib/python3.8/site-packages/airflow/example_dags/tutorial.py
[2024-04-06 13:21:05,492] {processor.py:651} INFO - DAG(s) dict_keys(['tutorial']) retrieved from /opt/conda/lib/python3.8/site-packages/airflow/example_dags/tutorial.py
[2024-04-06 13:21:05,510] {logging_mixin.py:115} INFO - [2024-04-06 13:21:05,510] {dag.py:2420} INFO - Sync 1 DAGs
[2024-04-06 13:21:05,529] {logging_mixin.py:115} INFO - [2024-04-06 13:21:05,529] {dag.py:2968} INFO - Setting next_dagrun for tutorial to 2024-04-05T13:21:05.528915+00:00, run_after=2024-04-06T13:21:05.528915+00:00
[2024-04-06 13:21:05,553] {processor.py:161} INFO - Processing /opt/conda/lib/python3.8/site-packages/airflow/example_dags/tutorial.py took 0.073 seconds
[2024-04-06 13:21:52,520] {processor.py:153} INFO - Started process (PID=5107) to work on /opt/conda/lib/python3.8/site-packages/airflow/example_dags/tutorial.py
[2024-04-06 13:21:52,522] {processor.py:641} INFO - Processing file /opt/conda/lib/python3.8/site-packages/airflow/example_dags/tutorial.py for tasks to queue
[2024-04-06 13:21:52,523] {logging_mixin.py:115} INFO - [2024-04-06 13:21:52,523] {dagbag.py:508} INFO - Filling up the DagBag from /opt/conda/lib/python3.8/site-packages/airflow/example_dags/tutorial.py
[2024-04-06 13:21:52,529] {processor.py:651} INFO - DAG(s) dict_keys(['tutorial']) retrieved from /opt/conda/lib/python3.8/site-packages/airflow/example_dags/tutorial.py
[2024-04-06 13:21:52,547] {logging_mixin.py:115} INFO - [2024-04-06 13:21:52,547] {dag.py:2420} INFO - Sync 1 DAGs
[2024-04-06 13:21:52,567] {logging_mixin.py:115} INFO - [2024-04-06 13:21:52,567] {dag.py:2968} INFO - Setting next_dagrun for tutorial to 2024-04-05T13:21:52.566795+00:00, run_after=2024-04-06T13:21:52.566795+00:00
[2024-04-06 13:21:52,592] {processor.py:161} INFO - Processing /opt/conda/lib/python3.8/site-packages/airflow/example_dags/tutorial.py took 0.075 seconds
[2024-04-06 13:22:38,083] {processor.py:153} INFO - Started process (PID=5194) to work on /opt/conda/lib/python3.8/site-packages/airflow/example_dags/tutorial.py
[2024-04-06 13:22:38,085] {processor.py:641} INFO - Processing file /opt/conda/lib/python3.8/site-packages/airflow/example_dags/tutorial.py for tasks to queue
[2024-04-06 13:22:38,085] {logging_mixin.py:115} INFO - [2024-04-06 13:22:38,085] {dagbag.py:508} INFO - Filling up the DagBag from /opt/conda/lib/python3.8/site-packages/airflow/example_dags/tutorial.py
[2024-04-06 13:22:38,092] {processor.py:651} INFO - DAG(s) dict_keys(['tutorial']) retrieved from /opt/conda/lib/python3.8/site-packages/airflow/example_dags/tutorial.py
[2024-04-06 13:22:38,111] {logging_mixin.py:115} INFO - [2024-04-06 13:22:38,111] {dag.py:2420} INFO - Sync 1 DAGs
[2024-04-06 13:22:38,131] {logging_mixin.py:115} INFO - [2024-04-06 13:22:38,131] {dag.py:2968} INFO - Setting next_dagrun for tutorial to 2024-04-05T13:22:38.130689+00:00, run_after=2024-04-06T13:22:38.130689+00:00
[2024-04-06 13:22:38,154] {processor.py:161} INFO - Processing /opt/conda/lib/python3.8/site-packages/airflow/example_dags/tutorial.py took 0.075 seconds
[2024-04-06 13:23:22,667] {processor.py:153} INFO - Started process (PID=5270) to work on /opt/conda/lib/python3.8/site-packages/airflow/example_dags/tutorial.py
[2024-04-06 13:23:22,668] {processor.py:641} INFO - Processing file /opt/conda/lib/python3.8/site-packages/airflow/example_dags/tutorial.py for tasks to queue
[2024-04-06 13:23:22,669] {logging_mixin.py:115} INFO - [2024-04-06 13:23:22,668] {dagbag.py:508} INFO - Filling up the DagBag from /opt/conda/lib/python3.8/site-packages/airflow/example_dags/tutorial.py
[2024-04-06 13:23:22,675] {processor.py:651} INFO - DAG(s) dict_keys(['tutorial']) retrieved from /opt/conda/lib/python3.8/site-packages/airflow/example_dags/tutorial.py
[2024-04-06 13:23:22,693] {logging_mixin.py:115} INFO - [2024-04-06 13:23:22,692] {dag.py:2420} INFO - Sync 1 DAGs
[2024-04-06 13:23:22,709] {logging_mixin.py:115} INFO - [2024-04-06 13:23:22,708] {dag.py:2968} INFO - Setting next_dagrun for tutorial to 2024-04-05T13:23:22.708729+00:00, run_after=2024-04-06T13:23:22.708729+00:00
[2024-04-06 13:23:22,790] {processor.py:161} INFO - Processing /opt/conda/lib/python3.8/site-packages/airflow/example_dags/tutorial.py took 0.127 seconds
[2024-04-06 13:24:09,922] {processor.py:153} INFO - Started process (PID=5357) to work on /opt/conda/lib/python3.8/site-packages/airflow/example_dags/tutorial.py
[2024-04-06 13:24:09,924] {processor.py:641} INFO - Processing file /opt/conda/lib/python3.8/site-packages/airflow/example_dags/tutorial.py for tasks to queue
[2024-04-06 13:24:09,924] {logging_mixin.py:115} INFO - [2024-04-06 13:24:09,924] {dagbag.py:508} INFO - Filling up the DagBag from /opt/conda/lib/python3.8/site-packages/airflow/example_dags/tutorial.py
[2024-04-06 13:24:09,931] {processor.py:651} INFO - DAG(s) dict_keys(['tutorial']) retrieved from /opt/conda/lib/python3.8/site-packages/airflow/example_dags/tutorial.py
[2024-04-06 13:24:09,948] {logging_mixin.py:115} INFO - [2024-04-06 13:24:09,948] {dag.py:2420} INFO - Sync 1 DAGs
[2024-04-06 13:24:09,967] {logging_mixin.py:115} INFO - [2024-04-06 13:24:09,967] {dag.py:2968} INFO - Setting next_dagrun for tutorial to 2024-04-05T13:24:09.967266+00:00, run_after=2024-04-06T13:24:09.967266+00:00
[2024-04-06 13:24:10,149] {processor.py:161} INFO - Processing /opt/conda/lib/python3.8/site-packages/airflow/example_dags/tutorial.py took 0.230 seconds
[2024-04-06 13:24:58,324] {processor.py:153} INFO - Started process (PID=5449) to work on /opt/conda/lib/python3.8/site-packages/airflow/example_dags/tutorial.py
[2024-04-06 13:24:58,325] {processor.py:641} INFO - Processing file /opt/conda/lib/python3.8/site-packages/airflow/example_dags/tutorial.py for tasks to queue
[2024-04-06 13:24:58,326] {logging_mixin.py:115} INFO - [2024-04-06 13:24:58,326] {dagbag.py:508} INFO - Filling up the DagBag from /opt/conda/lib/python3.8/site-packages/airflow/example_dags/tutorial.py
[2024-04-06 13:24:58,332] {processor.py:651} INFO - DAG(s) dict_keys(['tutorial']) retrieved from /opt/conda/lib/python3.8/site-packages/airflow/example_dags/tutorial.py
[2024-04-06 13:24:58,347] {logging_mixin.py:115} INFO - [2024-04-06 13:24:58,347] {dag.py:2420} INFO - Sync 1 DAGs
[2024-04-06 13:24:58,362] {logging_mixin.py:115} INFO - [2024-04-06 13:24:58,362] {dag.py:2968} INFO - Setting next_dagrun for tutorial to 2024-04-05T13:24:58.362342+00:00, run_after=2024-04-06T13:24:58.362342+00:00
[2024-04-06 13:24:58,383] {processor.py:161} INFO - Processing /opt/conda/lib/python3.8/site-packages/airflow/example_dags/tutorial.py took 0.062 seconds
[2024-04-06 13:25:43,504] {processor.py:153} INFO - Started process (PID=5520) to work on /opt/conda/lib/python3.8/site-packages/airflow/example_dags/tutorial.py
[2024-04-06 13:25:43,506] {processor.py:641} INFO - Processing file /opt/conda/lib/python3.8/site-packages/airflow/example_dags/tutorial.py for tasks to queue
[2024-04-06 13:25:43,507] {logging_mixin.py:115} INFO - [2024-04-06 13:25:43,506] {dagbag.py:508} INFO - Filling up the DagBag from /opt/conda/lib/python3.8/site-packages/airflow/example_dags/tutorial.py
[2024-04-06 13:25:43,513] {processor.py:651} INFO - DAG(s) dict_keys(['tutorial']) retrieved from /opt/conda/lib/python3.8/site-packages/airflow/example_dags/tutorial.py
[2024-04-06 13:25:43,530] {logging_mixin.py:115} INFO - [2024-04-06 13:25:43,530] {dag.py:2420} INFO - Sync 1 DAGs
[2024-04-06 13:25:43,549] {logging_mixin.py:115} INFO - [2024-04-06 13:25:43,549] {dag.py:2968} INFO - Setting next_dagrun for tutorial to 2024-04-05T13:25:43.549326+00:00, run_after=2024-04-06T13:25:43.549326+00:00
[2024-04-06 13:25:43,571] {processor.py:161} INFO - Processing /opt/conda/lib/python3.8/site-packages/airflow/example_dags/tutorial.py took 0.070 seconds
[2024-04-06 13:26:35,590] {processor.py:153} INFO - Started process (PID=5601) to work on /opt/conda/lib/python3.8/site-packages/airflow/example_dags/tutorial.py
[2024-04-06 13:26:35,592] {processor.py:641} INFO - Processing file /opt/conda/lib/python3.8/site-packages/airflow/example_dags/tutorial.py for tasks to queue
[2024-04-06 13:26:35,592] {logging_mixin.py:115} INFO - [2024-04-06 13:26:35,592] {dagbag.py:508} INFO - Filling up the DagBag from /opt/conda/lib/python3.8/site-packages/airflow/example_dags/tutorial.py
[2024-04-06 13:26:35,598] {processor.py:651} INFO - DAG(s) dict_keys(['tutorial']) retrieved from /opt/conda/lib/python3.8/site-packages/airflow/example_dags/tutorial.py
[2024-04-06 13:26:35,614] {logging_mixin.py:115} INFO - [2024-04-06 13:26:35,614] {dag.py:2420} INFO - Sync 1 DAGs
[2024-04-06 13:26:35,629] {logging_mixin.py:115} INFO - [2024-04-06 13:26:35,629] {dag.py:2968} INFO - Setting next_dagrun for tutorial to 2024-04-05T13:26:35.628811+00:00, run_after=2024-04-06T13:26:35.628811+00:00
[2024-04-06 13:26:35,658] {processor.py:161} INFO - Processing /opt/conda/lib/python3.8/site-packages/airflow/example_dags/tutorial.py took 0.071 seconds
[2024-04-06 13:27:18,261] {processor.py:153} INFO - Started process (PID=5670) to work on /opt/conda/lib/python3.8/site-packages/airflow/example_dags/tutorial.py
[2024-04-06 13:27:18,263] {processor.py:641} INFO - Processing file /opt/conda/lib/python3.8/site-packages/airflow/example_dags/tutorial.py for tasks to queue
[2024-04-06 13:27:18,263] {logging_mixin.py:115} INFO - [2024-04-06 13:27:18,263] {dagbag.py:508} INFO - Filling up the DagBag from /opt/conda/lib/python3.8/site-packages/airflow/example_dags/tutorial.py
[2024-04-06 13:27:18,270] {processor.py:651} INFO - DAG(s) dict_keys(['tutorial']) retrieved from /opt/conda/lib/python3.8/site-packages/airflow/example_dags/tutorial.py
[2024-04-06 13:27:18,289] {logging_mixin.py:115} INFO - [2024-04-06 13:27:18,289] {dag.py:2420} INFO - Sync 1 DAGs
[2024-04-06 13:27:18,308] {logging_mixin.py:115} INFO - [2024-04-06 13:27:18,308] {dag.py:2968} INFO - Setting next_dagrun for tutorial to 2024-04-05T13:27:18.308434+00:00, run_after=2024-04-06T13:27:18.308434+00:00
[2024-04-06 13:27:18,363] {processor.py:161} INFO - Processing /opt/conda/lib/python3.8/site-packages/airflow/example_dags/tutorial.py took 0.107 seconds
[2024-04-06 13:28:07,026] {processor.py:153} INFO - Started process (PID=5755) to work on /opt/conda/lib/python3.8/site-packages/airflow/example_dags/tutorial.py
[2024-04-06 13:28:07,028] {processor.py:641} INFO - Processing file /opt/conda/lib/python3.8/site-packages/airflow/example_dags/tutorial.py for tasks to queue
[2024-04-06 13:28:07,028] {logging_mixin.py:115} INFO - [2024-04-06 13:28:07,028] {dagbag.py:508} INFO - Filling up the DagBag from /opt/conda/lib/python3.8/site-packages/airflow/example_dags/tutorial.py
[2024-04-06 13:28:07,035] {processor.py:651} INFO - DAG(s) dict_keys(['tutorial']) retrieved from /opt/conda/lib/python3.8/site-packages/airflow/example_dags/tutorial.py
[2024-04-06 13:28:07,052] {logging_mixin.py:115} INFO - [2024-04-06 13:28:07,052] {dag.py:2420} INFO - Sync 1 DAGs
[2024-04-06 13:28:07,071] {logging_mixin.py:115} INFO - [2024-04-06 13:28:07,071] {dag.py:2968} INFO - Setting next_dagrun for tutorial to 2024-04-05T13:28:07.071337+00:00, run_after=2024-04-06T13:28:07.071337+00:00
[2024-04-06 13:28:07,197] {processor.py:161} INFO - Processing /opt/conda/lib/python3.8/site-packages/airflow/example_dags/tutorial.py took 0.175 seconds
[2024-04-06 13:28:57,951] {processor.py:153} INFO - Started process (PID=5844) to work on /opt/conda/lib/python3.8/site-packages/airflow/example_dags/tutorial.py
[2024-04-06 13:28:57,953] {processor.py:641} INFO - Processing file /opt/conda/lib/python3.8/site-packages/airflow/example_dags/tutorial.py for tasks to queue
[2024-04-06 13:28:57,954] {logging_mixin.py:115} INFO - [2024-04-06 13:28:57,954] {dagbag.py:508} INFO - Filling up the DagBag from /opt/conda/lib/python3.8/site-packages/airflow/example_dags/tutorial.py
[2024-04-06 13:28:57,961] {processor.py:651} INFO - DAG(s) dict_keys(['tutorial']) retrieved from /opt/conda/lib/python3.8/site-packages/airflow/example_dags/tutorial.py
[2024-04-06 13:28:57,979] {logging_mixin.py:115} INFO - [2024-04-06 13:28:57,979] {dag.py:2420} INFO - Sync 1 DAGs
[2024-04-06 13:28:57,998] {logging_mixin.py:115} INFO - [2024-04-06 13:28:57,998] {dag.py:2968} INFO - Setting next_dagrun for tutorial to 2024-04-05T13:28:57.998559+00:00, run_after=2024-04-06T13:28:57.998559+00:00
[2024-04-06 13:28:58,021] {processor.py:161} INFO - Processing /opt/conda/lib/python3.8/site-packages/airflow/example_dags/tutorial.py took 0.074 seconds
[2024-04-06 13:29:49,627] {processor.py:153} INFO - Started process (PID=5942) to work on /opt/conda/lib/python3.8/site-packages/airflow/example_dags/tutorial.py
[2024-04-06 13:29:49,629] {processor.py:641} INFO - Processing file /opt/conda/lib/python3.8/site-packages/airflow/example_dags/tutorial.py for tasks to queue
[2024-04-06 13:29:49,629] {logging_mixin.py:115} INFO - [2024-04-06 13:29:49,629] {dagbag.py:508} INFO - Filling up the DagBag from /opt/conda/lib/python3.8/site-packages/airflow/example_dags/tutorial.py
[2024-04-06 13:29:49,636] {processor.py:651} INFO - DAG(s) dict_keys(['tutorial']) retrieved from /opt/conda/lib/python3.8/site-packages/airflow/example_dags/tutorial.py
[2024-04-06 13:29:49,654] {logging_mixin.py:115} INFO - [2024-04-06 13:29:49,654] {dag.py:2420} INFO - Sync 1 DAGs
[2024-04-06 13:29:49,675] {logging_mixin.py:115} INFO - [2024-04-06 13:29:49,675] {dag.py:2968} INFO - Setting next_dagrun for tutorial to 2024-04-05T13:29:49.674721+00:00, run_after=2024-04-06T13:29:49.674721+00:00
[2024-04-06 13:29:49,700] {processor.py:161} INFO - Processing /opt/conda/lib/python3.8/site-packages/airflow/example_dags/tutorial.py took 0.077 seconds
[2024-04-06 13:30:37,286] {processor.py:153} INFO - Started process (PID=6031) to work on /opt/conda/lib/python3.8/site-packages/airflow/example_dags/tutorial.py
[2024-04-06 13:30:37,288] {processor.py:641} INFO - Processing file /opt/conda/lib/python3.8/site-packages/airflow/example_dags/tutorial.py for tasks to queue
[2024-04-06 13:30:37,288] {logging_mixin.py:115} INFO - [2024-04-06 13:30:37,288] {dagbag.py:508} INFO - Filling up the DagBag from /opt/conda/lib/python3.8/site-packages/airflow/example_dags/tutorial.py
[2024-04-06 13:30:37,295] {processor.py:651} INFO - DAG(s) dict_keys(['tutorial']) retrieved from /opt/conda/lib/python3.8/site-packages/airflow/example_dags/tutorial.py
[2024-04-06 13:30:37,312] {logging_mixin.py:115} INFO - [2024-04-06 13:30:37,312] {dag.py:2420} INFO - Sync 1 DAGs
[2024-04-06 13:30:37,329] {logging_mixin.py:115} INFO - [2024-04-06 13:30:37,329] {dag.py:2968} INFO - Setting next_dagrun for tutorial to 2024-04-05T13:30:37.329626+00:00, run_after=2024-04-06T13:30:37.329626+00:00
[2024-04-06 13:30:37,375] {processor.py:161} INFO - Processing /opt/conda/lib/python3.8/site-packages/airflow/example_dags/tutorial.py took 0.092 seconds
[2024-04-06 13:31:27,432] {processor.py:153} INFO - Started process (PID=6112) to work on /opt/conda/lib/python3.8/site-packages/airflow/example_dags/tutorial.py
[2024-04-06 13:31:27,434] {processor.py:641} INFO - Processing file /opt/conda/lib/python3.8/site-packages/airflow/example_dags/tutorial.py for tasks to queue
[2024-04-06 13:31:27,434] {logging_mixin.py:115} INFO - [2024-04-06 13:31:27,434] {dagbag.py:508} INFO - Filling up the DagBag from /opt/conda/lib/python3.8/site-packages/airflow/example_dags/tutorial.py
[2024-04-06 13:31:27,441] {processor.py:651} INFO - DAG(s) dict_keys(['tutorial']) retrieved from /opt/conda/lib/python3.8/site-packages/airflow/example_dags/tutorial.py
[2024-04-06 13:31:27,458] {logging_mixin.py:115} INFO - [2024-04-06 13:31:27,458] {dag.py:2420} INFO - Sync 1 DAGs
[2024-04-06 13:31:27,478] {logging_mixin.py:115} INFO - [2024-04-06 13:31:27,478] {dag.py:2968} INFO - Setting next_dagrun for tutorial to 2024-04-05T13:31:27.478225+00:00, run_after=2024-04-06T13:31:27.478225+00:00
[2024-04-06 13:31:27,499] {processor.py:161} INFO - Processing /opt/conda/lib/python3.8/site-packages/airflow/example_dags/tutorial.py took 0.071 seconds
[2024-04-06 13:34:12,178] {processor.py:153} INFO - Started process (PID=6489) to work on /opt/conda/lib/python3.8/site-packages/airflow/example_dags/tutorial.py
[2024-04-06 13:34:12,180] {processor.py:641} INFO - Processing file /opt/conda/lib/python3.8/site-packages/airflow/example_dags/tutorial.py for tasks to queue
[2024-04-06 13:34:12,181] {logging_mixin.py:115} INFO - [2024-04-06 13:34:12,181] {dagbag.py:508} INFO - Filling up the DagBag from /opt/conda/lib/python3.8/site-packages/airflow/example_dags/tutorial.py
[2024-04-06 13:34:12,187] {processor.py:651} INFO - DAG(s) dict_keys(['tutorial']) retrieved from /opt/conda/lib/python3.8/site-packages/airflow/example_dags/tutorial.py
[2024-04-06 13:34:12,205] {logging_mixin.py:115} INFO - [2024-04-06 13:34:12,205] {dag.py:2420} INFO - Sync 1 DAGs
[2024-04-06 13:34:12,327] {logging_mixin.py:115} INFO - [2024-04-06 13:34:12,327] {dag.py:2968} INFO - Setting next_dagrun for tutorial to 2024-04-05T13:34:12.327393+00:00, run_after=2024-04-06T13:34:12.327393+00:00
[2024-04-06 13:34:12,525] {processor.py:161} INFO - Processing /opt/conda/lib/python3.8/site-packages/airflow/example_dags/tutorial.py took 0.350 seconds
[2024-04-06 13:35:20,164] {processor.py:153} INFO - Started process (PID=6625) to work on /opt/conda/lib/python3.8/site-packages/airflow/example_dags/tutorial.py
[2024-04-06 13:35:20,166] {processor.py:641} INFO - Processing file /opt/conda/lib/python3.8/site-packages/airflow/example_dags/tutorial.py for tasks to queue
[2024-04-06 13:35:20,167] {logging_mixin.py:115} INFO - [2024-04-06 13:35:20,167] {dagbag.py:508} INFO - Filling up the DagBag from /opt/conda/lib/python3.8/site-packages/airflow/example_dags/tutorial.py
[2024-04-06 13:35:20,174] {processor.py:651} INFO - DAG(s) dict_keys(['tutorial']) retrieved from /opt/conda/lib/python3.8/site-packages/airflow/example_dags/tutorial.py
[2024-04-06 13:35:20,196] {logging_mixin.py:115} INFO - [2024-04-06 13:35:20,196] {dag.py:2420} INFO - Sync 1 DAGs
[2024-04-06 13:35:20,339] {logging_mixin.py:115} INFO - [2024-04-06 13:35:20,339] {dag.py:2968} INFO - Setting next_dagrun for tutorial to 2024-04-05T13:35:20.338844+00:00, run_after=2024-04-06T13:35:20.338844+00:00
[2024-04-06 13:35:20,431] {processor.py:161} INFO - Processing /opt/conda/lib/python3.8/site-packages/airflow/example_dags/tutorial.py took 0.271 seconds
[2024-04-06 13:36:31,827] {processor.py:153} INFO - Started process (PID=6777) to work on /opt/conda/lib/python3.8/site-packages/airflow/example_dags/tutorial.py
[2024-04-06 13:36:31,828] {processor.py:641} INFO - Processing file /opt/conda/lib/python3.8/site-packages/airflow/example_dags/tutorial.py for tasks to queue
[2024-04-06 13:36:31,829] {logging_mixin.py:115} INFO - [2024-04-06 13:36:31,829] {dagbag.py:508} INFO - Filling up the DagBag from /opt/conda/lib/python3.8/site-packages/airflow/example_dags/tutorial.py
[2024-04-06 13:36:31,839] {processor.py:651} INFO - DAG(s) dict_keys(['tutorial']) retrieved from /opt/conda/lib/python3.8/site-packages/airflow/example_dags/tutorial.py
[2024-04-06 13:36:31,972] {logging_mixin.py:115} INFO - [2024-04-06 13:36:31,972] {dag.py:2420} INFO - Sync 1 DAGs
[2024-04-06 13:36:31,984] {logging_mixin.py:115} INFO - [2024-04-06 13:36:31,984] {dag.py:2968} INFO - Setting next_dagrun for tutorial to 2024-04-05T13:36:31.984007+00:00, run_after=2024-04-06T13:36:31.984007+00:00
[2024-04-06 13:36:32,004] {processor.py:161} INFO - Processing /opt/conda/lib/python3.8/site-packages/airflow/example_dags/tutorial.py took 0.180 seconds
[2024-04-06 13:37:52,646] {processor.py:153} INFO - Started process (PID=6968) to work on /opt/conda/lib/python3.8/site-packages/airflow/example_dags/tutorial.py
[2024-04-06 13:37:52,648] {processor.py:641} INFO - Processing file /opt/conda/lib/python3.8/site-packages/airflow/example_dags/tutorial.py for tasks to queue
[2024-04-06 13:37:52,648] {logging_mixin.py:115} INFO - [2024-04-06 13:37:52,648] {dagbag.py:508} INFO - Filling up the DagBag from /opt/conda/lib/python3.8/site-packages/airflow/example_dags/tutorial.py
[2024-04-06 13:37:52,659] {processor.py:651} INFO - DAG(s) dict_keys(['tutorial']) retrieved from /opt/conda/lib/python3.8/site-packages/airflow/example_dags/tutorial.py
[2024-04-06 13:37:52,788] {logging_mixin.py:115} INFO - [2024-04-06 13:37:52,788] {dag.py:2420} INFO - Sync 1 DAGs
[2024-04-06 13:37:52,799] {logging_mixin.py:115} INFO - [2024-04-06 13:37:52,799] {dag.py:2968} INFO - Setting next_dagrun for tutorial to 2024-04-05T13:37:52.799575+00:00, run_after=2024-04-06T13:37:52.799575+00:00
[2024-04-06 13:37:52,818] {processor.py:161} INFO - Processing /opt/conda/lib/python3.8/site-packages/airflow/example_dags/tutorial.py took 0.175 seconds
[2024-04-06 13:38:50,075] {processor.py:153} INFO - Started process (PID=7084) to work on /opt/conda/lib/python3.8/site-packages/airflow/example_dags/tutorial.py
[2024-04-06 13:38:50,076] {processor.py:641} INFO - Processing file /opt/conda/lib/python3.8/site-packages/airflow/example_dags/tutorial.py for tasks to queue
[2024-04-06 13:38:50,077] {logging_mixin.py:115} INFO - [2024-04-06 13:38:50,077] {dagbag.py:508} INFO - Filling up the DagBag from /opt/conda/lib/python3.8/site-packages/airflow/example_dags/tutorial.py
[2024-04-06 13:38:50,087] {processor.py:651} INFO - DAG(s) dict_keys(['tutorial']) retrieved from /opt/conda/lib/python3.8/site-packages/airflow/example_dags/tutorial.py
[2024-04-06 13:38:50,231] {logging_mixin.py:115} INFO - [2024-04-06 13:38:50,231] {dag.py:2420} INFO - Sync 1 DAGs
[2024-04-06 13:38:50,243] {logging_mixin.py:115} INFO - [2024-04-06 13:38:50,243] {dag.py:2968} INFO - Setting next_dagrun for tutorial to 2024-04-05T13:38:50.242925+00:00, run_after=2024-04-06T13:38:50.242925+00:00
[2024-04-06 13:38:50,262] {processor.py:161} INFO - Processing /opt/conda/lib/python3.8/site-packages/airflow/example_dags/tutorial.py took 0.191 seconds
[2024-04-06 13:40:11,479] {processor.py:153} INFO - Started process (PID=7287) to work on /opt/conda/lib/python3.8/site-packages/airflow/example_dags/tutorial.py
[2024-04-06 13:40:11,481] {processor.py:641} INFO - Processing file /opt/conda/lib/python3.8/site-packages/airflow/example_dags/tutorial.py for tasks to queue
[2024-04-06 13:40:11,481] {logging_mixin.py:115} INFO - [2024-04-06 13:40:11,481] {dagbag.py:508} INFO - Filling up the DagBag from /opt/conda/lib/python3.8/site-packages/airflow/example_dags/tutorial.py
[2024-04-06 13:40:11,491] {processor.py:651} INFO - DAG(s) dict_keys(['tutorial']) retrieved from /opt/conda/lib/python3.8/site-packages/airflow/example_dags/tutorial.py
[2024-04-06 13:40:11,611] {logging_mixin.py:115} INFO - [2024-04-06 13:40:11,611] {dag.py:2420} INFO - Sync 1 DAGs
[2024-04-06 13:40:11,622] {logging_mixin.py:115} INFO - [2024-04-06 13:40:11,622] {dag.py:2968} INFO - Setting next_dagrun for tutorial to 2024-04-05T13:40:11.622520+00:00, run_after=2024-04-06T13:40:11.622520+00:00
[2024-04-06 13:40:11,641] {processor.py:161} INFO - Processing /opt/conda/lib/python3.8/site-packages/airflow/example_dags/tutorial.py took 0.165 seconds
[2024-04-06 13:41:08,913] {processor.py:153} INFO - Started process (PID=7398) to work on /opt/conda/lib/python3.8/site-packages/airflow/example_dags/tutorial.py
[2024-04-06 13:41:08,915] {processor.py:641} INFO - Processing file /opt/conda/lib/python3.8/site-packages/airflow/example_dags/tutorial.py for tasks to queue
[2024-04-06 13:41:08,915] {logging_mixin.py:115} INFO - [2024-04-06 13:41:08,915] {dagbag.py:508} INFO - Filling up the DagBag from /opt/conda/lib/python3.8/site-packages/airflow/example_dags/tutorial.py
[2024-04-06 13:41:08,921] {processor.py:651} INFO - DAG(s) dict_keys(['tutorial']) retrieved from /opt/conda/lib/python3.8/site-packages/airflow/example_dags/tutorial.py
[2024-04-06 13:41:09,044] {logging_mixin.py:115} INFO - [2024-04-06 13:41:09,044] {dag.py:2420} INFO - Sync 1 DAGs
[2024-04-06 13:41:09,055] {logging_mixin.py:115} INFO - [2024-04-06 13:41:09,055] {dag.py:2968} INFO - Setting next_dagrun for tutorial to 2024-04-05T13:41:09.055260+00:00, run_after=2024-04-06T13:41:09.055260+00:00
[2024-04-06 13:41:09,075] {processor.py:161} INFO - Processing /opt/conda/lib/python3.8/site-packages/airflow/example_dags/tutorial.py took 0.165 seconds
[2024-04-06 13:42:06,355] {processor.py:153} INFO - Started process (PID=7513) to work on /opt/conda/lib/python3.8/site-packages/airflow/example_dags/tutorial.py
[2024-04-06 13:42:06,356] {processor.py:641} INFO - Processing file /opt/conda/lib/python3.8/site-packages/airflow/example_dags/tutorial.py for tasks to queue
[2024-04-06 13:42:06,357] {logging_mixin.py:115} INFO - [2024-04-06 13:42:06,357] {dagbag.py:508} INFO - Filling up the DagBag from /opt/conda/lib/python3.8/site-packages/airflow/example_dags/tutorial.py
[2024-04-06 13:42:06,364] {processor.py:651} INFO - DAG(s) dict_keys(['tutorial']) retrieved from /opt/conda/lib/python3.8/site-packages/airflow/example_dags/tutorial.py
[2024-04-06 13:42:06,521] {logging_mixin.py:115} INFO - [2024-04-06 13:42:06,521] {dag.py:2420} INFO - Sync 1 DAGs
[2024-04-06 13:42:06,532] {logging_mixin.py:115} INFO - [2024-04-06 13:42:06,532] {dag.py:2968} INFO - Setting next_dagrun for tutorial to 2024-04-05T13:42:06.532597+00:00, run_after=2024-04-06T13:42:06.532597+00:00
[2024-04-06 13:42:06,968] {processor.py:161} INFO - Processing /opt/conda/lib/python3.8/site-packages/airflow/example_dags/tutorial.py took 0.617 seconds
[2024-04-06 13:43:25,488] {processor.py:153} INFO - Started process (PID=7642) to work on /opt/conda/lib/python3.8/site-packages/airflow/example_dags/tutorial.py
[2024-04-06 13:43:25,489] {processor.py:641} INFO - Processing file /opt/conda/lib/python3.8/site-packages/airflow/example_dags/tutorial.py for tasks to queue
[2024-04-06 13:43:25,490] {logging_mixin.py:115} INFO - [2024-04-06 13:43:25,490] {dagbag.py:508} INFO - Filling up the DagBag from /opt/conda/lib/python3.8/site-packages/airflow/example_dags/tutorial.py
[2024-04-06 13:43:25,496] {processor.py:651} INFO - DAG(s) dict_keys(['tutorial']) retrieved from /opt/conda/lib/python3.8/site-packages/airflow/example_dags/tutorial.py
[2024-04-06 13:43:25,618] {logging_mixin.py:115} INFO - [2024-04-06 13:43:25,618] {dag.py:2420} INFO - Sync 1 DAGs
[2024-04-06 13:43:25,629] {logging_mixin.py:115} INFO - [2024-04-06 13:43:25,629] {dag.py:2968} INFO - Setting next_dagrun for tutorial to 2024-04-05T13:43:25.629091+00:00, run_after=2024-04-06T13:43:25.629091+00:00
[2024-04-06 13:43:25,649] {processor.py:161} INFO - Processing /opt/conda/lib/python3.8/site-packages/airflow/example_dags/tutorial.py took 0.164 seconds
[2024-04-06 13:44:24,207] {processor.py:153} INFO - Started process (PID=7751) to work on /opt/conda/lib/python3.8/site-packages/airflow/example_dags/tutorial.py
[2024-04-06 13:44:24,209] {processor.py:641} INFO - Processing file /opt/conda/lib/python3.8/site-packages/airflow/example_dags/tutorial.py for tasks to queue
[2024-04-06 13:44:24,209] {logging_mixin.py:115} INFO - [2024-04-06 13:44:24,209] {dagbag.py:508} INFO - Filling up the DagBag from /opt/conda/lib/python3.8/site-packages/airflow/example_dags/tutorial.py
[2024-04-06 13:44:24,215] {processor.py:651} INFO - DAG(s) dict_keys(['tutorial']) retrieved from /opt/conda/lib/python3.8/site-packages/airflow/example_dags/tutorial.py
[2024-04-06 13:44:24,338] {logging_mixin.py:115} INFO - [2024-04-06 13:44:24,338] {dag.py:2420} INFO - Sync 1 DAGs
[2024-04-06 13:44:24,349] {logging_mixin.py:115} INFO - [2024-04-06 13:44:24,348] {dag.py:2968} INFO - Setting next_dagrun for tutorial to 2024-04-05T13:44:24.348812+00:00, run_after=2024-04-06T13:44:24.348812+00:00
[2024-04-06 13:44:24,369] {processor.py:161} INFO - Processing /opt/conda/lib/python3.8/site-packages/airflow/example_dags/tutorial.py took 0.165 seconds
[2024-04-06 13:45:18,166] {processor.py:153} INFO - Started process (PID=7858) to work on /opt/conda/lib/python3.8/site-packages/airflow/example_dags/tutorial.py
[2024-04-06 13:45:18,168] {processor.py:641} INFO - Processing file /opt/conda/lib/python3.8/site-packages/airflow/example_dags/tutorial.py for tasks to queue
[2024-04-06 13:45:18,168] {logging_mixin.py:115} INFO - [2024-04-06 13:45:18,168] {dagbag.py:508} INFO - Filling up the DagBag from /opt/conda/lib/python3.8/site-packages/airflow/example_dags/tutorial.py
[2024-04-06 13:45:18,175] {processor.py:651} INFO - DAG(s) dict_keys(['tutorial']) retrieved from /opt/conda/lib/python3.8/site-packages/airflow/example_dags/tutorial.py
[2024-04-06 13:45:18,307] {logging_mixin.py:115} INFO - [2024-04-06 13:45:18,307] {dag.py:2420} INFO - Sync 1 DAGs
[2024-04-06 13:45:18,318] {logging_mixin.py:115} INFO - [2024-04-06 13:45:18,318] {dag.py:2968} INFO - Setting next_dagrun for tutorial to 2024-04-05T13:45:18.318477+00:00, run_after=2024-04-06T13:45:18.318477+00:00
[2024-04-06 13:45:18,338] {processor.py:161} INFO - Processing /opt/conda/lib/python3.8/site-packages/airflow/example_dags/tutorial.py took 0.175 seconds
[2024-04-06 13:46:31,010] {processor.py:153} INFO - Started process (PID=8000) to work on /opt/conda/lib/python3.8/site-packages/airflow/example_dags/tutorial.py
[2024-04-06 13:46:31,012] {processor.py:641} INFO - Processing file /opt/conda/lib/python3.8/site-packages/airflow/example_dags/tutorial.py for tasks to queue
[2024-04-06 13:46:31,012] {logging_mixin.py:115} INFO - [2024-04-06 13:46:31,012] {dagbag.py:508} INFO - Filling up the DagBag from /opt/conda/lib/python3.8/site-packages/airflow/example_dags/tutorial.py
[2024-04-06 13:46:31,019] {processor.py:651} INFO - DAG(s) dict_keys(['tutorial']) retrieved from /opt/conda/lib/python3.8/site-packages/airflow/example_dags/tutorial.py
[2024-04-06 13:46:31,035] {logging_mixin.py:115} INFO - [2024-04-06 13:46:31,035] {dag.py:2420} INFO - Sync 1 DAGs
[2024-04-06 13:46:31,050] {logging_mixin.py:115} INFO - [2024-04-06 13:46:31,050] {dag.py:2968} INFO - Setting next_dagrun for tutorial to 2024-04-05T13:46:31.050136+00:00, run_after=2024-04-06T13:46:31.050136+00:00
[2024-04-06 13:46:31,070] {processor.py:161} INFO - Processing /opt/conda/lib/python3.8/site-packages/airflow/example_dags/tutorial.py took 0.064 seconds
[2024-04-06 13:47:42,032] {processor.py:153} INFO - Started process (PID=8168) to work on /opt/conda/lib/python3.8/site-packages/airflow/example_dags/tutorial.py
[2024-04-06 13:47:42,033] {processor.py:641} INFO - Processing file /opt/conda/lib/python3.8/site-packages/airflow/example_dags/tutorial.py for tasks to queue
[2024-04-06 13:47:42,034] {logging_mixin.py:115} INFO - [2024-04-06 13:47:42,034] {dagbag.py:508} INFO - Filling up the DagBag from /opt/conda/lib/python3.8/site-packages/airflow/example_dags/tutorial.py
[2024-04-06 13:47:42,041] {processor.py:651} INFO - DAG(s) dict_keys(['tutorial']) retrieved from /opt/conda/lib/python3.8/site-packages/airflow/example_dags/tutorial.py
[2024-04-06 13:47:42,058] {logging_mixin.py:115} INFO - [2024-04-06 13:47:42,058] {dag.py:2420} INFO - Sync 1 DAGs
[2024-04-06 13:47:42,077] {logging_mixin.py:115} INFO - [2024-04-06 13:47:42,077] {dag.py:2968} INFO - Setting next_dagrun for tutorial to 2024-04-05T13:47:42.077431+00:00, run_after=2024-04-06T13:47:42.077431+00:00
[2024-04-06 13:47:42,100] {processor.py:161} INFO - Processing /opt/conda/lib/python3.8/site-packages/airflow/example_dags/tutorial.py took 0.072 seconds
[2024-04-06 13:48:55,507] {processor.py:153} INFO - Started process (PID=8311) to work on /opt/conda/lib/python3.8/site-packages/airflow/example_dags/tutorial.py
[2024-04-06 13:48:55,508] {processor.py:641} INFO - Processing file /opt/conda/lib/python3.8/site-packages/airflow/example_dags/tutorial.py for tasks to queue
[2024-04-06 13:48:55,509] {logging_mixin.py:115} INFO - [2024-04-06 13:48:55,509] {dagbag.py:508} INFO - Filling up the DagBag from /opt/conda/lib/python3.8/site-packages/airflow/example_dags/tutorial.py
[2024-04-06 13:48:55,515] {processor.py:651} INFO - DAG(s) dict_keys(['tutorial']) retrieved from /opt/conda/lib/python3.8/site-packages/airflow/example_dags/tutorial.py
[2024-04-06 13:48:55,531] {logging_mixin.py:115} INFO - [2024-04-06 13:48:55,531] {dag.py:2420} INFO - Sync 1 DAGs
[2024-04-06 13:48:55,546] {logging_mixin.py:115} INFO - [2024-04-06 13:48:55,546] {dag.py:2968} INFO - Setting next_dagrun for tutorial to 2024-04-05T13:48:55.545910+00:00, run_after=2024-04-06T13:48:55.545910+00:00
[2024-04-06 13:48:55,625] {processor.py:161} INFO - Processing /opt/conda/lib/python3.8/site-packages/airflow/example_dags/tutorial.py took 0.121 seconds
[2024-04-06 13:50:10,063] {processor.py:153} INFO - Started process (PID=8482) to work on /opt/conda/lib/python3.8/site-packages/airflow/example_dags/tutorial.py
[2024-04-06 13:50:10,065] {processor.py:641} INFO - Processing file /opt/conda/lib/python3.8/site-packages/airflow/example_dags/tutorial.py for tasks to queue
[2024-04-06 13:50:10,065] {logging_mixin.py:115} INFO - [2024-04-06 13:50:10,065] {dagbag.py:508} INFO - Filling up the DagBag from /opt/conda/lib/python3.8/site-packages/airflow/example_dags/tutorial.py
[2024-04-06 13:50:10,072] {processor.py:651} INFO - DAG(s) dict_keys(['tutorial']) retrieved from /opt/conda/lib/python3.8/site-packages/airflow/example_dags/tutorial.py
[2024-04-06 13:50:10,087] {logging_mixin.py:115} INFO - [2024-04-06 13:50:10,087] {dag.py:2420} INFO - Sync 1 DAGs
[2024-04-06 13:50:10,102] {logging_mixin.py:115} INFO - [2024-04-06 13:50:10,102] {dag.py:2968} INFO - Setting next_dagrun for tutorial to 2024-04-05T13:50:10.101922+00:00, run_after=2024-04-06T13:50:10.101922+00:00
[2024-04-06 13:50:10,122] {processor.py:161} INFO - Processing /opt/conda/lib/python3.8/site-packages/airflow/example_dags/tutorial.py took 0.062 seconds
[2024-04-06 13:51:21,814] {processor.py:153} INFO - Started process (PID=8623) to work on /opt/conda/lib/python3.8/site-packages/airflow/example_dags/tutorial.py
[2024-04-06 13:51:21,816] {processor.py:641} INFO - Processing file /opt/conda/lib/python3.8/site-packages/airflow/example_dags/tutorial.py for tasks to queue
[2024-04-06 13:51:21,816] {logging_mixin.py:115} INFO - [2024-04-06 13:51:21,816] {dagbag.py:508} INFO - Filling up the DagBag from /opt/conda/lib/python3.8/site-packages/airflow/example_dags/tutorial.py
[2024-04-06 13:51:21,822] {processor.py:651} INFO - DAG(s) dict_keys(['tutorial']) retrieved from /opt/conda/lib/python3.8/site-packages/airflow/example_dags/tutorial.py
[2024-04-06 13:51:21,838] {logging_mixin.py:115} INFO - [2024-04-06 13:51:21,838] {dag.py:2420} INFO - Sync 1 DAGs
[2024-04-06 13:51:21,853] {logging_mixin.py:115} INFO - [2024-04-06 13:51:21,853] {dag.py:2968} INFO - Setting next_dagrun for tutorial to 2024-04-05T13:51:21.853056+00:00, run_after=2024-04-06T13:51:21.853056+00:00
[2024-04-06 13:51:21,873] {processor.py:161} INFO - Processing /opt/conda/lib/python3.8/site-packages/airflow/example_dags/tutorial.py took 0.062 seconds
