[2024-04-06 12:45:54,186] {processor.py:153} INFO - Started process (PID=1387) to work on /opt/conda/lib/python3.8/site-packages/airflow/example_dags/tutorial_taskflow_api_etl.py
[2024-04-06 12:45:54,187] {processor.py:641} INFO - Processing file /opt/conda/lib/python3.8/site-packages/airflow/example_dags/tutorial_taskflow_api_etl.py for tasks to queue
[2024-04-06 12:45:54,188] {logging_mixin.py:115} INFO - [2024-04-06 12:45:54,188] {dagbag.py:508} INFO - Filling up the DagBag from /opt/conda/lib/python3.8/site-packages/airflow/example_dags/tutorial_taskflow_api_etl.py
[2024-04-06 12:45:54,325] {processor.py:651} INFO - DAG(s) dict_keys(['tutorial_taskflow_api_etl']) retrieved from /opt/conda/lib/python3.8/site-packages/airflow/example_dags/tutorial_taskflow_api_etl.py
[2024-04-06 12:45:54,352] {logging_mixin.py:115} INFO - [2024-04-06 12:45:54,352] {dag.py:2420} INFO - Sync 1 DAGs
[2024-04-06 12:45:54,362] {logging_mixin.py:115} INFO - [2024-04-06 12:45:54,362] {dag.py:2968} INFO - Setting next_dagrun for tutorial_taskflow_api_etl to None, run_after=None
[2024-04-06 12:45:54,383] {processor.py:161} INFO - Processing /opt/conda/lib/python3.8/site-packages/airflow/example_dags/tutorial_taskflow_api_etl.py took 0.200 seconds
[2024-04-06 12:46:45,092] {processor.py:153} INFO - Started process (PID=1458) to work on /opt/conda/lib/python3.8/site-packages/airflow/example_dags/tutorial_taskflow_api_etl.py
[2024-04-06 12:46:45,219] {processor.py:641} INFO - Processing file /opt/conda/lib/python3.8/site-packages/airflow/example_dags/tutorial_taskflow_api_etl.py for tasks to queue
[2024-04-06 12:46:45,219] {logging_mixin.py:115} INFO - [2024-04-06 12:46:45,219] {dagbag.py:508} INFO - Filling up the DagBag from /opt/conda/lib/python3.8/site-packages/airflow/example_dags/tutorial_taskflow_api_etl.py
[2024-04-06 12:46:45,357] {processor.py:651} INFO - DAG(s) dict_keys(['tutorial_taskflow_api_etl']) retrieved from /opt/conda/lib/python3.8/site-packages/airflow/example_dags/tutorial_taskflow_api_etl.py
[2024-04-06 12:46:45,384] {logging_mixin.py:115} INFO - [2024-04-06 12:46:45,384] {dag.py:2420} INFO - Sync 1 DAGs
[2024-04-06 12:46:45,395] {logging_mixin.py:115} INFO - [2024-04-06 12:46:45,394] {dag.py:2968} INFO - Setting next_dagrun for tutorial_taskflow_api_etl to None, run_after=None
[2024-04-06 12:46:45,811] {processor.py:161} INFO - Processing /opt/conda/lib/python3.8/site-packages/airflow/example_dags/tutorial_taskflow_api_etl.py took 0.723 seconds
[2024-04-06 12:47:34,546] {processor.py:153} INFO - Started process (PID=1529) to work on /opt/conda/lib/python3.8/site-packages/airflow/example_dags/tutorial_taskflow_api_etl.py
[2024-04-06 12:47:34,549] {processor.py:641} INFO - Processing file /opt/conda/lib/python3.8/site-packages/airflow/example_dags/tutorial_taskflow_api_etl.py for tasks to queue
[2024-04-06 12:47:34,549] {logging_mixin.py:115} INFO - [2024-04-06 12:47:34,549] {dagbag.py:508} INFO - Filling up the DagBag from /opt/conda/lib/python3.8/site-packages/airflow/example_dags/tutorial_taskflow_api_etl.py
[2024-04-06 12:47:34,680] {processor.py:651} INFO - DAG(s) dict_keys(['tutorial_taskflow_api_etl']) retrieved from /opt/conda/lib/python3.8/site-packages/airflow/example_dags/tutorial_taskflow_api_etl.py
[2024-04-06 12:47:34,688] {logging_mixin.py:115} INFO - [2024-04-06 12:47:34,688] {dag.py:2420} INFO - Sync 1 DAGs
[2024-04-06 12:47:34,699] {logging_mixin.py:115} INFO - [2024-04-06 12:47:34,699] {dag.py:2968} INFO - Setting next_dagrun for tutorial_taskflow_api_etl to None, run_after=None
[2024-04-06 12:47:34,716] {processor.py:161} INFO - Processing /opt/conda/lib/python3.8/site-packages/airflow/example_dags/tutorial_taskflow_api_etl.py took 0.173 seconds
[2024-04-06 12:48:34,984] {processor.py:153} INFO - Started process (PID=1637) to work on /opt/conda/lib/python3.8/site-packages/airflow/example_dags/tutorial_taskflow_api_etl.py
[2024-04-06 12:48:34,985] {processor.py:641} INFO - Processing file /opt/conda/lib/python3.8/site-packages/airflow/example_dags/tutorial_taskflow_api_etl.py for tasks to queue
[2024-04-06 12:48:34,986] {logging_mixin.py:115} INFO - [2024-04-06 12:48:34,986] {dagbag.py:508} INFO - Filling up the DagBag from /opt/conda/lib/python3.8/site-packages/airflow/example_dags/tutorial_taskflow_api_etl.py
[2024-04-06 12:48:35,131] {processor.py:651} INFO - DAG(s) dict_keys(['tutorial_taskflow_api_etl']) retrieved from /opt/conda/lib/python3.8/site-packages/airflow/example_dags/tutorial_taskflow_api_etl.py
[2024-04-06 12:48:35,159] {logging_mixin.py:115} INFO - [2024-04-06 12:48:35,159] {dag.py:2420} INFO - Sync 1 DAGs
[2024-04-06 12:48:35,168] {logging_mixin.py:115} INFO - [2024-04-06 12:48:35,168] {dag.py:2968} INFO - Setting next_dagrun for tutorial_taskflow_api_etl to None, run_after=None
[2024-04-06 12:48:35,332] {processor.py:161} INFO - Processing /opt/conda/lib/python3.8/site-packages/airflow/example_dags/tutorial_taskflow_api_etl.py took 0.352 seconds
[2024-04-06 12:49:23,618] {processor.py:153} INFO - Started process (PID=1704) to work on /opt/conda/lib/python3.8/site-packages/airflow/example_dags/tutorial_taskflow_api_etl.py
[2024-04-06 12:49:23,621] {processor.py:641} INFO - Processing file /opt/conda/lib/python3.8/site-packages/airflow/example_dags/tutorial_taskflow_api_etl.py for tasks to queue
[2024-04-06 12:49:23,621] {logging_mixin.py:115} INFO - [2024-04-06 12:49:23,621] {dagbag.py:508} INFO - Filling up the DagBag from /opt/conda/lib/python3.8/site-packages/airflow/example_dags/tutorial_taskflow_api_etl.py
[2024-04-06 12:49:23,752] {processor.py:651} INFO - DAG(s) dict_keys(['tutorial_taskflow_api_etl']) retrieved from /opt/conda/lib/python3.8/site-packages/airflow/example_dags/tutorial_taskflow_api_etl.py
[2024-04-06 12:49:23,779] {logging_mixin.py:115} INFO - [2024-04-06 12:49:23,779] {dag.py:2420} INFO - Sync 1 DAGs
[2024-04-06 12:49:23,789] {logging_mixin.py:115} INFO - [2024-04-06 12:49:23,789] {dag.py:2968} INFO - Setting next_dagrun for tutorial_taskflow_api_etl to None, run_after=None
[2024-04-06 12:49:23,810] {processor.py:161} INFO - Processing /opt/conda/lib/python3.8/site-packages/airflow/example_dags/tutorial_taskflow_api_etl.py took 0.195 seconds
[2024-04-06 12:50:18,254] {processor.py:153} INFO - Started process (PID=1781) to work on /opt/conda/lib/python3.8/site-packages/airflow/example_dags/tutorial_taskflow_api_etl.py
[2024-04-06 12:50:18,256] {processor.py:641} INFO - Processing file /opt/conda/lib/python3.8/site-packages/airflow/example_dags/tutorial_taskflow_api_etl.py for tasks to queue
[2024-04-06 12:50:18,257] {logging_mixin.py:115} INFO - [2024-04-06 12:50:18,257] {dagbag.py:508} INFO - Filling up the DagBag from /opt/conda/lib/python3.8/site-packages/airflow/example_dags/tutorial_taskflow_api_etl.py
[2024-04-06 12:50:18,388] {processor.py:651} INFO - DAG(s) dict_keys(['tutorial_taskflow_api_etl']) retrieved from /opt/conda/lib/python3.8/site-packages/airflow/example_dags/tutorial_taskflow_api_etl.py
[2024-04-06 12:50:18,415] {logging_mixin.py:115} INFO - [2024-04-06 12:50:18,415] {dag.py:2420} INFO - Sync 1 DAGs
[2024-04-06 12:50:18,425] {logging_mixin.py:115} INFO - [2024-04-06 12:50:18,425] {dag.py:2968} INFO - Setting next_dagrun for tutorial_taskflow_api_etl to None, run_after=None
[2024-04-06 12:50:18,448] {processor.py:161} INFO - Processing /opt/conda/lib/python3.8/site-packages/airflow/example_dags/tutorial_taskflow_api_etl.py took 0.197 seconds
[2024-04-06 12:51:15,183] {processor.py:153} INFO - Started process (PID=1888) to work on /opt/conda/lib/python3.8/site-packages/airflow/example_dags/tutorial_taskflow_api_etl.py
[2024-04-06 12:51:15,185] {processor.py:641} INFO - Processing file /opt/conda/lib/python3.8/site-packages/airflow/example_dags/tutorial_taskflow_api_etl.py for tasks to queue
[2024-04-06 12:51:15,185] {logging_mixin.py:115} INFO - [2024-04-06 12:51:15,185] {dagbag.py:508} INFO - Filling up the DagBag from /opt/conda/lib/python3.8/site-packages/airflow/example_dags/tutorial_taskflow_api_etl.py
[2024-04-06 12:51:15,316] {processor.py:651} INFO - DAG(s) dict_keys(['tutorial_taskflow_api_etl']) retrieved from /opt/conda/lib/python3.8/site-packages/airflow/example_dags/tutorial_taskflow_api_etl.py
[2024-04-06 12:51:15,324] {logging_mixin.py:115} INFO - [2024-04-06 12:51:15,324] {dag.py:2420} INFO - Sync 1 DAGs
[2024-04-06 12:51:15,335] {logging_mixin.py:115} INFO - [2024-04-06 12:51:15,335] {dag.py:2968} INFO - Setting next_dagrun for tutorial_taskflow_api_etl to None, run_after=None
[2024-04-06 12:51:15,354] {processor.py:161} INFO - Processing /opt/conda/lib/python3.8/site-packages/airflow/example_dags/tutorial_taskflow_api_etl.py took 0.174 seconds
[2024-04-06 12:52:09,056] {processor.py:153} INFO - Started process (PID=1963) to work on /opt/conda/lib/python3.8/site-packages/airflow/example_dags/tutorial_taskflow_api_etl.py
[2024-04-06 12:52:09,058] {processor.py:641} INFO - Processing file /opt/conda/lib/python3.8/site-packages/airflow/example_dags/tutorial_taskflow_api_etl.py for tasks to queue
[2024-04-06 12:52:09,059] {logging_mixin.py:115} INFO - [2024-04-06 12:52:09,059] {dagbag.py:508} INFO - Filling up the DagBag from /opt/conda/lib/python3.8/site-packages/airflow/example_dags/tutorial_taskflow_api_etl.py
[2024-04-06 12:52:09,192] {processor.py:651} INFO - DAG(s) dict_keys(['tutorial_taskflow_api_etl']) retrieved from /opt/conda/lib/python3.8/site-packages/airflow/example_dags/tutorial_taskflow_api_etl.py
[2024-04-06 12:52:09,200] {logging_mixin.py:115} INFO - [2024-04-06 12:52:09,200] {dag.py:2420} INFO - Sync 1 DAGs
[2024-04-06 12:52:09,211] {logging_mixin.py:115} INFO - [2024-04-06 12:52:09,211] {dag.py:2968} INFO - Setting next_dagrun for tutorial_taskflow_api_etl to None, run_after=None
[2024-04-06 12:52:09,232] {processor.py:161} INFO - Processing /opt/conda/lib/python3.8/site-packages/airflow/example_dags/tutorial_taskflow_api_etl.py took 0.180 seconds
[2024-04-06 12:53:05,273] {processor.py:153} INFO - Started process (PID=2048) to work on /opt/conda/lib/python3.8/site-packages/airflow/example_dags/tutorial_taskflow_api_etl.py
[2024-04-06 12:53:05,275] {processor.py:641} INFO - Processing file /opt/conda/lib/python3.8/site-packages/airflow/example_dags/tutorial_taskflow_api_etl.py for tasks to queue
[2024-04-06 12:53:05,275] {logging_mixin.py:115} INFO - [2024-04-06 12:53:05,275] {dagbag.py:508} INFO - Filling up the DagBag from /opt/conda/lib/python3.8/site-packages/airflow/example_dags/tutorial_taskflow_api_etl.py
[2024-04-06 12:53:05,407] {processor.py:651} INFO - DAG(s) dict_keys(['tutorial_taskflow_api_etl']) retrieved from /opt/conda/lib/python3.8/site-packages/airflow/example_dags/tutorial_taskflow_api_etl.py
[2024-04-06 12:53:05,416] {logging_mixin.py:115} INFO - [2024-04-06 12:53:05,416] {dag.py:2420} INFO - Sync 1 DAGs
[2024-04-06 12:53:05,427] {logging_mixin.py:115} INFO - [2024-04-06 12:53:05,427] {dag.py:2968} INFO - Setting next_dagrun for tutorial_taskflow_api_etl to None, run_after=None
[2024-04-06 12:53:05,446] {processor.py:161} INFO - Processing /opt/conda/lib/python3.8/site-packages/airflow/example_dags/tutorial_taskflow_api_etl.py took 0.177 seconds
[2024-04-06 12:54:01,700] {processor.py:153} INFO - Started process (PID=2150) to work on /opt/conda/lib/python3.8/site-packages/airflow/example_dags/tutorial_taskflow_api_etl.py
[2024-04-06 12:54:01,702] {processor.py:641} INFO - Processing file /opt/conda/lib/python3.8/site-packages/airflow/example_dags/tutorial_taskflow_api_etl.py for tasks to queue
[2024-04-06 12:54:01,703] {logging_mixin.py:115} INFO - [2024-04-06 12:54:01,703] {dagbag.py:508} INFO - Filling up the DagBag from /opt/conda/lib/python3.8/site-packages/airflow/example_dags/tutorial_taskflow_api_etl.py
[2024-04-06 12:54:01,833] {processor.py:651} INFO - DAG(s) dict_keys(['tutorial_taskflow_api_etl']) retrieved from /opt/conda/lib/python3.8/site-packages/airflow/example_dags/tutorial_taskflow_api_etl.py
[2024-04-06 12:54:01,841] {logging_mixin.py:115} INFO - [2024-04-06 12:54:01,841] {dag.py:2420} INFO - Sync 1 DAGs
[2024-04-06 12:54:01,852] {logging_mixin.py:115} INFO - [2024-04-06 12:54:01,852] {dag.py:2968} INFO - Setting next_dagrun for tutorial_taskflow_api_etl to None, run_after=None
[2024-04-06 12:54:01,871] {processor.py:161} INFO - Processing /opt/conda/lib/python3.8/site-packages/airflow/example_dags/tutorial_taskflow_api_etl.py took 0.174 seconds
[2024-04-06 12:54:49,031] {processor.py:153} INFO - Started process (PID=2236) to work on /opt/conda/lib/python3.8/site-packages/airflow/example_dags/tutorial_taskflow_api_etl.py
[2024-04-06 12:54:49,033] {processor.py:641} INFO - Processing file /opt/conda/lib/python3.8/site-packages/airflow/example_dags/tutorial_taskflow_api_etl.py for tasks to queue
[2024-04-06 12:54:49,034] {logging_mixin.py:115} INFO - [2024-04-06 12:54:49,033] {dagbag.py:508} INFO - Filling up the DagBag from /opt/conda/lib/python3.8/site-packages/airflow/example_dags/tutorial_taskflow_api_etl.py
[2024-04-06 12:54:49,053] {processor.py:651} INFO - DAG(s) dict_keys(['tutorial_taskflow_api_etl']) retrieved from /opt/conda/lib/python3.8/site-packages/airflow/example_dags/tutorial_taskflow_api_etl.py
[2024-04-06 12:54:49,099] {logging_mixin.py:115} INFO - [2024-04-06 12:54:49,099] {dag.py:2420} INFO - Sync 1 DAGs
[2024-04-06 12:54:49,113] {logging_mixin.py:115} INFO - [2024-04-06 12:54:49,113] {dag.py:2968} INFO - Setting next_dagrun for tutorial_taskflow_api_etl to None, run_after=None
[2024-04-06 12:54:49,134] {processor.py:161} INFO - Processing /opt/conda/lib/python3.8/site-packages/airflow/example_dags/tutorial_taskflow_api_etl.py took 0.106 seconds
[2024-04-06 12:55:32,111] {processor.py:153} INFO - Started process (PID=2307) to work on /opt/conda/lib/python3.8/site-packages/airflow/example_dags/tutorial_taskflow_api_etl.py
[2024-04-06 12:55:32,113] {processor.py:641} INFO - Processing file /opt/conda/lib/python3.8/site-packages/airflow/example_dags/tutorial_taskflow_api_etl.py for tasks to queue
[2024-04-06 12:55:32,114] {logging_mixin.py:115} INFO - [2024-04-06 12:55:32,114] {dagbag.py:508} INFO - Filling up the DagBag from /opt/conda/lib/python3.8/site-packages/airflow/example_dags/tutorial_taskflow_api_etl.py
[2024-04-06 12:55:32,133] {processor.py:651} INFO - DAG(s) dict_keys(['tutorial_taskflow_api_etl']) retrieved from /opt/conda/lib/python3.8/site-packages/airflow/example_dags/tutorial_taskflow_api_etl.py
[2024-04-06 12:55:32,176] {logging_mixin.py:115} INFO - [2024-04-06 12:55:32,176] {dag.py:2420} INFO - Sync 1 DAGs
[2024-04-06 12:55:32,190] {logging_mixin.py:115} INFO - [2024-04-06 12:55:32,190] {dag.py:2968} INFO - Setting next_dagrun for tutorial_taskflow_api_etl to None, run_after=None
[2024-04-06 12:55:32,211] {processor.py:161} INFO - Processing /opt/conda/lib/python3.8/site-packages/airflow/example_dags/tutorial_taskflow_api_etl.py took 0.103 seconds
[2024-04-06 12:56:11,199] {processor.py:153} INFO - Started process (PID=2374) to work on /opt/conda/lib/python3.8/site-packages/airflow/example_dags/tutorial_taskflow_api_etl.py
[2024-04-06 12:56:11,200] {processor.py:641} INFO - Processing file /opt/conda/lib/python3.8/site-packages/airflow/example_dags/tutorial_taskflow_api_etl.py for tasks to queue
[2024-04-06 12:56:11,201] {logging_mixin.py:115} INFO - [2024-04-06 12:56:11,201] {dagbag.py:508} INFO - Filling up the DagBag from /opt/conda/lib/python3.8/site-packages/airflow/example_dags/tutorial_taskflow_api_etl.py
[2024-04-06 12:56:11,218] {processor.py:651} INFO - DAG(s) dict_keys(['tutorial_taskflow_api_etl']) retrieved from /opt/conda/lib/python3.8/site-packages/airflow/example_dags/tutorial_taskflow_api_etl.py
[2024-04-06 12:56:11,254] {logging_mixin.py:115} INFO - [2024-04-06 12:56:11,254] {dag.py:2420} INFO - Sync 1 DAGs
[2024-04-06 12:56:11,267] {logging_mixin.py:115} INFO - [2024-04-06 12:56:11,267] {dag.py:2968} INFO - Setting next_dagrun for tutorial_taskflow_api_etl to None, run_after=None
[2024-04-06 12:56:11,286] {processor.py:161} INFO - Processing /opt/conda/lib/python3.8/site-packages/airflow/example_dags/tutorial_taskflow_api_etl.py took 0.091 seconds
[2024-04-06 12:56:53,000] {processor.py:153} INFO - Started process (PID=2443) to work on /opt/conda/lib/python3.8/site-packages/airflow/example_dags/tutorial_taskflow_api_etl.py
[2024-04-06 12:56:53,002] {processor.py:641} INFO - Processing file /opt/conda/lib/python3.8/site-packages/airflow/example_dags/tutorial_taskflow_api_etl.py for tasks to queue
[2024-04-06 12:56:53,002] {logging_mixin.py:115} INFO - [2024-04-06 12:56:53,002] {dagbag.py:508} INFO - Filling up the DagBag from /opt/conda/lib/python3.8/site-packages/airflow/example_dags/tutorial_taskflow_api_etl.py
[2024-04-06 12:56:53,020] {processor.py:651} INFO - DAG(s) dict_keys(['tutorial_taskflow_api_etl']) retrieved from /opt/conda/lib/python3.8/site-packages/airflow/example_dags/tutorial_taskflow_api_etl.py
[2024-04-06 12:56:53,056] {logging_mixin.py:115} INFO - [2024-04-06 12:56:53,056] {dag.py:2420} INFO - Sync 1 DAGs
[2024-04-06 12:56:53,069] {logging_mixin.py:115} INFO - [2024-04-06 12:56:53,069] {dag.py:2968} INFO - Setting next_dagrun for tutorial_taskflow_api_etl to None, run_after=None
[2024-04-06 12:56:53,089] {processor.py:161} INFO - Processing /opt/conda/lib/python3.8/site-packages/airflow/example_dags/tutorial_taskflow_api_etl.py took 0.092 seconds
[2024-04-06 12:57:34,930] {processor.py:153} INFO - Started process (PID=2512) to work on /opt/conda/lib/python3.8/site-packages/airflow/example_dags/tutorial_taskflow_api_etl.py
[2024-04-06 12:57:34,932] {processor.py:641} INFO - Processing file /opt/conda/lib/python3.8/site-packages/airflow/example_dags/tutorial_taskflow_api_etl.py for tasks to queue
[2024-04-06 12:57:34,932] {logging_mixin.py:115} INFO - [2024-04-06 12:57:34,932] {dagbag.py:508} INFO - Filling up the DagBag from /opt/conda/lib/python3.8/site-packages/airflow/example_dags/tutorial_taskflow_api_etl.py
[2024-04-06 12:57:34,951] {processor.py:651} INFO - DAG(s) dict_keys(['tutorial_taskflow_api_etl']) retrieved from /opt/conda/lib/python3.8/site-packages/airflow/example_dags/tutorial_taskflow_api_etl.py
[2024-04-06 12:57:34,967] {logging_mixin.py:115} INFO - [2024-04-06 12:57:34,967] {dag.py:2420} INFO - Sync 1 DAGs
[2024-04-06 12:57:34,982] {logging_mixin.py:115} INFO - [2024-04-06 12:57:34,982] {dag.py:2968} INFO - Setting next_dagrun for tutorial_taskflow_api_etl to None, run_after=None
[2024-04-06 12:57:35,002] {processor.py:161} INFO - Processing /opt/conda/lib/python3.8/site-packages/airflow/example_dags/tutorial_taskflow_api_etl.py took 0.075 seconds
[2024-04-06 12:58:16,420] {processor.py:153} INFO - Started process (PID=2580) to work on /opt/conda/lib/python3.8/site-packages/airflow/example_dags/tutorial_taskflow_api_etl.py
[2024-04-06 12:58:16,421] {processor.py:641} INFO - Processing file /opt/conda/lib/python3.8/site-packages/airflow/example_dags/tutorial_taskflow_api_etl.py for tasks to queue
[2024-04-06 12:58:16,422] {logging_mixin.py:115} INFO - [2024-04-06 12:58:16,422] {dagbag.py:508} INFO - Filling up the DagBag from /opt/conda/lib/python3.8/site-packages/airflow/example_dags/tutorial_taskflow_api_etl.py
[2024-04-06 12:58:16,441] {processor.py:651} INFO - DAG(s) dict_keys(['tutorial_taskflow_api_etl']) retrieved from /opt/conda/lib/python3.8/site-packages/airflow/example_dags/tutorial_taskflow_api_etl.py
[2024-04-06 12:58:16,458] {logging_mixin.py:115} INFO - [2024-04-06 12:58:16,458] {dag.py:2420} INFO - Sync 1 DAGs
[2024-04-06 12:58:16,476] {logging_mixin.py:115} INFO - [2024-04-06 12:58:16,476] {dag.py:2968} INFO - Setting next_dagrun for tutorial_taskflow_api_etl to None, run_after=None
[2024-04-06 12:58:16,498] {processor.py:161} INFO - Processing /opt/conda/lib/python3.8/site-packages/airflow/example_dags/tutorial_taskflow_api_etl.py took 0.082 seconds
[2024-04-06 12:58:59,295] {processor.py:153} INFO - Started process (PID=2657) to work on /opt/conda/lib/python3.8/site-packages/airflow/example_dags/tutorial_taskflow_api_etl.py
[2024-04-06 12:58:59,297] {processor.py:641} INFO - Processing file /opt/conda/lib/python3.8/site-packages/airflow/example_dags/tutorial_taskflow_api_etl.py for tasks to queue
[2024-04-06 12:58:59,298] {logging_mixin.py:115} INFO - [2024-04-06 12:58:59,298] {dagbag.py:508} INFO - Filling up the DagBag from /opt/conda/lib/python3.8/site-packages/airflow/example_dags/tutorial_taskflow_api_etl.py
[2024-04-06 12:58:59,317] {processor.py:651} INFO - DAG(s) dict_keys(['tutorial_taskflow_api_etl']) retrieved from /opt/conda/lib/python3.8/site-packages/airflow/example_dags/tutorial_taskflow_api_etl.py
[2024-04-06 12:58:59,334] {logging_mixin.py:115} INFO - [2024-04-06 12:58:59,333] {dag.py:2420} INFO - Sync 1 DAGs
[2024-04-06 12:58:59,352] {logging_mixin.py:115} INFO - [2024-04-06 12:58:59,352] {dag.py:2968} INFO - Setting next_dagrun for tutorial_taskflow_api_etl to None, run_after=None
[2024-04-06 12:58:59,373] {processor.py:161} INFO - Processing /opt/conda/lib/python3.8/site-packages/airflow/example_dags/tutorial_taskflow_api_etl.py took 0.082 seconds
[2024-04-06 12:59:48,411] {processor.py:153} INFO - Started process (PID=2738) to work on /opt/conda/lib/python3.8/site-packages/airflow/example_dags/tutorial_taskflow_api_etl.py
[2024-04-06 12:59:48,413] {processor.py:641} INFO - Processing file /opt/conda/lib/python3.8/site-packages/airflow/example_dags/tutorial_taskflow_api_etl.py for tasks to queue
[2024-04-06 12:59:48,414] {logging_mixin.py:115} INFO - [2024-04-06 12:59:48,414] {dagbag.py:508} INFO - Filling up the DagBag from /opt/conda/lib/python3.8/site-packages/airflow/example_dags/tutorial_taskflow_api_etl.py
[2024-04-06 12:59:48,433] {processor.py:651} INFO - DAG(s) dict_keys(['tutorial_taskflow_api_etl']) retrieved from /opt/conda/lib/python3.8/site-packages/airflow/example_dags/tutorial_taskflow_api_etl.py
[2024-04-06 12:59:48,480] {logging_mixin.py:115} INFO - [2024-04-06 12:59:48,480] {dag.py:2420} INFO - Sync 1 DAGs
[2024-04-06 12:59:48,493] {logging_mixin.py:115} INFO - [2024-04-06 12:59:48,493] {dag.py:2968} INFO - Setting next_dagrun for tutorial_taskflow_api_etl to None, run_after=None
[2024-04-06 12:59:48,514] {processor.py:161} INFO - Processing /opt/conda/lib/python3.8/site-packages/airflow/example_dags/tutorial_taskflow_api_etl.py took 0.106 seconds
[2024-04-06 13:00:31,879] {processor.py:153} INFO - Started process (PID=2808) to work on /opt/conda/lib/python3.8/site-packages/airflow/example_dags/tutorial_taskflow_api_etl.py
[2024-04-06 13:00:31,880] {processor.py:641} INFO - Processing file /opt/conda/lib/python3.8/site-packages/airflow/example_dags/tutorial_taskflow_api_etl.py for tasks to queue
[2024-04-06 13:00:31,881] {logging_mixin.py:115} INFO - [2024-04-06 13:00:31,881] {dagbag.py:508} INFO - Filling up the DagBag from /opt/conda/lib/python3.8/site-packages/airflow/example_dags/tutorial_taskflow_api_etl.py
[2024-04-06 13:00:31,901] {processor.py:651} INFO - DAG(s) dict_keys(['tutorial_taskflow_api_etl']) retrieved from /opt/conda/lib/python3.8/site-packages/airflow/example_dags/tutorial_taskflow_api_etl.py
[2024-04-06 13:00:31,918] {logging_mixin.py:115} INFO - [2024-04-06 13:00:31,918] {dag.py:2420} INFO - Sync 1 DAGs
[2024-04-06 13:00:31,932] {logging_mixin.py:115} INFO - [2024-04-06 13:00:31,932] {dag.py:2968} INFO - Setting next_dagrun for tutorial_taskflow_api_etl to None, run_after=None
[2024-04-06 13:00:31,953] {processor.py:161} INFO - Processing /opt/conda/lib/python3.8/site-packages/airflow/example_dags/tutorial_taskflow_api_etl.py took 0.078 seconds
[2024-04-06 13:01:14,796] {processor.py:153} INFO - Started process (PID=2878) to work on /opt/conda/lib/python3.8/site-packages/airflow/example_dags/tutorial_taskflow_api_etl.py
[2024-04-06 13:01:14,798] {processor.py:641} INFO - Processing file /opt/conda/lib/python3.8/site-packages/airflow/example_dags/tutorial_taskflow_api_etl.py for tasks to queue
[2024-04-06 13:01:14,798] {logging_mixin.py:115} INFO - [2024-04-06 13:01:14,798] {dagbag.py:508} INFO - Filling up the DagBag from /opt/conda/lib/python3.8/site-packages/airflow/example_dags/tutorial_taskflow_api_etl.py
[2024-04-06 13:01:14,816] {processor.py:651} INFO - DAG(s) dict_keys(['tutorial_taskflow_api_etl']) retrieved from /opt/conda/lib/python3.8/site-packages/airflow/example_dags/tutorial_taskflow_api_etl.py
[2024-04-06 13:01:14,829] {logging_mixin.py:115} INFO - [2024-04-06 13:01:14,829] {dag.py:2420} INFO - Sync 1 DAGs
[2024-04-06 13:01:14,843] {logging_mixin.py:115} INFO - [2024-04-06 13:01:14,843] {dag.py:2968} INFO - Setting next_dagrun for tutorial_taskflow_api_etl to None, run_after=None
[2024-04-06 13:01:14,862] {processor.py:161} INFO - Processing /opt/conda/lib/python3.8/site-packages/airflow/example_dags/tutorial_taskflow_api_etl.py took 0.070 seconds
[2024-04-06 13:02:00,827] {processor.py:153} INFO - Started process (PID=2955) to work on /opt/conda/lib/python3.8/site-packages/airflow/example_dags/tutorial_taskflow_api_etl.py
[2024-04-06 13:02:00,828] {processor.py:641} INFO - Processing file /opt/conda/lib/python3.8/site-packages/airflow/example_dags/tutorial_taskflow_api_etl.py for tasks to queue
[2024-04-06 13:02:00,829] {logging_mixin.py:115} INFO - [2024-04-06 13:02:00,828] {dagbag.py:508} INFO - Filling up the DagBag from /opt/conda/lib/python3.8/site-packages/airflow/example_dags/tutorial_taskflow_api_etl.py
[2024-04-06 13:02:00,846] {processor.py:651} INFO - DAG(s) dict_keys(['tutorial_taskflow_api_etl']) retrieved from /opt/conda/lib/python3.8/site-packages/airflow/example_dags/tutorial_taskflow_api_etl.py
[2024-04-06 13:02:00,860] {logging_mixin.py:115} INFO - [2024-04-06 13:02:00,860] {dag.py:2420} INFO - Sync 1 DAGs
[2024-04-06 13:02:00,873] {logging_mixin.py:115} INFO - [2024-04-06 13:02:00,873] {dag.py:2968} INFO - Setting next_dagrun for tutorial_taskflow_api_etl to None, run_after=None
[2024-04-06 13:02:00,894] {processor.py:161} INFO - Processing /opt/conda/lib/python3.8/site-packages/airflow/example_dags/tutorial_taskflow_api_etl.py took 0.070 seconds
[2024-04-06 13:02:41,926] {processor.py:153} INFO - Started process (PID=3023) to work on /opt/conda/lib/python3.8/site-packages/airflow/example_dags/tutorial_taskflow_api_etl.py
[2024-04-06 13:02:41,928] {processor.py:641} INFO - Processing file /opt/conda/lib/python3.8/site-packages/airflow/example_dags/tutorial_taskflow_api_etl.py for tasks to queue
[2024-04-06 13:02:41,928] {logging_mixin.py:115} INFO - [2024-04-06 13:02:41,928] {dagbag.py:508} INFO - Filling up the DagBag from /opt/conda/lib/python3.8/site-packages/airflow/example_dags/tutorial_taskflow_api_etl.py
[2024-04-06 13:02:41,947] {processor.py:651} INFO - DAG(s) dict_keys(['tutorial_taskflow_api_etl']) retrieved from /opt/conda/lib/python3.8/site-packages/airflow/example_dags/tutorial_taskflow_api_etl.py
[2024-04-06 13:02:41,964] {logging_mixin.py:115} INFO - [2024-04-06 13:02:41,964] {dag.py:2420} INFO - Sync 1 DAGs
[2024-04-06 13:02:41,983] {logging_mixin.py:115} INFO - [2024-04-06 13:02:41,983] {dag.py:2968} INFO - Setting next_dagrun for tutorial_taskflow_api_etl to None, run_after=None
[2024-04-06 13:02:42,006] {processor.py:161} INFO - Processing /opt/conda/lib/python3.8/site-packages/airflow/example_dags/tutorial_taskflow_api_etl.py took 0.083 seconds
[2024-04-06 13:03:28,292] {processor.py:153} INFO - Started process (PID=3113) to work on /opt/conda/lib/python3.8/site-packages/airflow/example_dags/tutorial_taskflow_api_etl.py
[2024-04-06 13:03:28,293] {processor.py:641} INFO - Processing file /opt/conda/lib/python3.8/site-packages/airflow/example_dags/tutorial_taskflow_api_etl.py for tasks to queue
[2024-04-06 13:03:28,294] {logging_mixin.py:115} INFO - [2024-04-06 13:03:28,294] {dagbag.py:508} INFO - Filling up the DagBag from /opt/conda/lib/python3.8/site-packages/airflow/example_dags/tutorial_taskflow_api_etl.py
[2024-04-06 13:03:28,313] {processor.py:651} INFO - DAG(s) dict_keys(['tutorial_taskflow_api_etl']) retrieved from /opt/conda/lib/python3.8/site-packages/airflow/example_dags/tutorial_taskflow_api_etl.py
[2024-04-06 13:03:28,329] {logging_mixin.py:115} INFO - [2024-04-06 13:03:28,329] {dag.py:2420} INFO - Sync 1 DAGs
[2024-04-06 13:03:28,347] {logging_mixin.py:115} INFO - [2024-04-06 13:03:28,347] {dag.py:2968} INFO - Setting next_dagrun for tutorial_taskflow_api_etl to None, run_after=None
[2024-04-06 13:03:28,370] {processor.py:161} INFO - Processing /opt/conda/lib/python3.8/site-packages/airflow/example_dags/tutorial_taskflow_api_etl.py took 0.081 seconds
[2024-04-06 13:04:09,523] {processor.py:153} INFO - Started process (PID=3181) to work on /opt/conda/lib/python3.8/site-packages/airflow/example_dags/tutorial_taskflow_api_etl.py
[2024-04-06 13:04:09,524] {processor.py:641} INFO - Processing file /opt/conda/lib/python3.8/site-packages/airflow/example_dags/tutorial_taskflow_api_etl.py for tasks to queue
[2024-04-06 13:04:09,524] {logging_mixin.py:115} INFO - [2024-04-06 13:04:09,524] {dagbag.py:508} INFO - Filling up the DagBag from /opt/conda/lib/python3.8/site-packages/airflow/example_dags/tutorial_taskflow_api_etl.py
[2024-04-06 13:04:09,542] {processor.py:651} INFO - DAG(s) dict_keys(['tutorial_taskflow_api_etl']) retrieved from /opt/conda/lib/python3.8/site-packages/airflow/example_dags/tutorial_taskflow_api_etl.py
[2024-04-06 13:04:09,556] {logging_mixin.py:115} INFO - [2024-04-06 13:04:09,556] {dag.py:2420} INFO - Sync 1 DAGs
[2024-04-06 13:04:09,569] {logging_mixin.py:115} INFO - [2024-04-06 13:04:09,569] {dag.py:2968} INFO - Setting next_dagrun for tutorial_taskflow_api_etl to None, run_after=None
[2024-04-06 13:04:09,591] {processor.py:161} INFO - Processing /opt/conda/lib/python3.8/site-packages/airflow/example_dags/tutorial_taskflow_api_etl.py took 0.072 seconds
[2024-04-06 13:04:51,504] {processor.py:153} INFO - Started process (PID=3250) to work on /opt/conda/lib/python3.8/site-packages/airflow/example_dags/tutorial_taskflow_api_etl.py
[2024-04-06 13:04:51,505] {processor.py:641} INFO - Processing file /opt/conda/lib/python3.8/site-packages/airflow/example_dags/tutorial_taskflow_api_etl.py for tasks to queue
[2024-04-06 13:04:51,506] {logging_mixin.py:115} INFO - [2024-04-06 13:04:51,506] {dagbag.py:508} INFO - Filling up the DagBag from /opt/conda/lib/python3.8/site-packages/airflow/example_dags/tutorial_taskflow_api_etl.py
[2024-04-06 13:04:51,525] {processor.py:651} INFO - DAG(s) dict_keys(['tutorial_taskflow_api_etl']) retrieved from /opt/conda/lib/python3.8/site-packages/airflow/example_dags/tutorial_taskflow_api_etl.py
[2024-04-06 13:04:51,565] {logging_mixin.py:115} INFO - [2024-04-06 13:04:51,565] {dag.py:2420} INFO - Sync 1 DAGs
[2024-04-06 13:04:51,578] {logging_mixin.py:115} INFO - [2024-04-06 13:04:51,577] {dag.py:2968} INFO - Setting next_dagrun for tutorial_taskflow_api_etl to None, run_after=None
[2024-04-06 13:04:51,599] {processor.py:161} INFO - Processing /opt/conda/lib/python3.8/site-packages/airflow/example_dags/tutorial_taskflow_api_etl.py took 0.099 seconds
[2024-04-06 13:05:33,007] {processor.py:153} INFO - Started process (PID=3323) to work on /opt/conda/lib/python3.8/site-packages/airflow/example_dags/tutorial_taskflow_api_etl.py
[2024-04-06 13:05:33,010] {processor.py:641} INFO - Processing file /opt/conda/lib/python3.8/site-packages/airflow/example_dags/tutorial_taskflow_api_etl.py for tasks to queue
[2024-04-06 13:05:33,011] {logging_mixin.py:115} INFO - [2024-04-06 13:05:33,011] {dagbag.py:508} INFO - Filling up the DagBag from /opt/conda/lib/python3.8/site-packages/airflow/example_dags/tutorial_taskflow_api_etl.py
[2024-04-06 13:05:33,029] {processor.py:651} INFO - DAG(s) dict_keys(['tutorial_taskflow_api_etl']) retrieved from /opt/conda/lib/python3.8/site-packages/airflow/example_dags/tutorial_taskflow_api_etl.py
[2024-04-06 13:05:33,066] {logging_mixin.py:115} INFO - [2024-04-06 13:05:33,066] {dag.py:2420} INFO - Sync 1 DAGs
[2024-04-06 13:05:33,079] {logging_mixin.py:115} INFO - [2024-04-06 13:05:33,079] {dag.py:2968} INFO - Setting next_dagrun for tutorial_taskflow_api_etl to None, run_after=None
[2024-04-06 13:05:33,107] {processor.py:161} INFO - Processing /opt/conda/lib/python3.8/site-packages/airflow/example_dags/tutorial_taskflow_api_etl.py took 0.103 seconds
[2024-04-06 13:06:15,287] {processor.py:153} INFO - Started process (PID=3393) to work on /opt/conda/lib/python3.8/site-packages/airflow/example_dags/tutorial_taskflow_api_etl.py
[2024-04-06 13:06:15,288] {processor.py:641} INFO - Processing file /opt/conda/lib/python3.8/site-packages/airflow/example_dags/tutorial_taskflow_api_etl.py for tasks to queue
[2024-04-06 13:06:15,289] {logging_mixin.py:115} INFO - [2024-04-06 13:06:15,289] {dagbag.py:508} INFO - Filling up the DagBag from /opt/conda/lib/python3.8/site-packages/airflow/example_dags/tutorial_taskflow_api_etl.py
[2024-04-06 13:06:15,308] {processor.py:651} INFO - DAG(s) dict_keys(['tutorial_taskflow_api_etl']) retrieved from /opt/conda/lib/python3.8/site-packages/airflow/example_dags/tutorial_taskflow_api_etl.py
[2024-04-06 13:06:15,345] {logging_mixin.py:115} INFO - [2024-04-06 13:06:15,345] {dag.py:2420} INFO - Sync 1 DAGs
[2024-04-06 13:06:15,358] {logging_mixin.py:115} INFO - [2024-04-06 13:06:15,358] {dag.py:2968} INFO - Setting next_dagrun for tutorial_taskflow_api_etl to None, run_after=None
[2024-04-06 13:06:15,378] {processor.py:161} INFO - Processing /opt/conda/lib/python3.8/site-packages/airflow/example_dags/tutorial_taskflow_api_etl.py took 0.095 seconds
[2024-04-06 13:06:57,907] {processor.py:153} INFO - Started process (PID=3463) to work on /opt/conda/lib/python3.8/site-packages/airflow/example_dags/tutorial_taskflow_api_etl.py
[2024-04-06 13:06:57,908] {processor.py:641} INFO - Processing file /opt/conda/lib/python3.8/site-packages/airflow/example_dags/tutorial_taskflow_api_etl.py for tasks to queue
[2024-04-06 13:06:57,909] {logging_mixin.py:115} INFO - [2024-04-06 13:06:57,908] {dagbag.py:508} INFO - Filling up the DagBag from /opt/conda/lib/python3.8/site-packages/airflow/example_dags/tutorial_taskflow_api_etl.py
[2024-04-06 13:06:57,927] {processor.py:651} INFO - DAG(s) dict_keys(['tutorial_taskflow_api_etl']) retrieved from /opt/conda/lib/python3.8/site-packages/airflow/example_dags/tutorial_taskflow_api_etl.py
[2024-04-06 13:06:57,944] {logging_mixin.py:115} INFO - [2024-04-06 13:06:57,944] {dag.py:2420} INFO - Sync 1 DAGs
[2024-04-06 13:06:57,962] {logging_mixin.py:115} INFO - [2024-04-06 13:06:57,962] {dag.py:2968} INFO - Setting next_dagrun for tutorial_taskflow_api_etl to None, run_after=None
[2024-04-06 13:06:57,984] {processor.py:161} INFO - Processing /opt/conda/lib/python3.8/site-packages/airflow/example_dags/tutorial_taskflow_api_etl.py took 0.080 seconds
[2024-04-06 13:07:36,635] {processor.py:153} INFO - Started process (PID=3536) to work on /opt/conda/lib/python3.8/site-packages/airflow/example_dags/tutorial_taskflow_api_etl.py
[2024-04-06 13:07:36,637] {processor.py:641} INFO - Processing file /opt/conda/lib/python3.8/site-packages/airflow/example_dags/tutorial_taskflow_api_etl.py for tasks to queue
[2024-04-06 13:07:36,637] {logging_mixin.py:115} INFO - [2024-04-06 13:07:36,637] {dagbag.py:508} INFO - Filling up the DagBag from /opt/conda/lib/python3.8/site-packages/airflow/example_dags/tutorial_taskflow_api_etl.py
[2024-04-06 13:07:36,657] {processor.py:651} INFO - DAG(s) dict_keys(['tutorial_taskflow_api_etl']) retrieved from /opt/conda/lib/python3.8/site-packages/airflow/example_dags/tutorial_taskflow_api_etl.py
[2024-04-06 13:07:36,674] {logging_mixin.py:115} INFO - [2024-04-06 13:07:36,674] {dag.py:2420} INFO - Sync 1 DAGs
[2024-04-06 13:07:36,693] {logging_mixin.py:115} INFO - [2024-04-06 13:07:36,693] {dag.py:2968} INFO - Setting next_dagrun for tutorial_taskflow_api_etl to None, run_after=None
[2024-04-06 13:07:36,717] {processor.py:161} INFO - Processing /opt/conda/lib/python3.8/site-packages/airflow/example_dags/tutorial_taskflow_api_etl.py took 0.086 seconds
[2024-04-06 13:08:15,130] {processor.py:153} INFO - Started process (PID=3618) to work on /opt/conda/lib/python3.8/site-packages/airflow/example_dags/tutorial_taskflow_api_etl.py
[2024-04-06 13:08:15,131] {processor.py:641} INFO - Processing file /opt/conda/lib/python3.8/site-packages/airflow/example_dags/tutorial_taskflow_api_etl.py for tasks to queue
[2024-04-06 13:08:15,132] {logging_mixin.py:115} INFO - [2024-04-06 13:08:15,131] {dagbag.py:508} INFO - Filling up the DagBag from /opt/conda/lib/python3.8/site-packages/airflow/example_dags/tutorial_taskflow_api_etl.py
[2024-04-06 13:08:15,149] {processor.py:651} INFO - DAG(s) dict_keys(['tutorial_taskflow_api_etl']) retrieved from /opt/conda/lib/python3.8/site-packages/airflow/example_dags/tutorial_taskflow_api_etl.py
[2024-04-06 13:08:15,163] {logging_mixin.py:115} INFO - [2024-04-06 13:08:15,163] {dag.py:2420} INFO - Sync 1 DAGs
[2024-04-06 13:08:15,176] {logging_mixin.py:115} INFO - [2024-04-06 13:08:15,176] {dag.py:2968} INFO - Setting next_dagrun for tutorial_taskflow_api_etl to None, run_after=None
[2024-04-06 13:08:15,196] {processor.py:161} INFO - Processing /opt/conda/lib/python3.8/site-packages/airflow/example_dags/tutorial_taskflow_api_etl.py took 0.070 seconds
[2024-04-06 13:08:55,937] {processor.py:153} INFO - Started process (PID=3701) to work on /opt/conda/lib/python3.8/site-packages/airflow/example_dags/tutorial_taskflow_api_etl.py
[2024-04-06 13:08:55,939] {processor.py:641} INFO - Processing file /opt/conda/lib/python3.8/site-packages/airflow/example_dags/tutorial_taskflow_api_etl.py for tasks to queue
[2024-04-06 13:08:55,939] {logging_mixin.py:115} INFO - [2024-04-06 13:08:55,939] {dagbag.py:508} INFO - Filling up the DagBag from /opt/conda/lib/python3.8/site-packages/airflow/example_dags/tutorial_taskflow_api_etl.py
[2024-04-06 13:08:55,954] {processor.py:651} INFO - DAG(s) dict_keys(['tutorial_taskflow_api_etl']) retrieved from /opt/conda/lib/python3.8/site-packages/airflow/example_dags/tutorial_taskflow_api_etl.py
[2024-04-06 13:08:55,967] {logging_mixin.py:115} INFO - [2024-04-06 13:08:55,967] {dag.py:2420} INFO - Sync 1 DAGs
[2024-04-06 13:08:55,981] {logging_mixin.py:115} INFO - [2024-04-06 13:08:55,981] {dag.py:2968} INFO - Setting next_dagrun for tutorial_taskflow_api_etl to None, run_after=None
[2024-04-06 13:08:56,004] {processor.py:161} INFO - Processing /opt/conda/lib/python3.8/site-packages/airflow/example_dags/tutorial_taskflow_api_etl.py took 0.070 seconds
[2024-04-06 13:09:35,430] {processor.py:153} INFO - Started process (PID=3767) to work on /opt/conda/lib/python3.8/site-packages/airflow/example_dags/tutorial_taskflow_api_etl.py
[2024-04-06 13:09:35,432] {processor.py:641} INFO - Processing file /opt/conda/lib/python3.8/site-packages/airflow/example_dags/tutorial_taskflow_api_etl.py for tasks to queue
[2024-04-06 13:09:35,433] {logging_mixin.py:115} INFO - [2024-04-06 13:09:35,433] {dagbag.py:508} INFO - Filling up the DagBag from /opt/conda/lib/python3.8/site-packages/airflow/example_dags/tutorial_taskflow_api_etl.py
[2024-04-06 13:09:35,451] {processor.py:651} INFO - DAG(s) dict_keys(['tutorial_taskflow_api_etl']) retrieved from /opt/conda/lib/python3.8/site-packages/airflow/example_dags/tutorial_taskflow_api_etl.py
[2024-04-06 13:09:35,490] {logging_mixin.py:115} INFO - [2024-04-06 13:09:35,490] {dag.py:2420} INFO - Sync 1 DAGs
[2024-04-06 13:09:35,501] {logging_mixin.py:115} INFO - [2024-04-06 13:09:35,501] {dag.py:2968} INFO - Setting next_dagrun for tutorial_taskflow_api_etl to None, run_after=None
[2024-04-06 13:09:35,523] {processor.py:161} INFO - Processing /opt/conda/lib/python3.8/site-packages/airflow/example_dags/tutorial_taskflow_api_etl.py took 0.096 seconds
[2024-04-06 13:10:17,547] {processor.py:153} INFO - Started process (PID=3838) to work on /opt/conda/lib/python3.8/site-packages/airflow/example_dags/tutorial_taskflow_api_etl.py
[2024-04-06 13:10:17,549] {processor.py:641} INFO - Processing file /opt/conda/lib/python3.8/site-packages/airflow/example_dags/tutorial_taskflow_api_etl.py for tasks to queue
[2024-04-06 13:10:17,549] {logging_mixin.py:115} INFO - [2024-04-06 13:10:17,549] {dagbag.py:508} INFO - Filling up the DagBag from /opt/conda/lib/python3.8/site-packages/airflow/example_dags/tutorial_taskflow_api_etl.py
[2024-04-06 13:10:17,569] {processor.py:651} INFO - DAG(s) dict_keys(['tutorial_taskflow_api_etl']) retrieved from /opt/conda/lib/python3.8/site-packages/airflow/example_dags/tutorial_taskflow_api_etl.py
[2024-04-06 13:10:17,608] {logging_mixin.py:115} INFO - [2024-04-06 13:10:17,608] {dag.py:2420} INFO - Sync 1 DAGs
[2024-04-06 13:10:17,620] {logging_mixin.py:115} INFO - [2024-04-06 13:10:17,620] {dag.py:2968} INFO - Setting next_dagrun for tutorial_taskflow_api_etl to None, run_after=None
[2024-04-06 13:10:17,640] {processor.py:161} INFO - Processing /opt/conda/lib/python3.8/site-packages/airflow/example_dags/tutorial_taskflow_api_etl.py took 0.096 seconds
[2024-04-06 13:10:55,839] {processor.py:153} INFO - Started process (PID=3904) to work on /opt/conda/lib/python3.8/site-packages/airflow/example_dags/tutorial_taskflow_api_etl.py
[2024-04-06 13:10:55,840] {processor.py:641} INFO - Processing file /opt/conda/lib/python3.8/site-packages/airflow/example_dags/tutorial_taskflow_api_etl.py for tasks to queue
[2024-04-06 13:10:55,841] {logging_mixin.py:115} INFO - [2024-04-06 13:10:55,841] {dagbag.py:508} INFO - Filling up the DagBag from /opt/conda/lib/python3.8/site-packages/airflow/example_dags/tutorial_taskflow_api_etl.py
[2024-04-06 13:10:55,859] {processor.py:651} INFO - DAG(s) dict_keys(['tutorial_taskflow_api_etl']) retrieved from /opt/conda/lib/python3.8/site-packages/airflow/example_dags/tutorial_taskflow_api_etl.py
[2024-04-06 13:10:55,876] {logging_mixin.py:115} INFO - [2024-04-06 13:10:55,876] {dag.py:2420} INFO - Sync 1 DAGs
[2024-04-06 13:10:55,894] {logging_mixin.py:115} INFO - [2024-04-06 13:10:55,894] {dag.py:2968} INFO - Setting next_dagrun for tutorial_taskflow_api_etl to None, run_after=None
[2024-04-06 13:10:55,915] {processor.py:161} INFO - Processing /opt/conda/lib/python3.8/site-packages/airflow/example_dags/tutorial_taskflow_api_etl.py took 0.080 seconds
[2024-04-06 13:11:38,199] {processor.py:153} INFO - Started process (PID=3974) to work on /opt/conda/lib/python3.8/site-packages/airflow/example_dags/tutorial_taskflow_api_etl.py
[2024-04-06 13:11:38,210] {processor.py:641} INFO - Processing file /opt/conda/lib/python3.8/site-packages/airflow/example_dags/tutorial_taskflow_api_etl.py for tasks to queue
[2024-04-06 13:11:38,211] {logging_mixin.py:115} INFO - [2024-04-06 13:11:38,211] {dagbag.py:508} INFO - Filling up the DagBag from /opt/conda/lib/python3.8/site-packages/airflow/example_dags/tutorial_taskflow_api_etl.py
[2024-04-06 13:11:38,230] {processor.py:651} INFO - DAG(s) dict_keys(['tutorial_taskflow_api_etl']) retrieved from /opt/conda/lib/python3.8/site-packages/airflow/example_dags/tutorial_taskflow_api_etl.py
[2024-04-06 13:11:38,247] {logging_mixin.py:115} INFO - [2024-04-06 13:11:38,247] {dag.py:2420} INFO - Sync 1 DAGs
[2024-04-06 13:11:38,265] {logging_mixin.py:115} INFO - [2024-04-06 13:11:38,265] {dag.py:2968} INFO - Setting next_dagrun for tutorial_taskflow_api_etl to None, run_after=None
[2024-04-06 13:11:38,345] {processor.py:161} INFO - Processing /opt/conda/lib/python3.8/site-packages/airflow/example_dags/tutorial_taskflow_api_etl.py took 0.150 seconds
[2024-04-06 13:12:20,020] {processor.py:153} INFO - Started process (PID=4043) to work on /opt/conda/lib/python3.8/site-packages/airflow/example_dags/tutorial_taskflow_api_etl.py
[2024-04-06 13:12:20,022] {processor.py:641} INFO - Processing file /opt/conda/lib/python3.8/site-packages/airflow/example_dags/tutorial_taskflow_api_etl.py for tasks to queue
[2024-04-06 13:12:20,022] {logging_mixin.py:115} INFO - [2024-04-06 13:12:20,022] {dagbag.py:508} INFO - Filling up the DagBag from /opt/conda/lib/python3.8/site-packages/airflow/example_dags/tutorial_taskflow_api_etl.py
[2024-04-06 13:12:20,041] {processor.py:651} INFO - DAG(s) dict_keys(['tutorial_taskflow_api_etl']) retrieved from /opt/conda/lib/python3.8/site-packages/airflow/example_dags/tutorial_taskflow_api_etl.py
[2024-04-06 13:12:20,058] {logging_mixin.py:115} INFO - [2024-04-06 13:12:20,058] {dag.py:2420} INFO - Sync 1 DAGs
[2024-04-06 13:12:20,076] {logging_mixin.py:115} INFO - [2024-04-06 13:12:20,076] {dag.py:2968} INFO - Setting next_dagrun for tutorial_taskflow_api_etl to None, run_after=None
[2024-04-06 13:12:20,099] {processor.py:161} INFO - Processing /opt/conda/lib/python3.8/site-packages/airflow/example_dags/tutorial_taskflow_api_etl.py took 0.083 seconds
[2024-04-06 13:13:03,731] {processor.py:153} INFO - Started process (PID=4113) to work on /opt/conda/lib/python3.8/site-packages/airflow/example_dags/tutorial_taskflow_api_etl.py
[2024-04-06 13:13:03,734] {processor.py:641} INFO - Processing file /opt/conda/lib/python3.8/site-packages/airflow/example_dags/tutorial_taskflow_api_etl.py for tasks to queue
[2024-04-06 13:13:03,734] {logging_mixin.py:115} INFO - [2024-04-06 13:13:03,734] {dagbag.py:508} INFO - Filling up the DagBag from /opt/conda/lib/python3.8/site-packages/airflow/example_dags/tutorial_taskflow_api_etl.py
[2024-04-06 13:13:03,752] {processor.py:651} INFO - DAG(s) dict_keys(['tutorial_taskflow_api_etl']) retrieved from /opt/conda/lib/python3.8/site-packages/airflow/example_dags/tutorial_taskflow_api_etl.py
[2024-04-06 13:13:03,766] {logging_mixin.py:115} INFO - [2024-04-06 13:13:03,766] {dag.py:2420} INFO - Sync 1 DAGs
[2024-04-06 13:13:03,780] {logging_mixin.py:115} INFO - [2024-04-06 13:13:03,780] {dag.py:2968} INFO - Setting next_dagrun for tutorial_taskflow_api_etl to None, run_after=None
[2024-04-06 13:13:03,801] {processor.py:161} INFO - Processing /opt/conda/lib/python3.8/site-packages/airflow/example_dags/tutorial_taskflow_api_etl.py took 0.073 seconds
[2024-04-06 13:13:48,955] {processor.py:153} INFO - Started process (PID=4214) to work on /opt/conda/lib/python3.8/site-packages/airflow/example_dags/tutorial_taskflow_api_etl.py
[2024-04-06 13:13:48,957] {processor.py:641} INFO - Processing file /opt/conda/lib/python3.8/site-packages/airflow/example_dags/tutorial_taskflow_api_etl.py for tasks to queue
[2024-04-06 13:13:48,957] {logging_mixin.py:115} INFO - [2024-04-06 13:13:48,957] {dagbag.py:508} INFO - Filling up the DagBag from /opt/conda/lib/python3.8/site-packages/airflow/example_dags/tutorial_taskflow_api_etl.py
[2024-04-06 13:13:48,976] {processor.py:651} INFO - DAG(s) dict_keys(['tutorial_taskflow_api_etl']) retrieved from /opt/conda/lib/python3.8/site-packages/airflow/example_dags/tutorial_taskflow_api_etl.py
[2024-04-06 13:13:48,993] {logging_mixin.py:115} INFO - [2024-04-06 13:13:48,993] {dag.py:2420} INFO - Sync 1 DAGs
[2024-04-06 13:13:49,011] {logging_mixin.py:115} INFO - [2024-04-06 13:13:49,011] {dag.py:2968} INFO - Setting next_dagrun for tutorial_taskflow_api_etl to None, run_after=None
[2024-04-06 13:13:49,031] {processor.py:161} INFO - Processing /opt/conda/lib/python3.8/site-packages/airflow/example_dags/tutorial_taskflow_api_etl.py took 0.080 seconds
[2024-04-06 13:14:28,638] {processor.py:153} INFO - Started process (PID=4282) to work on /opt/conda/lib/python3.8/site-packages/airflow/example_dags/tutorial_taskflow_api_etl.py
[2024-04-06 13:14:28,640] {processor.py:641} INFO - Processing file /opt/conda/lib/python3.8/site-packages/airflow/example_dags/tutorial_taskflow_api_etl.py for tasks to queue
[2024-04-06 13:14:28,640] {logging_mixin.py:115} INFO - [2024-04-06 13:14:28,640] {dagbag.py:508} INFO - Filling up the DagBag from /opt/conda/lib/python3.8/site-packages/airflow/example_dags/tutorial_taskflow_api_etl.py
[2024-04-06 13:14:28,657] {processor.py:651} INFO - DAG(s) dict_keys(['tutorial_taskflow_api_etl']) retrieved from /opt/conda/lib/python3.8/site-packages/airflow/example_dags/tutorial_taskflow_api_etl.py
[2024-04-06 13:14:28,673] {logging_mixin.py:115} INFO - [2024-04-06 13:14:28,673] {dag.py:2420} INFO - Sync 1 DAGs
[2024-04-06 13:14:28,687] {logging_mixin.py:115} INFO - [2024-04-06 13:14:28,687] {dag.py:2968} INFO - Setting next_dagrun for tutorial_taskflow_api_etl to None, run_after=None
[2024-04-06 13:14:28,918] {processor.py:161} INFO - Processing /opt/conda/lib/python3.8/site-packages/airflow/example_dags/tutorial_taskflow_api_etl.py took 0.284 seconds
[2024-04-06 13:15:11,051] {processor.py:153} INFO - Started process (PID=4356) to work on /opt/conda/lib/python3.8/site-packages/airflow/example_dags/tutorial_taskflow_api_etl.py
[2024-04-06 13:15:11,053] {processor.py:641} INFO - Processing file /opt/conda/lib/python3.8/site-packages/airflow/example_dags/tutorial_taskflow_api_etl.py for tasks to queue
[2024-04-06 13:15:11,054] {logging_mixin.py:115} INFO - [2024-04-06 13:15:11,054] {dagbag.py:508} INFO - Filling up the DagBag from /opt/conda/lib/python3.8/site-packages/airflow/example_dags/tutorial_taskflow_api_etl.py
[2024-04-06 13:15:11,072] {processor.py:651} INFO - DAG(s) dict_keys(['tutorial_taskflow_api_etl']) retrieved from /opt/conda/lib/python3.8/site-packages/airflow/example_dags/tutorial_taskflow_api_etl.py
[2024-04-06 13:15:11,109] {logging_mixin.py:115} INFO - [2024-04-06 13:15:11,109] {dag.py:2420} INFO - Sync 1 DAGs
[2024-04-06 13:15:11,120] {logging_mixin.py:115} INFO - [2024-04-06 13:15:11,120] {dag.py:2968} INFO - Setting next_dagrun for tutorial_taskflow_api_etl to None, run_after=None
[2024-04-06 13:15:11,142] {processor.py:161} INFO - Processing /opt/conda/lib/python3.8/site-packages/airflow/example_dags/tutorial_taskflow_api_etl.py took 0.094 seconds
[2024-04-06 13:15:54,246] {processor.py:153} INFO - Started process (PID=4426) to work on /opt/conda/lib/python3.8/site-packages/airflow/example_dags/tutorial_taskflow_api_etl.py
[2024-04-06 13:15:54,248] {processor.py:641} INFO - Processing file /opt/conda/lib/python3.8/site-packages/airflow/example_dags/tutorial_taskflow_api_etl.py for tasks to queue
[2024-04-06 13:15:54,249] {logging_mixin.py:115} INFO - [2024-04-06 13:15:54,249] {dagbag.py:508} INFO - Filling up the DagBag from /opt/conda/lib/python3.8/site-packages/airflow/example_dags/tutorial_taskflow_api_etl.py
[2024-04-06 13:15:54,266] {processor.py:651} INFO - DAG(s) dict_keys(['tutorial_taskflow_api_etl']) retrieved from /opt/conda/lib/python3.8/site-packages/airflow/example_dags/tutorial_taskflow_api_etl.py
[2024-04-06 13:15:54,303] {logging_mixin.py:115} INFO - [2024-04-06 13:15:54,303] {dag.py:2420} INFO - Sync 1 DAGs
[2024-04-06 13:15:54,315] {logging_mixin.py:115} INFO - [2024-04-06 13:15:54,315] {dag.py:2968} INFO - Setting next_dagrun for tutorial_taskflow_api_etl to None, run_after=None
[2024-04-06 13:15:54,349] {processor.py:161} INFO - Processing /opt/conda/lib/python3.8/site-packages/airflow/example_dags/tutorial_taskflow_api_etl.py took 0.106 seconds
[2024-04-06 13:16:36,731] {processor.py:153} INFO - Started process (PID=4496) to work on /opt/conda/lib/python3.8/site-packages/airflow/example_dags/tutorial_taskflow_api_etl.py
[2024-04-06 13:16:36,732] {processor.py:641} INFO - Processing file /opt/conda/lib/python3.8/site-packages/airflow/example_dags/tutorial_taskflow_api_etl.py for tasks to queue
[2024-04-06 13:16:36,733] {logging_mixin.py:115} INFO - [2024-04-06 13:16:36,733] {dagbag.py:508} INFO - Filling up the DagBag from /opt/conda/lib/python3.8/site-packages/airflow/example_dags/tutorial_taskflow_api_etl.py
[2024-04-06 13:16:36,750] {processor.py:651} INFO - DAG(s) dict_keys(['tutorial_taskflow_api_etl']) retrieved from /opt/conda/lib/python3.8/site-packages/airflow/example_dags/tutorial_taskflow_api_etl.py
[2024-04-06 13:16:36,764] {logging_mixin.py:115} INFO - [2024-04-06 13:16:36,763] {dag.py:2420} INFO - Sync 1 DAGs
[2024-04-06 13:16:36,777] {logging_mixin.py:115} INFO - [2024-04-06 13:16:36,777] {dag.py:2968} INFO - Setting next_dagrun for tutorial_taskflow_api_etl to None, run_after=None
[2024-04-06 13:16:36,797] {processor.py:161} INFO - Processing /opt/conda/lib/python3.8/site-packages/airflow/example_dags/tutorial_taskflow_api_etl.py took 0.070 seconds
[2024-04-06 13:17:17,314] {processor.py:153} INFO - Started process (PID=4565) to work on /opt/conda/lib/python3.8/site-packages/airflow/example_dags/tutorial_taskflow_api_etl.py
[2024-04-06 13:17:17,316] {processor.py:641} INFO - Processing file /opt/conda/lib/python3.8/site-packages/airflow/example_dags/tutorial_taskflow_api_etl.py for tasks to queue
[2024-04-06 13:17:17,316] {logging_mixin.py:115} INFO - [2024-04-06 13:17:17,316] {dagbag.py:508} INFO - Filling up the DagBag from /opt/conda/lib/python3.8/site-packages/airflow/example_dags/tutorial_taskflow_api_etl.py
[2024-04-06 13:17:17,334] {processor.py:651} INFO - DAG(s) dict_keys(['tutorial_taskflow_api_etl']) retrieved from /opt/conda/lib/python3.8/site-packages/airflow/example_dags/tutorial_taskflow_api_etl.py
[2024-04-06 13:17:17,347] {logging_mixin.py:115} INFO - [2024-04-06 13:17:17,347] {dag.py:2420} INFO - Sync 1 DAGs
[2024-04-06 13:17:17,360] {logging_mixin.py:115} INFO - [2024-04-06 13:17:17,360] {dag.py:2968} INFO - Setting next_dagrun for tutorial_taskflow_api_etl to None, run_after=None
[2024-04-06 13:17:17,379] {processor.py:161} INFO - Processing /opt/conda/lib/python3.8/site-packages/airflow/example_dags/tutorial_taskflow_api_etl.py took 0.069 seconds
[2024-04-06 13:17:58,571] {processor.py:153} INFO - Started process (PID=4633) to work on /opt/conda/lib/python3.8/site-packages/airflow/example_dags/tutorial_taskflow_api_etl.py
[2024-04-06 13:17:58,573] {processor.py:641} INFO - Processing file /opt/conda/lib/python3.8/site-packages/airflow/example_dags/tutorial_taskflow_api_etl.py for tasks to queue
[2024-04-06 13:17:58,574] {logging_mixin.py:115} INFO - [2024-04-06 13:17:58,574] {dagbag.py:508} INFO - Filling up the DagBag from /opt/conda/lib/python3.8/site-packages/airflow/example_dags/tutorial_taskflow_api_etl.py
[2024-04-06 13:17:58,593] {processor.py:651} INFO - DAG(s) dict_keys(['tutorial_taskflow_api_etl']) retrieved from /opt/conda/lib/python3.8/site-packages/airflow/example_dags/tutorial_taskflow_api_etl.py
[2024-04-06 13:17:58,610] {logging_mixin.py:115} INFO - [2024-04-06 13:17:58,610] {dag.py:2420} INFO - Sync 1 DAGs
[2024-04-06 13:17:58,629] {logging_mixin.py:115} INFO - [2024-04-06 13:17:58,629] {dag.py:2968} INFO - Setting next_dagrun for tutorial_taskflow_api_etl to None, run_after=None
[2024-04-06 13:17:58,661] {processor.py:161} INFO - Processing /opt/conda/lib/python3.8/site-packages/airflow/example_dags/tutorial_taskflow_api_etl.py took 0.093 seconds
[2024-04-06 13:18:59,084] {processor.py:153} INFO - Started process (PID=4778) to work on /opt/conda/lib/python3.8/site-packages/airflow/example_dags/tutorial_taskflow_api_etl.py
[2024-04-06 13:18:59,085] {processor.py:641} INFO - Processing file /opt/conda/lib/python3.8/site-packages/airflow/example_dags/tutorial_taskflow_api_etl.py for tasks to queue
[2024-04-06 13:18:59,086] {logging_mixin.py:115} INFO - [2024-04-06 13:18:59,086] {dagbag.py:508} INFO - Filling up the DagBag from /opt/conda/lib/python3.8/site-packages/airflow/example_dags/tutorial_taskflow_api_etl.py
[2024-04-06 13:18:59,104] {processor.py:651} INFO - DAG(s) dict_keys(['tutorial_taskflow_api_etl']) retrieved from /opt/conda/lib/python3.8/site-packages/airflow/example_dags/tutorial_taskflow_api_etl.py
[2024-04-06 13:18:59,120] {logging_mixin.py:115} INFO - [2024-04-06 13:18:59,120] {dag.py:2420} INFO - Sync 1 DAGs
[2024-04-06 13:18:59,138] {logging_mixin.py:115} INFO - [2024-04-06 13:18:59,137] {dag.py:2968} INFO - Setting next_dagrun for tutorial_taskflow_api_etl to None, run_after=None
[2024-04-06 13:18:59,159] {processor.py:161} INFO - Processing /opt/conda/lib/python3.8/site-packages/airflow/example_dags/tutorial_taskflow_api_etl.py took 0.079 seconds
[2024-04-06 13:19:43,717] {processor.py:153} INFO - Started process (PID=4879) to work on /opt/conda/lib/python3.8/site-packages/airflow/example_dags/tutorial_taskflow_api_etl.py
[2024-04-06 13:19:43,719] {processor.py:641} INFO - Processing file /opt/conda/lib/python3.8/site-packages/airflow/example_dags/tutorial_taskflow_api_etl.py for tasks to queue
[2024-04-06 13:19:43,719] {logging_mixin.py:115} INFO - [2024-04-06 13:19:43,719] {dagbag.py:508} INFO - Filling up the DagBag from /opt/conda/lib/python3.8/site-packages/airflow/example_dags/tutorial_taskflow_api_etl.py
[2024-04-06 13:19:43,739] {processor.py:651} INFO - DAG(s) dict_keys(['tutorial_taskflow_api_etl']) retrieved from /opt/conda/lib/python3.8/site-packages/airflow/example_dags/tutorial_taskflow_api_etl.py
[2024-04-06 13:19:43,788] {logging_mixin.py:115} INFO - [2024-04-06 13:19:43,788] {dag.py:2420} INFO - Sync 1 DAGs
[2024-04-06 13:19:43,804] {logging_mixin.py:115} INFO - [2024-04-06 13:19:43,804] {dag.py:2968} INFO - Setting next_dagrun for tutorial_taskflow_api_etl to None, run_after=None
[2024-04-06 13:19:43,831] {processor.py:161} INFO - Processing /opt/conda/lib/python3.8/site-packages/airflow/example_dags/tutorial_taskflow_api_etl.py took 0.118 seconds
[2024-04-06 13:20:33,652] {processor.py:153} INFO - Started process (PID=4961) to work on /opt/conda/lib/python3.8/site-packages/airflow/example_dags/tutorial_taskflow_api_etl.py
[2024-04-06 13:20:33,654] {processor.py:641} INFO - Processing file /opt/conda/lib/python3.8/site-packages/airflow/example_dags/tutorial_taskflow_api_etl.py for tasks to queue
[2024-04-06 13:20:33,654] {logging_mixin.py:115} INFO - [2024-04-06 13:20:33,654] {dagbag.py:508} INFO - Filling up the DagBag from /opt/conda/lib/python3.8/site-packages/airflow/example_dags/tutorial_taskflow_api_etl.py
[2024-04-06 13:20:33,673] {processor.py:651} INFO - DAG(s) dict_keys(['tutorial_taskflow_api_etl']) retrieved from /opt/conda/lib/python3.8/site-packages/airflow/example_dags/tutorial_taskflow_api_etl.py
[2024-04-06 13:20:33,721] {logging_mixin.py:115} INFO - [2024-04-06 13:20:33,720] {dag.py:2420} INFO - Sync 1 DAGs
[2024-04-06 13:20:33,734] {logging_mixin.py:115} INFO - [2024-04-06 13:20:33,734] {dag.py:2968} INFO - Setting next_dagrun for tutorial_taskflow_api_etl to None, run_after=None
[2024-04-06 13:20:33,755] {processor.py:161} INFO - Processing /opt/conda/lib/python3.8/site-packages/airflow/example_dags/tutorial_taskflow_api_etl.py took 0.107 seconds
[2024-04-06 13:21:20,514] {processor.py:153} INFO - Started process (PID=5032) to work on /opt/conda/lib/python3.8/site-packages/airflow/example_dags/tutorial_taskflow_api_etl.py
[2024-04-06 13:21:20,516] {processor.py:641} INFO - Processing file /opt/conda/lib/python3.8/site-packages/airflow/example_dags/tutorial_taskflow_api_etl.py for tasks to queue
[2024-04-06 13:21:20,517] {logging_mixin.py:115} INFO - [2024-04-06 13:21:20,517] {dagbag.py:508} INFO - Filling up the DagBag from /opt/conda/lib/python3.8/site-packages/airflow/example_dags/tutorial_taskflow_api_etl.py
[2024-04-06 13:21:20,535] {processor.py:651} INFO - DAG(s) dict_keys(['tutorial_taskflow_api_etl']) retrieved from /opt/conda/lib/python3.8/site-packages/airflow/example_dags/tutorial_taskflow_api_etl.py
[2024-04-06 13:21:20,552] {logging_mixin.py:115} INFO - [2024-04-06 13:21:20,552] {dag.py:2420} INFO - Sync 1 DAGs
[2024-04-06 13:21:20,569] {logging_mixin.py:115} INFO - [2024-04-06 13:21:20,569] {dag.py:2968} INFO - Setting next_dagrun for tutorial_taskflow_api_etl to None, run_after=None
[2024-04-06 13:21:20,592] {processor.py:161} INFO - Processing /opt/conda/lib/python3.8/site-packages/airflow/example_dags/tutorial_taskflow_api_etl.py took 0.081 seconds
[2024-04-06 13:22:04,916] {processor.py:153} INFO - Started process (PID=5133) to work on /opt/conda/lib/python3.8/site-packages/airflow/example_dags/tutorial_taskflow_api_etl.py
[2024-04-06 13:22:04,917] {processor.py:641} INFO - Processing file /opt/conda/lib/python3.8/site-packages/airflow/example_dags/tutorial_taskflow_api_etl.py for tasks to queue
[2024-04-06 13:22:04,918] {logging_mixin.py:115} INFO - [2024-04-06 13:22:04,917] {dagbag.py:508} INFO - Filling up the DagBag from /opt/conda/lib/python3.8/site-packages/airflow/example_dags/tutorial_taskflow_api_etl.py
[2024-04-06 13:22:04,935] {processor.py:651} INFO - DAG(s) dict_keys(['tutorial_taskflow_api_etl']) retrieved from /opt/conda/lib/python3.8/site-packages/airflow/example_dags/tutorial_taskflow_api_etl.py
[2024-04-06 13:22:04,948] {logging_mixin.py:115} INFO - [2024-04-06 13:22:04,948] {dag.py:2420} INFO - Sync 1 DAGs
[2024-04-06 13:22:04,961] {logging_mixin.py:115} INFO - [2024-04-06 13:22:04,961] {dag.py:2968} INFO - Setting next_dagrun for tutorial_taskflow_api_etl to None, run_after=None
[2024-04-06 13:22:04,982] {processor.py:161} INFO - Processing /opt/conda/lib/python3.8/site-packages/airflow/example_dags/tutorial_taskflow_api_etl.py took 0.070 seconds
[2024-04-06 13:22:47,834] {processor.py:153} INFO - Started process (PID=5208) to work on /opt/conda/lib/python3.8/site-packages/airflow/example_dags/tutorial_taskflow_api_etl.py
[2024-04-06 13:22:47,835] {processor.py:641} INFO - Processing file /opt/conda/lib/python3.8/site-packages/airflow/example_dags/tutorial_taskflow_api_etl.py for tasks to queue
[2024-04-06 13:22:47,836] {logging_mixin.py:115} INFO - [2024-04-06 13:22:47,836] {dagbag.py:508} INFO - Filling up the DagBag from /opt/conda/lib/python3.8/site-packages/airflow/example_dags/tutorial_taskflow_api_etl.py
[2024-04-06 13:22:47,853] {processor.py:651} INFO - DAG(s) dict_keys(['tutorial_taskflow_api_etl']) retrieved from /opt/conda/lib/python3.8/site-packages/airflow/example_dags/tutorial_taskflow_api_etl.py
[2024-04-06 13:22:47,867] {logging_mixin.py:115} INFO - [2024-04-06 13:22:47,867] {dag.py:2420} INFO - Sync 1 DAGs
[2024-04-06 13:22:47,881] {logging_mixin.py:115} INFO - [2024-04-06 13:22:47,881] {dag.py:2968} INFO - Setting next_dagrun for tutorial_taskflow_api_etl to None, run_after=None
[2024-04-06 13:22:47,901] {processor.py:161} INFO - Processing /opt/conda/lib/python3.8/site-packages/airflow/example_dags/tutorial_taskflow_api_etl.py took 0.070 seconds
[2024-04-06 13:23:32,838] {processor.py:153} INFO - Started process (PID=5282) to work on /opt/conda/lib/python3.8/site-packages/airflow/example_dags/tutorial_taskflow_api_etl.py
[2024-04-06 13:23:32,840] {processor.py:641} INFO - Processing file /opt/conda/lib/python3.8/site-packages/airflow/example_dags/tutorial_taskflow_api_etl.py for tasks to queue
[2024-04-06 13:23:32,840] {logging_mixin.py:115} INFO - [2024-04-06 13:23:32,840] {dagbag.py:508} INFO - Filling up the DagBag from /opt/conda/lib/python3.8/site-packages/airflow/example_dags/tutorial_taskflow_api_etl.py
[2024-04-06 13:23:32,859] {processor.py:651} INFO - DAG(s) dict_keys(['tutorial_taskflow_api_etl']) retrieved from /opt/conda/lib/python3.8/site-packages/airflow/example_dags/tutorial_taskflow_api_etl.py
[2024-04-06 13:23:32,876] {logging_mixin.py:115} INFO - [2024-04-06 13:23:32,876] {dag.py:2420} INFO - Sync 1 DAGs
[2024-04-06 13:23:32,894] {logging_mixin.py:115} INFO - [2024-04-06 13:23:32,894] {dag.py:2968} INFO - Setting next_dagrun for tutorial_taskflow_api_etl to None, run_after=None
[2024-04-06 13:23:33,023] {processor.py:161} INFO - Processing /opt/conda/lib/python3.8/site-packages/airflow/example_dags/tutorial_taskflow_api_etl.py took 0.189 seconds
[2024-04-06 13:24:23,047] {processor.py:153} INFO - Started process (PID=5376) to work on /opt/conda/lib/python3.8/site-packages/airflow/example_dags/tutorial_taskflow_api_etl.py
[2024-04-06 13:24:23,048] {processor.py:641} INFO - Processing file /opt/conda/lib/python3.8/site-packages/airflow/example_dags/tutorial_taskflow_api_etl.py for tasks to queue
[2024-04-06 13:24:23,049] {logging_mixin.py:115} INFO - [2024-04-06 13:24:23,049] {dagbag.py:508} INFO - Filling up the DagBag from /opt/conda/lib/python3.8/site-packages/airflow/example_dags/tutorial_taskflow_api_etl.py
[2024-04-06 13:24:23,068] {processor.py:651} INFO - DAG(s) dict_keys(['tutorial_taskflow_api_etl']) retrieved from /opt/conda/lib/python3.8/site-packages/airflow/example_dags/tutorial_taskflow_api_etl.py
[2024-04-06 13:24:23,084] {logging_mixin.py:115} INFO - [2024-04-06 13:24:23,084] {dag.py:2420} INFO - Sync 1 DAGs
[2024-04-06 13:24:23,103] {logging_mixin.py:115} INFO - [2024-04-06 13:24:23,103] {dag.py:2968} INFO - Setting next_dagrun for tutorial_taskflow_api_etl to None, run_after=None
[2024-04-06 13:24:23,265] {processor.py:161} INFO - Processing /opt/conda/lib/python3.8/site-packages/airflow/example_dags/tutorial_taskflow_api_etl.py took 0.222 seconds
[2024-04-06 13:25:07,512] {processor.py:153} INFO - Started process (PID=5458) to work on /opt/conda/lib/python3.8/site-packages/airflow/example_dags/tutorial_taskflow_api_etl.py
[2024-04-06 13:25:07,513] {processor.py:641} INFO - Processing file /opt/conda/lib/python3.8/site-packages/airflow/example_dags/tutorial_taskflow_api_etl.py for tasks to queue
[2024-04-06 13:25:07,514] {logging_mixin.py:115} INFO - [2024-04-06 13:25:07,514] {dagbag.py:508} INFO - Filling up the DagBag from /opt/conda/lib/python3.8/site-packages/airflow/example_dags/tutorial_taskflow_api_etl.py
[2024-04-06 13:25:07,534] {processor.py:651} INFO - DAG(s) dict_keys(['tutorial_taskflow_api_etl']) retrieved from /opt/conda/lib/python3.8/site-packages/airflow/example_dags/tutorial_taskflow_api_etl.py
[2024-04-06 13:25:07,572] {logging_mixin.py:115} INFO - [2024-04-06 13:25:07,572] {dag.py:2420} INFO - Sync 1 DAGs
[2024-04-06 13:25:07,584] {logging_mixin.py:115} INFO - [2024-04-06 13:25:07,584] {dag.py:2968} INFO - Setting next_dagrun for tutorial_taskflow_api_etl to None, run_after=None
[2024-04-06 13:25:07,612] {processor.py:161} INFO - Processing /opt/conda/lib/python3.8/site-packages/airflow/example_dags/tutorial_taskflow_api_etl.py took 0.105 seconds
[2024-04-06 13:25:51,558] {processor.py:153} INFO - Started process (PID=5529) to work on /opt/conda/lib/python3.8/site-packages/airflow/example_dags/tutorial_taskflow_api_etl.py
[2024-04-06 13:25:51,560] {processor.py:641} INFO - Processing file /opt/conda/lib/python3.8/site-packages/airflow/example_dags/tutorial_taskflow_api_etl.py for tasks to queue
[2024-04-06 13:25:51,560] {logging_mixin.py:115} INFO - [2024-04-06 13:25:51,560] {dagbag.py:508} INFO - Filling up the DagBag from /opt/conda/lib/python3.8/site-packages/airflow/example_dags/tutorial_taskflow_api_etl.py
[2024-04-06 13:25:51,578] {processor.py:651} INFO - DAG(s) dict_keys(['tutorial_taskflow_api_etl']) retrieved from /opt/conda/lib/python3.8/site-packages/airflow/example_dags/tutorial_taskflow_api_etl.py
[2024-04-06 13:25:51,613] {logging_mixin.py:115} INFO - [2024-04-06 13:25:51,613] {dag.py:2420} INFO - Sync 1 DAGs
[2024-04-06 13:25:51,625] {logging_mixin.py:115} INFO - [2024-04-06 13:25:51,625] {dag.py:2968} INFO - Setting next_dagrun for tutorial_taskflow_api_etl to None, run_after=None
[2024-04-06 13:25:51,645] {processor.py:161} INFO - Processing /opt/conda/lib/python3.8/site-packages/airflow/example_dags/tutorial_taskflow_api_etl.py took 0.090 seconds
[2024-04-06 13:26:32,335] {processor.py:153} INFO - Started process (PID=5597) to work on /opt/conda/lib/python3.8/site-packages/airflow/example_dags/tutorial_taskflow_api_etl.py
[2024-04-06 13:26:32,337] {processor.py:641} INFO - Processing file /opt/conda/lib/python3.8/site-packages/airflow/example_dags/tutorial_taskflow_api_etl.py for tasks to queue
[2024-04-06 13:26:32,338] {logging_mixin.py:115} INFO - [2024-04-06 13:26:32,338] {dagbag.py:508} INFO - Filling up the DagBag from /opt/conda/lib/python3.8/site-packages/airflow/example_dags/tutorial_taskflow_api_etl.py
[2024-04-06 13:26:32,357] {processor.py:651} INFO - DAG(s) dict_keys(['tutorial_taskflow_api_etl']) retrieved from /opt/conda/lib/python3.8/site-packages/airflow/example_dags/tutorial_taskflow_api_etl.py
[2024-04-06 13:26:32,373] {logging_mixin.py:115} INFO - [2024-04-06 13:26:32,373] {dag.py:2420} INFO - Sync 1 DAGs
[2024-04-06 13:26:32,392] {logging_mixin.py:115} INFO - [2024-04-06 13:26:32,392] {dag.py:2968} INFO - Setting next_dagrun for tutorial_taskflow_api_etl to None, run_after=None
[2024-04-06 13:26:32,414] {processor.py:161} INFO - Processing /opt/conda/lib/python3.8/site-packages/airflow/example_dags/tutorial_taskflow_api_etl.py took 0.082 seconds
[2024-04-06 13:27:13,051] {processor.py:153} INFO - Started process (PID=5665) to work on /opt/conda/lib/python3.8/site-packages/airflow/example_dags/tutorial_taskflow_api_etl.py
[2024-04-06 13:27:13,053] {processor.py:641} INFO - Processing file /opt/conda/lib/python3.8/site-packages/airflow/example_dags/tutorial_taskflow_api_etl.py for tasks to queue
[2024-04-06 13:27:13,053] {logging_mixin.py:115} INFO - [2024-04-06 13:27:13,053] {dagbag.py:508} INFO - Filling up the DagBag from /opt/conda/lib/python3.8/site-packages/airflow/example_dags/tutorial_taskflow_api_etl.py
[2024-04-06 13:27:13,072] {processor.py:651} INFO - DAG(s) dict_keys(['tutorial_taskflow_api_etl']) retrieved from /opt/conda/lib/python3.8/site-packages/airflow/example_dags/tutorial_taskflow_api_etl.py
[2024-04-06 13:27:13,089] {logging_mixin.py:115} INFO - [2024-04-06 13:27:13,088] {dag.py:2420} INFO - Sync 1 DAGs
[2024-04-06 13:27:13,104] {logging_mixin.py:115} INFO - [2024-04-06 13:27:13,103] {dag.py:2968} INFO - Setting next_dagrun for tutorial_taskflow_api_etl to None, run_after=None
[2024-04-06 13:27:13,133] {processor.py:161} INFO - Processing /opt/conda/lib/python3.8/site-packages/airflow/example_dags/tutorial_taskflow_api_etl.py took 0.086 seconds
[2024-04-06 13:28:01,823] {processor.py:153} INFO - Started process (PID=5750) to work on /opt/conda/lib/python3.8/site-packages/airflow/example_dags/tutorial_taskflow_api_etl.py
[2024-04-06 13:28:01,826] {processor.py:641} INFO - Processing file /opt/conda/lib/python3.8/site-packages/airflow/example_dags/tutorial_taskflow_api_etl.py for tasks to queue
[2024-04-06 13:28:01,827] {logging_mixin.py:115} INFO - [2024-04-06 13:28:01,826] {dagbag.py:508} INFO - Filling up the DagBag from /opt/conda/lib/python3.8/site-packages/airflow/example_dags/tutorial_taskflow_api_etl.py
[2024-04-06 13:28:01,847] {processor.py:651} INFO - DAG(s) dict_keys(['tutorial_taskflow_api_etl']) retrieved from /opt/conda/lib/python3.8/site-packages/airflow/example_dags/tutorial_taskflow_api_etl.py
[2024-04-06 13:28:01,865] {logging_mixin.py:115} INFO - [2024-04-06 13:28:01,865] {dag.py:2420} INFO - Sync 1 DAGs
[2024-04-06 13:28:01,885] {logging_mixin.py:115} INFO - [2024-04-06 13:28:01,885] {dag.py:2968} INFO - Setting next_dagrun for tutorial_taskflow_api_etl to None, run_after=None
[2024-04-06 13:28:01,908] {processor.py:161} INFO - Processing /opt/conda/lib/python3.8/site-packages/airflow/example_dags/tutorial_taskflow_api_etl.py took 0.088 seconds
[2024-04-06 13:28:52,535] {processor.py:153} INFO - Started process (PID=5839) to work on /opt/conda/lib/python3.8/site-packages/airflow/example_dags/tutorial_taskflow_api_etl.py
[2024-04-06 13:28:52,537] {processor.py:641} INFO - Processing file /opt/conda/lib/python3.8/site-packages/airflow/example_dags/tutorial_taskflow_api_etl.py for tasks to queue
[2024-04-06 13:28:52,537] {logging_mixin.py:115} INFO - [2024-04-06 13:28:52,537] {dagbag.py:508} INFO - Filling up the DagBag from /opt/conda/lib/python3.8/site-packages/airflow/example_dags/tutorial_taskflow_api_etl.py
[2024-04-06 13:28:52,556] {processor.py:651} INFO - DAG(s) dict_keys(['tutorial_taskflow_api_etl']) retrieved from /opt/conda/lib/python3.8/site-packages/airflow/example_dags/tutorial_taskflow_api_etl.py
[2024-04-06 13:28:52,573] {logging_mixin.py:115} INFO - [2024-04-06 13:28:52,572] {dag.py:2420} INFO - Sync 1 DAGs
[2024-04-06 13:28:52,592] {logging_mixin.py:115} INFO - [2024-04-06 13:28:52,591] {dag.py:2968} INFO - Setting next_dagrun for tutorial_taskflow_api_etl to None, run_after=None
[2024-04-06 13:28:52,619] {processor.py:161} INFO - Processing /opt/conda/lib/python3.8/site-packages/airflow/example_dags/tutorial_taskflow_api_etl.py took 0.088 seconds
[2024-04-06 13:29:43,952] {processor.py:153} INFO - Started process (PID=5934) to work on /opt/conda/lib/python3.8/site-packages/airflow/example_dags/tutorial_taskflow_api_etl.py
[2024-04-06 13:29:43,954] {processor.py:641} INFO - Processing file /opt/conda/lib/python3.8/site-packages/airflow/example_dags/tutorial_taskflow_api_etl.py for tasks to queue
[2024-04-06 13:29:43,954] {logging_mixin.py:115} INFO - [2024-04-06 13:29:43,954] {dagbag.py:508} INFO - Filling up the DagBag from /opt/conda/lib/python3.8/site-packages/airflow/example_dags/tutorial_taskflow_api_etl.py
[2024-04-06 13:29:43,973] {processor.py:651} INFO - DAG(s) dict_keys(['tutorial_taskflow_api_etl']) retrieved from /opt/conda/lib/python3.8/site-packages/airflow/example_dags/tutorial_taskflow_api_etl.py
[2024-04-06 13:29:44,018] {logging_mixin.py:115} INFO - [2024-04-06 13:29:44,018] {dag.py:2420} INFO - Sync 1 DAGs
[2024-04-06 13:29:44,030] {logging_mixin.py:115} INFO - [2024-04-06 13:29:44,030] {dag.py:2968} INFO - Setting next_dagrun for tutorial_taskflow_api_etl to None, run_after=None
[2024-04-06 13:29:44,055] {processor.py:161} INFO - Processing /opt/conda/lib/python3.8/site-packages/airflow/example_dags/tutorial_taskflow_api_etl.py took 0.107 seconds
[2024-04-06 13:30:32,595] {processor.py:153} INFO - Started process (PID=6026) to work on /opt/conda/lib/python3.8/site-packages/airflow/example_dags/tutorial_taskflow_api_etl.py
[2024-04-06 13:30:32,597] {processor.py:641} INFO - Processing file /opt/conda/lib/python3.8/site-packages/airflow/example_dags/tutorial_taskflow_api_etl.py for tasks to queue
[2024-04-06 13:30:32,597] {logging_mixin.py:115} INFO - [2024-04-06 13:30:32,597] {dagbag.py:508} INFO - Filling up the DagBag from /opt/conda/lib/python3.8/site-packages/airflow/example_dags/tutorial_taskflow_api_etl.py
[2024-04-06 13:30:32,615] {processor.py:651} INFO - DAG(s) dict_keys(['tutorial_taskflow_api_etl']) retrieved from /opt/conda/lib/python3.8/site-packages/airflow/example_dags/tutorial_taskflow_api_etl.py
[2024-04-06 13:30:32,651] {logging_mixin.py:115} INFO - [2024-04-06 13:30:32,651] {dag.py:2420} INFO - Sync 1 DAGs
[2024-04-06 13:30:32,662] {logging_mixin.py:115} INFO - [2024-04-06 13:30:32,662] {dag.py:2968} INFO - Setting next_dagrun for tutorial_taskflow_api_etl to None, run_after=None
[2024-04-06 13:30:32,683] {processor.py:161} INFO - Processing /opt/conda/lib/python3.8/site-packages/airflow/example_dags/tutorial_taskflow_api_etl.py took 0.092 seconds
[2024-04-06 13:31:22,399] {processor.py:153} INFO - Started process (PID=6107) to work on /opt/conda/lib/python3.8/site-packages/airflow/example_dags/tutorial_taskflow_api_etl.py
[2024-04-06 13:31:22,401] {processor.py:641} INFO - Processing file /opt/conda/lib/python3.8/site-packages/airflow/example_dags/tutorial_taskflow_api_etl.py for tasks to queue
[2024-04-06 13:31:22,401] {logging_mixin.py:115} INFO - [2024-04-06 13:31:22,401] {dagbag.py:508} INFO - Filling up the DagBag from /opt/conda/lib/python3.8/site-packages/airflow/example_dags/tutorial_taskflow_api_etl.py
[2024-04-06 13:31:22,420] {processor.py:651} INFO - DAG(s) dict_keys(['tutorial_taskflow_api_etl']) retrieved from /opt/conda/lib/python3.8/site-packages/airflow/example_dags/tutorial_taskflow_api_etl.py
[2024-04-06 13:31:22,437] {logging_mixin.py:115} INFO - [2024-04-06 13:31:22,437] {dag.py:2420} INFO - Sync 1 DAGs
[2024-04-06 13:31:22,456] {logging_mixin.py:115} INFO - [2024-04-06 13:31:22,456] {dag.py:2968} INFO - Setting next_dagrun for tutorial_taskflow_api_etl to None, run_after=None
[2024-04-06 13:31:22,637] {processor.py:161} INFO - Processing /opt/conda/lib/python3.8/site-packages/airflow/example_dags/tutorial_taskflow_api_etl.py took 0.241 seconds
[2024-04-06 13:33:58,822] {processor.py:153} INFO - Started process (PID=6479) to work on /opt/conda/lib/python3.8/site-packages/airflow/example_dags/tutorial_taskflow_api_etl.py
[2024-04-06 13:33:58,824] {processor.py:641} INFO - Processing file /opt/conda/lib/python3.8/site-packages/airflow/example_dags/tutorial_taskflow_api_etl.py for tasks to queue
[2024-04-06 13:33:58,825] {logging_mixin.py:115} INFO - [2024-04-06 13:33:58,824] {dagbag.py:508} INFO - Filling up the DagBag from /opt/conda/lib/python3.8/site-packages/airflow/example_dags/tutorial_taskflow_api_etl.py
[2024-04-06 13:33:58,956] {processor.py:651} INFO - DAG(s) dict_keys(['tutorial_taskflow_api_etl']) retrieved from /opt/conda/lib/python3.8/site-packages/airflow/example_dags/tutorial_taskflow_api_etl.py
[2024-04-06 13:33:58,983] {logging_mixin.py:115} INFO - [2024-04-06 13:33:58,982] {dag.py:2420} INFO - Sync 1 DAGs
[2024-04-06 13:33:58,993] {logging_mixin.py:115} INFO - [2024-04-06 13:33:58,993] {dag.py:2968} INFO - Setting next_dagrun for tutorial_taskflow_api_etl to None, run_after=None
[2024-04-06 13:33:59,013] {processor.py:161} INFO - Processing /opt/conda/lib/python3.8/site-packages/airflow/example_dags/tutorial_taskflow_api_etl.py took 0.194 seconds
[2024-04-06 13:35:07,407] {processor.py:153} INFO - Started process (PID=6614) to work on /opt/conda/lib/python3.8/site-packages/airflow/example_dags/tutorial_taskflow_api_etl.py
[2024-04-06 13:35:07,409] {processor.py:641} INFO - Processing file /opt/conda/lib/python3.8/site-packages/airflow/example_dags/tutorial_taskflow_api_etl.py for tasks to queue
[2024-04-06 13:35:07,409] {logging_mixin.py:115} INFO - [2024-04-06 13:35:07,409] {dagbag.py:508} INFO - Filling up the DagBag from /opt/conda/lib/python3.8/site-packages/airflow/example_dags/tutorial_taskflow_api_etl.py
[2024-04-06 13:35:07,577] {processor.py:651} INFO - DAG(s) dict_keys(['tutorial_taskflow_api_etl']) retrieved from /opt/conda/lib/python3.8/site-packages/airflow/example_dags/tutorial_taskflow_api_etl.py
[2024-04-06 13:35:07,586] {logging_mixin.py:115} INFO - [2024-04-06 13:35:07,586] {dag.py:2420} INFO - Sync 1 DAGs
[2024-04-06 13:35:07,597] {logging_mixin.py:115} INFO - [2024-04-06 13:35:07,597] {dag.py:2968} INFO - Setting next_dagrun for tutorial_taskflow_api_etl to None, run_after=None
[2024-04-06 13:35:07,620] {processor.py:161} INFO - Processing /opt/conda/lib/python3.8/site-packages/airflow/example_dags/tutorial_taskflow_api_etl.py took 0.217 seconds
[2024-04-06 13:36:17,579] {processor.py:153} INFO - Started process (PID=6767) to work on /opt/conda/lib/python3.8/site-packages/airflow/example_dags/tutorial_taskflow_api_etl.py
[2024-04-06 13:36:17,580] {processor.py:641} INFO - Processing file /opt/conda/lib/python3.8/site-packages/airflow/example_dags/tutorial_taskflow_api_etl.py for tasks to queue
[2024-04-06 13:36:17,581] {logging_mixin.py:115} INFO - [2024-04-06 13:36:17,581] {dagbag.py:508} INFO - Filling up the DagBag from /opt/conda/lib/python3.8/site-packages/airflow/example_dags/tutorial_taskflow_api_etl.py
[2024-04-06 13:36:17,721] {processor.py:651} INFO - DAG(s) dict_keys(['tutorial_taskflow_api_etl']) retrieved from /opt/conda/lib/python3.8/site-packages/airflow/example_dags/tutorial_taskflow_api_etl.py
[2024-04-06 13:36:17,748] {logging_mixin.py:115} INFO - [2024-04-06 13:36:17,748] {dag.py:2420} INFO - Sync 1 DAGs
[2024-04-06 13:36:17,758] {logging_mixin.py:115} INFO - [2024-04-06 13:36:17,758] {dag.py:2968} INFO - Setting next_dagrun for tutorial_taskflow_api_etl to None, run_after=None
[2024-04-06 13:36:17,778] {processor.py:161} INFO - Processing /opt/conda/lib/python3.8/site-packages/airflow/example_dags/tutorial_taskflow_api_etl.py took 0.202 seconds
[2024-04-06 13:37:40,672] {processor.py:153} INFO - Started process (PID=6955) to work on /opt/conda/lib/python3.8/site-packages/airflow/example_dags/tutorial_taskflow_api_etl.py
[2024-04-06 13:37:40,674] {processor.py:641} INFO - Processing file /opt/conda/lib/python3.8/site-packages/airflow/example_dags/tutorial_taskflow_api_etl.py for tasks to queue
[2024-04-06 13:37:40,674] {logging_mixin.py:115} INFO - [2024-04-06 13:37:40,674] {dagbag.py:508} INFO - Filling up the DagBag from /opt/conda/lib/python3.8/site-packages/airflow/example_dags/tutorial_taskflow_api_etl.py
[2024-04-06 13:37:40,805] {processor.py:651} INFO - DAG(s) dict_keys(['tutorial_taskflow_api_etl']) retrieved from /opt/conda/lib/python3.8/site-packages/airflow/example_dags/tutorial_taskflow_api_etl.py
[2024-04-06 13:37:40,814] {logging_mixin.py:115} INFO - [2024-04-06 13:37:40,814] {dag.py:2420} INFO - Sync 1 DAGs
[2024-04-06 13:37:40,824] {logging_mixin.py:115} INFO - [2024-04-06 13:37:40,824] {dag.py:2968} INFO - Setting next_dagrun for tutorial_taskflow_api_etl to None, run_after=None
[2024-04-06 13:37:40,842] {processor.py:161} INFO - Processing /opt/conda/lib/python3.8/site-packages/airflow/example_dags/tutorial_taskflow_api_etl.py took 0.173 seconds
[2024-04-06 13:38:38,507] {processor.py:153} INFO - Started process (PID=7072) to work on /opt/conda/lib/python3.8/site-packages/airflow/example_dags/tutorial_taskflow_api_etl.py
[2024-04-06 13:38:38,510] {processor.py:641} INFO - Processing file /opt/conda/lib/python3.8/site-packages/airflow/example_dags/tutorial_taskflow_api_etl.py for tasks to queue
[2024-04-06 13:38:38,511] {logging_mixin.py:115} INFO - [2024-04-06 13:38:38,510] {dagbag.py:508} INFO - Filling up the DagBag from /opt/conda/lib/python3.8/site-packages/airflow/example_dags/tutorial_taskflow_api_etl.py
[2024-04-06 13:38:38,644] {processor.py:651} INFO - DAG(s) dict_keys(['tutorial_taskflow_api_etl']) retrieved from /opt/conda/lib/python3.8/site-packages/airflow/example_dags/tutorial_taskflow_api_etl.py
[2024-04-06 13:38:38,652] {logging_mixin.py:115} INFO - [2024-04-06 13:38:38,652] {dag.py:2420} INFO - Sync 1 DAGs
[2024-04-06 13:38:38,663] {logging_mixin.py:115} INFO - [2024-04-06 13:38:38,663] {dag.py:2968} INFO - Setting next_dagrun for tutorial_taskflow_api_etl to None, run_after=None
[2024-04-06 13:38:38,682] {processor.py:161} INFO - Processing /opt/conda/lib/python3.8/site-packages/airflow/example_dags/tutorial_taskflow_api_etl.py took 0.178 seconds
[2024-04-06 13:39:33,539] {processor.py:153} INFO - Started process (PID=7194) to work on /opt/conda/lib/python3.8/site-packages/airflow/example_dags/tutorial_taskflow_api_etl.py
[2024-04-06 13:39:33,541] {processor.py:641} INFO - Processing file /opt/conda/lib/python3.8/site-packages/airflow/example_dags/tutorial_taskflow_api_etl.py for tasks to queue
[2024-04-06 13:39:33,541] {logging_mixin.py:115} INFO - [2024-04-06 13:39:33,541] {dagbag.py:508} INFO - Filling up the DagBag from /opt/conda/lib/python3.8/site-packages/airflow/example_dags/tutorial_taskflow_api_etl.py
[2024-04-06 13:39:33,698] {processor.py:651} INFO - DAG(s) dict_keys(['tutorial_taskflow_api_etl']) retrieved from /opt/conda/lib/python3.8/site-packages/airflow/example_dags/tutorial_taskflow_api_etl.py
[2024-04-06 13:39:33,706] {logging_mixin.py:115} INFO - [2024-04-06 13:39:33,706] {dag.py:2420} INFO - Sync 1 DAGs
[2024-04-06 13:39:33,717] {logging_mixin.py:115} INFO - [2024-04-06 13:39:33,717] {dag.py:2968} INFO - Setting next_dagrun for tutorial_taskflow_api_etl to None, run_after=None
[2024-04-06 13:39:33,736] {processor.py:161} INFO - Processing /opt/conda/lib/python3.8/site-packages/airflow/example_dags/tutorial_taskflow_api_etl.py took 0.201 seconds
[2024-04-06 13:40:33,047] {processor.py:153} INFO - Started process (PID=7306) to work on /opt/conda/lib/python3.8/site-packages/airflow/example_dags/tutorial_taskflow_api_etl.py
[2024-04-06 13:40:33,049] {processor.py:641} INFO - Processing file /opt/conda/lib/python3.8/site-packages/airflow/example_dags/tutorial_taskflow_api_etl.py for tasks to queue
[2024-04-06 13:40:33,049] {logging_mixin.py:115} INFO - [2024-04-06 13:40:33,049] {dagbag.py:508} INFO - Filling up the DagBag from /opt/conda/lib/python3.8/site-packages/airflow/example_dags/tutorial_taskflow_api_etl.py
[2024-04-06 13:40:33,198] {processor.py:651} INFO - DAG(s) dict_keys(['tutorial_taskflow_api_etl']) retrieved from /opt/conda/lib/python3.8/site-packages/airflow/example_dags/tutorial_taskflow_api_etl.py
[2024-04-06 13:40:33,207] {logging_mixin.py:115} INFO - [2024-04-06 13:40:33,207] {dag.py:2420} INFO - Sync 1 DAGs
[2024-04-06 13:40:33,218] {logging_mixin.py:115} INFO - [2024-04-06 13:40:33,218] {dag.py:2968} INFO - Setting next_dagrun for tutorial_taskflow_api_etl to None, run_after=None
[2024-04-06 13:40:33,236] {processor.py:161} INFO - Processing /opt/conda/lib/python3.8/site-packages/airflow/example_dags/tutorial_taskflow_api_etl.py took 0.193 seconds
[2024-04-06 13:41:29,700] {processor.py:153} INFO - Started process (PID=7416) to work on /opt/conda/lib/python3.8/site-packages/airflow/example_dags/tutorial_taskflow_api_etl.py
[2024-04-06 13:41:29,701] {processor.py:641} INFO - Processing file /opt/conda/lib/python3.8/site-packages/airflow/example_dags/tutorial_taskflow_api_etl.py for tasks to queue
[2024-04-06 13:41:29,702] {logging_mixin.py:115} INFO - [2024-04-06 13:41:29,702] {dagbag.py:508} INFO - Filling up the DagBag from /opt/conda/lib/python3.8/site-packages/airflow/example_dags/tutorial_taskflow_api_etl.py
[2024-04-06 13:41:29,830] {processor.py:651} INFO - DAG(s) dict_keys(['tutorial_taskflow_api_etl']) retrieved from /opt/conda/lib/python3.8/site-packages/airflow/example_dags/tutorial_taskflow_api_etl.py
[2024-04-06 13:41:29,856] {logging_mixin.py:115} INFO - [2024-04-06 13:41:29,856] {dag.py:2420} INFO - Sync 1 DAGs
[2024-04-06 13:41:29,866] {logging_mixin.py:115} INFO - [2024-04-06 13:41:29,866] {dag.py:2968} INFO - Setting next_dagrun for tutorial_taskflow_api_etl to None, run_after=None
[2024-04-06 13:41:29,887] {processor.py:161} INFO - Processing /opt/conda/lib/python3.8/site-packages/airflow/example_dags/tutorial_taskflow_api_etl.py took 0.191 seconds
[2024-04-06 13:42:34,758] {processor.py:153} INFO - Started process (PID=7544) to work on /opt/conda/lib/python3.8/site-packages/airflow/example_dags/tutorial_taskflow_api_etl.py
[2024-04-06 13:42:34,760] {processor.py:641} INFO - Processing file /opt/conda/lib/python3.8/site-packages/airflow/example_dags/tutorial_taskflow_api_etl.py for tasks to queue
[2024-04-06 13:42:34,760] {logging_mixin.py:115} INFO - [2024-04-06 13:42:34,760] {dagbag.py:508} INFO - Filling up the DagBag from /opt/conda/lib/python3.8/site-packages/airflow/example_dags/tutorial_taskflow_api_etl.py
[2024-04-06 13:42:34,890] {processor.py:651} INFO - DAG(s) dict_keys(['tutorial_taskflow_api_etl']) retrieved from /opt/conda/lib/python3.8/site-packages/airflow/example_dags/tutorial_taskflow_api_etl.py
[2024-04-06 13:42:34,899] {logging_mixin.py:115} INFO - [2024-04-06 13:42:34,899] {dag.py:2420} INFO - Sync 1 DAGs
[2024-04-06 13:42:34,909] {logging_mixin.py:115} INFO - [2024-04-06 13:42:34,909] {dag.py:2968} INFO - Setting next_dagrun for tutorial_taskflow_api_etl to None, run_after=None
[2024-04-06 13:42:34,967] {processor.py:161} INFO - Processing /opt/conda/lib/python3.8/site-packages/airflow/example_dags/tutorial_taskflow_api_etl.py took 0.213 seconds
[2024-04-06 13:43:44,194] {processor.py:153} INFO - Started process (PID=7674) to work on /opt/conda/lib/python3.8/site-packages/airflow/example_dags/tutorial_taskflow_api_etl.py
[2024-04-06 13:43:44,195] {processor.py:641} INFO - Processing file /opt/conda/lib/python3.8/site-packages/airflow/example_dags/tutorial_taskflow_api_etl.py for tasks to queue
[2024-04-06 13:43:44,196] {logging_mixin.py:115} INFO - [2024-04-06 13:43:44,196] {dagbag.py:508} INFO - Filling up the DagBag from /opt/conda/lib/python3.8/site-packages/airflow/example_dags/tutorial_taskflow_api_etl.py
[2024-04-06 13:43:44,323] {processor.py:651} INFO - DAG(s) dict_keys(['tutorial_taskflow_api_etl']) retrieved from /opt/conda/lib/python3.8/site-packages/airflow/example_dags/tutorial_taskflow_api_etl.py
[2024-04-06 13:43:44,331] {logging_mixin.py:115} INFO - [2024-04-06 13:43:44,331] {dag.py:2420} INFO - Sync 1 DAGs
[2024-04-06 13:43:44,341] {logging_mixin.py:115} INFO - [2024-04-06 13:43:44,341] {dag.py:2968} INFO - Setting next_dagrun for tutorial_taskflow_api_etl to None, run_after=None
[2024-04-06 13:43:44,362] {processor.py:161} INFO - Processing /opt/conda/lib/python3.8/site-packages/airflow/example_dags/tutorial_taskflow_api_etl.py took 0.171 seconds
[2024-04-06 13:44:41,435] {processor.py:153} INFO - Started process (PID=7782) to work on /opt/conda/lib/python3.8/site-packages/airflow/example_dags/tutorial_taskflow_api_etl.py
[2024-04-06 13:44:41,437] {processor.py:641} INFO - Processing file /opt/conda/lib/python3.8/site-packages/airflow/example_dags/tutorial_taskflow_api_etl.py for tasks to queue
[2024-04-06 13:44:41,438] {logging_mixin.py:115} INFO - [2024-04-06 13:44:41,438] {dagbag.py:508} INFO - Filling up the DagBag from /opt/conda/lib/python3.8/site-packages/airflow/example_dags/tutorial_taskflow_api_etl.py
[2024-04-06 13:44:41,601] {processor.py:651} INFO - DAG(s) dict_keys(['tutorial_taskflow_api_etl']) retrieved from /opt/conda/lib/python3.8/site-packages/airflow/example_dags/tutorial_taskflow_api_etl.py
[2024-04-06 13:44:41,609] {logging_mixin.py:115} INFO - [2024-04-06 13:44:41,609] {dag.py:2420} INFO - Sync 1 DAGs
[2024-04-06 13:44:41,620] {logging_mixin.py:115} INFO - [2024-04-06 13:44:41,620] {dag.py:2968} INFO - Setting next_dagrun for tutorial_taskflow_api_etl to None, run_after=None
[2024-04-06 13:44:41,648] {processor.py:161} INFO - Processing /opt/conda/lib/python3.8/site-packages/airflow/example_dags/tutorial_taskflow_api_etl.py took 0.216 seconds
[2024-04-06 13:45:37,164] {processor.py:153} INFO - Started process (PID=7889) to work on /opt/conda/lib/python3.8/site-packages/airflow/example_dags/tutorial_taskflow_api_etl.py
[2024-04-06 13:45:37,166] {processor.py:641} INFO - Processing file /opt/conda/lib/python3.8/site-packages/airflow/example_dags/tutorial_taskflow_api_etl.py for tasks to queue
[2024-04-06 13:45:37,166] {logging_mixin.py:115} INFO - [2024-04-06 13:45:37,166] {dagbag.py:508} INFO - Filling up the DagBag from /opt/conda/lib/python3.8/site-packages/airflow/example_dags/tutorial_taskflow_api_etl.py
[2024-04-06 13:45:37,297] {processor.py:651} INFO - DAG(s) dict_keys(['tutorial_taskflow_api_etl']) retrieved from /opt/conda/lib/python3.8/site-packages/airflow/example_dags/tutorial_taskflow_api_etl.py
[2024-04-06 13:45:37,305] {logging_mixin.py:115} INFO - [2024-04-06 13:45:37,305] {dag.py:2420} INFO - Sync 1 DAGs
[2024-04-06 13:45:37,316] {logging_mixin.py:115} INFO - [2024-04-06 13:45:37,316] {dag.py:2968} INFO - Setting next_dagrun for tutorial_taskflow_api_etl to None, run_after=None
[2024-04-06 13:45:37,336] {processor.py:161} INFO - Processing /opt/conda/lib/python3.8/site-packages/airflow/example_dags/tutorial_taskflow_api_etl.py took 0.175 seconds
[2024-04-06 13:46:25,224] {processor.py:153} INFO - Started process (PID=7994) to work on /opt/conda/lib/python3.8/site-packages/airflow/example_dags/tutorial_taskflow_api_etl.py
[2024-04-06 13:46:25,225] {processor.py:641} INFO - Processing file /opt/conda/lib/python3.8/site-packages/airflow/example_dags/tutorial_taskflow_api_etl.py for tasks to queue
[2024-04-06 13:46:25,226] {logging_mixin.py:115} INFO - [2024-04-06 13:46:25,226] {dagbag.py:508} INFO - Filling up the DagBag from /opt/conda/lib/python3.8/site-packages/airflow/example_dags/tutorial_taskflow_api_etl.py
[2024-04-06 13:46:25,246] {processor.py:651} INFO - DAG(s) dict_keys(['tutorial_taskflow_api_etl']) retrieved from /opt/conda/lib/python3.8/site-packages/airflow/example_dags/tutorial_taskflow_api_etl.py
[2024-04-06 13:46:25,291] {logging_mixin.py:115} INFO - [2024-04-06 13:46:25,291] {dag.py:2420} INFO - Sync 1 DAGs
[2024-04-06 13:46:25,304] {logging_mixin.py:115} INFO - [2024-04-06 13:46:25,304] {dag.py:2968} INFO - Setting next_dagrun for tutorial_taskflow_api_etl to None, run_after=None
[2024-04-06 13:46:25,326] {processor.py:161} INFO - Processing /opt/conda/lib/python3.8/site-packages/airflow/example_dags/tutorial_taskflow_api_etl.py took 0.106 seconds
[2024-04-06 13:47:13,803] {processor.py:153} INFO - Started process (PID=8099) to work on /opt/conda/lib/python3.8/site-packages/airflow/example_dags/tutorial_taskflow_api_etl.py
[2024-04-06 13:47:13,805] {processor.py:641} INFO - Processing file /opt/conda/lib/python3.8/site-packages/airflow/example_dags/tutorial_taskflow_api_etl.py for tasks to queue
[2024-04-06 13:47:13,805] {logging_mixin.py:115} INFO - [2024-04-06 13:47:13,805] {dagbag.py:508} INFO - Filling up the DagBag from /opt/conda/lib/python3.8/site-packages/airflow/example_dags/tutorial_taskflow_api_etl.py
[2024-04-06 13:47:13,825] {processor.py:651} INFO - DAG(s) dict_keys(['tutorial_taskflow_api_etl']) retrieved from /opt/conda/lib/python3.8/site-packages/airflow/example_dags/tutorial_taskflow_api_etl.py
[2024-04-06 13:47:13,870] {logging_mixin.py:115} INFO - [2024-04-06 13:47:13,870] {dag.py:2420} INFO - Sync 1 DAGs
[2024-04-06 13:47:13,883] {logging_mixin.py:115} INFO - [2024-04-06 13:47:13,883] {dag.py:2968} INFO - Setting next_dagrun for tutorial_taskflow_api_etl to None, run_after=None
[2024-04-06 13:47:13,905] {processor.py:161} INFO - Processing /opt/conda/lib/python3.8/site-packages/airflow/example_dags/tutorial_taskflow_api_etl.py took 0.106 seconds
[2024-04-06 13:48:02,923] {processor.py:153} INFO - Started process (PID=8203) to work on /opt/conda/lib/python3.8/site-packages/airflow/example_dags/tutorial_taskflow_api_etl.py
[2024-04-06 13:48:02,924] {processor.py:641} INFO - Processing file /opt/conda/lib/python3.8/site-packages/airflow/example_dags/tutorial_taskflow_api_etl.py for tasks to queue
[2024-04-06 13:48:02,925] {logging_mixin.py:115} INFO - [2024-04-06 13:48:02,925] {dagbag.py:508} INFO - Filling up the DagBag from /opt/conda/lib/python3.8/site-packages/airflow/example_dags/tutorial_taskflow_api_etl.py
[2024-04-06 13:48:02,943] {processor.py:651} INFO - DAG(s) dict_keys(['tutorial_taskflow_api_etl']) retrieved from /opt/conda/lib/python3.8/site-packages/airflow/example_dags/tutorial_taskflow_api_etl.py
[2024-04-06 13:48:02,978] {logging_mixin.py:115} INFO - [2024-04-06 13:48:02,978] {dag.py:2420} INFO - Sync 1 DAGs
[2024-04-06 13:48:02,991] {logging_mixin.py:115} INFO - [2024-04-06 13:48:02,991] {dag.py:2968} INFO - Setting next_dagrun for tutorial_taskflow_api_etl to None, run_after=None
[2024-04-06 13:48:03,012] {processor.py:161} INFO - Processing /opt/conda/lib/python3.8/site-packages/airflow/example_dags/tutorial_taskflow_api_etl.py took 0.093 seconds
[2024-04-06 13:48:52,675] {processor.py:153} INFO - Started process (PID=8308) to work on /opt/conda/lib/python3.8/site-packages/airflow/example_dags/tutorial_taskflow_api_etl.py
[2024-04-06 13:48:52,677] {processor.py:641} INFO - Processing file /opt/conda/lib/python3.8/site-packages/airflow/example_dags/tutorial_taskflow_api_etl.py for tasks to queue
[2024-04-06 13:48:52,677] {logging_mixin.py:115} INFO - [2024-04-06 13:48:52,677] {dagbag.py:508} INFO - Filling up the DagBag from /opt/conda/lib/python3.8/site-packages/airflow/example_dags/tutorial_taskflow_api_etl.py
[2024-04-06 13:48:52,695] {processor.py:651} INFO - DAG(s) dict_keys(['tutorial_taskflow_api_etl']) retrieved from /opt/conda/lib/python3.8/site-packages/airflow/example_dags/tutorial_taskflow_api_etl.py
[2024-04-06 13:48:52,709] {logging_mixin.py:115} INFO - [2024-04-06 13:48:52,709] {dag.py:2420} INFO - Sync 1 DAGs
[2024-04-06 13:48:52,723] {logging_mixin.py:115} INFO - [2024-04-06 13:48:52,722] {dag.py:2968} INFO - Setting next_dagrun for tutorial_taskflow_api_etl to None, run_after=None
[2024-04-06 13:48:52,746] {processor.py:161} INFO - Processing /opt/conda/lib/python3.8/site-packages/airflow/example_dags/tutorial_taskflow_api_etl.py took 0.074 seconds
[2024-04-06 13:49:42,559] {processor.py:153} INFO - Started process (PID=8412) to work on /opt/conda/lib/python3.8/site-packages/airflow/example_dags/tutorial_taskflow_api_etl.py
[2024-04-06 13:49:42,561] {processor.py:641} INFO - Processing file /opt/conda/lib/python3.8/site-packages/airflow/example_dags/tutorial_taskflow_api_etl.py for tasks to queue
[2024-04-06 13:49:42,561] {logging_mixin.py:115} INFO - [2024-04-06 13:49:42,561] {dagbag.py:508} INFO - Filling up the DagBag from /opt/conda/lib/python3.8/site-packages/airflow/example_dags/tutorial_taskflow_api_etl.py
[2024-04-06 13:49:42,580] {processor.py:651} INFO - DAG(s) dict_keys(['tutorial_taskflow_api_etl']) retrieved from /opt/conda/lib/python3.8/site-packages/airflow/example_dags/tutorial_taskflow_api_etl.py
[2024-04-06 13:49:42,597] {logging_mixin.py:115} INFO - [2024-04-06 13:49:42,597] {dag.py:2420} INFO - Sync 1 DAGs
[2024-04-06 13:49:42,615] {logging_mixin.py:115} INFO - [2024-04-06 13:49:42,615] {dag.py:2968} INFO - Setting next_dagrun for tutorial_taskflow_api_etl to None, run_after=None
[2024-04-06 13:49:42,639] {processor.py:161} INFO - Processing /opt/conda/lib/python3.8/site-packages/airflow/example_dags/tutorial_taskflow_api_etl.py took 0.083 seconds
[2024-04-06 13:50:30,759] {processor.py:153} INFO - Started process (PID=8517) to work on /opt/conda/lib/python3.8/site-packages/airflow/example_dags/tutorial_taskflow_api_etl.py
[2024-04-06 13:50:30,761] {processor.py:641} INFO - Processing file /opt/conda/lib/python3.8/site-packages/airflow/example_dags/tutorial_taskflow_api_etl.py for tasks to queue
[2024-04-06 13:50:30,761] {logging_mixin.py:115} INFO - [2024-04-06 13:50:30,761] {dagbag.py:508} INFO - Filling up the DagBag from /opt/conda/lib/python3.8/site-packages/airflow/example_dags/tutorial_taskflow_api_etl.py
[2024-04-06 13:50:30,782] {processor.py:651} INFO - DAG(s) dict_keys(['tutorial_taskflow_api_etl']) retrieved from /opt/conda/lib/python3.8/site-packages/airflow/example_dags/tutorial_taskflow_api_etl.py
[2024-04-06 13:50:30,801] {logging_mixin.py:115} INFO - [2024-04-06 13:50:30,801] {dag.py:2420} INFO - Sync 1 DAGs
[2024-04-06 13:50:30,821] {logging_mixin.py:115} INFO - [2024-04-06 13:50:30,821] {dag.py:2968} INFO - Setting next_dagrun for tutorial_taskflow_api_etl to None, run_after=None
[2024-04-06 13:50:30,843] {processor.py:161} INFO - Processing /opt/conda/lib/python3.8/site-packages/airflow/example_dags/tutorial_taskflow_api_etl.py took 0.088 seconds
[2024-04-06 13:51:19,887] {processor.py:153} INFO - Started process (PID=8621) to work on /opt/conda/lib/python3.8/site-packages/airflow/example_dags/tutorial_taskflow_api_etl.py
[2024-04-06 13:51:19,888] {processor.py:641} INFO - Processing file /opt/conda/lib/python3.8/site-packages/airflow/example_dags/tutorial_taskflow_api_etl.py for tasks to queue
[2024-04-06 13:51:19,889] {logging_mixin.py:115} INFO - [2024-04-06 13:51:19,889] {dagbag.py:508} INFO - Filling up the DagBag from /opt/conda/lib/python3.8/site-packages/airflow/example_dags/tutorial_taskflow_api_etl.py
[2024-04-06 13:51:19,908] {processor.py:651} INFO - DAG(s) dict_keys(['tutorial_taskflow_api_etl']) retrieved from /opt/conda/lib/python3.8/site-packages/airflow/example_dags/tutorial_taskflow_api_etl.py
[2024-04-06 13:51:19,944] {logging_mixin.py:115} INFO - [2024-04-06 13:51:19,944] {dag.py:2420} INFO - Sync 1 DAGs
[2024-04-06 13:51:19,956] {logging_mixin.py:115} INFO - [2024-04-06 13:51:19,956] {dag.py:2968} INFO - Setting next_dagrun for tutorial_taskflow_api_etl to None, run_after=None
[2024-04-06 13:51:19,977] {processor.py:161} INFO - Processing /opt/conda/lib/python3.8/site-packages/airflow/example_dags/tutorial_taskflow_api_etl.py took 0.094 seconds
