[2024-04-06 12:46:05,738] {processor.py:153} INFO - Started process (PID=1396) to work on /opt/conda/lib/python3.8/site-packages/airflow/example_dags/tutorial_etl_dag.py
[2024-04-06 12:46:05,739] {processor.py:641} INFO - Processing file /opt/conda/lib/python3.8/site-packages/airflow/example_dags/tutorial_etl_dag.py for tasks to queue
[2024-04-06 12:46:05,739] {logging_mixin.py:115} INFO - [2024-04-06 12:46:05,739] {dagbag.py:508} INFO - Filling up the DagBag from /opt/conda/lib/python3.8/site-packages/airflow/example_dags/tutorial_etl_dag.py
[2024-04-06 12:46:05,750] {processor.py:651} INFO - DAG(s) dict_keys(['tutorial_etl_dag']) retrieved from /opt/conda/lib/python3.8/site-packages/airflow/example_dags/tutorial_etl_dag.py
[2024-04-06 12:46:05,873] {logging_mixin.py:115} INFO - [2024-04-06 12:46:05,873] {dag.py:2420} INFO - Sync 1 DAGs
[2024-04-06 12:46:05,884] {logging_mixin.py:115} INFO - [2024-04-06 12:46:05,884] {dag.py:2968} INFO - Setting next_dagrun for tutorial_etl_dag to None, run_after=None
[2024-04-06 12:46:05,908] {processor.py:161} INFO - Processing /opt/conda/lib/python3.8/site-packages/airflow/example_dags/tutorial_etl_dag.py took 0.173 seconds
[2024-04-06 12:46:56,907] {processor.py:153} INFO - Started process (PID=1467) to work on /opt/conda/lib/python3.8/site-packages/airflow/example_dags/tutorial_etl_dag.py
[2024-04-06 12:46:56,909] {processor.py:641} INFO - Processing file /opt/conda/lib/python3.8/site-packages/airflow/example_dags/tutorial_etl_dag.py for tasks to queue
[2024-04-06 12:46:56,909] {logging_mixin.py:115} INFO - [2024-04-06 12:46:56,909] {dagbag.py:508} INFO - Filling up the DagBag from /opt/conda/lib/python3.8/site-packages/airflow/example_dags/tutorial_etl_dag.py
[2024-04-06 12:46:56,920] {processor.py:651} INFO - DAG(s) dict_keys(['tutorial_etl_dag']) retrieved from /opt/conda/lib/python3.8/site-packages/airflow/example_dags/tutorial_etl_dag.py
[2024-04-06 12:46:57,041] {logging_mixin.py:115} INFO - [2024-04-06 12:46:57,041] {dag.py:2420} INFO - Sync 1 DAGs
[2024-04-06 12:46:57,052] {logging_mixin.py:115} INFO - [2024-04-06 12:46:57,052] {dag.py:2968} INFO - Setting next_dagrun for tutorial_etl_dag to None, run_after=None
[2024-04-06 12:46:57,069] {processor.py:161} INFO - Processing /opt/conda/lib/python3.8/site-packages/airflow/example_dags/tutorial_etl_dag.py took 0.165 seconds
[2024-04-06 12:47:54,751] {processor.py:153} INFO - Started process (PID=1575) to work on /opt/conda/lib/python3.8/site-packages/airflow/example_dags/tutorial_etl_dag.py
[2024-04-06 12:47:54,753] {processor.py:641} INFO - Processing file /opt/conda/lib/python3.8/site-packages/airflow/example_dags/tutorial_etl_dag.py for tasks to queue
[2024-04-06 12:47:54,753] {logging_mixin.py:115} INFO - [2024-04-06 12:47:54,753] {dagbag.py:508} INFO - Filling up the DagBag from /opt/conda/lib/python3.8/site-packages/airflow/example_dags/tutorial_etl_dag.py
[2024-04-06 12:47:54,765] {processor.py:651} INFO - DAG(s) dict_keys(['tutorial_etl_dag']) retrieved from /opt/conda/lib/python3.8/site-packages/airflow/example_dags/tutorial_etl_dag.py
[2024-04-06 12:47:54,899] {logging_mixin.py:115} INFO - [2024-04-06 12:47:54,899] {dag.py:2420} INFO - Sync 1 DAGs
[2024-04-06 12:47:54,910] {logging_mixin.py:115} INFO - [2024-04-06 12:47:54,910] {dag.py:2968} INFO - Setting next_dagrun for tutorial_etl_dag to None, run_after=None
[2024-04-06 12:47:54,926] {processor.py:161} INFO - Processing /opt/conda/lib/python3.8/site-packages/airflow/example_dags/tutorial_etl_dag.py took 0.179 seconds
[2024-04-06 12:49:02,335] {processor.py:153} INFO - Started process (PID=1658) to work on /opt/conda/lib/python3.8/site-packages/airflow/example_dags/tutorial_etl_dag.py
[2024-04-06 12:49:02,337] {processor.py:641} INFO - Processing file /opt/conda/lib/python3.8/site-packages/airflow/example_dags/tutorial_etl_dag.py for tasks to queue
[2024-04-06 12:49:02,337] {logging_mixin.py:115} INFO - [2024-04-06 12:49:02,337] {dagbag.py:508} INFO - Filling up the DagBag from /opt/conda/lib/python3.8/site-packages/airflow/example_dags/tutorial_etl_dag.py
[2024-04-06 12:49:02,349] {processor.py:651} INFO - DAG(s) dict_keys(['tutorial_etl_dag']) retrieved from /opt/conda/lib/python3.8/site-packages/airflow/example_dags/tutorial_etl_dag.py
[2024-04-06 12:49:02,494] {logging_mixin.py:115} INFO - [2024-04-06 12:49:02,494] {dag.py:2420} INFO - Sync 1 DAGs
[2024-04-06 12:49:02,505] {logging_mixin.py:115} INFO - [2024-04-06 12:49:02,505] {dag.py:2968} INFO - Setting next_dagrun for tutorial_etl_dag to None, run_after=None
[2024-04-06 12:49:02,524] {processor.py:161} INFO - Processing /opt/conda/lib/python3.8/site-packages/airflow/example_dags/tutorial_etl_dag.py took 0.193 seconds
[2024-04-06 12:50:02,190] {processor.py:153} INFO - Started process (PID=1767) to work on /opt/conda/lib/python3.8/site-packages/airflow/example_dags/tutorial_etl_dag.py
[2024-04-06 12:50:02,192] {processor.py:641} INFO - Processing file /opt/conda/lib/python3.8/site-packages/airflow/example_dags/tutorial_etl_dag.py for tasks to queue
[2024-04-06 12:50:02,192] {logging_mixin.py:115} INFO - [2024-04-06 12:50:02,192] {dagbag.py:508} INFO - Filling up the DagBag from /opt/conda/lib/python3.8/site-packages/airflow/example_dags/tutorial_etl_dag.py
[2024-04-06 12:50:02,199] {processor.py:651} INFO - DAG(s) dict_keys(['tutorial_etl_dag']) retrieved from /opt/conda/lib/python3.8/site-packages/airflow/example_dags/tutorial_etl_dag.py
[2024-04-06 12:50:02,324] {logging_mixin.py:115} INFO - [2024-04-06 12:50:02,324] {dag.py:2420} INFO - Sync 1 DAGs
[2024-04-06 12:50:02,335] {logging_mixin.py:115} INFO - [2024-04-06 12:50:02,335] {dag.py:2968} INFO - Setting next_dagrun for tutorial_etl_dag to None, run_after=None
[2024-04-06 12:50:02,353] {processor.py:161} INFO - Processing /opt/conda/lib/python3.8/site-packages/airflow/example_dags/tutorial_etl_dag.py took 0.166 seconds
[2024-04-06 12:50:58,275] {processor.py:153} INFO - Started process (PID=1845) to work on /opt/conda/lib/python3.8/site-packages/airflow/example_dags/tutorial_etl_dag.py
[2024-04-06 12:50:58,278] {processor.py:641} INFO - Processing file /opt/conda/lib/python3.8/site-packages/airflow/example_dags/tutorial_etl_dag.py for tasks to queue
[2024-04-06 12:50:58,278] {logging_mixin.py:115} INFO - [2024-04-06 12:50:58,278] {dagbag.py:508} INFO - Filling up the DagBag from /opt/conda/lib/python3.8/site-packages/airflow/example_dags/tutorial_etl_dag.py
[2024-04-06 12:50:58,286] {processor.py:651} INFO - DAG(s) dict_keys(['tutorial_etl_dag']) retrieved from /opt/conda/lib/python3.8/site-packages/airflow/example_dags/tutorial_etl_dag.py
[2024-04-06 12:50:58,411] {logging_mixin.py:115} INFO - [2024-04-06 12:50:58,411] {dag.py:2420} INFO - Sync 1 DAGs
[2024-04-06 12:50:58,422] {logging_mixin.py:115} INFO - [2024-04-06 12:50:58,422] {dag.py:2968} INFO - Setting next_dagrun for tutorial_etl_dag to None, run_after=None
[2024-04-06 12:50:58,442] {processor.py:161} INFO - Processing /opt/conda/lib/python3.8/site-packages/airflow/example_dags/tutorial_etl_dag.py took 0.170 seconds
[2024-04-06 12:51:49,295] {processor.py:153} INFO - Started process (PID=1925) to work on /opt/conda/lib/python3.8/site-packages/airflow/example_dags/tutorial_etl_dag.py
[2024-04-06 12:51:49,298] {processor.py:641} INFO - Processing file /opt/conda/lib/python3.8/site-packages/airflow/example_dags/tutorial_etl_dag.py for tasks to queue
[2024-04-06 12:51:49,298] {logging_mixin.py:115} INFO - [2024-04-06 12:51:49,298] {dagbag.py:508} INFO - Filling up the DagBag from /opt/conda/lib/python3.8/site-packages/airflow/example_dags/tutorial_etl_dag.py
[2024-04-06 12:51:49,306] {processor.py:651} INFO - DAG(s) dict_keys(['tutorial_etl_dag']) retrieved from /opt/conda/lib/python3.8/site-packages/airflow/example_dags/tutorial_etl_dag.py
[2024-04-06 12:51:49,432] {logging_mixin.py:115} INFO - [2024-04-06 12:51:49,432] {dag.py:2420} INFO - Sync 1 DAGs
[2024-04-06 12:51:49,443] {logging_mixin.py:115} INFO - [2024-04-06 12:51:49,443] {dag.py:2968} INFO - Setting next_dagrun for tutorial_etl_dag to None, run_after=None
[2024-04-06 12:51:49,463] {processor.py:161} INFO - Processing /opt/conda/lib/python3.8/site-packages/airflow/example_dags/tutorial_etl_dag.py took 0.172 seconds
[2024-04-06 12:52:50,163] {processor.py:153} INFO - Started process (PID=2028) to work on /opt/conda/lib/python3.8/site-packages/airflow/example_dags/tutorial_etl_dag.py
[2024-04-06 12:52:50,165] {processor.py:641} INFO - Processing file /opt/conda/lib/python3.8/site-packages/airflow/example_dags/tutorial_etl_dag.py for tasks to queue
[2024-04-06 12:52:50,166] {logging_mixin.py:115} INFO - [2024-04-06 12:52:50,165] {dagbag.py:508} INFO - Filling up the DagBag from /opt/conda/lib/python3.8/site-packages/airflow/example_dags/tutorial_etl_dag.py
[2024-04-06 12:52:50,173] {processor.py:651} INFO - DAG(s) dict_keys(['tutorial_etl_dag']) retrieved from /opt/conda/lib/python3.8/site-packages/airflow/example_dags/tutorial_etl_dag.py
[2024-04-06 12:52:50,308] {logging_mixin.py:115} INFO - [2024-04-06 12:52:50,308] {dag.py:2420} INFO - Sync 1 DAGs
[2024-04-06 12:52:50,319] {logging_mixin.py:115} INFO - [2024-04-06 12:52:50,318] {dag.py:2968} INFO - Setting next_dagrun for tutorial_etl_dag to None, run_after=None
[2024-04-06 12:52:50,337] {processor.py:161} INFO - Processing /opt/conda/lib/python3.8/site-packages/airflow/example_dags/tutorial_etl_dag.py took 0.177 seconds
[2024-04-06 12:53:45,236] {processor.py:153} INFO - Started process (PID=2112) to work on /opt/conda/lib/python3.8/site-packages/airflow/example_dags/tutorial_etl_dag.py
[2024-04-06 12:53:45,238] {processor.py:641} INFO - Processing file /opt/conda/lib/python3.8/site-packages/airflow/example_dags/tutorial_etl_dag.py for tasks to queue
[2024-04-06 12:53:45,238] {logging_mixin.py:115} INFO - [2024-04-06 12:53:45,238] {dagbag.py:508} INFO - Filling up the DagBag from /opt/conda/lib/python3.8/site-packages/airflow/example_dags/tutorial_etl_dag.py
[2024-04-06 12:53:45,246] {processor.py:651} INFO - DAG(s) dict_keys(['tutorial_etl_dag']) retrieved from /opt/conda/lib/python3.8/site-packages/airflow/example_dags/tutorial_etl_dag.py
[2024-04-06 12:53:45,372] {logging_mixin.py:115} INFO - [2024-04-06 12:53:45,372] {dag.py:2420} INFO - Sync 1 DAGs
[2024-04-06 12:53:45,383] {logging_mixin.py:115} INFO - [2024-04-06 12:53:45,383] {dag.py:2968} INFO - Setting next_dagrun for tutorial_etl_dag to None, run_after=None
[2024-04-06 12:53:45,405] {processor.py:161} INFO - Processing /opt/conda/lib/python3.8/site-packages/airflow/example_dags/tutorial_etl_dag.py took 0.173 seconds
[2024-04-06 12:54:35,660] {processor.py:153} INFO - Started process (PID=2206) to work on /opt/conda/lib/python3.8/site-packages/airflow/example_dags/tutorial_etl_dag.py
[2024-04-06 12:54:35,662] {processor.py:641} INFO - Processing file /opt/conda/lib/python3.8/site-packages/airflow/example_dags/tutorial_etl_dag.py for tasks to queue
[2024-04-06 12:54:35,662] {logging_mixin.py:115} INFO - [2024-04-06 12:54:35,662] {dagbag.py:508} INFO - Filling up the DagBag from /opt/conda/lib/python3.8/site-packages/airflow/example_dags/tutorial_etl_dag.py
[2024-04-06 12:54:35,670] {processor.py:651} INFO - DAG(s) dict_keys(['tutorial_etl_dag']) retrieved from /opt/conda/lib/python3.8/site-packages/airflow/example_dags/tutorial_etl_dag.py
[2024-04-06 12:54:35,685] {logging_mixin.py:115} INFO - [2024-04-06 12:54:35,685] {dag.py:2420} INFO - Sync 1 DAGs
[2024-04-06 12:54:35,700] {logging_mixin.py:115} INFO - [2024-04-06 12:54:35,700] {dag.py:2968} INFO - Setting next_dagrun for tutorial_etl_dag to None, run_after=None
[2024-04-06 12:54:35,719] {processor.py:161} INFO - Processing /opt/conda/lib/python3.8/site-packages/airflow/example_dags/tutorial_etl_dag.py took 0.063 seconds
[2024-04-06 12:55:17,788] {processor.py:153} INFO - Started process (PID=2279) to work on /opt/conda/lib/python3.8/site-packages/airflow/example_dags/tutorial_etl_dag.py
[2024-04-06 12:55:17,790] {processor.py:641} INFO - Processing file /opt/conda/lib/python3.8/site-packages/airflow/example_dags/tutorial_etl_dag.py for tasks to queue
[2024-04-06 12:55:17,791] {logging_mixin.py:115} INFO - [2024-04-06 12:55:17,790] {dagbag.py:508} INFO - Filling up the DagBag from /opt/conda/lib/python3.8/site-packages/airflow/example_dags/tutorial_etl_dag.py
[2024-04-06 12:55:17,799] {processor.py:651} INFO - DAG(s) dict_keys(['tutorial_etl_dag']) retrieved from /opt/conda/lib/python3.8/site-packages/airflow/example_dags/tutorial_etl_dag.py
[2024-04-06 12:55:17,816] {logging_mixin.py:115} INFO - [2024-04-06 12:55:17,815] {dag.py:2420} INFO - Sync 1 DAGs
[2024-04-06 12:55:17,834] {logging_mixin.py:115} INFO - [2024-04-06 12:55:17,834] {dag.py:2968} INFO - Setting next_dagrun for tutorial_etl_dag to None, run_after=None
[2024-04-06 12:55:17,857] {processor.py:161} INFO - Processing /opt/conda/lib/python3.8/site-packages/airflow/example_dags/tutorial_etl_dag.py took 0.073 seconds
[2024-04-06 12:56:00,700] {processor.py:153} INFO - Started process (PID=2350) to work on /opt/conda/lib/python3.8/site-packages/airflow/example_dags/tutorial_etl_dag.py
[2024-04-06 12:56:00,702] {processor.py:641} INFO - Processing file /opt/conda/lib/python3.8/site-packages/airflow/example_dags/tutorial_etl_dag.py for tasks to queue
[2024-04-06 12:56:00,702] {logging_mixin.py:115} INFO - [2024-04-06 12:56:00,702] {dagbag.py:508} INFO - Filling up the DagBag from /opt/conda/lib/python3.8/site-packages/airflow/example_dags/tutorial_etl_dag.py
[2024-04-06 12:56:00,711] {processor.py:651} INFO - DAG(s) dict_keys(['tutorial_etl_dag']) retrieved from /opt/conda/lib/python3.8/site-packages/airflow/example_dags/tutorial_etl_dag.py
[2024-04-06 12:56:00,728] {logging_mixin.py:115} INFO - [2024-04-06 12:56:00,728] {dag.py:2420} INFO - Sync 1 DAGs
[2024-04-06 12:56:00,747] {logging_mixin.py:115} INFO - [2024-04-06 12:56:00,747] {dag.py:2968} INFO - Setting next_dagrun for tutorial_etl_dag to None, run_after=None
[2024-04-06 12:56:00,770] {processor.py:161} INFO - Processing /opt/conda/lib/python3.8/site-packages/airflow/example_dags/tutorial_etl_dag.py took 0.074 seconds
[2024-04-06 12:56:54,203] {processor.py:153} INFO - Started process (PID=2444) to work on /opt/conda/lib/python3.8/site-packages/airflow/example_dags/tutorial_etl_dag.py
[2024-04-06 12:56:54,205] {processor.py:641} INFO - Processing file /opt/conda/lib/python3.8/site-packages/airflow/example_dags/tutorial_etl_dag.py for tasks to queue
[2024-04-06 12:56:54,206] {logging_mixin.py:115} INFO - [2024-04-06 12:56:54,205] {dagbag.py:508} INFO - Filling up the DagBag from /opt/conda/lib/python3.8/site-packages/airflow/example_dags/tutorial_etl_dag.py
[2024-04-06 12:56:54,213] {processor.py:651} INFO - DAG(s) dict_keys(['tutorial_etl_dag']) retrieved from /opt/conda/lib/python3.8/site-packages/airflow/example_dags/tutorial_etl_dag.py
[2024-04-06 12:56:54,229] {logging_mixin.py:115} INFO - [2024-04-06 12:56:54,229] {dag.py:2420} INFO - Sync 1 DAGs
[2024-04-06 12:56:54,243] {logging_mixin.py:115} INFO - [2024-04-06 12:56:54,243] {dag.py:2968} INFO - Setting next_dagrun for tutorial_etl_dag to None, run_after=None
[2024-04-06 12:56:54,262] {processor.py:161} INFO - Processing /opt/conda/lib/python3.8/site-packages/airflow/example_dags/tutorial_etl_dag.py took 0.062 seconds
[2024-04-06 12:57:35,639] {processor.py:153} INFO - Started process (PID=2513) to work on /opt/conda/lib/python3.8/site-packages/airflow/example_dags/tutorial_etl_dag.py
[2024-04-06 12:57:35,641] {processor.py:641} INFO - Processing file /opt/conda/lib/python3.8/site-packages/airflow/example_dags/tutorial_etl_dag.py for tasks to queue
[2024-04-06 12:57:35,642] {logging_mixin.py:115} INFO - [2024-04-06 12:57:35,642] {dagbag.py:508} INFO - Filling up the DagBag from /opt/conda/lib/python3.8/site-packages/airflow/example_dags/tutorial_etl_dag.py
[2024-04-06 12:57:35,650] {processor.py:651} INFO - DAG(s) dict_keys(['tutorial_etl_dag']) retrieved from /opt/conda/lib/python3.8/site-packages/airflow/example_dags/tutorial_etl_dag.py
[2024-04-06 12:57:35,667] {logging_mixin.py:115} INFO - [2024-04-06 12:57:35,667] {dag.py:2420} INFO - Sync 1 DAGs
[2024-04-06 12:57:35,685] {logging_mixin.py:115} INFO - [2024-04-06 12:57:35,685] {dag.py:2968} INFO - Setting next_dagrun for tutorial_etl_dag to None, run_after=None
[2024-04-06 12:57:35,708] {processor.py:161} INFO - Processing /opt/conda/lib/python3.8/site-packages/airflow/example_dags/tutorial_etl_dag.py took 0.072 seconds
[2024-04-06 12:58:19,254] {processor.py:153} INFO - Started process (PID=2583) to work on /opt/conda/lib/python3.8/site-packages/airflow/example_dags/tutorial_etl_dag.py
[2024-04-06 12:58:19,256] {processor.py:641} INFO - Processing file /opt/conda/lib/python3.8/site-packages/airflow/example_dags/tutorial_etl_dag.py for tasks to queue
[2024-04-06 12:58:19,257] {logging_mixin.py:115} INFO - [2024-04-06 12:58:19,256] {dagbag.py:508} INFO - Filling up the DagBag from /opt/conda/lib/python3.8/site-packages/airflow/example_dags/tutorial_etl_dag.py
[2024-04-06 12:58:19,264] {processor.py:651} INFO - DAG(s) dict_keys(['tutorial_etl_dag']) retrieved from /opt/conda/lib/python3.8/site-packages/airflow/example_dags/tutorial_etl_dag.py
[2024-04-06 12:58:19,279] {logging_mixin.py:115} INFO - [2024-04-06 12:58:19,279] {dag.py:2420} INFO - Sync 1 DAGs
[2024-04-06 12:58:19,293] {logging_mixin.py:115} INFO - [2024-04-06 12:58:19,293] {dag.py:2968} INFO - Setting next_dagrun for tutorial_etl_dag to None, run_after=None
[2024-04-06 12:58:19,326] {processor.py:161} INFO - Processing /opt/conda/lib/python3.8/site-packages/airflow/example_dags/tutorial_etl_dag.py took 0.075 seconds
[2024-04-06 12:59:03,363] {processor.py:153} INFO - Started process (PID=2660) to work on /opt/conda/lib/python3.8/site-packages/airflow/example_dags/tutorial_etl_dag.py
[2024-04-06 12:59:03,364] {processor.py:641} INFO - Processing file /opt/conda/lib/python3.8/site-packages/airflow/example_dags/tutorial_etl_dag.py for tasks to queue
[2024-04-06 12:59:03,365] {logging_mixin.py:115} INFO - [2024-04-06 12:59:03,365] {dagbag.py:508} INFO - Filling up the DagBag from /opt/conda/lib/python3.8/site-packages/airflow/example_dags/tutorial_etl_dag.py
[2024-04-06 12:59:03,373] {processor.py:651} INFO - DAG(s) dict_keys(['tutorial_etl_dag']) retrieved from /opt/conda/lib/python3.8/site-packages/airflow/example_dags/tutorial_etl_dag.py
[2024-04-06 12:59:03,390] {logging_mixin.py:115} INFO - [2024-04-06 12:59:03,390] {dag.py:2420} INFO - Sync 1 DAGs
[2024-04-06 12:59:03,409] {logging_mixin.py:115} INFO - [2024-04-06 12:59:03,409] {dag.py:2968} INFO - Setting next_dagrun for tutorial_etl_dag to None, run_after=None
[2024-04-06 12:59:03,870] {processor.py:161} INFO - Processing /opt/conda/lib/python3.8/site-packages/airflow/example_dags/tutorial_etl_dag.py took 0.511 seconds
[2024-04-06 12:59:51,239] {processor.py:153} INFO - Started process (PID=2741) to work on /opt/conda/lib/python3.8/site-packages/airflow/example_dags/tutorial_etl_dag.py
[2024-04-06 12:59:51,241] {processor.py:641} INFO - Processing file /opt/conda/lib/python3.8/site-packages/airflow/example_dags/tutorial_etl_dag.py for tasks to queue
[2024-04-06 12:59:51,241] {logging_mixin.py:115} INFO - [2024-04-06 12:59:51,241] {dagbag.py:508} INFO - Filling up the DagBag from /opt/conda/lib/python3.8/site-packages/airflow/example_dags/tutorial_etl_dag.py
[2024-04-06 12:59:51,249] {processor.py:651} INFO - DAG(s) dict_keys(['tutorial_etl_dag']) retrieved from /opt/conda/lib/python3.8/site-packages/airflow/example_dags/tutorial_etl_dag.py
[2024-04-06 12:59:51,266] {logging_mixin.py:115} INFO - [2024-04-06 12:59:51,266] {dag.py:2420} INFO - Sync 1 DAGs
[2024-04-06 12:59:51,285] {logging_mixin.py:115} INFO - [2024-04-06 12:59:51,284] {dag.py:2968} INFO - Setting next_dagrun for tutorial_etl_dag to None, run_after=None
[2024-04-06 12:59:51,304] {processor.py:161} INFO - Processing /opt/conda/lib/python3.8/site-packages/airflow/example_dags/tutorial_etl_dag.py took 0.069 seconds
[2024-04-06 13:00:34,712] {processor.py:153} INFO - Started process (PID=2811) to work on /opt/conda/lib/python3.8/site-packages/airflow/example_dags/tutorial_etl_dag.py
[2024-04-06 13:00:34,713] {processor.py:641} INFO - Processing file /opt/conda/lib/python3.8/site-packages/airflow/example_dags/tutorial_etl_dag.py for tasks to queue
[2024-04-06 13:00:34,714] {logging_mixin.py:115} INFO - [2024-04-06 13:00:34,714] {dagbag.py:508} INFO - Filling up the DagBag from /opt/conda/lib/python3.8/site-packages/airflow/example_dags/tutorial_etl_dag.py
[2024-04-06 13:00:34,722] {processor.py:651} INFO - DAG(s) dict_keys(['tutorial_etl_dag']) retrieved from /opt/conda/lib/python3.8/site-packages/airflow/example_dags/tutorial_etl_dag.py
[2024-04-06 13:00:34,737] {logging_mixin.py:115} INFO - [2024-04-06 13:00:34,737] {dag.py:2420} INFO - Sync 1 DAGs
[2024-04-06 13:00:34,752] {logging_mixin.py:115} INFO - [2024-04-06 13:00:34,752] {dag.py:2968} INFO - Setting next_dagrun for tutorial_etl_dag to None, run_after=None
[2024-04-06 13:00:34,790] {processor.py:161} INFO - Processing /opt/conda/lib/python3.8/site-packages/airflow/example_dags/tutorial_etl_dag.py took 0.082 seconds
[2024-04-06 13:01:17,439] {processor.py:153} INFO - Started process (PID=2881) to work on /opt/conda/lib/python3.8/site-packages/airflow/example_dags/tutorial_etl_dag.py
[2024-04-06 13:01:17,441] {processor.py:641} INFO - Processing file /opt/conda/lib/python3.8/site-packages/airflow/example_dags/tutorial_etl_dag.py for tasks to queue
[2024-04-06 13:01:17,442] {logging_mixin.py:115} INFO - [2024-04-06 13:01:17,442] {dagbag.py:508} INFO - Filling up the DagBag from /opt/conda/lib/python3.8/site-packages/airflow/example_dags/tutorial_etl_dag.py
[2024-04-06 13:01:17,450] {processor.py:651} INFO - DAG(s) dict_keys(['tutorial_etl_dag']) retrieved from /opt/conda/lib/python3.8/site-packages/airflow/example_dags/tutorial_etl_dag.py
[2024-04-06 13:01:17,465] {logging_mixin.py:115} INFO - [2024-04-06 13:01:17,465] {dag.py:2420} INFO - Sync 1 DAGs
[2024-04-06 13:01:17,479] {logging_mixin.py:115} INFO - [2024-04-06 13:01:17,479] {dag.py:2968} INFO - Setting next_dagrun for tutorial_etl_dag to None, run_after=None
[2024-04-06 13:01:17,498] {processor.py:161} INFO - Processing /opt/conda/lib/python3.8/site-packages/airflow/example_dags/tutorial_etl_dag.py took 0.062 seconds
[2024-04-06 13:02:04,456] {processor.py:153} INFO - Started process (PID=2958) to work on /opt/conda/lib/python3.8/site-packages/airflow/example_dags/tutorial_etl_dag.py
[2024-04-06 13:02:04,460] {processor.py:641} INFO - Processing file /opt/conda/lib/python3.8/site-packages/airflow/example_dags/tutorial_etl_dag.py for tasks to queue
[2024-04-06 13:02:04,461] {logging_mixin.py:115} INFO - [2024-04-06 13:02:04,461] {dagbag.py:508} INFO - Filling up the DagBag from /opt/conda/lib/python3.8/site-packages/airflow/example_dags/tutorial_etl_dag.py
[2024-04-06 13:02:04,470] {processor.py:651} INFO - DAG(s) dict_keys(['tutorial_etl_dag']) retrieved from /opt/conda/lib/python3.8/site-packages/airflow/example_dags/tutorial_etl_dag.py
[2024-04-06 13:02:04,489] {logging_mixin.py:115} INFO - [2024-04-06 13:02:04,488] {dag.py:2420} INFO - Sync 1 DAGs
[2024-04-06 13:02:04,508] {logging_mixin.py:115} INFO - [2024-04-06 13:02:04,508] {dag.py:2968} INFO - Setting next_dagrun for tutorial_etl_dag to None, run_after=None
[2024-04-06 13:02:04,684] {processor.py:161} INFO - Processing /opt/conda/lib/python3.8/site-packages/airflow/example_dags/tutorial_etl_dag.py took 0.232 seconds
[2024-04-06 13:02:53,263] {processor.py:153} INFO - Started process (PID=3049) to work on /opt/conda/lib/python3.8/site-packages/airflow/example_dags/tutorial_etl_dag.py
[2024-04-06 13:02:53,265] {processor.py:641} INFO - Processing file /opt/conda/lib/python3.8/site-packages/airflow/example_dags/tutorial_etl_dag.py for tasks to queue
[2024-04-06 13:02:53,265] {logging_mixin.py:115} INFO - [2024-04-06 13:02:53,265] {dagbag.py:508} INFO - Filling up the DagBag from /opt/conda/lib/python3.8/site-packages/airflow/example_dags/tutorial_etl_dag.py
[2024-04-06 13:02:53,273] {processor.py:651} INFO - DAG(s) dict_keys(['tutorial_etl_dag']) retrieved from /opt/conda/lib/python3.8/site-packages/airflow/example_dags/tutorial_etl_dag.py
[2024-04-06 13:02:53,290] {logging_mixin.py:115} INFO - [2024-04-06 13:02:53,290] {dag.py:2420} INFO - Sync 1 DAGs
[2024-04-06 13:02:53,309] {logging_mixin.py:115} INFO - [2024-04-06 13:02:53,309] {dag.py:2968} INFO - Setting next_dagrun for tutorial_etl_dag to None, run_after=None
[2024-04-06 13:02:53,337] {processor.py:161} INFO - Processing /opt/conda/lib/python3.8/site-packages/airflow/example_dags/tutorial_etl_dag.py took 0.078 seconds
[2024-04-06 13:03:36,544] {processor.py:153} INFO - Started process (PID=3120) to work on /opt/conda/lib/python3.8/site-packages/airflow/example_dags/tutorial_etl_dag.py
[2024-04-06 13:03:36,546] {processor.py:641} INFO - Processing file /opt/conda/lib/python3.8/site-packages/airflow/example_dags/tutorial_etl_dag.py for tasks to queue
[2024-04-06 13:03:36,546] {logging_mixin.py:115} INFO - [2024-04-06 13:03:36,546] {dagbag.py:508} INFO - Filling up the DagBag from /opt/conda/lib/python3.8/site-packages/airflow/example_dags/tutorial_etl_dag.py
[2024-04-06 13:03:36,555] {processor.py:651} INFO - DAG(s) dict_keys(['tutorial_etl_dag']) retrieved from /opt/conda/lib/python3.8/site-packages/airflow/example_dags/tutorial_etl_dag.py
[2024-04-06 13:03:36,571] {logging_mixin.py:115} INFO - [2024-04-06 13:03:36,571] {dag.py:2420} INFO - Sync 1 DAGs
[2024-04-06 13:03:36,588] {logging_mixin.py:115} INFO - [2024-04-06 13:03:36,588] {dag.py:2968} INFO - Setting next_dagrun for tutorial_etl_dag to None, run_after=None
[2024-04-06 13:03:36,607] {processor.py:161} INFO - Processing /opt/conda/lib/python3.8/site-packages/airflow/example_dags/tutorial_etl_dag.py took 0.067 seconds
[2024-04-06 13:04:27,682] {processor.py:153} INFO - Started process (PID=3214) to work on /opt/conda/lib/python3.8/site-packages/airflow/example_dags/tutorial_etl_dag.py
[2024-04-06 13:04:27,684] {processor.py:641} INFO - Processing file /opt/conda/lib/python3.8/site-packages/airflow/example_dags/tutorial_etl_dag.py for tasks to queue
[2024-04-06 13:04:27,685] {logging_mixin.py:115} INFO - [2024-04-06 13:04:27,685] {dagbag.py:508} INFO - Filling up the DagBag from /opt/conda/lib/python3.8/site-packages/airflow/example_dags/tutorial_etl_dag.py
[2024-04-06 13:04:27,692] {processor.py:651} INFO - DAG(s) dict_keys(['tutorial_etl_dag']) retrieved from /opt/conda/lib/python3.8/site-packages/airflow/example_dags/tutorial_etl_dag.py
[2024-04-06 13:04:27,707] {logging_mixin.py:115} INFO - [2024-04-06 13:04:27,707] {dag.py:2420} INFO - Sync 1 DAGs
[2024-04-06 13:04:27,722] {logging_mixin.py:115} INFO - [2024-04-06 13:04:27,722] {dag.py:2968} INFO - Setting next_dagrun for tutorial_etl_dag to None, run_after=None
[2024-04-06 13:04:27,742] {processor.py:161} INFO - Processing /opt/conda/lib/python3.8/site-packages/airflow/example_dags/tutorial_etl_dag.py took 0.063 seconds
[2024-04-06 13:05:11,652] {processor.py:153} INFO - Started process (PID=3288) to work on /opt/conda/lib/python3.8/site-packages/airflow/example_dags/tutorial_etl_dag.py
[2024-04-06 13:05:11,653] {processor.py:641} INFO - Processing file /opt/conda/lib/python3.8/site-packages/airflow/example_dags/tutorial_etl_dag.py for tasks to queue
[2024-04-06 13:05:11,654] {logging_mixin.py:115} INFO - [2024-04-06 13:05:11,654] {dagbag.py:508} INFO - Filling up the DagBag from /opt/conda/lib/python3.8/site-packages/airflow/example_dags/tutorial_etl_dag.py
[2024-04-06 13:05:11,661] {processor.py:651} INFO - DAG(s) dict_keys(['tutorial_etl_dag']) retrieved from /opt/conda/lib/python3.8/site-packages/airflow/example_dags/tutorial_etl_dag.py
[2024-04-06 13:05:11,676] {logging_mixin.py:115} INFO - [2024-04-06 13:05:11,676] {dag.py:2420} INFO - Sync 1 DAGs
[2024-04-06 13:05:11,690] {logging_mixin.py:115} INFO - [2024-04-06 13:05:11,690] {dag.py:2968} INFO - Setting next_dagrun for tutorial_etl_dag to None, run_after=None
[2024-04-06 13:05:11,711] {processor.py:161} INFO - Processing /opt/conda/lib/python3.8/site-packages/airflow/example_dags/tutorial_etl_dag.py took 0.063 seconds
[2024-04-06 13:06:04,551] {processor.py:153} INFO - Started process (PID=3368) to work on /opt/conda/lib/python3.8/site-packages/airflow/example_dags/tutorial_etl_dag.py
[2024-04-06 13:06:04,552] {processor.py:641} INFO - Processing file /opt/conda/lib/python3.8/site-packages/airflow/example_dags/tutorial_etl_dag.py for tasks to queue
[2024-04-06 13:06:04,553] {logging_mixin.py:115} INFO - [2024-04-06 13:06:04,553] {dagbag.py:508} INFO - Filling up the DagBag from /opt/conda/lib/python3.8/site-packages/airflow/example_dags/tutorial_etl_dag.py
[2024-04-06 13:06:04,560] {processor.py:651} INFO - DAG(s) dict_keys(['tutorial_etl_dag']) retrieved from /opt/conda/lib/python3.8/site-packages/airflow/example_dags/tutorial_etl_dag.py
[2024-04-06 13:06:04,575] {logging_mixin.py:115} INFO - [2024-04-06 13:06:04,575] {dag.py:2420} INFO - Sync 1 DAGs
[2024-04-06 13:06:04,590] {logging_mixin.py:115} INFO - [2024-04-06 13:06:04,590] {dag.py:2968} INFO - Setting next_dagrun for tutorial_etl_dag to None, run_after=None
[2024-04-06 13:06:04,611] {processor.py:161} INFO - Processing /opt/conda/lib/python3.8/site-packages/airflow/example_dags/tutorial_etl_dag.py took 0.063 seconds
[2024-04-06 13:06:46,690] {processor.py:153} INFO - Started process (PID=3437) to work on /opt/conda/lib/python3.8/site-packages/airflow/example_dags/tutorial_etl_dag.py
[2024-04-06 13:06:46,692] {processor.py:641} INFO - Processing file /opt/conda/lib/python3.8/site-packages/airflow/example_dags/tutorial_etl_dag.py for tasks to queue
[2024-04-06 13:06:46,692] {logging_mixin.py:115} INFO - [2024-04-06 13:06:46,692] {dagbag.py:508} INFO - Filling up the DagBag from /opt/conda/lib/python3.8/site-packages/airflow/example_dags/tutorial_etl_dag.py
[2024-04-06 13:06:46,700] {processor.py:651} INFO - DAG(s) dict_keys(['tutorial_etl_dag']) retrieved from /opt/conda/lib/python3.8/site-packages/airflow/example_dags/tutorial_etl_dag.py
[2024-04-06 13:06:46,717] {logging_mixin.py:115} INFO - [2024-04-06 13:06:46,717] {dag.py:2420} INFO - Sync 1 DAGs
[2024-04-06 13:06:46,733] {logging_mixin.py:115} INFO - [2024-04-06 13:06:46,733] {dag.py:2968} INFO - Setting next_dagrun for tutorial_etl_dag to None, run_after=None
[2024-04-06 13:06:46,752] {processor.py:161} INFO - Processing /opt/conda/lib/python3.8/site-packages/airflow/example_dags/tutorial_etl_dag.py took 0.065 seconds
[2024-04-06 13:07:28,587] {processor.py:153} INFO - Started process (PID=3513) to work on /opt/conda/lib/python3.8/site-packages/airflow/example_dags/tutorial_etl_dag.py
[2024-04-06 13:07:28,589] {processor.py:641} INFO - Processing file /opt/conda/lib/python3.8/site-packages/airflow/example_dags/tutorial_etl_dag.py for tasks to queue
[2024-04-06 13:07:28,590] {logging_mixin.py:115} INFO - [2024-04-06 13:07:28,590] {dagbag.py:508} INFO - Filling up the DagBag from /opt/conda/lib/python3.8/site-packages/airflow/example_dags/tutorial_etl_dag.py
[2024-04-06 13:07:28,598] {processor.py:651} INFO - DAG(s) dict_keys(['tutorial_etl_dag']) retrieved from /opt/conda/lib/python3.8/site-packages/airflow/example_dags/tutorial_etl_dag.py
[2024-04-06 13:07:28,616] {logging_mixin.py:115} INFO - [2024-04-06 13:07:28,616] {dag.py:2420} INFO - Sync 1 DAGs
[2024-04-06 13:07:28,633] {logging_mixin.py:115} INFO - [2024-04-06 13:07:28,633] {dag.py:2968} INFO - Setting next_dagrun for tutorial_etl_dag to None, run_after=None
[2024-04-06 13:07:28,653] {processor.py:161} INFO - Processing /opt/conda/lib/python3.8/site-packages/airflow/example_dags/tutorial_etl_dag.py took 0.070 seconds
[2024-04-06 13:08:19,635] {processor.py:153} INFO - Started process (PID=3622) to work on /opt/conda/lib/python3.8/site-packages/airflow/example_dags/tutorial_etl_dag.py
[2024-04-06 13:08:19,637] {processor.py:641} INFO - Processing file /opt/conda/lib/python3.8/site-packages/airflow/example_dags/tutorial_etl_dag.py for tasks to queue
[2024-04-06 13:08:19,638] {logging_mixin.py:115} INFO - [2024-04-06 13:08:19,638] {dagbag.py:508} INFO - Filling up the DagBag from /opt/conda/lib/python3.8/site-packages/airflow/example_dags/tutorial_etl_dag.py
[2024-04-06 13:08:19,646] {processor.py:651} INFO - DAG(s) dict_keys(['tutorial_etl_dag']) retrieved from /opt/conda/lib/python3.8/site-packages/airflow/example_dags/tutorial_etl_dag.py
[2024-04-06 13:08:19,664] {logging_mixin.py:115} INFO - [2024-04-06 13:08:19,664] {dag.py:2420} INFO - Sync 1 DAGs
[2024-04-06 13:08:19,683] {logging_mixin.py:115} INFO - [2024-04-06 13:08:19,683] {dag.py:2968} INFO - Setting next_dagrun for tutorial_etl_dag to None, run_after=None
[2024-04-06 13:08:19,706] {processor.py:161} INFO - Processing /opt/conda/lib/python3.8/site-packages/airflow/example_dags/tutorial_etl_dag.py took 0.075 seconds
[2024-04-06 13:09:11,511] {processor.py:153} INFO - Started process (PID=3731) to work on /opt/conda/lib/python3.8/site-packages/airflow/example_dags/tutorial_etl_dag.py
[2024-04-06 13:09:11,514] {processor.py:641} INFO - Processing file /opt/conda/lib/python3.8/site-packages/airflow/example_dags/tutorial_etl_dag.py for tasks to queue
[2024-04-06 13:09:11,514] {logging_mixin.py:115} INFO - [2024-04-06 13:09:11,514] {dagbag.py:508} INFO - Filling up the DagBag from /opt/conda/lib/python3.8/site-packages/airflow/example_dags/tutorial_etl_dag.py
[2024-04-06 13:09:11,522] {processor.py:651} INFO - DAG(s) dict_keys(['tutorial_etl_dag']) retrieved from /opt/conda/lib/python3.8/site-packages/airflow/example_dags/tutorial_etl_dag.py
[2024-04-06 13:09:11,540] {logging_mixin.py:115} INFO - [2024-04-06 13:09:11,540] {dag.py:2420} INFO - Sync 1 DAGs
[2024-04-06 13:09:11,559] {logging_mixin.py:115} INFO - [2024-04-06 13:09:11,559] {dag.py:2968} INFO - Setting next_dagrun for tutorial_etl_dag to None, run_after=None
[2024-04-06 13:09:11,582] {processor.py:161} INFO - Processing /opt/conda/lib/python3.8/site-packages/airflow/example_dags/tutorial_etl_dag.py took 0.074 seconds
[2024-04-06 13:09:55,242] {processor.py:153} INFO - Started process (PID=3801) to work on /opt/conda/lib/python3.8/site-packages/airflow/example_dags/tutorial_etl_dag.py
[2024-04-06 13:09:55,244] {processor.py:641} INFO - Processing file /opt/conda/lib/python3.8/site-packages/airflow/example_dags/tutorial_etl_dag.py for tasks to queue
[2024-04-06 13:09:55,244] {logging_mixin.py:115} INFO - [2024-04-06 13:09:55,244] {dagbag.py:508} INFO - Filling up the DagBag from /opt/conda/lib/python3.8/site-packages/airflow/example_dags/tutorial_etl_dag.py
[2024-04-06 13:09:55,252] {processor.py:651} INFO - DAG(s) dict_keys(['tutorial_etl_dag']) retrieved from /opt/conda/lib/python3.8/site-packages/airflow/example_dags/tutorial_etl_dag.py
[2024-04-06 13:09:55,269] {logging_mixin.py:115} INFO - [2024-04-06 13:09:55,269] {dag.py:2420} INFO - Sync 1 DAGs
[2024-04-06 13:09:55,284] {logging_mixin.py:115} INFO - [2024-04-06 13:09:55,284] {dag.py:2968} INFO - Setting next_dagrun for tutorial_etl_dag to None, run_after=None
[2024-04-06 13:09:55,304] {processor.py:161} INFO - Processing /opt/conda/lib/python3.8/site-packages/airflow/example_dags/tutorial_etl_dag.py took 0.066 seconds
[2024-04-06 13:10:47,455] {processor.py:153} INFO - Started process (PID=3881) to work on /opt/conda/lib/python3.8/site-packages/airflow/example_dags/tutorial_etl_dag.py
[2024-04-06 13:10:47,457] {processor.py:641} INFO - Processing file /opt/conda/lib/python3.8/site-packages/airflow/example_dags/tutorial_etl_dag.py for tasks to queue
[2024-04-06 13:10:47,457] {logging_mixin.py:115} INFO - [2024-04-06 13:10:47,457] {dagbag.py:508} INFO - Filling up the DagBag from /opt/conda/lib/python3.8/site-packages/airflow/example_dags/tutorial_etl_dag.py
[2024-04-06 13:10:47,464] {processor.py:651} INFO - DAG(s) dict_keys(['tutorial_etl_dag']) retrieved from /opt/conda/lib/python3.8/site-packages/airflow/example_dags/tutorial_etl_dag.py
[2024-04-06 13:10:47,480] {logging_mixin.py:115} INFO - [2024-04-06 13:10:47,479] {dag.py:2420} INFO - Sync 1 DAGs
[2024-04-06 13:10:47,494] {logging_mixin.py:115} INFO - [2024-04-06 13:10:47,494] {dag.py:2968} INFO - Setting next_dagrun for tutorial_etl_dag to None, run_after=None
[2024-04-06 13:10:47,515] {processor.py:161} INFO - Processing /opt/conda/lib/python3.8/site-packages/airflow/example_dags/tutorial_etl_dag.py took 0.063 seconds
[2024-04-06 13:11:30,338] {processor.py:153} INFO - Started process (PID=3952) to work on /opt/conda/lib/python3.8/site-packages/airflow/example_dags/tutorial_etl_dag.py
[2024-04-06 13:11:30,340] {processor.py:641} INFO - Processing file /opt/conda/lib/python3.8/site-packages/airflow/example_dags/tutorial_etl_dag.py for tasks to queue
[2024-04-06 13:11:30,341] {logging_mixin.py:115} INFO - [2024-04-06 13:11:30,341] {dagbag.py:508} INFO - Filling up the DagBag from /opt/conda/lib/python3.8/site-packages/airflow/example_dags/tutorial_etl_dag.py
[2024-04-06 13:11:30,349] {processor.py:651} INFO - DAG(s) dict_keys(['tutorial_etl_dag']) retrieved from /opt/conda/lib/python3.8/site-packages/airflow/example_dags/tutorial_etl_dag.py
[2024-04-06 13:11:30,366] {logging_mixin.py:115} INFO - [2024-04-06 13:11:30,366] {dag.py:2420} INFO - Sync 1 DAGs
[2024-04-06 13:11:30,385] {logging_mixin.py:115} INFO - [2024-04-06 13:11:30,385] {dag.py:2968} INFO - Setting next_dagrun for tutorial_etl_dag to None, run_after=None
[2024-04-06 13:11:30,407] {processor.py:161} INFO - Processing /opt/conda/lib/python3.8/site-packages/airflow/example_dags/tutorial_etl_dag.py took 0.073 seconds
[2024-04-06 13:12:23,119] {processor.py:153} INFO - Started process (PID=4046) to work on /opt/conda/lib/python3.8/site-packages/airflow/example_dags/tutorial_etl_dag.py
[2024-04-06 13:12:23,121] {processor.py:641} INFO - Processing file /opt/conda/lib/python3.8/site-packages/airflow/example_dags/tutorial_etl_dag.py for tasks to queue
[2024-04-06 13:12:23,121] {logging_mixin.py:115} INFO - [2024-04-06 13:12:23,121] {dagbag.py:508} INFO - Filling up the DagBag from /opt/conda/lib/python3.8/site-packages/airflow/example_dags/tutorial_etl_dag.py
[2024-04-06 13:12:23,128] {processor.py:651} INFO - DAG(s) dict_keys(['tutorial_etl_dag']) retrieved from /opt/conda/lib/python3.8/site-packages/airflow/example_dags/tutorial_etl_dag.py
[2024-04-06 13:12:23,144] {logging_mixin.py:115} INFO - [2024-04-06 13:12:23,144] {dag.py:2420} INFO - Sync 1 DAGs
[2024-04-06 13:12:23,159] {logging_mixin.py:115} INFO - [2024-04-06 13:12:23,159] {dag.py:2968} INFO - Setting next_dagrun for tutorial_etl_dag to None, run_after=None
[2024-04-06 13:12:23,179] {processor.py:161} INFO - Processing /opt/conda/lib/python3.8/site-packages/airflow/example_dags/tutorial_etl_dag.py took 0.064 seconds
[2024-04-06 13:13:07,263] {processor.py:153} INFO - Started process (PID=4116) to work on /opt/conda/lib/python3.8/site-packages/airflow/example_dags/tutorial_etl_dag.py
[2024-04-06 13:13:07,264] {processor.py:641} INFO - Processing file /opt/conda/lib/python3.8/site-packages/airflow/example_dags/tutorial_etl_dag.py for tasks to queue
[2024-04-06 13:13:07,265] {logging_mixin.py:115} INFO - [2024-04-06 13:13:07,265] {dagbag.py:508} INFO - Filling up the DagBag from /opt/conda/lib/python3.8/site-packages/airflow/example_dags/tutorial_etl_dag.py
[2024-04-06 13:13:07,273] {processor.py:651} INFO - DAG(s) dict_keys(['tutorial_etl_dag']) retrieved from /opt/conda/lib/python3.8/site-packages/airflow/example_dags/tutorial_etl_dag.py
[2024-04-06 13:13:07,292] {logging_mixin.py:115} INFO - [2024-04-06 13:13:07,292] {dag.py:2420} INFO - Sync 1 DAGs
[2024-04-06 13:13:07,311] {logging_mixin.py:115} INFO - [2024-04-06 13:13:07,311] {dag.py:2968} INFO - Setting next_dagrun for tutorial_etl_dag to None, run_after=None
[2024-04-06 13:13:07,335] {processor.py:161} INFO - Processing /opt/conda/lib/python3.8/site-packages/airflow/example_dags/tutorial_etl_dag.py took 0.076 seconds
[2024-04-06 13:13:50,803] {processor.py:153} INFO - Started process (PID=4217) to work on /opt/conda/lib/python3.8/site-packages/airflow/example_dags/tutorial_etl_dag.py
[2024-04-06 13:13:50,805] {processor.py:641} INFO - Processing file /opt/conda/lib/python3.8/site-packages/airflow/example_dags/tutorial_etl_dag.py for tasks to queue
[2024-04-06 13:13:50,805] {logging_mixin.py:115} INFO - [2024-04-06 13:13:50,805] {dagbag.py:508} INFO - Filling up the DagBag from /opt/conda/lib/python3.8/site-packages/airflow/example_dags/tutorial_etl_dag.py
[2024-04-06 13:13:50,813] {processor.py:651} INFO - DAG(s) dict_keys(['tutorial_etl_dag']) retrieved from /opt/conda/lib/python3.8/site-packages/airflow/example_dags/tutorial_etl_dag.py
[2024-04-06 13:13:50,830] {logging_mixin.py:115} INFO - [2024-04-06 13:13:50,830] {dag.py:2420} INFO - Sync 1 DAGs
[2024-04-06 13:13:50,849] {logging_mixin.py:115} INFO - [2024-04-06 13:13:50,849] {dag.py:2968} INFO - Setting next_dagrun for tutorial_etl_dag to None, run_after=None
[2024-04-06 13:13:50,872] {processor.py:161} INFO - Processing /opt/conda/lib/python3.8/site-packages/airflow/example_dags/tutorial_etl_dag.py took 0.072 seconds
[2024-04-06 13:14:32,674] {processor.py:153} INFO - Started process (PID=4285) to work on /opt/conda/lib/python3.8/site-packages/airflow/example_dags/tutorial_etl_dag.py
[2024-04-06 13:14:32,676] {processor.py:641} INFO - Processing file /opt/conda/lib/python3.8/site-packages/airflow/example_dags/tutorial_etl_dag.py for tasks to queue
[2024-04-06 13:14:32,677] {logging_mixin.py:115} INFO - [2024-04-06 13:14:32,676] {dagbag.py:508} INFO - Filling up the DagBag from /opt/conda/lib/python3.8/site-packages/airflow/example_dags/tutorial_etl_dag.py
[2024-04-06 13:14:32,684] {processor.py:651} INFO - DAG(s) dict_keys(['tutorial_etl_dag']) retrieved from /opt/conda/lib/python3.8/site-packages/airflow/example_dags/tutorial_etl_dag.py
[2024-04-06 13:14:32,702] {logging_mixin.py:115} INFO - [2024-04-06 13:14:32,702] {dag.py:2420} INFO - Sync 1 DAGs
[2024-04-06 13:14:32,718] {logging_mixin.py:115} INFO - [2024-04-06 13:14:32,718] {dag.py:2968} INFO - Setting next_dagrun for tutorial_etl_dag to None, run_after=None
[2024-04-06 13:14:32,739] {processor.py:161} INFO - Processing /opt/conda/lib/python3.8/site-packages/airflow/example_dags/tutorial_etl_dag.py took 0.068 seconds
[2024-04-06 13:15:14,055] {processor.py:153} INFO - Started process (PID=4359) to work on /opt/conda/lib/python3.8/site-packages/airflow/example_dags/tutorial_etl_dag.py
[2024-04-06 13:15:14,057] {processor.py:641} INFO - Processing file /opt/conda/lib/python3.8/site-packages/airflow/example_dags/tutorial_etl_dag.py for tasks to queue
[2024-04-06 13:15:14,058] {logging_mixin.py:115} INFO - [2024-04-06 13:15:14,058] {dagbag.py:508} INFO - Filling up the DagBag from /opt/conda/lib/python3.8/site-packages/airflow/example_dags/tutorial_etl_dag.py
[2024-04-06 13:15:14,065] {processor.py:651} INFO - DAG(s) dict_keys(['tutorial_etl_dag']) retrieved from /opt/conda/lib/python3.8/site-packages/airflow/example_dags/tutorial_etl_dag.py
[2024-04-06 13:15:14,081] {logging_mixin.py:115} INFO - [2024-04-06 13:15:14,081] {dag.py:2420} INFO - Sync 1 DAGs
[2024-04-06 13:15:14,095] {logging_mixin.py:115} INFO - [2024-04-06 13:15:14,095] {dag.py:2968} INFO - Setting next_dagrun for tutorial_etl_dag to None, run_after=None
[2024-04-06 13:15:14,116] {processor.py:161} INFO - Processing /opt/conda/lib/python3.8/site-packages/airflow/example_dags/tutorial_etl_dag.py took 0.064 seconds
[2024-04-06 13:15:57,315] {processor.py:153} INFO - Started process (PID=4429) to work on /opt/conda/lib/python3.8/site-packages/airflow/example_dags/tutorial_etl_dag.py
[2024-04-06 13:15:57,316] {processor.py:641} INFO - Processing file /opt/conda/lib/python3.8/site-packages/airflow/example_dags/tutorial_etl_dag.py for tasks to queue
[2024-04-06 13:15:57,317] {logging_mixin.py:115} INFO - [2024-04-06 13:15:57,317] {dagbag.py:508} INFO - Filling up the DagBag from /opt/conda/lib/python3.8/site-packages/airflow/example_dags/tutorial_etl_dag.py
[2024-04-06 13:15:57,324] {processor.py:651} INFO - DAG(s) dict_keys(['tutorial_etl_dag']) retrieved from /opt/conda/lib/python3.8/site-packages/airflow/example_dags/tutorial_etl_dag.py
[2024-04-06 13:15:57,340] {logging_mixin.py:115} INFO - [2024-04-06 13:15:57,340] {dag.py:2420} INFO - Sync 1 DAGs
[2024-04-06 13:15:57,354] {logging_mixin.py:115} INFO - [2024-04-06 13:15:57,354] {dag.py:2968} INFO - Setting next_dagrun for tutorial_etl_dag to None, run_after=None
[2024-04-06 13:15:57,376] {processor.py:161} INFO - Processing /opt/conda/lib/python3.8/site-packages/airflow/example_dags/tutorial_etl_dag.py took 0.065 seconds
[2024-04-06 13:16:39,607] {processor.py:153} INFO - Started process (PID=4499) to work on /opt/conda/lib/python3.8/site-packages/airflow/example_dags/tutorial_etl_dag.py
[2024-04-06 13:16:39,616] {processor.py:641} INFO - Processing file /opt/conda/lib/python3.8/site-packages/airflow/example_dags/tutorial_etl_dag.py for tasks to queue
[2024-04-06 13:16:39,616] {logging_mixin.py:115} INFO - [2024-04-06 13:16:39,616] {dagbag.py:508} INFO - Filling up the DagBag from /opt/conda/lib/python3.8/site-packages/airflow/example_dags/tutorial_etl_dag.py
[2024-04-06 13:16:39,624] {processor.py:651} INFO - DAG(s) dict_keys(['tutorial_etl_dag']) retrieved from /opt/conda/lib/python3.8/site-packages/airflow/example_dags/tutorial_etl_dag.py
[2024-04-06 13:16:39,641] {logging_mixin.py:115} INFO - [2024-04-06 13:16:39,641] {dag.py:2420} INFO - Sync 1 DAGs
[2024-04-06 13:16:39,660] {logging_mixin.py:115} INFO - [2024-04-06 13:16:39,660] {dag.py:2968} INFO - Setting next_dagrun for tutorial_etl_dag to None, run_after=None
[2024-04-06 13:16:39,705] {processor.py:161} INFO - Processing /opt/conda/lib/python3.8/site-packages/airflow/example_dags/tutorial_etl_dag.py took 0.101 seconds
[2024-04-06 13:17:21,618] {processor.py:153} INFO - Started process (PID=4569) to work on /opt/conda/lib/python3.8/site-packages/airflow/example_dags/tutorial_etl_dag.py
[2024-04-06 13:17:21,619] {processor.py:641} INFO - Processing file /opt/conda/lib/python3.8/site-packages/airflow/example_dags/tutorial_etl_dag.py for tasks to queue
[2024-04-06 13:17:21,620] {logging_mixin.py:115} INFO - [2024-04-06 13:17:21,620] {dagbag.py:508} INFO - Filling up the DagBag from /opt/conda/lib/python3.8/site-packages/airflow/example_dags/tutorial_etl_dag.py
[2024-04-06 13:17:21,627] {processor.py:651} INFO - DAG(s) dict_keys(['tutorial_etl_dag']) retrieved from /opt/conda/lib/python3.8/site-packages/airflow/example_dags/tutorial_etl_dag.py
[2024-04-06 13:17:21,643] {logging_mixin.py:115} INFO - [2024-04-06 13:17:21,643] {dag.py:2420} INFO - Sync 1 DAGs
[2024-04-06 13:17:21,657] {logging_mixin.py:115} INFO - [2024-04-06 13:17:21,657] {dag.py:2968} INFO - Setting next_dagrun for tutorial_etl_dag to None, run_after=None
[2024-04-06 13:17:21,679] {processor.py:161} INFO - Processing /opt/conda/lib/python3.8/site-packages/airflow/example_dags/tutorial_etl_dag.py took 0.064 seconds
[2024-04-06 13:18:17,828] {processor.py:153} INFO - Started process (PID=4666) to work on /opt/conda/lib/python3.8/site-packages/airflow/example_dags/tutorial_etl_dag.py
[2024-04-06 13:18:17,830] {processor.py:641} INFO - Processing file /opt/conda/lib/python3.8/site-packages/airflow/example_dags/tutorial_etl_dag.py for tasks to queue
[2024-04-06 13:18:17,831] {logging_mixin.py:115} INFO - [2024-04-06 13:18:17,831] {dagbag.py:508} INFO - Filling up the DagBag from /opt/conda/lib/python3.8/site-packages/airflow/example_dags/tutorial_etl_dag.py
[2024-04-06 13:18:17,838] {processor.py:651} INFO - DAG(s) dict_keys(['tutorial_etl_dag']) retrieved from /opt/conda/lib/python3.8/site-packages/airflow/example_dags/tutorial_etl_dag.py
[2024-04-06 13:18:17,857] {logging_mixin.py:115} INFO - [2024-04-06 13:18:17,857] {dag.py:2420} INFO - Sync 1 DAGs
[2024-04-06 13:18:17,876] {logging_mixin.py:115} INFO - [2024-04-06 13:18:17,876] {dag.py:2968} INFO - Setting next_dagrun for tutorial_etl_dag to None, run_after=None
[2024-04-06 13:18:18,129] {processor.py:161} INFO - Processing /opt/conda/lib/python3.8/site-packages/airflow/example_dags/tutorial_etl_dag.py took 0.304 seconds
[2024-04-06 13:19:16,238] {processor.py:153} INFO - Started process (PID=4826) to work on /opt/conda/lib/python3.8/site-packages/airflow/example_dags/tutorial_etl_dag.py
[2024-04-06 13:19:16,240] {processor.py:641} INFO - Processing file /opt/conda/lib/python3.8/site-packages/airflow/example_dags/tutorial_etl_dag.py for tasks to queue
[2024-04-06 13:19:16,240] {logging_mixin.py:115} INFO - [2024-04-06 13:19:16,240] {dagbag.py:508} INFO - Filling up the DagBag from /opt/conda/lib/python3.8/site-packages/airflow/example_dags/tutorial_etl_dag.py
[2024-04-06 13:19:16,248] {processor.py:651} INFO - DAG(s) dict_keys(['tutorial_etl_dag']) retrieved from /opt/conda/lib/python3.8/site-packages/airflow/example_dags/tutorial_etl_dag.py
[2024-04-06 13:19:16,265] {logging_mixin.py:115} INFO - [2024-04-06 13:19:16,265] {dag.py:2420} INFO - Sync 1 DAGs
[2024-04-06 13:19:16,283] {logging_mixin.py:115} INFO - [2024-04-06 13:19:16,283] {dag.py:2968} INFO - Setting next_dagrun for tutorial_etl_dag to None, run_after=None
[2024-04-06 13:19:16,306] {processor.py:161} INFO - Processing /opt/conda/lib/python3.8/site-packages/airflow/example_dags/tutorial_etl_dag.py took 0.071 seconds
[2024-04-06 13:20:00,547] {processor.py:153} INFO - Started process (PID=4895) to work on /opt/conda/lib/python3.8/site-packages/airflow/example_dags/tutorial_etl_dag.py
[2024-04-06 13:20:00,549] {processor.py:641} INFO - Processing file /opt/conda/lib/python3.8/site-packages/airflow/example_dags/tutorial_etl_dag.py for tasks to queue
[2024-04-06 13:20:00,550] {logging_mixin.py:115} INFO - [2024-04-06 13:20:00,550] {dagbag.py:508} INFO - Filling up the DagBag from /opt/conda/lib/python3.8/site-packages/airflow/example_dags/tutorial_etl_dag.py
[2024-04-06 13:20:00,557] {processor.py:651} INFO - DAG(s) dict_keys(['tutorial_etl_dag']) retrieved from /opt/conda/lib/python3.8/site-packages/airflow/example_dags/tutorial_etl_dag.py
[2024-04-06 13:20:00,572] {logging_mixin.py:115} INFO - [2024-04-06 13:20:00,571] {dag.py:2420} INFO - Sync 1 DAGs
[2024-04-06 13:20:00,586] {logging_mixin.py:115} INFO - [2024-04-06 13:20:00,586] {dag.py:2968} INFO - Setting next_dagrun for tutorial_etl_dag to None, run_after=None
[2024-04-06 13:20:00,606] {processor.py:161} INFO - Processing /opt/conda/lib/python3.8/site-packages/airflow/example_dags/tutorial_etl_dag.py took 0.062 seconds
[2024-04-06 13:20:48,324] {processor.py:153} INFO - Started process (PID=4981) to work on /opt/conda/lib/python3.8/site-packages/airflow/example_dags/tutorial_etl_dag.py
[2024-04-06 13:20:48,325] {processor.py:641} INFO - Processing file /opt/conda/lib/python3.8/site-packages/airflow/example_dags/tutorial_etl_dag.py for tasks to queue
[2024-04-06 13:20:48,326] {logging_mixin.py:115} INFO - [2024-04-06 13:20:48,326] {dagbag.py:508} INFO - Filling up the DagBag from /opt/conda/lib/python3.8/site-packages/airflow/example_dags/tutorial_etl_dag.py
[2024-04-06 13:20:48,334] {processor.py:651} INFO - DAG(s) dict_keys(['tutorial_etl_dag']) retrieved from /opt/conda/lib/python3.8/site-packages/airflow/example_dags/tutorial_etl_dag.py
[2024-04-06 13:20:48,351] {logging_mixin.py:115} INFO - [2024-04-06 13:20:48,351] {dag.py:2420} INFO - Sync 1 DAGs
[2024-04-06 13:20:48,370] {logging_mixin.py:115} INFO - [2024-04-06 13:20:48,370] {dag.py:2968} INFO - Setting next_dagrun for tutorial_etl_dag to None, run_after=None
[2024-04-06 13:20:48,399] {processor.py:161} INFO - Processing /opt/conda/lib/python3.8/site-packages/airflow/example_dags/tutorial_etl_dag.py took 0.079 seconds
[2024-04-06 13:21:35,026] {processor.py:153} INFO - Started process (PID=5052) to work on /opt/conda/lib/python3.8/site-packages/airflow/example_dags/tutorial_etl_dag.py
[2024-04-06 13:21:35,028] {processor.py:641} INFO - Processing file /opt/conda/lib/python3.8/site-packages/airflow/example_dags/tutorial_etl_dag.py for tasks to queue
[2024-04-06 13:21:35,028] {logging_mixin.py:115} INFO - [2024-04-06 13:21:35,028] {dagbag.py:508} INFO - Filling up the DagBag from /opt/conda/lib/python3.8/site-packages/airflow/example_dags/tutorial_etl_dag.py
[2024-04-06 13:21:35,036] {processor.py:651} INFO - DAG(s) dict_keys(['tutorial_etl_dag']) retrieved from /opt/conda/lib/python3.8/site-packages/airflow/example_dags/tutorial_etl_dag.py
[2024-04-06 13:21:35,051] {logging_mixin.py:115} INFO - [2024-04-06 13:21:35,051] {dag.py:2420} INFO - Sync 1 DAGs
[2024-04-06 13:21:35,066] {logging_mixin.py:115} INFO - [2024-04-06 13:21:35,066] {dag.py:2968} INFO - Setting next_dagrun for tutorial_etl_dag to None, run_after=None
[2024-04-06 13:21:35,134] {processor.py:161} INFO - Processing /opt/conda/lib/python3.8/site-packages/airflow/example_dags/tutorial_etl_dag.py took 0.112 seconds
[2024-04-06 13:22:19,275] {processor.py:153} INFO - Started process (PID=5153) to work on /opt/conda/lib/python3.8/site-packages/airflow/example_dags/tutorial_etl_dag.py
[2024-04-06 13:22:19,276] {processor.py:641} INFO - Processing file /opt/conda/lib/python3.8/site-packages/airflow/example_dags/tutorial_etl_dag.py for tasks to queue
[2024-04-06 13:22:19,276] {logging_mixin.py:115} INFO - [2024-04-06 13:22:19,276] {dagbag.py:508} INFO - Filling up the DagBag from /opt/conda/lib/python3.8/site-packages/airflow/example_dags/tutorial_etl_dag.py
[2024-04-06 13:22:19,284] {processor.py:651} INFO - DAG(s) dict_keys(['tutorial_etl_dag']) retrieved from /opt/conda/lib/python3.8/site-packages/airflow/example_dags/tutorial_etl_dag.py
[2024-04-06 13:22:19,301] {logging_mixin.py:115} INFO - [2024-04-06 13:22:19,301] {dag.py:2420} INFO - Sync 1 DAGs
[2024-04-06 13:22:19,320] {logging_mixin.py:115} INFO - [2024-04-06 13:22:19,320] {dag.py:2968} INFO - Setting next_dagrun for tutorial_etl_dag to None, run_after=None
[2024-04-06 13:22:19,482] {processor.py:161} INFO - Processing /opt/conda/lib/python3.8/site-packages/airflow/example_dags/tutorial_etl_dag.py took 0.211 seconds
[2024-04-06 13:23:04,322] {processor.py:153} INFO - Started process (PID=5230) to work on /opt/conda/lib/python3.8/site-packages/airflow/example_dags/tutorial_etl_dag.py
[2024-04-06 13:23:04,324] {processor.py:641} INFO - Processing file /opt/conda/lib/python3.8/site-packages/airflow/example_dags/tutorial_etl_dag.py for tasks to queue
[2024-04-06 13:23:04,325] {logging_mixin.py:115} INFO - [2024-04-06 13:23:04,325] {dagbag.py:508} INFO - Filling up the DagBag from /opt/conda/lib/python3.8/site-packages/airflow/example_dags/tutorial_etl_dag.py
[2024-04-06 13:23:04,332] {processor.py:651} INFO - DAG(s) dict_keys(['tutorial_etl_dag']) retrieved from /opt/conda/lib/python3.8/site-packages/airflow/example_dags/tutorial_etl_dag.py
[2024-04-06 13:23:04,347] {logging_mixin.py:115} INFO - [2024-04-06 13:23:04,347] {dag.py:2420} INFO - Sync 1 DAGs
[2024-04-06 13:23:04,362] {logging_mixin.py:115} INFO - [2024-04-06 13:23:04,362] {dag.py:2968} INFO - Setting next_dagrun for tutorial_etl_dag to None, run_after=None
[2024-04-06 13:23:04,402] {processor.py:161} INFO - Processing /opt/conda/lib/python3.8/site-packages/airflow/example_dags/tutorial_etl_dag.py took 0.083 seconds
[2024-04-06 13:23:49,830] {processor.py:153} INFO - Started process (PID=5310) to work on /opt/conda/lib/python3.8/site-packages/airflow/example_dags/tutorial_etl_dag.py
[2024-04-06 13:23:49,832] {processor.py:641} INFO - Processing file /opt/conda/lib/python3.8/site-packages/airflow/example_dags/tutorial_etl_dag.py for tasks to queue
[2024-04-06 13:23:49,832] {logging_mixin.py:115} INFO - [2024-04-06 13:23:49,832] {dagbag.py:508} INFO - Filling up the DagBag from /opt/conda/lib/python3.8/site-packages/airflow/example_dags/tutorial_etl_dag.py
[2024-04-06 13:23:49,840] {processor.py:651} INFO - DAG(s) dict_keys(['tutorial_etl_dag']) retrieved from /opt/conda/lib/python3.8/site-packages/airflow/example_dags/tutorial_etl_dag.py
[2024-04-06 13:23:49,858] {logging_mixin.py:115} INFO - [2024-04-06 13:23:49,857] {dag.py:2420} INFO - Sync 1 DAGs
[2024-04-06 13:23:49,876] {logging_mixin.py:115} INFO - [2024-04-06 13:23:49,876] {dag.py:2968} INFO - Setting next_dagrun for tutorial_etl_dag to None, run_after=None
[2024-04-06 13:23:49,902] {processor.py:161} INFO - Processing /opt/conda/lib/python3.8/site-packages/airflow/example_dags/tutorial_etl_dag.py took 0.075 seconds
[2024-04-06 13:24:40,311] {processor.py:153} INFO - Started process (PID=5412) to work on /opt/conda/lib/python3.8/site-packages/airflow/example_dags/tutorial_etl_dag.py
[2024-04-06 13:24:40,316] {processor.py:641} INFO - Processing file /opt/conda/lib/python3.8/site-packages/airflow/example_dags/tutorial_etl_dag.py for tasks to queue
[2024-04-06 13:24:40,317] {logging_mixin.py:115} INFO - [2024-04-06 13:24:40,317] {dagbag.py:508} INFO - Filling up the DagBag from /opt/conda/lib/python3.8/site-packages/airflow/example_dags/tutorial_etl_dag.py
[2024-04-06 13:24:40,324] {processor.py:651} INFO - DAG(s) dict_keys(['tutorial_etl_dag']) retrieved from /opt/conda/lib/python3.8/site-packages/airflow/example_dags/tutorial_etl_dag.py
[2024-04-06 13:24:40,340] {logging_mixin.py:115} INFO - [2024-04-06 13:24:40,340] {dag.py:2420} INFO - Sync 1 DAGs
[2024-04-06 13:24:40,354] {logging_mixin.py:115} INFO - [2024-04-06 13:24:40,354] {dag.py:2968} INFO - Setting next_dagrun for tutorial_etl_dag to None, run_after=None
[2024-04-06 13:24:40,945] {processor.py:161} INFO - Processing /opt/conda/lib/python3.8/site-packages/airflow/example_dags/tutorial_etl_dag.py took 0.637 seconds
[2024-04-06 13:25:25,561] {processor.py:153} INFO - Started process (PID=5489) to work on /opt/conda/lib/python3.8/site-packages/airflow/example_dags/tutorial_etl_dag.py
[2024-04-06 13:25:25,563] {processor.py:641} INFO - Processing file /opt/conda/lib/python3.8/site-packages/airflow/example_dags/tutorial_etl_dag.py for tasks to queue
[2024-04-06 13:25:25,563] {logging_mixin.py:115} INFO - [2024-04-06 13:25:25,563] {dagbag.py:508} INFO - Filling up the DagBag from /opt/conda/lib/python3.8/site-packages/airflow/example_dags/tutorial_etl_dag.py
[2024-04-06 13:25:25,572] {processor.py:651} INFO - DAG(s) dict_keys(['tutorial_etl_dag']) retrieved from /opt/conda/lib/python3.8/site-packages/airflow/example_dags/tutorial_etl_dag.py
[2024-04-06 13:25:25,589] {logging_mixin.py:115} INFO - [2024-04-06 13:25:25,589] {dag.py:2420} INFO - Sync 1 DAGs
[2024-04-06 13:25:25,604] {logging_mixin.py:115} INFO - [2024-04-06 13:25:25,604] {dag.py:2968} INFO - Setting next_dagrun for tutorial_etl_dag to None, run_after=None
[2024-04-06 13:25:25,759] {processor.py:161} INFO - Processing /opt/conda/lib/python3.8/site-packages/airflow/example_dags/tutorial_etl_dag.py took 0.203 seconds
[2024-04-06 13:26:08,728] {processor.py:153} INFO - Started process (PID=5560) to work on /opt/conda/lib/python3.8/site-packages/airflow/example_dags/tutorial_etl_dag.py
[2024-04-06 13:26:08,729] {processor.py:641} INFO - Processing file /opt/conda/lib/python3.8/site-packages/airflow/example_dags/tutorial_etl_dag.py for tasks to queue
[2024-04-06 13:26:08,730] {logging_mixin.py:115} INFO - [2024-04-06 13:26:08,730] {dagbag.py:508} INFO - Filling up the DagBag from /opt/conda/lib/python3.8/site-packages/airflow/example_dags/tutorial_etl_dag.py
[2024-04-06 13:26:08,737] {processor.py:651} INFO - DAG(s) dict_keys(['tutorial_etl_dag']) retrieved from /opt/conda/lib/python3.8/site-packages/airflow/example_dags/tutorial_etl_dag.py
[2024-04-06 13:26:08,752] {logging_mixin.py:115} INFO - [2024-04-06 13:26:08,752] {dag.py:2420} INFO - Sync 1 DAGs
[2024-04-06 13:26:08,766] {logging_mixin.py:115} INFO - [2024-04-06 13:26:08,766] {dag.py:2968} INFO - Setting next_dagrun for tutorial_etl_dag to None, run_after=None
[2024-04-06 13:26:08,787] {processor.py:161} INFO - Processing /opt/conda/lib/python3.8/site-packages/airflow/example_dags/tutorial_etl_dag.py took 0.062 seconds
[2024-04-06 13:27:02,572] {processor.py:153} INFO - Started process (PID=5655) to work on /opt/conda/lib/python3.8/site-packages/airflow/example_dags/tutorial_etl_dag.py
[2024-04-06 13:27:02,574] {processor.py:641} INFO - Processing file /opt/conda/lib/python3.8/site-packages/airflow/example_dags/tutorial_etl_dag.py for tasks to queue
[2024-04-06 13:27:02,574] {logging_mixin.py:115} INFO - [2024-04-06 13:27:02,574] {dagbag.py:508} INFO - Filling up the DagBag from /opt/conda/lib/python3.8/site-packages/airflow/example_dags/tutorial_etl_dag.py
[2024-04-06 13:27:02,582] {processor.py:651} INFO - DAG(s) dict_keys(['tutorial_etl_dag']) retrieved from /opt/conda/lib/python3.8/site-packages/airflow/example_dags/tutorial_etl_dag.py
[2024-04-06 13:27:02,599] {logging_mixin.py:115} INFO - [2024-04-06 13:27:02,599] {dag.py:2420} INFO - Sync 1 DAGs
[2024-04-06 13:27:02,618] {logging_mixin.py:115} INFO - [2024-04-06 13:27:02,618] {dag.py:2968} INFO - Setting next_dagrun for tutorial_etl_dag to None, run_after=None
[2024-04-06 13:27:02,697] {processor.py:161} INFO - Processing /opt/conda/lib/python3.8/site-packages/airflow/example_dags/tutorial_etl_dag.py took 0.128 seconds
[2024-04-06 13:27:51,358] {processor.py:153} INFO - Started process (PID=5734) to work on /opt/conda/lib/python3.8/site-packages/airflow/example_dags/tutorial_etl_dag.py
[2024-04-06 13:27:51,360] {processor.py:641} INFO - Processing file /opt/conda/lib/python3.8/site-packages/airflow/example_dags/tutorial_etl_dag.py for tasks to queue
[2024-04-06 13:27:51,360] {logging_mixin.py:115} INFO - [2024-04-06 13:27:51,360] {dagbag.py:508} INFO - Filling up the DagBag from /opt/conda/lib/python3.8/site-packages/airflow/example_dags/tutorial_etl_dag.py
[2024-04-06 13:27:51,368] {processor.py:651} INFO - DAG(s) dict_keys(['tutorial_etl_dag']) retrieved from /opt/conda/lib/python3.8/site-packages/airflow/example_dags/tutorial_etl_dag.py
[2024-04-06 13:27:51,385] {logging_mixin.py:115} INFO - [2024-04-06 13:27:51,385] {dag.py:2420} INFO - Sync 1 DAGs
[2024-04-06 13:27:51,404] {logging_mixin.py:115} INFO - [2024-04-06 13:27:51,404] {dag.py:2968} INFO - Setting next_dagrun for tutorial_etl_dag to None, run_after=None
[2024-04-06 13:27:51,429] {processor.py:161} INFO - Processing /opt/conda/lib/python3.8/site-packages/airflow/example_dags/tutorial_etl_dag.py took 0.074 seconds
[2024-04-06 13:28:41,099] {processor.py:153} INFO - Started process (PID=5814) to work on /opt/conda/lib/python3.8/site-packages/airflow/example_dags/tutorial_etl_dag.py
[2024-04-06 13:28:41,101] {processor.py:641} INFO - Processing file /opt/conda/lib/python3.8/site-packages/airflow/example_dags/tutorial_etl_dag.py for tasks to queue
[2024-04-06 13:28:41,101] {logging_mixin.py:115} INFO - [2024-04-06 13:28:41,101] {dagbag.py:508} INFO - Filling up the DagBag from /opt/conda/lib/python3.8/site-packages/airflow/example_dags/tutorial_etl_dag.py
[2024-04-06 13:28:41,109] {processor.py:651} INFO - DAG(s) dict_keys(['tutorial_etl_dag']) retrieved from /opt/conda/lib/python3.8/site-packages/airflow/example_dags/tutorial_etl_dag.py
[2024-04-06 13:28:41,127] {logging_mixin.py:115} INFO - [2024-04-06 13:28:41,127] {dag.py:2420} INFO - Sync 1 DAGs
[2024-04-06 13:28:41,146] {logging_mixin.py:115} INFO - [2024-04-06 13:28:41,146] {dag.py:2968} INFO - Setting next_dagrun for tutorial_etl_dag to None, run_after=None
[2024-04-06 13:28:41,170] {processor.py:161} INFO - Processing /opt/conda/lib/python3.8/site-packages/airflow/example_dags/tutorial_etl_dag.py took 0.075 seconds
[2024-04-06 13:29:31,694] {processor.py:153} INFO - Started process (PID=5906) to work on /opt/conda/lib/python3.8/site-packages/airflow/example_dags/tutorial_etl_dag.py
[2024-04-06 13:29:31,696] {processor.py:641} INFO - Processing file /opt/conda/lib/python3.8/site-packages/airflow/example_dags/tutorial_etl_dag.py for tasks to queue
[2024-04-06 13:29:31,696] {logging_mixin.py:115} INFO - [2024-04-06 13:29:31,696] {dagbag.py:508} INFO - Filling up the DagBag from /opt/conda/lib/python3.8/site-packages/airflow/example_dags/tutorial_etl_dag.py
[2024-04-06 13:29:31,704] {processor.py:651} INFO - DAG(s) dict_keys(['tutorial_etl_dag']) retrieved from /opt/conda/lib/python3.8/site-packages/airflow/example_dags/tutorial_etl_dag.py
[2024-04-06 13:29:31,719] {logging_mixin.py:115} INFO - [2024-04-06 13:29:31,719] {dag.py:2420} INFO - Sync 1 DAGs
[2024-04-06 13:29:31,733] {logging_mixin.py:115} INFO - [2024-04-06 13:29:31,733] {dag.py:2968} INFO - Setting next_dagrun for tutorial_etl_dag to None, run_after=None
[2024-04-06 13:29:31,776] {processor.py:161} INFO - Processing /opt/conda/lib/python3.8/site-packages/airflow/example_dags/tutorial_etl_dag.py took 0.085 seconds
[2024-04-06 13:30:22,140] {processor.py:153} INFO - Started process (PID=6010) to work on /opt/conda/lib/python3.8/site-packages/airflow/example_dags/tutorial_etl_dag.py
[2024-04-06 13:30:22,141] {processor.py:641} INFO - Processing file /opt/conda/lib/python3.8/site-packages/airflow/example_dags/tutorial_etl_dag.py for tasks to queue
[2024-04-06 13:30:22,142] {logging_mixin.py:115} INFO - [2024-04-06 13:30:22,142] {dagbag.py:508} INFO - Filling up the DagBag from /opt/conda/lib/python3.8/site-packages/airflow/example_dags/tutorial_etl_dag.py
[2024-04-06 13:30:22,150] {processor.py:651} INFO - DAG(s) dict_keys(['tutorial_etl_dag']) retrieved from /opt/conda/lib/python3.8/site-packages/airflow/example_dags/tutorial_etl_dag.py
[2024-04-06 13:30:22,167] {logging_mixin.py:115} INFO - [2024-04-06 13:30:22,167] {dag.py:2420} INFO - Sync 1 DAGs
[2024-04-06 13:30:22,186] {logging_mixin.py:115} INFO - [2024-04-06 13:30:22,186] {dag.py:2968} INFO - Setting next_dagrun for tutorial_etl_dag to None, run_after=None
[2024-04-06 13:30:22,209] {processor.py:161} INFO - Processing /opt/conda/lib/python3.8/site-packages/airflow/example_dags/tutorial_etl_dag.py took 0.073 seconds
[2024-04-06 13:31:09,008] {processor.py:153} INFO - Started process (PID=6081) to work on /opt/conda/lib/python3.8/site-packages/airflow/example_dags/tutorial_etl_dag.py
[2024-04-06 13:31:09,010] {processor.py:641} INFO - Processing file /opt/conda/lib/python3.8/site-packages/airflow/example_dags/tutorial_etl_dag.py for tasks to queue
[2024-04-06 13:31:09,010] {logging_mixin.py:115} INFO - [2024-04-06 13:31:09,010] {dagbag.py:508} INFO - Filling up the DagBag from /opt/conda/lib/python3.8/site-packages/airflow/example_dags/tutorial_etl_dag.py
[2024-04-06 13:31:09,018] {processor.py:651} INFO - DAG(s) dict_keys(['tutorial_etl_dag']) retrieved from /opt/conda/lib/python3.8/site-packages/airflow/example_dags/tutorial_etl_dag.py
[2024-04-06 13:31:09,035] {logging_mixin.py:115} INFO - [2024-04-06 13:31:09,035] {dag.py:2420} INFO - Sync 1 DAGs
[2024-04-06 13:31:09,052] {logging_mixin.py:115} INFO - [2024-04-06 13:31:09,052] {dag.py:2968} INFO - Setting next_dagrun for tutorial_etl_dag to None, run_after=None
[2024-04-06 13:31:09,072] {processor.py:161} INFO - Processing /opt/conda/lib/python3.8/site-packages/airflow/example_dags/tutorial_etl_dag.py took 0.068 seconds
[2024-04-06 13:32:01,192] {processor.py:153} INFO - Started process (PID=6171) to work on /opt/conda/lib/python3.8/site-packages/airflow/example_dags/tutorial_etl_dag.py
[2024-04-06 13:32:01,193] {processor.py:641} INFO - Processing file /opt/conda/lib/python3.8/site-packages/airflow/example_dags/tutorial_etl_dag.py for tasks to queue
[2024-04-06 13:32:01,194] {logging_mixin.py:115} INFO - [2024-04-06 13:32:01,194] {dagbag.py:508} INFO - Filling up the DagBag from /opt/conda/lib/python3.8/site-packages/airflow/example_dags/tutorial_etl_dag.py
[2024-04-06 13:32:01,202] {processor.py:651} INFO - DAG(s) dict_keys(['tutorial_etl_dag']) retrieved from /opt/conda/lib/python3.8/site-packages/airflow/example_dags/tutorial_etl_dag.py
[2024-04-06 13:32:01,219] {logging_mixin.py:115} INFO - [2024-04-06 13:32:01,219] {dag.py:2420} INFO - Sync 1 DAGs
[2024-04-06 13:32:01,238] {logging_mixin.py:115} INFO - [2024-04-06 13:32:01,238] {dag.py:2968} INFO - Setting next_dagrun for tutorial_etl_dag to None, run_after=None
[2024-04-06 13:32:01,327] {processor.py:161} INFO - Processing /opt/conda/lib/python3.8/site-packages/airflow/example_dags/tutorial_etl_dag.py took 0.139 seconds
[2024-04-06 13:34:10,810] {processor.py:153} INFO - Started process (PID=6488) to work on /opt/conda/lib/python3.8/site-packages/airflow/example_dags/tutorial_etl_dag.py
[2024-04-06 13:34:10,812] {processor.py:641} INFO - Processing file /opt/conda/lib/python3.8/site-packages/airflow/example_dags/tutorial_etl_dag.py for tasks to queue
[2024-04-06 13:34:10,812] {logging_mixin.py:115} INFO - [2024-04-06 13:34:10,812] {dagbag.py:508} INFO - Filling up the DagBag from /opt/conda/lib/python3.8/site-packages/airflow/example_dags/tutorial_etl_dag.py
[2024-04-06 13:34:10,823] {processor.py:651} INFO - DAG(s) dict_keys(['tutorial_etl_dag']) retrieved from /opt/conda/lib/python3.8/site-packages/airflow/example_dags/tutorial_etl_dag.py
[2024-04-06 13:34:10,944] {logging_mixin.py:115} INFO - [2024-04-06 13:34:10,944] {dag.py:2420} INFO - Sync 1 DAGs
[2024-04-06 13:34:10,955] {logging_mixin.py:115} INFO - [2024-04-06 13:34:10,955] {dag.py:2968} INFO - Setting next_dagrun for tutorial_etl_dag to None, run_after=None
[2024-04-06 13:34:11,072] {processor.py:161} INFO - Processing /opt/conda/lib/python3.8/site-packages/airflow/example_dags/tutorial_etl_dag.py took 0.265 seconds
[2024-04-06 13:35:18,764] {processor.py:153} INFO - Started process (PID=6624) to work on /opt/conda/lib/python3.8/site-packages/airflow/example_dags/tutorial_etl_dag.py
[2024-04-06 13:35:18,765] {processor.py:641} INFO - Processing file /opt/conda/lib/python3.8/site-packages/airflow/example_dags/tutorial_etl_dag.py for tasks to queue
[2024-04-06 13:35:18,766] {logging_mixin.py:115} INFO - [2024-04-06 13:35:18,766] {dagbag.py:508} INFO - Filling up the DagBag from /opt/conda/lib/python3.8/site-packages/airflow/example_dags/tutorial_etl_dag.py
[2024-04-06 13:35:18,777] {processor.py:651} INFO - DAG(s) dict_keys(['tutorial_etl_dag']) retrieved from /opt/conda/lib/python3.8/site-packages/airflow/example_dags/tutorial_etl_dag.py
[2024-04-06 13:35:18,924] {logging_mixin.py:115} INFO - [2024-04-06 13:35:18,924] {dag.py:2420} INFO - Sync 1 DAGs
[2024-04-06 13:35:18,936] {logging_mixin.py:115} INFO - [2024-04-06 13:35:18,936] {dag.py:2968} INFO - Setting next_dagrun for tutorial_etl_dag to None, run_after=None
[2024-04-06 13:35:18,963] {processor.py:161} INFO - Processing /opt/conda/lib/python3.8/site-packages/airflow/example_dags/tutorial_etl_dag.py took 0.202 seconds
[2024-04-06 13:36:30,360] {processor.py:153} INFO - Started process (PID=6776) to work on /opt/conda/lib/python3.8/site-packages/airflow/example_dags/tutorial_etl_dag.py
[2024-04-06 13:36:30,361] {processor.py:641} INFO - Processing file /opt/conda/lib/python3.8/site-packages/airflow/example_dags/tutorial_etl_dag.py for tasks to queue
[2024-04-06 13:36:30,362] {logging_mixin.py:115} INFO - [2024-04-06 13:36:30,362] {dagbag.py:508} INFO - Filling up the DagBag from /opt/conda/lib/python3.8/site-packages/airflow/example_dags/tutorial_etl_dag.py
[2024-04-06 13:36:30,374] {processor.py:651} INFO - DAG(s) dict_keys(['tutorial_etl_dag']) retrieved from /opt/conda/lib/python3.8/site-packages/airflow/example_dags/tutorial_etl_dag.py
[2024-04-06 13:36:30,525] {logging_mixin.py:115} INFO - [2024-04-06 13:36:30,525] {dag.py:2420} INFO - Sync 1 DAGs
[2024-04-06 13:36:30,537] {logging_mixin.py:115} INFO - [2024-04-06 13:36:30,536] {dag.py:2968} INFO - Setting next_dagrun for tutorial_etl_dag to None, run_after=None
[2024-04-06 13:36:30,697] {processor.py:161} INFO - Processing /opt/conda/lib/python3.8/site-packages/airflow/example_dags/tutorial_etl_dag.py took 0.341 seconds
[2024-04-06 13:37:51,078] {processor.py:153} INFO - Started process (PID=6967) to work on /opt/conda/lib/python3.8/site-packages/airflow/example_dags/tutorial_etl_dag.py
[2024-04-06 13:37:51,080] {processor.py:641} INFO - Processing file /opt/conda/lib/python3.8/site-packages/airflow/example_dags/tutorial_etl_dag.py for tasks to queue
[2024-04-06 13:37:51,081] {logging_mixin.py:115} INFO - [2024-04-06 13:37:51,081] {dagbag.py:508} INFO - Filling up the DagBag from /opt/conda/lib/python3.8/site-packages/airflow/example_dags/tutorial_etl_dag.py
[2024-04-06 13:37:51,092] {processor.py:651} INFO - DAG(s) dict_keys(['tutorial_etl_dag']) retrieved from /opt/conda/lib/python3.8/site-packages/airflow/example_dags/tutorial_etl_dag.py
[2024-04-06 13:37:51,234] {logging_mixin.py:115} INFO - [2024-04-06 13:37:51,234] {dag.py:2420} INFO - Sync 1 DAGs
[2024-04-06 13:37:51,245] {logging_mixin.py:115} INFO - [2024-04-06 13:37:51,245] {dag.py:2968} INFO - Setting next_dagrun for tutorial_etl_dag to None, run_after=None
[2024-04-06 13:37:51,538] {processor.py:161} INFO - Processing /opt/conda/lib/python3.8/site-packages/airflow/example_dags/tutorial_etl_dag.py took 0.464 seconds
[2024-04-06 13:38:49,023] {processor.py:153} INFO - Started process (PID=7082) to work on /opt/conda/lib/python3.8/site-packages/airflow/example_dags/tutorial_etl_dag.py
[2024-04-06 13:38:49,025] {processor.py:641} INFO - Processing file /opt/conda/lib/python3.8/site-packages/airflow/example_dags/tutorial_etl_dag.py for tasks to queue
[2024-04-06 13:38:49,025] {logging_mixin.py:115} INFO - [2024-04-06 13:38:49,025] {dagbag.py:508} INFO - Filling up the DagBag from /opt/conda/lib/python3.8/site-packages/airflow/example_dags/tutorial_etl_dag.py
[2024-04-06 13:38:49,037] {processor.py:651} INFO - DAG(s) dict_keys(['tutorial_etl_dag']) retrieved from /opt/conda/lib/python3.8/site-packages/airflow/example_dags/tutorial_etl_dag.py
[2024-04-06 13:38:49,170] {logging_mixin.py:115} INFO - [2024-04-06 13:38:49,170] {dag.py:2420} INFO - Sync 1 DAGs
[2024-04-06 13:38:49,182] {logging_mixin.py:115} INFO - [2024-04-06 13:38:49,182] {dag.py:2968} INFO - Setting next_dagrun for tutorial_etl_dag to None, run_after=None
[2024-04-06 13:38:49,202] {processor.py:161} INFO - Processing /opt/conda/lib/python3.8/site-packages/airflow/example_dags/tutorial_etl_dag.py took 0.183 seconds
[2024-04-06 13:40:10,214] {processor.py:153} INFO - Started process (PID=7286) to work on /opt/conda/lib/python3.8/site-packages/airflow/example_dags/tutorial_etl_dag.py
[2024-04-06 13:40:10,216] {processor.py:641} INFO - Processing file /opt/conda/lib/python3.8/site-packages/airflow/example_dags/tutorial_etl_dag.py for tasks to queue
[2024-04-06 13:40:10,216] {logging_mixin.py:115} INFO - [2024-04-06 13:40:10,216] {dagbag.py:508} INFO - Filling up the DagBag from /opt/conda/lib/python3.8/site-packages/airflow/example_dags/tutorial_etl_dag.py
[2024-04-06 13:40:10,227] {processor.py:651} INFO - DAG(s) dict_keys(['tutorial_etl_dag']) retrieved from /opt/conda/lib/python3.8/site-packages/airflow/example_dags/tutorial_etl_dag.py
[2024-04-06 13:40:10,352] {logging_mixin.py:115} INFO - [2024-04-06 13:40:10,352] {dag.py:2420} INFO - Sync 1 DAGs
[2024-04-06 13:40:10,363] {logging_mixin.py:115} INFO - [2024-04-06 13:40:10,363] {dag.py:2968} INFO - Setting next_dagrun for tutorial_etl_dag to None, run_after=None
[2024-04-06 13:40:10,385] {processor.py:161} INFO - Processing /opt/conda/lib/python3.8/site-packages/airflow/example_dags/tutorial_etl_dag.py took 0.174 seconds
[2024-04-06 13:41:07,615] {processor.py:153} INFO - Started process (PID=7397) to work on /opt/conda/lib/python3.8/site-packages/airflow/example_dags/tutorial_etl_dag.py
[2024-04-06 13:41:07,617] {processor.py:641} INFO - Processing file /opt/conda/lib/python3.8/site-packages/airflow/example_dags/tutorial_etl_dag.py for tasks to queue
[2024-04-06 13:41:07,617] {logging_mixin.py:115} INFO - [2024-04-06 13:41:07,617] {dagbag.py:508} INFO - Filling up the DagBag from /opt/conda/lib/python3.8/site-packages/airflow/example_dags/tutorial_etl_dag.py
[2024-04-06 13:41:07,625] {processor.py:651} INFO - DAG(s) dict_keys(['tutorial_etl_dag']) retrieved from /opt/conda/lib/python3.8/site-packages/airflow/example_dags/tutorial_etl_dag.py
[2024-04-06 13:41:07,747] {logging_mixin.py:115} INFO - [2024-04-06 13:41:07,747] {dag.py:2420} INFO - Sync 1 DAGs
[2024-04-06 13:41:07,758] {logging_mixin.py:115} INFO - [2024-04-06 13:41:07,757] {dag.py:2968} INFO - Setting next_dagrun for tutorial_etl_dag to None, run_after=None
[2024-04-06 13:41:07,776] {processor.py:161} INFO - Processing /opt/conda/lib/python3.8/site-packages/airflow/example_dags/tutorial_etl_dag.py took 0.164 seconds
[2024-04-06 13:42:05,482] {processor.py:153} INFO - Started process (PID=7512) to work on /opt/conda/lib/python3.8/site-packages/airflow/example_dags/tutorial_etl_dag.py
[2024-04-06 13:42:05,484] {processor.py:641} INFO - Processing file /opt/conda/lib/python3.8/site-packages/airflow/example_dags/tutorial_etl_dag.py for tasks to queue
[2024-04-06 13:42:05,484] {logging_mixin.py:115} INFO - [2024-04-06 13:42:05,484] {dagbag.py:508} INFO - Filling up the DagBag from /opt/conda/lib/python3.8/site-packages/airflow/example_dags/tutorial_etl_dag.py
[2024-04-06 13:42:05,491] {processor.py:651} INFO - DAG(s) dict_keys(['tutorial_etl_dag']) retrieved from /opt/conda/lib/python3.8/site-packages/airflow/example_dags/tutorial_etl_dag.py
[2024-04-06 13:42:05,618] {logging_mixin.py:115} INFO - [2024-04-06 13:42:05,618] {dag.py:2420} INFO - Sync 1 DAGs
[2024-04-06 13:42:05,629] {logging_mixin.py:115} INFO - [2024-04-06 13:42:05,629] {dag.py:2968} INFO - Setting next_dagrun for tutorial_etl_dag to None, run_after=None
[2024-04-06 13:42:05,648] {processor.py:161} INFO - Processing /opt/conda/lib/python3.8/site-packages/airflow/example_dags/tutorial_etl_dag.py took 0.170 seconds
[2024-04-06 13:43:24,223] {processor.py:153} INFO - Started process (PID=7641) to work on /opt/conda/lib/python3.8/site-packages/airflow/example_dags/tutorial_etl_dag.py
[2024-04-06 13:43:24,224] {processor.py:641} INFO - Processing file /opt/conda/lib/python3.8/site-packages/airflow/example_dags/tutorial_etl_dag.py for tasks to queue
[2024-04-06 13:43:24,225] {logging_mixin.py:115} INFO - [2024-04-06 13:43:24,225] {dagbag.py:508} INFO - Filling up the DagBag from /opt/conda/lib/python3.8/site-packages/airflow/example_dags/tutorial_etl_dag.py
[2024-04-06 13:43:24,232] {processor.py:651} INFO - DAG(s) dict_keys(['tutorial_etl_dag']) retrieved from /opt/conda/lib/python3.8/site-packages/airflow/example_dags/tutorial_etl_dag.py
[2024-04-06 13:43:24,357] {logging_mixin.py:115} INFO - [2024-04-06 13:43:24,356] {dag.py:2420} INFO - Sync 1 DAGs
[2024-04-06 13:43:24,367] {logging_mixin.py:115} INFO - [2024-04-06 13:43:24,367] {dag.py:2968} INFO - Setting next_dagrun for tutorial_etl_dag to None, run_after=None
[2024-04-06 13:43:24,385] {processor.py:161} INFO - Processing /opt/conda/lib/python3.8/site-packages/airflow/example_dags/tutorial_etl_dag.py took 0.165 seconds
[2024-04-06 13:44:23,327] {processor.py:153} INFO - Started process (PID=7750) to work on /opt/conda/lib/python3.8/site-packages/airflow/example_dags/tutorial_etl_dag.py
[2024-04-06 13:44:23,329] {processor.py:641} INFO - Processing file /opt/conda/lib/python3.8/site-packages/airflow/example_dags/tutorial_etl_dag.py for tasks to queue
[2024-04-06 13:44:23,330] {logging_mixin.py:115} INFO - [2024-04-06 13:44:23,329] {dagbag.py:508} INFO - Filling up the DagBag from /opt/conda/lib/python3.8/site-packages/airflow/example_dags/tutorial_etl_dag.py
[2024-04-06 13:44:23,337] {processor.py:651} INFO - DAG(s) dict_keys(['tutorial_etl_dag']) retrieved from /opt/conda/lib/python3.8/site-packages/airflow/example_dags/tutorial_etl_dag.py
[2024-04-06 13:44:23,457] {logging_mixin.py:115} INFO - [2024-04-06 13:44:23,457] {dag.py:2420} INFO - Sync 1 DAGs
[2024-04-06 13:44:23,467] {logging_mixin.py:115} INFO - [2024-04-06 13:44:23,467] {dag.py:2968} INFO - Setting next_dagrun for tutorial_etl_dag to None, run_after=None
[2024-04-06 13:44:23,486] {processor.py:161} INFO - Processing /opt/conda/lib/python3.8/site-packages/airflow/example_dags/tutorial_etl_dag.py took 0.162 seconds
[2024-04-06 13:45:16,926] {processor.py:153} INFO - Started process (PID=7857) to work on /opt/conda/lib/python3.8/site-packages/airflow/example_dags/tutorial_etl_dag.py
[2024-04-06 13:45:16,928] {processor.py:641} INFO - Processing file /opt/conda/lib/python3.8/site-packages/airflow/example_dags/tutorial_etl_dag.py for tasks to queue
[2024-04-06 13:45:16,929] {logging_mixin.py:115} INFO - [2024-04-06 13:45:16,929] {dagbag.py:508} INFO - Filling up the DagBag from /opt/conda/lib/python3.8/site-packages/airflow/example_dags/tutorial_etl_dag.py
[2024-04-06 13:45:16,936] {processor.py:651} INFO - DAG(s) dict_keys(['tutorial_etl_dag']) retrieved from /opt/conda/lib/python3.8/site-packages/airflow/example_dags/tutorial_etl_dag.py
[2024-04-06 13:45:17,073] {logging_mixin.py:115} INFO - [2024-04-06 13:45:17,073] {dag.py:2420} INFO - Sync 1 DAGs
[2024-04-06 13:45:17,083] {logging_mixin.py:115} INFO - [2024-04-06 13:45:17,083] {dag.py:2968} INFO - Setting next_dagrun for tutorial_etl_dag to None, run_after=None
[2024-04-06 13:45:17,103] {processor.py:161} INFO - Processing /opt/conda/lib/python3.8/site-packages/airflow/example_dags/tutorial_etl_dag.py took 0.180 seconds
[2024-04-06 13:46:08,679] {processor.py:153} INFO - Started process (PID=7963) to work on /opt/conda/lib/python3.8/site-packages/airflow/example_dags/tutorial_etl_dag.py
[2024-04-06 13:46:08,681] {processor.py:641} INFO - Processing file /opt/conda/lib/python3.8/site-packages/airflow/example_dags/tutorial_etl_dag.py for tasks to queue
[2024-04-06 13:46:08,681] {logging_mixin.py:115} INFO - [2024-04-06 13:46:08,681] {dagbag.py:508} INFO - Filling up the DagBag from /opt/conda/lib/python3.8/site-packages/airflow/example_dags/tutorial_etl_dag.py
[2024-04-06 13:46:08,689] {processor.py:651} INFO - DAG(s) dict_keys(['tutorial_etl_dag']) retrieved from /opt/conda/lib/python3.8/site-packages/airflow/example_dags/tutorial_etl_dag.py
[2024-04-06 13:46:08,704] {logging_mixin.py:115} INFO - [2024-04-06 13:46:08,704] {dag.py:2420} INFO - Sync 1 DAGs
[2024-04-06 13:46:08,719] {logging_mixin.py:115} INFO - [2024-04-06 13:46:08,719] {dag.py:2968} INFO - Setting next_dagrun for tutorial_etl_dag to None, run_after=None
[2024-04-06 13:46:08,760] {processor.py:161} INFO - Processing /opt/conda/lib/python3.8/site-packages/airflow/example_dags/tutorial_etl_dag.py took 0.084 seconds
[2024-04-06 13:47:18,003] {processor.py:153} INFO - Started process (PID=8103) to work on /opt/conda/lib/python3.8/site-packages/airflow/example_dags/tutorial_etl_dag.py
[2024-04-06 13:47:18,005] {processor.py:641} INFO - Processing file /opt/conda/lib/python3.8/site-packages/airflow/example_dags/tutorial_etl_dag.py for tasks to queue
[2024-04-06 13:47:18,005] {logging_mixin.py:115} INFO - [2024-04-06 13:47:18,005] {dagbag.py:508} INFO - Filling up the DagBag from /opt/conda/lib/python3.8/site-packages/airflow/example_dags/tutorial_etl_dag.py
[2024-04-06 13:47:18,013] {processor.py:651} INFO - DAG(s) dict_keys(['tutorial_etl_dag']) retrieved from /opt/conda/lib/python3.8/site-packages/airflow/example_dags/tutorial_etl_dag.py
[2024-04-06 13:47:18,028] {logging_mixin.py:115} INFO - [2024-04-06 13:47:18,028] {dag.py:2420} INFO - Sync 1 DAGs
[2024-04-06 13:47:18,043] {logging_mixin.py:115} INFO - [2024-04-06 13:47:18,043] {dag.py:2968} INFO - Setting next_dagrun for tutorial_etl_dag to None, run_after=None
[2024-04-06 13:47:18,063] {processor.py:161} INFO - Processing /opt/conda/lib/python3.8/site-packages/airflow/example_dags/tutorial_etl_dag.py took 0.063 seconds
[2024-04-06 13:48:31,278] {processor.py:153} INFO - Started process (PID=8273) to work on /opt/conda/lib/python3.8/site-packages/airflow/example_dags/tutorial_etl_dag.py
[2024-04-06 13:48:31,280] {processor.py:641} INFO - Processing file /opt/conda/lib/python3.8/site-packages/airflow/example_dags/tutorial_etl_dag.py for tasks to queue
[2024-04-06 13:48:31,280] {logging_mixin.py:115} INFO - [2024-04-06 13:48:31,280] {dagbag.py:508} INFO - Filling up the DagBag from /opt/conda/lib/python3.8/site-packages/airflow/example_dags/tutorial_etl_dag.py
[2024-04-06 13:48:31,288] {processor.py:651} INFO - DAG(s) dict_keys(['tutorial_etl_dag']) retrieved from /opt/conda/lib/python3.8/site-packages/airflow/example_dags/tutorial_etl_dag.py
[2024-04-06 13:48:31,305] {logging_mixin.py:115} INFO - [2024-04-06 13:48:31,305] {dag.py:2420} INFO - Sync 1 DAGs
[2024-04-06 13:48:31,323] {logging_mixin.py:115} INFO - [2024-04-06 13:48:31,323] {dag.py:2968} INFO - Setting next_dagrun for tutorial_etl_dag to None, run_after=None
[2024-04-06 13:48:31,345] {processor.py:161} INFO - Processing /opt/conda/lib/python3.8/site-packages/airflow/example_dags/tutorial_etl_dag.py took 0.071 seconds
[2024-04-06 13:49:44,227] {processor.py:153} INFO - Started process (PID=8414) to work on /opt/conda/lib/python3.8/site-packages/airflow/example_dags/tutorial_etl_dag.py
[2024-04-06 13:49:44,228] {processor.py:641} INFO - Processing file /opt/conda/lib/python3.8/site-packages/airflow/example_dags/tutorial_etl_dag.py for tasks to queue
[2024-04-06 13:49:44,229] {logging_mixin.py:115} INFO - [2024-04-06 13:49:44,229] {dagbag.py:508} INFO - Filling up the DagBag from /opt/conda/lib/python3.8/site-packages/airflow/example_dags/tutorial_etl_dag.py
[2024-04-06 13:49:44,237] {processor.py:651} INFO - DAG(s) dict_keys(['tutorial_etl_dag']) retrieved from /opt/conda/lib/python3.8/site-packages/airflow/example_dags/tutorial_etl_dag.py
[2024-04-06 13:49:44,253] {logging_mixin.py:115} INFO - [2024-04-06 13:49:44,253] {dag.py:2420} INFO - Sync 1 DAGs
[2024-04-06 13:49:44,268] {logging_mixin.py:115} INFO - [2024-04-06 13:49:44,268] {dag.py:2968} INFO - Setting next_dagrun for tutorial_etl_dag to None, run_after=None
[2024-04-06 13:49:44,288] {processor.py:161} INFO - Processing /opt/conda/lib/python3.8/site-packages/airflow/example_dags/tutorial_etl_dag.py took 0.065 seconds
[2024-04-06 13:50:35,406] {processor.py:153} INFO - Started process (PID=8521) to work on /opt/conda/lib/python3.8/site-packages/airflow/example_dags/tutorial_etl_dag.py
[2024-04-06 13:50:35,408] {processor.py:641} INFO - Processing file /opt/conda/lib/python3.8/site-packages/airflow/example_dags/tutorial_etl_dag.py for tasks to queue
[2024-04-06 13:50:35,408] {logging_mixin.py:115} INFO - [2024-04-06 13:50:35,408] {dagbag.py:508} INFO - Filling up the DagBag from /opt/conda/lib/python3.8/site-packages/airflow/example_dags/tutorial_etl_dag.py
[2024-04-06 13:50:35,417] {processor.py:651} INFO - DAG(s) dict_keys(['tutorial_etl_dag']) retrieved from /opt/conda/lib/python3.8/site-packages/airflow/example_dags/tutorial_etl_dag.py
[2024-04-06 13:50:35,433] {logging_mixin.py:115} INFO - [2024-04-06 13:50:35,433] {dag.py:2420} INFO - Sync 1 DAGs
[2024-04-06 13:50:35,450] {logging_mixin.py:115} INFO - [2024-04-06 13:50:35,450] {dag.py:2968} INFO - Setting next_dagrun for tutorial_etl_dag to None, run_after=None
[2024-04-06 13:50:35,471] {processor.py:161} INFO - Processing /opt/conda/lib/python3.8/site-packages/airflow/example_dags/tutorial_etl_dag.py took 0.069 seconds
[2024-04-06 13:51:45,767] {processor.py:153} INFO - Started process (PID=8690) to work on /opt/conda/lib/python3.8/site-packages/airflow/example_dags/tutorial_etl_dag.py
[2024-04-06 13:51:45,768] {processor.py:641} INFO - Processing file /opt/conda/lib/python3.8/site-packages/airflow/example_dags/tutorial_etl_dag.py for tasks to queue
[2024-04-06 13:51:45,769] {logging_mixin.py:115} INFO - [2024-04-06 13:51:45,769] {dagbag.py:508} INFO - Filling up the DagBag from /opt/conda/lib/python3.8/site-packages/airflow/example_dags/tutorial_etl_dag.py
[2024-04-06 13:51:45,777] {processor.py:651} INFO - DAG(s) dict_keys(['tutorial_etl_dag']) retrieved from /opt/conda/lib/python3.8/site-packages/airflow/example_dags/tutorial_etl_dag.py
[2024-04-06 13:51:45,795] {logging_mixin.py:115} INFO - [2024-04-06 13:51:45,795] {dag.py:2420} INFO - Sync 1 DAGs
[2024-04-06 13:51:45,812] {logging_mixin.py:115} INFO - [2024-04-06 13:51:45,812] {dag.py:2968} INFO - Setting next_dagrun for tutorial_etl_dag to None, run_after=None
[2024-04-06 13:51:45,835] {processor.py:161} INFO - Processing /opt/conda/lib/python3.8/site-packages/airflow/example_dags/tutorial_etl_dag.py took 0.072 seconds
