[2024-04-01 15:08:16,228] {taskinstance.py:1179} INFO - Dependencies all met for <TaskInstance: Lead_Scoring_Data_Engineering_Pipeline.mapping_interactions scheduled__2024-03-31T00:00:00+00:00 [queued]>
[2024-04-01 15:08:16,233] {taskinstance.py:1179} INFO - Dependencies all met for <TaskInstance: Lead_Scoring_Data_Engineering_Pipeline.mapping_interactions scheduled__2024-03-31T00:00:00+00:00 [queued]>
[2024-04-01 15:08:16,233] {taskinstance.py:1376} INFO - 
--------------------------------------------------------------------------------
[2024-04-01 15:08:16,233] {taskinstance.py:1377} INFO - Starting attempt 1 of 2
[2024-04-01 15:08:16,233] {taskinstance.py:1378} INFO - 
--------------------------------------------------------------------------------
[2024-04-01 15:08:16,258] {taskinstance.py:1397} INFO - Executing <Task(PythonOperator): mapping_interactions> on 2024-03-31 00:00:00+00:00
[2024-04-01 15:08:16,263] {standard_task_runner.py:52} INFO - Started process 5124 to run task
[2024-04-01 15:08:16,266] {standard_task_runner.py:79} INFO - Running: ['airflow', 'tasks', 'run', 'Lead_Scoring_Data_Engineering_Pipeline', 'mapping_interactions', 'scheduled__2024-03-31T00:00:00+00:00', '--job-id', '26', '--raw', '--subdir', 'DAGS_FOLDER/lead_scoring_data_pipeline/.ipynb_checkpoints/lead_scoring_data_pipeline-checkpoint.py', '--cfg-path', '/tmp/tmpbzkjb5h4', '--error-file', '/tmp/tmp00qz2otj']
[2024-04-01 15:08:16,267] {standard_task_runner.py:80} INFO - Job 26: Subtask mapping_interactions
[2024-04-01 15:08:16,310] {task_command.py:371} INFO - Running <TaskInstance: Lead_Scoring_Data_Engineering_Pipeline.mapping_interactions scheduled__2024-03-31T00:00:00+00:00 [running]> on host ac2457c935b6
[2024-04-01 15:08:16,366] {taskinstance.py:1589} INFO - Exporting the following env vars:
AIRFLOW_CTX_DAG_OWNER=airflow
AIRFLOW_CTX_DAG_ID=Lead_Scoring_Data_Engineering_Pipeline
AIRFLOW_CTX_TASK_ID=mapping_interactions
AIRFLOW_CTX_EXECUTION_DATE=2024-03-31T00:00:00+00:00
AIRFLOW_CTX_TRY_NUMBER=1
AIRFLOW_CTX_DAG_RUN_ID=scheduled__2024-03-31T00:00:00+00:00
[2024-04-01 15:08:16,370] {logging_mixin.py:115} INFO - model_input and interactions_mapped already stored
[2024-04-01 15:08:16,370] {python.py:173} INFO - Done. Returned value was: None
[2024-04-01 15:08:16,375] {taskinstance.py:1415} INFO - Marking task as SUCCESS. dag_id=Lead_Scoring_Data_Engineering_Pipeline, task_id=mapping_interactions, execution_date=20240331T000000, start_date=20240401T150816, end_date=20240401T150816
[2024-04-01 15:08:16,396] {local_task_job.py:156} INFO - Task exited with return code 0
[2024-04-01 15:08:16,426] {local_task_job.py:273} INFO - 1 downstream tasks scheduled from follow-on schedule check
