[2024-04-06 12:44:32,981] {taskinstance.py:1179} INFO - Dependencies all met for <TaskInstance: Lead_Scoring_Data_Engineering_Pipeline.building_db scheduled__2024-04-05T00:00:00+00:00 [queued]>
[2024-04-06 12:44:32,986] {taskinstance.py:1179} INFO - Dependencies all met for <TaskInstance: Lead_Scoring_Data_Engineering_Pipeline.building_db scheduled__2024-04-05T00:00:00+00:00 [queued]>
[2024-04-06 12:44:32,986] {taskinstance.py:1376} INFO - 
--------------------------------------------------------------------------------
[2024-04-06 12:44:32,986] {taskinstance.py:1377} INFO - Starting attempt 1 of 2
[2024-04-06 12:44:32,986] {taskinstance.py:1378} INFO - 
--------------------------------------------------------------------------------
[2024-04-06 12:44:33,003] {taskinstance.py:1397} INFO - Executing <Task(PythonOperator): building_db> on 2024-04-05 00:00:00+00:00
[2024-04-06 12:44:33,006] {standard_task_runner.py:52} INFO - Started process 965 to run task
[2024-04-06 12:44:33,009] {standard_task_runner.py:79} INFO - Running: ['airflow', 'tasks', 'run', 'Lead_Scoring_Data_Engineering_Pipeline', 'building_db', 'scheduled__2024-04-05T00:00:00+00:00', '--job-id', '39', '--raw', '--subdir', 'DAGS_FOLDER/lead_scoring_data_pipeline/.ipynb_checkpoints/lead_scoring_data_pipeline-checkpoint.py', '--cfg-path', '/tmp/tmpi3taqs_u', '--error-file', '/tmp/tmpp5na5api']
[2024-04-06 12:44:33,010] {standard_task_runner.py:80} INFO - Job 39: Subtask building_db
[2024-04-06 12:44:33,051] {task_command.py:371} INFO - Running <TaskInstance: Lead_Scoring_Data_Engineering_Pipeline.building_db scheduled__2024-04-05T00:00:00+00:00 [running]> on host d06a6d5e153b
[2024-04-06 12:44:33,098] {taskinstance.py:1589} INFO - Exporting the following env vars:
AIRFLOW_CTX_DAG_OWNER=airflow
AIRFLOW_CTX_DAG_ID=Lead_Scoring_Data_Engineering_Pipeline
AIRFLOW_CTX_TASK_ID=building_db
AIRFLOW_CTX_EXECUTION_DATE=2024-04-05T00:00:00+00:00
AIRFLOW_CTX_TRY_NUMBER=1
AIRFLOW_CTX_DAG_RUN_ID=scheduled__2024-04-05T00:00:00+00:00
[2024-04-06 12:44:33,099] {logging_mixin.py:115} INFO - DB Already Exsist
[2024-04-06 12:44:33,099] {logging_mixin.py:115} INFO - /home
[2024-04-06 12:44:33,099] {python.py:173} INFO - Done. Returned value was: DB Exsist
[2024-04-06 12:44:33,118] {taskinstance.py:1415} INFO - Marking task as SUCCESS. dag_id=Lead_Scoring_Data_Engineering_Pipeline, task_id=building_db, execution_date=20240405T000000, start_date=20240406T124432, end_date=20240406T124433
[2024-04-06 12:44:33,141] {local_task_job.py:156} INFO - Task exited with return code 0
[2024-04-06 12:44:33,183] {local_task_job.py:273} INFO - 1 downstream tasks scheduled from follow-on schedule check
