[2024-04-08 16:48:43,317] {taskinstance.py:1179} INFO - Dependencies all met for <TaskInstance: Lead_Scoring_Data_Engineering_Pipeline.checking_model_inputs_schema scheduled__2024-04-07T00:00:00+00:00 [queued]>
[2024-04-08 16:48:43,323] {taskinstance.py:1179} INFO - Dependencies all met for <TaskInstance: Lead_Scoring_Data_Engineering_Pipeline.checking_model_inputs_schema scheduled__2024-04-07T00:00:00+00:00 [queued]>
[2024-04-08 16:48:43,323] {taskinstance.py:1376} INFO - 
--------------------------------------------------------------------------------
[2024-04-08 16:48:43,323] {taskinstance.py:1377} INFO - Starting attempt 1 of 2
[2024-04-08 16:48:43,323] {taskinstance.py:1378} INFO - 
--------------------------------------------------------------------------------
[2024-04-08 16:48:43,370] {taskinstance.py:1397} INFO - Executing <Task(PythonOperator): checking_model_inputs_schema> on 2024-04-07 00:00:00+00:00
[2024-04-08 16:48:43,375] {standard_task_runner.py:52} INFO - Started process 4263 to run task
[2024-04-08 16:48:43,379] {standard_task_runner.py:79} INFO - Running: ['airflow', 'tasks', 'run', 'Lead_Scoring_Data_Engineering_Pipeline', 'checking_model_inputs_schema', 'scheduled__2024-04-07T00:00:00+00:00', '--job-id', '97', '--raw', '--subdir', 'DAGS_FOLDER/lead_scoring_data_pipeline/.ipynb_checkpoints/lead_scoring_data_pipeline-checkpoint.py', '--cfg-path', '/tmp/tmpd02_naj3', '--error-file', '/tmp/tmplk0anwi3']
[2024-04-08 16:48:43,381] {standard_task_runner.py:80} INFO - Job 97: Subtask checking_model_inputs_schema
[2024-04-08 16:48:43,438] {task_command.py:371} INFO - Running <TaskInstance: Lead_Scoring_Data_Engineering_Pipeline.checking_model_inputs_schema scheduled__2024-04-07T00:00:00+00:00 [running]> on host 5e833cee3343
[2024-04-08 16:48:43,517] {taskinstance.py:1589} INFO - Exporting the following env vars:
AIRFLOW_CTX_DAG_OWNER=airflow
AIRFLOW_CTX_DAG_ID=Lead_Scoring_Data_Engineering_Pipeline
AIRFLOW_CTX_TASK_ID=checking_model_inputs_schema
AIRFLOW_CTX_EXECUTION_DATE=2024-04-07T00:00:00+00:00
AIRFLOW_CTX_TRY_NUMBER=1
AIRFLOW_CTX_DAG_RUN_ID=scheduled__2024-04-07T00:00:00+00:00
[2024-04-08 16:48:44,074] {logging_mixin.py:115} INFO - Models input schema is in line with the schema present in schema.py
[2024-04-08 16:48:44,099] {python.py:173} INFO - Done. Returned value was: None
[2024-04-08 16:48:44,105] {taskinstance.py:1415} INFO - Marking task as SUCCESS. dag_id=Lead_Scoring_Data_Engineering_Pipeline, task_id=checking_model_inputs_schema, execution_date=20240407T000000, start_date=20240408T164843, end_date=20240408T164844
[2024-04-08 16:48:44,193] {local_task_job.py:156} INFO - Task exited with return code 0
[2024-04-08 16:48:44,235] {local_task_job.py:273} INFO - 0 downstream tasks scheduled from follow-on schedule check
