[2024-04-06 13:35:39,683] {processor.py:153} INFO - Started process (PID=6677) to work on /home/airflow/dags/lead_scoring_inference_pipeline/constants.py
[2024-04-06 13:35:39,683] {processor.py:641} INFO - Processing file /home/airflow/dags/lead_scoring_inference_pipeline/constants.py for tasks to queue
[2024-04-06 13:35:39,684] {logging_mixin.py:115} INFO - [2024-04-06 13:35:39,684] {dagbag.py:508} INFO - Filling up the DagBag from /home/airflow/dags/lead_scoring_inference_pipeline/constants.py
[2024-04-06 13:35:39,685] {processor.py:653} WARNING - No viable dags retrieved from /home/airflow/dags/lead_scoring_inference_pipeline/constants.py
[2024-04-06 13:35:39,693] {processor.py:161} INFO - Processing /home/airflow/dags/lead_scoring_inference_pipeline/constants.py took 0.013 seconds
[2024-04-06 13:37:05,043] {processor.py:153} INFO - Started process (PID=6860) to work on /home/airflow/dags/lead_scoring_inference_pipeline/constants.py
[2024-04-06 13:37:05,045] {processor.py:641} INFO - Processing file /home/airflow/dags/lead_scoring_inference_pipeline/constants.py for tasks to queue
[2024-04-06 13:37:05,045] {logging_mixin.py:115} INFO - [2024-04-06 13:37:05,045] {dagbag.py:508} INFO - Filling up the DagBag from /home/airflow/dags/lead_scoring_inference_pipeline/constants.py
[2024-04-06 13:37:05,047] {processor.py:653} WARNING - No viable dags retrieved from /home/airflow/dags/lead_scoring_inference_pipeline/constants.py
[2024-04-06 13:37:05,059] {processor.py:161} INFO - Processing /home/airflow/dags/lead_scoring_inference_pipeline/constants.py took 0.018 seconds
[2024-04-06 13:37:57,631] {processor.py:153} INFO - Started process (PID=6973) to work on /home/airflow/dags/lead_scoring_inference_pipeline/constants.py
[2024-04-06 13:37:57,634] {processor.py:641} INFO - Processing file /home/airflow/dags/lead_scoring_inference_pipeline/constants.py for tasks to queue
[2024-04-06 13:37:57,635] {logging_mixin.py:115} INFO - [2024-04-06 13:37:57,635] {dagbag.py:508} INFO - Filling up the DagBag from /home/airflow/dags/lead_scoring_inference_pipeline/constants.py
[2024-04-06 13:37:57,636] {processor.py:653} WARNING - No viable dags retrieved from /home/airflow/dags/lead_scoring_inference_pipeline/constants.py
[2024-04-06 13:37:57,650] {processor.py:161} INFO - Processing /home/airflow/dags/lead_scoring_inference_pipeline/constants.py took 0.022 seconds
[2024-04-06 13:38:53,955] {processor.py:153} INFO - Started process (PID=7090) to work on /home/airflow/dags/lead_scoring_inference_pipeline/constants.py
[2024-04-06 13:38:53,957] {processor.py:641} INFO - Processing file /home/airflow/dags/lead_scoring_inference_pipeline/constants.py for tasks to queue
[2024-04-06 13:38:53,957] {logging_mixin.py:115} INFO - [2024-04-06 13:38:53,957] {dagbag.py:508} INFO - Filling up the DagBag from /home/airflow/dags/lead_scoring_inference_pipeline/constants.py
[2024-04-06 13:38:53,959] {processor.py:653} WARNING - No viable dags retrieved from /home/airflow/dags/lead_scoring_inference_pipeline/constants.py
[2024-04-06 13:38:53,974] {processor.py:161} INFO - Processing /home/airflow/dags/lead_scoring_inference_pipeline/constants.py took 0.022 seconds
[2024-04-06 13:39:47,539] {processor.py:153} INFO - Started process (PID=7205) to work on /home/airflow/dags/lead_scoring_inference_pipeline/constants.py
[2024-04-06 13:39:47,541] {processor.py:641} INFO - Processing file /home/airflow/dags/lead_scoring_inference_pipeline/constants.py for tasks to queue
[2024-04-06 13:39:47,541] {logging_mixin.py:115} INFO - [2024-04-06 13:39:47,541] {dagbag.py:508} INFO - Filling up the DagBag from /home/airflow/dags/lead_scoring_inference_pipeline/constants.py
[2024-04-06 13:39:47,543] {processor.py:653} WARNING - No viable dags retrieved from /home/airflow/dags/lead_scoring_inference_pipeline/constants.py
[2024-04-06 13:39:47,558] {processor.py:161} INFO - Processing /home/airflow/dags/lead_scoring_inference_pipeline/constants.py took 0.022 seconds
[2024-04-06 13:40:17,843] {processor.py:153} INFO - Started process (PID=7293) to work on /home/airflow/dags/lead_scoring_inference_pipeline/constants.py
[2024-04-06 13:40:17,845] {processor.py:641} INFO - Processing file /home/airflow/dags/lead_scoring_inference_pipeline/constants.py for tasks to queue
[2024-04-06 13:40:17,845] {logging_mixin.py:115} INFO - [2024-04-06 13:40:17,845] {dagbag.py:508} INFO - Filling up the DagBag from /home/airflow/dags/lead_scoring_inference_pipeline/constants.py
[2024-04-06 13:40:17,847] {processor.py:653} WARNING - No viable dags retrieved from /home/airflow/dags/lead_scoring_inference_pipeline/constants.py
[2024-04-06 13:40:17,860] {processor.py:161} INFO - Processing /home/airflow/dags/lead_scoring_inference_pipeline/constants.py took 0.021 seconds
[2024-04-06 13:41:14,547] {processor.py:153} INFO - Started process (PID=7403) to work on /home/airflow/dags/lead_scoring_inference_pipeline/constants.py
[2024-04-06 13:41:14,548] {processor.py:641} INFO - Processing file /home/airflow/dags/lead_scoring_inference_pipeline/constants.py for tasks to queue
[2024-04-06 13:41:14,549] {logging_mixin.py:115} INFO - [2024-04-06 13:41:14,549] {dagbag.py:508} INFO - Filling up the DagBag from /home/airflow/dags/lead_scoring_inference_pipeline/constants.py
[2024-04-06 13:41:14,550] {processor.py:653} WARNING - No viable dags retrieved from /home/airflow/dags/lead_scoring_inference_pipeline/constants.py
[2024-04-06 13:41:14,561] {processor.py:161} INFO - Processing /home/airflow/dags/lead_scoring_inference_pipeline/constants.py took 0.018 seconds
[2024-04-06 13:42:15,263] {processor.py:153} INFO - Started process (PID=7518) to work on /home/airflow/dags/lead_scoring_inference_pipeline/constants.py
[2024-04-06 13:42:15,265] {processor.py:641} INFO - Processing file /home/airflow/dags/lead_scoring_inference_pipeline/constants.py for tasks to queue
[2024-04-06 13:42:15,266] {logging_mixin.py:115} INFO - [2024-04-06 13:42:15,266] {dagbag.py:508} INFO - Filling up the DagBag from /home/airflow/dags/lead_scoring_inference_pipeline/constants.py
[2024-04-06 13:42:15,267] {processor.py:653} WARNING - No viable dags retrieved from /home/airflow/dags/lead_scoring_inference_pipeline/constants.py
[2024-04-06 13:42:15,279] {processor.py:161} INFO - Processing /home/airflow/dags/lead_scoring_inference_pipeline/constants.py took 0.019 seconds
[2024-04-06 13:42:54,814] {processor.py:153} INFO - Started process (PID=7558) to work on /home/airflow/dags/lead_scoring_inference_pipeline/constants.py
[2024-04-06 13:42:54,816] {processor.py:641} INFO - Processing file /home/airflow/dags/lead_scoring_inference_pipeline/constants.py for tasks to queue
[2024-04-06 13:42:54,817] {logging_mixin.py:115} INFO - [2024-04-06 13:42:54,816] {dagbag.py:508} INFO - Filling up the DagBag from /home/airflow/dags/lead_scoring_inference_pipeline/constants.py
[2024-04-06 13:42:54,818] {processor.py:653} WARNING - No viable dags retrieved from /home/airflow/dags/lead_scoring_inference_pipeline/constants.py
[2024-04-06 13:42:54,830] {processor.py:161} INFO - Processing /home/airflow/dags/lead_scoring_inference_pipeline/constants.py took 0.019 seconds
[2024-04-06 13:43:30,782] {processor.py:153} INFO - Started process (PID=7647) to work on /home/airflow/dags/lead_scoring_inference_pipeline/constants.py
[2024-04-06 13:43:30,783] {processor.py:641} INFO - Processing file /home/airflow/dags/lead_scoring_inference_pipeline/constants.py for tasks to queue
[2024-04-06 13:43:30,784] {logging_mixin.py:115} INFO - [2024-04-06 13:43:30,784] {dagbag.py:508} INFO - Filling up the DagBag from /home/airflow/dags/lead_scoring_inference_pipeline/constants.py
[2024-04-06 13:43:30,785] {processor.py:653} WARNING - No viable dags retrieved from /home/airflow/dags/lead_scoring_inference_pipeline/constants.py
[2024-04-06 13:43:30,795] {processor.py:161} INFO - Processing /home/airflow/dags/lead_scoring_inference_pipeline/constants.py took 0.017 seconds
[2024-04-06 13:44:27,742] {processor.py:153} INFO - Started process (PID=7755) to work on /home/airflow/dags/lead_scoring_inference_pipeline/constants.py
[2024-04-06 13:44:27,744] {processor.py:641} INFO - Processing file /home/airflow/dags/lead_scoring_inference_pipeline/constants.py for tasks to queue
[2024-04-06 13:44:27,745] {logging_mixin.py:115} INFO - [2024-04-06 13:44:27,745] {dagbag.py:508} INFO - Filling up the DagBag from /home/airflow/dags/lead_scoring_inference_pipeline/constants.py
[2024-04-06 13:44:27,746] {processor.py:653} WARNING - No viable dags retrieved from /home/airflow/dags/lead_scoring_inference_pipeline/constants.py
[2024-04-06 13:44:27,758] {processor.py:161} INFO - Processing /home/airflow/dags/lead_scoring_inference_pipeline/constants.py took 0.019 seconds
[2024-04-06 13:45:22,125] {processor.py:153} INFO - Started process (PID=7862) to work on /home/airflow/dags/lead_scoring_inference_pipeline/constants.py
[2024-04-06 13:45:22,126] {processor.py:641} INFO - Processing file /home/airflow/dags/lead_scoring_inference_pipeline/constants.py for tasks to queue
[2024-04-06 13:45:22,127] {logging_mixin.py:115} INFO - [2024-04-06 13:45:22,127] {dagbag.py:508} INFO - Filling up the DagBag from /home/airflow/dags/lead_scoring_inference_pipeline/constants.py
[2024-04-06 13:45:22,128] {processor.py:653} WARNING - No viable dags retrieved from /home/airflow/dags/lead_scoring_inference_pipeline/constants.py
[2024-04-06 13:45:22,141] {processor.py:161} INFO - Processing /home/airflow/dags/lead_scoring_inference_pipeline/constants.py took 0.020 seconds
[2024-04-06 13:46:12,059] {processor.py:153} INFO - Started process (PID=7967) to work on /home/airflow/dags/lead_scoring_inference_pipeline/constants.py
[2024-04-06 13:46:12,068] {processor.py:641} INFO - Processing file /home/airflow/dags/lead_scoring_inference_pipeline/constants.py for tasks to queue
[2024-04-06 13:46:12,068] {logging_mixin.py:115} INFO - [2024-04-06 13:46:12,068] {dagbag.py:508} INFO - Filling up the DagBag from /home/airflow/dags/lead_scoring_inference_pipeline/constants.py
[2024-04-06 13:46:12,070] {processor.py:653} WARNING - No viable dags retrieved from /home/airflow/dags/lead_scoring_inference_pipeline/constants.py
[2024-04-06 13:46:12,082] {processor.py:161} INFO - Processing /home/airflow/dags/lead_scoring_inference_pipeline/constants.py took 0.027 seconds
[2024-04-06 13:46:58,728] {processor.py:153} INFO - Started process (PID=8069) to work on /home/airflow/dags/lead_scoring_inference_pipeline/constants.py
[2024-04-06 13:46:58,730] {processor.py:641} INFO - Processing file /home/airflow/dags/lead_scoring_inference_pipeline/constants.py for tasks to queue
[2024-04-06 13:46:58,730] {logging_mixin.py:115} INFO - [2024-04-06 13:46:58,730] {dagbag.py:508} INFO - Filling up the DagBag from /home/airflow/dags/lead_scoring_inference_pipeline/constants.py
[2024-04-06 13:46:58,732] {processor.py:653} WARNING - No viable dags retrieved from /home/airflow/dags/lead_scoring_inference_pipeline/constants.py
[2024-04-06 13:46:58,743] {processor.py:161} INFO - Processing /home/airflow/dags/lead_scoring_inference_pipeline/constants.py took 0.019 seconds
[2024-04-06 13:47:45,818] {processor.py:153} INFO - Started process (PID=8172) to work on /home/airflow/dags/lead_scoring_inference_pipeline/constants.py
[2024-04-06 13:47:45,820] {processor.py:641} INFO - Processing file /home/airflow/dags/lead_scoring_inference_pipeline/constants.py for tasks to queue
[2024-04-06 13:47:45,820] {logging_mixin.py:115} INFO - [2024-04-06 13:47:45,820] {dagbag.py:508} INFO - Filling up the DagBag from /home/airflow/dags/lead_scoring_inference_pipeline/constants.py
[2024-04-06 13:47:45,822] {processor.py:653} WARNING - No viable dags retrieved from /home/airflow/dags/lead_scoring_inference_pipeline/constants.py
[2024-04-06 13:47:45,834] {processor.py:161} INFO - Processing /home/airflow/dags/lead_scoring_inference_pipeline/constants.py took 0.019 seconds
[2024-04-06 13:48:35,305] {processor.py:153} INFO - Started process (PID=8277) to work on /home/airflow/dags/lead_scoring_inference_pipeline/constants.py
[2024-04-06 13:48:35,306] {processor.py:641} INFO - Processing file /home/airflow/dags/lead_scoring_inference_pipeline/constants.py for tasks to queue
[2024-04-06 13:48:35,307] {logging_mixin.py:115} INFO - [2024-04-06 13:48:35,307] {dagbag.py:508} INFO - Filling up the DagBag from /home/airflow/dags/lead_scoring_inference_pipeline/constants.py
[2024-04-06 13:48:35,309] {processor.py:653} WARNING - No viable dags retrieved from /home/airflow/dags/lead_scoring_inference_pipeline/constants.py
[2024-04-06 13:48:35,321] {processor.py:161} INFO - Processing /home/airflow/dags/lead_scoring_inference_pipeline/constants.py took 0.020 seconds
[2024-04-06 13:49:23,350] {processor.py:153} INFO - Started process (PID=8381) to work on /home/airflow/dags/lead_scoring_inference_pipeline/constants.py
[2024-04-06 13:49:23,352] {processor.py:641} INFO - Processing file /home/airflow/dags/lead_scoring_inference_pipeline/constants.py for tasks to queue
[2024-04-06 13:49:23,352] {logging_mixin.py:115} INFO - [2024-04-06 13:49:23,352] {dagbag.py:508} INFO - Filling up the DagBag from /home/airflow/dags/lead_scoring_inference_pipeline/constants.py
[2024-04-06 13:49:23,354] {processor.py:653} WARNING - No viable dags retrieved from /home/airflow/dags/lead_scoring_inference_pipeline/constants.py
[2024-04-06 13:49:23,366] {processor.py:161} INFO - Processing /home/airflow/dags/lead_scoring_inference_pipeline/constants.py took 0.019 seconds
[2024-04-06 13:50:14,418] {processor.py:153} INFO - Started process (PID=8486) to work on /home/airflow/dags/lead_scoring_inference_pipeline/constants.py
[2024-04-06 13:50:14,419] {processor.py:641} INFO - Processing file /home/airflow/dags/lead_scoring_inference_pipeline/constants.py for tasks to queue
[2024-04-06 13:50:14,420] {logging_mixin.py:115} INFO - [2024-04-06 13:50:14,420] {dagbag.py:508} INFO - Filling up the DagBag from /home/airflow/dags/lead_scoring_inference_pipeline/constants.py
[2024-04-06 13:50:14,422] {processor.py:653} WARNING - No viable dags retrieved from /home/airflow/dags/lead_scoring_inference_pipeline/constants.py
[2024-04-06 13:50:14,433] {processor.py:161} INFO - Processing /home/airflow/dags/lead_scoring_inference_pipeline/constants.py took 0.019 seconds
[2024-04-06 13:51:01,667] {processor.py:153} INFO - Started process (PID=8590) to work on /home/airflow/dags/lead_scoring_inference_pipeline/constants.py
[2024-04-06 13:51:01,669] {processor.py:641} INFO - Processing file /home/airflow/dags/lead_scoring_inference_pipeline/constants.py for tasks to queue
[2024-04-06 13:51:01,669] {logging_mixin.py:115} INFO - [2024-04-06 13:51:01,669] {dagbag.py:508} INFO - Filling up the DagBag from /home/airflow/dags/lead_scoring_inference_pipeline/constants.py
[2024-04-06 13:51:01,671] {processor.py:653} WARNING - No viable dags retrieved from /home/airflow/dags/lead_scoring_inference_pipeline/constants.py
[2024-04-06 13:51:01,682] {processor.py:161} INFO - Processing /home/airflow/dags/lead_scoring_inference_pipeline/constants.py took 0.018 seconds
[2024-04-06 13:51:49,055] {processor.py:153} INFO - Started process (PID=8693) to work on /home/airflow/dags/lead_scoring_inference_pipeline/constants.py
[2024-04-06 13:51:49,057] {processor.py:641} INFO - Processing file /home/airflow/dags/lead_scoring_inference_pipeline/constants.py for tasks to queue
[2024-04-06 13:51:49,057] {logging_mixin.py:115} INFO - [2024-04-06 13:51:49,057] {dagbag.py:508} INFO - Filling up the DagBag from /home/airflow/dags/lead_scoring_inference_pipeline/constants.py
[2024-04-06 13:51:49,059] {processor.py:653} WARNING - No viable dags retrieved from /home/airflow/dags/lead_scoring_inference_pipeline/constants.py
[2024-04-06 13:51:49,070] {processor.py:161} INFO - Processing /home/airflow/dags/lead_scoring_inference_pipeline/constants.py took 0.019 seconds
