[2024-04-06 13:32:29,070] {processor.py:153} INFO - Started process (PID=6261) to work on /home/airflow/dags/lead_scoring_inference_pipeline/utils.py
[2024-04-06 13:32:29,070] {processor.py:641} INFO - Processing file /home/airflow/dags/lead_scoring_inference_pipeline/utils.py for tasks to queue
[2024-04-06 13:32:29,071] {logging_mixin.py:115} INFO - [2024-04-06 13:32:29,071] {dagbag.py:508} INFO - Filling up the DagBag from /home/airflow/dags/lead_scoring_inference_pipeline/utils.py
[2024-04-06 13:32:29,835] {logging_mixin.py:115} INFO - [2024-04-06 13:32:29,835] {utils.py:145} INFO - Note: NumExpr detected 64 cores but "NUMEXPR_MAX_THREADS" not set, so enforcing safe limit of 8.
[2024-04-06 13:32:29,835] {logging_mixin.py:115} INFO - [2024-04-06 13:32:29,835] {utils.py:157} INFO - NumExpr defaulting to 8 threads.
[2024-04-06 13:32:30,000] {processor.py:653} WARNING - No viable dags retrieved from /home/airflow/dags/lead_scoring_inference_pipeline/utils.py
[2024-04-06 13:32:30,009] {processor.py:161} INFO - Processing /home/airflow/dags/lead_scoring_inference_pipeline/utils.py took 0.943 seconds
[2024-04-06 13:34:27,843] {processor.py:153} INFO - Started process (PID=6516) to work on /home/airflow/dags/lead_scoring_inference_pipeline/utils.py
[2024-04-06 13:34:27,845] {processor.py:641} INFO - Processing file /home/airflow/dags/lead_scoring_inference_pipeline/utils.py for tasks to queue
[2024-04-06 13:34:27,846] {logging_mixin.py:115} INFO - [2024-04-06 13:34:27,846] {dagbag.py:508} INFO - Filling up the DagBag from /home/airflow/dags/lead_scoring_inference_pipeline/utils.py
[2024-04-06 13:34:28,613] {logging_mixin.py:115} INFO - [2024-04-06 13:34:28,613] {utils.py:145} INFO - Note: NumExpr detected 64 cores but "NUMEXPR_MAX_THREADS" not set, so enforcing safe limit of 8.
[2024-04-06 13:34:28,613] {logging_mixin.py:115} INFO - [2024-04-06 13:34:28,613] {utils.py:157} INFO - NumExpr defaulting to 8 threads.
[2024-04-06 13:34:28,775] {processor.py:653} WARNING - No viable dags retrieved from /home/airflow/dags/lead_scoring_inference_pipeline/utils.py
[2024-04-06 13:34:28,783] {processor.py:161} INFO - Processing /home/airflow/dags/lead_scoring_inference_pipeline/utils.py took 0.943 seconds
[2024-04-06 13:35:04,091] {processor.py:153} INFO - Started process (PID=6604) to work on /home/airflow/dags/lead_scoring_inference_pipeline/utils.py
[2024-04-06 13:35:04,093] {processor.py:641} INFO - Processing file /home/airflow/dags/lead_scoring_inference_pipeline/utils.py for tasks to queue
[2024-04-06 13:35:04,094] {logging_mixin.py:115} INFO - [2024-04-06 13:35:04,094] {dagbag.py:508} INFO - Filling up the DagBag from /home/airflow/dags/lead_scoring_inference_pipeline/utils.py
[2024-04-06 13:35:04,853] {logging_mixin.py:115} INFO - [2024-04-06 13:35:04,853] {utils.py:145} INFO - Note: NumExpr detected 64 cores but "NUMEXPR_MAX_THREADS" not set, so enforcing safe limit of 8.
[2024-04-06 13:35:04,853] {logging_mixin.py:115} INFO - [2024-04-06 13:35:04,853] {utils.py:157} INFO - NumExpr defaulting to 8 threads.
[2024-04-06 13:35:05,016] {processor.py:653} WARNING - No viable dags retrieved from /home/airflow/dags/lead_scoring_inference_pipeline/utils.py
[2024-04-06 13:35:05,024] {processor.py:161} INFO - Processing /home/airflow/dags/lead_scoring_inference_pipeline/utils.py took 0.936 seconds
[2024-04-06 13:35:46,312] {processor.py:153} INFO - Started process (PID=6697) to work on /home/airflow/dags/lead_scoring_inference_pipeline/utils.py
[2024-04-06 13:35:46,314] {processor.py:641} INFO - Processing file /home/airflow/dags/lead_scoring_inference_pipeline/utils.py for tasks to queue
[2024-04-06 13:35:46,315] {logging_mixin.py:115} INFO - [2024-04-06 13:35:46,315] {dagbag.py:508} INFO - Filling up the DagBag from /home/airflow/dags/lead_scoring_inference_pipeline/utils.py
[2024-04-06 13:35:47,116] {logging_mixin.py:115} INFO - [2024-04-06 13:35:47,116] {utils.py:145} INFO - Note: NumExpr detected 64 cores but "NUMEXPR_MAX_THREADS" not set, so enforcing safe limit of 8.
[2024-04-06 13:35:47,116] {logging_mixin.py:115} INFO - [2024-04-06 13:35:47,116] {utils.py:157} INFO - NumExpr defaulting to 8 threads.
[2024-04-06 13:35:47,283] {processor.py:653} WARNING - No viable dags retrieved from /home/airflow/dags/lead_scoring_inference_pipeline/utils.py
[2024-04-06 13:35:47,291] {processor.py:161} INFO - Processing /home/airflow/dags/lead_scoring_inference_pipeline/utils.py took 0.982 seconds
[2024-04-06 13:37:11,663] {processor.py:153} INFO - Started process (PID=6881) to work on /home/airflow/dags/lead_scoring_inference_pipeline/utils.py
[2024-04-06 13:37:11,665] {processor.py:641} INFO - Processing file /home/airflow/dags/lead_scoring_inference_pipeline/utils.py for tasks to queue
[2024-04-06 13:37:11,666] {logging_mixin.py:115} INFO - [2024-04-06 13:37:11,666] {dagbag.py:508} INFO - Filling up the DagBag from /home/airflow/dags/lead_scoring_inference_pipeline/utils.py
[2024-04-06 13:37:12,437] {logging_mixin.py:115} INFO - [2024-04-06 13:37:12,437] {utils.py:145} INFO - Note: NumExpr detected 64 cores but "NUMEXPR_MAX_THREADS" not set, so enforcing safe limit of 8.
[2024-04-06 13:37:12,437] {logging_mixin.py:115} INFO - [2024-04-06 13:37:12,437] {utils.py:157} INFO - NumExpr defaulting to 8 threads.
[2024-04-06 13:37:12,609] {processor.py:653} WARNING - No viable dags retrieved from /home/airflow/dags/lead_scoring_inference_pipeline/utils.py
[2024-04-06 13:37:12,617] {processor.py:161} INFO - Processing /home/airflow/dags/lead_scoring_inference_pipeline/utils.py took 0.958 seconds
[2024-04-06 13:38:03,228] {processor.py:153} INFO - Started process (PID=6994) to work on /home/airflow/dags/lead_scoring_inference_pipeline/utils.py
[2024-04-06 13:38:03,230] {processor.py:641} INFO - Processing file /home/airflow/dags/lead_scoring_inference_pipeline/utils.py for tasks to queue
[2024-04-06 13:38:03,230] {logging_mixin.py:115} INFO - [2024-04-06 13:38:03,230] {dagbag.py:508} INFO - Filling up the DagBag from /home/airflow/dags/lead_scoring_inference_pipeline/utils.py
[2024-04-06 13:38:03,991] {logging_mixin.py:115} INFO - [2024-04-06 13:38:03,991] {utils.py:145} INFO - Note: NumExpr detected 64 cores but "NUMEXPR_MAX_THREADS" not set, so enforcing safe limit of 8.
[2024-04-06 13:38:03,991] {logging_mixin.py:115} INFO - [2024-04-06 13:38:03,991] {utils.py:157} INFO - NumExpr defaulting to 8 threads.
[2024-04-06 13:38:04,154] {processor.py:653} WARNING - No viable dags retrieved from /home/airflow/dags/lead_scoring_inference_pipeline/utils.py
[2024-04-06 13:38:04,163] {processor.py:161} INFO - Processing /home/airflow/dags/lead_scoring_inference_pipeline/utils.py took 0.939 seconds
[2024-04-06 13:38:59,591] {processor.py:153} INFO - Started process (PID=7111) to work on /home/airflow/dags/lead_scoring_inference_pipeline/utils.py
[2024-04-06 13:38:59,593] {processor.py:641} INFO - Processing file /home/airflow/dags/lead_scoring_inference_pipeline/utils.py for tasks to queue
[2024-04-06 13:38:59,594] {logging_mixin.py:115} INFO - [2024-04-06 13:38:59,594] {dagbag.py:508} INFO - Filling up the DagBag from /home/airflow/dags/lead_scoring_inference_pipeline/utils.py
[2024-04-06 13:39:00,384] {logging_mixin.py:115} INFO - [2024-04-06 13:39:00,384] {utils.py:145} INFO - Note: NumExpr detected 64 cores but "NUMEXPR_MAX_THREADS" not set, so enforcing safe limit of 8.
[2024-04-06 13:39:00,384] {logging_mixin.py:115} INFO - [2024-04-06 13:39:00,384] {utils.py:157} INFO - NumExpr defaulting to 8 threads.
[2024-04-06 13:39:00,550] {processor.py:653} WARNING - No viable dags retrieved from /home/airflow/dags/lead_scoring_inference_pipeline/utils.py
[2024-04-06 13:39:00,558] {processor.py:161} INFO - Processing /home/airflow/dags/lead_scoring_inference_pipeline/utils.py took 0.970 seconds
[2024-04-06 13:39:53,454] {processor.py:153} INFO - Started process (PID=7227) to work on /home/airflow/dags/lead_scoring_inference_pipeline/utils.py
[2024-04-06 13:39:53,455] {processor.py:641} INFO - Processing file /home/airflow/dags/lead_scoring_inference_pipeline/utils.py for tasks to queue
[2024-04-06 13:39:53,456] {logging_mixin.py:115} INFO - [2024-04-06 13:39:53,456] {dagbag.py:508} INFO - Filling up the DagBag from /home/airflow/dags/lead_scoring_inference_pipeline/utils.py
[2024-04-06 13:39:54,227] {logging_mixin.py:115} INFO - [2024-04-06 13:39:54,227] {utils.py:145} INFO - Note: NumExpr detected 64 cores but "NUMEXPR_MAX_THREADS" not set, so enforcing safe limit of 8.
[2024-04-06 13:39:54,227] {logging_mixin.py:115} INFO - [2024-04-06 13:39:54,227] {utils.py:157} INFO - NumExpr defaulting to 8 threads.
[2024-04-06 13:39:54,390] {processor.py:653} WARNING - No viable dags retrieved from /home/airflow/dags/lead_scoring_inference_pipeline/utils.py
[2024-04-06 13:39:54,402] {processor.py:161} INFO - Processing /home/airflow/dags/lead_scoring_inference_pipeline/utils.py took 0.951 seconds
[2024-04-06 13:40:51,132] {processor.py:153} INFO - Started process (PID=7339) to work on /home/airflow/dags/lead_scoring_inference_pipeline/utils.py
[2024-04-06 13:40:51,134] {processor.py:641} INFO - Processing file /home/airflow/dags/lead_scoring_inference_pipeline/utils.py for tasks to queue
[2024-04-06 13:40:51,134] {logging_mixin.py:115} INFO - [2024-04-06 13:40:51,134] {dagbag.py:508} INFO - Filling up the DagBag from /home/airflow/dags/lead_scoring_inference_pipeline/utils.py
[2024-04-06 13:40:51,878] {logging_mixin.py:115} INFO - [2024-04-06 13:40:51,878] {utils.py:145} INFO - Note: NumExpr detected 64 cores but "NUMEXPR_MAX_THREADS" not set, so enforcing safe limit of 8.
[2024-04-06 13:40:51,878] {logging_mixin.py:115} INFO - [2024-04-06 13:40:51,878] {utils.py:157} INFO - NumExpr defaulting to 8 threads.
[2024-04-06 13:40:52,038] {processor.py:653} WARNING - No viable dags retrieved from /home/airflow/dags/lead_scoring_inference_pipeline/utils.py
[2024-04-06 13:40:52,046] {processor.py:161} INFO - Processing /home/airflow/dags/lead_scoring_inference_pipeline/utils.py took 0.918 seconds
[2024-04-06 13:41:47,320] {processor.py:153} INFO - Started process (PID=7448) to work on /home/airflow/dags/lead_scoring_inference_pipeline/utils.py
[2024-04-06 13:41:47,322] {processor.py:641} INFO - Processing file /home/airflow/dags/lead_scoring_inference_pipeline/utils.py for tasks to queue
[2024-04-06 13:41:47,323] {logging_mixin.py:115} INFO - [2024-04-06 13:41:47,323] {dagbag.py:508} INFO - Filling up the DagBag from /home/airflow/dags/lead_scoring_inference_pipeline/utils.py
[2024-04-06 13:41:48,105] {logging_mixin.py:115} INFO - [2024-04-06 13:41:48,105] {utils.py:145} INFO - Note: NumExpr detected 64 cores but "NUMEXPR_MAX_THREADS" not set, so enforcing safe limit of 8.
[2024-04-06 13:41:48,106] {logging_mixin.py:115} INFO - [2024-04-06 13:41:48,105] {utils.py:157} INFO - NumExpr defaulting to 8 threads.
[2024-04-06 13:41:48,272] {processor.py:653} WARNING - No viable dags retrieved from /home/airflow/dags/lead_scoring_inference_pipeline/utils.py
[2024-04-06 13:41:48,281] {processor.py:161} INFO - Processing /home/airflow/dags/lead_scoring_inference_pipeline/utils.py took 0.964 seconds
[2024-04-06 13:43:01,327] {processor.py:153} INFO - Started process (PID=7578) to work on /home/airflow/dags/lead_scoring_inference_pipeline/utils.py
[2024-04-06 13:43:01,329] {processor.py:641} INFO - Processing file /home/airflow/dags/lead_scoring_inference_pipeline/utils.py for tasks to queue
[2024-04-06 13:43:01,330] {logging_mixin.py:115} INFO - [2024-04-06 13:43:01,330] {dagbag.py:508} INFO - Filling up the DagBag from /home/airflow/dags/lead_scoring_inference_pipeline/utils.py
[2024-04-06 13:43:02,087] {logging_mixin.py:115} INFO - [2024-04-06 13:43:02,087] {utils.py:145} INFO - Note: NumExpr detected 64 cores but "NUMEXPR_MAX_THREADS" not set, so enforcing safe limit of 8.
[2024-04-06 13:43:02,088] {logging_mixin.py:115} INFO - [2024-04-06 13:43:02,088] {utils.py:157} INFO - NumExpr defaulting to 8 threads.
[2024-04-06 13:43:02,251] {processor.py:653} WARNING - No viable dags retrieved from /home/airflow/dags/lead_scoring_inference_pipeline/utils.py
[2024-04-06 13:43:02,266] {processor.py:161} INFO - Processing /home/airflow/dags/lead_scoring_inference_pipeline/utils.py took 0.942 seconds
[2024-04-06 13:44:00,579] {processor.py:153} INFO - Started process (PID=7687) to work on /home/airflow/dags/lead_scoring_inference_pipeline/utils.py
[2024-04-06 13:44:00,581] {processor.py:641} INFO - Processing file /home/airflow/dags/lead_scoring_inference_pipeline/utils.py for tasks to queue
[2024-04-06 13:44:00,581] {logging_mixin.py:115} INFO - [2024-04-06 13:44:00,581] {dagbag.py:508} INFO - Filling up the DagBag from /home/airflow/dags/lead_scoring_inference_pipeline/utils.py
[2024-04-06 13:44:01,378] {logging_mixin.py:115} INFO - [2024-04-06 13:44:01,378] {utils.py:145} INFO - Note: NumExpr detected 64 cores but "NUMEXPR_MAX_THREADS" not set, so enforcing safe limit of 8.
[2024-04-06 13:44:01,379] {logging_mixin.py:115} INFO - [2024-04-06 13:44:01,378] {utils.py:157} INFO - NumExpr defaulting to 8 threads.
[2024-04-06 13:44:01,550] {processor.py:653} WARNING - No viable dags retrieved from /home/airflow/dags/lead_scoring_inference_pipeline/utils.py
[2024-04-06 13:44:01,559] {processor.py:161} INFO - Processing /home/airflow/dags/lead_scoring_inference_pipeline/utils.py took 0.984 seconds
[2024-04-06 13:44:55,804] {processor.py:153} INFO - Started process (PID=7794) to work on /home/airflow/dags/lead_scoring_inference_pipeline/utils.py
[2024-04-06 13:44:55,806] {processor.py:641} INFO - Processing file /home/airflow/dags/lead_scoring_inference_pipeline/utils.py for tasks to queue
[2024-04-06 13:44:55,806] {logging_mixin.py:115} INFO - [2024-04-06 13:44:55,806] {dagbag.py:508} INFO - Filling up the DagBag from /home/airflow/dags/lead_scoring_inference_pipeline/utils.py
[2024-04-06 13:44:56,561] {logging_mixin.py:115} INFO - [2024-04-06 13:44:56,561] {utils.py:145} INFO - Note: NumExpr detected 64 cores but "NUMEXPR_MAX_THREADS" not set, so enforcing safe limit of 8.
[2024-04-06 13:44:56,561] {logging_mixin.py:115} INFO - [2024-04-06 13:44:56,561] {utils.py:157} INFO - NumExpr defaulting to 8 threads.
[2024-04-06 13:44:56,722] {processor.py:653} WARNING - No viable dags retrieved from /home/airflow/dags/lead_scoring_inference_pipeline/utils.py
[2024-04-06 13:44:56,730] {processor.py:161} INFO - Processing /home/airflow/dags/lead_scoring_inference_pipeline/utils.py took 0.930 seconds
[2024-04-06 13:45:47,555] {processor.py:153} INFO - Started process (PID=7900) to work on /home/airflow/dags/lead_scoring_inference_pipeline/utils.py
[2024-04-06 13:45:47,556] {processor.py:641} INFO - Processing file /home/airflow/dags/lead_scoring_inference_pipeline/utils.py for tasks to queue
[2024-04-06 13:45:47,557] {logging_mixin.py:115} INFO - [2024-04-06 13:45:47,557] {dagbag.py:508} INFO - Filling up the DagBag from /home/airflow/dags/lead_scoring_inference_pipeline/utils.py
[2024-04-06 13:45:48,257] {logging_mixin.py:115} INFO - [2024-04-06 13:45:48,257] {utils.py:145} INFO - Note: NumExpr detected 64 cores but "NUMEXPR_MAX_THREADS" not set, so enforcing safe limit of 8.
[2024-04-06 13:45:48,257] {logging_mixin.py:115} INFO - [2024-04-06 13:45:48,257] {utils.py:157} INFO - NumExpr defaulting to 8 threads.
[2024-04-06 13:45:48,417] {processor.py:653} WARNING - No viable dags retrieved from /home/airflow/dags/lead_scoring_inference_pipeline/utils.py
[2024-04-06 13:45:48,425] {processor.py:161} INFO - Processing /home/airflow/dags/lead_scoring_inference_pipeline/utils.py took 0.874 seconds
[2024-04-06 13:46:35,684] {processor.py:153} INFO - Started process (PID=8004) to work on /home/airflow/dags/lead_scoring_inference_pipeline/utils.py
[2024-04-06 13:46:35,686] {processor.py:641} INFO - Processing file /home/airflow/dags/lead_scoring_inference_pipeline/utils.py for tasks to queue
[2024-04-06 13:46:35,686] {logging_mixin.py:115} INFO - [2024-04-06 13:46:35,686] {dagbag.py:508} INFO - Filling up the DagBag from /home/airflow/dags/lead_scoring_inference_pipeline/utils.py
[2024-04-06 13:46:36,364] {logging_mixin.py:115} INFO - [2024-04-06 13:46:36,364] {utils.py:145} INFO - Note: NumExpr detected 64 cores but "NUMEXPR_MAX_THREADS" not set, so enforcing safe limit of 8.
[2024-04-06 13:46:36,364] {logging_mixin.py:115} INFO - [2024-04-06 13:46:36,364] {utils.py:157} INFO - NumExpr defaulting to 8 threads.
[2024-04-06 13:46:36,523] {processor.py:653} WARNING - No viable dags retrieved from /home/airflow/dags/lead_scoring_inference_pipeline/utils.py
[2024-04-06 13:46:36,532] {processor.py:161} INFO - Processing /home/airflow/dags/lead_scoring_inference_pipeline/utils.py took 0.851 seconds
[2024-04-06 13:47:22,028] {processor.py:153} INFO - Started process (PID=8107) to work on /home/airflow/dags/lead_scoring_inference_pipeline/utils.py
[2024-04-06 13:47:22,030] {processor.py:641} INFO - Processing file /home/airflow/dags/lead_scoring_inference_pipeline/utils.py for tasks to queue
[2024-04-06 13:47:22,030] {logging_mixin.py:115} INFO - [2024-04-06 13:47:22,030] {dagbag.py:508} INFO - Filling up the DagBag from /home/airflow/dags/lead_scoring_inference_pipeline/utils.py
[2024-04-06 13:47:22,726] {logging_mixin.py:115} INFO - [2024-04-06 13:47:22,726] {utils.py:145} INFO - Note: NumExpr detected 64 cores but "NUMEXPR_MAX_THREADS" not set, so enforcing safe limit of 8.
[2024-04-06 13:47:22,727] {logging_mixin.py:115} INFO - [2024-04-06 13:47:22,727] {utils.py:157} INFO - NumExpr defaulting to 8 threads.
[2024-04-06 13:47:22,887] {processor.py:653} WARNING - No viable dags retrieved from /home/airflow/dags/lead_scoring_inference_pipeline/utils.py
[2024-04-06 13:47:22,896] {processor.py:161} INFO - Processing /home/airflow/dags/lead_scoring_inference_pipeline/utils.py took 0.871 seconds
[2024-04-06 13:48:11,599] {processor.py:153} INFO - Started process (PID=8211) to work on /home/airflow/dags/lead_scoring_inference_pipeline/utils.py
[2024-04-06 13:48:11,601] {processor.py:641} INFO - Processing file /home/airflow/dags/lead_scoring_inference_pipeline/utils.py for tasks to queue
[2024-04-06 13:48:11,602] {logging_mixin.py:115} INFO - [2024-04-06 13:48:11,601] {dagbag.py:508} INFO - Filling up the DagBag from /home/airflow/dags/lead_scoring_inference_pipeline/utils.py
[2024-04-06 13:48:12,274] {logging_mixin.py:115} INFO - [2024-04-06 13:48:12,274] {utils.py:145} INFO - Note: NumExpr detected 64 cores but "NUMEXPR_MAX_THREADS" not set, so enforcing safe limit of 8.
[2024-04-06 13:48:12,274] {logging_mixin.py:115} INFO - [2024-04-06 13:48:12,274] {utils.py:157} INFO - NumExpr defaulting to 8 threads.
[2024-04-06 13:48:12,434] {processor.py:653} WARNING - No viable dags retrieved from /home/airflow/dags/lead_scoring_inference_pipeline/utils.py
[2024-04-06 13:48:12,442] {processor.py:161} INFO - Processing /home/airflow/dags/lead_scoring_inference_pipeline/utils.py took 0.846 seconds
[2024-04-06 13:48:59,283] {processor.py:153} INFO - Started process (PID=8315) to work on /home/airflow/dags/lead_scoring_inference_pipeline/utils.py
[2024-04-06 13:48:59,285] {processor.py:641} INFO - Processing file /home/airflow/dags/lead_scoring_inference_pipeline/utils.py for tasks to queue
[2024-04-06 13:48:59,285] {logging_mixin.py:115} INFO - [2024-04-06 13:48:59,285] {dagbag.py:508} INFO - Filling up the DagBag from /home/airflow/dags/lead_scoring_inference_pipeline/utils.py
[2024-04-06 13:48:59,982] {logging_mixin.py:115} INFO - [2024-04-06 13:48:59,982] {utils.py:145} INFO - Note: NumExpr detected 64 cores but "NUMEXPR_MAX_THREADS" not set, so enforcing safe limit of 8.
[2024-04-06 13:48:59,982] {logging_mixin.py:115} INFO - [2024-04-06 13:48:59,982] {utils.py:157} INFO - NumExpr defaulting to 8 threads.
[2024-04-06 13:49:00,145] {processor.py:653} WARNING - No viable dags retrieved from /home/airflow/dags/lead_scoring_inference_pipeline/utils.py
[2024-04-06 13:49:00,154] {processor.py:161} INFO - Processing /home/airflow/dags/lead_scoring_inference_pipeline/utils.py took 0.875 seconds
[2024-04-06 13:49:48,923] {processor.py:153} INFO - Started process (PID=8418) to work on /home/airflow/dags/lead_scoring_inference_pipeline/utils.py
[2024-04-06 13:49:48,925] {processor.py:641} INFO - Processing file /home/airflow/dags/lead_scoring_inference_pipeline/utils.py for tasks to queue
[2024-04-06 13:49:48,925] {logging_mixin.py:115} INFO - [2024-04-06 13:49:48,925] {dagbag.py:508} INFO - Filling up the DagBag from /home/airflow/dags/lead_scoring_inference_pipeline/utils.py
[2024-04-06 13:49:49,609] {logging_mixin.py:115} INFO - [2024-04-06 13:49:49,609] {utils.py:145} INFO - Note: NumExpr detected 64 cores but "NUMEXPR_MAX_THREADS" not set, so enforcing safe limit of 8.
[2024-04-06 13:49:49,609] {logging_mixin.py:115} INFO - [2024-04-06 13:49:49,609] {utils.py:157} INFO - NumExpr defaulting to 8 threads.
[2024-04-06 13:49:49,768] {processor.py:653} WARNING - No viable dags retrieved from /home/airflow/dags/lead_scoring_inference_pipeline/utils.py
[2024-04-06 13:49:49,776] {processor.py:161} INFO - Processing /home/airflow/dags/lead_scoring_inference_pipeline/utils.py took 0.856 seconds
[2024-04-06 13:50:38,266] {processor.py:153} INFO - Started process (PID=8524) to work on /home/airflow/dags/lead_scoring_inference_pipeline/utils.py
[2024-04-06 13:50:38,268] {processor.py:641} INFO - Processing file /home/airflow/dags/lead_scoring_inference_pipeline/utils.py for tasks to queue
[2024-04-06 13:50:38,269] {logging_mixin.py:115} INFO - [2024-04-06 13:50:38,269] {dagbag.py:508} INFO - Filling up the DagBag from /home/airflow/dags/lead_scoring_inference_pipeline/utils.py
[2024-04-06 13:50:38,964] {logging_mixin.py:115} INFO - [2024-04-06 13:50:38,964] {utils.py:145} INFO - Note: NumExpr detected 64 cores but "NUMEXPR_MAX_THREADS" not set, so enforcing safe limit of 8.
[2024-04-06 13:50:38,964] {logging_mixin.py:115} INFO - [2024-04-06 13:50:38,964] {utils.py:157} INFO - NumExpr defaulting to 8 threads.
[2024-04-06 13:50:39,126] {processor.py:653} WARNING - No viable dags retrieved from /home/airflow/dags/lead_scoring_inference_pipeline/utils.py
[2024-04-06 13:50:39,133] {processor.py:161} INFO - Processing /home/airflow/dags/lead_scoring_inference_pipeline/utils.py took 0.870 seconds
[2024-04-06 13:51:26,252] {processor.py:153} INFO - Started process (PID=8627) to work on /home/airflow/dags/lead_scoring_inference_pipeline/utils.py
[2024-04-06 13:51:26,254] {processor.py:641} INFO - Processing file /home/airflow/dags/lead_scoring_inference_pipeline/utils.py for tasks to queue
[2024-04-06 13:51:26,254] {logging_mixin.py:115} INFO - [2024-04-06 13:51:26,254] {dagbag.py:508} INFO - Filling up the DagBag from /home/airflow/dags/lead_scoring_inference_pipeline/utils.py
[2024-04-06 13:51:26,929] {logging_mixin.py:115} INFO - [2024-04-06 13:51:26,929] {utils.py:145} INFO - Note: NumExpr detected 64 cores but "NUMEXPR_MAX_THREADS" not set, so enforcing safe limit of 8.
[2024-04-06 13:51:26,929] {logging_mixin.py:115} INFO - [2024-04-06 13:51:26,929] {utils.py:157} INFO - NumExpr defaulting to 8 threads.
[2024-04-06 13:51:27,087] {processor.py:653} WARNING - No viable dags retrieved from /home/airflow/dags/lead_scoring_inference_pipeline/utils.py
[2024-04-06 13:51:27,095] {processor.py:161} INFO - Processing /home/airflow/dags/lead_scoring_inference_pipeline/utils.py took 0.847 seconds
[2024-04-06 13:52:11,766] {processor.py:153} INFO - Started process (PID=8730) to work on /home/airflow/dags/lead_scoring_inference_pipeline/utils.py
[2024-04-06 13:52:11,768] {processor.py:641} INFO - Processing file /home/airflow/dags/lead_scoring_inference_pipeline/utils.py for tasks to queue
[2024-04-06 13:52:11,769] {logging_mixin.py:115} INFO - [2024-04-06 13:52:11,769] {dagbag.py:508} INFO - Filling up the DagBag from /home/airflow/dags/lead_scoring_inference_pipeline/utils.py
[2024-04-06 13:52:12,462] {logging_mixin.py:115} INFO - [2024-04-06 13:52:12,462] {utils.py:145} INFO - Note: NumExpr detected 64 cores but "NUMEXPR_MAX_THREADS" not set, so enforcing safe limit of 8.
[2024-04-06 13:52:12,462] {logging_mixin.py:115} INFO - [2024-04-06 13:52:12,462] {utils.py:157} INFO - NumExpr defaulting to 8 threads.
[2024-04-06 13:52:12,622] {processor.py:653} WARNING - No viable dags retrieved from /home/airflow/dags/lead_scoring_inference_pipeline/utils.py
[2024-04-06 13:52:12,635] {processor.py:161} INFO - Processing /home/airflow/dags/lead_scoring_inference_pipeline/utils.py took 0.873 seconds
