[2024-04-08 16:48:01,099] {taskinstance.py:1179} INFO - Dependencies all met for <TaskInstance: Lead_Scoring_Data_Engineering_Pipeline.mapping_city_tier scheduled__2024-04-06T00:00:00+00:00 [queued]>
[2024-04-08 16:48:01,104] {taskinstance.py:1179} INFO - Dependencies all met for <TaskInstance: Lead_Scoring_Data_Engineering_Pipeline.mapping_city_tier scheduled__2024-04-06T00:00:00+00:00 [queued]>
[2024-04-08 16:48:01,104] {taskinstance.py:1376} INFO - 
--------------------------------------------------------------------------------
[2024-04-08 16:48:01,104] {taskinstance.py:1377} INFO - Starting attempt 1 of 2
[2024-04-08 16:48:01,104] {taskinstance.py:1378} INFO - 
--------------------------------------------------------------------------------
[2024-04-08 16:48:01,125] {taskinstance.py:1397} INFO - Executing <Task(PythonOperator): mapping_city_tier> on 2024-04-06 00:00:00+00:00
[2024-04-08 16:48:01,130] {standard_task_runner.py:52} INFO - Started process 4045 to run task
[2024-04-08 16:48:01,132] {standard_task_runner.py:79} INFO - Running: ['airflow', 'tasks', 'run', 'Lead_Scoring_Data_Engineering_Pipeline', 'mapping_city_tier', 'scheduled__2024-04-06T00:00:00+00:00', '--job-id', '87', '--raw', '--subdir', 'DAGS_FOLDER/lead_scoring_data_pipeline/.ipynb_checkpoints/lead_scoring_data_pipeline-checkpoint.py', '--cfg-path', '/tmp/tmp73xrtvhj', '--error-file', '/tmp/tmpsh_2vdc8']
[2024-04-08 16:48:01,133] {standard_task_runner.py:80} INFO - Job 87: Subtask mapping_city_tier
[2024-04-08 16:48:01,200] {task_command.py:371} INFO - Running <TaskInstance: Lead_Scoring_Data_Engineering_Pipeline.mapping_city_tier scheduled__2024-04-06T00:00:00+00:00 [running]> on host 5e833cee3343
[2024-04-08 16:48:01,274] {taskinstance.py:1589} INFO - Exporting the following env vars:
AIRFLOW_CTX_DAG_OWNER=airflow
AIRFLOW_CTX_DAG_ID=Lead_Scoring_Data_Engineering_Pipeline
AIRFLOW_CTX_TASK_ID=mapping_city_tier
AIRFLOW_CTX_EXECUTION_DATE=2024-04-06T00:00:00+00:00
AIRFLOW_CTX_TRY_NUMBER=1
AIRFLOW_CTX_DAG_RUN_ID=scheduled__2024-04-06T00:00:00+00:00
[2024-04-08 16:48:01,278] {logging_mixin.py:115} INFO - city_tier_mapped already populated
[2024-04-08 16:48:01,278] {python.py:173} INFO - Done. Returned value was: None
[2024-04-08 16:48:01,283] {taskinstance.py:1415} INFO - Marking task as SUCCESS. dag_id=Lead_Scoring_Data_Engineering_Pipeline, task_id=mapping_city_tier, execution_date=20240406T000000, start_date=20240408T164801, end_date=20240408T164801
[2024-04-08 16:48:01,305] {local_task_job.py:156} INFO - Task exited with return code 0
[2024-04-08 16:48:01,363] {local_task_job.py:273} INFO - 1 downstream tasks scheduled from follow-on schedule check
