[2024-04-06 13:33:20,321] {taskinstance.py:1179} INFO - Dependencies all met for <TaskInstance: Lead_scoring_inference_pipeline.checking_model_prediction_ratio scheduled__2024-04-06T12:00:00+00:00 [queued]>
[2024-04-06 13:33:20,326] {taskinstance.py:1179} INFO - Dependencies all met for <TaskInstance: Lead_scoring_inference_pipeline.checking_model_prediction_ratio scheduled__2024-04-06T12:00:00+00:00 [queued]>
[2024-04-06 13:33:20,326] {taskinstance.py:1376} INFO - 
--------------------------------------------------------------------------------
[2024-04-06 13:33:20,326] {taskinstance.py:1377} INFO - Starting attempt 1 of 2
[2024-04-06 13:33:20,326] {taskinstance.py:1378} INFO - 
--------------------------------------------------------------------------------
[2024-04-06 13:33:20,344] {taskinstance.py:1397} INFO - Executing <Task(PythonOperator): checking_model_prediction_ratio> on 2024-04-06 12:00:00+00:00
[2024-04-06 13:33:20,350] {standard_task_runner.py:52} INFO - Started process 6400 to run task
[2024-04-06 13:33:20,352] {standard_task_runner.py:79} INFO - Running: ['airflow', 'tasks', 'run', 'Lead_scoring_inference_pipeline', 'checking_model_prediction_ratio', 'scheduled__2024-04-06T12:00:00+00:00', '--job-id', '65', '--raw', '--subdir', 'DAGS_FOLDER/lead_scoring_inference_pipeline/.ipynb_checkpoints/lead_scoring_inference_pipeline-checkpoint.py', '--cfg-path', '/tmp/tmpu4yum5pj', '--error-file', '/tmp/tmp351q_j28']
[2024-04-06 13:33:20,353] {standard_task_runner.py:80} INFO - Job 65: Subtask checking_model_prediction_ratio
[2024-04-06 13:33:20,401] {task_command.py:371} INFO - Running <TaskInstance: Lead_scoring_inference_pipeline.checking_model_prediction_ratio scheduled__2024-04-06T12:00:00+00:00 [running]> on host d06a6d5e153b
[2024-04-06 13:33:20,633] {taskinstance.py:1589} INFO - Exporting the following env vars:
AIRFLOW_CTX_DAG_OWNER=airflow
AIRFLOW_CTX_DAG_ID=Lead_scoring_inference_pipeline
AIRFLOW_CTX_TASK_ID=checking_model_prediction_ratio
AIRFLOW_CTX_EXECUTION_DATE=2024-04-06T12:00:00+00:00
AIRFLOW_CTX_TRY_NUMBER=1
AIRFLOW_CTX_DAG_RUN_ID=scheduled__2024-04-06T12:00:00+00:00
[2024-04-06 13:33:24,294] {logging_mixin.py:115} INFO - Prediction ratio for the date Sat Apr  6 13:33:24 2024 for Ones % 60.96 and Zeroes % 39.04
[2024-04-06 13:33:24,296] {python.py:173} INFO - Done. Returned value was: None
[2024-04-06 13:33:24,301] {taskinstance.py:1415} INFO - Marking task as SUCCESS. dag_id=Lead_scoring_inference_pipeline, task_id=checking_model_prediction_ratio, execution_date=20240406T120000, start_date=20240406T133320, end_date=20240406T133324
[2024-04-06 13:33:24,340] {local_task_job.py:156} INFO - Task exited with return code 0
[2024-04-06 13:33:24,402] {local_task_job.py:273} INFO - 1 downstream tasks scheduled from follow-on schedule check
