[2024-04-08 17:00:21,781] {taskinstance.py:1179} INFO - Dependencies all met for <TaskInstance: Lead_scoring_inference_pipeline.checking_model_prediction_ratio scheduled__2024-04-08T16:00:00+00:00 [queued]>
[2024-04-08 17:00:21,786] {taskinstance.py:1179} INFO - Dependencies all met for <TaskInstance: Lead_scoring_inference_pipeline.checking_model_prediction_ratio scheduled__2024-04-08T16:00:00+00:00 [queued]>
[2024-04-08 17:00:21,786] {taskinstance.py:1376} INFO - 
--------------------------------------------------------------------------------
[2024-04-08 17:00:21,786] {taskinstance.py:1377} INFO - Starting attempt 1 of 2
[2024-04-08 17:00:21,786] {taskinstance.py:1378} INFO - 
--------------------------------------------------------------------------------
[2024-04-08 17:00:21,804] {taskinstance.py:1397} INFO - Executing <Task(PythonOperator): checking_model_prediction_ratio> on 2024-04-08 16:00:00+00:00
[2024-04-08 17:00:21,810] {standard_task_runner.py:52} INFO - Started process 6054 to run task
[2024-04-08 17:00:21,812] {standard_task_runner.py:79} INFO - Running: ['airflow', 'tasks', 'run', 'Lead_scoring_inference_pipeline', 'checking_model_prediction_ratio', 'scheduled__2024-04-08T16:00:00+00:00', '--job-id', '113', '--raw', '--subdir', 'DAGS_FOLDER/lead_scoring_inference_pipeline/.ipynb_checkpoints/lead_scoring_inference_pipeline-checkpoint.py', '--cfg-path', '/tmp/tmphmbcf9l0', '--error-file', '/tmp/tmp8_6dnhwy']
[2024-04-08 17:00:21,813] {standard_task_runner.py:80} INFO - Job 113: Subtask checking_model_prediction_ratio
[2024-04-08 17:00:21,968] {task_command.py:371} INFO - Running <TaskInstance: Lead_scoring_inference_pipeline.checking_model_prediction_ratio scheduled__2024-04-08T16:00:00+00:00 [running]> on host 5e833cee3343
[2024-04-08 17:00:22,025] {taskinstance.py:1589} INFO - Exporting the following env vars:
AIRFLOW_CTX_DAG_OWNER=airflow
AIRFLOW_CTX_DAG_ID=Lead_scoring_inference_pipeline
AIRFLOW_CTX_TASK_ID=checking_model_prediction_ratio
AIRFLOW_CTX_EXECUTION_DATE=2024-04-08T16:00:00+00:00
AIRFLOW_CTX_TRY_NUMBER=1
AIRFLOW_CTX_DAG_RUN_ID=scheduled__2024-04-08T16:00:00+00:00
[2024-04-08 17:00:25,903] {logging_mixin.py:115} INFO - Prediction ratio for the date Mon Apr  8 17:00:25 2024 for Ones % 60.96 and Zeroes % 39.04
[2024-04-08 17:00:25,905] {python.py:173} INFO - Done. Returned value was: None
[2024-04-08 17:00:25,910] {taskinstance.py:1415} INFO - Marking task as SUCCESS. dag_id=Lead_scoring_inference_pipeline, task_id=checking_model_prediction_ratio, execution_date=20240408T160000, start_date=20240408T170021, end_date=20240408T170025
[2024-04-08 17:00:25,961] {local_task_job.py:156} INFO - Task exited with return code 0
[2024-04-08 17:00:26,161] {local_task_job.py:273} INFO - 1 downstream tasks scheduled from follow-on schedule check
