[2024-04-08 16:48:03,900] {taskinstance.py:1179} INFO - Dependencies all met for <TaskInstance: Lead_scoring_inference_pipeline.checking_model_prediction_ratio scheduled__2024-04-08T15:00:00+00:00 [queued]>
[2024-04-08 16:48:03,905] {taskinstance.py:1179} INFO - Dependencies all met for <TaskInstance: Lead_scoring_inference_pipeline.checking_model_prediction_ratio scheduled__2024-04-08T15:00:00+00:00 [queued]>
[2024-04-08 16:48:03,905] {taskinstance.py:1376} INFO - 
--------------------------------------------------------------------------------
[2024-04-08 16:48:03,905] {taskinstance.py:1377} INFO - Starting attempt 1 of 2
[2024-04-08 16:48:03,905] {taskinstance.py:1378} INFO - 
--------------------------------------------------------------------------------
[2024-04-08 16:48:03,952] {taskinstance.py:1397} INFO - Executing <Task(PythonOperator): checking_model_prediction_ratio> on 2024-04-08 15:00:00+00:00
[2024-04-08 16:48:03,957] {standard_task_runner.py:52} INFO - Started process 4062 to run task
[2024-04-08 16:48:03,959] {standard_task_runner.py:79} INFO - Running: ['airflow', 'tasks', 'run', 'Lead_scoring_inference_pipeline', 'checking_model_prediction_ratio', 'scheduled__2024-04-08T15:00:00+00:00', '--job-id', '88', '--raw', '--subdir', 'DAGS_FOLDER/lead_scoring_inference_pipeline/.ipynb_checkpoints/lead_scoring_inference_pipeline-checkpoint.py', '--cfg-path', '/tmp/tmpc6dkq00y', '--error-file', '/tmp/tmpd4ky3xx8']
[2024-04-08 16:48:03,960] {standard_task_runner.py:80} INFO - Job 88: Subtask checking_model_prediction_ratio
[2024-04-08 16:48:04,119] {task_command.py:371} INFO - Running <TaskInstance: Lead_scoring_inference_pipeline.checking_model_prediction_ratio scheduled__2024-04-08T15:00:00+00:00 [running]> on host 5e833cee3343
[2024-04-08 16:48:04,235] {taskinstance.py:1589} INFO - Exporting the following env vars:
AIRFLOW_CTX_DAG_OWNER=airflow
AIRFLOW_CTX_DAG_ID=Lead_scoring_inference_pipeline
AIRFLOW_CTX_TASK_ID=checking_model_prediction_ratio
AIRFLOW_CTX_EXECUTION_DATE=2024-04-08T15:00:00+00:00
AIRFLOW_CTX_TRY_NUMBER=1
AIRFLOW_CTX_DAG_RUN_ID=scheduled__2024-04-08T15:00:00+00:00
[2024-04-08 16:48:08,854] {logging_mixin.py:115} INFO - Prediction ratio for the date Mon Apr  8 16:48:08 2024 for Ones % 60.96 and Zeroes % 39.04
[2024-04-08 16:48:08,855] {python.py:173} INFO - Done. Returned value was: None
[2024-04-08 16:48:08,861] {taskinstance.py:1415} INFO - Marking task as SUCCESS. dag_id=Lead_scoring_inference_pipeline, task_id=checking_model_prediction_ratio, execution_date=20240408T150000, start_date=20240408T164803, end_date=20240408T164808
[2024-04-08 16:48:08,950] {local_task_job.py:156} INFO - Task exited with return code 0
[2024-04-08 16:48:09,153] {local_task_job.py:273} INFO - 1 downstream tasks scheduled from follow-on schedule check
