[2024-04-06 12:45:47,051] {taskinstance.py:1179} INFO - Dependencies all met for <TaskInstance: Lead_Scoring_Data_Engineering_Pipeline.mapping_categorical_vars manual__2024-04-06T12:45:06.979614+00:00 [queued]>
[2024-04-06 12:45:47,056] {taskinstance.py:1179} INFO - Dependencies all met for <TaskInstance: Lead_Scoring_Data_Engineering_Pipeline.mapping_categorical_vars manual__2024-04-06T12:45:06.979614+00:00 [queued]>
[2024-04-06 12:45:47,056] {taskinstance.py:1376} INFO - 
--------------------------------------------------------------------------------
[2024-04-06 12:45:47,056] {taskinstance.py:1377} INFO - Starting attempt 1 of 2
[2024-04-06 12:45:47,056] {taskinstance.py:1378} INFO - 
--------------------------------------------------------------------------------
[2024-04-06 12:45:47,085] {taskinstance.py:1397} INFO - Executing <Task(PythonOperator): mapping_categorical_vars> on 2024-04-06 12:45:06.979614+00:00
[2024-04-06 12:45:47,089] {standard_task_runner.py:52} INFO - Started process 1349 to run task
[2024-04-06 12:45:47,092] {standard_task_runner.py:79} INFO - Running: ['airflow', 'tasks', 'run', 'Lead_Scoring_Data_Engineering_Pipeline', 'mapping_categorical_vars', 'manual__2024-04-06T12:45:06.979614+00:00', '--job-id', '58', '--raw', '--subdir', 'DAGS_FOLDER/lead_scoring_data_pipeline/.ipynb_checkpoints/lead_scoring_data_pipeline-checkpoint.py', '--cfg-path', '/tmp/tmpk365hz0s', '--error-file', '/tmp/tmpu4g_7n_4']
[2024-04-06 12:45:47,092] {standard_task_runner.py:80} INFO - Job 58: Subtask mapping_categorical_vars
[2024-04-06 12:45:47,135] {task_command.py:371} INFO - Running <TaskInstance: Lead_Scoring_Data_Engineering_Pipeline.mapping_categorical_vars manual__2024-04-06T12:45:06.979614+00:00 [running]> on host d06a6d5e153b
[2024-04-06 12:45:47,207] {taskinstance.py:1589} INFO - Exporting the following env vars:
AIRFLOW_CTX_DAG_OWNER=airflow
AIRFLOW_CTX_DAG_ID=Lead_Scoring_Data_Engineering_Pipeline
AIRFLOW_CTX_TASK_ID=mapping_categorical_vars
AIRFLOW_CTX_EXECUTION_DATE=2024-04-06T12:45:06.979614+00:00
AIRFLOW_CTX_TRY_NUMBER=1
AIRFLOW_CTX_DAG_RUN_ID=manual__2024-04-06T12:45:06.979614+00:00
[2024-04-06 12:45:47,210] {logging_mixin.py:115} INFO - categorical_variables_mapped already Stored
[2024-04-06 12:45:47,210] {python.py:173} INFO - Done. Returned value was: None
[2024-04-06 12:45:47,215] {taskinstance.py:1415} INFO - Marking task as SUCCESS. dag_id=Lead_Scoring_Data_Engineering_Pipeline, task_id=mapping_categorical_vars, execution_date=20240406T124506, start_date=20240406T124547, end_date=20240406T124547
[2024-04-06 12:45:47,264] {local_task_job.py:156} INFO - Task exited with return code 0
[2024-04-06 12:45:47,319] {local_task_job.py:273} INFO - 1 downstream tasks scheduled from follow-on schedule check
