[2024-03-31 10:32:33,981] {taskinstance.py:1179} INFO - Dependencies all met for <TaskInstance: Lead_Scoring_Data_Engineering_Pipeline.checking_model_inputs_schema scheduled__2024-03-30T00:00:00+00:00 [queued]>
[2024-03-31 10:32:33,985] {taskinstance.py:1179} INFO - Dependencies all met for <TaskInstance: Lead_Scoring_Data_Engineering_Pipeline.checking_model_inputs_schema scheduled__2024-03-30T00:00:00+00:00 [queued]>
[2024-03-31 10:32:33,985] {taskinstance.py:1376} INFO - 
--------------------------------------------------------------------------------
[2024-03-31 10:32:33,985] {taskinstance.py:1377} INFO - Starting attempt 1 of 2
[2024-03-31 10:32:33,986] {taskinstance.py:1378} INFO - 
--------------------------------------------------------------------------------
[2024-03-31 10:32:34,005] {taskinstance.py:1397} INFO - Executing <Task(PythonOperator): checking_model_inputs_schema> on 2024-03-30 00:00:00+00:00
[2024-03-31 10:32:34,009] {standard_task_runner.py:52} INFO - Started process 2195 to run task
[2024-03-31 10:32:34,011] {standard_task_runner.py:79} INFO - Running: ['airflow', 'tasks', 'run', 'Lead_Scoring_Data_Engineering_Pipeline', 'checking_model_inputs_schema', 'scheduled__2024-03-30T00:00:00+00:00', '--job-id', '16', '--raw', '--subdir', 'DAGS_FOLDER/lead_scoring_data_pipeline/.ipynb_checkpoints/lead_scoring_data_pipeline-checkpoint.py', '--cfg-path', '/tmp/tmpys4pakuv', '--error-file', '/tmp/tmp6sm8pdu2']
[2024-03-31 10:32:34,012] {standard_task_runner.py:80} INFO - Job 16: Subtask checking_model_inputs_schema
[2024-03-31 10:32:34,051] {task_command.py:371} INFO - Running <TaskInstance: Lead_Scoring_Data_Engineering_Pipeline.checking_model_inputs_schema scheduled__2024-03-30T00:00:00+00:00 [running]> on host 49a24e65d8ad
[2024-03-31 10:32:34,102] {taskinstance.py:1589} INFO - Exporting the following env vars:
AIRFLOW_CTX_DAG_OWNER=airflow
AIRFLOW_CTX_DAG_ID=Lead_Scoring_Data_Engineering_Pipeline
AIRFLOW_CTX_TASK_ID=checking_model_inputs_schema
AIRFLOW_CTX_EXECUTION_DATE=2024-03-30T00:00:00+00:00
AIRFLOW_CTX_TRY_NUMBER=1
AIRFLOW_CTX_DAG_RUN_ID=scheduled__2024-03-30T00:00:00+00:00
[2024-03-31 10:32:34,646] {logging_mixin.py:115} INFO - Models input schema is in line with the schema present in schema.py
[2024-03-31 10:32:34,669] {python.py:173} INFO - Done. Returned value was: None
[2024-03-31 10:32:34,675] {taskinstance.py:1415} INFO - Marking task as SUCCESS. dag_id=Lead_Scoring_Data_Engineering_Pipeline, task_id=checking_model_inputs_schema, execution_date=20240330T000000, start_date=20240331T103233, end_date=20240331T103234
[2024-03-31 10:32:34,705] {local_task_job.py:156} INFO - Task exited with return code 0
[2024-03-31 10:32:34,747] {local_task_job.py:273} INFO - 0 downstream tasks scheduled from follow-on schedule check
