[2024-04-08 16:47:36,837] {taskinstance.py:1179} INFO - Dependencies all met for <TaskInstance: Lead_Scoring_Data_Engineering_Pipeline.loading_data scheduled__2024-04-06T00:00:00+00:00 [queued]>
[2024-04-08 16:47:36,841] {taskinstance.py:1179} INFO - Dependencies all met for <TaskInstance: Lead_Scoring_Data_Engineering_Pipeline.loading_data scheduled__2024-04-06T00:00:00+00:00 [queued]>
[2024-04-08 16:47:36,841] {taskinstance.py:1376} INFO - 
--------------------------------------------------------------------------------
[2024-04-08 16:47:36,841] {taskinstance.py:1377} INFO - Starting attempt 1 of 2
[2024-04-08 16:47:36,841] {taskinstance.py:1378} INFO - 
--------------------------------------------------------------------------------
[2024-04-08 16:47:36,892] {taskinstance.py:1397} INFO - Executing <Task(PythonOperator): loading_data> on 2024-04-06 00:00:00+00:00
[2024-04-08 16:47:36,897] {standard_task_runner.py:52} INFO - Started process 3956 to run task
[2024-04-08 16:47:36,900] {standard_task_runner.py:79} INFO - Running: ['airflow', 'tasks', 'run', 'Lead_Scoring_Data_Engineering_Pipeline', 'loading_data', 'scheduled__2024-04-06T00:00:00+00:00', '--job-id', '83', '--raw', '--subdir', 'DAGS_FOLDER/lead_scoring_data_pipeline/.ipynb_checkpoints/lead_scoring_data_pipeline-checkpoint.py', '--cfg-path', '/tmp/tmpzge0g32_', '--error-file', '/tmp/tmpjg29u4bj']
[2024-04-08 16:47:36,901] {standard_task_runner.py:80} INFO - Job 83: Subtask loading_data
[2024-04-08 16:47:36,973] {task_command.py:371} INFO - Running <TaskInstance: Lead_Scoring_Data_Engineering_Pipeline.loading_data scheduled__2024-04-06T00:00:00+00:00 [running]> on host 5e833cee3343
[2024-04-08 16:47:37,082] {taskinstance.py:1589} INFO - Exporting the following env vars:
AIRFLOW_CTX_DAG_OWNER=airflow
AIRFLOW_CTX_DAG_ID=Lead_Scoring_Data_Engineering_Pipeline
AIRFLOW_CTX_TASK_ID=loading_data
AIRFLOW_CTX_EXECUTION_DATE=2024-04-06T00:00:00+00:00
AIRFLOW_CTX_TRY_NUMBER=1
AIRFLOW_CTX_DAG_RUN_ID=scheduled__2024-04-06T00:00:00+00:00
[2024-04-08 16:47:37,086] {logging_mixin.py:115} INFO - loaded_data already populated
[2024-04-08 16:47:37,087] {python.py:173} INFO - Done. Returned value was: None
[2024-04-08 16:47:37,093] {taskinstance.py:1415} INFO - Marking task as SUCCESS. dag_id=Lead_Scoring_Data_Engineering_Pipeline, task_id=loading_data, execution_date=20240406T000000, start_date=20240408T164736, end_date=20240408T164737
[2024-04-08 16:47:37,191] {local_task_job.py:156} INFO - Task exited with return code 0
[2024-04-08 16:47:37,292] {local_task_job.py:273} INFO - 1 downstream tasks scheduled from follow-on schedule check
