[2024-04-08 16:47:11,376] {taskinstance.py:1179} INFO - Dependencies all met for <TaskInstance: Lead_Scoring_Data_Engineering_Pipeline.building_db scheduled__2024-04-07T00:00:00+00:00 [queued]>
[2024-04-08 16:47:11,381] {taskinstance.py:1179} INFO - Dependencies all met for <TaskInstance: Lead_Scoring_Data_Engineering_Pipeline.building_db scheduled__2024-04-07T00:00:00+00:00 [queued]>
[2024-04-08 16:47:11,381] {taskinstance.py:1376} INFO - 
--------------------------------------------------------------------------------
[2024-04-08 16:47:11,381] {taskinstance.py:1377} INFO - Starting attempt 1 of 2
[2024-04-08 16:47:11,381] {taskinstance.py:1378} INFO - 
--------------------------------------------------------------------------------
[2024-04-08 16:47:11,429] {taskinstance.py:1397} INFO - Executing <Task(PythonOperator): building_db> on 2024-04-07 00:00:00+00:00
[2024-04-08 16:47:11,434] {standard_task_runner.py:52} INFO - Started process 3850 to run task
[2024-04-08 16:47:11,438] {standard_task_runner.py:79} INFO - Running: ['airflow', 'tasks', 'run', 'Lead_Scoring_Data_Engineering_Pipeline', 'building_db', 'scheduled__2024-04-07T00:00:00+00:00', '--job-id', '78', '--raw', '--subdir', 'DAGS_FOLDER/lead_scoring_data_pipeline/.ipynb_checkpoints/lead_scoring_data_pipeline-checkpoint.py', '--cfg-path', '/tmp/tmp4l9l0vtn', '--error-file', '/tmp/tmp1ni7gxvu']
[2024-04-08 16:47:11,440] {standard_task_runner.py:80} INFO - Job 78: Subtask building_db
[2024-04-08 16:47:11,523] {task_command.py:371} INFO - Running <TaskInstance: Lead_Scoring_Data_Engineering_Pipeline.building_db scheduled__2024-04-07T00:00:00+00:00 [running]> on host 5e833cee3343
[2024-04-08 16:47:11,646] {taskinstance.py:1589} INFO - Exporting the following env vars:
AIRFLOW_CTX_DAG_OWNER=airflow
AIRFLOW_CTX_DAG_ID=Lead_Scoring_Data_Engineering_Pipeline
AIRFLOW_CTX_TASK_ID=building_db
AIRFLOW_CTX_EXECUTION_DATE=2024-04-07T00:00:00+00:00
AIRFLOW_CTX_TRY_NUMBER=1
AIRFLOW_CTX_DAG_RUN_ID=scheduled__2024-04-07T00:00:00+00:00
[2024-04-08 16:47:11,647] {logging_mixin.py:115} INFO - DB Already Exsist
[2024-04-08 16:47:11,647] {logging_mixin.py:115} INFO - /home
[2024-04-08 16:47:11,647] {python.py:173} INFO - Done. Returned value was: DB Exsist
[2024-04-08 16:47:11,700] {taskinstance.py:1415} INFO - Marking task as SUCCESS. dag_id=Lead_Scoring_Data_Engineering_Pipeline, task_id=building_db, execution_date=20240407T000000, start_date=20240408T164711, end_date=20240408T164711
[2024-04-08 16:47:11,810] {local_task_job.py:156} INFO - Task exited with return code 0
[2024-04-08 16:47:11,905] {local_task_job.py:273} INFO - 1 downstream tasks scheduled from follow-on schedule check
