[2024-03-31 10:32:23,974] {taskinstance.py:1179} INFO - Dependencies all met for <TaskInstance: Lead_Scoring_Data_Engineering_Pipeline.checking_raw_data_schema manual__2024-03-31T10:32:17.848117+00:00 [queued]>
[2024-03-31 10:32:23,978] {taskinstance.py:1179} INFO - Dependencies all met for <TaskInstance: Lead_Scoring_Data_Engineering_Pipeline.checking_raw_data_schema manual__2024-03-31T10:32:17.848117+00:00 [queued]>
[2024-03-31 10:32:23,978] {taskinstance.py:1376} INFO - 
--------------------------------------------------------------------------------
[2024-03-31 10:32:23,978] {taskinstance.py:1377} INFO - Starting attempt 1 of 2
[2024-03-31 10:32:23,978] {taskinstance.py:1378} INFO - 
--------------------------------------------------------------------------------
[2024-03-31 10:32:23,998] {taskinstance.py:1397} INFO - Executing <Task(PythonOperator): checking_raw_data_schema> on 2024-03-31 10:32:17.848117+00:00
[2024-03-31 10:32:24,002] {standard_task_runner.py:52} INFO - Started process 2108 to run task
[2024-03-31 10:32:24,005] {standard_task_runner.py:79} INFO - Running: ['airflow', 'tasks', 'run', 'Lead_Scoring_Data_Engineering_Pipeline', 'checking_raw_data_schema', 'manual__2024-03-31T10:32:17.848117+00:00', '--job-id', '11', '--raw', '--subdir', 'DAGS_FOLDER/lead_scoring_data_pipeline/.ipynb_checkpoints/lead_scoring_data_pipeline-checkpoint.py', '--cfg-path', '/tmp/tmp9yy4tz70', '--error-file', '/tmp/tmpzkijouwf']
[2024-03-31 10:32:24,006] {standard_task_runner.py:80} INFO - Job 11: Subtask checking_raw_data_schema
[2024-03-31 10:32:24,049] {task_command.py:371} INFO - Running <TaskInstance: Lead_Scoring_Data_Engineering_Pipeline.checking_raw_data_schema manual__2024-03-31T10:32:17.848117+00:00 [running]> on host 49a24e65d8ad
[2024-03-31 10:32:24,102] {taskinstance.py:1589} INFO - Exporting the following env vars:
AIRFLOW_CTX_DAG_OWNER=airflow
AIRFLOW_CTX_DAG_ID=Lead_Scoring_Data_Engineering_Pipeline
AIRFLOW_CTX_TASK_ID=checking_raw_data_schema
AIRFLOW_CTX_EXECUTION_DATE=2024-03-31T10:32:17.848117+00:00
AIRFLOW_CTX_TRY_NUMBER=1
AIRFLOW_CTX_DAG_RUN_ID=manual__2024-03-31T10:32:17.848117+00:00
[2024-03-31 10:32:24,641] {logging_mixin.py:115} INFO - Raw datas schema is in line with the schema present in schema.py
[2024-03-31 10:32:24,648] {python.py:173} INFO - Done. Returned value was: None
[2024-03-31 10:32:24,654] {taskinstance.py:1415} INFO - Marking task as SUCCESS. dag_id=Lead_Scoring_Data_Engineering_Pipeline, task_id=checking_raw_data_schema, execution_date=20240331T103217, start_date=20240331T103223, end_date=20240331T103224
[2024-03-31 10:32:24,699] {local_task_job.py:156} INFO - Task exited with return code 0
[2024-03-31 10:32:24,772] {local_task_job.py:273} INFO - 1 downstream tasks scheduled from follow-on schedule check
