[2024-04-08 16:47:59,160] {taskinstance.py:1179} INFO - Dependencies all met for <TaskInstance: Lead_Scoring_Data_Engineering_Pipeline.loading_data scheduled__2024-04-07T00:00:00+00:00 [queued]>
[2024-04-08 16:47:59,165] {taskinstance.py:1179} INFO - Dependencies all met for <TaskInstance: Lead_Scoring_Data_Engineering_Pipeline.loading_data scheduled__2024-04-07T00:00:00+00:00 [queued]>
[2024-04-08 16:47:59,165] {taskinstance.py:1376} INFO - 
--------------------------------------------------------------------------------
[2024-04-08 16:47:59,165] {taskinstance.py:1377} INFO - Starting attempt 1 of 2
[2024-04-08 16:47:59,165] {taskinstance.py:1378} INFO - 
--------------------------------------------------------------------------------
[2024-04-08 16:47:59,214] {taskinstance.py:1397} INFO - Executing <Task(PythonOperator): loading_data> on 2024-04-07 00:00:00+00:00
[2024-04-08 16:47:59,219] {standard_task_runner.py:52} INFO - Started process 4028 to run task
[2024-04-08 16:47:59,222] {standard_task_runner.py:79} INFO - Running: ['airflow', 'tasks', 'run', 'Lead_Scoring_Data_Engineering_Pipeline', 'loading_data', 'scheduled__2024-04-07T00:00:00+00:00', '--job-id', '86', '--raw', '--subdir', 'DAGS_FOLDER/lead_scoring_data_pipeline/.ipynb_checkpoints/lead_scoring_data_pipeline-checkpoint.py', '--cfg-path', '/tmp/tmpet983ke2', '--error-file', '/tmp/tmp1fkh6epp']
[2024-04-08 16:47:59,223] {standard_task_runner.py:80} INFO - Job 86: Subtask loading_data
[2024-04-08 16:47:59,273] {task_command.py:371} INFO - Running <TaskInstance: Lead_Scoring_Data_Engineering_Pipeline.loading_data scheduled__2024-04-07T00:00:00+00:00 [running]> on host 5e833cee3343
[2024-04-08 16:47:59,332] {taskinstance.py:1589} INFO - Exporting the following env vars:
AIRFLOW_CTX_DAG_OWNER=airflow
AIRFLOW_CTX_DAG_ID=Lead_Scoring_Data_Engineering_Pipeline
AIRFLOW_CTX_TASK_ID=loading_data
AIRFLOW_CTX_EXECUTION_DATE=2024-04-07T00:00:00+00:00
AIRFLOW_CTX_TRY_NUMBER=1
AIRFLOW_CTX_DAG_RUN_ID=scheduled__2024-04-07T00:00:00+00:00
[2024-04-08 16:47:59,336] {logging_mixin.py:115} INFO - loaded_data already populated
[2024-04-08 16:47:59,336] {python.py:173} INFO - Done. Returned value was: None
[2024-04-08 16:47:59,341] {taskinstance.py:1415} INFO - Marking task as SUCCESS. dag_id=Lead_Scoring_Data_Engineering_Pipeline, task_id=loading_data, execution_date=20240407T000000, start_date=20240408T164759, end_date=20240408T164759
[2024-04-08 16:47:59,394] {local_task_job.py:156} INFO - Task exited with return code 0
[2024-04-08 16:47:59,465] {local_task_job.py:273} INFO - 1 downstream tasks scheduled from follow-on schedule check
