[2024-03-31 10:04:10,737] {processor.py:153} INFO - Started process (PID=932) to work on /opt/conda/lib/python3.8/site-packages/airflow/example_dags/example_subdag_operator.py
[2024-03-31 10:04:10,737] {processor.py:641} INFO - Processing file /opt/conda/lib/python3.8/site-packages/airflow/example_dags/example_subdag_operator.py for tasks to queue
[2024-03-31 10:04:10,738] {logging_mixin.py:115} INFO - [2024-03-31 10:04:10,738] {dagbag.py:508} INFO - Filling up the DagBag from /opt/conda/lib/python3.8/site-packages/airflow/example_dags/example_subdag_operator.py
[2024-03-31 10:04:10,749] {processor.py:651} INFO - DAG(s) dict_keys(['example_subdag_operator.section-1', 'example_subdag_operator.section-2', 'example_subdag_operator']) retrieved from /opt/conda/lib/python3.8/site-packages/airflow/example_dags/example_subdag_operator.py
[2024-03-31 10:04:10,828] {logging_mixin.py:115} INFO - [2024-03-31 10:04:10,828] {manager.py:508} INFO - Created Permission View: can delete on DAG:example_subdag_operator
[2024-03-31 10:04:10,843] {logging_mixin.py:115} INFO - [2024-03-31 10:04:10,843] {manager.py:508} INFO - Created Permission View: can read on DAG:example_subdag_operator
[2024-03-31 10:04:10,858] {logging_mixin.py:115} INFO - [2024-03-31 10:04:10,858] {manager.py:508} INFO - Created Permission View: can edit on DAG:example_subdag_operator
[2024-03-31 10:04:10,858] {logging_mixin.py:115} INFO - [2024-03-31 10:04:10,858] {dag.py:2420} INFO - Sync 3 DAGs
[2024-03-31 10:04:10,863] {logging_mixin.py:115} INFO - [2024-03-31 10:04:10,863] {dag.py:2439} INFO - Creating ORM DAG for example_subdag_operator.section-1
[2024-03-31 10:04:10,864] {logging_mixin.py:115} INFO - [2024-03-31 10:04:10,864] {dag.py:2439} INFO - Creating ORM DAG for example_subdag_operator.section-2
[2024-03-31 10:04:10,864] {logging_mixin.py:115} INFO - [2024-03-31 10:04:10,864] {dag.py:2439} INFO - Creating ORM DAG for example_subdag_operator
[2024-03-31 10:04:10,870] {logging_mixin.py:115} INFO - [2024-03-31 10:04:10,870] {dag.py:2968} INFO - Setting next_dagrun for example_subdag_operator to 2022-01-01T00:00:00+00:00, run_after=2022-01-01T00:00:00+00:00
[2024-03-31 10:04:10,870] {logging_mixin.py:115} INFO - [2024-03-31 10:04:10,870] {dag.py:2968} INFO - Setting next_dagrun for example_subdag_operator.section-1 to None, run_after=None
[2024-03-31 10:04:10,870] {logging_mixin.py:115} INFO - [2024-03-31 10:04:10,870] {dag.py:2968} INFO - Setting next_dagrun for example_subdag_operator.section-2 to None, run_after=None
[2024-03-31 10:04:10,875] {logging_mixin.py:115} INFO - [2024-03-31 10:04:10,875] {dag.py:2420} INFO - Sync 2 DAGs
[2024-03-31 10:04:10,877] {logging_mixin.py:115} INFO - [2024-03-31 10:04:10,877] {dag.py:2968} INFO - Setting next_dagrun for example_subdag_operator.section-1 to None, run_after=None
[2024-03-31 10:04:10,878] {logging_mixin.py:115} INFO - [2024-03-31 10:04:10,878] {dag.py:2968} INFO - Setting next_dagrun for example_subdag_operator.section-2 to None, run_after=None
[2024-03-31 10:04:10,898] {processor.py:161} INFO - Processing /opt/conda/lib/python3.8/site-packages/airflow/example_dags/example_subdag_operator.py took 0.162 seconds
[2024-03-31 10:04:51,380] {processor.py:153} INFO - Started process (PID=966) to work on /opt/conda/lib/python3.8/site-packages/airflow/example_dags/example_subdag_operator.py
[2024-03-31 10:04:51,382] {processor.py:641} INFO - Processing file /opt/conda/lib/python3.8/site-packages/airflow/example_dags/example_subdag_operator.py for tasks to queue
[2024-03-31 10:04:51,383] {logging_mixin.py:115} INFO - [2024-03-31 10:04:51,383] {dagbag.py:508} INFO - Filling up the DagBag from /opt/conda/lib/python3.8/site-packages/airflow/example_dags/example_subdag_operator.py
[2024-03-31 10:04:51,404] {processor.py:651} INFO - DAG(s) dict_keys(['example_subdag_operator.section-1', 'example_subdag_operator.section-2', 'example_subdag_operator']) retrieved from /opt/conda/lib/python3.8/site-packages/airflow/example_dags/example_subdag_operator.py
[2024-03-31 10:04:51,428] {logging_mixin.py:115} INFO - [2024-03-31 10:04:51,428] {dag.py:2420} INFO - Sync 3 DAGs
[2024-03-31 10:04:51,441] {logging_mixin.py:115} INFO - [2024-03-31 10:04:51,441] {dag.py:2968} INFO - Setting next_dagrun for example_subdag_operator to 2022-01-01T00:00:00+00:00, run_after=2022-01-01T00:00:00+00:00
[2024-03-31 10:04:51,441] {logging_mixin.py:115} INFO - [2024-03-31 10:04:51,441] {dag.py:2968} INFO - Setting next_dagrun for example_subdag_operator.section-1 to None, run_after=None
[2024-03-31 10:04:51,442] {logging_mixin.py:115} INFO - [2024-03-31 10:04:51,442] {dag.py:2968} INFO - Setting next_dagrun for example_subdag_operator.section-2 to None, run_after=None
[2024-03-31 10:04:51,446] {logging_mixin.py:115} INFO - [2024-03-31 10:04:51,445] {dag.py:2420} INFO - Sync 2 DAGs
[2024-03-31 10:04:51,449] {logging_mixin.py:115} INFO - [2024-03-31 10:04:51,449] {dag.py:2968} INFO - Setting next_dagrun for example_subdag_operator.section-1 to None, run_after=None
[2024-03-31 10:04:51,449] {logging_mixin.py:115} INFO - [2024-03-31 10:04:51,449] {dag.py:2968} INFO - Setting next_dagrun for example_subdag_operator.section-2 to None, run_after=None
[2024-03-31 10:04:51,465] {processor.py:161} INFO - Processing /opt/conda/lib/python3.8/site-packages/airflow/example_dags/example_subdag_operator.py took 0.088 seconds
[2024-03-31 10:05:27,617] {processor.py:153} INFO - Started process (PID=1000) to work on /opt/conda/lib/python3.8/site-packages/airflow/example_dags/example_subdag_operator.py
[2024-03-31 10:05:27,619] {processor.py:641} INFO - Processing file /opt/conda/lib/python3.8/site-packages/airflow/example_dags/example_subdag_operator.py for tasks to queue
[2024-03-31 10:05:27,619] {logging_mixin.py:115} INFO - [2024-03-31 10:05:27,619] {dagbag.py:508} INFO - Filling up the DagBag from /opt/conda/lib/python3.8/site-packages/airflow/example_dags/example_subdag_operator.py
[2024-03-31 10:05:27,642] {processor.py:651} INFO - DAG(s) dict_keys(['example_subdag_operator.section-1', 'example_subdag_operator.section-2', 'example_subdag_operator']) retrieved from /opt/conda/lib/python3.8/site-packages/airflow/example_dags/example_subdag_operator.py
[2024-03-31 10:05:27,674] {logging_mixin.py:115} INFO - [2024-03-31 10:05:27,674] {dag.py:2420} INFO - Sync 3 DAGs
[2024-03-31 10:05:27,689] {logging_mixin.py:115} INFO - [2024-03-31 10:05:27,688] {dag.py:2968} INFO - Setting next_dagrun for example_subdag_operator to 2022-01-01T00:00:00+00:00, run_after=2022-01-01T00:00:00+00:00
[2024-03-31 10:05:27,689] {logging_mixin.py:115} INFO - [2024-03-31 10:05:27,689] {dag.py:2968} INFO - Setting next_dagrun for example_subdag_operator.section-1 to None, run_after=None
[2024-03-31 10:05:27,689] {logging_mixin.py:115} INFO - [2024-03-31 10:05:27,689] {dag.py:2968} INFO - Setting next_dagrun for example_subdag_operator.section-2 to None, run_after=None
[2024-03-31 10:05:27,693] {logging_mixin.py:115} INFO - [2024-03-31 10:05:27,693] {dag.py:2420} INFO - Sync 2 DAGs
[2024-03-31 10:05:27,696] {logging_mixin.py:115} INFO - [2024-03-31 10:05:27,696] {dag.py:2968} INFO - Setting next_dagrun for example_subdag_operator.section-1 to None, run_after=None
[2024-03-31 10:05:27,696] {logging_mixin.py:115} INFO - [2024-03-31 10:05:27,696] {dag.py:2968} INFO - Setting next_dagrun for example_subdag_operator.section-2 to None, run_after=None
[2024-03-31 10:05:27,737] {processor.py:161} INFO - Processing /opt/conda/lib/python3.8/site-packages/airflow/example_dags/example_subdag_operator.py took 0.123 seconds
[2024-03-31 10:06:02,768] {processor.py:153} INFO - Started process (PID=1034) to work on /opt/conda/lib/python3.8/site-packages/airflow/example_dags/example_subdag_operator.py
[2024-03-31 10:06:02,770] {processor.py:641} INFO - Processing file /opt/conda/lib/python3.8/site-packages/airflow/example_dags/example_subdag_operator.py for tasks to queue
[2024-03-31 10:06:02,771] {logging_mixin.py:115} INFO - [2024-03-31 10:06:02,771] {dagbag.py:508} INFO - Filling up the DagBag from /opt/conda/lib/python3.8/site-packages/airflow/example_dags/example_subdag_operator.py
[2024-03-31 10:06:02,791] {processor.py:651} INFO - DAG(s) dict_keys(['example_subdag_operator.section-1', 'example_subdag_operator.section-2', 'example_subdag_operator']) retrieved from /opt/conda/lib/python3.8/site-packages/airflow/example_dags/example_subdag_operator.py
[2024-03-31 10:06:02,815] {logging_mixin.py:115} INFO - [2024-03-31 10:06:02,815] {dag.py:2420} INFO - Sync 3 DAGs
[2024-03-31 10:06:02,828] {logging_mixin.py:115} INFO - [2024-03-31 10:06:02,828] {dag.py:2968} INFO - Setting next_dagrun for example_subdag_operator to 2022-01-01T00:00:00+00:00, run_after=2022-01-01T00:00:00+00:00
[2024-03-31 10:06:02,829] {logging_mixin.py:115} INFO - [2024-03-31 10:06:02,829] {dag.py:2968} INFO - Setting next_dagrun for example_subdag_operator.section-1 to None, run_after=None
[2024-03-31 10:06:02,829] {logging_mixin.py:115} INFO - [2024-03-31 10:06:02,829] {dag.py:2968} INFO - Setting next_dagrun for example_subdag_operator.section-2 to None, run_after=None
[2024-03-31 10:06:02,833] {logging_mixin.py:115} INFO - [2024-03-31 10:06:02,833] {dag.py:2420} INFO - Sync 2 DAGs
[2024-03-31 10:06:02,835] {logging_mixin.py:115} INFO - [2024-03-31 10:06:02,835] {dag.py:2968} INFO - Setting next_dagrun for example_subdag_operator.section-1 to None, run_after=None
[2024-03-31 10:06:02,836] {logging_mixin.py:115} INFO - [2024-03-31 10:06:02,836] {dag.py:2968} INFO - Setting next_dagrun for example_subdag_operator.section-2 to None, run_after=None
[2024-03-31 10:06:02,855] {processor.py:161} INFO - Processing /opt/conda/lib/python3.8/site-packages/airflow/example_dags/example_subdag_operator.py took 0.091 seconds
[2024-03-31 10:06:36,658] {processor.py:153} INFO - Started process (PID=1068) to work on /opt/conda/lib/python3.8/site-packages/airflow/example_dags/example_subdag_operator.py
[2024-03-31 10:06:36,660] {processor.py:641} INFO - Processing file /opt/conda/lib/python3.8/site-packages/airflow/example_dags/example_subdag_operator.py for tasks to queue
[2024-03-31 10:06:36,661] {logging_mixin.py:115} INFO - [2024-03-31 10:06:36,661] {dagbag.py:508} INFO - Filling up the DagBag from /opt/conda/lib/python3.8/site-packages/airflow/example_dags/example_subdag_operator.py
[2024-03-31 10:06:36,683] {processor.py:651} INFO - DAG(s) dict_keys(['example_subdag_operator.section-1', 'example_subdag_operator.section-2', 'example_subdag_operator']) retrieved from /opt/conda/lib/python3.8/site-packages/airflow/example_dags/example_subdag_operator.py
[2024-03-31 10:06:36,714] {logging_mixin.py:115} INFO - [2024-03-31 10:06:36,714] {dag.py:2420} INFO - Sync 3 DAGs
[2024-03-31 10:06:36,728] {logging_mixin.py:115} INFO - [2024-03-31 10:06:36,728] {dag.py:2968} INFO - Setting next_dagrun for example_subdag_operator to 2022-01-01T00:00:00+00:00, run_after=2022-01-01T00:00:00+00:00
[2024-03-31 10:06:36,729] {logging_mixin.py:115} INFO - [2024-03-31 10:06:36,728] {dag.py:2968} INFO - Setting next_dagrun for example_subdag_operator.section-1 to None, run_after=None
[2024-03-31 10:06:36,729] {logging_mixin.py:115} INFO - [2024-03-31 10:06:36,729] {dag.py:2968} INFO - Setting next_dagrun for example_subdag_operator.section-2 to None, run_after=None
[2024-03-31 10:06:36,733] {logging_mixin.py:115} INFO - [2024-03-31 10:06:36,733] {dag.py:2420} INFO - Sync 2 DAGs
[2024-03-31 10:06:36,736] {logging_mixin.py:115} INFO - [2024-03-31 10:06:36,736] {dag.py:2968} INFO - Setting next_dagrun for example_subdag_operator.section-1 to None, run_after=None
[2024-03-31 10:06:36,736] {logging_mixin.py:115} INFO - [2024-03-31 10:06:36,736] {dag.py:2968} INFO - Setting next_dagrun for example_subdag_operator.section-2 to None, run_after=None
[2024-03-31 10:06:36,756] {processor.py:161} INFO - Processing /opt/conda/lib/python3.8/site-packages/airflow/example_dags/example_subdag_operator.py took 0.101 seconds
[2024-03-31 10:07:10,118] {processor.py:153} INFO - Started process (PID=1102) to work on /opt/conda/lib/python3.8/site-packages/airflow/example_dags/example_subdag_operator.py
[2024-03-31 10:07:10,121] {processor.py:641} INFO - Processing file /opt/conda/lib/python3.8/site-packages/airflow/example_dags/example_subdag_operator.py for tasks to queue
[2024-03-31 10:07:10,122] {logging_mixin.py:115} INFO - [2024-03-31 10:07:10,122] {dagbag.py:508} INFO - Filling up the DagBag from /opt/conda/lib/python3.8/site-packages/airflow/example_dags/example_subdag_operator.py
[2024-03-31 10:07:10,144] {processor.py:651} INFO - DAG(s) dict_keys(['example_subdag_operator.section-1', 'example_subdag_operator.section-2', 'example_subdag_operator']) retrieved from /opt/conda/lib/python3.8/site-packages/airflow/example_dags/example_subdag_operator.py
[2024-03-31 10:07:10,171] {logging_mixin.py:115} INFO - [2024-03-31 10:07:10,171] {dag.py:2420} INFO - Sync 3 DAGs
[2024-03-31 10:07:10,185] {logging_mixin.py:115} INFO - [2024-03-31 10:07:10,185] {dag.py:2968} INFO - Setting next_dagrun for example_subdag_operator to 2022-01-01T00:00:00+00:00, run_after=2022-01-01T00:00:00+00:00
[2024-03-31 10:07:10,185] {logging_mixin.py:115} INFO - [2024-03-31 10:07:10,185] {dag.py:2968} INFO - Setting next_dagrun for example_subdag_operator.section-1 to None, run_after=None
[2024-03-31 10:07:10,185] {logging_mixin.py:115} INFO - [2024-03-31 10:07:10,185] {dag.py:2968} INFO - Setting next_dagrun for example_subdag_operator.section-2 to None, run_after=None
[2024-03-31 10:07:10,189] {logging_mixin.py:115} INFO - [2024-03-31 10:07:10,189] {dag.py:2420} INFO - Sync 2 DAGs
[2024-03-31 10:07:10,192] {logging_mixin.py:115} INFO - [2024-03-31 10:07:10,192] {dag.py:2968} INFO - Setting next_dagrun for example_subdag_operator.section-1 to None, run_after=None
[2024-03-31 10:07:10,192] {logging_mixin.py:115} INFO - [2024-03-31 10:07:10,192] {dag.py:2968} INFO - Setting next_dagrun for example_subdag_operator.section-2 to None, run_after=None
[2024-03-31 10:07:10,208] {processor.py:161} INFO - Processing /opt/conda/lib/python3.8/site-packages/airflow/example_dags/example_subdag_operator.py took 0.094 seconds
[2024-03-31 10:07:42,005] {processor.py:153} INFO - Started process (PID=1135) to work on /opt/conda/lib/python3.8/site-packages/airflow/example_dags/example_subdag_operator.py
[2024-03-31 10:07:42,007] {processor.py:641} INFO - Processing file /opt/conda/lib/python3.8/site-packages/airflow/example_dags/example_subdag_operator.py for tasks to queue
[2024-03-31 10:07:42,007] {logging_mixin.py:115} INFO - [2024-03-31 10:07:42,007] {dagbag.py:508} INFO - Filling up the DagBag from /opt/conda/lib/python3.8/site-packages/airflow/example_dags/example_subdag_operator.py
[2024-03-31 10:07:42,028] {processor.py:651} INFO - DAG(s) dict_keys(['example_subdag_operator.section-1', 'example_subdag_operator.section-2', 'example_subdag_operator']) retrieved from /opt/conda/lib/python3.8/site-packages/airflow/example_dags/example_subdag_operator.py
[2024-03-31 10:07:42,051] {logging_mixin.py:115} INFO - [2024-03-31 10:07:42,051] {dag.py:2420} INFO - Sync 3 DAGs
[2024-03-31 10:07:42,064] {logging_mixin.py:115} INFO - [2024-03-31 10:07:42,064] {dag.py:2968} INFO - Setting next_dagrun for example_subdag_operator to 2022-01-01T00:00:00+00:00, run_after=2022-01-01T00:00:00+00:00
[2024-03-31 10:07:42,064] {logging_mixin.py:115} INFO - [2024-03-31 10:07:42,064] {dag.py:2968} INFO - Setting next_dagrun for example_subdag_operator.section-1 to None, run_after=None
[2024-03-31 10:07:42,064] {logging_mixin.py:115} INFO - [2024-03-31 10:07:42,064] {dag.py:2968} INFO - Setting next_dagrun for example_subdag_operator.section-2 to None, run_after=None
[2024-03-31 10:07:42,068] {logging_mixin.py:115} INFO - [2024-03-31 10:07:42,068] {dag.py:2420} INFO - Sync 2 DAGs
[2024-03-31 10:07:42,071] {logging_mixin.py:115} INFO - [2024-03-31 10:07:42,071] {dag.py:2968} INFO - Setting next_dagrun for example_subdag_operator.section-1 to None, run_after=None
[2024-03-31 10:07:42,071] {logging_mixin.py:115} INFO - [2024-03-31 10:07:42,071] {dag.py:2968} INFO - Setting next_dagrun for example_subdag_operator.section-2 to None, run_after=None
[2024-03-31 10:07:42,088] {processor.py:161} INFO - Processing /opt/conda/lib/python3.8/site-packages/airflow/example_dags/example_subdag_operator.py took 0.087 seconds
[2024-03-31 10:08:17,662] {processor.py:153} INFO - Started process (PID=1174) to work on /opt/conda/lib/python3.8/site-packages/airflow/example_dags/example_subdag_operator.py
[2024-03-31 10:08:17,664] {processor.py:641} INFO - Processing file /opt/conda/lib/python3.8/site-packages/airflow/example_dags/example_subdag_operator.py for tasks to queue
[2024-03-31 10:08:17,664] {logging_mixin.py:115} INFO - [2024-03-31 10:08:17,664] {dagbag.py:508} INFO - Filling up the DagBag from /opt/conda/lib/python3.8/site-packages/airflow/example_dags/example_subdag_operator.py
[2024-03-31 10:08:17,685] {processor.py:651} INFO - DAG(s) dict_keys(['example_subdag_operator.section-1', 'example_subdag_operator.section-2', 'example_subdag_operator']) retrieved from /opt/conda/lib/python3.8/site-packages/airflow/example_dags/example_subdag_operator.py
[2024-03-31 10:08:17,708] {logging_mixin.py:115} INFO - [2024-03-31 10:08:17,708] {dag.py:2420} INFO - Sync 3 DAGs
[2024-03-31 10:08:17,721] {logging_mixin.py:115} INFO - [2024-03-31 10:08:17,721] {dag.py:2968} INFO - Setting next_dagrun for example_subdag_operator to 2022-01-01T00:00:00+00:00, run_after=2022-01-01T00:00:00+00:00
[2024-03-31 10:08:17,722] {logging_mixin.py:115} INFO - [2024-03-31 10:08:17,722] {dag.py:2968} INFO - Setting next_dagrun for example_subdag_operator.section-1 to None, run_after=None
[2024-03-31 10:08:17,722] {logging_mixin.py:115} INFO - [2024-03-31 10:08:17,722] {dag.py:2968} INFO - Setting next_dagrun for example_subdag_operator.section-2 to None, run_after=None
[2024-03-31 10:08:17,726] {logging_mixin.py:115} INFO - [2024-03-31 10:08:17,725] {dag.py:2420} INFO - Sync 2 DAGs
[2024-03-31 10:08:17,728] {logging_mixin.py:115} INFO - [2024-03-31 10:08:17,728] {dag.py:2968} INFO - Setting next_dagrun for example_subdag_operator.section-1 to None, run_after=None
[2024-03-31 10:08:17,728] {logging_mixin.py:115} INFO - [2024-03-31 10:08:17,728] {dag.py:2968} INFO - Setting next_dagrun for example_subdag_operator.section-2 to None, run_after=None
[2024-03-31 10:08:17,747] {processor.py:161} INFO - Processing /opt/conda/lib/python3.8/site-packages/airflow/example_dags/example_subdag_operator.py took 0.088 seconds
[2024-03-31 10:08:51,626] {processor.py:153} INFO - Started process (PID=1208) to work on /opt/conda/lib/python3.8/site-packages/airflow/example_dags/example_subdag_operator.py
[2024-03-31 10:08:51,628] {processor.py:641} INFO - Processing file /opt/conda/lib/python3.8/site-packages/airflow/example_dags/example_subdag_operator.py for tasks to queue
[2024-03-31 10:08:51,628] {logging_mixin.py:115} INFO - [2024-03-31 10:08:51,628] {dagbag.py:508} INFO - Filling up the DagBag from /opt/conda/lib/python3.8/site-packages/airflow/example_dags/example_subdag_operator.py
[2024-03-31 10:08:51,649] {processor.py:651} INFO - DAG(s) dict_keys(['example_subdag_operator.section-1', 'example_subdag_operator.section-2', 'example_subdag_operator']) retrieved from /opt/conda/lib/python3.8/site-packages/airflow/example_dags/example_subdag_operator.py
[2024-03-31 10:08:51,672] {logging_mixin.py:115} INFO - [2024-03-31 10:08:51,672] {dag.py:2420} INFO - Sync 3 DAGs
[2024-03-31 10:08:51,685] {logging_mixin.py:115} INFO - [2024-03-31 10:08:51,685] {dag.py:2968} INFO - Setting next_dagrun for example_subdag_operator to 2022-01-01T00:00:00+00:00, run_after=2022-01-01T00:00:00+00:00
[2024-03-31 10:08:51,685] {logging_mixin.py:115} INFO - [2024-03-31 10:08:51,685] {dag.py:2968} INFO - Setting next_dagrun for example_subdag_operator.section-1 to None, run_after=None
[2024-03-31 10:08:51,686] {logging_mixin.py:115} INFO - [2024-03-31 10:08:51,685] {dag.py:2968} INFO - Setting next_dagrun for example_subdag_operator.section-2 to None, run_after=None
[2024-03-31 10:08:51,689] {logging_mixin.py:115} INFO - [2024-03-31 10:08:51,689] {dag.py:2420} INFO - Sync 2 DAGs
[2024-03-31 10:08:51,692] {logging_mixin.py:115} INFO - [2024-03-31 10:08:51,692] {dag.py:2968} INFO - Setting next_dagrun for example_subdag_operator.section-1 to None, run_after=None
[2024-03-31 10:08:51,692] {logging_mixin.py:115} INFO - [2024-03-31 10:08:51,692] {dag.py:2968} INFO - Setting next_dagrun for example_subdag_operator.section-2 to None, run_after=None
[2024-03-31 10:08:51,708] {processor.py:161} INFO - Processing /opt/conda/lib/python3.8/site-packages/airflow/example_dags/example_subdag_operator.py took 0.086 seconds
[2024-03-31 10:09:23,548] {processor.py:153} INFO - Started process (PID=1240) to work on /opt/conda/lib/python3.8/site-packages/airflow/example_dags/example_subdag_operator.py
[2024-03-31 10:09:23,551] {processor.py:641} INFO - Processing file /opt/conda/lib/python3.8/site-packages/airflow/example_dags/example_subdag_operator.py for tasks to queue
[2024-03-31 10:09:23,551] {logging_mixin.py:115} INFO - [2024-03-31 10:09:23,551] {dagbag.py:508} INFO - Filling up the DagBag from /opt/conda/lib/python3.8/site-packages/airflow/example_dags/example_subdag_operator.py
[2024-03-31 10:09:23,572] {processor.py:651} INFO - DAG(s) dict_keys(['example_subdag_operator.section-1', 'example_subdag_operator.section-2', 'example_subdag_operator']) retrieved from /opt/conda/lib/python3.8/site-packages/airflow/example_dags/example_subdag_operator.py
[2024-03-31 10:09:23,596] {logging_mixin.py:115} INFO - [2024-03-31 10:09:23,596] {dag.py:2420} INFO - Sync 3 DAGs
[2024-03-31 10:09:23,609] {logging_mixin.py:115} INFO - [2024-03-31 10:09:23,609] {dag.py:2968} INFO - Setting next_dagrun for example_subdag_operator to 2022-01-01T00:00:00+00:00, run_after=2022-01-01T00:00:00+00:00
[2024-03-31 10:09:23,610] {logging_mixin.py:115} INFO - [2024-03-31 10:09:23,609] {dag.py:2968} INFO - Setting next_dagrun for example_subdag_operator.section-1 to None, run_after=None
[2024-03-31 10:09:23,610] {logging_mixin.py:115} INFO - [2024-03-31 10:09:23,610] {dag.py:2968} INFO - Setting next_dagrun for example_subdag_operator.section-2 to None, run_after=None
[2024-03-31 10:09:23,614] {logging_mixin.py:115} INFO - [2024-03-31 10:09:23,614] {dag.py:2420} INFO - Sync 2 DAGs
[2024-03-31 10:09:23,617] {logging_mixin.py:115} INFO - [2024-03-31 10:09:23,617] {dag.py:2968} INFO - Setting next_dagrun for example_subdag_operator.section-1 to None, run_after=None
[2024-03-31 10:09:23,617] {logging_mixin.py:115} INFO - [2024-03-31 10:09:23,617] {dag.py:2968} INFO - Setting next_dagrun for example_subdag_operator.section-2 to None, run_after=None
[2024-03-31 10:09:23,634] {processor.py:161} INFO - Processing /opt/conda/lib/python3.8/site-packages/airflow/example_dags/example_subdag_operator.py took 0.089 seconds
[2024-03-31 10:09:57,994] {processor.py:153} INFO - Started process (PID=1274) to work on /opt/conda/lib/python3.8/site-packages/airflow/example_dags/example_subdag_operator.py
[2024-03-31 10:09:57,996] {processor.py:641} INFO - Processing file /opt/conda/lib/python3.8/site-packages/airflow/example_dags/example_subdag_operator.py for tasks to queue
[2024-03-31 10:09:57,997] {logging_mixin.py:115} INFO - [2024-03-31 10:09:57,997] {dagbag.py:508} INFO - Filling up the DagBag from /opt/conda/lib/python3.8/site-packages/airflow/example_dags/example_subdag_operator.py
[2024-03-31 10:09:58,017] {processor.py:651} INFO - DAG(s) dict_keys(['example_subdag_operator.section-1', 'example_subdag_operator.section-2', 'example_subdag_operator']) retrieved from /opt/conda/lib/python3.8/site-packages/airflow/example_dags/example_subdag_operator.py
[2024-03-31 10:09:58,040] {logging_mixin.py:115} INFO - [2024-03-31 10:09:58,040] {dag.py:2420} INFO - Sync 3 DAGs
[2024-03-31 10:09:58,053] {logging_mixin.py:115} INFO - [2024-03-31 10:09:58,053] {dag.py:2968} INFO - Setting next_dagrun for example_subdag_operator to 2022-01-01T00:00:00+00:00, run_after=2022-01-01T00:00:00+00:00
[2024-03-31 10:09:58,053] {logging_mixin.py:115} INFO - [2024-03-31 10:09:58,053] {dag.py:2968} INFO - Setting next_dagrun for example_subdag_operator.section-1 to None, run_after=None
[2024-03-31 10:09:58,053] {logging_mixin.py:115} INFO - [2024-03-31 10:09:58,053] {dag.py:2968} INFO - Setting next_dagrun for example_subdag_operator.section-2 to None, run_after=None
[2024-03-31 10:09:58,057] {logging_mixin.py:115} INFO - [2024-03-31 10:09:58,057] {dag.py:2420} INFO - Sync 2 DAGs
[2024-03-31 10:09:58,060] {logging_mixin.py:115} INFO - [2024-03-31 10:09:58,060] {dag.py:2968} INFO - Setting next_dagrun for example_subdag_operator.section-1 to None, run_after=None
[2024-03-31 10:09:58,060] {logging_mixin.py:115} INFO - [2024-03-31 10:09:58,060] {dag.py:2968} INFO - Setting next_dagrun for example_subdag_operator.section-2 to None, run_after=None
[2024-03-31 10:09:58,076] {processor.py:161} INFO - Processing /opt/conda/lib/python3.8/site-packages/airflow/example_dags/example_subdag_operator.py took 0.086 seconds
[2024-03-31 10:12:34,230] {processor.py:153} INFO - Started process (PID=1396) to work on /opt/conda/lib/python3.8/site-packages/airflow/example_dags/example_subdag_operator.py
[2024-03-31 10:12:34,232] {processor.py:641} INFO - Processing file /opt/conda/lib/python3.8/site-packages/airflow/example_dags/example_subdag_operator.py for tasks to queue
[2024-03-31 10:12:34,233] {logging_mixin.py:115} INFO - [2024-03-31 10:12:34,233] {dagbag.py:508} INFO - Filling up the DagBag from /opt/conda/lib/python3.8/site-packages/airflow/example_dags/example_subdag_operator.py
[2024-03-31 10:12:34,256] {processor.py:651} INFO - DAG(s) dict_keys(['example_subdag_operator.section-1', 'example_subdag_operator.section-2', 'example_subdag_operator']) retrieved from /opt/conda/lib/python3.8/site-packages/airflow/example_dags/example_subdag_operator.py
[2024-03-31 10:12:34,282] {logging_mixin.py:115} INFO - [2024-03-31 10:12:34,282] {dag.py:2420} INFO - Sync 3 DAGs
[2024-03-31 10:12:34,296] {logging_mixin.py:115} INFO - [2024-03-31 10:12:34,296] {dag.py:2968} INFO - Setting next_dagrun for example_subdag_operator to 2022-01-01T00:00:00+00:00, run_after=2022-01-01T00:00:00+00:00
[2024-03-31 10:12:34,296] {logging_mixin.py:115} INFO - [2024-03-31 10:12:34,296] {dag.py:2968} INFO - Setting next_dagrun for example_subdag_operator.section-1 to None, run_after=None
[2024-03-31 10:12:34,296] {logging_mixin.py:115} INFO - [2024-03-31 10:12:34,296] {dag.py:2968} INFO - Setting next_dagrun for example_subdag_operator.section-2 to None, run_after=None
[2024-03-31 10:12:34,300] {logging_mixin.py:115} INFO - [2024-03-31 10:12:34,300] {dag.py:2420} INFO - Sync 2 DAGs
[2024-03-31 10:12:34,303] {logging_mixin.py:115} INFO - [2024-03-31 10:12:34,303] {dag.py:2968} INFO - Setting next_dagrun for example_subdag_operator.section-1 to None, run_after=None
[2024-03-31 10:12:34,304] {logging_mixin.py:115} INFO - [2024-03-31 10:12:34,303] {dag.py:2968} INFO - Setting next_dagrun for example_subdag_operator.section-2 to None, run_after=None
[2024-03-31 10:12:34,320] {processor.py:161} INFO - Processing /opt/conda/lib/python3.8/site-packages/airflow/example_dags/example_subdag_operator.py took 0.093 seconds
[2024-03-31 10:13:10,109] {processor.py:153} INFO - Started process (PID=1432) to work on /opt/conda/lib/python3.8/site-packages/airflow/example_dags/example_subdag_operator.py
[2024-03-31 10:13:10,112] {processor.py:641} INFO - Processing file /opt/conda/lib/python3.8/site-packages/airflow/example_dags/example_subdag_operator.py for tasks to queue
[2024-03-31 10:13:10,112] {logging_mixin.py:115} INFO - [2024-03-31 10:13:10,112] {dagbag.py:508} INFO - Filling up the DagBag from /opt/conda/lib/python3.8/site-packages/airflow/example_dags/example_subdag_operator.py
[2024-03-31 10:13:10,133] {processor.py:651} INFO - DAG(s) dict_keys(['example_subdag_operator.section-1', 'example_subdag_operator.section-2', 'example_subdag_operator']) retrieved from /opt/conda/lib/python3.8/site-packages/airflow/example_dags/example_subdag_operator.py
[2024-03-31 10:13:10,163] {logging_mixin.py:115} INFO - [2024-03-31 10:13:10,162] {dag.py:2420} INFO - Sync 3 DAGs
[2024-03-31 10:13:10,179] {logging_mixin.py:115} INFO - [2024-03-31 10:13:10,178] {dag.py:2968} INFO - Setting next_dagrun for example_subdag_operator to 2022-01-01T00:00:00+00:00, run_after=2022-01-01T00:00:00+00:00
[2024-03-31 10:13:10,179] {logging_mixin.py:115} INFO - [2024-03-31 10:13:10,179] {dag.py:2968} INFO - Setting next_dagrun for example_subdag_operator.section-1 to None, run_after=None
[2024-03-31 10:13:10,179] {logging_mixin.py:115} INFO - [2024-03-31 10:13:10,179] {dag.py:2968} INFO - Setting next_dagrun for example_subdag_operator.section-2 to None, run_after=None
[2024-03-31 10:13:10,183] {logging_mixin.py:115} INFO - [2024-03-31 10:13:10,183] {dag.py:2420} INFO - Sync 2 DAGs
[2024-03-31 10:13:10,186] {logging_mixin.py:115} INFO - [2024-03-31 10:13:10,185] {dag.py:2968} INFO - Setting next_dagrun for example_subdag_operator.section-1 to None, run_after=None
[2024-03-31 10:13:10,186] {logging_mixin.py:115} INFO - [2024-03-31 10:13:10,186] {dag.py:2968} INFO - Setting next_dagrun for example_subdag_operator.section-2 to None, run_after=None
[2024-03-31 10:13:10,201] {processor.py:161} INFO - Processing /opt/conda/lib/python3.8/site-packages/airflow/example_dags/example_subdag_operator.py took 0.095 seconds
[2024-03-31 10:28:15,672] {processor.py:153} INFO - Started process (PID=1603) to work on /opt/conda/lib/python3.8/site-packages/airflow/example_dags/example_subdag_operator.py
[2024-03-31 10:28:15,673] {processor.py:641} INFO - Processing file /opt/conda/lib/python3.8/site-packages/airflow/example_dags/example_subdag_operator.py for tasks to queue
[2024-03-31 10:28:15,674] {logging_mixin.py:115} INFO - [2024-03-31 10:28:15,674] {dagbag.py:508} INFO - Filling up the DagBag from /opt/conda/lib/python3.8/site-packages/airflow/example_dags/example_subdag_operator.py
[2024-03-31 10:28:15,694] {processor.py:651} INFO - DAG(s) dict_keys(['example_subdag_operator.section-1', 'example_subdag_operator.section-2', 'example_subdag_operator']) retrieved from /opt/conda/lib/python3.8/site-packages/airflow/example_dags/example_subdag_operator.py
[2024-03-31 10:28:15,721] {logging_mixin.py:115} INFO - [2024-03-31 10:28:15,720] {dag.py:2420} INFO - Sync 3 DAGs
[2024-03-31 10:28:15,734] {logging_mixin.py:115} INFO - [2024-03-31 10:28:15,734] {dag.py:2968} INFO - Setting next_dagrun for example_subdag_operator to 2022-01-01T00:00:00+00:00, run_after=2022-01-01T00:00:00+00:00
[2024-03-31 10:28:15,734] {logging_mixin.py:115} INFO - [2024-03-31 10:28:15,734] {dag.py:2968} INFO - Setting next_dagrun for example_subdag_operator.section-1 to None, run_after=None
[2024-03-31 10:28:15,734] {logging_mixin.py:115} INFO - [2024-03-31 10:28:15,734] {dag.py:2968} INFO - Setting next_dagrun for example_subdag_operator.section-2 to None, run_after=None
[2024-03-31 10:28:15,738] {logging_mixin.py:115} INFO - [2024-03-31 10:28:15,738] {dag.py:2420} INFO - Sync 2 DAGs
[2024-03-31 10:28:15,741] {logging_mixin.py:115} INFO - [2024-03-31 10:28:15,741] {dag.py:2968} INFO - Setting next_dagrun for example_subdag_operator.section-1 to None, run_after=None
[2024-03-31 10:28:15,741] {logging_mixin.py:115} INFO - [2024-03-31 10:28:15,741] {dag.py:2968} INFO - Setting next_dagrun for example_subdag_operator.section-2 to None, run_after=None
[2024-03-31 10:28:15,762] {processor.py:161} INFO - Processing /opt/conda/lib/python3.8/site-packages/airflow/example_dags/example_subdag_operator.py took 0.094 seconds
[2024-03-31 10:28:53,648] {processor.py:153} INFO - Started process (PID=1656) to work on /opt/conda/lib/python3.8/site-packages/airflow/example_dags/example_subdag_operator.py
[2024-03-31 10:28:53,649] {processor.py:641} INFO - Processing file /opt/conda/lib/python3.8/site-packages/airflow/example_dags/example_subdag_operator.py for tasks to queue
[2024-03-31 10:28:53,650] {logging_mixin.py:115} INFO - [2024-03-31 10:28:53,650] {dagbag.py:508} INFO - Filling up the DagBag from /opt/conda/lib/python3.8/site-packages/airflow/example_dags/example_subdag_operator.py
[2024-03-31 10:28:53,671] {processor.py:651} INFO - DAG(s) dict_keys(['example_subdag_operator.section-1', 'example_subdag_operator.section-2', 'example_subdag_operator']) retrieved from /opt/conda/lib/python3.8/site-packages/airflow/example_dags/example_subdag_operator.py
[2024-03-31 10:28:53,701] {logging_mixin.py:115} INFO - [2024-03-31 10:28:53,701] {dag.py:2420} INFO - Sync 3 DAGs
[2024-03-31 10:28:53,715] {logging_mixin.py:115} INFO - [2024-03-31 10:28:53,715] {dag.py:2968} INFO - Setting next_dagrun for example_subdag_operator to 2022-01-01T00:00:00+00:00, run_after=2022-01-01T00:00:00+00:00
[2024-03-31 10:28:53,715] {logging_mixin.py:115} INFO - [2024-03-31 10:28:53,715] {dag.py:2968} INFO - Setting next_dagrun for example_subdag_operator.section-1 to None, run_after=None
[2024-03-31 10:28:53,716] {logging_mixin.py:115} INFO - [2024-03-31 10:28:53,716] {dag.py:2968} INFO - Setting next_dagrun for example_subdag_operator.section-2 to None, run_after=None
[2024-03-31 10:28:53,720] {logging_mixin.py:115} INFO - [2024-03-31 10:28:53,720] {dag.py:2420} INFO - Sync 2 DAGs
[2024-03-31 10:28:53,723] {logging_mixin.py:115} INFO - [2024-03-31 10:28:53,723] {dag.py:2968} INFO - Setting next_dagrun for example_subdag_operator.section-1 to None, run_after=None
[2024-03-31 10:28:53,723] {logging_mixin.py:115} INFO - [2024-03-31 10:28:53,723] {dag.py:2968} INFO - Setting next_dagrun for example_subdag_operator.section-2 to None, run_after=None
[2024-03-31 10:28:53,740] {processor.py:161} INFO - Processing /opt/conda/lib/python3.8/site-packages/airflow/example_dags/example_subdag_operator.py took 0.095 seconds
[2024-03-31 10:29:32,420] {processor.py:153} INFO - Started process (PID=1709) to work on /opt/conda/lib/python3.8/site-packages/airflow/example_dags/example_subdag_operator.py
[2024-03-31 10:29:32,422] {processor.py:641} INFO - Processing file /opt/conda/lib/python3.8/site-packages/airflow/example_dags/example_subdag_operator.py for tasks to queue
[2024-03-31 10:29:32,422] {logging_mixin.py:115} INFO - [2024-03-31 10:29:32,422] {dagbag.py:508} INFO - Filling up the DagBag from /opt/conda/lib/python3.8/site-packages/airflow/example_dags/example_subdag_operator.py
[2024-03-31 10:29:32,443] {processor.py:651} INFO - DAG(s) dict_keys(['example_subdag_operator.section-1', 'example_subdag_operator.section-2', 'example_subdag_operator']) retrieved from /opt/conda/lib/python3.8/site-packages/airflow/example_dags/example_subdag_operator.py
[2024-03-31 10:29:32,467] {logging_mixin.py:115} INFO - [2024-03-31 10:29:32,467] {dag.py:2420} INFO - Sync 3 DAGs
[2024-03-31 10:29:32,481] {logging_mixin.py:115} INFO - [2024-03-31 10:29:32,480] {dag.py:2968} INFO - Setting next_dagrun for example_subdag_operator to 2022-01-01T00:00:00+00:00, run_after=2022-01-01T00:00:00+00:00
[2024-03-31 10:29:32,481] {logging_mixin.py:115} INFO - [2024-03-31 10:29:32,481] {dag.py:2968} INFO - Setting next_dagrun for example_subdag_operator.section-1 to None, run_after=None
[2024-03-31 10:29:32,481] {logging_mixin.py:115} INFO - [2024-03-31 10:29:32,481] {dag.py:2968} INFO - Setting next_dagrun for example_subdag_operator.section-2 to None, run_after=None
[2024-03-31 10:29:32,485] {logging_mixin.py:115} INFO - [2024-03-31 10:29:32,485] {dag.py:2420} INFO - Sync 2 DAGs
[2024-03-31 10:29:32,488] {logging_mixin.py:115} INFO - [2024-03-31 10:29:32,488] {dag.py:2968} INFO - Setting next_dagrun for example_subdag_operator.section-1 to None, run_after=None
[2024-03-31 10:29:32,488] {logging_mixin.py:115} INFO - [2024-03-31 10:29:32,488] {dag.py:2968} INFO - Setting next_dagrun for example_subdag_operator.section-2 to None, run_after=None
[2024-03-31 10:29:32,505] {processor.py:161} INFO - Processing /opt/conda/lib/python3.8/site-packages/airflow/example_dags/example_subdag_operator.py took 0.088 seconds
[2024-03-31 10:30:38,512] {processor.py:153} INFO - Started process (PID=1829) to work on /opt/conda/lib/python3.8/site-packages/airflow/example_dags/example_subdag_operator.py
[2024-03-31 10:30:38,514] {processor.py:641} INFO - Processing file /opt/conda/lib/python3.8/site-packages/airflow/example_dags/example_subdag_operator.py for tasks to queue
[2024-03-31 10:30:38,514] {logging_mixin.py:115} INFO - [2024-03-31 10:30:38,514] {dagbag.py:508} INFO - Filling up the DagBag from /opt/conda/lib/python3.8/site-packages/airflow/example_dags/example_subdag_operator.py
[2024-03-31 10:30:38,534] {processor.py:651} INFO - DAG(s) dict_keys(['example_subdag_operator.section-1', 'example_subdag_operator.section-2', 'example_subdag_operator']) retrieved from /opt/conda/lib/python3.8/site-packages/airflow/example_dags/example_subdag_operator.py
[2024-03-31 10:30:38,557] {logging_mixin.py:115} INFO - [2024-03-31 10:30:38,557] {dag.py:2420} INFO - Sync 3 DAGs
[2024-03-31 10:30:38,571] {logging_mixin.py:115} INFO - [2024-03-31 10:30:38,571] {dag.py:2968} INFO - Setting next_dagrun for example_subdag_operator to 2022-01-01T00:00:00+00:00, run_after=2022-01-01T00:00:00+00:00
[2024-03-31 10:30:38,571] {logging_mixin.py:115} INFO - [2024-03-31 10:30:38,571] {dag.py:2968} INFO - Setting next_dagrun for example_subdag_operator.section-1 to None, run_after=None
[2024-03-31 10:30:38,571] {logging_mixin.py:115} INFO - [2024-03-31 10:30:38,571] {dag.py:2968} INFO - Setting next_dagrun for example_subdag_operator.section-2 to None, run_after=None
[2024-03-31 10:30:38,575] {logging_mixin.py:115} INFO - [2024-03-31 10:30:38,575] {dag.py:2420} INFO - Sync 2 DAGs
[2024-03-31 10:30:38,579] {logging_mixin.py:115} INFO - [2024-03-31 10:30:38,578] {dag.py:2968} INFO - Setting next_dagrun for example_subdag_operator.section-1 to None, run_after=None
[2024-03-31 10:30:38,579] {logging_mixin.py:115} INFO - [2024-03-31 10:30:38,579] {dag.py:2968} INFO - Setting next_dagrun for example_subdag_operator.section-2 to None, run_after=None
[2024-03-31 10:30:38,595] {processor.py:161} INFO - Processing /opt/conda/lib/python3.8/site-packages/airflow/example_dags/example_subdag_operator.py took 0.085 seconds
[2024-03-31 10:31:16,575] {processor.py:153} INFO - Started process (PID=1882) to work on /opt/conda/lib/python3.8/site-packages/airflow/example_dags/example_subdag_operator.py
[2024-03-31 10:31:16,577] {processor.py:641} INFO - Processing file /opt/conda/lib/python3.8/site-packages/airflow/example_dags/example_subdag_operator.py for tasks to queue
[2024-03-31 10:31:16,578] {logging_mixin.py:115} INFO - [2024-03-31 10:31:16,578] {dagbag.py:508} INFO - Filling up the DagBag from /opt/conda/lib/python3.8/site-packages/airflow/example_dags/example_subdag_operator.py
[2024-03-31 10:31:16,599] {processor.py:651} INFO - DAG(s) dict_keys(['example_subdag_operator.section-1', 'example_subdag_operator.section-2', 'example_subdag_operator']) retrieved from /opt/conda/lib/python3.8/site-packages/airflow/example_dags/example_subdag_operator.py
[2024-03-31 10:31:16,627] {logging_mixin.py:115} INFO - [2024-03-31 10:31:16,627] {dag.py:2420} INFO - Sync 3 DAGs
[2024-03-31 10:31:16,641] {logging_mixin.py:115} INFO - [2024-03-31 10:31:16,641] {dag.py:2968} INFO - Setting next_dagrun for example_subdag_operator to 2022-01-01T00:00:00+00:00, run_after=2022-01-01T00:00:00+00:00
[2024-03-31 10:31:16,641] {logging_mixin.py:115} INFO - [2024-03-31 10:31:16,641] {dag.py:2968} INFO - Setting next_dagrun for example_subdag_operator.section-1 to None, run_after=None
[2024-03-31 10:31:16,641] {logging_mixin.py:115} INFO - [2024-03-31 10:31:16,641] {dag.py:2968} INFO - Setting next_dagrun for example_subdag_operator.section-2 to None, run_after=None
[2024-03-31 10:31:16,646] {logging_mixin.py:115} INFO - [2024-03-31 10:31:16,645] {dag.py:2420} INFO - Sync 2 DAGs
[2024-03-31 10:31:16,649] {logging_mixin.py:115} INFO - [2024-03-31 10:31:16,649] {dag.py:2968} INFO - Setting next_dagrun for example_subdag_operator.section-1 to None, run_after=None
[2024-03-31 10:31:16,649] {logging_mixin.py:115} INFO - [2024-03-31 10:31:16,649] {dag.py:2968} INFO - Setting next_dagrun for example_subdag_operator.section-2 to None, run_after=None
[2024-03-31 10:31:16,665] {processor.py:161} INFO - Processing /opt/conda/lib/python3.8/site-packages/airflow/example_dags/example_subdag_operator.py took 0.092 seconds
[2024-03-31 10:32:09,940] {processor.py:153} INFO - Started process (PID=2000) to work on /opt/conda/lib/python3.8/site-packages/airflow/example_dags/example_subdag_operator.py
[2024-03-31 10:32:09,942] {processor.py:641} INFO - Processing file /opt/conda/lib/python3.8/site-packages/airflow/example_dags/example_subdag_operator.py for tasks to queue
[2024-03-31 10:32:09,943] {logging_mixin.py:115} INFO - [2024-03-31 10:32:09,943] {dagbag.py:508} INFO - Filling up the DagBag from /opt/conda/lib/python3.8/site-packages/airflow/example_dags/example_subdag_operator.py
[2024-03-31 10:32:09,966] {processor.py:651} INFO - DAG(s) dict_keys(['example_subdag_operator.section-1', 'example_subdag_operator.section-2', 'example_subdag_operator']) retrieved from /opt/conda/lib/python3.8/site-packages/airflow/example_dags/example_subdag_operator.py
[2024-03-31 10:32:09,997] {logging_mixin.py:115} INFO - [2024-03-31 10:32:09,997] {dag.py:2420} INFO - Sync 3 DAGs
[2024-03-31 10:32:10,016] {logging_mixin.py:115} INFO - [2024-03-31 10:32:10,015] {dag.py:2968} INFO - Setting next_dagrun for example_subdag_operator to 2022-01-01T00:00:00+00:00, run_after=2022-01-01T00:00:00+00:00
[2024-03-31 10:32:10,016] {logging_mixin.py:115} INFO - [2024-03-31 10:32:10,016] {dag.py:2968} INFO - Setting next_dagrun for example_subdag_operator.section-1 to None, run_after=None
[2024-03-31 10:32:10,016] {logging_mixin.py:115} INFO - [2024-03-31 10:32:10,016] {dag.py:2968} INFO - Setting next_dagrun for example_subdag_operator.section-2 to None, run_after=None
[2024-03-31 10:32:10,021] {logging_mixin.py:115} INFO - [2024-03-31 10:32:10,021] {dag.py:2420} INFO - Sync 2 DAGs
[2024-03-31 10:32:10,026] {logging_mixin.py:115} INFO - [2024-03-31 10:32:10,026] {dag.py:2968} INFO - Setting next_dagrun for example_subdag_operator.section-1 to None, run_after=None
[2024-03-31 10:32:10,026] {logging_mixin.py:115} INFO - [2024-03-31 10:32:10,026] {dag.py:2968} INFO - Setting next_dagrun for example_subdag_operator.section-2 to None, run_after=None
[2024-03-31 10:32:10,043] {processor.py:161} INFO - Processing /opt/conda/lib/python3.8/site-packages/airflow/example_dags/example_subdag_operator.py took 0.107 seconds
[2024-03-31 10:33:05,512] {processor.py:153} INFO - Started process (PID=2294) to work on /opt/conda/lib/python3.8/site-packages/airflow/example_dags/example_subdag_operator.py
[2024-03-31 10:33:05,514] {processor.py:641} INFO - Processing file /opt/conda/lib/python3.8/site-packages/airflow/example_dags/example_subdag_operator.py for tasks to queue
[2024-03-31 10:33:05,514] {logging_mixin.py:115} INFO - [2024-03-31 10:33:05,514] {dagbag.py:508} INFO - Filling up the DagBag from /opt/conda/lib/python3.8/site-packages/airflow/example_dags/example_subdag_operator.py
[2024-03-31 10:33:05,534] {processor.py:651} INFO - DAG(s) dict_keys(['example_subdag_operator.section-1', 'example_subdag_operator.section-2', 'example_subdag_operator']) retrieved from /opt/conda/lib/python3.8/site-packages/airflow/example_dags/example_subdag_operator.py
[2024-03-31 10:33:05,557] {logging_mixin.py:115} INFO - [2024-03-31 10:33:05,557] {dag.py:2420} INFO - Sync 3 DAGs
[2024-03-31 10:33:05,570] {logging_mixin.py:115} INFO - [2024-03-31 10:33:05,570] {dag.py:2968} INFO - Setting next_dagrun for example_subdag_operator to 2022-01-01T00:00:00+00:00, run_after=2022-01-01T00:00:00+00:00
[2024-03-31 10:33:05,570] {logging_mixin.py:115} INFO - [2024-03-31 10:33:05,570] {dag.py:2968} INFO - Setting next_dagrun for example_subdag_operator.section-1 to None, run_after=None
[2024-03-31 10:33:05,570] {logging_mixin.py:115} INFO - [2024-03-31 10:33:05,570] {dag.py:2968} INFO - Setting next_dagrun for example_subdag_operator.section-2 to None, run_after=None
[2024-03-31 10:33:05,574] {logging_mixin.py:115} INFO - [2024-03-31 10:33:05,574] {dag.py:2420} INFO - Sync 2 DAGs
[2024-03-31 10:33:05,577] {logging_mixin.py:115} INFO - [2024-03-31 10:33:05,577] {dag.py:2968} INFO - Setting next_dagrun for example_subdag_operator.section-1 to None, run_after=None
[2024-03-31 10:33:05,577] {logging_mixin.py:115} INFO - [2024-03-31 10:33:05,577] {dag.py:2968} INFO - Setting next_dagrun for example_subdag_operator.section-2 to None, run_after=None
[2024-03-31 10:33:05,593] {processor.py:161} INFO - Processing /opt/conda/lib/python3.8/site-packages/airflow/example_dags/example_subdag_operator.py took 0.084 seconds
[2024-03-31 10:33:44,466] {processor.py:153} INFO - Started process (PID=2353) to work on /opt/conda/lib/python3.8/site-packages/airflow/example_dags/example_subdag_operator.py
[2024-03-31 10:33:44,468] {processor.py:641} INFO - Processing file /opt/conda/lib/python3.8/site-packages/airflow/example_dags/example_subdag_operator.py for tasks to queue
[2024-03-31 10:33:44,469] {logging_mixin.py:115} INFO - [2024-03-31 10:33:44,469] {dagbag.py:508} INFO - Filling up the DagBag from /opt/conda/lib/python3.8/site-packages/airflow/example_dags/example_subdag_operator.py
[2024-03-31 10:33:44,491] {processor.py:651} INFO - DAG(s) dict_keys(['example_subdag_operator.section-1', 'example_subdag_operator.section-2', 'example_subdag_operator']) retrieved from /opt/conda/lib/python3.8/site-packages/airflow/example_dags/example_subdag_operator.py
[2024-03-31 10:33:44,517] {logging_mixin.py:115} INFO - [2024-03-31 10:33:44,517] {dag.py:2420} INFO - Sync 3 DAGs
[2024-03-31 10:33:44,531] {logging_mixin.py:115} INFO - [2024-03-31 10:33:44,531] {dag.py:2968} INFO - Setting next_dagrun for example_subdag_operator to 2022-01-01T00:00:00+00:00, run_after=2022-01-01T00:00:00+00:00
[2024-03-31 10:33:44,531] {logging_mixin.py:115} INFO - [2024-03-31 10:33:44,531] {dag.py:2968} INFO - Setting next_dagrun for example_subdag_operator.section-1 to None, run_after=None
[2024-03-31 10:33:44,531] {logging_mixin.py:115} INFO - [2024-03-31 10:33:44,531] {dag.py:2968} INFO - Setting next_dagrun for example_subdag_operator.section-2 to None, run_after=None
[2024-03-31 10:33:44,535] {logging_mixin.py:115} INFO - [2024-03-31 10:33:44,535] {dag.py:2420} INFO - Sync 2 DAGs
[2024-03-31 10:33:44,538] {logging_mixin.py:115} INFO - [2024-03-31 10:33:44,538] {dag.py:2968} INFO - Setting next_dagrun for example_subdag_operator.section-1 to None, run_after=None
[2024-03-31 10:33:44,539] {logging_mixin.py:115} INFO - [2024-03-31 10:33:44,539] {dag.py:2968} INFO - Setting next_dagrun for example_subdag_operator.section-2 to None, run_after=None
[2024-03-31 10:33:44,555] {processor.py:161} INFO - Processing /opt/conda/lib/python3.8/site-packages/airflow/example_dags/example_subdag_operator.py took 0.092 seconds
