[2024-03-31 10:04:01,393] {processor.py:153} INFO - Started process (PID=925) to work on /opt/conda/lib/python3.8/site-packages/airflow/example_dags/example_dag_decorator.py
[2024-03-31 10:04:01,394] {processor.py:641} INFO - Processing file /opt/conda/lib/python3.8/site-packages/airflow/example_dags/example_dag_decorator.py for tasks to queue
[2024-03-31 10:04:01,394] {logging_mixin.py:115} INFO - [2024-03-31 10:04:01,394] {dagbag.py:508} INFO - Filling up the DagBag from /opt/conda/lib/python3.8/site-packages/airflow/example_dags/example_dag_decorator.py
[2024-03-31 10:04:01,422] {processor.py:651} INFO - DAG(s) dict_keys(['example_dag_decorator']) retrieved from /opt/conda/lib/python3.8/site-packages/airflow/example_dags/example_dag_decorator.py
[2024-03-31 10:04:01,491] {logging_mixin.py:115} INFO - [2024-03-31 10:04:01,491] {manager.py:508} INFO - Created Permission View: can delete on DAG:example_dag_decorator
[2024-03-31 10:04:01,512] {logging_mixin.py:115} INFO - [2024-03-31 10:04:01,512] {manager.py:508} INFO - Created Permission View: can read on DAG:example_dag_decorator
[2024-03-31 10:04:01,527] {logging_mixin.py:115} INFO - [2024-03-31 10:04:01,527] {manager.py:508} INFO - Created Permission View: can edit on DAG:example_dag_decorator
[2024-03-31 10:04:01,527] {logging_mixin.py:115} INFO - [2024-03-31 10:04:01,527] {dag.py:2420} INFO - Sync 1 DAGs
[2024-03-31 10:04:01,532] {logging_mixin.py:115} INFO - [2024-03-31 10:04:01,532] {dag.py:2439} INFO - Creating ORM DAG for example_dag_decorator
[2024-03-31 10:04:01,538] {logging_mixin.py:115} INFO - [2024-03-31 10:04:01,538] {dag.py:2968} INFO - Setting next_dagrun for example_dag_decorator to None, run_after=None
[2024-03-31 10:04:01,562] {processor.py:161} INFO - Processing /opt/conda/lib/python3.8/site-packages/airflow/example_dags/example_dag_decorator.py took 0.170 seconds
[2024-03-31 10:04:44,269] {processor.py:153} INFO - Started process (PID=959) to work on /opt/conda/lib/python3.8/site-packages/airflow/example_dags/example_dag_decorator.py
[2024-03-31 10:04:44,270] {processor.py:641} INFO - Processing file /opt/conda/lib/python3.8/site-packages/airflow/example_dags/example_dag_decorator.py for tasks to queue
[2024-03-31 10:04:44,271] {logging_mixin.py:115} INFO - [2024-03-31 10:04:44,271] {dagbag.py:508} INFO - Filling up the DagBag from /opt/conda/lib/python3.8/site-packages/airflow/example_dags/example_dag_decorator.py
[2024-03-31 10:04:44,294] {processor.py:651} INFO - DAG(s) dict_keys(['example_dag_decorator']) retrieved from /opt/conda/lib/python3.8/site-packages/airflow/example_dags/example_dag_decorator.py
[2024-03-31 10:04:44,328] {logging_mixin.py:115} INFO - [2024-03-31 10:04:44,328] {dag.py:2420} INFO - Sync 1 DAGs
[2024-03-31 10:04:44,340] {logging_mixin.py:115} INFO - [2024-03-31 10:04:44,340] {dag.py:2968} INFO - Setting next_dagrun for example_dag_decorator to None, run_after=None
[2024-03-31 10:04:44,360] {processor.py:161} INFO - Processing /opt/conda/lib/python3.8/site-packages/airflow/example_dags/example_dag_decorator.py took 0.094 seconds
[2024-03-31 10:05:19,746] {processor.py:153} INFO - Started process (PID=993) to work on /opt/conda/lib/python3.8/site-packages/airflow/example_dags/example_dag_decorator.py
[2024-03-31 10:05:19,748] {processor.py:641} INFO - Processing file /opt/conda/lib/python3.8/site-packages/airflow/example_dags/example_dag_decorator.py for tasks to queue
[2024-03-31 10:05:19,748] {logging_mixin.py:115} INFO - [2024-03-31 10:05:19,748] {dagbag.py:508} INFO - Filling up the DagBag from /opt/conda/lib/python3.8/site-packages/airflow/example_dags/example_dag_decorator.py
[2024-03-31 10:05:19,775] {processor.py:651} INFO - DAG(s) dict_keys(['example_dag_decorator']) retrieved from /opt/conda/lib/python3.8/site-packages/airflow/example_dags/example_dag_decorator.py
[2024-03-31 10:05:19,813] {logging_mixin.py:115} INFO - [2024-03-31 10:05:19,813] {dag.py:2420} INFO - Sync 1 DAGs
[2024-03-31 10:05:19,826] {logging_mixin.py:115} INFO - [2024-03-31 10:05:19,826] {dag.py:2968} INFO - Setting next_dagrun for example_dag_decorator to None, run_after=None
[2024-03-31 10:05:19,861] {processor.py:161} INFO - Processing /opt/conda/lib/python3.8/site-packages/airflow/example_dags/example_dag_decorator.py took 0.119 seconds
[2024-03-31 10:05:51,433] {processor.py:153} INFO - Started process (PID=1023) to work on /opt/conda/lib/python3.8/site-packages/airflow/example_dags/example_dag_decorator.py
[2024-03-31 10:05:51,435] {processor.py:641} INFO - Processing file /opt/conda/lib/python3.8/site-packages/airflow/example_dags/example_dag_decorator.py for tasks to queue
[2024-03-31 10:05:51,436] {logging_mixin.py:115} INFO - [2024-03-31 10:05:51,436] {dagbag.py:508} INFO - Filling up the DagBag from /opt/conda/lib/python3.8/site-packages/airflow/example_dags/example_dag_decorator.py
[2024-03-31 10:05:51,459] {processor.py:651} INFO - DAG(s) dict_keys(['example_dag_decorator']) retrieved from /opt/conda/lib/python3.8/site-packages/airflow/example_dags/example_dag_decorator.py
[2024-03-31 10:05:51,472] {logging_mixin.py:115} INFO - [2024-03-31 10:05:51,472] {dag.py:2420} INFO - Sync 1 DAGs
[2024-03-31 10:05:51,485] {logging_mixin.py:115} INFO - [2024-03-31 10:05:51,485] {dag.py:2968} INFO - Setting next_dagrun for example_dag_decorator to None, run_after=None
[2024-03-31 10:05:51,504] {processor.py:161} INFO - Processing /opt/conda/lib/python3.8/site-packages/airflow/example_dags/example_dag_decorator.py took 0.074 seconds
[2024-03-31 10:06:24,332] {processor.py:153} INFO - Started process (PID=1055) to work on /opt/conda/lib/python3.8/site-packages/airflow/example_dags/example_dag_decorator.py
[2024-03-31 10:06:24,333] {processor.py:641} INFO - Processing file /opt/conda/lib/python3.8/site-packages/airflow/example_dags/example_dag_decorator.py for tasks to queue
[2024-03-31 10:06:24,333] {logging_mixin.py:115} INFO - [2024-03-31 10:06:24,333] {dagbag.py:508} INFO - Filling up the DagBag from /opt/conda/lib/python3.8/site-packages/airflow/example_dags/example_dag_decorator.py
[2024-03-31 10:06:24,356] {processor.py:651} INFO - DAG(s) dict_keys(['example_dag_decorator']) retrieved from /opt/conda/lib/python3.8/site-packages/airflow/example_dags/example_dag_decorator.py
[2024-03-31 10:06:24,390] {logging_mixin.py:115} INFO - [2024-03-31 10:06:24,390] {dag.py:2420} INFO - Sync 1 DAGs
[2024-03-31 10:06:24,401] {logging_mixin.py:115} INFO - [2024-03-31 10:06:24,401] {dag.py:2968} INFO - Setting next_dagrun for example_dag_decorator to None, run_after=None
[2024-03-31 10:06:24,421] {processor.py:161} INFO - Processing /opt/conda/lib/python3.8/site-packages/airflow/example_dags/example_dag_decorator.py took 0.091 seconds
[2024-03-31 10:06:55,980] {processor.py:153} INFO - Started process (PID=1087) to work on /opt/conda/lib/python3.8/site-packages/airflow/example_dags/example_dag_decorator.py
[2024-03-31 10:06:55,982] {processor.py:641} INFO - Processing file /opt/conda/lib/python3.8/site-packages/airflow/example_dags/example_dag_decorator.py for tasks to queue
[2024-03-31 10:06:55,983] {logging_mixin.py:115} INFO - [2024-03-31 10:06:55,983] {dagbag.py:508} INFO - Filling up the DagBag from /opt/conda/lib/python3.8/site-packages/airflow/example_dags/example_dag_decorator.py
[2024-03-31 10:06:56,006] {processor.py:651} INFO - DAG(s) dict_keys(['example_dag_decorator']) retrieved from /opt/conda/lib/python3.8/site-packages/airflow/example_dags/example_dag_decorator.py
[2024-03-31 10:06:56,019] {logging_mixin.py:115} INFO - [2024-03-31 10:06:56,019] {dag.py:2420} INFO - Sync 1 DAGs
[2024-03-31 10:06:56,032] {logging_mixin.py:115} INFO - [2024-03-31 10:06:56,032] {dag.py:2968} INFO - Setting next_dagrun for example_dag_decorator to None, run_after=None
[2024-03-31 10:06:56,051] {processor.py:161} INFO - Processing /opt/conda/lib/python3.8/site-packages/airflow/example_dags/example_dag_decorator.py took 0.074 seconds
[2024-03-31 10:07:28,649] {processor.py:153} INFO - Started process (PID=1121) to work on /opt/conda/lib/python3.8/site-packages/airflow/example_dags/example_dag_decorator.py
[2024-03-31 10:07:28,651] {processor.py:641} INFO - Processing file /opt/conda/lib/python3.8/site-packages/airflow/example_dags/example_dag_decorator.py for tasks to queue
[2024-03-31 10:07:28,651] {logging_mixin.py:115} INFO - [2024-03-31 10:07:28,651] {dagbag.py:508} INFO - Filling up the DagBag from /opt/conda/lib/python3.8/site-packages/airflow/example_dags/example_dag_decorator.py
[2024-03-31 10:07:28,677] {processor.py:651} INFO - DAG(s) dict_keys(['example_dag_decorator']) retrieved from /opt/conda/lib/python3.8/site-packages/airflow/example_dags/example_dag_decorator.py
[2024-03-31 10:07:28,720] {logging_mixin.py:115} INFO - [2024-03-31 10:07:28,720] {dag.py:2420} INFO - Sync 1 DAGs
[2024-03-31 10:07:28,733] {logging_mixin.py:115} INFO - [2024-03-31 10:07:28,733] {dag.py:2968} INFO - Setting next_dagrun for example_dag_decorator to None, run_after=None
[2024-03-31 10:07:28,753] {processor.py:161} INFO - Processing /opt/conda/lib/python3.8/site-packages/airflow/example_dags/example_dag_decorator.py took 0.108 seconds
[2024-03-31 10:08:00,908] {processor.py:153} INFO - Started process (PID=1153) to work on /opt/conda/lib/python3.8/site-packages/airflow/example_dags/example_dag_decorator.py
[2024-03-31 10:08:00,911] {processor.py:641} INFO - Processing file /opt/conda/lib/python3.8/site-packages/airflow/example_dags/example_dag_decorator.py for tasks to queue
[2024-03-31 10:08:00,912] {logging_mixin.py:115} INFO - [2024-03-31 10:08:00,912] {dagbag.py:508} INFO - Filling up the DagBag from /opt/conda/lib/python3.8/site-packages/airflow/example_dags/example_dag_decorator.py
[2024-03-31 10:08:00,936] {processor.py:651} INFO - DAG(s) dict_keys(['example_dag_decorator']) retrieved from /opt/conda/lib/python3.8/site-packages/airflow/example_dags/example_dag_decorator.py
[2024-03-31 10:08:00,970] {logging_mixin.py:115} INFO - [2024-03-31 10:08:00,970] {dag.py:2420} INFO - Sync 1 DAGs
[2024-03-31 10:08:00,982] {logging_mixin.py:115} INFO - [2024-03-31 10:08:00,982] {dag.py:2968} INFO - Setting next_dagrun for example_dag_decorator to None, run_after=None
[2024-03-31 10:08:01,003] {processor.py:161} INFO - Processing /opt/conda/lib/python3.8/site-packages/airflow/example_dags/example_dag_decorator.py took 0.098 seconds
[2024-03-31 10:08:36,133] {processor.py:153} INFO - Started process (PID=1192) to work on /opt/conda/lib/python3.8/site-packages/airflow/example_dags/example_dag_decorator.py
[2024-03-31 10:08:36,135] {processor.py:641} INFO - Processing file /opt/conda/lib/python3.8/site-packages/airflow/example_dags/example_dag_decorator.py for tasks to queue
[2024-03-31 10:08:36,136] {logging_mixin.py:115} INFO - [2024-03-31 10:08:36,136] {dagbag.py:508} INFO - Filling up the DagBag from /opt/conda/lib/python3.8/site-packages/airflow/example_dags/example_dag_decorator.py
[2024-03-31 10:08:36,162] {processor.py:651} INFO - DAG(s) dict_keys(['example_dag_decorator']) retrieved from /opt/conda/lib/python3.8/site-packages/airflow/example_dags/example_dag_decorator.py
[2024-03-31 10:08:36,179] {logging_mixin.py:115} INFO - [2024-03-31 10:08:36,179] {dag.py:2420} INFO - Sync 1 DAGs
[2024-03-31 10:08:36,197] {logging_mixin.py:115} INFO - [2024-03-31 10:08:36,197] {dag.py:2968} INFO - Setting next_dagrun for example_dag_decorator to None, run_after=None
[2024-03-31 10:08:36,217] {processor.py:161} INFO - Processing /opt/conda/lib/python3.8/site-packages/airflow/example_dags/example_dag_decorator.py took 0.087 seconds
[2024-03-31 10:09:08,485] {processor.py:153} INFO - Started process (PID=1225) to work on /opt/conda/lib/python3.8/site-packages/airflow/example_dags/example_dag_decorator.py
[2024-03-31 10:09:08,488] {processor.py:641} INFO - Processing file /opt/conda/lib/python3.8/site-packages/airflow/example_dags/example_dag_decorator.py for tasks to queue
[2024-03-31 10:09:08,488] {logging_mixin.py:115} INFO - [2024-03-31 10:09:08,488] {dagbag.py:508} INFO - Filling up the DagBag from /opt/conda/lib/python3.8/site-packages/airflow/example_dags/example_dag_decorator.py
[2024-03-31 10:09:08,512] {processor.py:651} INFO - DAG(s) dict_keys(['example_dag_decorator']) retrieved from /opt/conda/lib/python3.8/site-packages/airflow/example_dags/example_dag_decorator.py
[2024-03-31 10:09:08,546] {logging_mixin.py:115} INFO - [2024-03-31 10:09:08,546] {dag.py:2420} INFO - Sync 1 DAGs
[2024-03-31 10:09:08,558] {logging_mixin.py:115} INFO - [2024-03-31 10:09:08,558] {dag.py:2968} INFO - Setting next_dagrun for example_dag_decorator to None, run_after=None
[2024-03-31 10:09:08,579] {processor.py:161} INFO - Processing /opt/conda/lib/python3.8/site-packages/airflow/example_dags/example_dag_decorator.py took 0.097 seconds
[2024-03-31 10:09:42,417] {processor.py:153} INFO - Started process (PID=1258) to work on /opt/conda/lib/python3.8/site-packages/airflow/example_dags/example_dag_decorator.py
[2024-03-31 10:09:42,419] {processor.py:641} INFO - Processing file /opt/conda/lib/python3.8/site-packages/airflow/example_dags/example_dag_decorator.py for tasks to queue
[2024-03-31 10:09:42,420] {logging_mixin.py:115} INFO - [2024-03-31 10:09:42,419] {dagbag.py:508} INFO - Filling up the DagBag from /opt/conda/lib/python3.8/site-packages/airflow/example_dags/example_dag_decorator.py
[2024-03-31 10:09:42,442] {processor.py:651} INFO - DAG(s) dict_keys(['example_dag_decorator']) retrieved from /opt/conda/lib/python3.8/site-packages/airflow/example_dags/example_dag_decorator.py
[2024-03-31 10:09:42,456] {logging_mixin.py:115} INFO - [2024-03-31 10:09:42,456] {dag.py:2420} INFO - Sync 1 DAGs
[2024-03-31 10:09:42,468] {logging_mixin.py:115} INFO - [2024-03-31 10:09:42,468] {dag.py:2968} INFO - Setting next_dagrun for example_dag_decorator to None, run_after=None
[2024-03-31 10:09:42,486] {processor.py:161} INFO - Processing /opt/conda/lib/python3.8/site-packages/airflow/example_dags/example_dag_decorator.py took 0.072 seconds
[2024-03-31 10:10:13,609] {processor.py:153} INFO - Started process (PID=1291) to work on /opt/conda/lib/python3.8/site-packages/airflow/example_dags/example_dag_decorator.py
[2024-03-31 10:10:13,611] {processor.py:641} INFO - Processing file /opt/conda/lib/python3.8/site-packages/airflow/example_dags/example_dag_decorator.py for tasks to queue
[2024-03-31 10:10:13,611] {logging_mixin.py:115} INFO - [2024-03-31 10:10:13,611] {dagbag.py:508} INFO - Filling up the DagBag from /opt/conda/lib/python3.8/site-packages/airflow/example_dags/example_dag_decorator.py
[2024-03-31 10:10:13,637] {processor.py:651} INFO - DAG(s) dict_keys(['example_dag_decorator']) retrieved from /opt/conda/lib/python3.8/site-packages/airflow/example_dags/example_dag_decorator.py
[2024-03-31 10:10:13,654] {logging_mixin.py:115} INFO - [2024-03-31 10:10:13,654] {dag.py:2420} INFO - Sync 1 DAGs
[2024-03-31 10:10:13,669] {logging_mixin.py:115} INFO - [2024-03-31 10:10:13,669] {dag.py:2968} INFO - Setting next_dagrun for example_dag_decorator to None, run_after=None
[2024-03-31 10:10:13,688] {processor.py:161} INFO - Processing /opt/conda/lib/python3.8/site-packages/airflow/example_dags/example_dag_decorator.py took 0.082 seconds
[2024-03-31 10:12:26,737] {processor.py:153} INFO - Started process (PID=1389) to work on /opt/conda/lib/python3.8/site-packages/airflow/example_dags/example_dag_decorator.py
[2024-03-31 10:12:26,739] {processor.py:641} INFO - Processing file /opt/conda/lib/python3.8/site-packages/airflow/example_dags/example_dag_decorator.py for tasks to queue
[2024-03-31 10:12:26,740] {logging_mixin.py:115} INFO - [2024-03-31 10:12:26,740] {dagbag.py:508} INFO - Filling up the DagBag from /opt/conda/lib/python3.8/site-packages/airflow/example_dags/example_dag_decorator.py
[2024-03-31 10:12:26,764] {processor.py:651} INFO - DAG(s) dict_keys(['example_dag_decorator']) retrieved from /opt/conda/lib/python3.8/site-packages/airflow/example_dags/example_dag_decorator.py
[2024-03-31 10:12:26,800] {logging_mixin.py:115} INFO - [2024-03-31 10:12:26,800] {dag.py:2420} INFO - Sync 1 DAGs
[2024-03-31 10:12:26,812] {logging_mixin.py:115} INFO - [2024-03-31 10:12:26,812] {dag.py:2968} INFO - Setting next_dagrun for example_dag_decorator to None, run_after=None
[2024-03-31 10:12:26,833] {processor.py:161} INFO - Processing /opt/conda/lib/python3.8/site-packages/airflow/example_dags/example_dag_decorator.py took 0.100 seconds
[2024-03-31 10:13:02,492] {processor.py:153} INFO - Started process (PID=1425) to work on /opt/conda/lib/python3.8/site-packages/airflow/example_dags/example_dag_decorator.py
[2024-03-31 10:13:02,495] {processor.py:641} INFO - Processing file /opt/conda/lib/python3.8/site-packages/airflow/example_dags/example_dag_decorator.py for tasks to queue
[2024-03-31 10:13:02,496] {logging_mixin.py:115} INFO - [2024-03-31 10:13:02,495] {dagbag.py:508} INFO - Filling up the DagBag from /opt/conda/lib/python3.8/site-packages/airflow/example_dags/example_dag_decorator.py
[2024-03-31 10:13:02,520] {processor.py:651} INFO - DAG(s) dict_keys(['example_dag_decorator']) retrieved from /opt/conda/lib/python3.8/site-packages/airflow/example_dags/example_dag_decorator.py
[2024-03-31 10:13:02,565] {logging_mixin.py:115} INFO - [2024-03-31 10:13:02,565] {dag.py:2420} INFO - Sync 1 DAGs
[2024-03-31 10:13:02,582] {logging_mixin.py:115} INFO - [2024-03-31 10:13:02,582] {dag.py:2968} INFO - Setting next_dagrun for example_dag_decorator to None, run_after=None
[2024-03-31 10:13:02,605] {processor.py:161} INFO - Processing /opt/conda/lib/python3.8/site-packages/airflow/example_dags/example_dag_decorator.py took 0.116 seconds
[2024-03-31 10:28:09,304] {processor.py:153} INFO - Started process (PID=1596) to work on /opt/conda/lib/python3.8/site-packages/airflow/example_dags/example_dag_decorator.py
[2024-03-31 10:28:09,306] {processor.py:641} INFO - Processing file /opt/conda/lib/python3.8/site-packages/airflow/example_dags/example_dag_decorator.py for tasks to queue
[2024-03-31 10:28:09,306] {logging_mixin.py:115} INFO - [2024-03-31 10:28:09,306] {dagbag.py:508} INFO - Filling up the DagBag from /opt/conda/lib/python3.8/site-packages/airflow/example_dags/example_dag_decorator.py
[2024-03-31 10:28:09,330] {processor.py:651} INFO - DAG(s) dict_keys(['example_dag_decorator']) retrieved from /opt/conda/lib/python3.8/site-packages/airflow/example_dags/example_dag_decorator.py
[2024-03-31 10:28:09,391] {logging_mixin.py:115} INFO - [2024-03-31 10:28:09,391] {dag.py:2420} INFO - Sync 1 DAGs
[2024-03-31 10:28:09,406] {logging_mixin.py:115} INFO - [2024-03-31 10:28:09,406] {dag.py:2968} INFO - Setting next_dagrun for example_dag_decorator to None, run_after=None
[2024-03-31 10:28:09,427] {processor.py:161} INFO - Processing /opt/conda/lib/python3.8/site-packages/airflow/example_dags/example_dag_decorator.py took 0.126 seconds
[2024-03-31 10:28:46,947] {processor.py:153} INFO - Started process (PID=1649) to work on /opt/conda/lib/python3.8/site-packages/airflow/example_dags/example_dag_decorator.py
[2024-03-31 10:28:46,949] {processor.py:641} INFO - Processing file /opt/conda/lib/python3.8/site-packages/airflow/example_dags/example_dag_decorator.py for tasks to queue
[2024-03-31 10:28:46,950] {logging_mixin.py:115} INFO - [2024-03-31 10:28:46,949] {dagbag.py:508} INFO - Filling up the DagBag from /opt/conda/lib/python3.8/site-packages/airflow/example_dags/example_dag_decorator.py
[2024-03-31 10:28:46,972] {processor.py:651} INFO - DAG(s) dict_keys(['example_dag_decorator']) retrieved from /opt/conda/lib/python3.8/site-packages/airflow/example_dags/example_dag_decorator.py
[2024-03-31 10:28:47,007] {logging_mixin.py:115} INFO - [2024-03-31 10:28:47,007] {dag.py:2420} INFO - Sync 1 DAGs
[2024-03-31 10:28:47,021] {logging_mixin.py:115} INFO - [2024-03-31 10:28:47,021] {dag.py:2968} INFO - Setting next_dagrun for example_dag_decorator to None, run_after=None
[2024-03-31 10:28:47,042] {processor.py:161} INFO - Processing /opt/conda/lib/python3.8/site-packages/airflow/example_dags/example_dag_decorator.py took 0.097 seconds
[2024-03-31 10:29:25,540] {processor.py:153} INFO - Started process (PID=1702) to work on /opt/conda/lib/python3.8/site-packages/airflow/example_dags/example_dag_decorator.py
[2024-03-31 10:29:25,542] {processor.py:641} INFO - Processing file /opt/conda/lib/python3.8/site-packages/airflow/example_dags/example_dag_decorator.py for tasks to queue
[2024-03-31 10:29:25,542] {logging_mixin.py:115} INFO - [2024-03-31 10:29:25,542] {dagbag.py:508} INFO - Filling up the DagBag from /opt/conda/lib/python3.8/site-packages/airflow/example_dags/example_dag_decorator.py
[2024-03-31 10:29:25,564] {processor.py:651} INFO - DAG(s) dict_keys(['example_dag_decorator']) retrieved from /opt/conda/lib/python3.8/site-packages/airflow/example_dags/example_dag_decorator.py
[2024-03-31 10:29:25,599] {logging_mixin.py:115} INFO - [2024-03-31 10:29:25,599] {dag.py:2420} INFO - Sync 1 DAGs
[2024-03-31 10:29:25,612] {logging_mixin.py:115} INFO - [2024-03-31 10:29:25,612] {dag.py:2968} INFO - Setting next_dagrun for example_dag_decorator to None, run_after=None
[2024-03-31 10:29:25,635] {processor.py:161} INFO - Processing /opt/conda/lib/python3.8/site-packages/airflow/example_dags/example_dag_decorator.py took 0.097 seconds
[2024-03-31 10:30:32,055] {processor.py:153} INFO - Started process (PID=1822) to work on /opt/conda/lib/python3.8/site-packages/airflow/example_dags/example_dag_decorator.py
[2024-03-31 10:30:32,057] {processor.py:641} INFO - Processing file /opt/conda/lib/python3.8/site-packages/airflow/example_dags/example_dag_decorator.py for tasks to queue
[2024-03-31 10:30:32,058] {logging_mixin.py:115} INFO - [2024-03-31 10:30:32,058] {dagbag.py:508} INFO - Filling up the DagBag from /opt/conda/lib/python3.8/site-packages/airflow/example_dags/example_dag_decorator.py
[2024-03-31 10:30:32,082] {processor.py:651} INFO - DAG(s) dict_keys(['example_dag_decorator']) retrieved from /opt/conda/lib/python3.8/site-packages/airflow/example_dags/example_dag_decorator.py
[2024-03-31 10:30:32,127] {logging_mixin.py:115} INFO - [2024-03-31 10:30:32,127] {dag.py:2420} INFO - Sync 1 DAGs
[2024-03-31 10:30:32,144] {logging_mixin.py:115} INFO - [2024-03-31 10:30:32,144] {dag.py:2968} INFO - Setting next_dagrun for example_dag_decorator to None, run_after=None
[2024-03-31 10:30:32,165] {processor.py:161} INFO - Processing /opt/conda/lib/python3.8/site-packages/airflow/example_dags/example_dag_decorator.py took 0.113 seconds
[2024-03-31 10:31:09,011] {processor.py:153} INFO - Started process (PID=1875) to work on /opt/conda/lib/python3.8/site-packages/airflow/example_dags/example_dag_decorator.py
[2024-03-31 10:31:09,013] {processor.py:641} INFO - Processing file /opt/conda/lib/python3.8/site-packages/airflow/example_dags/example_dag_decorator.py for tasks to queue
[2024-03-31 10:31:09,013] {logging_mixin.py:115} INFO - [2024-03-31 10:31:09,013] {dagbag.py:508} INFO - Filling up the DagBag from /opt/conda/lib/python3.8/site-packages/airflow/example_dags/example_dag_decorator.py
[2024-03-31 10:31:09,037] {processor.py:651} INFO - DAG(s) dict_keys(['example_dag_decorator']) retrieved from /opt/conda/lib/python3.8/site-packages/airflow/example_dags/example_dag_decorator.py
[2024-03-31 10:31:09,079] {logging_mixin.py:115} INFO - [2024-03-31 10:31:09,079] {dag.py:2420} INFO - Sync 1 DAGs
[2024-03-31 10:31:09,093] {logging_mixin.py:115} INFO - [2024-03-31 10:31:09,092] {dag.py:2968} INFO - Setting next_dagrun for example_dag_decorator to None, run_after=None
[2024-03-31 10:31:09,115] {processor.py:161} INFO - Processing /opt/conda/lib/python3.8/site-packages/airflow/example_dags/example_dag_decorator.py took 0.107 seconds
[2024-03-31 10:32:02,301] {processor.py:153} INFO - Started process (PID=1993) to work on /opt/conda/lib/python3.8/site-packages/airflow/example_dags/example_dag_decorator.py
[2024-03-31 10:32:02,303] {processor.py:641} INFO - Processing file /opt/conda/lib/python3.8/site-packages/airflow/example_dags/example_dag_decorator.py for tasks to queue
[2024-03-31 10:32:02,304] {logging_mixin.py:115} INFO - [2024-03-31 10:32:02,304] {dagbag.py:508} INFO - Filling up the DagBag from /opt/conda/lib/python3.8/site-packages/airflow/example_dags/example_dag_decorator.py
[2024-03-31 10:32:02,330] {processor.py:651} INFO - DAG(s) dict_keys(['example_dag_decorator']) retrieved from /opt/conda/lib/python3.8/site-packages/airflow/example_dags/example_dag_decorator.py
[2024-03-31 10:32:02,378] {logging_mixin.py:115} INFO - [2024-03-31 10:32:02,377] {dag.py:2420} INFO - Sync 1 DAGs
[2024-03-31 10:32:02,392] {logging_mixin.py:115} INFO - [2024-03-31 10:32:02,392] {dag.py:2968} INFO - Setting next_dagrun for example_dag_decorator to None, run_after=None
[2024-03-31 10:32:02,413] {processor.py:161} INFO - Processing /opt/conda/lib/python3.8/site-packages/airflow/example_dags/example_dag_decorator.py took 0.115 seconds
[2024-03-31 10:32:57,848] {processor.py:153} INFO - Started process (PID=2284) to work on /opt/conda/lib/python3.8/site-packages/airflow/example_dags/example_dag_decorator.py
[2024-03-31 10:32:57,850] {processor.py:641} INFO - Processing file /opt/conda/lib/python3.8/site-packages/airflow/example_dags/example_dag_decorator.py for tasks to queue
[2024-03-31 10:32:57,851] {logging_mixin.py:115} INFO - [2024-03-31 10:32:57,850] {dagbag.py:508} INFO - Filling up the DagBag from /opt/conda/lib/python3.8/site-packages/airflow/example_dags/example_dag_decorator.py
[2024-03-31 10:32:57,876] {processor.py:651} INFO - DAG(s) dict_keys(['example_dag_decorator']) retrieved from /opt/conda/lib/python3.8/site-packages/airflow/example_dags/example_dag_decorator.py
[2024-03-31 10:32:57,919] {logging_mixin.py:115} INFO - [2024-03-31 10:32:57,919] {dag.py:2420} INFO - Sync 1 DAGs
[2024-03-31 10:32:57,931] {logging_mixin.py:115} INFO - [2024-03-31 10:32:57,931] {dag.py:2968} INFO - Setting next_dagrun for example_dag_decorator to None, run_after=None
[2024-03-31 10:32:57,952] {processor.py:161} INFO - Processing /opt/conda/lib/python3.8/site-packages/airflow/example_dags/example_dag_decorator.py took 0.107 seconds
[2024-03-31 10:33:36,530] {processor.py:153} INFO - Started process (PID=2346) to work on /opt/conda/lib/python3.8/site-packages/airflow/example_dags/example_dag_decorator.py
[2024-03-31 10:33:36,532] {processor.py:641} INFO - Processing file /opt/conda/lib/python3.8/site-packages/airflow/example_dags/example_dag_decorator.py for tasks to queue
[2024-03-31 10:33:36,532] {logging_mixin.py:115} INFO - [2024-03-31 10:33:36,532] {dagbag.py:508} INFO - Filling up the DagBag from /opt/conda/lib/python3.8/site-packages/airflow/example_dags/example_dag_decorator.py
[2024-03-31 10:33:36,559] {processor.py:651} INFO - DAG(s) dict_keys(['example_dag_decorator']) retrieved from /opt/conda/lib/python3.8/site-packages/airflow/example_dags/example_dag_decorator.py
[2024-03-31 10:33:36,608] {logging_mixin.py:115} INFO - [2024-03-31 10:33:36,608] {dag.py:2420} INFO - Sync 1 DAGs
[2024-03-31 10:33:36,890] {logging_mixin.py:115} INFO - [2024-03-31 10:33:36,890] {dag.py:2968} INFO - Setting next_dagrun for example_dag_decorator to None, run_after=None
[2024-03-31 10:33:37,116] {processor.py:161} INFO - Processing /opt/conda/lib/python3.8/site-packages/airflow/example_dags/example_dag_decorator.py took 0.589 seconds
