[2024-03-31 10:04:30,272] {processor.py:153} INFO - Started process (PID=947) to work on /opt/conda/lib/python3.8/site-packages/airflow/example_dags/example_branch_day_of_week_operator.py
[2024-03-31 10:04:30,273] {processor.py:641} INFO - Processing file /opt/conda/lib/python3.8/site-packages/airflow/example_dags/example_branch_day_of_week_operator.py for tasks to queue
[2024-03-31 10:04:30,273] {logging_mixin.py:115} INFO - [2024-03-31 10:04:30,273] {dagbag.py:508} INFO - Filling up the DagBag from /opt/conda/lib/python3.8/site-packages/airflow/example_dags/example_branch_day_of_week_operator.py
[2024-03-31 10:04:30,284] {processor.py:651} INFO - DAG(s) dict_keys(['example_weekday_branch_operator']) retrieved from /opt/conda/lib/python3.8/site-packages/airflow/example_dags/example_branch_day_of_week_operator.py
[2024-03-31 10:04:30,424] {logging_mixin.py:115} INFO - [2024-03-31 10:04:30,424] {manager.py:508} INFO - Created Permission View: can delete on DAG:example_weekday_branch_operator
[2024-03-31 10:04:30,450] {logging_mixin.py:115} INFO - [2024-03-31 10:04:30,450] {manager.py:508} INFO - Created Permission View: can read on DAG:example_weekday_branch_operator
[2024-03-31 10:04:30,471] {logging_mixin.py:115} INFO - [2024-03-31 10:04:30,470] {manager.py:508} INFO - Created Permission View: can edit on DAG:example_weekday_branch_operator
[2024-03-31 10:04:30,471] {logging_mixin.py:115} INFO - [2024-03-31 10:04:30,471] {dag.py:2420} INFO - Sync 1 DAGs
[2024-03-31 10:04:30,484] {logging_mixin.py:115} INFO - [2024-03-31 10:04:30,484] {dag.py:2439} INFO - Creating ORM DAG for example_weekday_branch_operator
[2024-03-31 10:04:30,499] {logging_mixin.py:115} INFO - [2024-03-31 10:04:30,499] {dag.py:2968} INFO - Setting next_dagrun for example_weekday_branch_operator to 2024-03-30T00:00:00+00:00, run_after=2024-03-31T00:00:00+00:00
[2024-03-31 10:04:30,581] {processor.py:161} INFO - Processing /opt/conda/lib/python3.8/site-packages/airflow/example_dags/example_branch_day_of_week_operator.py took 0.313 seconds
[2024-03-31 10:05:07,112] {processor.py:153} INFO - Started process (PID=981) to work on /opt/conda/lib/python3.8/site-packages/airflow/example_dags/example_branch_day_of_week_operator.py
[2024-03-31 10:05:07,114] {processor.py:641} INFO - Processing file /opt/conda/lib/python3.8/site-packages/airflow/example_dags/example_branch_day_of_week_operator.py for tasks to queue
[2024-03-31 10:05:07,115] {logging_mixin.py:115} INFO - [2024-03-31 10:05:07,115] {dagbag.py:508} INFO - Filling up the DagBag from /opt/conda/lib/python3.8/site-packages/airflow/example_dags/example_branch_day_of_week_operator.py
[2024-03-31 10:05:07,124] {processor.py:651} INFO - DAG(s) dict_keys(['example_weekday_branch_operator']) retrieved from /opt/conda/lib/python3.8/site-packages/airflow/example_dags/example_branch_day_of_week_operator.py
[2024-03-31 10:05:07,142] {logging_mixin.py:115} INFO - [2024-03-31 10:05:07,141] {dag.py:2420} INFO - Sync 1 DAGs
[2024-03-31 10:05:07,158] {logging_mixin.py:115} INFO - [2024-03-31 10:05:07,158] {dag.py:2968} INFO - Setting next_dagrun for example_weekday_branch_operator to 2024-03-30T00:00:00+00:00, run_after=2024-03-31T00:00:00+00:00
[2024-03-31 10:05:07,178] {processor.py:161} INFO - Processing /opt/conda/lib/python3.8/site-packages/airflow/example_dags/example_branch_day_of_week_operator.py took 0.069 seconds
[2024-03-31 10:05:43,510] {processor.py:153} INFO - Started process (PID=1015) to work on /opt/conda/lib/python3.8/site-packages/airflow/example_dags/example_branch_day_of_week_operator.py
[2024-03-31 10:05:43,512] {processor.py:641} INFO - Processing file /opt/conda/lib/python3.8/site-packages/airflow/example_dags/example_branch_day_of_week_operator.py for tasks to queue
[2024-03-31 10:05:43,512] {logging_mixin.py:115} INFO - [2024-03-31 10:05:43,512] {dagbag.py:508} INFO - Filling up the DagBag from /opt/conda/lib/python3.8/site-packages/airflow/example_dags/example_branch_day_of_week_operator.py
[2024-03-31 10:05:43,522] {processor.py:651} INFO - DAG(s) dict_keys(['example_weekday_branch_operator']) retrieved from /opt/conda/lib/python3.8/site-packages/airflow/example_dags/example_branch_day_of_week_operator.py
[2024-03-31 10:05:43,539] {logging_mixin.py:115} INFO - [2024-03-31 10:05:43,539] {dag.py:2420} INFO - Sync 1 DAGs
[2024-03-31 10:05:43,560] {logging_mixin.py:115} INFO - [2024-03-31 10:05:43,559] {dag.py:2968} INFO - Setting next_dagrun for example_weekday_branch_operator to 2024-03-30T00:00:00+00:00, run_after=2024-03-31T00:00:00+00:00
[2024-03-31 10:05:43,579] {processor.py:161} INFO - Processing /opt/conda/lib/python3.8/site-packages/airflow/example_dags/example_branch_day_of_week_operator.py took 0.073 seconds
[2024-03-31 10:06:18,497] {processor.py:153} INFO - Started process (PID=1049) to work on /opt/conda/lib/python3.8/site-packages/airflow/example_dags/example_branch_day_of_week_operator.py
[2024-03-31 10:06:18,499] {processor.py:641} INFO - Processing file /opt/conda/lib/python3.8/site-packages/airflow/example_dags/example_branch_day_of_week_operator.py for tasks to queue
[2024-03-31 10:06:18,500] {logging_mixin.py:115} INFO - [2024-03-31 10:06:18,500] {dagbag.py:508} INFO - Filling up the DagBag from /opt/conda/lib/python3.8/site-packages/airflow/example_dags/example_branch_day_of_week_operator.py
[2024-03-31 10:06:18,509] {processor.py:651} INFO - DAG(s) dict_keys(['example_weekday_branch_operator']) retrieved from /opt/conda/lib/python3.8/site-packages/airflow/example_dags/example_branch_day_of_week_operator.py
[2024-03-31 10:06:18,527] {logging_mixin.py:115} INFO - [2024-03-31 10:06:18,527] {dag.py:2420} INFO - Sync 1 DAGs
[2024-03-31 10:06:18,548] {logging_mixin.py:115} INFO - [2024-03-31 10:06:18,547] {dag.py:2968} INFO - Setting next_dagrun for example_weekday_branch_operator to 2024-03-30T00:00:00+00:00, run_after=2024-03-31T00:00:00+00:00
[2024-03-31 10:06:18,569] {processor.py:161} INFO - Processing /opt/conda/lib/python3.8/site-packages/airflow/example_dags/example_branch_day_of_week_operator.py took 0.075 seconds
[2024-03-31 10:06:53,648] {processor.py:153} INFO - Started process (PID=1085) to work on /opt/conda/lib/python3.8/site-packages/airflow/example_dags/example_branch_day_of_week_operator.py
[2024-03-31 10:06:53,650] {processor.py:641} INFO - Processing file /opt/conda/lib/python3.8/site-packages/airflow/example_dags/example_branch_day_of_week_operator.py for tasks to queue
[2024-03-31 10:06:53,650] {logging_mixin.py:115} INFO - [2024-03-31 10:06:53,650] {dagbag.py:508} INFO - Filling up the DagBag from /opt/conda/lib/python3.8/site-packages/airflow/example_dags/example_branch_day_of_week_operator.py
[2024-03-31 10:06:53,659] {processor.py:651} INFO - DAG(s) dict_keys(['example_weekday_branch_operator']) retrieved from /opt/conda/lib/python3.8/site-packages/airflow/example_dags/example_branch_day_of_week_operator.py
[2024-03-31 10:06:53,675] {logging_mixin.py:115} INFO - [2024-03-31 10:06:53,675] {dag.py:2420} INFO - Sync 1 DAGs
[2024-03-31 10:06:53,691] {logging_mixin.py:115} INFO - [2024-03-31 10:06:53,691] {dag.py:2968} INFO - Setting next_dagrun for example_weekday_branch_operator to 2024-03-30T00:00:00+00:00, run_after=2024-03-31T00:00:00+00:00
[2024-03-31 10:06:53,710] {processor.py:161} INFO - Processing /opt/conda/lib/python3.8/site-packages/airflow/example_dags/example_branch_day_of_week_operator.py took 0.065 seconds
[2024-03-31 10:07:26,852] {processor.py:153} INFO - Started process (PID=1119) to work on /opt/conda/lib/python3.8/site-packages/airflow/example_dags/example_branch_day_of_week_operator.py
[2024-03-31 10:07:26,853] {processor.py:641} INFO - Processing file /opt/conda/lib/python3.8/site-packages/airflow/example_dags/example_branch_day_of_week_operator.py for tasks to queue
[2024-03-31 10:07:26,853] {logging_mixin.py:115} INFO - [2024-03-31 10:07:26,853] {dagbag.py:508} INFO - Filling up the DagBag from /opt/conda/lib/python3.8/site-packages/airflow/example_dags/example_branch_day_of_week_operator.py
[2024-03-31 10:07:26,863] {processor.py:651} INFO - DAG(s) dict_keys(['example_weekday_branch_operator']) retrieved from /opt/conda/lib/python3.8/site-packages/airflow/example_dags/example_branch_day_of_week_operator.py
[2024-03-31 10:07:26,880] {logging_mixin.py:115} INFO - [2024-03-31 10:07:26,880] {dag.py:2420} INFO - Sync 1 DAGs
[2024-03-31 10:07:26,896] {logging_mixin.py:115} INFO - [2024-03-31 10:07:26,896] {dag.py:2968} INFO - Setting next_dagrun for example_weekday_branch_operator to 2024-03-30T00:00:00+00:00, run_after=2024-03-31T00:00:00+00:00
[2024-03-31 10:07:26,916] {processor.py:161} INFO - Processing /opt/conda/lib/python3.8/site-packages/airflow/example_dags/example_branch_day_of_week_operator.py took 0.067 seconds
[2024-03-31 10:08:02,490] {processor.py:153} INFO - Started process (PID=1156) to work on /opt/conda/lib/python3.8/site-packages/airflow/example_dags/example_branch_day_of_week_operator.py
[2024-03-31 10:08:02,492] {processor.py:641} INFO - Processing file /opt/conda/lib/python3.8/site-packages/airflow/example_dags/example_branch_day_of_week_operator.py for tasks to queue
[2024-03-31 10:08:02,492] {logging_mixin.py:115} INFO - [2024-03-31 10:08:02,492] {dagbag.py:508} INFO - Filling up the DagBag from /opt/conda/lib/python3.8/site-packages/airflow/example_dags/example_branch_day_of_week_operator.py
[2024-03-31 10:08:02,501] {processor.py:651} INFO - DAG(s) dict_keys(['example_weekday_branch_operator']) retrieved from /opt/conda/lib/python3.8/site-packages/airflow/example_dags/example_branch_day_of_week_operator.py
[2024-03-31 10:08:02,519] {logging_mixin.py:115} INFO - [2024-03-31 10:08:02,519] {dag.py:2420} INFO - Sync 1 DAGs
[2024-03-31 10:08:02,540] {logging_mixin.py:115} INFO - [2024-03-31 10:08:02,539] {dag.py:2968} INFO - Setting next_dagrun for example_weekday_branch_operator to 2024-03-30T00:00:00+00:00, run_after=2024-03-31T00:00:00+00:00
[2024-03-31 10:08:02,563] {processor.py:161} INFO - Processing /opt/conda/lib/python3.8/site-packages/airflow/example_dags/example_branch_day_of_week_operator.py took 0.076 seconds
[2024-03-31 10:08:39,630] {processor.py:153} INFO - Started process (PID=1195) to work on /opt/conda/lib/python3.8/site-packages/airflow/example_dags/example_branch_day_of_week_operator.py
[2024-03-31 10:08:39,632] {processor.py:641} INFO - Processing file /opt/conda/lib/python3.8/site-packages/airflow/example_dags/example_branch_day_of_week_operator.py for tasks to queue
[2024-03-31 10:08:39,633] {logging_mixin.py:115} INFO - [2024-03-31 10:08:39,633] {dagbag.py:508} INFO - Filling up the DagBag from /opt/conda/lib/python3.8/site-packages/airflow/example_dags/example_branch_day_of_week_operator.py
[2024-03-31 10:08:39,642] {processor.py:651} INFO - DAG(s) dict_keys(['example_weekday_branch_operator']) retrieved from /opt/conda/lib/python3.8/site-packages/airflow/example_dags/example_branch_day_of_week_operator.py
[2024-03-31 10:08:39,659] {logging_mixin.py:115} INFO - [2024-03-31 10:08:39,659] {dag.py:2420} INFO - Sync 1 DAGs
[2024-03-31 10:08:39,680] {logging_mixin.py:115} INFO - [2024-03-31 10:08:39,679] {dag.py:2968} INFO - Setting next_dagrun for example_weekday_branch_operator to 2024-03-30T00:00:00+00:00, run_after=2024-03-31T00:00:00+00:00
[2024-03-31 10:08:39,700] {processor.py:161} INFO - Processing /opt/conda/lib/python3.8/site-packages/airflow/example_dags/example_branch_day_of_week_operator.py took 0.074 seconds
[2024-03-31 10:09:12,516] {processor.py:153} INFO - Started process (PID=1229) to work on /opt/conda/lib/python3.8/site-packages/airflow/example_dags/example_branch_day_of_week_operator.py
[2024-03-31 10:09:12,518] {processor.py:641} INFO - Processing file /opt/conda/lib/python3.8/site-packages/airflow/example_dags/example_branch_day_of_week_operator.py for tasks to queue
[2024-03-31 10:09:12,518] {logging_mixin.py:115} INFO - [2024-03-31 10:09:12,518] {dagbag.py:508} INFO - Filling up the DagBag from /opt/conda/lib/python3.8/site-packages/airflow/example_dags/example_branch_day_of_week_operator.py
[2024-03-31 10:09:12,527] {processor.py:651} INFO - DAG(s) dict_keys(['example_weekday_branch_operator']) retrieved from /opt/conda/lib/python3.8/site-packages/airflow/example_dags/example_branch_day_of_week_operator.py
[2024-03-31 10:09:12,545] {logging_mixin.py:115} INFO - [2024-03-31 10:09:12,545] {dag.py:2420} INFO - Sync 1 DAGs
[2024-03-31 10:09:12,563] {logging_mixin.py:115} INFO - [2024-03-31 10:09:12,563] {dag.py:2968} INFO - Setting next_dagrun for example_weekday_branch_operator to 2024-03-30T00:00:00+00:00, run_after=2024-03-31T00:00:00+00:00
[2024-03-31 10:09:12,584] {processor.py:161} INFO - Processing /opt/conda/lib/python3.8/site-packages/airflow/example_dags/example_branch_day_of_week_operator.py took 0.072 seconds
[2024-03-31 10:09:47,612] {processor.py:153} INFO - Started process (PID=1264) to work on /opt/conda/lib/python3.8/site-packages/airflow/example_dags/example_branch_day_of_week_operator.py
[2024-03-31 10:09:47,614] {processor.py:641} INFO - Processing file /opt/conda/lib/python3.8/site-packages/airflow/example_dags/example_branch_day_of_week_operator.py for tasks to queue
[2024-03-31 10:09:47,614] {logging_mixin.py:115} INFO - [2024-03-31 10:09:47,614] {dagbag.py:508} INFO - Filling up the DagBag from /opt/conda/lib/python3.8/site-packages/airflow/example_dags/example_branch_day_of_week_operator.py
[2024-03-31 10:09:47,623] {processor.py:651} INFO - DAG(s) dict_keys(['example_weekday_branch_operator']) retrieved from /opt/conda/lib/python3.8/site-packages/airflow/example_dags/example_branch_day_of_week_operator.py
[2024-03-31 10:09:47,638] {logging_mixin.py:115} INFO - [2024-03-31 10:09:47,638] {dag.py:2420} INFO - Sync 1 DAGs
[2024-03-31 10:09:47,653] {logging_mixin.py:115} INFO - [2024-03-31 10:09:47,653] {dag.py:2968} INFO - Setting next_dagrun for example_weekday_branch_operator to 2024-03-30T00:00:00+00:00, run_after=2024-03-31T00:00:00+00:00
[2024-03-31 10:09:47,674] {processor.py:161} INFO - Processing /opt/conda/lib/python3.8/site-packages/airflow/example_dags/example_branch_day_of_week_operator.py took 0.065 seconds
[2024-03-31 10:10:22,342] {processor.py:153} INFO - Started process (PID=1299) to work on /opt/conda/lib/python3.8/site-packages/airflow/example_dags/example_branch_day_of_week_operator.py
[2024-03-31 10:10:22,344] {processor.py:641} INFO - Processing file /opt/conda/lib/python3.8/site-packages/airflow/example_dags/example_branch_day_of_week_operator.py for tasks to queue
[2024-03-31 10:10:22,344] {logging_mixin.py:115} INFO - [2024-03-31 10:10:22,344] {dagbag.py:508} INFO - Filling up the DagBag from /opt/conda/lib/python3.8/site-packages/airflow/example_dags/example_branch_day_of_week_operator.py
[2024-03-31 10:10:22,353] {processor.py:651} INFO - DAG(s) dict_keys(['example_weekday_branch_operator']) retrieved from /opt/conda/lib/python3.8/site-packages/airflow/example_dags/example_branch_day_of_week_operator.py
[2024-03-31 10:10:22,371] {logging_mixin.py:115} INFO - [2024-03-31 10:10:22,371] {dag.py:2420} INFO - Sync 1 DAGs
[2024-03-31 10:10:22,391] {logging_mixin.py:115} INFO - [2024-03-31 10:10:22,391] {dag.py:2968} INFO - Setting next_dagrun for example_weekday_branch_operator to 2024-03-30T00:00:00+00:00, run_after=2024-03-31T00:00:00+00:00
[2024-03-31 10:10:23,500] {processor.py:161} INFO - Processing /opt/conda/lib/python3.8/site-packages/airflow/example_dags/example_branch_day_of_week_operator.py took 1.161 seconds
[2024-03-31 10:12:48,481] {processor.py:153} INFO - Started process (PID=1411) to work on /opt/conda/lib/python3.8/site-packages/airflow/example_dags/example_branch_day_of_week_operator.py
[2024-03-31 10:12:48,483] {processor.py:641} INFO - Processing file /opt/conda/lib/python3.8/site-packages/airflow/example_dags/example_branch_day_of_week_operator.py for tasks to queue
[2024-03-31 10:12:48,484] {logging_mixin.py:115} INFO - [2024-03-31 10:12:48,483] {dagbag.py:508} INFO - Filling up the DagBag from /opt/conda/lib/python3.8/site-packages/airflow/example_dags/example_branch_day_of_week_operator.py
[2024-03-31 10:12:48,492] {processor.py:651} INFO - DAG(s) dict_keys(['example_weekday_branch_operator']) retrieved from /opt/conda/lib/python3.8/site-packages/airflow/example_dags/example_branch_day_of_week_operator.py
[2024-03-31 10:12:48,507] {logging_mixin.py:115} INFO - [2024-03-31 10:12:48,507] {dag.py:2420} INFO - Sync 1 DAGs
[2024-03-31 10:12:48,523] {logging_mixin.py:115} INFO - [2024-03-31 10:12:48,523] {dag.py:2968} INFO - Setting next_dagrun for example_weekday_branch_operator to 2024-03-30T00:00:00+00:00, run_after=2024-03-31T00:00:00+00:00
[2024-03-31 10:12:48,543] {processor.py:161} INFO - Processing /opt/conda/lib/python3.8/site-packages/airflow/example_dags/example_branch_day_of_week_operator.py took 0.065 seconds
[2024-03-31 10:13:23,386] {processor.py:153} INFO - Started process (PID=1447) to work on /opt/conda/lib/python3.8/site-packages/airflow/example_dags/example_branch_day_of_week_operator.py
[2024-03-31 10:13:23,388] {processor.py:641} INFO - Processing file /opt/conda/lib/python3.8/site-packages/airflow/example_dags/example_branch_day_of_week_operator.py for tasks to queue
[2024-03-31 10:13:23,388] {logging_mixin.py:115} INFO - [2024-03-31 10:13:23,388] {dagbag.py:508} INFO - Filling up the DagBag from /opt/conda/lib/python3.8/site-packages/airflow/example_dags/example_branch_day_of_week_operator.py
[2024-03-31 10:13:23,397] {processor.py:651} INFO - DAG(s) dict_keys(['example_weekday_branch_operator']) retrieved from /opt/conda/lib/python3.8/site-packages/airflow/example_dags/example_branch_day_of_week_operator.py
[2024-03-31 10:13:23,412] {logging_mixin.py:115} INFO - [2024-03-31 10:13:23,412] {dag.py:2420} INFO - Sync 1 DAGs
[2024-03-31 10:13:23,428] {logging_mixin.py:115} INFO - [2024-03-31 10:13:23,428] {dag.py:2968} INFO - Setting next_dagrun for example_weekday_branch_operator to 2024-03-30T00:00:00+00:00, run_after=2024-03-31T00:00:00+00:00
[2024-03-31 10:13:23,447] {processor.py:161} INFO - Processing /opt/conda/lib/python3.8/site-packages/airflow/example_dags/example_branch_day_of_week_operator.py took 0.064 seconds
[2024-03-31 10:28:31,352] {processor.py:153} INFO - Started process (PID=1618) to work on /opt/conda/lib/python3.8/site-packages/airflow/example_dags/example_branch_day_of_week_operator.py
[2024-03-31 10:28:31,354] {processor.py:641} INFO - Processing file /opt/conda/lib/python3.8/site-packages/airflow/example_dags/example_branch_day_of_week_operator.py for tasks to queue
[2024-03-31 10:28:31,355] {logging_mixin.py:115} INFO - [2024-03-31 10:28:31,354] {dagbag.py:508} INFO - Filling up the DagBag from /opt/conda/lib/python3.8/site-packages/airflow/example_dags/example_branch_day_of_week_operator.py
[2024-03-31 10:28:31,363] {processor.py:651} INFO - DAG(s) dict_keys(['example_weekday_branch_operator']) retrieved from /opt/conda/lib/python3.8/site-packages/airflow/example_dags/example_branch_day_of_week_operator.py
[2024-03-31 10:28:31,378] {logging_mixin.py:115} INFO - [2024-03-31 10:28:31,378] {dag.py:2420} INFO - Sync 1 DAGs
[2024-03-31 10:28:31,395] {logging_mixin.py:115} INFO - [2024-03-31 10:28:31,394] {dag.py:2968} INFO - Setting next_dagrun for example_weekday_branch_operator to 2024-03-30T00:00:00+00:00, run_after=2024-03-31T00:00:00+00:00
[2024-03-31 10:28:31,415] {processor.py:161} INFO - Processing /opt/conda/lib/python3.8/site-packages/airflow/example_dags/example_branch_day_of_week_operator.py took 0.065 seconds
[2024-03-31 10:29:08,736] {processor.py:153} INFO - Started process (PID=1671) to work on /opt/conda/lib/python3.8/site-packages/airflow/example_dags/example_branch_day_of_week_operator.py
[2024-03-31 10:29:08,737] {processor.py:641} INFO - Processing file /opt/conda/lib/python3.8/site-packages/airflow/example_dags/example_branch_day_of_week_operator.py for tasks to queue
[2024-03-31 10:29:08,738] {logging_mixin.py:115} INFO - [2024-03-31 10:29:08,738] {dagbag.py:508} INFO - Filling up the DagBag from /opt/conda/lib/python3.8/site-packages/airflow/example_dags/example_branch_day_of_week_operator.py
[2024-03-31 10:29:08,747] {processor.py:651} INFO - DAG(s) dict_keys(['example_weekday_branch_operator']) retrieved from /opt/conda/lib/python3.8/site-packages/airflow/example_dags/example_branch_day_of_week_operator.py
[2024-03-31 10:29:08,762] {logging_mixin.py:115} INFO - [2024-03-31 10:29:08,762] {dag.py:2420} INFO - Sync 1 DAGs
[2024-03-31 10:29:08,782] {logging_mixin.py:115} INFO - [2024-03-31 10:29:08,782] {dag.py:2968} INFO - Setting next_dagrun for example_weekday_branch_operator to 2024-03-30T00:00:00+00:00, run_after=2024-03-31T00:00:00+00:00
[2024-03-31 10:29:08,804] {processor.py:161} INFO - Processing /opt/conda/lib/python3.8/site-packages/airflow/example_dags/example_branch_day_of_week_operator.py took 0.071 seconds
[2024-03-31 10:29:48,103] {processor.py:153} INFO - Started process (PID=1724) to work on /opt/conda/lib/python3.8/site-packages/airflow/example_dags/example_branch_day_of_week_operator.py
[2024-03-31 10:29:48,105] {processor.py:641} INFO - Processing file /opt/conda/lib/python3.8/site-packages/airflow/example_dags/example_branch_day_of_week_operator.py for tasks to queue
[2024-03-31 10:29:48,105] {logging_mixin.py:115} INFO - [2024-03-31 10:29:48,105] {dagbag.py:508} INFO - Filling up the DagBag from /opt/conda/lib/python3.8/site-packages/airflow/example_dags/example_branch_day_of_week_operator.py
[2024-03-31 10:29:48,113] {processor.py:651} INFO - DAG(s) dict_keys(['example_weekday_branch_operator']) retrieved from /opt/conda/lib/python3.8/site-packages/airflow/example_dags/example_branch_day_of_week_operator.py
[2024-03-31 10:29:48,128] {logging_mixin.py:115} INFO - [2024-03-31 10:29:48,127] {dag.py:2420} INFO - Sync 1 DAGs
[2024-03-31 10:29:48,143] {logging_mixin.py:115} INFO - [2024-03-31 10:29:48,143] {dag.py:2968} INFO - Setting next_dagrun for example_weekday_branch_operator to 2024-03-30T00:00:00+00:00, run_after=2024-03-31T00:00:00+00:00
[2024-03-31 10:29:48,163] {processor.py:161} INFO - Processing /opt/conda/lib/python3.8/site-packages/airflow/example_dags/example_branch_day_of_week_operator.py took 0.063 seconds
[2024-03-31 10:30:54,623] {processor.py:153} INFO - Started process (PID=1844) to work on /opt/conda/lib/python3.8/site-packages/airflow/example_dags/example_branch_day_of_week_operator.py
[2024-03-31 10:30:54,625] {processor.py:641} INFO - Processing file /opt/conda/lib/python3.8/site-packages/airflow/example_dags/example_branch_day_of_week_operator.py for tasks to queue
[2024-03-31 10:30:54,625] {logging_mixin.py:115} INFO - [2024-03-31 10:30:54,625] {dagbag.py:508} INFO - Filling up the DagBag from /opt/conda/lib/python3.8/site-packages/airflow/example_dags/example_branch_day_of_week_operator.py
[2024-03-31 10:30:54,634] {processor.py:651} INFO - DAG(s) dict_keys(['example_weekday_branch_operator']) retrieved from /opt/conda/lib/python3.8/site-packages/airflow/example_dags/example_branch_day_of_week_operator.py
[2024-03-31 10:30:54,648] {logging_mixin.py:115} INFO - [2024-03-31 10:30:54,648] {dag.py:2420} INFO - Sync 1 DAGs
[2024-03-31 10:30:54,664] {logging_mixin.py:115} INFO - [2024-03-31 10:30:54,664] {dag.py:2968} INFO - Setting next_dagrun for example_weekday_branch_operator to 2024-03-30T00:00:00+00:00, run_after=2024-03-31T00:00:00+00:00
[2024-03-31 10:30:54,683] {processor.py:161} INFO - Processing /opt/conda/lib/python3.8/site-packages/airflow/example_dags/example_branch_day_of_week_operator.py took 0.062 seconds
[2024-03-31 10:31:32,044] {processor.py:153} INFO - Started process (PID=1897) to work on /opt/conda/lib/python3.8/site-packages/airflow/example_dags/example_branch_day_of_week_operator.py
[2024-03-31 10:31:32,047] {processor.py:641} INFO - Processing file /opt/conda/lib/python3.8/site-packages/airflow/example_dags/example_branch_day_of_week_operator.py for tasks to queue
[2024-03-31 10:31:32,047] {logging_mixin.py:115} INFO - [2024-03-31 10:31:32,047] {dagbag.py:508} INFO - Filling up the DagBag from /opt/conda/lib/python3.8/site-packages/airflow/example_dags/example_branch_day_of_week_operator.py
[2024-03-31 10:31:32,056] {processor.py:651} INFO - DAG(s) dict_keys(['example_weekday_branch_operator']) retrieved from /opt/conda/lib/python3.8/site-packages/airflow/example_dags/example_branch_day_of_week_operator.py
[2024-03-31 10:31:32,071] {logging_mixin.py:115} INFO - [2024-03-31 10:31:32,071] {dag.py:2420} INFO - Sync 1 DAGs
[2024-03-31 10:31:32,091] {logging_mixin.py:115} INFO - [2024-03-31 10:31:32,091] {dag.py:2968} INFO - Setting next_dagrun for example_weekday_branch_operator to 2024-03-30T00:00:00+00:00, run_after=2024-03-31T00:00:00+00:00
[2024-03-31 10:31:32,110] {processor.py:161} INFO - Processing /opt/conda/lib/python3.8/site-packages/airflow/example_dags/example_branch_day_of_week_operator.py took 0.069 seconds
[2024-03-31 10:32:44,633] {processor.py:153} INFO - Started process (PID=2253) to work on /opt/conda/lib/python3.8/site-packages/airflow/example_dags/example_branch_day_of_week_operator.py
[2024-03-31 10:32:44,635] {processor.py:641} INFO - Processing file /opt/conda/lib/python3.8/site-packages/airflow/example_dags/example_branch_day_of_week_operator.py for tasks to queue
[2024-03-31 10:32:44,635] {logging_mixin.py:115} INFO - [2024-03-31 10:32:44,635] {dagbag.py:508} INFO - Filling up the DagBag from /opt/conda/lib/python3.8/site-packages/airflow/example_dags/example_branch_day_of_week_operator.py
[2024-03-31 10:32:44,645] {processor.py:651} INFO - DAG(s) dict_keys(['example_weekday_branch_operator']) retrieved from /opt/conda/lib/python3.8/site-packages/airflow/example_dags/example_branch_day_of_week_operator.py
[2024-03-31 10:32:44,662] {logging_mixin.py:115} INFO - [2024-03-31 10:32:44,662] {dag.py:2420} INFO - Sync 1 DAGs
[2024-03-31 10:32:44,683] {logging_mixin.py:115} INFO - [2024-03-31 10:32:44,683] {dag.py:2968} INFO - Setting next_dagrun for example_weekday_branch_operator to 2024-03-30T00:00:00+00:00, run_after=2024-03-31T00:00:00+00:00
[2024-03-31 10:32:44,705] {processor.py:161} INFO - Processing /opt/conda/lib/python3.8/site-packages/airflow/example_dags/example_branch_day_of_week_operator.py took 0.076 seconds
[2024-03-31 10:33:20,981] {processor.py:153} INFO - Started process (PID=2312) to work on /opt/conda/lib/python3.8/site-packages/airflow/example_dags/example_branch_day_of_week_operator.py
[2024-03-31 10:33:20,982] {processor.py:641} INFO - Processing file /opt/conda/lib/python3.8/site-packages/airflow/example_dags/example_branch_day_of_week_operator.py for tasks to queue
[2024-03-31 10:33:20,983] {logging_mixin.py:115} INFO - [2024-03-31 10:33:20,983] {dagbag.py:508} INFO - Filling up the DagBag from /opt/conda/lib/python3.8/site-packages/airflow/example_dags/example_branch_day_of_week_operator.py
[2024-03-31 10:33:20,992] {processor.py:651} INFO - DAG(s) dict_keys(['example_weekday_branch_operator']) retrieved from /opt/conda/lib/python3.8/site-packages/airflow/example_dags/example_branch_day_of_week_operator.py
[2024-03-31 10:33:21,007] {logging_mixin.py:115} INFO - [2024-03-31 10:33:21,006] {dag.py:2420} INFO - Sync 1 DAGs
[2024-03-31 10:33:21,022] {logging_mixin.py:115} INFO - [2024-03-31 10:33:21,022] {dag.py:2968} INFO - Setting next_dagrun for example_weekday_branch_operator to 2024-03-30T00:00:00+00:00, run_after=2024-03-31T00:00:00+00:00
[2024-03-31 10:33:21,042] {processor.py:161} INFO - Processing /opt/conda/lib/python3.8/site-packages/airflow/example_dags/example_branch_day_of_week_operator.py took 0.065 seconds
[2024-03-31 10:33:58,444] {processor.py:153} INFO - Started process (PID=2368) to work on /opt/conda/lib/python3.8/site-packages/airflow/example_dags/example_branch_day_of_week_operator.py
[2024-03-31 10:33:58,446] {processor.py:641} INFO - Processing file /opt/conda/lib/python3.8/site-packages/airflow/example_dags/example_branch_day_of_week_operator.py for tasks to queue
[2024-03-31 10:33:58,446] {logging_mixin.py:115} INFO - [2024-03-31 10:33:58,446] {dagbag.py:508} INFO - Filling up the DagBag from /opt/conda/lib/python3.8/site-packages/airflow/example_dags/example_branch_day_of_week_operator.py
[2024-03-31 10:33:58,455] {processor.py:651} INFO - DAG(s) dict_keys(['example_weekday_branch_operator']) retrieved from /opt/conda/lib/python3.8/site-packages/airflow/example_dags/example_branch_day_of_week_operator.py
[2024-03-31 10:33:58,470] {logging_mixin.py:115} INFO - [2024-03-31 10:33:58,470] {dag.py:2420} INFO - Sync 1 DAGs
[2024-03-31 10:33:58,486] {logging_mixin.py:115} INFO - [2024-03-31 10:33:58,486] {dag.py:2968} INFO - Setting next_dagrun for example_weekday_branch_operator to 2024-03-30T00:00:00+00:00, run_after=2024-03-31T00:00:00+00:00
[2024-03-31 10:33:58,505] {processor.py:161} INFO - Processing /opt/conda/lib/python3.8/site-packages/airflow/example_dags/example_branch_day_of_week_operator.py took 0.064 seconds
