[2024-03-31 10:04:38,364] {processor.py:153} INFO - Started process (PID=953) to work on /opt/conda/lib/python3.8/site-packages/airflow/example_dags/example_latest_only.py
[2024-03-31 10:04:38,365] {processor.py:641} INFO - Processing file /opt/conda/lib/python3.8/site-packages/airflow/example_dags/example_latest_only.py for tasks to queue
[2024-03-31 10:04:38,365] {logging_mixin.py:115} INFO - [2024-03-31 10:04:38,365] {dagbag.py:508} INFO - Filling up the DagBag from /opt/conda/lib/python3.8/site-packages/airflow/example_dags/example_latest_only.py
[2024-03-31 10:04:38,371] {processor.py:651} INFO - DAG(s) dict_keys(['latest_only']) retrieved from /opt/conda/lib/python3.8/site-packages/airflow/example_dags/example_latest_only.py
[2024-03-31 10:04:38,454] {logging_mixin.py:115} INFO - [2024-03-31 10:04:38,454] {manager.py:508} INFO - Created Permission View: can delete on DAG:latest_only
[2024-03-31 10:04:38,475] {logging_mixin.py:115} INFO - [2024-03-31 10:04:38,475] {manager.py:508} INFO - Created Permission View: can read on DAG:latest_only
[2024-03-31 10:04:38,489] {logging_mixin.py:115} INFO - [2024-03-31 10:04:38,489] {manager.py:508} INFO - Created Permission View: can edit on DAG:latest_only
[2024-03-31 10:04:38,489] {logging_mixin.py:115} INFO - [2024-03-31 10:04:38,489] {dag.py:2420} INFO - Sync 1 DAGs
[2024-03-31 10:04:38,496] {logging_mixin.py:115} INFO - [2024-03-31 10:04:38,496] {dag.py:2439} INFO - Creating ORM DAG for latest_only
[2024-03-31 10:04:38,503] {logging_mixin.py:115} INFO - [2024-03-31 10:04:38,503] {dag.py:2968} INFO - Setting next_dagrun for latest_only to 2024-03-31T06:04:38.503112+00:00, run_after=2024-03-31T10:04:38.503112+00:00
[2024-03-31 10:04:38,527] {processor.py:161} INFO - Processing /opt/conda/lib/python3.8/site-packages/airflow/example_dags/example_latest_only.py took 0.166 seconds
[2024-03-31 10:05:15,844] {processor.py:153} INFO - Started process (PID=989) to work on /opt/conda/lib/python3.8/site-packages/airflow/example_dags/example_latest_only.py
[2024-03-31 10:05:15,846] {processor.py:641} INFO - Processing file /opt/conda/lib/python3.8/site-packages/airflow/example_dags/example_latest_only.py for tasks to queue
[2024-03-31 10:05:15,846] {logging_mixin.py:115} INFO - [2024-03-31 10:05:15,846] {dagbag.py:508} INFO - Filling up the DagBag from /opt/conda/lib/python3.8/site-packages/airflow/example_dags/example_latest_only.py
[2024-03-31 10:05:15,852] {processor.py:651} INFO - DAG(s) dict_keys(['latest_only']) retrieved from /opt/conda/lib/python3.8/site-packages/airflow/example_dags/example_latest_only.py
[2024-03-31 10:05:15,868] {logging_mixin.py:115} INFO - [2024-03-31 10:05:15,867] {dag.py:2420} INFO - Sync 1 DAGs
[2024-03-31 10:05:15,883] {logging_mixin.py:115} INFO - [2024-03-31 10:05:15,883] {dag.py:2968} INFO - Setting next_dagrun for latest_only to 2024-03-31T06:05:15.882871+00:00, run_after=2024-03-31T10:05:15.882871+00:00
[2024-03-31 10:05:15,903] {processor.py:161} INFO - Processing /opt/conda/lib/python3.8/site-packages/airflow/example_dags/example_latest_only.py took 0.062 seconds
[2024-03-31 10:05:53,765] {processor.py:153} INFO - Started process (PID=1025) to work on /opt/conda/lib/python3.8/site-packages/airflow/example_dags/example_latest_only.py
[2024-03-31 10:05:53,767] {processor.py:641} INFO - Processing file /opt/conda/lib/python3.8/site-packages/airflow/example_dags/example_latest_only.py for tasks to queue
[2024-03-31 10:05:53,767] {logging_mixin.py:115} INFO - [2024-03-31 10:05:53,767] {dagbag.py:508} INFO - Filling up the DagBag from /opt/conda/lib/python3.8/site-packages/airflow/example_dags/example_latest_only.py
[2024-03-31 10:05:53,773] {processor.py:651} INFO - DAG(s) dict_keys(['latest_only']) retrieved from /opt/conda/lib/python3.8/site-packages/airflow/example_dags/example_latest_only.py
[2024-03-31 10:05:53,788] {logging_mixin.py:115} INFO - [2024-03-31 10:05:53,788] {dag.py:2420} INFO - Sync 1 DAGs
[2024-03-31 10:05:53,803] {logging_mixin.py:115} INFO - [2024-03-31 10:05:53,803] {dag.py:2968} INFO - Setting next_dagrun for latest_only to 2024-03-31T06:05:53.803284+00:00, run_after=2024-03-31T10:05:53.803284+00:00
[2024-03-31 10:05:53,823] {processor.py:161} INFO - Processing /opt/conda/lib/python3.8/site-packages/airflow/example_dags/example_latest_only.py took 0.061 seconds
[2024-03-31 10:06:28,584] {processor.py:153} INFO - Started process (PID=1059) to work on /opt/conda/lib/python3.8/site-packages/airflow/example_dags/example_latest_only.py
[2024-03-31 10:06:28,586] {processor.py:641} INFO - Processing file /opt/conda/lib/python3.8/site-packages/airflow/example_dags/example_latest_only.py for tasks to queue
[2024-03-31 10:06:28,587] {logging_mixin.py:115} INFO - [2024-03-31 10:06:28,587] {dagbag.py:508} INFO - Filling up the DagBag from /opt/conda/lib/python3.8/site-packages/airflow/example_dags/example_latest_only.py
[2024-03-31 10:06:28,592] {processor.py:651} INFO - DAG(s) dict_keys(['latest_only']) retrieved from /opt/conda/lib/python3.8/site-packages/airflow/example_dags/example_latest_only.py
[2024-03-31 10:06:28,608] {logging_mixin.py:115} INFO - [2024-03-31 10:06:28,608] {dag.py:2420} INFO - Sync 1 DAGs
[2024-03-31 10:06:28,623] {logging_mixin.py:115} INFO - [2024-03-31 10:06:28,623] {dag.py:2968} INFO - Setting next_dagrun for latest_only to 2024-03-31T06:06:28.622977+00:00, run_after=2024-03-31T10:06:28.622977+00:00
[2024-03-31 10:06:28,641] {processor.py:161} INFO - Processing /opt/conda/lib/python3.8/site-packages/airflow/example_dags/example_latest_only.py took 0.060 seconds
[2024-03-31 10:07:01,400] {processor.py:153} INFO - Started process (PID=1093) to work on /opt/conda/lib/python3.8/site-packages/airflow/example_dags/example_latest_only.py
[2024-03-31 10:07:01,401] {processor.py:641} INFO - Processing file /opt/conda/lib/python3.8/site-packages/airflow/example_dags/example_latest_only.py for tasks to queue
[2024-03-31 10:07:01,401] {logging_mixin.py:115} INFO - [2024-03-31 10:07:01,401] {dagbag.py:508} INFO - Filling up the DagBag from /opt/conda/lib/python3.8/site-packages/airflow/example_dags/example_latest_only.py
[2024-03-31 10:07:01,407] {processor.py:651} INFO - DAG(s) dict_keys(['latest_only']) retrieved from /opt/conda/lib/python3.8/site-packages/airflow/example_dags/example_latest_only.py
[2024-03-31 10:07:01,425] {logging_mixin.py:115} INFO - [2024-03-31 10:07:01,424] {dag.py:2420} INFO - Sync 1 DAGs
[2024-03-31 10:07:01,444] {logging_mixin.py:115} INFO - [2024-03-31 10:07:01,444] {dag.py:2968} INFO - Setting next_dagrun for latest_only to 2024-03-31T06:07:01.444030+00:00, run_after=2024-03-31T10:07:01.444030+00:00
[2024-03-31 10:07:01,485] {processor.py:161} INFO - Processing /opt/conda/lib/python3.8/site-packages/airflow/example_dags/example_latest_only.py took 0.089 seconds
[2024-03-31 10:07:35,009] {processor.py:153} INFO - Started process (PID=1128) to work on /opt/conda/lib/python3.8/site-packages/airflow/example_dags/example_latest_only.py
[2024-03-31 10:07:35,011] {processor.py:641} INFO - Processing file /opt/conda/lib/python3.8/site-packages/airflow/example_dags/example_latest_only.py for tasks to queue
[2024-03-31 10:07:35,011] {logging_mixin.py:115} INFO - [2024-03-31 10:07:35,011] {dagbag.py:508} INFO - Filling up the DagBag from /opt/conda/lib/python3.8/site-packages/airflow/example_dags/example_latest_only.py
[2024-03-31 10:07:35,017] {processor.py:651} INFO - DAG(s) dict_keys(['latest_only']) retrieved from /opt/conda/lib/python3.8/site-packages/airflow/example_dags/example_latest_only.py
[2024-03-31 10:07:35,034] {logging_mixin.py:115} INFO - [2024-03-31 10:07:35,034] {dag.py:2420} INFO - Sync 1 DAGs
[2024-03-31 10:07:35,050] {logging_mixin.py:115} INFO - [2024-03-31 10:07:35,050] {dag.py:2968} INFO - Setting next_dagrun for latest_only to 2024-03-31T06:07:35.050517+00:00, run_after=2024-03-31T10:07:35.050517+00:00
[2024-03-31 10:07:35,071] {processor.py:161} INFO - Processing /opt/conda/lib/python3.8/site-packages/airflow/example_dags/example_latest_only.py took 0.066 seconds
[2024-03-31 10:08:12,370] {processor.py:153} INFO - Started process (PID=1167) to work on /opt/conda/lib/python3.8/site-packages/airflow/example_dags/example_latest_only.py
[2024-03-31 10:08:12,371] {processor.py:641} INFO - Processing file /opt/conda/lib/python3.8/site-packages/airflow/example_dags/example_latest_only.py for tasks to queue
[2024-03-31 10:08:12,372] {logging_mixin.py:115} INFO - [2024-03-31 10:08:12,372] {dagbag.py:508} INFO - Filling up the DagBag from /opt/conda/lib/python3.8/site-packages/airflow/example_dags/example_latest_only.py
[2024-03-31 10:08:12,378] {processor.py:651} INFO - DAG(s) dict_keys(['latest_only']) retrieved from /opt/conda/lib/python3.8/site-packages/airflow/example_dags/example_latest_only.py
[2024-03-31 10:08:12,393] {logging_mixin.py:115} INFO - [2024-03-31 10:08:12,393] {dag.py:2420} INFO - Sync 1 DAGs
[2024-03-31 10:08:12,408] {logging_mixin.py:115} INFO - [2024-03-31 10:08:12,408] {dag.py:2968} INFO - Setting next_dagrun for latest_only to 2024-03-31T06:08:12.408007+00:00, run_after=2024-03-31T10:08:12.408007+00:00
[2024-03-31 10:08:12,428] {processor.py:161} INFO - Processing /opt/conda/lib/python3.8/site-packages/airflow/example_dags/example_latest_only.py took 0.062 seconds
[2024-03-31 10:08:47,901] {processor.py:153} INFO - Started process (PID=1204) to work on /opt/conda/lib/python3.8/site-packages/airflow/example_dags/example_latest_only.py
[2024-03-31 10:08:47,903] {processor.py:641} INFO - Processing file /opt/conda/lib/python3.8/site-packages/airflow/example_dags/example_latest_only.py for tasks to queue
[2024-03-31 10:08:47,904] {logging_mixin.py:115} INFO - [2024-03-31 10:08:47,904] {dagbag.py:508} INFO - Filling up the DagBag from /opt/conda/lib/python3.8/site-packages/airflow/example_dags/example_latest_only.py
[2024-03-31 10:08:47,909] {processor.py:651} INFO - DAG(s) dict_keys(['latest_only']) retrieved from /opt/conda/lib/python3.8/site-packages/airflow/example_dags/example_latest_only.py
[2024-03-31 10:08:47,924] {logging_mixin.py:115} INFO - [2024-03-31 10:08:47,924] {dag.py:2420} INFO - Sync 1 DAGs
[2024-03-31 10:08:47,939] {logging_mixin.py:115} INFO - [2024-03-31 10:08:47,939] {dag.py:2968} INFO - Setting next_dagrun for latest_only to 2024-03-31T06:08:47.939416+00:00, run_after=2024-03-31T10:08:47.939416+00:00
[2024-03-31 10:08:47,961] {processor.py:161} INFO - Processing /opt/conda/lib/python3.8/site-packages/airflow/example_dags/example_latest_only.py took 0.062 seconds
[2024-03-31 10:09:21,708] {processor.py:153} INFO - Started process (PID=1238) to work on /opt/conda/lib/python3.8/site-packages/airflow/example_dags/example_latest_only.py
[2024-03-31 10:09:21,711] {processor.py:641} INFO - Processing file /opt/conda/lib/python3.8/site-packages/airflow/example_dags/example_latest_only.py for tasks to queue
[2024-03-31 10:09:21,712] {logging_mixin.py:115} INFO - [2024-03-31 10:09:21,712] {dagbag.py:508} INFO - Filling up the DagBag from /opt/conda/lib/python3.8/site-packages/airflow/example_dags/example_latest_only.py
[2024-03-31 10:09:21,717] {processor.py:651} INFO - DAG(s) dict_keys(['latest_only']) retrieved from /opt/conda/lib/python3.8/site-packages/airflow/example_dags/example_latest_only.py
[2024-03-31 10:09:21,733] {logging_mixin.py:115} INFO - [2024-03-31 10:09:21,733] {dag.py:2420} INFO - Sync 1 DAGs
[2024-03-31 10:09:21,748] {logging_mixin.py:115} INFO - [2024-03-31 10:09:21,748] {dag.py:2968} INFO - Setting next_dagrun for latest_only to 2024-03-31T06:09:21.748185+00:00, run_after=2024-03-31T10:09:21.748185+00:00
[2024-03-31 10:09:21,768] {processor.py:161} INFO - Processing /opt/conda/lib/python3.8/site-packages/airflow/example_dags/example_latest_only.py took 0.063 seconds
[2024-03-31 10:09:56,333] {processor.py:153} INFO - Started process (PID=1272) to work on /opt/conda/lib/python3.8/site-packages/airflow/example_dags/example_latest_only.py
[2024-03-31 10:09:56,336] {processor.py:641} INFO - Processing file /opt/conda/lib/python3.8/site-packages/airflow/example_dags/example_latest_only.py for tasks to queue
[2024-03-31 10:09:56,337] {logging_mixin.py:115} INFO - [2024-03-31 10:09:56,336] {dagbag.py:508} INFO - Filling up the DagBag from /opt/conda/lib/python3.8/site-packages/airflow/example_dags/example_latest_only.py
[2024-03-31 10:09:56,342] {processor.py:651} INFO - DAG(s) dict_keys(['latest_only']) retrieved from /opt/conda/lib/python3.8/site-packages/airflow/example_dags/example_latest_only.py
[2024-03-31 10:09:56,356] {logging_mixin.py:115} INFO - [2024-03-31 10:09:56,356] {dag.py:2420} INFO - Sync 1 DAGs
[2024-03-31 10:09:56,371] {logging_mixin.py:115} INFO - [2024-03-31 10:09:56,371] {dag.py:2968} INFO - Setting next_dagrun for latest_only to 2024-03-31T06:09:56.371370+00:00, run_after=2024-03-31T10:09:56.371370+00:00
[2024-03-31 10:09:56,392] {processor.py:161} INFO - Processing /opt/conda/lib/python3.8/site-packages/airflow/example_dags/example_latest_only.py took 0.062 seconds
[2024-03-31 10:12:54,668] {processor.py:153} INFO - Started process (PID=1417) to work on /opt/conda/lib/python3.8/site-packages/airflow/example_dags/example_latest_only.py
[2024-03-31 10:12:54,670] {processor.py:641} INFO - Processing file /opt/conda/lib/python3.8/site-packages/airflow/example_dags/example_latest_only.py for tasks to queue
[2024-03-31 10:12:54,670] {logging_mixin.py:115} INFO - [2024-03-31 10:12:54,670] {dagbag.py:508} INFO - Filling up the DagBag from /opt/conda/lib/python3.8/site-packages/airflow/example_dags/example_latest_only.py
[2024-03-31 10:12:54,676] {processor.py:651} INFO - DAG(s) dict_keys(['latest_only']) retrieved from /opt/conda/lib/python3.8/site-packages/airflow/example_dags/example_latest_only.py
[2024-03-31 10:12:54,703] {logging_mixin.py:115} INFO - [2024-03-31 10:12:54,702] {dag.py:2420} INFO - Sync 1 DAGs
[2024-03-31 10:12:54,844] {logging_mixin.py:115} INFO - [2024-03-31 10:12:54,844] {dag.py:2968} INFO - Setting next_dagrun for latest_only to 2024-03-31T06:12:54.844174+00:00, run_after=2024-03-31T10:12:54.844174+00:00
[2024-03-31 10:12:54,930] {processor.py:161} INFO - Processing /opt/conda/lib/python3.8/site-packages/airflow/example_dags/example_latest_only.py took 0.265 seconds
[2024-03-31 10:28:36,557] {processor.py:153} INFO - Started process (PID=1624) to work on /opt/conda/lib/python3.8/site-packages/airflow/example_dags/example_latest_only.py
[2024-03-31 10:28:36,559] {processor.py:641} INFO - Processing file /opt/conda/lib/python3.8/site-packages/airflow/example_dags/example_latest_only.py for tasks to queue
[2024-03-31 10:28:36,559] {logging_mixin.py:115} INFO - [2024-03-31 10:28:36,559] {dagbag.py:508} INFO - Filling up the DagBag from /opt/conda/lib/python3.8/site-packages/airflow/example_dags/example_latest_only.py
[2024-03-31 10:28:36,564] {processor.py:651} INFO - DAG(s) dict_keys(['latest_only']) retrieved from /opt/conda/lib/python3.8/site-packages/airflow/example_dags/example_latest_only.py
[2024-03-31 10:28:36,580] {logging_mixin.py:115} INFO - [2024-03-31 10:28:36,580] {dag.py:2420} INFO - Sync 1 DAGs
[2024-03-31 10:28:36,598] {logging_mixin.py:115} INFO - [2024-03-31 10:28:36,598] {dag.py:2968} INFO - Setting next_dagrun for latest_only to 2024-03-31T06:28:36.597931+00:00, run_after=2024-03-31T10:28:36.597931+00:00
[2024-03-31 10:28:36,620] {processor.py:161} INFO - Processing /opt/conda/lib/python3.8/site-packages/airflow/example_dags/example_latest_only.py took 0.066 seconds
[2024-03-31 10:29:18,576] {processor.py:153} INFO - Started process (PID=1696) to work on /opt/conda/lib/python3.8/site-packages/airflow/example_dags/example_latest_only.py
[2024-03-31 10:29:18,578] {processor.py:641} INFO - Processing file /opt/conda/lib/python3.8/site-packages/airflow/example_dags/example_latest_only.py for tasks to queue
[2024-03-31 10:29:18,578] {logging_mixin.py:115} INFO - [2024-03-31 10:29:18,578] {dagbag.py:508} INFO - Filling up the DagBag from /opt/conda/lib/python3.8/site-packages/airflow/example_dags/example_latest_only.py
[2024-03-31 10:29:18,584] {processor.py:651} INFO - DAG(s) dict_keys(['latest_only']) retrieved from /opt/conda/lib/python3.8/site-packages/airflow/example_dags/example_latest_only.py
[2024-03-31 10:29:18,599] {logging_mixin.py:115} INFO - [2024-03-31 10:29:18,599] {dag.py:2420} INFO - Sync 1 DAGs
[2024-03-31 10:29:18,617] {logging_mixin.py:115} INFO - [2024-03-31 10:29:18,617] {dag.py:2968} INFO - Setting next_dagrun for latest_only to 2024-03-31T06:29:18.617554+00:00, run_after=2024-03-31T10:29:18.617554+00:00
[2024-03-31 10:29:18,639] {processor.py:161} INFO - Processing /opt/conda/lib/python3.8/site-packages/airflow/example_dags/example_latest_only.py took 0.066 seconds
[2024-03-31 10:29:57,219] {processor.py:153} INFO - Started process (PID=1749) to work on /opt/conda/lib/python3.8/site-packages/airflow/example_dags/example_latest_only.py
[2024-03-31 10:29:57,221] {processor.py:641} INFO - Processing file /opt/conda/lib/python3.8/site-packages/airflow/example_dags/example_latest_only.py for tasks to queue
[2024-03-31 10:29:57,221] {logging_mixin.py:115} INFO - [2024-03-31 10:29:57,221] {dagbag.py:508} INFO - Filling up the DagBag from /opt/conda/lib/python3.8/site-packages/airflow/example_dags/example_latest_only.py
[2024-03-31 10:29:57,226] {processor.py:651} INFO - DAG(s) dict_keys(['latest_only']) retrieved from /opt/conda/lib/python3.8/site-packages/airflow/example_dags/example_latest_only.py
[2024-03-31 10:29:57,242] {logging_mixin.py:115} INFO - [2024-03-31 10:29:57,242] {dag.py:2420} INFO - Sync 1 DAGs
[2024-03-31 10:29:57,258] {logging_mixin.py:115} INFO - [2024-03-31 10:29:57,258] {dag.py:2968} INFO - Setting next_dagrun for latest_only to 2024-03-31T06:29:57.258571+00:00, run_after=2024-03-31T10:29:57.258571+00:00
[2024-03-31 10:29:57,278] {processor.py:161} INFO - Processing /opt/conda/lib/python3.8/site-packages/airflow/example_dags/example_latest_only.py took 0.062 seconds
[2024-03-31 10:30:59,759] {processor.py:153} INFO - Started process (PID=1850) to work on /opt/conda/lib/python3.8/site-packages/airflow/example_dags/example_latest_only.py
[2024-03-31 10:30:59,761] {processor.py:641} INFO - Processing file /opt/conda/lib/python3.8/site-packages/airflow/example_dags/example_latest_only.py for tasks to queue
[2024-03-31 10:30:59,761] {logging_mixin.py:115} INFO - [2024-03-31 10:30:59,761] {dagbag.py:508} INFO - Filling up the DagBag from /opt/conda/lib/python3.8/site-packages/airflow/example_dags/example_latest_only.py
[2024-03-31 10:30:59,767] {processor.py:651} INFO - DAG(s) dict_keys(['latest_only']) retrieved from /opt/conda/lib/python3.8/site-packages/airflow/example_dags/example_latest_only.py
[2024-03-31 10:30:59,783] {logging_mixin.py:115} INFO - [2024-03-31 10:30:59,783] {dag.py:2420} INFO - Sync 1 DAGs
[2024-03-31 10:30:59,801] {logging_mixin.py:115} INFO - [2024-03-31 10:30:59,801] {dag.py:2968} INFO - Setting next_dagrun for latest_only to 2024-03-31T06:30:59.800927+00:00, run_after=2024-03-31T10:30:59.800927+00:00
[2024-03-31 10:30:59,820] {processor.py:161} INFO - Processing /opt/conda/lib/python3.8/site-packages/airflow/example_dags/example_latest_only.py took 0.064 seconds
[2024-03-31 10:31:40,102] {processor.py:153} INFO - Started process (PID=1921) to work on /opt/conda/lib/python3.8/site-packages/airflow/example_dags/example_latest_only.py
[2024-03-31 10:31:40,104] {processor.py:641} INFO - Processing file /opt/conda/lib/python3.8/site-packages/airflow/example_dags/example_latest_only.py for tasks to queue
[2024-03-31 10:31:40,104] {logging_mixin.py:115} INFO - [2024-03-31 10:31:40,104] {dagbag.py:508} INFO - Filling up the DagBag from /opt/conda/lib/python3.8/site-packages/airflow/example_dags/example_latest_only.py
[2024-03-31 10:31:40,110] {processor.py:651} INFO - DAG(s) dict_keys(['latest_only']) retrieved from /opt/conda/lib/python3.8/site-packages/airflow/example_dags/example_latest_only.py
[2024-03-31 10:31:40,126] {logging_mixin.py:115} INFO - [2024-03-31 10:31:40,126] {dag.py:2420} INFO - Sync 1 DAGs
[2024-03-31 10:31:40,141] {logging_mixin.py:115} INFO - [2024-03-31 10:31:40,140] {dag.py:2968} INFO - Setting next_dagrun for latest_only to 2024-03-31T06:31:40.140750+00:00, run_after=2024-03-31T10:31:40.140750+00:00
[2024-03-31 10:31:40,160] {processor.py:161} INFO - Processing /opt/conda/lib/python3.8/site-packages/airflow/example_dags/example_latest_only.py took 0.061 seconds
[2024-03-31 10:32:49,826] {processor.py:153} INFO - Started process (PID=2259) to work on /opt/conda/lib/python3.8/site-packages/airflow/example_dags/example_latest_only.py
[2024-03-31 10:32:49,828] {processor.py:641} INFO - Processing file /opt/conda/lib/python3.8/site-packages/airflow/example_dags/example_latest_only.py for tasks to queue
[2024-03-31 10:32:49,828] {logging_mixin.py:115} INFO - [2024-03-31 10:32:49,828] {dagbag.py:508} INFO - Filling up the DagBag from /opt/conda/lib/python3.8/site-packages/airflow/example_dags/example_latest_only.py
[2024-03-31 10:32:49,834] {processor.py:651} INFO - DAG(s) dict_keys(['latest_only']) retrieved from /opt/conda/lib/python3.8/site-packages/airflow/example_dags/example_latest_only.py
[2024-03-31 10:32:49,852] {logging_mixin.py:115} INFO - [2024-03-31 10:32:49,852] {dag.py:2420} INFO - Sync 1 DAGs
[2024-03-31 10:32:49,871] {logging_mixin.py:115} INFO - [2024-03-31 10:32:49,871] {dag.py:2968} INFO - Setting next_dagrun for latest_only to 2024-03-31T06:32:49.871544+00:00, run_after=2024-03-31T10:32:49.871544+00:00
[2024-03-31 10:32:49,892] {processor.py:161} INFO - Processing /opt/conda/lib/python3.8/site-packages/airflow/example_dags/example_latest_only.py took 0.070 seconds
[2024-03-31 10:33:29,008] {processor.py:153} INFO - Started process (PID=2339) to work on /opt/conda/lib/python3.8/site-packages/airflow/example_dags/example_latest_only.py
[2024-03-31 10:33:29,010] {processor.py:641} INFO - Processing file /opt/conda/lib/python3.8/site-packages/airflow/example_dags/example_latest_only.py for tasks to queue
[2024-03-31 10:33:29,011] {logging_mixin.py:115} INFO - [2024-03-31 10:33:29,011] {dagbag.py:508} INFO - Filling up the DagBag from /opt/conda/lib/python3.8/site-packages/airflow/example_dags/example_latest_only.py
[2024-03-31 10:33:29,016] {processor.py:651} INFO - DAG(s) dict_keys(['latest_only']) retrieved from /opt/conda/lib/python3.8/site-packages/airflow/example_dags/example_latest_only.py
[2024-03-31 10:33:29,032] {logging_mixin.py:115} INFO - [2024-03-31 10:33:29,032] {dag.py:2420} INFO - Sync 1 DAGs
[2024-03-31 10:33:29,047] {logging_mixin.py:115} INFO - [2024-03-31 10:33:29,047] {dag.py:2968} INFO - Setting next_dagrun for latest_only to 2024-03-31T06:33:29.047216+00:00, run_after=2024-03-31T10:33:29.047216+00:00
[2024-03-31 10:33:29,067] {processor.py:161} INFO - Processing /opt/conda/lib/python3.8/site-packages/airflow/example_dags/example_latest_only.py took 0.062 seconds
[2024-03-31 10:34:07,790] {processor.py:153} INFO - Started process (PID=2392) to work on /opt/conda/lib/python3.8/site-packages/airflow/example_dags/example_latest_only.py
[2024-03-31 10:34:07,792] {processor.py:641} INFO - Processing file /opt/conda/lib/python3.8/site-packages/airflow/example_dags/example_latest_only.py for tasks to queue
[2024-03-31 10:34:07,792] {logging_mixin.py:115} INFO - [2024-03-31 10:34:07,792] {dagbag.py:508} INFO - Filling up the DagBag from /opt/conda/lib/python3.8/site-packages/airflow/example_dags/example_latest_only.py
[2024-03-31 10:34:07,798] {processor.py:651} INFO - DAG(s) dict_keys(['latest_only']) retrieved from /opt/conda/lib/python3.8/site-packages/airflow/example_dags/example_latest_only.py
[2024-03-31 10:34:07,816] {logging_mixin.py:115} INFO - [2024-03-31 10:34:07,816] {dag.py:2420} INFO - Sync 1 DAGs
[2024-03-31 10:34:07,836] {logging_mixin.py:115} INFO - [2024-03-31 10:34:07,835] {dag.py:2968} INFO - Setting next_dagrun for latest_only to 2024-03-31T06:34:07.835627+00:00, run_after=2024-03-31T10:34:07.835627+00:00
[2024-03-31 10:34:07,859] {processor.py:161} INFO - Processing /opt/conda/lib/python3.8/site-packages/airflow/example_dags/example_latest_only.py took 0.072 seconds
