[2024-03-31 10:04:02,745] {processor.py:153} INFO - Started process (PID=926) to work on /opt/conda/lib/python3.8/site-packages/airflow/example_dags/example_bash_operator.py
[2024-03-31 10:04:02,745] {processor.py:641} INFO - Processing file /opt/conda/lib/python3.8/site-packages/airflow/example_dags/example_bash_operator.py for tasks to queue
[2024-03-31 10:04:02,746] {logging_mixin.py:115} INFO - [2024-03-31 10:04:02,745] {dagbag.py:508} INFO - Filling up the DagBag from /opt/conda/lib/python3.8/site-packages/airflow/example_dags/example_bash_operator.py
[2024-03-31 10:04:02,753] {processor.py:651} INFO - DAG(s) dict_keys(['example_bash_operator']) retrieved from /opt/conda/lib/python3.8/site-packages/airflow/example_dags/example_bash_operator.py
[2024-03-31 10:04:02,821] {logging_mixin.py:115} INFO - [2024-03-31 10:04:02,821] {manager.py:508} INFO - Created Permission View: can delete on DAG:example_bash_operator
[2024-03-31 10:04:02,838] {logging_mixin.py:115} INFO - [2024-03-31 10:04:02,838] {manager.py:508} INFO - Created Permission View: can read on DAG:example_bash_operator
[2024-03-31 10:04:02,951] {logging_mixin.py:115} INFO - [2024-03-31 10:04:02,951] {manager.py:508} INFO - Created Permission View: can edit on DAG:example_bash_operator
[2024-03-31 10:04:02,951] {logging_mixin.py:115} INFO - [2024-03-31 10:04:02,951] {dag.py:2420} INFO - Sync 1 DAGs
[2024-03-31 10:04:02,960] {logging_mixin.py:115} INFO - [2024-03-31 10:04:02,960] {dag.py:2439} INFO - Creating ORM DAG for example_bash_operator
[2024-03-31 10:04:02,973] {logging_mixin.py:115} INFO - [2024-03-31 10:04:02,973] {dag.py:2968} INFO - Setting next_dagrun for example_bash_operator to 2024-03-30T00:00:00+00:00, run_after=2024-03-31T00:00:00+00:00
[2024-03-31 10:04:03,137] {processor.py:161} INFO - Processing /opt/conda/lib/python3.8/site-packages/airflow/example_dags/example_bash_operator.py took 0.394 seconds
[2024-03-31 10:04:45,446] {processor.py:153} INFO - Started process (PID=960) to work on /opt/conda/lib/python3.8/site-packages/airflow/example_dags/example_bash_operator.py
[2024-03-31 10:04:45,448] {processor.py:641} INFO - Processing file /opt/conda/lib/python3.8/site-packages/airflow/example_dags/example_bash_operator.py for tasks to queue
[2024-03-31 10:04:45,448] {logging_mixin.py:115} INFO - [2024-03-31 10:04:45,448] {dagbag.py:508} INFO - Filling up the DagBag from /opt/conda/lib/python3.8/site-packages/airflow/example_dags/example_bash_operator.py
[2024-03-31 10:04:45,460] {processor.py:651} INFO - DAG(s) dict_keys(['example_bash_operator']) retrieved from /opt/conda/lib/python3.8/site-packages/airflow/example_dags/example_bash_operator.py
[2024-03-31 10:04:45,475] {logging_mixin.py:115} INFO - [2024-03-31 10:04:45,475] {dag.py:2420} INFO - Sync 1 DAGs
[2024-03-31 10:04:45,490] {logging_mixin.py:115} INFO - [2024-03-31 10:04:45,490] {dag.py:2968} INFO - Setting next_dagrun for example_bash_operator to 2024-03-30T00:00:00+00:00, run_after=2024-03-31T00:00:00+00:00
[2024-03-31 10:04:45,509] {processor.py:161} INFO - Processing /opt/conda/lib/python3.8/site-packages/airflow/example_dags/example_bash_operator.py took 0.067 seconds
[2024-03-31 10:05:21,021] {processor.py:153} INFO - Started process (PID=994) to work on /opt/conda/lib/python3.8/site-packages/airflow/example_dags/example_bash_operator.py
[2024-03-31 10:05:21,022] {processor.py:641} INFO - Processing file /opt/conda/lib/python3.8/site-packages/airflow/example_dags/example_bash_operator.py for tasks to queue
[2024-03-31 10:05:21,023] {logging_mixin.py:115} INFO - [2024-03-31 10:05:21,023] {dagbag.py:508} INFO - Filling up the DagBag from /opt/conda/lib/python3.8/site-packages/airflow/example_dags/example_bash_operator.py
[2024-03-31 10:05:21,035] {processor.py:651} INFO - DAG(s) dict_keys(['example_bash_operator']) retrieved from /opt/conda/lib/python3.8/site-packages/airflow/example_dags/example_bash_operator.py
[2024-03-31 10:05:21,050] {logging_mixin.py:115} INFO - [2024-03-31 10:05:21,050] {dag.py:2420} INFO - Sync 1 DAGs
[2024-03-31 10:05:21,065] {logging_mixin.py:115} INFO - [2024-03-31 10:05:21,065] {dag.py:2968} INFO - Setting next_dagrun for example_bash_operator to 2024-03-30T00:00:00+00:00, run_after=2024-03-31T00:00:00+00:00
[2024-03-31 10:05:21,097] {processor.py:161} INFO - Processing /opt/conda/lib/python3.8/site-packages/airflow/example_dags/example_bash_operator.py took 0.080 seconds
[2024-03-31 10:05:52,601] {processor.py:153} INFO - Started process (PID=1024) to work on /opt/conda/lib/python3.8/site-packages/airflow/example_dags/example_bash_operator.py
[2024-03-31 10:05:52,601] {processor.py:641} INFO - Processing file /opt/conda/lib/python3.8/site-packages/airflow/example_dags/example_bash_operator.py for tasks to queue
[2024-03-31 10:05:52,602] {logging_mixin.py:115} INFO - [2024-03-31 10:05:52,602] {dagbag.py:508} INFO - Filling up the DagBag from /opt/conda/lib/python3.8/site-packages/airflow/example_dags/example_bash_operator.py
[2024-03-31 10:05:52,614] {processor.py:651} INFO - DAG(s) dict_keys(['example_bash_operator']) retrieved from /opt/conda/lib/python3.8/site-packages/airflow/example_dags/example_bash_operator.py
[2024-03-31 10:05:52,628] {logging_mixin.py:115} INFO - [2024-03-31 10:05:52,628] {dag.py:2420} INFO - Sync 1 DAGs
[2024-03-31 10:05:52,643] {logging_mixin.py:115} INFO - [2024-03-31 10:05:52,643] {dag.py:2968} INFO - Setting next_dagrun for example_bash_operator to 2024-03-30T00:00:00+00:00, run_after=2024-03-31T00:00:00+00:00
[2024-03-31 10:05:52,662] {processor.py:161} INFO - Processing /opt/conda/lib/python3.8/site-packages/airflow/example_dags/example_bash_operator.py took 0.065 seconds
[2024-03-31 10:06:25,057] {processor.py:153} INFO - Started process (PID=1056) to work on /opt/conda/lib/python3.8/site-packages/airflow/example_dags/example_bash_operator.py
[2024-03-31 10:06:25,058] {processor.py:641} INFO - Processing file /opt/conda/lib/python3.8/site-packages/airflow/example_dags/example_bash_operator.py for tasks to queue
[2024-03-31 10:06:25,059] {logging_mixin.py:115} INFO - [2024-03-31 10:06:25,059] {dagbag.py:508} INFO - Filling up the DagBag from /opt/conda/lib/python3.8/site-packages/airflow/example_dags/example_bash_operator.py
[2024-03-31 10:06:25,071] {processor.py:651} INFO - DAG(s) dict_keys(['example_bash_operator']) retrieved from /opt/conda/lib/python3.8/site-packages/airflow/example_dags/example_bash_operator.py
[2024-03-31 10:06:25,086] {logging_mixin.py:115} INFO - [2024-03-31 10:06:25,086] {dag.py:2420} INFO - Sync 1 DAGs
[2024-03-31 10:06:25,101] {logging_mixin.py:115} INFO - [2024-03-31 10:06:25,101] {dag.py:2968} INFO - Setting next_dagrun for example_bash_operator to 2024-03-30T00:00:00+00:00, run_after=2024-03-31T00:00:00+00:00
[2024-03-31 10:06:25,120] {processor.py:161} INFO - Processing /opt/conda/lib/python3.8/site-packages/airflow/example_dags/example_bash_operator.py took 0.066 seconds
[2024-03-31 10:06:56,204] {processor.py:153} INFO - Started process (PID=1088) to work on /opt/conda/lib/python3.8/site-packages/airflow/example_dags/example_bash_operator.py
[2024-03-31 10:06:56,205] {processor.py:641} INFO - Processing file /opt/conda/lib/python3.8/site-packages/airflow/example_dags/example_bash_operator.py for tasks to queue
[2024-03-31 10:06:56,205] {logging_mixin.py:115} INFO - [2024-03-31 10:06:56,205] {dagbag.py:508} INFO - Filling up the DagBag from /opt/conda/lib/python3.8/site-packages/airflow/example_dags/example_bash_operator.py
[2024-03-31 10:06:56,217] {processor.py:651} INFO - DAG(s) dict_keys(['example_bash_operator']) retrieved from /opt/conda/lib/python3.8/site-packages/airflow/example_dags/example_bash_operator.py
[2024-03-31 10:06:56,231] {logging_mixin.py:115} INFO - [2024-03-31 10:06:56,231] {dag.py:2420} INFO - Sync 1 DAGs
[2024-03-31 10:06:56,246] {logging_mixin.py:115} INFO - [2024-03-31 10:06:56,246] {dag.py:2968} INFO - Setting next_dagrun for example_bash_operator to 2024-03-30T00:00:00+00:00, run_after=2024-03-31T00:00:00+00:00
[2024-03-31 10:06:56,265] {processor.py:161} INFO - Processing /opt/conda/lib/python3.8/site-packages/airflow/example_dags/example_bash_operator.py took 0.064 seconds
[2024-03-31 10:07:29,914] {processor.py:153} INFO - Started process (PID=1122) to work on /opt/conda/lib/python3.8/site-packages/airflow/example_dags/example_bash_operator.py
[2024-03-31 10:07:29,916] {processor.py:641} INFO - Processing file /opt/conda/lib/python3.8/site-packages/airflow/example_dags/example_bash_operator.py for tasks to queue
[2024-03-31 10:07:29,916] {logging_mixin.py:115} INFO - [2024-03-31 10:07:29,916] {dagbag.py:508} INFO - Filling up the DagBag from /opt/conda/lib/python3.8/site-packages/airflow/example_dags/example_bash_operator.py
[2024-03-31 10:07:29,928] {processor.py:651} INFO - DAG(s) dict_keys(['example_bash_operator']) retrieved from /opt/conda/lib/python3.8/site-packages/airflow/example_dags/example_bash_operator.py
[2024-03-31 10:07:29,943] {logging_mixin.py:115} INFO - [2024-03-31 10:07:29,943] {dag.py:2420} INFO - Sync 1 DAGs
[2024-03-31 10:07:29,958] {logging_mixin.py:115} INFO - [2024-03-31 10:07:29,958] {dag.py:2968} INFO - Setting next_dagrun for example_bash_operator to 2024-03-30T00:00:00+00:00, run_after=2024-03-31T00:00:00+00:00
[2024-03-31 10:07:29,978] {processor.py:161} INFO - Processing /opt/conda/lib/python3.8/site-packages/airflow/example_dags/example_bash_operator.py took 0.067 seconds
[2024-03-31 10:08:02,183] {processor.py:153} INFO - Started process (PID=1155) to work on /opt/conda/lib/python3.8/site-packages/airflow/example_dags/example_bash_operator.py
[2024-03-31 10:08:02,186] {processor.py:641} INFO - Processing file /opt/conda/lib/python3.8/site-packages/airflow/example_dags/example_bash_operator.py for tasks to queue
[2024-03-31 10:08:02,187] {logging_mixin.py:115} INFO - [2024-03-31 10:08:02,186] {dagbag.py:508} INFO - Filling up the DagBag from /opt/conda/lib/python3.8/site-packages/airflow/example_dags/example_bash_operator.py
[2024-03-31 10:08:02,199] {processor.py:651} INFO - DAG(s) dict_keys(['example_bash_operator']) retrieved from /opt/conda/lib/python3.8/site-packages/airflow/example_dags/example_bash_operator.py
[2024-03-31 10:08:02,216] {logging_mixin.py:115} INFO - [2024-03-31 10:08:02,215] {dag.py:2420} INFO - Sync 1 DAGs
[2024-03-31 10:08:02,235] {logging_mixin.py:115} INFO - [2024-03-31 10:08:02,235] {dag.py:2968} INFO - Setting next_dagrun for example_bash_operator to 2024-03-30T00:00:00+00:00, run_after=2024-03-31T00:00:00+00:00
[2024-03-31 10:08:02,255] {processor.py:161} INFO - Processing /opt/conda/lib/python3.8/site-packages/airflow/example_dags/example_bash_operator.py took 0.075 seconds
[2024-03-31 10:08:37,300] {processor.py:153} INFO - Started process (PID=1193) to work on /opt/conda/lib/python3.8/site-packages/airflow/example_dags/example_bash_operator.py
[2024-03-31 10:08:37,304] {processor.py:641} INFO - Processing file /opt/conda/lib/python3.8/site-packages/airflow/example_dags/example_bash_operator.py for tasks to queue
[2024-03-31 10:08:37,305] {logging_mixin.py:115} INFO - [2024-03-31 10:08:37,305] {dagbag.py:508} INFO - Filling up the DagBag from /opt/conda/lib/python3.8/site-packages/airflow/example_dags/example_bash_operator.py
[2024-03-31 10:08:37,318] {processor.py:651} INFO - DAG(s) dict_keys(['example_bash_operator']) retrieved from /opt/conda/lib/python3.8/site-packages/airflow/example_dags/example_bash_operator.py
[2024-03-31 10:08:37,336] {logging_mixin.py:115} INFO - [2024-03-31 10:08:37,336] {dag.py:2420} INFO - Sync 1 DAGs
[2024-03-31 10:08:37,356] {logging_mixin.py:115} INFO - [2024-03-31 10:08:37,356] {dag.py:2968} INFO - Setting next_dagrun for example_bash_operator to 2024-03-30T00:00:00+00:00, run_after=2024-03-31T00:00:00+00:00
[2024-03-31 10:08:37,377] {processor.py:161} INFO - Processing /opt/conda/lib/python3.8/site-packages/airflow/example_dags/example_bash_operator.py took 0.081 seconds
[2024-03-31 10:09:09,660] {processor.py:153} INFO - Started process (PID=1226) to work on /opt/conda/lib/python3.8/site-packages/airflow/example_dags/example_bash_operator.py
[2024-03-31 10:09:09,662] {processor.py:641} INFO - Processing file /opt/conda/lib/python3.8/site-packages/airflow/example_dags/example_bash_operator.py for tasks to queue
[2024-03-31 10:09:09,663] {logging_mixin.py:115} INFO - [2024-03-31 10:09:09,663] {dagbag.py:508} INFO - Filling up the DagBag from /opt/conda/lib/python3.8/site-packages/airflow/example_dags/example_bash_operator.py
[2024-03-31 10:09:09,676] {processor.py:651} INFO - DAG(s) dict_keys(['example_bash_operator']) retrieved from /opt/conda/lib/python3.8/site-packages/airflow/example_dags/example_bash_operator.py
[2024-03-31 10:09:09,694] {logging_mixin.py:115} INFO - [2024-03-31 10:09:09,693] {dag.py:2420} INFO - Sync 1 DAGs
[2024-03-31 10:09:09,714] {logging_mixin.py:115} INFO - [2024-03-31 10:09:09,714] {dag.py:2968} INFO - Setting next_dagrun for example_bash_operator to 2024-03-30T00:00:00+00:00, run_after=2024-03-31T00:00:00+00:00
[2024-03-31 10:09:09,735] {processor.py:161} INFO - Processing /opt/conda/lib/python3.8/site-packages/airflow/example_dags/example_bash_operator.py took 0.078 seconds
[2024-03-31 10:09:43,613] {processor.py:153} INFO - Started process (PID=1259) to work on /opt/conda/lib/python3.8/site-packages/airflow/example_dags/example_bash_operator.py
[2024-03-31 10:09:43,615] {processor.py:641} INFO - Processing file /opt/conda/lib/python3.8/site-packages/airflow/example_dags/example_bash_operator.py for tasks to queue
[2024-03-31 10:09:43,615] {logging_mixin.py:115} INFO - [2024-03-31 10:09:43,615] {dagbag.py:508} INFO - Filling up the DagBag from /opt/conda/lib/python3.8/site-packages/airflow/example_dags/example_bash_operator.py
[2024-03-31 10:09:43,627] {processor.py:651} INFO - DAG(s) dict_keys(['example_bash_operator']) retrieved from /opt/conda/lib/python3.8/site-packages/airflow/example_dags/example_bash_operator.py
[2024-03-31 10:09:43,642] {logging_mixin.py:115} INFO - [2024-03-31 10:09:43,642] {dag.py:2420} INFO - Sync 1 DAGs
[2024-03-31 10:09:43,657] {logging_mixin.py:115} INFO - [2024-03-31 10:09:43,657] {dag.py:2968} INFO - Setting next_dagrun for example_bash_operator to 2024-03-30T00:00:00+00:00, run_after=2024-03-31T00:00:00+00:00
[2024-03-31 10:09:43,676] {processor.py:161} INFO - Processing /opt/conda/lib/python3.8/site-packages/airflow/example_dags/example_bash_operator.py took 0.067 seconds
[2024-03-31 10:10:16,678] {processor.py:153} INFO - Started process (PID=1294) to work on /opt/conda/lib/python3.8/site-packages/airflow/example_dags/example_bash_operator.py
[2024-03-31 10:10:16,680] {processor.py:641} INFO - Processing file /opt/conda/lib/python3.8/site-packages/airflow/example_dags/example_bash_operator.py for tasks to queue
[2024-03-31 10:10:16,680] {logging_mixin.py:115} INFO - [2024-03-31 10:10:16,680] {dagbag.py:508} INFO - Filling up the DagBag from /opt/conda/lib/python3.8/site-packages/airflow/example_dags/example_bash_operator.py
[2024-03-31 10:10:16,692] {processor.py:651} INFO - DAG(s) dict_keys(['example_bash_operator']) retrieved from /opt/conda/lib/python3.8/site-packages/airflow/example_dags/example_bash_operator.py
[2024-03-31 10:10:16,707] {logging_mixin.py:115} INFO - [2024-03-31 10:10:16,707] {dag.py:2420} INFO - Sync 1 DAGs
[2024-03-31 10:10:16,722] {logging_mixin.py:115} INFO - [2024-03-31 10:10:16,722] {dag.py:2968} INFO - Setting next_dagrun for example_bash_operator to 2024-03-30T00:00:00+00:00, run_after=2024-03-31T00:00:00+00:00
[2024-03-31 10:10:16,741] {processor.py:161} INFO - Processing /opt/conda/lib/python3.8/site-packages/airflow/example_dags/example_bash_operator.py took 0.067 seconds
[2024-03-31 10:12:28,029] {processor.py:153} INFO - Started process (PID=1390) to work on /opt/conda/lib/python3.8/site-packages/airflow/example_dags/example_bash_operator.py
[2024-03-31 10:12:28,031] {processor.py:641} INFO - Processing file /opt/conda/lib/python3.8/site-packages/airflow/example_dags/example_bash_operator.py for tasks to queue
[2024-03-31 10:12:28,031] {logging_mixin.py:115} INFO - [2024-03-31 10:12:28,031] {dagbag.py:508} INFO - Filling up the DagBag from /opt/conda/lib/python3.8/site-packages/airflow/example_dags/example_bash_operator.py
[2024-03-31 10:12:28,044] {processor.py:651} INFO - DAG(s) dict_keys(['example_bash_operator']) retrieved from /opt/conda/lib/python3.8/site-packages/airflow/example_dags/example_bash_operator.py
[2024-03-31 10:12:28,059] {logging_mixin.py:115} INFO - [2024-03-31 10:12:28,059] {dag.py:2420} INFO - Sync 1 DAGs
[2024-03-31 10:12:28,075] {logging_mixin.py:115} INFO - [2024-03-31 10:12:28,075] {dag.py:2968} INFO - Setting next_dagrun for example_bash_operator to 2024-03-30T00:00:00+00:00, run_after=2024-03-31T00:00:00+00:00
[2024-03-31 10:12:28,108] {processor.py:161} INFO - Processing /opt/conda/lib/python3.8/site-packages/airflow/example_dags/example_bash_operator.py took 0.083 seconds
[2024-03-31 10:13:03,769] {processor.py:153} INFO - Started process (PID=1426) to work on /opt/conda/lib/python3.8/site-packages/airflow/example_dags/example_bash_operator.py
[2024-03-31 10:13:03,771] {processor.py:641} INFO - Processing file /opt/conda/lib/python3.8/site-packages/airflow/example_dags/example_bash_operator.py for tasks to queue
[2024-03-31 10:13:03,771] {logging_mixin.py:115} INFO - [2024-03-31 10:13:03,771] {dagbag.py:508} INFO - Filling up the DagBag from /opt/conda/lib/python3.8/site-packages/airflow/example_dags/example_bash_operator.py
[2024-03-31 10:13:03,783] {processor.py:651} INFO - DAG(s) dict_keys(['example_bash_operator']) retrieved from /opt/conda/lib/python3.8/site-packages/airflow/example_dags/example_bash_operator.py
[2024-03-31 10:13:03,799] {logging_mixin.py:115} INFO - [2024-03-31 10:13:03,799] {dag.py:2420} INFO - Sync 1 DAGs
[2024-03-31 10:13:03,817] {logging_mixin.py:115} INFO - [2024-03-31 10:13:03,817] {dag.py:2968} INFO - Setting next_dagrun for example_bash_operator to 2024-03-30T00:00:00+00:00, run_after=2024-03-31T00:00:00+00:00
[2024-03-31 10:13:03,838] {processor.py:161} INFO - Processing /opt/conda/lib/python3.8/site-packages/airflow/example_dags/example_bash_operator.py took 0.073 seconds
[2024-03-31 10:28:10,568] {processor.py:153} INFO - Started process (PID=1597) to work on /opt/conda/lib/python3.8/site-packages/airflow/example_dags/example_bash_operator.py
[2024-03-31 10:28:10,570] {processor.py:641} INFO - Processing file /opt/conda/lib/python3.8/site-packages/airflow/example_dags/example_bash_operator.py for tasks to queue
[2024-03-31 10:28:10,571] {logging_mixin.py:115} INFO - [2024-03-31 10:28:10,570] {dagbag.py:508} INFO - Filling up the DagBag from /opt/conda/lib/python3.8/site-packages/airflow/example_dags/example_bash_operator.py
[2024-03-31 10:28:10,582] {processor.py:651} INFO - DAG(s) dict_keys(['example_bash_operator']) retrieved from /opt/conda/lib/python3.8/site-packages/airflow/example_dags/example_bash_operator.py
[2024-03-31 10:28:10,598] {logging_mixin.py:115} INFO - [2024-03-31 10:28:10,598] {dag.py:2420} INFO - Sync 1 DAGs
[2024-03-31 10:28:10,617] {logging_mixin.py:115} INFO - [2024-03-31 10:28:10,617] {dag.py:2968} INFO - Setting next_dagrun for example_bash_operator to 2024-03-30T00:00:00+00:00, run_after=2024-03-31T00:00:00+00:00
[2024-03-31 10:28:10,639] {processor.py:161} INFO - Processing /opt/conda/lib/python3.8/site-packages/airflow/example_dags/example_bash_operator.py took 0.074 seconds
[2024-03-31 10:28:48,215] {processor.py:153} INFO - Started process (PID=1650) to work on /opt/conda/lib/python3.8/site-packages/airflow/example_dags/example_bash_operator.py
[2024-03-31 10:28:48,217] {processor.py:641} INFO - Processing file /opt/conda/lib/python3.8/site-packages/airflow/example_dags/example_bash_operator.py for tasks to queue
[2024-03-31 10:28:48,218] {logging_mixin.py:115} INFO - [2024-03-31 10:28:48,218] {dagbag.py:508} INFO - Filling up the DagBag from /opt/conda/lib/python3.8/site-packages/airflow/example_dags/example_bash_operator.py
[2024-03-31 10:28:48,229] {processor.py:651} INFO - DAG(s) dict_keys(['example_bash_operator']) retrieved from /opt/conda/lib/python3.8/site-packages/airflow/example_dags/example_bash_operator.py
[2024-03-31 10:28:48,245] {logging_mixin.py:115} INFO - [2024-03-31 10:28:48,245] {dag.py:2420} INFO - Sync 1 DAGs
[2024-03-31 10:28:48,260] {logging_mixin.py:115} INFO - [2024-03-31 10:28:48,260] {dag.py:2968} INFO - Setting next_dagrun for example_bash_operator to 2024-03-30T00:00:00+00:00, run_after=2024-03-31T00:00:00+00:00
[2024-03-31 10:28:48,280] {processor.py:161} INFO - Processing /opt/conda/lib/python3.8/site-packages/airflow/example_dags/example_bash_operator.py took 0.068 seconds
[2024-03-31 10:29:26,036] {processor.py:153} INFO - Started process (PID=1703) to work on /opt/conda/lib/python3.8/site-packages/airflow/example_dags/example_bash_operator.py
[2024-03-31 10:29:26,038] {processor.py:641} INFO - Processing file /opt/conda/lib/python3.8/site-packages/airflow/example_dags/example_bash_operator.py for tasks to queue
[2024-03-31 10:29:26,038] {logging_mixin.py:115} INFO - [2024-03-31 10:29:26,038] {dagbag.py:508} INFO - Filling up the DagBag from /opt/conda/lib/python3.8/site-packages/airflow/example_dags/example_bash_operator.py
[2024-03-31 10:29:26,050] {processor.py:651} INFO - DAG(s) dict_keys(['example_bash_operator']) retrieved from /opt/conda/lib/python3.8/site-packages/airflow/example_dags/example_bash_operator.py
[2024-03-31 10:29:26,066] {logging_mixin.py:115} INFO - [2024-03-31 10:29:26,066] {dag.py:2420} INFO - Sync 1 DAGs
[2024-03-31 10:29:26,085] {logging_mixin.py:115} INFO - [2024-03-31 10:29:26,085] {dag.py:2968} INFO - Setting next_dagrun for example_bash_operator to 2024-03-30T00:00:00+00:00, run_after=2024-03-31T00:00:00+00:00
[2024-03-31 10:29:26,107] {processor.py:161} INFO - Processing /opt/conda/lib/python3.8/site-packages/airflow/example_dags/example_bash_operator.py took 0.074 seconds
[2024-03-31 10:30:33,321] {processor.py:153} INFO - Started process (PID=1823) to work on /opt/conda/lib/python3.8/site-packages/airflow/example_dags/example_bash_operator.py
[2024-03-31 10:30:33,323] {processor.py:641} INFO - Processing file /opt/conda/lib/python3.8/site-packages/airflow/example_dags/example_bash_operator.py for tasks to queue
[2024-03-31 10:30:33,323] {logging_mixin.py:115} INFO - [2024-03-31 10:30:33,323] {dagbag.py:508} INFO - Filling up the DagBag from /opt/conda/lib/python3.8/site-packages/airflow/example_dags/example_bash_operator.py
[2024-03-31 10:30:33,335] {processor.py:651} INFO - DAG(s) dict_keys(['example_bash_operator']) retrieved from /opt/conda/lib/python3.8/site-packages/airflow/example_dags/example_bash_operator.py
[2024-03-31 10:30:33,352] {logging_mixin.py:115} INFO - [2024-03-31 10:30:33,352] {dag.py:2420} INFO - Sync 1 DAGs
[2024-03-31 10:30:33,370] {logging_mixin.py:115} INFO - [2024-03-31 10:30:33,369] {dag.py:2968} INFO - Setting next_dagrun for example_bash_operator to 2024-03-30T00:00:00+00:00, run_after=2024-03-31T00:00:00+00:00
[2024-03-31 10:30:33,389] {processor.py:161} INFO - Processing /opt/conda/lib/python3.8/site-packages/airflow/example_dags/example_bash_operator.py took 0.071 seconds
[2024-03-31 10:31:10,276] {processor.py:153} INFO - Started process (PID=1876) to work on /opt/conda/lib/python3.8/site-packages/airflow/example_dags/example_bash_operator.py
[2024-03-31 10:31:10,278] {processor.py:641} INFO - Processing file /opt/conda/lib/python3.8/site-packages/airflow/example_dags/example_bash_operator.py for tasks to queue
[2024-03-31 10:31:10,278] {logging_mixin.py:115} INFO - [2024-03-31 10:31:10,278] {dagbag.py:508} INFO - Filling up the DagBag from /opt/conda/lib/python3.8/site-packages/airflow/example_dags/example_bash_operator.py
[2024-03-31 10:31:10,290] {processor.py:651} INFO - DAG(s) dict_keys(['example_bash_operator']) retrieved from /opt/conda/lib/python3.8/site-packages/airflow/example_dags/example_bash_operator.py
[2024-03-31 10:31:10,307] {logging_mixin.py:115} INFO - [2024-03-31 10:31:10,307] {dag.py:2420} INFO - Sync 1 DAGs
[2024-03-31 10:31:10,326] {logging_mixin.py:115} INFO - [2024-03-31 10:31:10,326] {dag.py:2968} INFO - Setting next_dagrun for example_bash_operator to 2024-03-30T00:00:00+00:00, run_after=2024-03-31T00:00:00+00:00
[2024-03-31 10:31:10,347] {processor.py:161} INFO - Processing /opt/conda/lib/python3.8/site-packages/airflow/example_dags/example_bash_operator.py took 0.073 seconds
[2024-03-31 10:32:03,569] {processor.py:153} INFO - Started process (PID=1994) to work on /opt/conda/lib/python3.8/site-packages/airflow/example_dags/example_bash_operator.py
[2024-03-31 10:32:03,571] {processor.py:641} INFO - Processing file /opt/conda/lib/python3.8/site-packages/airflow/example_dags/example_bash_operator.py for tasks to queue
[2024-03-31 10:32:03,571] {logging_mixin.py:115} INFO - [2024-03-31 10:32:03,571] {dagbag.py:508} INFO - Filling up the DagBag from /opt/conda/lib/python3.8/site-packages/airflow/example_dags/example_bash_operator.py
[2024-03-31 10:32:03,584] {processor.py:651} INFO - DAG(s) dict_keys(['example_bash_operator']) retrieved from /opt/conda/lib/python3.8/site-packages/airflow/example_dags/example_bash_operator.py
[2024-03-31 10:32:03,599] {logging_mixin.py:115} INFO - [2024-03-31 10:32:03,598] {dag.py:2420} INFO - Sync 1 DAGs
[2024-03-31 10:32:03,614] {logging_mixin.py:115} INFO - [2024-03-31 10:32:03,614] {dag.py:2968} INFO - Setting next_dagrun for example_bash_operator to 2024-03-30T00:00:00+00:00, run_after=2024-03-31T00:00:00+00:00
[2024-03-31 10:32:03,633] {processor.py:161} INFO - Processing /opt/conda/lib/python3.8/site-packages/airflow/example_dags/example_bash_operator.py took 0.067 seconds
[2024-03-31 10:32:59,145] {processor.py:153} INFO - Started process (PID=2285) to work on /opt/conda/lib/python3.8/site-packages/airflow/example_dags/example_bash_operator.py
[2024-03-31 10:32:59,147] {processor.py:641} INFO - Processing file /opt/conda/lib/python3.8/site-packages/airflow/example_dags/example_bash_operator.py for tasks to queue
[2024-03-31 10:32:59,148] {logging_mixin.py:115} INFO - [2024-03-31 10:32:59,148] {dagbag.py:508} INFO - Filling up the DagBag from /opt/conda/lib/python3.8/site-packages/airflow/example_dags/example_bash_operator.py
[2024-03-31 10:32:59,160] {processor.py:651} INFO - DAG(s) dict_keys(['example_bash_operator']) retrieved from /opt/conda/lib/python3.8/site-packages/airflow/example_dags/example_bash_operator.py
[2024-03-31 10:32:59,175] {logging_mixin.py:115} INFO - [2024-03-31 10:32:59,175] {dag.py:2420} INFO - Sync 1 DAGs
[2024-03-31 10:32:59,190] {logging_mixin.py:115} INFO - [2024-03-31 10:32:59,190] {dag.py:2968} INFO - Setting next_dagrun for example_bash_operator to 2024-03-30T00:00:00+00:00, run_after=2024-03-31T00:00:00+00:00
[2024-03-31 10:32:59,209] {processor.py:161} INFO - Processing /opt/conda/lib/python3.8/site-packages/airflow/example_dags/example_bash_operator.py took 0.067 seconds
[2024-03-31 10:33:38,133] {processor.py:153} INFO - Started process (PID=2347) to work on /opt/conda/lib/python3.8/site-packages/airflow/example_dags/example_bash_operator.py
[2024-03-31 10:33:38,135] {processor.py:641} INFO - Processing file /opt/conda/lib/python3.8/site-packages/airflow/example_dags/example_bash_operator.py for tasks to queue
[2024-03-31 10:33:38,135] {logging_mixin.py:115} INFO - [2024-03-31 10:33:38,135] {dagbag.py:508} INFO - Filling up the DagBag from /opt/conda/lib/python3.8/site-packages/airflow/example_dags/example_bash_operator.py
[2024-03-31 10:33:38,148] {processor.py:651} INFO - DAG(s) dict_keys(['example_bash_operator']) retrieved from /opt/conda/lib/python3.8/site-packages/airflow/example_dags/example_bash_operator.py
[2024-03-31 10:33:38,166] {logging_mixin.py:115} INFO - [2024-03-31 10:33:38,166] {dag.py:2420} INFO - Sync 1 DAGs
[2024-03-31 10:33:38,186] {logging_mixin.py:115} INFO - [2024-03-31 10:33:38,186] {dag.py:2968} INFO - Setting next_dagrun for example_bash_operator to 2024-03-30T00:00:00+00:00, run_after=2024-03-31T00:00:00+00:00
[2024-03-31 10:33:38,207] {processor.py:161} INFO - Processing /opt/conda/lib/python3.8/site-packages/airflow/example_dags/example_bash_operator.py took 0.078 seconds
