[2024-03-31 10:04:08,207] {processor.py:153} INFO - Started process (PID=930) to work on /opt/conda/lib/python3.8/site-packages/airflow/example_dags/example_xcomargs.py
[2024-03-31 10:04:08,207] {processor.py:641} INFO - Processing file /opt/conda/lib/python3.8/site-packages/airflow/example_dags/example_xcomargs.py for tasks to queue
[2024-03-31 10:04:08,208] {logging_mixin.py:115} INFO - [2024-03-31 10:04:08,208] {dagbag.py:508} INFO - Filling up the DagBag from /opt/conda/lib/python3.8/site-packages/airflow/example_dags/example_xcomargs.py
[2024-03-31 10:04:08,219] {processor.py:651} INFO - DAG(s) dict_keys(['example_xcom_args', 'example_xcom_args_with_operators']) retrieved from /opt/conda/lib/python3.8/site-packages/airflow/example_dags/example_xcomargs.py
[2024-03-31 10:04:08,318] {logging_mixin.py:115} INFO - [2024-03-31 10:04:08,318] {manager.py:508} INFO - Created Permission View: can delete on DAG:example_xcom_args
[2024-03-31 10:04:08,357] {logging_mixin.py:115} INFO - [2024-03-31 10:04:08,357] {manager.py:508} INFO - Created Permission View: can read on DAG:example_xcom_args
[2024-03-31 10:04:08,378] {logging_mixin.py:115} INFO - [2024-03-31 10:04:08,378] {manager.py:508} INFO - Created Permission View: can edit on DAG:example_xcom_args
[2024-03-31 10:04:08,425] {logging_mixin.py:115} INFO - [2024-03-31 10:04:08,424] {manager.py:508} INFO - Created Permission View: can delete on DAG:example_xcom_args_with_operators
[2024-03-31 10:04:08,444] {logging_mixin.py:115} INFO - [2024-03-31 10:04:08,444] {manager.py:508} INFO - Created Permission View: can read on DAG:example_xcom_args_with_operators
[2024-03-31 10:04:08,464] {logging_mixin.py:115} INFO - [2024-03-31 10:04:08,463] {manager.py:508} INFO - Created Permission View: can edit on DAG:example_xcom_args_with_operators
[2024-03-31 10:04:08,464] {logging_mixin.py:115} INFO - [2024-03-31 10:04:08,464] {dag.py:2420} INFO - Sync 2 DAGs
[2024-03-31 10:04:08,475] {logging_mixin.py:115} INFO - [2024-03-31 10:04:08,475] {dag.py:2439} INFO - Creating ORM DAG for example_xcom_args_with_operators
[2024-03-31 10:04:08,476] {logging_mixin.py:115} INFO - [2024-03-31 10:04:08,476] {dag.py:2439} INFO - Creating ORM DAG for example_xcom_args
[2024-03-31 10:04:08,491] {logging_mixin.py:115} INFO - [2024-03-31 10:04:08,491] {dag.py:2968} INFO - Setting next_dagrun for example_xcom_args to None, run_after=None
[2024-03-31 10:04:08,491] {logging_mixin.py:115} INFO - [2024-03-31 10:04:08,491] {dag.py:2968} INFO - Setting next_dagrun for example_xcom_args_with_operators to None, run_after=None
[2024-03-31 10:04:08,521] {processor.py:161} INFO - Processing /opt/conda/lib/python3.8/site-packages/airflow/example_dags/example_xcomargs.py took 0.315 seconds
[2024-03-31 10:04:49,548] {processor.py:153} INFO - Started process (PID=964) to work on /opt/conda/lib/python3.8/site-packages/airflow/example_dags/example_xcomargs.py
[2024-03-31 10:04:49,550] {processor.py:641} INFO - Processing file /opt/conda/lib/python3.8/site-packages/airflow/example_dags/example_xcomargs.py for tasks to queue
[2024-03-31 10:04:49,550] {logging_mixin.py:115} INFO - [2024-03-31 10:04:49,550] {dagbag.py:508} INFO - Filling up the DagBag from /opt/conda/lib/python3.8/site-packages/airflow/example_dags/example_xcomargs.py
[2024-03-31 10:04:49,570] {processor.py:651} INFO - DAG(s) dict_keys(['example_xcom_args', 'example_xcom_args_with_operators']) retrieved from /opt/conda/lib/python3.8/site-packages/airflow/example_dags/example_xcomargs.py
[2024-03-31 10:04:49,608] {logging_mixin.py:115} INFO - [2024-03-31 10:04:49,608] {dag.py:2420} INFO - Sync 2 DAGs
[2024-03-31 10:04:49,620] {logging_mixin.py:115} INFO - [2024-03-31 10:04:49,620] {dag.py:2968} INFO - Setting next_dagrun for example_xcom_args to None, run_after=None
[2024-03-31 10:04:49,620] {logging_mixin.py:115} INFO - [2024-03-31 10:04:49,620] {dag.py:2968} INFO - Setting next_dagrun for example_xcom_args_with_operators to None, run_after=None
[2024-03-31 10:04:49,640] {processor.py:161} INFO - Processing /opt/conda/lib/python3.8/site-packages/airflow/example_dags/example_xcomargs.py took 0.095 seconds
[2024-03-31 10:05:25,078] {processor.py:153} INFO - Started process (PID=998) to work on /opt/conda/lib/python3.8/site-packages/airflow/example_dags/example_xcomargs.py
[2024-03-31 10:05:25,080] {processor.py:641} INFO - Processing file /opt/conda/lib/python3.8/site-packages/airflow/example_dags/example_xcomargs.py for tasks to queue
[2024-03-31 10:05:25,080] {logging_mixin.py:115} INFO - [2024-03-31 10:05:25,080] {dagbag.py:508} INFO - Filling up the DagBag from /opt/conda/lib/python3.8/site-packages/airflow/example_dags/example_xcomargs.py
[2024-03-31 10:05:25,100] {processor.py:651} INFO - DAG(s) dict_keys(['example_xcom_args', 'example_xcom_args_with_operators']) retrieved from /opt/conda/lib/python3.8/site-packages/airflow/example_dags/example_xcomargs.py
[2024-03-31 10:05:25,137] {logging_mixin.py:115} INFO - [2024-03-31 10:05:25,137] {dag.py:2420} INFO - Sync 2 DAGs
[2024-03-31 10:05:25,149] {logging_mixin.py:115} INFO - [2024-03-31 10:05:25,149] {dag.py:2968} INFO - Setting next_dagrun for example_xcom_args to None, run_after=None
[2024-03-31 10:05:25,150] {logging_mixin.py:115} INFO - [2024-03-31 10:05:25,150] {dag.py:2968} INFO - Setting next_dagrun for example_xcom_args_with_operators to None, run_after=None
[2024-03-31 10:05:25,186] {processor.py:161} INFO - Processing /opt/conda/lib/python3.8/site-packages/airflow/example_dags/example_xcomargs.py took 0.112 seconds
[2024-03-31 10:06:00,429] {processor.py:153} INFO - Started process (PID=1032) to work on /opt/conda/lib/python3.8/site-packages/airflow/example_dags/example_xcomargs.py
[2024-03-31 10:06:00,431] {processor.py:641} INFO - Processing file /opt/conda/lib/python3.8/site-packages/airflow/example_dags/example_xcomargs.py for tasks to queue
[2024-03-31 10:06:00,432] {logging_mixin.py:115} INFO - [2024-03-31 10:06:00,431] {dagbag.py:508} INFO - Filling up the DagBag from /opt/conda/lib/python3.8/site-packages/airflow/example_dags/example_xcomargs.py
[2024-03-31 10:06:00,451] {processor.py:651} INFO - DAG(s) dict_keys(['example_xcom_args', 'example_xcom_args_with_operators']) retrieved from /opt/conda/lib/python3.8/site-packages/airflow/example_dags/example_xcomargs.py
[2024-03-31 10:06:00,466] {logging_mixin.py:115} INFO - [2024-03-31 10:06:00,466] {dag.py:2420} INFO - Sync 2 DAGs
[2024-03-31 10:06:00,480] {logging_mixin.py:115} INFO - [2024-03-31 10:06:00,480] {dag.py:2968} INFO - Setting next_dagrun for example_xcom_args to None, run_after=None
[2024-03-31 10:06:00,480] {logging_mixin.py:115} INFO - [2024-03-31 10:06:00,480] {dag.py:2968} INFO - Setting next_dagrun for example_xcom_args_with_operators to None, run_after=None
[2024-03-31 10:06:00,500] {processor.py:161} INFO - Processing /opt/conda/lib/python3.8/site-packages/airflow/example_dags/example_xcomargs.py took 0.074 seconds
[2024-03-31 10:06:34,837] {processor.py:153} INFO - Started process (PID=1066) to work on /opt/conda/lib/python3.8/site-packages/airflow/example_dags/example_xcomargs.py
[2024-03-31 10:06:34,839] {processor.py:641} INFO - Processing file /opt/conda/lib/python3.8/site-packages/airflow/example_dags/example_xcomargs.py for tasks to queue
[2024-03-31 10:06:34,840] {logging_mixin.py:115} INFO - [2024-03-31 10:06:34,840] {dagbag.py:508} INFO - Filling up the DagBag from /opt/conda/lib/python3.8/site-packages/airflow/example_dags/example_xcomargs.py
[2024-03-31 10:06:34,861] {processor.py:651} INFO - DAG(s) dict_keys(['example_xcom_args', 'example_xcom_args_with_operators']) retrieved from /opt/conda/lib/python3.8/site-packages/airflow/example_dags/example_xcomargs.py
[2024-03-31 10:06:34,881] {logging_mixin.py:115} INFO - [2024-03-31 10:06:34,881] {dag.py:2420} INFO - Sync 2 DAGs
[2024-03-31 10:06:34,899] {logging_mixin.py:115} INFO - [2024-03-31 10:06:34,899] {dag.py:2968} INFO - Setting next_dagrun for example_xcom_args to None, run_after=None
[2024-03-31 10:06:34,900] {logging_mixin.py:115} INFO - [2024-03-31 10:06:34,900] {dag.py:2968} INFO - Setting next_dagrun for example_xcom_args_with_operators to None, run_after=None
[2024-03-31 10:06:34,923] {processor.py:161} INFO - Processing /opt/conda/lib/python3.8/site-packages/airflow/example_dags/example_xcomargs.py took 0.089 seconds
[2024-03-31 10:07:06,613] {processor.py:153} INFO - Started process (PID=1099) to work on /opt/conda/lib/python3.8/site-packages/airflow/example_dags/example_xcomargs.py
[2024-03-31 10:07:06,613] {processor.py:641} INFO - Processing file /opt/conda/lib/python3.8/site-packages/airflow/example_dags/example_xcomargs.py for tasks to queue
[2024-03-31 10:07:06,614] {logging_mixin.py:115} INFO - [2024-03-31 10:07:06,613] {dagbag.py:508} INFO - Filling up the DagBag from /opt/conda/lib/python3.8/site-packages/airflow/example_dags/example_xcomargs.py
[2024-03-31 10:07:06,633] {processor.py:651} INFO - DAG(s) dict_keys(['example_xcom_args', 'example_xcom_args_with_operators']) retrieved from /opt/conda/lib/python3.8/site-packages/airflow/example_dags/example_xcomargs.py
[2024-03-31 10:07:06,669] {logging_mixin.py:115} INFO - [2024-03-31 10:07:06,669] {dag.py:2420} INFO - Sync 2 DAGs
[2024-03-31 10:07:06,681] {logging_mixin.py:115} INFO - [2024-03-31 10:07:06,681] {dag.py:2968} INFO - Setting next_dagrun for example_xcom_args to None, run_after=None
[2024-03-31 10:07:06,681] {logging_mixin.py:115} INFO - [2024-03-31 10:07:06,681] {dag.py:2968} INFO - Setting next_dagrun for example_xcom_args_with_operators to None, run_after=None
[2024-03-31 10:07:06,701] {processor.py:161} INFO - Processing /opt/conda/lib/python3.8/site-packages/airflow/example_dags/example_xcomargs.py took 0.092 seconds
[2024-03-31 10:07:40,214] {processor.py:153} INFO - Started process (PID=1133) to work on /opt/conda/lib/python3.8/site-packages/airflow/example_dags/example_xcomargs.py
[2024-03-31 10:07:40,216] {processor.py:641} INFO - Processing file /opt/conda/lib/python3.8/site-packages/airflow/example_dags/example_xcomargs.py for tasks to queue
[2024-03-31 10:07:40,216] {logging_mixin.py:115} INFO - [2024-03-31 10:07:40,216] {dagbag.py:508} INFO - Filling up the DagBag from /opt/conda/lib/python3.8/site-packages/airflow/example_dags/example_xcomargs.py
[2024-03-31 10:07:40,236] {processor.py:651} INFO - DAG(s) dict_keys(['example_xcom_args', 'example_xcom_args_with_operators']) retrieved from /opt/conda/lib/python3.8/site-packages/airflow/example_dags/example_xcomargs.py
[2024-03-31 10:07:40,273] {logging_mixin.py:115} INFO - [2024-03-31 10:07:40,273] {dag.py:2420} INFO - Sync 2 DAGs
[2024-03-31 10:07:40,286] {logging_mixin.py:115} INFO - [2024-03-31 10:07:40,286] {dag.py:2968} INFO - Setting next_dagrun for example_xcom_args to None, run_after=None
[2024-03-31 10:07:40,286] {logging_mixin.py:115} INFO - [2024-03-31 10:07:40,286] {dag.py:2968} INFO - Setting next_dagrun for example_xcom_args_with_operators to None, run_after=None
[2024-03-31 10:07:40,306] {processor.py:161} INFO - Processing /opt/conda/lib/python3.8/site-packages/airflow/example_dags/example_xcomargs.py took 0.096 seconds
[2024-03-31 10:08:15,349] {processor.py:153} INFO - Started process (PID=1172) to work on /opt/conda/lib/python3.8/site-packages/airflow/example_dags/example_xcomargs.py
[2024-03-31 10:08:15,351] {processor.py:641} INFO - Processing file /opt/conda/lib/python3.8/site-packages/airflow/example_dags/example_xcomargs.py for tasks to queue
[2024-03-31 10:08:15,351] {logging_mixin.py:115} INFO - [2024-03-31 10:08:15,351] {dagbag.py:508} INFO - Filling up the DagBag from /opt/conda/lib/python3.8/site-packages/airflow/example_dags/example_xcomargs.py
[2024-03-31 10:08:15,371] {processor.py:651} INFO - DAG(s) dict_keys(['example_xcom_args', 'example_xcom_args_with_operators']) retrieved from /opt/conda/lib/python3.8/site-packages/airflow/example_dags/example_xcomargs.py
[2024-03-31 10:08:15,408] {logging_mixin.py:115} INFO - [2024-03-31 10:08:15,408] {dag.py:2420} INFO - Sync 2 DAGs
[2024-03-31 10:08:15,421] {logging_mixin.py:115} INFO - [2024-03-31 10:08:15,421] {dag.py:2968} INFO - Setting next_dagrun for example_xcom_args to None, run_after=None
[2024-03-31 10:08:15,421] {logging_mixin.py:115} INFO - [2024-03-31 10:08:15,421] {dag.py:2968} INFO - Setting next_dagrun for example_xcom_args_with_operators to None, run_after=None
[2024-03-31 10:08:15,442] {processor.py:161} INFO - Processing /opt/conda/lib/python3.8/site-packages/airflow/example_dags/example_xcomargs.py took 0.096 seconds
[2024-03-31 10:08:47,600] {processor.py:153} INFO - Started process (PID=1203) to work on /opt/conda/lib/python3.8/site-packages/airflow/example_dags/example_xcomargs.py
[2024-03-31 10:08:47,602] {processor.py:641} INFO - Processing file /opt/conda/lib/python3.8/site-packages/airflow/example_dags/example_xcomargs.py for tasks to queue
[2024-03-31 10:08:47,602] {logging_mixin.py:115} INFO - [2024-03-31 10:08:47,602] {dagbag.py:508} INFO - Filling up the DagBag from /opt/conda/lib/python3.8/site-packages/airflow/example_dags/example_xcomargs.py
[2024-03-31 10:08:47,623] {processor.py:651} INFO - DAG(s) dict_keys(['example_xcom_args', 'example_xcom_args_with_operators']) retrieved from /opt/conda/lib/python3.8/site-packages/airflow/example_dags/example_xcomargs.py
[2024-03-31 10:08:47,641] {logging_mixin.py:115} INFO - [2024-03-31 10:08:47,641] {dag.py:2420} INFO - Sync 2 DAGs
[2024-03-31 10:08:47,655] {logging_mixin.py:115} INFO - [2024-03-31 10:08:47,655] {dag.py:2968} INFO - Setting next_dagrun for example_xcom_args to None, run_after=None
[2024-03-31 10:08:47,655] {logging_mixin.py:115} INFO - [2024-03-31 10:08:47,655] {dag.py:2968} INFO - Setting next_dagrun for example_xcom_args_with_operators to None, run_after=None
[2024-03-31 10:08:47,676] {processor.py:161} INFO - Processing /opt/conda/lib/python3.8/site-packages/airflow/example_dags/example_xcomargs.py took 0.079 seconds
[2024-03-31 10:09:19,444] {processor.py:153} INFO - Started process (PID=1236) to work on /opt/conda/lib/python3.8/site-packages/airflow/example_dags/example_xcomargs.py
[2024-03-31 10:09:19,447] {processor.py:641} INFO - Processing file /opt/conda/lib/python3.8/site-packages/airflow/example_dags/example_xcomargs.py for tasks to queue
[2024-03-31 10:09:19,447] {logging_mixin.py:115} INFO - [2024-03-31 10:09:19,447] {dagbag.py:508} INFO - Filling up the DagBag from /opt/conda/lib/python3.8/site-packages/airflow/example_dags/example_xcomargs.py
[2024-03-31 10:09:19,467] {processor.py:651} INFO - DAG(s) dict_keys(['example_xcom_args', 'example_xcom_args_with_operators']) retrieved from /opt/conda/lib/python3.8/site-packages/airflow/example_dags/example_xcomargs.py
[2024-03-31 10:09:19,504] {logging_mixin.py:115} INFO - [2024-03-31 10:09:19,504] {dag.py:2420} INFO - Sync 2 DAGs
[2024-03-31 10:09:19,516] {logging_mixin.py:115} INFO - [2024-03-31 10:09:19,516] {dag.py:2968} INFO - Setting next_dagrun for example_xcom_args to None, run_after=None
[2024-03-31 10:09:19,516] {logging_mixin.py:115} INFO - [2024-03-31 10:09:19,516] {dag.py:2968} INFO - Setting next_dagrun for example_xcom_args_with_operators to None, run_after=None
[2024-03-31 10:09:19,536] {processor.py:161} INFO - Processing /opt/conda/lib/python3.8/site-packages/airflow/example_dags/example_xcomargs.py took 0.096 seconds
[2024-03-31 10:09:52,801] {processor.py:153} INFO - Started process (PID=1269) to work on /opt/conda/lib/python3.8/site-packages/airflow/example_dags/example_xcomargs.py
[2024-03-31 10:09:52,804] {processor.py:641} INFO - Processing file /opt/conda/lib/python3.8/site-packages/airflow/example_dags/example_xcomargs.py for tasks to queue
[2024-03-31 10:09:52,804] {logging_mixin.py:115} INFO - [2024-03-31 10:09:52,804] {dagbag.py:508} INFO - Filling up the DagBag from /opt/conda/lib/python3.8/site-packages/airflow/example_dags/example_xcomargs.py
[2024-03-31 10:09:52,825] {processor.py:651} INFO - DAG(s) dict_keys(['example_xcom_args', 'example_xcom_args_with_operators']) retrieved from /opt/conda/lib/python3.8/site-packages/airflow/example_dags/example_xcomargs.py
[2024-03-31 10:09:52,841] {logging_mixin.py:115} INFO - [2024-03-31 10:09:52,841] {dag.py:2420} INFO - Sync 2 DAGs
[2024-03-31 10:09:52,854] {logging_mixin.py:115} INFO - [2024-03-31 10:09:52,854] {dag.py:2968} INFO - Setting next_dagrun for example_xcom_args to None, run_after=None
[2024-03-31 10:09:52,855] {logging_mixin.py:115} INFO - [2024-03-31 10:09:52,855] {dag.py:2968} INFO - Setting next_dagrun for example_xcom_args_with_operators to None, run_after=None
[2024-03-31 10:09:52,876] {processor.py:161} INFO - Processing /opt/conda/lib/python3.8/site-packages/airflow/example_dags/example_xcomargs.py took 0.079 seconds
[2024-03-31 10:12:31,841] {processor.py:153} INFO - Started process (PID=1394) to work on /opt/conda/lib/python3.8/site-packages/airflow/example_dags/example_xcomargs.py
[2024-03-31 10:12:31,843] {processor.py:641} INFO - Processing file /opt/conda/lib/python3.8/site-packages/airflow/example_dags/example_xcomargs.py for tasks to queue
[2024-03-31 10:12:31,844] {logging_mixin.py:115} INFO - [2024-03-31 10:12:31,844] {dagbag.py:508} INFO - Filling up the DagBag from /opt/conda/lib/python3.8/site-packages/airflow/example_dags/example_xcomargs.py
[2024-03-31 10:12:31,863] {processor.py:651} INFO - DAG(s) dict_keys(['example_xcom_args', 'example_xcom_args_with_operators']) retrieved from /opt/conda/lib/python3.8/site-packages/airflow/example_dags/example_xcomargs.py
[2024-03-31 10:12:31,901] {logging_mixin.py:115} INFO - [2024-03-31 10:12:31,900] {dag.py:2420} INFO - Sync 2 DAGs
[2024-03-31 10:12:31,913] {logging_mixin.py:115} INFO - [2024-03-31 10:12:31,913] {dag.py:2968} INFO - Setting next_dagrun for example_xcom_args to None, run_after=None
[2024-03-31 10:12:31,913] {logging_mixin.py:115} INFO - [2024-03-31 10:12:31,913] {dag.py:2968} INFO - Setting next_dagrun for example_xcom_args_with_operators to None, run_after=None
[2024-03-31 10:12:31,934] {processor.py:161} INFO - Processing /opt/conda/lib/python3.8/site-packages/airflow/example_dags/example_xcomargs.py took 0.096 seconds
[2024-03-31 10:13:07,768] {processor.py:153} INFO - Started process (PID=1430) to work on /opt/conda/lib/python3.8/site-packages/airflow/example_dags/example_xcomargs.py
[2024-03-31 10:13:07,771] {processor.py:641} INFO - Processing file /opt/conda/lib/python3.8/site-packages/airflow/example_dags/example_xcomargs.py for tasks to queue
[2024-03-31 10:13:07,771] {logging_mixin.py:115} INFO - [2024-03-31 10:13:07,771] {dagbag.py:508} INFO - Filling up the DagBag from /opt/conda/lib/python3.8/site-packages/airflow/example_dags/example_xcomargs.py
[2024-03-31 10:13:07,790] {processor.py:651} INFO - DAG(s) dict_keys(['example_xcom_args', 'example_xcom_args_with_operators']) retrieved from /opt/conda/lib/python3.8/site-packages/airflow/example_dags/example_xcomargs.py
[2024-03-31 10:13:07,827] {logging_mixin.py:115} INFO - [2024-03-31 10:13:07,827] {dag.py:2420} INFO - Sync 2 DAGs
[2024-03-31 10:13:07,840] {logging_mixin.py:115} INFO - [2024-03-31 10:13:07,840] {dag.py:2968} INFO - Setting next_dagrun for example_xcom_args to None, run_after=None
[2024-03-31 10:13:07,840] {logging_mixin.py:115} INFO - [2024-03-31 10:13:07,840] {dag.py:2968} INFO - Setting next_dagrun for example_xcom_args_with_operators to None, run_after=None
[2024-03-31 10:13:07,860] {processor.py:161} INFO - Processing /opt/conda/lib/python3.8/site-packages/airflow/example_dags/example_xcomargs.py took 0.095 seconds
[2024-03-31 10:28:13,308] {processor.py:153} INFO - Started process (PID=1601) to work on /opt/conda/lib/python3.8/site-packages/airflow/example_dags/example_xcomargs.py
[2024-03-31 10:28:13,310] {processor.py:641} INFO - Processing file /opt/conda/lib/python3.8/site-packages/airflow/example_dags/example_xcomargs.py for tasks to queue
[2024-03-31 10:28:13,310] {logging_mixin.py:115} INFO - [2024-03-31 10:28:13,310] {dagbag.py:508} INFO - Filling up the DagBag from /opt/conda/lib/python3.8/site-packages/airflow/example_dags/example_xcomargs.py
[2024-03-31 10:28:13,328] {processor.py:651} INFO - DAG(s) dict_keys(['example_xcom_args', 'example_xcom_args_with_operators']) retrieved from /opt/conda/lib/python3.8/site-packages/airflow/example_dags/example_xcomargs.py
[2024-03-31 10:28:13,365] {logging_mixin.py:115} INFO - [2024-03-31 10:28:13,365] {dag.py:2420} INFO - Sync 2 DAGs
[2024-03-31 10:28:13,378] {logging_mixin.py:115} INFO - [2024-03-31 10:28:13,378] {dag.py:2968} INFO - Setting next_dagrun for example_xcom_args to None, run_after=None
[2024-03-31 10:28:13,378] {logging_mixin.py:115} INFO - [2024-03-31 10:28:13,378] {dag.py:2968} INFO - Setting next_dagrun for example_xcom_args_with_operators to None, run_after=None
[2024-03-31 10:28:13,399] {processor.py:161} INFO - Processing /opt/conda/lib/python3.8/site-packages/airflow/example_dags/example_xcomargs.py took 0.094 seconds
[2024-03-31 10:28:52,143] {processor.py:153} INFO - Started process (PID=1654) to work on /opt/conda/lib/python3.8/site-packages/airflow/example_dags/example_xcomargs.py
[2024-03-31 10:28:52,145] {processor.py:641} INFO - Processing file /opt/conda/lib/python3.8/site-packages/airflow/example_dags/example_xcomargs.py for tasks to queue
[2024-03-31 10:28:52,145] {logging_mixin.py:115} INFO - [2024-03-31 10:28:52,145] {dagbag.py:508} INFO - Filling up the DagBag from /opt/conda/lib/python3.8/site-packages/airflow/example_dags/example_xcomargs.py
[2024-03-31 10:28:52,165] {processor.py:651} INFO - DAG(s) dict_keys(['example_xcom_args', 'example_xcom_args_with_operators']) retrieved from /opt/conda/lib/python3.8/site-packages/airflow/example_dags/example_xcomargs.py
[2024-03-31 10:28:52,205] {logging_mixin.py:115} INFO - [2024-03-31 10:28:52,205] {dag.py:2420} INFO - Sync 2 DAGs
[2024-03-31 10:28:52,218] {logging_mixin.py:115} INFO - [2024-03-31 10:28:52,218] {dag.py:2968} INFO - Setting next_dagrun for example_xcom_args to None, run_after=None
[2024-03-31 10:28:52,218] {logging_mixin.py:115} INFO - [2024-03-31 10:28:52,218] {dag.py:2968} INFO - Setting next_dagrun for example_xcom_args_with_operators to None, run_after=None
[2024-03-31 10:28:52,240] {processor.py:161} INFO - Processing /opt/conda/lib/python3.8/site-packages/airflow/example_dags/example_xcomargs.py took 0.099 seconds
[2024-03-31 10:29:30,721] {processor.py:153} INFO - Started process (PID=1707) to work on /opt/conda/lib/python3.8/site-packages/airflow/example_dags/example_xcomargs.py
[2024-03-31 10:29:30,722] {processor.py:641} INFO - Processing file /opt/conda/lib/python3.8/site-packages/airflow/example_dags/example_xcomargs.py for tasks to queue
[2024-03-31 10:29:30,723] {logging_mixin.py:115} INFO - [2024-03-31 10:29:30,723] {dagbag.py:508} INFO - Filling up the DagBag from /opt/conda/lib/python3.8/site-packages/airflow/example_dags/example_xcomargs.py
[2024-03-31 10:29:30,743] {processor.py:651} INFO - DAG(s) dict_keys(['example_xcom_args', 'example_xcom_args_with_operators']) retrieved from /opt/conda/lib/python3.8/site-packages/airflow/example_dags/example_xcomargs.py
[2024-03-31 10:29:30,790] {logging_mixin.py:115} INFO - [2024-03-31 10:29:30,790] {dag.py:2420} INFO - Sync 2 DAGs
[2024-03-31 10:29:30,805] {logging_mixin.py:115} INFO - [2024-03-31 10:29:30,805] {dag.py:2968} INFO - Setting next_dagrun for example_xcom_args to None, run_after=None
[2024-03-31 10:29:30,805] {logging_mixin.py:115} INFO - [2024-03-31 10:29:30,805] {dag.py:2968} INFO - Setting next_dagrun for example_xcom_args_with_operators to None, run_after=None
[2024-03-31 10:29:30,829] {processor.py:161} INFO - Processing /opt/conda/lib/python3.8/site-packages/airflow/example_dags/example_xcomargs.py took 0.111 seconds
[2024-03-31 10:30:36,052] {processor.py:153} INFO - Started process (PID=1827) to work on /opt/conda/lib/python3.8/site-packages/airflow/example_dags/example_xcomargs.py
[2024-03-31 10:30:36,054] {processor.py:641} INFO - Processing file /opt/conda/lib/python3.8/site-packages/airflow/example_dags/example_xcomargs.py for tasks to queue
[2024-03-31 10:30:36,055] {logging_mixin.py:115} INFO - [2024-03-31 10:30:36,055] {dagbag.py:508} INFO - Filling up the DagBag from /opt/conda/lib/python3.8/site-packages/airflow/example_dags/example_xcomargs.py
[2024-03-31 10:30:36,074] {processor.py:651} INFO - DAG(s) dict_keys(['example_xcom_args', 'example_xcom_args_with_operators']) retrieved from /opt/conda/lib/python3.8/site-packages/airflow/example_dags/example_xcomargs.py
[2024-03-31 10:30:36,121] {logging_mixin.py:115} INFO - [2024-03-31 10:30:36,121] {dag.py:2420} INFO - Sync 2 DAGs
[2024-03-31 10:30:36,135] {logging_mixin.py:115} INFO - [2024-03-31 10:30:36,134] {dag.py:2968} INFO - Setting next_dagrun for example_xcom_args to None, run_after=None
[2024-03-31 10:30:36,135] {logging_mixin.py:115} INFO - [2024-03-31 10:30:36,135] {dag.py:2968} INFO - Setting next_dagrun for example_xcom_args_with_operators to None, run_after=None
[2024-03-31 10:30:36,158] {processor.py:161} INFO - Processing /opt/conda/lib/python3.8/site-packages/airflow/example_dags/example_xcomargs.py took 0.108 seconds
[2024-03-31 10:31:14,203] {processor.py:153} INFO - Started process (PID=1880) to work on /opt/conda/lib/python3.8/site-packages/airflow/example_dags/example_xcomargs.py
[2024-03-31 10:31:14,205] {processor.py:641} INFO - Processing file /opt/conda/lib/python3.8/site-packages/airflow/example_dags/example_xcomargs.py for tasks to queue
[2024-03-31 10:31:14,205] {logging_mixin.py:115} INFO - [2024-03-31 10:31:14,205] {dagbag.py:508} INFO - Filling up the DagBag from /opt/conda/lib/python3.8/site-packages/airflow/example_dags/example_xcomargs.py
[2024-03-31 10:31:14,225] {processor.py:651} INFO - DAG(s) dict_keys(['example_xcom_args', 'example_xcom_args_with_operators']) retrieved from /opt/conda/lib/python3.8/site-packages/airflow/example_dags/example_xcomargs.py
[2024-03-31 10:31:14,270] {logging_mixin.py:115} INFO - [2024-03-31 10:31:14,270] {dag.py:2420} INFO - Sync 2 DAGs
[2024-03-31 10:31:14,283] {logging_mixin.py:115} INFO - [2024-03-31 10:31:14,283] {dag.py:2968} INFO - Setting next_dagrun for example_xcom_args to None, run_after=None
[2024-03-31 10:31:14,284] {logging_mixin.py:115} INFO - [2024-03-31 10:31:14,283] {dag.py:2968} INFO - Setting next_dagrun for example_xcom_args_with_operators to None, run_after=None
[2024-03-31 10:31:14,308] {processor.py:161} INFO - Processing /opt/conda/lib/python3.8/site-packages/airflow/example_dags/example_xcomargs.py took 0.107 seconds
[2024-03-31 10:32:07,505] {processor.py:153} INFO - Started process (PID=1998) to work on /opt/conda/lib/python3.8/site-packages/airflow/example_dags/example_xcomargs.py
[2024-03-31 10:32:07,507] {processor.py:641} INFO - Processing file /opt/conda/lib/python3.8/site-packages/airflow/example_dags/example_xcomargs.py for tasks to queue
[2024-03-31 10:32:07,508] {logging_mixin.py:115} INFO - [2024-03-31 10:32:07,507] {dagbag.py:508} INFO - Filling up the DagBag from /opt/conda/lib/python3.8/site-packages/airflow/example_dags/example_xcomargs.py
[2024-03-31 10:32:07,529] {processor.py:651} INFO - DAG(s) dict_keys(['example_xcom_args', 'example_xcom_args_with_operators']) retrieved from /opt/conda/lib/python3.8/site-packages/airflow/example_dags/example_xcomargs.py
[2024-03-31 10:32:07,567] {logging_mixin.py:115} INFO - [2024-03-31 10:32:07,567] {dag.py:2420} INFO - Sync 2 DAGs
[2024-03-31 10:32:07,580] {logging_mixin.py:115} INFO - [2024-03-31 10:32:07,580] {dag.py:2968} INFO - Setting next_dagrun for example_xcom_args to None, run_after=None
[2024-03-31 10:32:07,580] {logging_mixin.py:115} INFO - [2024-03-31 10:32:07,580] {dag.py:2968} INFO - Setting next_dagrun for example_xcom_args_with_operators to None, run_after=None
[2024-03-31 10:32:07,618] {processor.py:161} INFO - Processing /opt/conda/lib/python3.8/site-packages/airflow/example_dags/example_xcomargs.py took 0.117 seconds
[2024-03-31 10:33:03,145] {processor.py:153} INFO - Started process (PID=2291) to work on /opt/conda/lib/python3.8/site-packages/airflow/example_dags/example_xcomargs.py
[2024-03-31 10:33:03,147] {processor.py:641} INFO - Processing file /opt/conda/lib/python3.8/site-packages/airflow/example_dags/example_xcomargs.py for tasks to queue
[2024-03-31 10:33:03,147] {logging_mixin.py:115} INFO - [2024-03-31 10:33:03,147] {dagbag.py:508} INFO - Filling up the DagBag from /opt/conda/lib/python3.8/site-packages/airflow/example_dags/example_xcomargs.py
[2024-03-31 10:33:03,167] {processor.py:651} INFO - DAG(s) dict_keys(['example_xcom_args', 'example_xcom_args_with_operators']) retrieved from /opt/conda/lib/python3.8/site-packages/airflow/example_dags/example_xcomargs.py
[2024-03-31 10:33:03,204] {logging_mixin.py:115} INFO - [2024-03-31 10:33:03,204] {dag.py:2420} INFO - Sync 2 DAGs
[2024-03-31 10:33:03,216] {logging_mixin.py:115} INFO - [2024-03-31 10:33:03,216] {dag.py:2968} INFO - Setting next_dagrun for example_xcom_args to None, run_after=None
[2024-03-31 10:33:03,216] {logging_mixin.py:115} INFO - [2024-03-31 10:33:03,216] {dag.py:2968} INFO - Setting next_dagrun for example_xcom_args_with_operators to None, run_after=None
[2024-03-31 10:33:03,237] {processor.py:161} INFO - Processing /opt/conda/lib/python3.8/site-packages/airflow/example_dags/example_xcomargs.py took 0.095 seconds
[2024-03-31 10:33:42,770] {processor.py:153} INFO - Started process (PID=2351) to work on /opt/conda/lib/python3.8/site-packages/airflow/example_dags/example_xcomargs.py
[2024-03-31 10:33:42,772] {processor.py:641} INFO - Processing file /opt/conda/lib/python3.8/site-packages/airflow/example_dags/example_xcomargs.py for tasks to queue
[2024-03-31 10:33:42,772] {logging_mixin.py:115} INFO - [2024-03-31 10:33:42,772] {dagbag.py:508} INFO - Filling up the DagBag from /opt/conda/lib/python3.8/site-packages/airflow/example_dags/example_xcomargs.py
[2024-03-31 10:33:42,794] {processor.py:651} INFO - DAG(s) dict_keys(['example_xcom_args', 'example_xcom_args_with_operators']) retrieved from /opt/conda/lib/python3.8/site-packages/airflow/example_dags/example_xcomargs.py
[2024-03-31 10:33:42,840] {logging_mixin.py:115} INFO - [2024-03-31 10:33:42,840] {dag.py:2420} INFO - Sync 2 DAGs
[2024-03-31 10:33:42,853] {logging_mixin.py:115} INFO - [2024-03-31 10:33:42,853] {dag.py:2968} INFO - Setting next_dagrun for example_xcom_args to None, run_after=None
[2024-03-31 10:33:42,853] {logging_mixin.py:115} INFO - [2024-03-31 10:33:42,853] {dag.py:2968} INFO - Setting next_dagrun for example_xcom_args_with_operators to None, run_after=None
[2024-03-31 10:33:42,885] {processor.py:161} INFO - Processing /opt/conda/lib/python3.8/site-packages/airflow/example_dags/example_xcomargs.py took 0.119 seconds
