[2024-03-31 10:04:20,029] {processor.py:153} INFO - Started process (PID=939) to work on /opt/conda/lib/python3.8/site-packages/airflow/example_dags/example_skip_dag.py
[2024-03-31 10:04:20,030] {processor.py:641} INFO - Processing file /opt/conda/lib/python3.8/site-packages/airflow/example_dags/example_skip_dag.py for tasks to queue
[2024-03-31 10:04:20,030] {logging_mixin.py:115} INFO - [2024-03-31 10:04:20,030] {dagbag.py:508} INFO - Filling up the DagBag from /opt/conda/lib/python3.8/site-packages/airflow/example_dags/example_skip_dag.py
[2024-03-31 10:04:20,033] {processor.py:651} INFO - DAG(s) dict_keys(['example_skip_dag']) retrieved from /opt/conda/lib/python3.8/site-packages/airflow/example_dags/example_skip_dag.py
[2024-03-31 10:04:20,098] {logging_mixin.py:115} INFO - [2024-03-31 10:04:20,098] {manager.py:508} INFO - Created Permission View: can delete on DAG:example_skip_dag
[2024-03-31 10:04:20,114] {logging_mixin.py:115} INFO - [2024-03-31 10:04:20,114] {manager.py:508} INFO - Created Permission View: can read on DAG:example_skip_dag
[2024-03-31 10:04:20,132] {logging_mixin.py:115} INFO - [2024-03-31 10:04:20,132] {manager.py:508} INFO - Created Permission View: can edit on DAG:example_skip_dag
[2024-03-31 10:04:20,132] {logging_mixin.py:115} INFO - [2024-03-31 10:04:20,132] {dag.py:2420} INFO - Sync 1 DAGs
[2024-03-31 10:04:20,138] {logging_mixin.py:115} INFO - [2024-03-31 10:04:20,137] {dag.py:2439} INFO - Creating ORM DAG for example_skip_dag
[2024-03-31 10:04:20,144] {logging_mixin.py:115} INFO - [2024-03-31 10:04:20,144] {dag.py:2968} INFO - Setting next_dagrun for example_skip_dag to 2024-03-30T10:04:20.144008+00:00, run_after=2024-03-31T10:04:20.144008+00:00
[2024-03-31 10:04:20,169] {processor.py:161} INFO - Processing /opt/conda/lib/python3.8/site-packages/airflow/example_dags/example_skip_dag.py took 0.141 seconds
[2024-03-31 10:04:59,094] {processor.py:153} INFO - Started process (PID=973) to work on /opt/conda/lib/python3.8/site-packages/airflow/example_dags/example_skip_dag.py
[2024-03-31 10:04:59,096] {processor.py:641} INFO - Processing file /opt/conda/lib/python3.8/site-packages/airflow/example_dags/example_skip_dag.py for tasks to queue
[2024-03-31 10:04:59,096] {logging_mixin.py:115} INFO - [2024-03-31 10:04:59,096] {dagbag.py:508} INFO - Filling up the DagBag from /opt/conda/lib/python3.8/site-packages/airflow/example_dags/example_skip_dag.py
[2024-03-31 10:04:59,102] {processor.py:651} INFO - DAG(s) dict_keys(['example_skip_dag']) retrieved from /opt/conda/lib/python3.8/site-packages/airflow/example_dags/example_skip_dag.py
[2024-03-31 10:04:59,117] {logging_mixin.py:115} INFO - [2024-03-31 10:04:59,117] {dag.py:2420} INFO - Sync 1 DAGs
[2024-03-31 10:04:59,132] {logging_mixin.py:115} INFO - [2024-03-31 10:04:59,132] {dag.py:2968} INFO - Setting next_dagrun for example_skip_dag to 2024-03-30T10:04:59.132353+00:00, run_after=2024-03-31T10:04:59.132353+00:00
[2024-03-31 10:04:59,152] {processor.py:161} INFO - Processing /opt/conda/lib/python3.8/site-packages/airflow/example_dags/example_skip_dag.py took 0.062 seconds
[2024-03-31 10:05:34,316] {processor.py:153} INFO - Started process (PID=1007) to work on /opt/conda/lib/python3.8/site-packages/airflow/example_dags/example_skip_dag.py
[2024-03-31 10:05:34,318] {processor.py:641} INFO - Processing file /opt/conda/lib/python3.8/site-packages/airflow/example_dags/example_skip_dag.py for tasks to queue
[2024-03-31 10:05:34,319] {logging_mixin.py:115} INFO - [2024-03-31 10:05:34,319] {dagbag.py:508} INFO - Filling up the DagBag from /opt/conda/lib/python3.8/site-packages/airflow/example_dags/example_skip_dag.py
[2024-03-31 10:05:34,325] {processor.py:651} INFO - DAG(s) dict_keys(['example_skip_dag']) retrieved from /opt/conda/lib/python3.8/site-packages/airflow/example_dags/example_skip_dag.py
[2024-03-31 10:05:34,381] {logging_mixin.py:115} INFO - [2024-03-31 10:05:34,380] {dag.py:2420} INFO - Sync 1 DAGs
[2024-03-31 10:05:34,402] {logging_mixin.py:115} INFO - [2024-03-31 10:05:34,402] {dag.py:2968} INFO - Setting next_dagrun for example_skip_dag to 2024-03-30T10:05:34.401693+00:00, run_after=2024-03-31T10:05:34.401693+00:00
[2024-03-31 10:05:34,425] {processor.py:161} INFO - Processing /opt/conda/lib/python3.8/site-packages/airflow/example_dags/example_skip_dag.py took 0.112 seconds
[2024-03-31 10:06:09,352] {processor.py:153} INFO - Started process (PID=1041) to work on /opt/conda/lib/python3.8/site-packages/airflow/example_dags/example_skip_dag.py
[2024-03-31 10:06:09,354] {processor.py:641} INFO - Processing file /opt/conda/lib/python3.8/site-packages/airflow/example_dags/example_skip_dag.py for tasks to queue
[2024-03-31 10:06:09,355] {logging_mixin.py:115} INFO - [2024-03-31 10:06:09,355] {dagbag.py:508} INFO - Filling up the DagBag from /opt/conda/lib/python3.8/site-packages/airflow/example_dags/example_skip_dag.py
[2024-03-31 10:06:09,361] {processor.py:651} INFO - DAG(s) dict_keys(['example_skip_dag']) retrieved from /opt/conda/lib/python3.8/site-packages/airflow/example_dags/example_skip_dag.py
[2024-03-31 10:06:09,377] {logging_mixin.py:115} INFO - [2024-03-31 10:06:09,377] {dag.py:2420} INFO - Sync 1 DAGs
[2024-03-31 10:06:09,392] {logging_mixin.py:115} INFO - [2024-03-31 10:06:09,392] {dag.py:2968} INFO - Setting next_dagrun for example_skip_dag to 2024-03-30T10:06:09.392685+00:00, run_after=2024-03-31T10:06:09.392685+00:00
[2024-03-31 10:06:09,412] {processor.py:161} INFO - Processing /opt/conda/lib/python3.8/site-packages/airflow/example_dags/example_skip_dag.py took 0.063 seconds
[2024-03-31 10:06:43,453] {processor.py:153} INFO - Started process (PID=1075) to work on /opt/conda/lib/python3.8/site-packages/airflow/example_dags/example_skip_dag.py
[2024-03-31 10:06:43,455] {processor.py:641} INFO - Processing file /opt/conda/lib/python3.8/site-packages/airflow/example_dags/example_skip_dag.py for tasks to queue
[2024-03-31 10:06:43,455] {logging_mixin.py:115} INFO - [2024-03-31 10:06:43,455] {dagbag.py:508} INFO - Filling up the DagBag from /opt/conda/lib/python3.8/site-packages/airflow/example_dags/example_skip_dag.py
[2024-03-31 10:06:43,461] {processor.py:651} INFO - DAG(s) dict_keys(['example_skip_dag']) retrieved from /opt/conda/lib/python3.8/site-packages/airflow/example_dags/example_skip_dag.py
[2024-03-31 10:06:43,481] {logging_mixin.py:115} INFO - [2024-03-31 10:06:43,481] {dag.py:2420} INFO - Sync 1 DAGs
[2024-03-31 10:06:43,499] {logging_mixin.py:115} INFO - [2024-03-31 10:06:43,499] {dag.py:2968} INFO - Setting next_dagrun for example_skip_dag to 2024-03-30T10:06:43.499259+00:00, run_after=2024-03-31T10:06:43.499259+00:00
[2024-03-31 10:06:43,519] {processor.py:161} INFO - Processing /opt/conda/lib/python3.8/site-packages/airflow/example_dags/example_skip_dag.py took 0.069 seconds
[2024-03-31 10:07:16,505] {processor.py:153} INFO - Started process (PID=1109) to work on /opt/conda/lib/python3.8/site-packages/airflow/example_dags/example_skip_dag.py
[2024-03-31 10:07:16,505] {processor.py:641} INFO - Processing file /opt/conda/lib/python3.8/site-packages/airflow/example_dags/example_skip_dag.py for tasks to queue
[2024-03-31 10:07:16,506] {logging_mixin.py:115} INFO - [2024-03-31 10:07:16,506] {dagbag.py:508} INFO - Filling up the DagBag from /opt/conda/lib/python3.8/site-packages/airflow/example_dags/example_skip_dag.py
[2024-03-31 10:07:16,512] {processor.py:651} INFO - DAG(s) dict_keys(['example_skip_dag']) retrieved from /opt/conda/lib/python3.8/site-packages/airflow/example_dags/example_skip_dag.py
[2024-03-31 10:07:16,528] {logging_mixin.py:115} INFO - [2024-03-31 10:07:16,528] {dag.py:2420} INFO - Sync 1 DAGs
[2024-03-31 10:07:16,542] {logging_mixin.py:115} INFO - [2024-03-31 10:07:16,542] {dag.py:2968} INFO - Setting next_dagrun for example_skip_dag to 2024-03-30T10:07:16.542526+00:00, run_after=2024-03-31T10:07:16.542526+00:00
[2024-03-31 10:07:16,567] {processor.py:161} INFO - Processing /opt/conda/lib/python3.8/site-packages/airflow/example_dags/example_skip_dag.py took 0.065 seconds
[2024-03-31 10:07:50,602] {processor.py:153} INFO - Started process (PID=1143) to work on /opt/conda/lib/python3.8/site-packages/airflow/example_dags/example_skip_dag.py
[2024-03-31 10:07:50,603] {processor.py:641} INFO - Processing file /opt/conda/lib/python3.8/site-packages/airflow/example_dags/example_skip_dag.py for tasks to queue
[2024-03-31 10:07:50,604] {logging_mixin.py:115} INFO - [2024-03-31 10:07:50,604] {dagbag.py:508} INFO - Filling up the DagBag from /opt/conda/lib/python3.8/site-packages/airflow/example_dags/example_skip_dag.py
[2024-03-31 10:07:50,610] {processor.py:651} INFO - DAG(s) dict_keys(['example_skip_dag']) retrieved from /opt/conda/lib/python3.8/site-packages/airflow/example_dags/example_skip_dag.py
[2024-03-31 10:07:50,626] {logging_mixin.py:115} INFO - [2024-03-31 10:07:50,626] {dag.py:2420} INFO - Sync 1 DAGs
[2024-03-31 10:07:50,641] {logging_mixin.py:115} INFO - [2024-03-31 10:07:50,641] {dag.py:2968} INFO - Setting next_dagrun for example_skip_dag to 2024-03-30T10:07:50.641560+00:00, run_after=2024-03-31T10:07:50.641560+00:00
[2024-03-31 10:07:50,661] {processor.py:161} INFO - Processing /opt/conda/lib/python3.8/site-packages/airflow/example_dags/example_skip_dag.py took 0.063 seconds
[2024-03-31 10:08:26,912] {processor.py:153} INFO - Started process (PID=1183) to work on /opt/conda/lib/python3.8/site-packages/airflow/example_dags/example_skip_dag.py
[2024-03-31 10:08:26,914] {processor.py:641} INFO - Processing file /opt/conda/lib/python3.8/site-packages/airflow/example_dags/example_skip_dag.py for tasks to queue
[2024-03-31 10:08:26,914] {logging_mixin.py:115} INFO - [2024-03-31 10:08:26,914] {dagbag.py:508} INFO - Filling up the DagBag from /opt/conda/lib/python3.8/site-packages/airflow/example_dags/example_skip_dag.py
[2024-03-31 10:08:26,920] {processor.py:651} INFO - DAG(s) dict_keys(['example_skip_dag']) retrieved from /opt/conda/lib/python3.8/site-packages/airflow/example_dags/example_skip_dag.py
[2024-03-31 10:08:26,939] {logging_mixin.py:115} INFO - [2024-03-31 10:08:26,939] {dag.py:2420} INFO - Sync 1 DAGs
[2024-03-31 10:08:26,958] {logging_mixin.py:115} INFO - [2024-03-31 10:08:26,958] {dag.py:2968} INFO - Setting next_dagrun for example_skip_dag to 2024-03-30T10:08:26.958001+00:00, run_after=2024-03-31T10:08:26.958001+00:00
[2024-03-31 10:08:26,981] {processor.py:161} INFO - Processing /opt/conda/lib/python3.8/site-packages/airflow/example_dags/example_skip_dag.py took 0.073 seconds
[2024-03-31 10:08:58,505] {processor.py:153} INFO - Started process (PID=1216) to work on /opt/conda/lib/python3.8/site-packages/airflow/example_dags/example_skip_dag.py
[2024-03-31 10:08:58,508] {processor.py:641} INFO - Processing file /opt/conda/lib/python3.8/site-packages/airflow/example_dags/example_skip_dag.py for tasks to queue
[2024-03-31 10:08:58,508] {logging_mixin.py:115} INFO - [2024-03-31 10:08:58,508] {dagbag.py:508} INFO - Filling up the DagBag from /opt/conda/lib/python3.8/site-packages/airflow/example_dags/example_skip_dag.py
[2024-03-31 10:08:58,514] {processor.py:651} INFO - DAG(s) dict_keys(['example_skip_dag']) retrieved from /opt/conda/lib/python3.8/site-packages/airflow/example_dags/example_skip_dag.py
[2024-03-31 10:08:58,528] {logging_mixin.py:115} INFO - [2024-03-31 10:08:58,528] {dag.py:2420} INFO - Sync 1 DAGs
[2024-03-31 10:08:58,544] {logging_mixin.py:115} INFO - [2024-03-31 10:08:58,543] {dag.py:2968} INFO - Setting next_dagrun for example_skip_dag to 2024-03-30T10:08:58.543772+00:00, run_after=2024-03-31T10:08:58.543772+00:00
[2024-03-31 10:08:58,564] {processor.py:161} INFO - Processing /opt/conda/lib/python3.8/site-packages/airflow/example_dags/example_skip_dag.py took 0.062 seconds
[2024-03-31 10:09:33,720] {processor.py:153} INFO - Started process (PID=1250) to work on /opt/conda/lib/python3.8/site-packages/airflow/example_dags/example_skip_dag.py
[2024-03-31 10:09:33,722] {processor.py:641} INFO - Processing file /opt/conda/lib/python3.8/site-packages/airflow/example_dags/example_skip_dag.py for tasks to queue
[2024-03-31 10:09:33,722] {logging_mixin.py:115} INFO - [2024-03-31 10:09:33,722] {dagbag.py:508} INFO - Filling up the DagBag from /opt/conda/lib/python3.8/site-packages/airflow/example_dags/example_skip_dag.py
[2024-03-31 10:09:33,728] {processor.py:651} INFO - DAG(s) dict_keys(['example_skip_dag']) retrieved from /opt/conda/lib/python3.8/site-packages/airflow/example_dags/example_skip_dag.py
[2024-03-31 10:09:33,744] {logging_mixin.py:115} INFO - [2024-03-31 10:09:33,744] {dag.py:2420} INFO - Sync 1 DAGs
[2024-03-31 10:09:33,759] {logging_mixin.py:115} INFO - [2024-03-31 10:09:33,759] {dag.py:2968} INFO - Setting next_dagrun for example_skip_dag to 2024-03-30T10:09:33.758960+00:00, run_after=2024-03-31T10:09:33.758960+00:00
[2024-03-31 10:09:33,780] {processor.py:161} INFO - Processing /opt/conda/lib/python3.8/site-packages/airflow/example_dags/example_skip_dag.py took 0.063 seconds
[2024-03-31 10:10:07,677] {processor.py:153} INFO - Started process (PID=1285) to work on /opt/conda/lib/python3.8/site-packages/airflow/example_dags/example_skip_dag.py
[2024-03-31 10:10:07,679] {processor.py:641} INFO - Processing file /opt/conda/lib/python3.8/site-packages/airflow/example_dags/example_skip_dag.py for tasks to queue
[2024-03-31 10:10:07,680] {logging_mixin.py:115} INFO - [2024-03-31 10:10:07,680] {dagbag.py:508} INFO - Filling up the DagBag from /opt/conda/lib/python3.8/site-packages/airflow/example_dags/example_skip_dag.py
[2024-03-31 10:10:07,686] {processor.py:651} INFO - DAG(s) dict_keys(['example_skip_dag']) retrieved from /opt/conda/lib/python3.8/site-packages/airflow/example_dags/example_skip_dag.py
[2024-03-31 10:10:07,703] {logging_mixin.py:115} INFO - [2024-03-31 10:10:07,703] {dag.py:2420} INFO - Sync 1 DAGs
[2024-03-31 10:10:07,718] {logging_mixin.py:115} INFO - [2024-03-31 10:10:07,718] {dag.py:2968} INFO - Setting next_dagrun for example_skip_dag to 2024-03-30T10:10:07.718197+00:00, run_after=2024-03-31T10:10:07.718197+00:00
[2024-03-31 10:10:07,740] {processor.py:161} INFO - Processing /opt/conda/lib/python3.8/site-packages/airflow/example_dags/example_skip_dag.py took 0.066 seconds
[2024-03-31 10:12:40,566] {processor.py:153} INFO - Started process (PID=1403) to work on /opt/conda/lib/python3.8/site-packages/airflow/example_dags/example_skip_dag.py
[2024-03-31 10:12:40,568] {processor.py:641} INFO - Processing file /opt/conda/lib/python3.8/site-packages/airflow/example_dags/example_skip_dag.py for tasks to queue
[2024-03-31 10:12:40,568] {logging_mixin.py:115} INFO - [2024-03-31 10:12:40,568] {dagbag.py:508} INFO - Filling up the DagBag from /opt/conda/lib/python3.8/site-packages/airflow/example_dags/example_skip_dag.py
[2024-03-31 10:12:40,574] {processor.py:651} INFO - DAG(s) dict_keys(['example_skip_dag']) retrieved from /opt/conda/lib/python3.8/site-packages/airflow/example_dags/example_skip_dag.py
[2024-03-31 10:12:40,590] {logging_mixin.py:115} INFO - [2024-03-31 10:12:40,590] {dag.py:2420} INFO - Sync 1 DAGs
[2024-03-31 10:12:40,605] {logging_mixin.py:115} INFO - [2024-03-31 10:12:40,605] {dag.py:2968} INFO - Setting next_dagrun for example_skip_dag to 2024-03-30T10:12:40.604891+00:00, run_after=2024-03-31T10:12:40.604891+00:00
[2024-03-31 10:12:40,626] {processor.py:161} INFO - Processing /opt/conda/lib/python3.8/site-packages/airflow/example_dags/example_skip_dag.py took 0.064 seconds
[2024-03-31 10:13:16,448] {processor.py:153} INFO - Started process (PID=1439) to work on /opt/conda/lib/python3.8/site-packages/airflow/example_dags/example_skip_dag.py
[2024-03-31 10:13:16,450] {processor.py:641} INFO - Processing file /opt/conda/lib/python3.8/site-packages/airflow/example_dags/example_skip_dag.py for tasks to queue
[2024-03-31 10:13:16,451] {logging_mixin.py:115} INFO - [2024-03-31 10:13:16,451] {dagbag.py:508} INFO - Filling up the DagBag from /opt/conda/lib/python3.8/site-packages/airflow/example_dags/example_skip_dag.py
[2024-03-31 10:13:16,456] {processor.py:651} INFO - DAG(s) dict_keys(['example_skip_dag']) retrieved from /opt/conda/lib/python3.8/site-packages/airflow/example_dags/example_skip_dag.py
[2024-03-31 10:13:16,473] {logging_mixin.py:115} INFO - [2024-03-31 10:13:16,473] {dag.py:2420} INFO - Sync 1 DAGs
[2024-03-31 10:13:16,490] {logging_mixin.py:115} INFO - [2024-03-31 10:13:16,490] {dag.py:2968} INFO - Setting next_dagrun for example_skip_dag to 2024-03-30T10:13:16.490288+00:00, run_after=2024-03-31T10:13:16.490288+00:00
[2024-03-31 10:13:16,512] {processor.py:161} INFO - Processing /opt/conda/lib/python3.8/site-packages/airflow/example_dags/example_skip_dag.py took 0.067 seconds
[2024-03-31 10:28:23,189] {processor.py:153} INFO - Started process (PID=1610) to work on /opt/conda/lib/python3.8/site-packages/airflow/example_dags/example_skip_dag.py
[2024-03-31 10:28:23,190] {processor.py:641} INFO - Processing file /opt/conda/lib/python3.8/site-packages/airflow/example_dags/example_skip_dag.py for tasks to queue
[2024-03-31 10:28:23,191] {logging_mixin.py:115} INFO - [2024-03-31 10:28:23,191] {dagbag.py:508} INFO - Filling up the DagBag from /opt/conda/lib/python3.8/site-packages/airflow/example_dags/example_skip_dag.py
[2024-03-31 10:28:23,196] {processor.py:651} INFO - DAG(s) dict_keys(['example_skip_dag']) retrieved from /opt/conda/lib/python3.8/site-packages/airflow/example_dags/example_skip_dag.py
[2024-03-31 10:28:23,213] {logging_mixin.py:115} INFO - [2024-03-31 10:28:23,213] {dag.py:2420} INFO - Sync 1 DAGs
[2024-03-31 10:28:23,232] {logging_mixin.py:115} INFO - [2024-03-31 10:28:23,231] {dag.py:2968} INFO - Setting next_dagrun for example_skip_dag to 2024-03-30T10:28:23.231588+00:00, run_after=2024-03-31T10:28:23.231588+00:00
[2024-03-31 10:28:23,252] {processor.py:161} INFO - Processing /opt/conda/lib/python3.8/site-packages/airflow/example_dags/example_skip_dag.py took 0.066 seconds
[2024-03-31 10:29:01,213] {processor.py:153} INFO - Started process (PID=1663) to work on /opt/conda/lib/python3.8/site-packages/airflow/example_dags/example_skip_dag.py
[2024-03-31 10:29:01,214] {processor.py:641} INFO - Processing file /opt/conda/lib/python3.8/site-packages/airflow/example_dags/example_skip_dag.py for tasks to queue
[2024-03-31 10:29:01,215] {logging_mixin.py:115} INFO - [2024-03-31 10:29:01,215] {dagbag.py:508} INFO - Filling up the DagBag from /opt/conda/lib/python3.8/site-packages/airflow/example_dags/example_skip_dag.py
[2024-03-31 10:29:01,220] {processor.py:651} INFO - DAG(s) dict_keys(['example_skip_dag']) retrieved from /opt/conda/lib/python3.8/site-packages/airflow/example_dags/example_skip_dag.py
[2024-03-31 10:29:01,237] {logging_mixin.py:115} INFO - [2024-03-31 10:29:01,237] {dag.py:2420} INFO - Sync 1 DAGs
[2024-03-31 10:29:01,256] {logging_mixin.py:115} INFO - [2024-03-31 10:29:01,256] {dag.py:2968} INFO - Setting next_dagrun for example_skip_dag to 2024-03-30T10:29:01.255750+00:00, run_after=2024-03-31T10:29:01.255750+00:00
[2024-03-31 10:29:01,278] {processor.py:161} INFO - Processing /opt/conda/lib/python3.8/site-packages/airflow/example_dags/example_skip_dag.py took 0.068 seconds
[2024-03-31 10:29:39,948] {processor.py:153} INFO - Started process (PID=1716) to work on /opt/conda/lib/python3.8/site-packages/airflow/example_dags/example_skip_dag.py
[2024-03-31 10:29:39,950] {processor.py:641} INFO - Processing file /opt/conda/lib/python3.8/site-packages/airflow/example_dags/example_skip_dag.py for tasks to queue
[2024-03-31 10:29:39,950] {logging_mixin.py:115} INFO - [2024-03-31 10:29:39,950] {dagbag.py:508} INFO - Filling up the DagBag from /opt/conda/lib/python3.8/site-packages/airflow/example_dags/example_skip_dag.py
[2024-03-31 10:29:39,955] {processor.py:651} INFO - DAG(s) dict_keys(['example_skip_dag']) retrieved from /opt/conda/lib/python3.8/site-packages/airflow/example_dags/example_skip_dag.py
[2024-03-31 10:29:39,972] {logging_mixin.py:115} INFO - [2024-03-31 10:29:39,972] {dag.py:2420} INFO - Sync 1 DAGs
[2024-03-31 10:29:39,990] {logging_mixin.py:115} INFO - [2024-03-31 10:29:39,990] {dag.py:2968} INFO - Setting next_dagrun for example_skip_dag to 2024-03-30T10:29:39.990480+00:00, run_after=2024-03-31T10:29:39.990480+00:00
[2024-03-31 10:29:40,012] {processor.py:161} INFO - Processing /opt/conda/lib/python3.8/site-packages/airflow/example_dags/example_skip_dag.py took 0.067 seconds
[2024-03-31 10:30:46,051] {processor.py:153} INFO - Started process (PID=1836) to work on /opt/conda/lib/python3.8/site-packages/airflow/example_dags/example_skip_dag.py
[2024-03-31 10:30:46,053] {processor.py:641} INFO - Processing file /opt/conda/lib/python3.8/site-packages/airflow/example_dags/example_skip_dag.py for tasks to queue
[2024-03-31 10:30:46,054] {logging_mixin.py:115} INFO - [2024-03-31 10:30:46,053] {dagbag.py:508} INFO - Filling up the DagBag from /opt/conda/lib/python3.8/site-packages/airflow/example_dags/example_skip_dag.py
[2024-03-31 10:30:46,059] {processor.py:651} INFO - DAG(s) dict_keys(['example_skip_dag']) retrieved from /opt/conda/lib/python3.8/site-packages/airflow/example_dags/example_skip_dag.py
[2024-03-31 10:30:46,074] {logging_mixin.py:115} INFO - [2024-03-31 10:30:46,074] {dag.py:2420} INFO - Sync 1 DAGs
[2024-03-31 10:30:46,089] {logging_mixin.py:115} INFO - [2024-03-31 10:30:46,089] {dag.py:2968} INFO - Setting next_dagrun for example_skip_dag to 2024-03-30T10:30:46.088981+00:00, run_after=2024-03-31T10:30:46.088981+00:00
[2024-03-31 10:30:46,143] {processor.py:161} INFO - Processing /opt/conda/lib/python3.8/site-packages/airflow/example_dags/example_skip_dag.py took 0.094 seconds
[2024-03-31 10:31:24,552] {processor.py:153} INFO - Started process (PID=1889) to work on /opt/conda/lib/python3.8/site-packages/airflow/example_dags/example_skip_dag.py
[2024-03-31 10:31:24,554] {processor.py:641} INFO - Processing file /opt/conda/lib/python3.8/site-packages/airflow/example_dags/example_skip_dag.py for tasks to queue
[2024-03-31 10:31:24,555] {logging_mixin.py:115} INFO - [2024-03-31 10:31:24,554] {dagbag.py:508} INFO - Filling up the DagBag from /opt/conda/lib/python3.8/site-packages/airflow/example_dags/example_skip_dag.py
[2024-03-31 10:31:24,560] {processor.py:651} INFO - DAG(s) dict_keys(['example_skip_dag']) retrieved from /opt/conda/lib/python3.8/site-packages/airflow/example_dags/example_skip_dag.py
[2024-03-31 10:31:24,577] {logging_mixin.py:115} INFO - [2024-03-31 10:31:24,577] {dag.py:2420} INFO - Sync 1 DAGs
[2024-03-31 10:31:24,595] {logging_mixin.py:115} INFO - [2024-03-31 10:31:24,594] {dag.py:2968} INFO - Setting next_dagrun for example_skip_dag to 2024-03-30T10:31:24.594660+00:00, run_after=2024-03-31T10:31:24.594660+00:00
[2024-03-31 10:31:24,616] {processor.py:161} INFO - Processing /opt/conda/lib/python3.8/site-packages/airflow/example_dags/example_skip_dag.py took 0.067 seconds
[2024-03-31 10:32:26,789] {processor.py:153} INFO - Started process (PID=2126) to work on /opt/conda/lib/python3.8/site-packages/airflow/example_dags/example_skip_dag.py
[2024-03-31 10:32:26,791] {processor.py:641} INFO - Processing file /opt/conda/lib/python3.8/site-packages/airflow/example_dags/example_skip_dag.py for tasks to queue
[2024-03-31 10:32:26,791] {logging_mixin.py:115} INFO - [2024-03-31 10:32:26,791] {dagbag.py:508} INFO - Filling up the DagBag from /opt/conda/lib/python3.8/site-packages/airflow/example_dags/example_skip_dag.py
[2024-03-31 10:32:26,797] {processor.py:651} INFO - DAG(s) dict_keys(['example_skip_dag']) retrieved from /opt/conda/lib/python3.8/site-packages/airflow/example_dags/example_skip_dag.py
[2024-03-31 10:32:26,813] {logging_mixin.py:115} INFO - [2024-03-31 10:32:26,813] {dag.py:2420} INFO - Sync 1 DAGs
[2024-03-31 10:32:26,831] {logging_mixin.py:115} INFO - [2024-03-31 10:32:26,831] {dag.py:2968} INFO - Setting next_dagrun for example_skip_dag to 2024-03-30T10:32:26.831205+00:00, run_after=2024-03-31T10:32:26.831205+00:00
[2024-03-31 10:32:26,851] {processor.py:161} INFO - Processing /opt/conda/lib/python3.8/site-packages/airflow/example_dags/example_skip_dag.py took 0.065 seconds
[2024-03-31 10:33:12,144] {processor.py:153} INFO - Started process (PID=2302) to work on /opt/conda/lib/python3.8/site-packages/airflow/example_dags/example_skip_dag.py
[2024-03-31 10:33:12,146] {processor.py:641} INFO - Processing file /opt/conda/lib/python3.8/site-packages/airflow/example_dags/example_skip_dag.py for tasks to queue
[2024-03-31 10:33:12,146] {logging_mixin.py:115} INFO - [2024-03-31 10:33:12,146] {dagbag.py:508} INFO - Filling up the DagBag from /opt/conda/lib/python3.8/site-packages/airflow/example_dags/example_skip_dag.py
[2024-03-31 10:33:12,152] {processor.py:651} INFO - DAG(s) dict_keys(['example_skip_dag']) retrieved from /opt/conda/lib/python3.8/site-packages/airflow/example_dags/example_skip_dag.py
[2024-03-31 10:33:12,168] {logging_mixin.py:115} INFO - [2024-03-31 10:33:12,168] {dag.py:2420} INFO - Sync 1 DAGs
[2024-03-31 10:33:12,183] {logging_mixin.py:115} INFO - [2024-03-31 10:33:12,183] {dag.py:2968} INFO - Setting next_dagrun for example_skip_dag to 2024-03-30T10:33:12.183656+00:00, run_after=2024-03-31T10:33:12.183656+00:00
[2024-03-31 10:33:12,203] {processor.py:161} INFO - Processing /opt/conda/lib/python3.8/site-packages/airflow/example_dags/example_skip_dag.py took 0.062 seconds
[2024-03-31 10:33:50,866] {processor.py:153} INFO - Started process (PID=2360) to work on /opt/conda/lib/python3.8/site-packages/airflow/example_dags/example_skip_dag.py
[2024-03-31 10:33:50,868] {processor.py:641} INFO - Processing file /opt/conda/lib/python3.8/site-packages/airflow/example_dags/example_skip_dag.py for tasks to queue
[2024-03-31 10:33:50,869] {logging_mixin.py:115} INFO - [2024-03-31 10:33:50,869] {dagbag.py:508} INFO - Filling up the DagBag from /opt/conda/lib/python3.8/site-packages/airflow/example_dags/example_skip_dag.py
[2024-03-31 10:33:50,875] {processor.py:651} INFO - DAG(s) dict_keys(['example_skip_dag']) retrieved from /opt/conda/lib/python3.8/site-packages/airflow/example_dags/example_skip_dag.py
[2024-03-31 10:33:50,893] {logging_mixin.py:115} INFO - [2024-03-31 10:33:50,893] {dag.py:2420} INFO - Sync 1 DAGs
[2024-03-31 10:33:50,911] {logging_mixin.py:115} INFO - [2024-03-31 10:33:50,911] {dag.py:2968} INFO - Setting next_dagrun for example_skip_dag to 2024-03-30T10:33:50.911446+00:00, run_after=2024-03-31T10:33:50.911446+00:00
[2024-03-31 10:33:50,934] {processor.py:161} INFO - Processing /opt/conda/lib/python3.8/site-packages/airflow/example_dags/example_skip_dag.py took 0.072 seconds
