[2024-03-31 10:04:03,592] {processor.py:153} INFO - Started process (PID=927) to work on /opt/conda/lib/python3.8/site-packages/airflow/example_dags/example_branch_datetime_operator.py
[2024-03-31 10:04:03,593] {processor.py:641} INFO - Processing file /opt/conda/lib/python3.8/site-packages/airflow/example_dags/example_branch_datetime_operator.py for tasks to queue
[2024-03-31 10:04:03,593] {logging_mixin.py:115} INFO - [2024-03-31 10:04:03,593] {dagbag.py:508} INFO - Filling up the DagBag from /opt/conda/lib/python3.8/site-packages/airflow/example_dags/example_branch_datetime_operator.py
[2024-03-31 10:04:03,601] {processor.py:651} INFO - DAG(s) dict_keys(['example_branch_datetime_operator', 'example_branch_datetime_operator_2']) retrieved from /opt/conda/lib/python3.8/site-packages/airflow/example_dags/example_branch_datetime_operator.py
[2024-03-31 10:04:03,704] {logging_mixin.py:115} INFO - [2024-03-31 10:04:03,703] {manager.py:508} INFO - Created Permission View: can delete on DAG:example_branch_datetime_operator
[2024-03-31 10:04:03,741] {logging_mixin.py:115} INFO - [2024-03-31 10:04:03,741] {manager.py:508} INFO - Created Permission View: can read on DAG:example_branch_datetime_operator
[2024-03-31 10:04:03,775] {logging_mixin.py:115} INFO - [2024-03-31 10:04:03,775] {manager.py:508} INFO - Created Permission View: can edit on DAG:example_branch_datetime_operator
[2024-03-31 10:04:03,869] {logging_mixin.py:115} INFO - [2024-03-31 10:04:03,869] {manager.py:508} INFO - Created Permission View: can delete on DAG:example_branch_datetime_operator_2
[2024-03-31 10:04:03,913] {logging_mixin.py:115} INFO - [2024-03-31 10:04:03,912] {manager.py:508} INFO - Created Permission View: can read on DAG:example_branch_datetime_operator_2
[2024-03-31 10:04:03,947] {logging_mixin.py:115} INFO - [2024-03-31 10:04:03,947] {manager.py:508} INFO - Created Permission View: can edit on DAG:example_branch_datetime_operator_2
[2024-03-31 10:04:03,947] {logging_mixin.py:115} INFO - [2024-03-31 10:04:03,947] {dag.py:2420} INFO - Sync 2 DAGs
[2024-03-31 10:04:03,964] {logging_mixin.py:115} INFO - [2024-03-31 10:04:03,963] {dag.py:2439} INFO - Creating ORM DAG for example_branch_datetime_operator_2
[2024-03-31 10:04:03,964] {logging_mixin.py:115} INFO - [2024-03-31 10:04:03,964] {dag.py:2439} INFO - Creating ORM DAG for example_branch_datetime_operator
[2024-03-31 10:04:03,985] {logging_mixin.py:115} INFO - [2024-03-31 10:04:03,985] {dag.py:2968} INFO - Setting next_dagrun for example_branch_datetime_operator to 2024-03-30T00:00:00+00:00, run_after=2024-03-31T00:00:00+00:00
[2024-03-31 10:04:03,989] {logging_mixin.py:115} INFO - [2024-03-31 10:04:03,989] {dag.py:2968} INFO - Setting next_dagrun for example_branch_datetime_operator_2 to 2024-03-30T00:00:00+00:00, run_after=2024-03-31T00:00:00+00:00
[2024-03-31 10:04:04,044] {processor.py:161} INFO - Processing /opt/conda/lib/python3.8/site-packages/airflow/example_dags/example_branch_datetime_operator.py took 0.453 seconds
[2024-03-31 10:04:46,184] {processor.py:153} INFO - Started process (PID=961) to work on /opt/conda/lib/python3.8/site-packages/airflow/example_dags/example_branch_datetime_operator.py
[2024-03-31 10:04:46,187] {processor.py:641} INFO - Processing file /opt/conda/lib/python3.8/site-packages/airflow/example_dags/example_branch_datetime_operator.py for tasks to queue
[2024-03-31 10:04:46,188] {logging_mixin.py:115} INFO - [2024-03-31 10:04:46,188] {dagbag.py:508} INFO - Filling up the DagBag from /opt/conda/lib/python3.8/site-packages/airflow/example_dags/example_branch_datetime_operator.py
[2024-03-31 10:04:46,197] {processor.py:651} INFO - DAG(s) dict_keys(['example_branch_datetime_operator', 'example_branch_datetime_operator_2']) retrieved from /opt/conda/lib/python3.8/site-packages/airflow/example_dags/example_branch_datetime_operator.py
[2024-03-31 10:04:46,215] {logging_mixin.py:115} INFO - [2024-03-31 10:04:46,215] {dag.py:2420} INFO - Sync 2 DAGs
[2024-03-31 10:04:46,231] {logging_mixin.py:115} INFO - [2024-03-31 10:04:46,231] {dag.py:2968} INFO - Setting next_dagrun for example_branch_datetime_operator to 2024-03-30T00:00:00+00:00, run_after=2024-03-31T00:00:00+00:00
[2024-03-31 10:04:46,232] {logging_mixin.py:115} INFO - [2024-03-31 10:04:46,232] {dag.py:2968} INFO - Setting next_dagrun for example_branch_datetime_operator_2 to 2024-03-30T00:00:00+00:00, run_after=2024-03-31T00:00:00+00:00
[2024-03-31 10:04:46,251] {processor.py:161} INFO - Processing /opt/conda/lib/python3.8/site-packages/airflow/example_dags/example_branch_datetime_operator.py took 0.070 seconds
[2024-03-31 10:05:22,185] {processor.py:153} INFO - Started process (PID=995) to work on /opt/conda/lib/python3.8/site-packages/airflow/example_dags/example_branch_datetime_operator.py
[2024-03-31 10:05:22,187] {processor.py:641} INFO - Processing file /opt/conda/lib/python3.8/site-packages/airflow/example_dags/example_branch_datetime_operator.py for tasks to queue
[2024-03-31 10:05:22,188] {logging_mixin.py:115} INFO - [2024-03-31 10:05:22,188] {dagbag.py:508} INFO - Filling up the DagBag from /opt/conda/lib/python3.8/site-packages/airflow/example_dags/example_branch_datetime_operator.py
[2024-03-31 10:05:22,197] {processor.py:651} INFO - DAG(s) dict_keys(['example_branch_datetime_operator', 'example_branch_datetime_operator_2']) retrieved from /opt/conda/lib/python3.8/site-packages/airflow/example_dags/example_branch_datetime_operator.py
[2024-03-31 10:05:22,214] {logging_mixin.py:115} INFO - [2024-03-31 10:05:22,214] {dag.py:2420} INFO - Sync 2 DAGs
[2024-03-31 10:05:22,229] {logging_mixin.py:115} INFO - [2024-03-31 10:05:22,229] {dag.py:2968} INFO - Setting next_dagrun for example_branch_datetime_operator to 2024-03-30T00:00:00+00:00, run_after=2024-03-31T00:00:00+00:00
[2024-03-31 10:05:22,231] {logging_mixin.py:115} INFO - [2024-03-31 10:05:22,231] {dag.py:2968} INFO - Setting next_dagrun for example_branch_datetime_operator_2 to 2024-03-30T00:00:00+00:00, run_after=2024-03-31T00:00:00+00:00
[2024-03-31 10:05:22,261] {processor.py:161} INFO - Processing /opt/conda/lib/python3.8/site-packages/airflow/example_dags/example_branch_datetime_operator.py took 0.079 seconds
[2024-03-31 10:05:58,457] {processor.py:153} INFO - Started process (PID=1029) to work on /opt/conda/lib/python3.8/site-packages/airflow/example_dags/example_branch_datetime_operator.py
[2024-03-31 10:05:58,459] {processor.py:641} INFO - Processing file /opt/conda/lib/python3.8/site-packages/airflow/example_dags/example_branch_datetime_operator.py for tasks to queue
[2024-03-31 10:05:58,460] {logging_mixin.py:115} INFO - [2024-03-31 10:05:58,460] {dagbag.py:508} INFO - Filling up the DagBag from /opt/conda/lib/python3.8/site-packages/airflow/example_dags/example_branch_datetime_operator.py
[2024-03-31 10:05:58,470] {processor.py:651} INFO - DAG(s) dict_keys(['example_branch_datetime_operator', 'example_branch_datetime_operator_2']) retrieved from /opt/conda/lib/python3.8/site-packages/airflow/example_dags/example_branch_datetime_operator.py
[2024-03-31 10:05:58,490] {logging_mixin.py:115} INFO - [2024-03-31 10:05:58,490] {dag.py:2420} INFO - Sync 2 DAGs
[2024-03-31 10:05:58,510] {logging_mixin.py:115} INFO - [2024-03-31 10:05:58,510] {dag.py:2968} INFO - Setting next_dagrun for example_branch_datetime_operator to 2024-03-30T00:00:00+00:00, run_after=2024-03-31T00:00:00+00:00
[2024-03-31 10:05:58,512] {logging_mixin.py:115} INFO - [2024-03-31 10:05:58,512] {dag.py:2968} INFO - Setting next_dagrun for example_branch_datetime_operator_2 to 2024-03-30T00:00:00+00:00, run_after=2024-03-31T00:00:00+00:00
[2024-03-31 10:05:58,533] {processor.py:161} INFO - Processing /opt/conda/lib/python3.8/site-packages/airflow/example_dags/example_branch_datetime_operator.py took 0.079 seconds
[2024-03-31 10:06:29,752] {processor.py:153} INFO - Started process (PID=1060) to work on /opt/conda/lib/python3.8/site-packages/airflow/example_dags/example_branch_datetime_operator.py
[2024-03-31 10:06:29,752] {processor.py:641} INFO - Processing file /opt/conda/lib/python3.8/site-packages/airflow/example_dags/example_branch_datetime_operator.py for tasks to queue
[2024-03-31 10:06:29,753] {logging_mixin.py:115} INFO - [2024-03-31 10:06:29,753] {dagbag.py:508} INFO - Filling up the DagBag from /opt/conda/lib/python3.8/site-packages/airflow/example_dags/example_branch_datetime_operator.py
[2024-03-31 10:06:29,762] {processor.py:651} INFO - DAG(s) dict_keys(['example_branch_datetime_operator', 'example_branch_datetime_operator_2']) retrieved from /opt/conda/lib/python3.8/site-packages/airflow/example_dags/example_branch_datetime_operator.py
[2024-03-31 10:06:29,778] {logging_mixin.py:115} INFO - [2024-03-31 10:06:29,778] {dag.py:2420} INFO - Sync 2 DAGs
[2024-03-31 10:06:29,794] {logging_mixin.py:115} INFO - [2024-03-31 10:06:29,793] {dag.py:2968} INFO - Setting next_dagrun for example_branch_datetime_operator to 2024-03-30T00:00:00+00:00, run_after=2024-03-31T00:00:00+00:00
[2024-03-31 10:06:29,795] {logging_mixin.py:115} INFO - [2024-03-31 10:06:29,795] {dag.py:2968} INFO - Setting next_dagrun for example_branch_datetime_operator_2 to 2024-03-30T00:00:00+00:00, run_after=2024-03-31T00:00:00+00:00
[2024-03-31 10:06:29,813] {processor.py:161} INFO - Processing /opt/conda/lib/python3.8/site-packages/airflow/example_dags/example_branch_datetime_operator.py took 0.065 seconds
[2024-03-31 10:07:01,674] {processor.py:153} INFO - Started process (PID=1094) to work on /opt/conda/lib/python3.8/site-packages/airflow/example_dags/example_branch_datetime_operator.py
[2024-03-31 10:07:01,676] {processor.py:641} INFO - Processing file /opt/conda/lib/python3.8/site-packages/airflow/example_dags/example_branch_datetime_operator.py for tasks to queue
[2024-03-31 10:07:01,677] {logging_mixin.py:115} INFO - [2024-03-31 10:07:01,677] {dagbag.py:508} INFO - Filling up the DagBag from /opt/conda/lib/python3.8/site-packages/airflow/example_dags/example_branch_datetime_operator.py
[2024-03-31 10:07:01,687] {processor.py:651} INFO - DAG(s) dict_keys(['example_branch_datetime_operator', 'example_branch_datetime_operator_2']) retrieved from /opt/conda/lib/python3.8/site-packages/airflow/example_dags/example_branch_datetime_operator.py
[2024-03-31 10:07:01,706] {logging_mixin.py:115} INFO - [2024-03-31 10:07:01,706] {dag.py:2420} INFO - Sync 2 DAGs
[2024-03-31 10:07:01,727] {logging_mixin.py:115} INFO - [2024-03-31 10:07:01,727] {dag.py:2968} INFO - Setting next_dagrun for example_branch_datetime_operator to 2024-03-30T00:00:00+00:00, run_after=2024-03-31T00:00:00+00:00
[2024-03-31 10:07:01,729] {logging_mixin.py:115} INFO - [2024-03-31 10:07:01,729] {dag.py:2968} INFO - Setting next_dagrun for example_branch_datetime_operator_2 to 2024-03-30T00:00:00+00:00, run_after=2024-03-31T00:00:00+00:00
[2024-03-31 10:07:01,766] {processor.py:161} INFO - Processing /opt/conda/lib/python3.8/site-packages/airflow/example_dags/example_branch_datetime_operator.py took 0.096 seconds
[2024-03-31 10:07:31,833] {processor.py:153} INFO - Started process (PID=1124) to work on /opt/conda/lib/python3.8/site-packages/airflow/example_dags/example_branch_datetime_operator.py
[2024-03-31 10:07:31,835] {processor.py:641} INFO - Processing file /opt/conda/lib/python3.8/site-packages/airflow/example_dags/example_branch_datetime_operator.py for tasks to queue
[2024-03-31 10:07:31,836] {logging_mixin.py:115} INFO - [2024-03-31 10:07:31,836] {dagbag.py:508} INFO - Filling up the DagBag from /opt/conda/lib/python3.8/site-packages/airflow/example_dags/example_branch_datetime_operator.py
[2024-03-31 10:07:31,845] {processor.py:651} INFO - DAG(s) dict_keys(['example_branch_datetime_operator', 'example_branch_datetime_operator_2']) retrieved from /opt/conda/lib/python3.8/site-packages/airflow/example_dags/example_branch_datetime_operator.py
[2024-03-31 10:07:31,862] {logging_mixin.py:115} INFO - [2024-03-31 10:07:31,862] {dag.py:2420} INFO - Sync 2 DAGs
[2024-03-31 10:07:31,878] {logging_mixin.py:115} INFO - [2024-03-31 10:07:31,878] {dag.py:2968} INFO - Setting next_dagrun for example_branch_datetime_operator to 2024-03-30T00:00:00+00:00, run_after=2024-03-31T00:00:00+00:00
[2024-03-31 10:07:31,879] {logging_mixin.py:115} INFO - [2024-03-31 10:07:31,879] {dag.py:2968} INFO - Setting next_dagrun for example_branch_datetime_operator_2 to 2024-03-30T00:00:00+00:00, run_after=2024-03-31T00:00:00+00:00
[2024-03-31 10:07:31,899] {processor.py:161} INFO - Processing /opt/conda/lib/python3.8/site-packages/airflow/example_dags/example_branch_datetime_operator.py took 0.069 seconds
[2024-03-31 10:08:04,960] {processor.py:153} INFO - Started process (PID=1158) to work on /opt/conda/lib/python3.8/site-packages/airflow/example_dags/example_branch_datetime_operator.py
[2024-03-31 10:08:04,963] {processor.py:641} INFO - Processing file /opt/conda/lib/python3.8/site-packages/airflow/example_dags/example_branch_datetime_operator.py for tasks to queue
[2024-03-31 10:08:04,963] {logging_mixin.py:115} INFO - [2024-03-31 10:08:04,963] {dagbag.py:508} INFO - Filling up the DagBag from /opt/conda/lib/python3.8/site-packages/airflow/example_dags/example_branch_datetime_operator.py
[2024-03-31 10:08:04,973] {processor.py:651} INFO - DAG(s) dict_keys(['example_branch_datetime_operator', 'example_branch_datetime_operator_2']) retrieved from /opt/conda/lib/python3.8/site-packages/airflow/example_dags/example_branch_datetime_operator.py
[2024-03-31 10:08:04,993] {logging_mixin.py:115} INFO - [2024-03-31 10:08:04,993] {dag.py:2420} INFO - Sync 2 DAGs
[2024-03-31 10:08:05,014] {logging_mixin.py:115} INFO - [2024-03-31 10:08:05,014] {dag.py:2968} INFO - Setting next_dagrun for example_branch_datetime_operator to 2024-03-30T00:00:00+00:00, run_after=2024-03-31T00:00:00+00:00
[2024-03-31 10:08:05,016] {logging_mixin.py:115} INFO - [2024-03-31 10:08:05,016] {dag.py:2968} INFO - Setting next_dagrun for example_branch_datetime_operator_2 to 2024-03-30T00:00:00+00:00, run_after=2024-03-31T00:00:00+00:00
[2024-03-31 10:08:05,040] {processor.py:161} INFO - Processing /opt/conda/lib/python3.8/site-packages/airflow/example_dags/example_branch_datetime_operator.py took 0.083 seconds
[2024-03-31 10:08:38,465] {processor.py:153} INFO - Started process (PID=1194) to work on /opt/conda/lib/python3.8/site-packages/airflow/example_dags/example_branch_datetime_operator.py
[2024-03-31 10:08:38,470] {processor.py:641} INFO - Processing file /opt/conda/lib/python3.8/site-packages/airflow/example_dags/example_branch_datetime_operator.py for tasks to queue
[2024-03-31 10:08:38,471] {logging_mixin.py:115} INFO - [2024-03-31 10:08:38,471] {dagbag.py:508} INFO - Filling up the DagBag from /opt/conda/lib/python3.8/site-packages/airflow/example_dags/example_branch_datetime_operator.py
[2024-03-31 10:08:38,481] {processor.py:651} INFO - DAG(s) dict_keys(['example_branch_datetime_operator', 'example_branch_datetime_operator_2']) retrieved from /opt/conda/lib/python3.8/site-packages/airflow/example_dags/example_branch_datetime_operator.py
[2024-03-31 10:08:38,500] {logging_mixin.py:115} INFO - [2024-03-31 10:08:38,500] {dag.py:2420} INFO - Sync 2 DAGs
[2024-03-31 10:08:38,516] {logging_mixin.py:115} INFO - [2024-03-31 10:08:38,516] {dag.py:2968} INFO - Setting next_dagrun for example_branch_datetime_operator to 2024-03-30T00:00:00+00:00, run_after=2024-03-31T00:00:00+00:00
[2024-03-31 10:08:38,518] {logging_mixin.py:115} INFO - [2024-03-31 10:08:38,518] {dag.py:2968} INFO - Setting next_dagrun for example_branch_datetime_operator_2 to 2024-03-30T00:00:00+00:00, run_after=2024-03-31T00:00:00+00:00
[2024-03-31 10:08:38,538] {processor.py:161} INFO - Processing /opt/conda/lib/python3.8/site-packages/airflow/example_dags/example_branch_datetime_operator.py took 0.077 seconds
[2024-03-31 10:09:11,320] {processor.py:153} INFO - Started process (PID=1228) to work on /opt/conda/lib/python3.8/site-packages/airflow/example_dags/example_branch_datetime_operator.py
[2024-03-31 10:09:11,322] {processor.py:641} INFO - Processing file /opt/conda/lib/python3.8/site-packages/airflow/example_dags/example_branch_datetime_operator.py for tasks to queue
[2024-03-31 10:09:11,323] {logging_mixin.py:115} INFO - [2024-03-31 10:09:11,322] {dagbag.py:508} INFO - Filling up the DagBag from /opt/conda/lib/python3.8/site-packages/airflow/example_dags/example_branch_datetime_operator.py
[2024-03-31 10:09:11,332] {processor.py:651} INFO - DAG(s) dict_keys(['example_branch_datetime_operator', 'example_branch_datetime_operator_2']) retrieved from /opt/conda/lib/python3.8/site-packages/airflow/example_dags/example_branch_datetime_operator.py
[2024-03-31 10:09:11,352] {logging_mixin.py:115} INFO - [2024-03-31 10:09:11,352] {dag.py:2420} INFO - Sync 2 DAGs
[2024-03-31 10:09:11,373] {logging_mixin.py:115} INFO - [2024-03-31 10:09:11,373] {dag.py:2968} INFO - Setting next_dagrun for example_branch_datetime_operator to 2024-03-30T00:00:00+00:00, run_after=2024-03-31T00:00:00+00:00
[2024-03-31 10:09:11,375] {logging_mixin.py:115} INFO - [2024-03-31 10:09:11,375] {dag.py:2968} INFO - Setting next_dagrun for example_branch_datetime_operator_2 to 2024-03-30T00:00:00+00:00, run_after=2024-03-31T00:00:00+00:00
[2024-03-31 10:09:11,399] {processor.py:161} INFO - Processing /opt/conda/lib/python3.8/site-packages/airflow/example_dags/example_branch_datetime_operator.py took 0.082 seconds
[2024-03-31 10:09:43,888] {processor.py:153} INFO - Started process (PID=1260) to work on /opt/conda/lib/python3.8/site-packages/airflow/example_dags/example_branch_datetime_operator.py
[2024-03-31 10:09:43,890] {processor.py:641} INFO - Processing file /opt/conda/lib/python3.8/site-packages/airflow/example_dags/example_branch_datetime_operator.py for tasks to queue
[2024-03-31 10:09:43,891] {logging_mixin.py:115} INFO - [2024-03-31 10:09:43,891] {dagbag.py:508} INFO - Filling up the DagBag from /opt/conda/lib/python3.8/site-packages/airflow/example_dags/example_branch_datetime_operator.py
[2024-03-31 10:09:43,900] {processor.py:651} INFO - DAG(s) dict_keys(['example_branch_datetime_operator', 'example_branch_datetime_operator_2']) retrieved from /opt/conda/lib/python3.8/site-packages/airflow/example_dags/example_branch_datetime_operator.py
[2024-03-31 10:09:43,917] {logging_mixin.py:115} INFO - [2024-03-31 10:09:43,917] {dag.py:2420} INFO - Sync 2 DAGs
[2024-03-31 10:09:43,932] {logging_mixin.py:115} INFO - [2024-03-31 10:09:43,932] {dag.py:2968} INFO - Setting next_dagrun for example_branch_datetime_operator to 2024-03-30T00:00:00+00:00, run_after=2024-03-31T00:00:00+00:00
[2024-03-31 10:09:43,934] {logging_mixin.py:115} INFO - [2024-03-31 10:09:43,934] {dag.py:2968} INFO - Setting next_dagrun for example_branch_datetime_operator_2 to 2024-03-30T00:00:00+00:00, run_after=2024-03-31T00:00:00+00:00
[2024-03-31 10:09:43,952] {processor.py:161} INFO - Processing /opt/conda/lib/python3.8/site-packages/airflow/example_dags/example_branch_datetime_operator.py took 0.067 seconds
[2024-03-31 10:10:17,845] {processor.py:153} INFO - Started process (PID=1295) to work on /opt/conda/lib/python3.8/site-packages/airflow/example_dags/example_branch_datetime_operator.py
[2024-03-31 10:10:17,847] {processor.py:641} INFO - Processing file /opt/conda/lib/python3.8/site-packages/airflow/example_dags/example_branch_datetime_operator.py for tasks to queue
[2024-03-31 10:10:17,848] {logging_mixin.py:115} INFO - [2024-03-31 10:10:17,848] {dagbag.py:508} INFO - Filling up the DagBag from /opt/conda/lib/python3.8/site-packages/airflow/example_dags/example_branch_datetime_operator.py
[2024-03-31 10:10:17,857] {processor.py:651} INFO - DAG(s) dict_keys(['example_branch_datetime_operator', 'example_branch_datetime_operator_2']) retrieved from /opt/conda/lib/python3.8/site-packages/airflow/example_dags/example_branch_datetime_operator.py
[2024-03-31 10:10:17,877] {logging_mixin.py:115} INFO - [2024-03-31 10:10:17,877] {dag.py:2420} INFO - Sync 2 DAGs
[2024-03-31 10:10:17,898] {logging_mixin.py:115} INFO - [2024-03-31 10:10:17,898] {dag.py:2968} INFO - Setting next_dagrun for example_branch_datetime_operator to 2024-03-30T00:00:00+00:00, run_after=2024-03-31T00:00:00+00:00
[2024-03-31 10:10:17,900] {logging_mixin.py:115} INFO - [2024-03-31 10:10:17,900] {dag.py:2968} INFO - Setting next_dagrun for example_branch_datetime_operator_2 to 2024-03-30T00:00:00+00:00, run_after=2024-03-31T00:00:00+00:00
[2024-03-31 10:10:17,923] {processor.py:161} INFO - Processing /opt/conda/lib/python3.8/site-packages/airflow/example_dags/example_branch_datetime_operator.py took 0.081 seconds
[2024-03-31 10:12:29,194] {processor.py:153} INFO - Started process (PID=1391) to work on /opt/conda/lib/python3.8/site-packages/airflow/example_dags/example_branch_datetime_operator.py
[2024-03-31 10:12:29,196] {processor.py:641} INFO - Processing file /opt/conda/lib/python3.8/site-packages/airflow/example_dags/example_branch_datetime_operator.py for tasks to queue
[2024-03-31 10:12:29,197] {logging_mixin.py:115} INFO - [2024-03-31 10:12:29,197] {dagbag.py:508} INFO - Filling up the DagBag from /opt/conda/lib/python3.8/site-packages/airflow/example_dags/example_branch_datetime_operator.py
[2024-03-31 10:12:29,206] {processor.py:651} INFO - DAG(s) dict_keys(['example_branch_datetime_operator', 'example_branch_datetime_operator_2']) retrieved from /opt/conda/lib/python3.8/site-packages/airflow/example_dags/example_branch_datetime_operator.py
[2024-03-31 10:12:29,223] {logging_mixin.py:115} INFO - [2024-03-31 10:12:29,223] {dag.py:2420} INFO - Sync 2 DAGs
[2024-03-31 10:12:29,239] {logging_mixin.py:115} INFO - [2024-03-31 10:12:29,239] {dag.py:2968} INFO - Setting next_dagrun for example_branch_datetime_operator to 2024-03-30T00:00:00+00:00, run_after=2024-03-31T00:00:00+00:00
[2024-03-31 10:12:29,240] {logging_mixin.py:115} INFO - [2024-03-31 10:12:29,240] {dag.py:2968} INFO - Setting next_dagrun for example_branch_datetime_operator_2 to 2024-03-30T00:00:00+00:00, run_after=2024-03-31T00:00:00+00:00
[2024-03-31 10:12:29,261] {processor.py:161} INFO - Processing /opt/conda/lib/python3.8/site-packages/airflow/example_dags/example_branch_datetime_operator.py took 0.071 seconds
[2024-03-31 10:13:04,936] {processor.py:153} INFO - Started process (PID=1427) to work on /opt/conda/lib/python3.8/site-packages/airflow/example_dags/example_branch_datetime_operator.py
[2024-03-31 10:13:04,938] {processor.py:641} INFO - Processing file /opt/conda/lib/python3.8/site-packages/airflow/example_dags/example_branch_datetime_operator.py for tasks to queue
[2024-03-31 10:13:04,939] {logging_mixin.py:115} INFO - [2024-03-31 10:13:04,939] {dagbag.py:508} INFO - Filling up the DagBag from /opt/conda/lib/python3.8/site-packages/airflow/example_dags/example_branch_datetime_operator.py
[2024-03-31 10:13:04,948] {processor.py:651} INFO - DAG(s) dict_keys(['example_branch_datetime_operator', 'example_branch_datetime_operator_2']) retrieved from /opt/conda/lib/python3.8/site-packages/airflow/example_dags/example_branch_datetime_operator.py
[2024-03-31 10:13:04,965] {logging_mixin.py:115} INFO - [2024-03-31 10:13:04,965] {dag.py:2420} INFO - Sync 2 DAGs
[2024-03-31 10:13:04,985] {logging_mixin.py:115} INFO - [2024-03-31 10:13:04,985] {dag.py:2968} INFO - Setting next_dagrun for example_branch_datetime_operator to 2024-03-30T00:00:00+00:00, run_after=2024-03-31T00:00:00+00:00
[2024-03-31 10:13:04,987] {logging_mixin.py:115} INFO - [2024-03-31 10:13:04,987] {dag.py:2968} INFO - Setting next_dagrun for example_branch_datetime_operator_2 to 2024-03-30T00:00:00+00:00, run_after=2024-03-31T00:00:00+00:00
[2024-03-31 10:13:05,008] {processor.py:161} INFO - Processing /opt/conda/lib/python3.8/site-packages/airflow/example_dags/example_branch_datetime_operator.py took 0.075 seconds
[2024-03-31 10:28:11,735] {processor.py:153} INFO - Started process (PID=1598) to work on /opt/conda/lib/python3.8/site-packages/airflow/example_dags/example_branch_datetime_operator.py
[2024-03-31 10:28:11,736] {processor.py:641} INFO - Processing file /opt/conda/lib/python3.8/site-packages/airflow/example_dags/example_branch_datetime_operator.py for tasks to queue
[2024-03-31 10:28:11,737] {logging_mixin.py:115} INFO - [2024-03-31 10:28:11,737] {dagbag.py:508} INFO - Filling up the DagBag from /opt/conda/lib/python3.8/site-packages/airflow/example_dags/example_branch_datetime_operator.py
[2024-03-31 10:28:11,746] {processor.py:651} INFO - DAG(s) dict_keys(['example_branch_datetime_operator', 'example_branch_datetime_operator_2']) retrieved from /opt/conda/lib/python3.8/site-packages/airflow/example_dags/example_branch_datetime_operator.py
[2024-03-31 10:28:11,763] {logging_mixin.py:115} INFO - [2024-03-31 10:28:11,763] {dag.py:2420} INFO - Sync 2 DAGs
[2024-03-31 10:28:11,780] {logging_mixin.py:115} INFO - [2024-03-31 10:28:11,780] {dag.py:2968} INFO - Setting next_dagrun for example_branch_datetime_operator to 2024-03-30T00:00:00+00:00, run_after=2024-03-31T00:00:00+00:00
[2024-03-31 10:28:11,781] {logging_mixin.py:115} INFO - [2024-03-31 10:28:11,781] {dag.py:2968} INFO - Setting next_dagrun for example_branch_datetime_operator_2 to 2024-03-30T00:00:00+00:00, run_after=2024-03-31T00:00:00+00:00
[2024-03-31 10:28:11,800] {processor.py:161} INFO - Processing /opt/conda/lib/python3.8/site-packages/airflow/example_dags/example_branch_datetime_operator.py took 0.068 seconds
[2024-03-31 10:28:49,387] {processor.py:153} INFO - Started process (PID=1651) to work on /opt/conda/lib/python3.8/site-packages/airflow/example_dags/example_branch_datetime_operator.py
[2024-03-31 10:28:49,389] {processor.py:641} INFO - Processing file /opt/conda/lib/python3.8/site-packages/airflow/example_dags/example_branch_datetime_operator.py for tasks to queue
[2024-03-31 10:28:49,389] {logging_mixin.py:115} INFO - [2024-03-31 10:28:49,389] {dagbag.py:508} INFO - Filling up the DagBag from /opt/conda/lib/python3.8/site-packages/airflow/example_dags/example_branch_datetime_operator.py
[2024-03-31 10:28:49,398] {processor.py:651} INFO - DAG(s) dict_keys(['example_branch_datetime_operator', 'example_branch_datetime_operator_2']) retrieved from /opt/conda/lib/python3.8/site-packages/airflow/example_dags/example_branch_datetime_operator.py
[2024-03-31 10:28:49,416] {logging_mixin.py:115} INFO - [2024-03-31 10:28:49,416] {dag.py:2420} INFO - Sync 2 DAGs
[2024-03-31 10:28:49,436] {logging_mixin.py:115} INFO - [2024-03-31 10:28:49,436] {dag.py:2968} INFO - Setting next_dagrun for example_branch_datetime_operator to 2024-03-30T00:00:00+00:00, run_after=2024-03-31T00:00:00+00:00
[2024-03-31 10:28:49,438] {logging_mixin.py:115} INFO - [2024-03-31 10:28:49,438] {dag.py:2968} INFO - Setting next_dagrun for example_branch_datetime_operator_2 to 2024-03-30T00:00:00+00:00, run_after=2024-03-31T00:00:00+00:00
[2024-03-31 10:28:49,460] {processor.py:161} INFO - Processing /opt/conda/lib/python3.8/site-packages/airflow/example_dags/example_branch_datetime_operator.py took 0.075 seconds
[2024-03-31 10:29:27,227] {processor.py:153} INFO - Started process (PID=1704) to work on /opt/conda/lib/python3.8/site-packages/airflow/example_dags/example_branch_datetime_operator.py
[2024-03-31 10:29:27,229] {processor.py:641} INFO - Processing file /opt/conda/lib/python3.8/site-packages/airflow/example_dags/example_branch_datetime_operator.py for tasks to queue
[2024-03-31 10:29:27,229] {logging_mixin.py:115} INFO - [2024-03-31 10:29:27,229] {dagbag.py:508} INFO - Filling up the DagBag from /opt/conda/lib/python3.8/site-packages/airflow/example_dags/example_branch_datetime_operator.py
[2024-03-31 10:29:27,238] {processor.py:651} INFO - DAG(s) dict_keys(['example_branch_datetime_operator', 'example_branch_datetime_operator_2']) retrieved from /opt/conda/lib/python3.8/site-packages/airflow/example_dags/example_branch_datetime_operator.py
[2024-03-31 10:29:27,256] {logging_mixin.py:115} INFO - [2024-03-31 10:29:27,256] {dag.py:2420} INFO - Sync 2 DAGs
[2024-03-31 10:29:27,273] {logging_mixin.py:115} INFO - [2024-03-31 10:29:27,273] {dag.py:2968} INFO - Setting next_dagrun for example_branch_datetime_operator to 2024-03-30T00:00:00+00:00, run_after=2024-03-31T00:00:00+00:00
[2024-03-31 10:29:27,274] {logging_mixin.py:115} INFO - [2024-03-31 10:29:27,274] {dag.py:2968} INFO - Setting next_dagrun for example_branch_datetime_operator_2 to 2024-03-30T00:00:00+00:00, run_after=2024-03-31T00:00:00+00:00
[2024-03-31 10:29:27,294] {processor.py:161} INFO - Processing /opt/conda/lib/python3.8/site-packages/airflow/example_dags/example_branch_datetime_operator.py took 0.070 seconds
[2024-03-31 10:30:34,488] {processor.py:153} INFO - Started process (PID=1824) to work on /opt/conda/lib/python3.8/site-packages/airflow/example_dags/example_branch_datetime_operator.py
[2024-03-31 10:30:34,490] {processor.py:641} INFO - Processing file /opt/conda/lib/python3.8/site-packages/airflow/example_dags/example_branch_datetime_operator.py for tasks to queue
[2024-03-31 10:30:34,490] {logging_mixin.py:115} INFO - [2024-03-31 10:30:34,490] {dagbag.py:508} INFO - Filling up the DagBag from /opt/conda/lib/python3.8/site-packages/airflow/example_dags/example_branch_datetime_operator.py
[2024-03-31 10:30:34,499] {processor.py:651} INFO - DAG(s) dict_keys(['example_branch_datetime_operator', 'example_branch_datetime_operator_2']) retrieved from /opt/conda/lib/python3.8/site-packages/airflow/example_dags/example_branch_datetime_operator.py
[2024-03-31 10:30:34,518] {logging_mixin.py:115} INFO - [2024-03-31 10:30:34,517] {dag.py:2420} INFO - Sync 2 DAGs
[2024-03-31 10:30:34,538] {logging_mixin.py:115} INFO - [2024-03-31 10:30:34,538] {dag.py:2968} INFO - Setting next_dagrun for example_branch_datetime_operator to 2024-03-30T00:00:00+00:00, run_after=2024-03-31T00:00:00+00:00
[2024-03-31 10:30:34,540] {logging_mixin.py:115} INFO - [2024-03-31 10:30:34,539] {dag.py:2968} INFO - Setting next_dagrun for example_branch_datetime_operator_2 to 2024-03-30T00:00:00+00:00, run_after=2024-03-31T00:00:00+00:00
[2024-03-31 10:30:34,561] {processor.py:161} INFO - Processing /opt/conda/lib/python3.8/site-packages/airflow/example_dags/example_branch_datetime_operator.py took 0.076 seconds
[2024-03-31 10:31:11,196] {processor.py:153} INFO - Started process (PID=1877) to work on /opt/conda/lib/python3.8/site-packages/airflow/example_dags/example_branch_datetime_operator.py
[2024-03-31 10:31:11,198] {processor.py:641} INFO - Processing file /opt/conda/lib/python3.8/site-packages/airflow/example_dags/example_branch_datetime_operator.py for tasks to queue
[2024-03-31 10:31:11,198] {logging_mixin.py:115} INFO - [2024-03-31 10:31:11,198] {dagbag.py:508} INFO - Filling up the DagBag from /opt/conda/lib/python3.8/site-packages/airflow/example_dags/example_branch_datetime_operator.py
[2024-03-31 10:31:11,207] {processor.py:651} INFO - DAG(s) dict_keys(['example_branch_datetime_operator', 'example_branch_datetime_operator_2']) retrieved from /opt/conda/lib/python3.8/site-packages/airflow/example_dags/example_branch_datetime_operator.py
[2024-03-31 10:31:11,223] {logging_mixin.py:115} INFO - [2024-03-31 10:31:11,223] {dag.py:2420} INFO - Sync 2 DAGs
[2024-03-31 10:31:11,239] {logging_mixin.py:115} INFO - [2024-03-31 10:31:11,239] {dag.py:2968} INFO - Setting next_dagrun for example_branch_datetime_operator to 2024-03-30T00:00:00+00:00, run_after=2024-03-31T00:00:00+00:00
[2024-03-31 10:31:11,241] {logging_mixin.py:115} INFO - [2024-03-31 10:31:11,241] {dag.py:2968} INFO - Setting next_dagrun for example_branch_datetime_operator_2 to 2024-03-30T00:00:00+00:00, run_after=2024-03-31T00:00:00+00:00
[2024-03-31 10:31:11,260] {processor.py:161} INFO - Processing /opt/conda/lib/python3.8/site-packages/airflow/example_dags/example_branch_datetime_operator.py took 0.067 seconds
[2024-03-31 10:32:04,736] {processor.py:153} INFO - Started process (PID=1995) to work on /opt/conda/lib/python3.8/site-packages/airflow/example_dags/example_branch_datetime_operator.py
[2024-03-31 10:32:04,738] {processor.py:641} INFO - Processing file /opt/conda/lib/python3.8/site-packages/airflow/example_dags/example_branch_datetime_operator.py for tasks to queue
[2024-03-31 10:32:04,739] {logging_mixin.py:115} INFO - [2024-03-31 10:32:04,739] {dagbag.py:508} INFO - Filling up the DagBag from /opt/conda/lib/python3.8/site-packages/airflow/example_dags/example_branch_datetime_operator.py
[2024-03-31 10:32:04,748] {processor.py:651} INFO - DAG(s) dict_keys(['example_branch_datetime_operator', 'example_branch_datetime_operator_2']) retrieved from /opt/conda/lib/python3.8/site-packages/airflow/example_dags/example_branch_datetime_operator.py
[2024-03-31 10:32:04,765] {logging_mixin.py:115} INFO - [2024-03-31 10:32:04,765] {dag.py:2420} INFO - Sync 2 DAGs
[2024-03-31 10:32:04,781] {logging_mixin.py:115} INFO - [2024-03-31 10:32:04,781] {dag.py:2968} INFO - Setting next_dagrun for example_branch_datetime_operator to 2024-03-30T00:00:00+00:00, run_after=2024-03-31T00:00:00+00:00
[2024-03-31 10:32:04,782] {logging_mixin.py:115} INFO - [2024-03-31 10:32:04,782] {dag.py:2968} INFO - Setting next_dagrun for example_branch_datetime_operator_2 to 2024-03-30T00:00:00+00:00, run_after=2024-03-31T00:00:00+00:00
[2024-03-31 10:32:04,801] {processor.py:161} INFO - Processing /opt/conda/lib/python3.8/site-packages/airflow/example_dags/example_branch_datetime_operator.py took 0.069 seconds
[2024-03-31 10:33:00,312] {processor.py:153} INFO - Started process (PID=2286) to work on /opt/conda/lib/python3.8/site-packages/airflow/example_dags/example_branch_datetime_operator.py
[2024-03-31 10:33:00,314] {processor.py:641} INFO - Processing file /opt/conda/lib/python3.8/site-packages/airflow/example_dags/example_branch_datetime_operator.py for tasks to queue
[2024-03-31 10:33:00,315] {logging_mixin.py:115} INFO - [2024-03-31 10:33:00,315] {dagbag.py:508} INFO - Filling up the DagBag from /opt/conda/lib/python3.8/site-packages/airflow/example_dags/example_branch_datetime_operator.py
[2024-03-31 10:33:00,324] {processor.py:651} INFO - DAG(s) dict_keys(['example_branch_datetime_operator', 'example_branch_datetime_operator_2']) retrieved from /opt/conda/lib/python3.8/site-packages/airflow/example_dags/example_branch_datetime_operator.py
[2024-03-31 10:33:00,341] {logging_mixin.py:115} INFO - [2024-03-31 10:33:00,341] {dag.py:2420} INFO - Sync 2 DAGs
[2024-03-31 10:33:00,357] {logging_mixin.py:115} INFO - [2024-03-31 10:33:00,357] {dag.py:2968} INFO - Setting next_dagrun for example_branch_datetime_operator to 2024-03-30T00:00:00+00:00, run_after=2024-03-31T00:00:00+00:00
[2024-03-31 10:33:00,358] {logging_mixin.py:115} INFO - [2024-03-31 10:33:00,358] {dag.py:2968} INFO - Setting next_dagrun for example_branch_datetime_operator_2 to 2024-03-30T00:00:00+00:00, run_after=2024-03-31T00:00:00+00:00
[2024-03-31 10:33:00,380] {processor.py:161} INFO - Processing /opt/conda/lib/python3.8/site-packages/airflow/example_dags/example_branch_datetime_operator.py took 0.071 seconds
[2024-03-31 10:33:39,274] {processor.py:153} INFO - Started process (PID=2348) to work on /opt/conda/lib/python3.8/site-packages/airflow/example_dags/example_branch_datetime_operator.py
[2024-03-31 10:33:39,276] {processor.py:641} INFO - Processing file /opt/conda/lib/python3.8/site-packages/airflow/example_dags/example_branch_datetime_operator.py for tasks to queue
[2024-03-31 10:33:39,276] {logging_mixin.py:115} INFO - [2024-03-31 10:33:39,276] {dagbag.py:508} INFO - Filling up the DagBag from /opt/conda/lib/python3.8/site-packages/airflow/example_dags/example_branch_datetime_operator.py
[2024-03-31 10:33:39,285] {processor.py:651} INFO - DAG(s) dict_keys(['example_branch_datetime_operator', 'example_branch_datetime_operator_2']) retrieved from /opt/conda/lib/python3.8/site-packages/airflow/example_dags/example_branch_datetime_operator.py
[2024-03-31 10:33:39,302] {logging_mixin.py:115} INFO - [2024-03-31 10:33:39,302] {dag.py:2420} INFO - Sync 2 DAGs
[2024-03-31 10:33:39,318] {logging_mixin.py:115} INFO - [2024-03-31 10:33:39,317] {dag.py:2968} INFO - Setting next_dagrun for example_branch_datetime_operator to 2024-03-30T00:00:00+00:00, run_after=2024-03-31T00:00:00+00:00
[2024-03-31 10:33:39,319] {logging_mixin.py:115} INFO - [2024-03-31 10:33:39,319] {dag.py:2968} INFO - Setting next_dagrun for example_branch_datetime_operator_2 to 2024-03-30T00:00:00+00:00, run_after=2024-03-31T00:00:00+00:00
[2024-03-31 10:33:39,337] {processor.py:161} INFO - Processing /opt/conda/lib/python3.8/site-packages/airflow/example_dags/example_branch_datetime_operator.py took 0.067 seconds
