[2024-03-31 10:04:21,429] {processor.py:153} INFO - Started process (PID=940) to work on /opt/conda/lib/python3.8/site-packages/airflow/example_dags/example_task_group_decorator.py
[2024-03-31 10:04:21,429] {processor.py:641} INFO - Processing file /opt/conda/lib/python3.8/site-packages/airflow/example_dags/example_task_group_decorator.py for tasks to queue
[2024-03-31 10:04:21,430] {logging_mixin.py:115} INFO - [2024-03-31 10:04:21,430] {dagbag.py:508} INFO - Filling up the DagBag from /opt/conda/lib/python3.8/site-packages/airflow/example_dags/example_task_group_decorator.py
[2024-03-31 10:04:21,446] {processor.py:651} INFO - DAG(s) dict_keys(['example_task_group_decorator']) retrieved from /opt/conda/lib/python3.8/site-packages/airflow/example_dags/example_task_group_decorator.py
[2024-03-31 10:04:21,514] {logging_mixin.py:115} INFO - [2024-03-31 10:04:21,514] {manager.py:508} INFO - Created Permission View: can delete on DAG:example_task_group_decorator
[2024-03-31 10:04:21,530] {logging_mixin.py:115} INFO - [2024-03-31 10:04:21,530] {manager.py:508} INFO - Created Permission View: can read on DAG:example_task_group_decorator
[2024-03-31 10:04:21,545] {logging_mixin.py:115} INFO - [2024-03-31 10:04:21,545] {manager.py:508} INFO - Created Permission View: can edit on DAG:example_task_group_decorator
[2024-03-31 10:04:21,545] {logging_mixin.py:115} INFO - [2024-03-31 10:04:21,545] {dag.py:2420} INFO - Sync 1 DAGs
[2024-03-31 10:04:21,550] {logging_mixin.py:115} INFO - [2024-03-31 10:04:21,549] {dag.py:2439} INFO - Creating ORM DAG for example_task_group_decorator
[2024-03-31 10:04:21,556] {logging_mixin.py:115} INFO - [2024-03-31 10:04:21,556] {dag.py:2968} INFO - Setting next_dagrun for example_task_group_decorator to 2024-03-30T10:04:21.555939+00:00, run_after=2024-03-31T10:04:21.555939+00:00
[2024-03-31 10:04:21,608] {processor.py:161} INFO - Processing /opt/conda/lib/python3.8/site-packages/airflow/example_dags/example_task_group_decorator.py took 0.180 seconds
[2024-03-31 10:04:59,445] {processor.py:153} INFO - Started process (PID=974) to work on /opt/conda/lib/python3.8/site-packages/airflow/example_dags/example_task_group_decorator.py
[2024-03-31 10:04:59,446] {processor.py:641} INFO - Processing file /opt/conda/lib/python3.8/site-packages/airflow/example_dags/example_task_group_decorator.py for tasks to queue
[2024-03-31 10:04:59,447] {logging_mixin.py:115} INFO - [2024-03-31 10:04:59,447] {dagbag.py:508} INFO - Filling up the DagBag from /opt/conda/lib/python3.8/site-packages/airflow/example_dags/example_task_group_decorator.py
[2024-03-31 10:04:59,473] {processor.py:651} INFO - DAG(s) dict_keys(['example_task_group_decorator']) retrieved from /opt/conda/lib/python3.8/site-packages/airflow/example_dags/example_task_group_decorator.py
[2024-03-31 10:04:59,509] {logging_mixin.py:115} INFO - [2024-03-31 10:04:59,508] {dag.py:2420} INFO - Sync 1 DAGs
[2024-03-31 10:04:59,521] {logging_mixin.py:115} INFO - [2024-03-31 10:04:59,521] {dag.py:2968} INFO - Setting next_dagrun for example_task_group_decorator to 2024-03-30T10:04:59.521163+00:00, run_after=2024-03-31T10:04:59.521163+00:00
[2024-03-31 10:04:59,545] {processor.py:161} INFO - Processing /opt/conda/lib/python3.8/site-packages/airflow/example_dags/example_task_group_decorator.py took 0.104 seconds
[2024-03-31 10:05:35,582] {processor.py:153} INFO - Started process (PID=1008) to work on /opt/conda/lib/python3.8/site-packages/airflow/example_dags/example_task_group_decorator.py
[2024-03-31 10:05:35,584] {processor.py:641} INFO - Processing file /opt/conda/lib/python3.8/site-packages/airflow/example_dags/example_task_group_decorator.py for tasks to queue
[2024-03-31 10:05:35,584] {logging_mixin.py:115} INFO - [2024-03-31 10:05:35,584] {dagbag.py:508} INFO - Filling up the DagBag from /opt/conda/lib/python3.8/site-packages/airflow/example_dags/example_task_group_decorator.py
[2024-03-31 10:05:35,613] {processor.py:651} INFO - DAG(s) dict_keys(['example_task_group_decorator']) retrieved from /opt/conda/lib/python3.8/site-packages/airflow/example_dags/example_task_group_decorator.py
[2024-03-31 10:05:35,660] {logging_mixin.py:115} INFO - [2024-03-31 10:05:35,659] {dag.py:2420} INFO - Sync 1 DAGs
[2024-03-31 10:05:35,673] {logging_mixin.py:115} INFO - [2024-03-31 10:05:35,673] {dag.py:2968} INFO - Setting next_dagrun for example_task_group_decorator to 2024-03-30T10:05:35.673441+00:00, run_after=2024-03-31T10:05:35.673441+00:00
[2024-03-31 10:05:35,694] {processor.py:161} INFO - Processing /opt/conda/lib/python3.8/site-packages/airflow/example_dags/example_task_group_decorator.py took 0.116 seconds
[2024-03-31 10:06:10,549] {processor.py:153} INFO - Started process (PID=1042) to work on /opt/conda/lib/python3.8/site-packages/airflow/example_dags/example_task_group_decorator.py
[2024-03-31 10:06:10,552] {processor.py:641} INFO - Processing file /opt/conda/lib/python3.8/site-packages/airflow/example_dags/example_task_group_decorator.py for tasks to queue
[2024-03-31 10:06:10,552] {logging_mixin.py:115} INFO - [2024-03-31 10:06:10,552] {dagbag.py:508} INFO - Filling up the DagBag from /opt/conda/lib/python3.8/site-packages/airflow/example_dags/example_task_group_decorator.py
[2024-03-31 10:06:10,578] {processor.py:651} INFO - DAG(s) dict_keys(['example_task_group_decorator']) retrieved from /opt/conda/lib/python3.8/site-packages/airflow/example_dags/example_task_group_decorator.py
[2024-03-31 10:06:10,613] {logging_mixin.py:115} INFO - [2024-03-31 10:06:10,613] {dag.py:2420} INFO - Sync 1 DAGs
[2024-03-31 10:06:10,626] {logging_mixin.py:115} INFO - [2024-03-31 10:06:10,626] {dag.py:2968} INFO - Setting next_dagrun for example_task_group_decorator to 2024-03-30T10:06:10.626213+00:00, run_after=2024-03-31T10:06:10.626213+00:00
[2024-03-31 10:06:10,648] {processor.py:161} INFO - Processing /opt/conda/lib/python3.8/site-packages/airflow/example_dags/example_task_group_decorator.py took 0.102 seconds
[2024-03-31 10:06:44,620] {processor.py:153} INFO - Started process (PID=1076) to work on /opt/conda/lib/python3.8/site-packages/airflow/example_dags/example_task_group_decorator.py
[2024-03-31 10:06:44,622] {processor.py:641} INFO - Processing file /opt/conda/lib/python3.8/site-packages/airflow/example_dags/example_task_group_decorator.py for tasks to queue
[2024-03-31 10:06:44,623] {logging_mixin.py:115} INFO - [2024-03-31 10:06:44,623] {dagbag.py:508} INFO - Filling up the DagBag from /opt/conda/lib/python3.8/site-packages/airflow/example_dags/example_task_group_decorator.py
[2024-03-31 10:06:44,652] {processor.py:651} INFO - DAG(s) dict_keys(['example_task_group_decorator']) retrieved from /opt/conda/lib/python3.8/site-packages/airflow/example_dags/example_task_group_decorator.py
[2024-03-31 10:06:44,672] {logging_mixin.py:115} INFO - [2024-03-31 10:06:44,672] {dag.py:2420} INFO - Sync 1 DAGs
[2024-03-31 10:06:44,691] {logging_mixin.py:115} INFO - [2024-03-31 10:06:44,690] {dag.py:2968} INFO - Setting next_dagrun for example_task_group_decorator to 2024-03-30T10:06:44.690613+00:00, run_after=2024-03-31T10:06:44.690613+00:00
[2024-03-31 10:06:44,714] {processor.py:161} INFO - Processing /opt/conda/lib/python3.8/site-packages/airflow/example_dags/example_task_group_decorator.py took 0.097 seconds
[2024-03-31 10:07:16,854] {processor.py:153} INFO - Started process (PID=1110) to work on /opt/conda/lib/python3.8/site-packages/airflow/example_dags/example_task_group_decorator.py
[2024-03-31 10:07:16,854] {processor.py:641} INFO - Processing file /opt/conda/lib/python3.8/site-packages/airflow/example_dags/example_task_group_decorator.py for tasks to queue
[2024-03-31 10:07:16,855] {logging_mixin.py:115} INFO - [2024-03-31 10:07:16,854] {dagbag.py:508} INFO - Filling up the DagBag from /opt/conda/lib/python3.8/site-packages/airflow/example_dags/example_task_group_decorator.py
[2024-03-31 10:07:16,879] {processor.py:651} INFO - DAG(s) dict_keys(['example_task_group_decorator']) retrieved from /opt/conda/lib/python3.8/site-packages/airflow/example_dags/example_task_group_decorator.py
[2024-03-31 10:07:16,915] {logging_mixin.py:115} INFO - [2024-03-31 10:07:16,915] {dag.py:2420} INFO - Sync 1 DAGs
[2024-03-31 10:07:16,928] {logging_mixin.py:115} INFO - [2024-03-31 10:07:16,928] {dag.py:2968} INFO - Setting next_dagrun for example_task_group_decorator to 2024-03-30T10:07:16.927849+00:00, run_after=2024-03-31T10:07:16.927849+00:00
[2024-03-31 10:07:16,948] {processor.py:161} INFO - Processing /opt/conda/lib/python3.8/site-packages/airflow/example_dags/example_task_group_decorator.py took 0.098 seconds
[2024-03-31 10:07:51,768] {processor.py:153} INFO - Started process (PID=1144) to work on /opt/conda/lib/python3.8/site-packages/airflow/example_dags/example_task_group_decorator.py
[2024-03-31 10:07:51,770] {processor.py:641} INFO - Processing file /opt/conda/lib/python3.8/site-packages/airflow/example_dags/example_task_group_decorator.py for tasks to queue
[2024-03-31 10:07:51,771] {logging_mixin.py:115} INFO - [2024-03-31 10:07:51,770] {dagbag.py:508} INFO - Filling up the DagBag from /opt/conda/lib/python3.8/site-packages/airflow/example_dags/example_task_group_decorator.py
[2024-03-31 10:07:51,796] {processor.py:651} INFO - DAG(s) dict_keys(['example_task_group_decorator']) retrieved from /opt/conda/lib/python3.8/site-packages/airflow/example_dags/example_task_group_decorator.py
[2024-03-31 10:07:51,832] {logging_mixin.py:115} INFO - [2024-03-31 10:07:51,832] {dag.py:2420} INFO - Sync 1 DAGs
[2024-03-31 10:07:51,844] {logging_mixin.py:115} INFO - [2024-03-31 10:07:51,844] {dag.py:2968} INFO - Setting next_dagrun for example_task_group_decorator to 2024-03-30T10:07:51.844672+00:00, run_after=2024-03-31T10:07:51.844672+00:00
[2024-03-31 10:07:51,865] {processor.py:161} INFO - Processing /opt/conda/lib/python3.8/site-packages/airflow/example_dags/example_task_group_decorator.py took 0.101 seconds
[2024-03-31 10:08:28,077] {processor.py:153} INFO - Started process (PID=1184) to work on /opt/conda/lib/python3.8/site-packages/airflow/example_dags/example_task_group_decorator.py
[2024-03-31 10:08:28,081] {processor.py:641} INFO - Processing file /opt/conda/lib/python3.8/site-packages/airflow/example_dags/example_task_group_decorator.py for tasks to queue
[2024-03-31 10:08:28,081] {logging_mixin.py:115} INFO - [2024-03-31 10:08:28,081] {dagbag.py:508} INFO - Filling up the DagBag from /opt/conda/lib/python3.8/site-packages/airflow/example_dags/example_task_group_decorator.py
[2024-03-31 10:08:28,109] {processor.py:651} INFO - DAG(s) dict_keys(['example_task_group_decorator']) retrieved from /opt/conda/lib/python3.8/site-packages/airflow/example_dags/example_task_group_decorator.py
[2024-03-31 10:08:28,146] {logging_mixin.py:115} INFO - [2024-03-31 10:08:28,146] {dag.py:2420} INFO - Sync 1 DAGs
[2024-03-31 10:08:28,158] {logging_mixin.py:115} INFO - [2024-03-31 10:08:28,158] {dag.py:2968} INFO - Setting next_dagrun for example_task_group_decorator to 2024-03-30T10:08:28.158655+00:00, run_after=2024-03-31T10:08:28.158655+00:00
[2024-03-31 10:08:28,181] {processor.py:161} INFO - Processing /opt/conda/lib/python3.8/site-packages/airflow/example_dags/example_task_group_decorator.py took 0.107 seconds
[2024-03-31 10:09:00,825] {processor.py:153} INFO - Started process (PID=1218) to work on /opt/conda/lib/python3.8/site-packages/airflow/example_dags/example_task_group_decorator.py
[2024-03-31 10:09:00,827] {processor.py:641} INFO - Processing file /opt/conda/lib/python3.8/site-packages/airflow/example_dags/example_task_group_decorator.py for tasks to queue
[2024-03-31 10:09:00,827] {logging_mixin.py:115} INFO - [2024-03-31 10:09:00,827] {dagbag.py:508} INFO - Filling up the DagBag from /opt/conda/lib/python3.8/site-packages/airflow/example_dags/example_task_group_decorator.py
[2024-03-31 10:09:00,856] {processor.py:651} INFO - DAG(s) dict_keys(['example_task_group_decorator']) retrieved from /opt/conda/lib/python3.8/site-packages/airflow/example_dags/example_task_group_decorator.py
[2024-03-31 10:09:00,901] {logging_mixin.py:115} INFO - [2024-03-31 10:09:00,901] {dag.py:2420} INFO - Sync 1 DAGs
[2024-03-31 10:09:00,914] {logging_mixin.py:115} INFO - [2024-03-31 10:09:00,914] {dag.py:2968} INFO - Setting next_dagrun for example_task_group_decorator to 2024-03-30T10:09:00.914631+00:00, run_after=2024-03-31T10:09:00.914631+00:00
[2024-03-31 10:09:00,945] {processor.py:161} INFO - Processing /opt/conda/lib/python3.8/site-packages/airflow/example_dags/example_task_group_decorator.py took 0.123 seconds
[2024-03-31 10:09:34,890] {processor.py:153} INFO - Started process (PID=1251) to work on /opt/conda/lib/python3.8/site-packages/airflow/example_dags/example_task_group_decorator.py
[2024-03-31 10:09:34,891] {processor.py:641} INFO - Processing file /opt/conda/lib/python3.8/site-packages/airflow/example_dags/example_task_group_decorator.py for tasks to queue
[2024-03-31 10:09:34,892] {logging_mixin.py:115} INFO - [2024-03-31 10:09:34,892] {dagbag.py:508} INFO - Filling up the DagBag from /opt/conda/lib/python3.8/site-packages/airflow/example_dags/example_task_group_decorator.py
[2024-03-31 10:09:34,917] {processor.py:651} INFO - DAG(s) dict_keys(['example_task_group_decorator']) retrieved from /opt/conda/lib/python3.8/site-packages/airflow/example_dags/example_task_group_decorator.py
[2024-03-31 10:09:34,932] {logging_mixin.py:115} INFO - [2024-03-31 10:09:34,932] {dag.py:2420} INFO - Sync 1 DAGs
[2024-03-31 10:09:34,945] {logging_mixin.py:115} INFO - [2024-03-31 10:09:34,945] {dag.py:2968} INFO - Setting next_dagrun for example_task_group_decorator to 2024-03-30T10:09:34.945621+00:00, run_after=2024-03-31T10:09:34.945621+00:00
[2024-03-31 10:09:34,971] {processor.py:161} INFO - Processing /opt/conda/lib/python3.8/site-packages/airflow/example_dags/example_task_group_decorator.py took 0.084 seconds
[2024-03-31 10:10:08,413] {processor.py:153} INFO - Started process (PID=1286) to work on /opt/conda/lib/python3.8/site-packages/airflow/example_dags/example_task_group_decorator.py
[2024-03-31 10:10:08,416] {processor.py:641} INFO - Processing file /opt/conda/lib/python3.8/site-packages/airflow/example_dags/example_task_group_decorator.py for tasks to queue
[2024-03-31 10:10:08,416] {logging_mixin.py:115} INFO - [2024-03-31 10:10:08,416] {dagbag.py:508} INFO - Filling up the DagBag from /opt/conda/lib/python3.8/site-packages/airflow/example_dags/example_task_group_decorator.py
[2024-03-31 10:10:08,442] {processor.py:651} INFO - DAG(s) dict_keys(['example_task_group_decorator']) retrieved from /opt/conda/lib/python3.8/site-packages/airflow/example_dags/example_task_group_decorator.py
[2024-03-31 10:10:08,457] {logging_mixin.py:115} INFO - [2024-03-31 10:10:08,457] {dag.py:2420} INFO - Sync 1 DAGs
[2024-03-31 10:10:08,470] {logging_mixin.py:115} INFO - [2024-03-31 10:10:08,470] {dag.py:2968} INFO - Setting next_dagrun for example_task_group_decorator to 2024-03-30T10:10:08.470576+00:00, run_after=2024-03-31T10:10:08.470576+00:00
[2024-03-31 10:10:08,490] {processor.py:161} INFO - Processing /opt/conda/lib/python3.8/site-packages/airflow/example_dags/example_task_group_decorator.py took 0.080 seconds
[2024-03-31 10:12:41,733] {processor.py:153} INFO - Started process (PID=1404) to work on /opt/conda/lib/python3.8/site-packages/airflow/example_dags/example_task_group_decorator.py
[2024-03-31 10:12:41,735] {processor.py:641} INFO - Processing file /opt/conda/lib/python3.8/site-packages/airflow/example_dags/example_task_group_decorator.py for tasks to queue
[2024-03-31 10:12:41,735] {logging_mixin.py:115} INFO - [2024-03-31 10:12:41,735] {dagbag.py:508} INFO - Filling up the DagBag from /opt/conda/lib/python3.8/site-packages/airflow/example_dags/example_task_group_decorator.py
[2024-03-31 10:12:41,762] {processor.py:651} INFO - DAG(s) dict_keys(['example_task_group_decorator']) retrieved from /opt/conda/lib/python3.8/site-packages/airflow/example_dags/example_task_group_decorator.py
[2024-03-31 10:12:41,800] {logging_mixin.py:115} INFO - [2024-03-31 10:12:41,800] {dag.py:2420} INFO - Sync 1 DAGs
[2024-03-31 10:12:41,813] {logging_mixin.py:115} INFO - [2024-03-31 10:12:41,813] {dag.py:2968} INFO - Setting next_dagrun for example_task_group_decorator to 2024-03-30T10:12:41.813110+00:00, run_after=2024-03-31T10:12:41.813110+00:00
[2024-03-31 10:12:41,834] {processor.py:161} INFO - Processing /opt/conda/lib/python3.8/site-packages/airflow/example_dags/example_task_group_decorator.py took 0.105 seconds
[2024-03-31 10:13:17,642] {processor.py:153} INFO - Started process (PID=1440) to work on /opt/conda/lib/python3.8/site-packages/airflow/example_dags/example_task_group_decorator.py
[2024-03-31 10:13:17,644] {processor.py:641} INFO - Processing file /opt/conda/lib/python3.8/site-packages/airflow/example_dags/example_task_group_decorator.py for tasks to queue
[2024-03-31 10:13:17,645] {logging_mixin.py:115} INFO - [2024-03-31 10:13:17,645] {dagbag.py:508} INFO - Filling up the DagBag from /opt/conda/lib/python3.8/site-packages/airflow/example_dags/example_task_group_decorator.py
[2024-03-31 10:13:17,673] {processor.py:651} INFO - DAG(s) dict_keys(['example_task_group_decorator']) retrieved from /opt/conda/lib/python3.8/site-packages/airflow/example_dags/example_task_group_decorator.py
[2024-03-31 10:13:17,714] {logging_mixin.py:115} INFO - [2024-03-31 10:13:17,714] {dag.py:2420} INFO - Sync 1 DAGs
[2024-03-31 10:13:17,727] {logging_mixin.py:115} INFO - [2024-03-31 10:13:17,727] {dag.py:2968} INFO - Setting next_dagrun for example_task_group_decorator to 2024-03-30T10:13:17.727007+00:00, run_after=2024-03-31T10:13:17.727007+00:00
[2024-03-31 10:13:17,748] {processor.py:161} INFO - Processing /opt/conda/lib/python3.8/site-packages/airflow/example_dags/example_task_group_decorator.py took 0.110 seconds
[2024-03-31 10:28:23,695] {processor.py:153} INFO - Started process (PID=1611) to work on /opt/conda/lib/python3.8/site-packages/airflow/example_dags/example_task_group_decorator.py
[2024-03-31 10:28:23,698] {processor.py:641} INFO - Processing file /opt/conda/lib/python3.8/site-packages/airflow/example_dags/example_task_group_decorator.py for tasks to queue
[2024-03-31 10:28:23,699] {logging_mixin.py:115} INFO - [2024-03-31 10:28:23,699] {dagbag.py:508} INFO - Filling up the DagBag from /opt/conda/lib/python3.8/site-packages/airflow/example_dags/example_task_group_decorator.py
[2024-03-31 10:28:23,723] {processor.py:651} INFO - DAG(s) dict_keys(['example_task_group_decorator']) retrieved from /opt/conda/lib/python3.8/site-packages/airflow/example_dags/example_task_group_decorator.py
[2024-03-31 10:28:23,759] {logging_mixin.py:115} INFO - [2024-03-31 10:28:23,759] {dag.py:2420} INFO - Sync 1 DAGs
[2024-03-31 10:28:23,772] {logging_mixin.py:115} INFO - [2024-03-31 10:28:23,771] {dag.py:2968} INFO - Setting next_dagrun for example_task_group_decorator to 2024-03-30T10:28:23.771710+00:00, run_after=2024-03-31T10:28:23.771710+00:00
[2024-03-31 10:28:23,814] {processor.py:161} INFO - Processing /opt/conda/lib/python3.8/site-packages/airflow/example_dags/example_task_group_decorator.py took 0.122 seconds
[2024-03-31 10:29:02,377] {processor.py:153} INFO - Started process (PID=1664) to work on /opt/conda/lib/python3.8/site-packages/airflow/example_dags/example_task_group_decorator.py
[2024-03-31 10:29:02,379] {processor.py:641} INFO - Processing file /opt/conda/lib/python3.8/site-packages/airflow/example_dags/example_task_group_decorator.py for tasks to queue
[2024-03-31 10:29:02,379] {logging_mixin.py:115} INFO - [2024-03-31 10:29:02,379] {dagbag.py:508} INFO - Filling up the DagBag from /opt/conda/lib/python3.8/site-packages/airflow/example_dags/example_task_group_decorator.py
[2024-03-31 10:29:02,406] {processor.py:651} INFO - DAG(s) dict_keys(['example_task_group_decorator']) retrieved from /opt/conda/lib/python3.8/site-packages/airflow/example_dags/example_task_group_decorator.py
[2024-03-31 10:29:02,445] {logging_mixin.py:115} INFO - [2024-03-31 10:29:02,445] {dag.py:2420} INFO - Sync 1 DAGs
[2024-03-31 10:29:02,458] {logging_mixin.py:115} INFO - [2024-03-31 10:29:02,458] {dag.py:2968} INFO - Setting next_dagrun for example_task_group_decorator to 2024-03-30T10:29:02.458216+00:00, run_after=2024-03-31T10:29:02.458216+00:00
[2024-03-31 10:29:02,479] {processor.py:161} INFO - Processing /opt/conda/lib/python3.8/site-packages/airflow/example_dags/example_task_group_decorator.py took 0.105 seconds
[2024-03-31 10:29:41,112] {processor.py:153} INFO - Started process (PID=1717) to work on /opt/conda/lib/python3.8/site-packages/airflow/example_dags/example_task_group_decorator.py
[2024-03-31 10:29:41,114] {processor.py:641} INFO - Processing file /opt/conda/lib/python3.8/site-packages/airflow/example_dags/example_task_group_decorator.py for tasks to queue
[2024-03-31 10:29:41,114] {logging_mixin.py:115} INFO - [2024-03-31 10:29:41,114] {dagbag.py:508} INFO - Filling up the DagBag from /opt/conda/lib/python3.8/site-packages/airflow/example_dags/example_task_group_decorator.py
[2024-03-31 10:29:41,142] {processor.py:651} INFO - DAG(s) dict_keys(['example_task_group_decorator']) retrieved from /opt/conda/lib/python3.8/site-packages/airflow/example_dags/example_task_group_decorator.py
[2024-03-31 10:29:41,183] {logging_mixin.py:115} INFO - [2024-03-31 10:29:41,183] {dag.py:2420} INFO - Sync 1 DAGs
[2024-03-31 10:29:41,197] {logging_mixin.py:115} INFO - [2024-03-31 10:29:41,197] {dag.py:2968} INFO - Setting next_dagrun for example_task_group_decorator to 2024-03-30T10:29:41.196969+00:00, run_after=2024-03-31T10:29:41.196969+00:00
[2024-03-31 10:29:41,218] {processor.py:161} INFO - Processing /opt/conda/lib/python3.8/site-packages/airflow/example_dags/example_task_group_decorator.py took 0.109 seconds
[2024-03-31 10:30:46,536] {processor.py:153} INFO - Started process (PID=1837) to work on /opt/conda/lib/python3.8/site-packages/airflow/example_dags/example_task_group_decorator.py
[2024-03-31 10:30:46,538] {processor.py:641} INFO - Processing file /opt/conda/lib/python3.8/site-packages/airflow/example_dags/example_task_group_decorator.py for tasks to queue
[2024-03-31 10:30:46,538] {logging_mixin.py:115} INFO - [2024-03-31 10:30:46,538] {dagbag.py:508} INFO - Filling up the DagBag from /opt/conda/lib/python3.8/site-packages/airflow/example_dags/example_task_group_decorator.py
[2024-03-31 10:30:46,566] {processor.py:651} INFO - DAG(s) dict_keys(['example_task_group_decorator']) retrieved from /opt/conda/lib/python3.8/site-packages/airflow/example_dags/example_task_group_decorator.py
[2024-03-31 10:30:46,603] {logging_mixin.py:115} INFO - [2024-03-31 10:30:46,603] {dag.py:2420} INFO - Sync 1 DAGs
[2024-03-31 10:30:46,617] {logging_mixin.py:115} INFO - [2024-03-31 10:30:46,617] {dag.py:2968} INFO - Setting next_dagrun for example_task_group_decorator to 2024-03-30T10:30:46.616940+00:00, run_after=2024-03-31T10:30:46.616940+00:00
[2024-03-31 10:30:46,637] {processor.py:161} INFO - Processing /opt/conda/lib/python3.8/site-packages/airflow/example_dags/example_task_group_decorator.py took 0.104 seconds
[2024-03-31 10:31:25,716] {processor.py:153} INFO - Started process (PID=1890) to work on /opt/conda/lib/python3.8/site-packages/airflow/example_dags/example_task_group_decorator.py
[2024-03-31 10:31:25,718] {processor.py:641} INFO - Processing file /opt/conda/lib/python3.8/site-packages/airflow/example_dags/example_task_group_decorator.py for tasks to queue
[2024-03-31 10:31:25,719] {logging_mixin.py:115} INFO - [2024-03-31 10:31:25,719] {dagbag.py:508} INFO - Filling up the DagBag from /opt/conda/lib/python3.8/site-packages/airflow/example_dags/example_task_group_decorator.py
[2024-03-31 10:31:25,746] {processor.py:651} INFO - DAG(s) dict_keys(['example_task_group_decorator']) retrieved from /opt/conda/lib/python3.8/site-packages/airflow/example_dags/example_task_group_decorator.py
[2024-03-31 10:31:25,787] {logging_mixin.py:115} INFO - [2024-03-31 10:31:25,787] {dag.py:2420} INFO - Sync 1 DAGs
[2024-03-31 10:31:25,800] {logging_mixin.py:115} INFO - [2024-03-31 10:31:25,800] {dag.py:2968} INFO - Setting next_dagrun for example_task_group_decorator to 2024-03-30T10:31:25.800289+00:00, run_after=2024-03-31T10:31:25.800289+00:00
[2024-03-31 10:31:25,820] {processor.py:161} INFO - Processing /opt/conda/lib/python3.8/site-packages/airflow/example_dags/example_task_group_decorator.py took 0.107 seconds
[2024-03-31 10:32:30,522] {processor.py:153} INFO - Started process (PID=2161) to work on /opt/conda/lib/python3.8/site-packages/airflow/example_dags/example_task_group_decorator.py
[2024-03-31 10:32:30,524] {processor.py:641} INFO - Processing file /opt/conda/lib/python3.8/site-packages/airflow/example_dags/example_task_group_decorator.py for tasks to queue
[2024-03-31 10:32:30,524] {logging_mixin.py:115} INFO - [2024-03-31 10:32:30,524] {dagbag.py:508} INFO - Filling up the DagBag from /opt/conda/lib/python3.8/site-packages/airflow/example_dags/example_task_group_decorator.py
[2024-03-31 10:32:30,548] {processor.py:651} INFO - DAG(s) dict_keys(['example_task_group_decorator']) retrieved from /opt/conda/lib/python3.8/site-packages/airflow/example_dags/example_task_group_decorator.py
[2024-03-31 10:32:30,583] {logging_mixin.py:115} INFO - [2024-03-31 10:32:30,583] {dag.py:2420} INFO - Sync 1 DAGs
[2024-03-31 10:32:30,595] {logging_mixin.py:115} INFO - [2024-03-31 10:32:30,595] {dag.py:2968} INFO - Setting next_dagrun for example_task_group_decorator to 2024-03-30T10:32:30.595640+00:00, run_after=2024-03-31T10:32:30.595640+00:00
[2024-03-31 10:32:30,617] {processor.py:161} INFO - Processing /opt/conda/lib/python3.8/site-packages/airflow/example_dags/example_task_group_decorator.py took 0.098 seconds
[2024-03-31 10:33:13,317] {processor.py:153} INFO - Started process (PID=2304) to work on /opt/conda/lib/python3.8/site-packages/airflow/example_dags/example_task_group_decorator.py
[2024-03-31 10:33:13,318] {processor.py:641} INFO - Processing file /opt/conda/lib/python3.8/site-packages/airflow/example_dags/example_task_group_decorator.py for tasks to queue
[2024-03-31 10:33:13,319] {logging_mixin.py:115} INFO - [2024-03-31 10:33:13,319] {dagbag.py:508} INFO - Filling up the DagBag from /opt/conda/lib/python3.8/site-packages/airflow/example_dags/example_task_group_decorator.py
[2024-03-31 10:33:13,345] {processor.py:651} INFO - DAG(s) dict_keys(['example_task_group_decorator']) retrieved from /opt/conda/lib/python3.8/site-packages/airflow/example_dags/example_task_group_decorator.py
[2024-03-31 10:33:13,381] {logging_mixin.py:115} INFO - [2024-03-31 10:33:13,381] {dag.py:2420} INFO - Sync 1 DAGs
[2024-03-31 10:33:13,393] {logging_mixin.py:115} INFO - [2024-03-31 10:33:13,393] {dag.py:2968} INFO - Setting next_dagrun for example_task_group_decorator to 2024-03-30T10:33:13.393543+00:00, run_after=2024-03-31T10:33:13.393543+00:00
[2024-03-31 10:33:13,416] {processor.py:161} INFO - Processing /opt/conda/lib/python3.8/site-packages/airflow/example_dags/example_task_group_decorator.py took 0.103 seconds
[2024-03-31 10:33:52,033] {processor.py:153} INFO - Started process (PID=2361) to work on /opt/conda/lib/python3.8/site-packages/airflow/example_dags/example_task_group_decorator.py
[2024-03-31 10:33:52,035] {processor.py:641} INFO - Processing file /opt/conda/lib/python3.8/site-packages/airflow/example_dags/example_task_group_decorator.py for tasks to queue
[2024-03-31 10:33:52,036] {logging_mixin.py:115} INFO - [2024-03-31 10:33:52,036] {dagbag.py:508} INFO - Filling up the DagBag from /opt/conda/lib/python3.8/site-packages/airflow/example_dags/example_task_group_decorator.py
[2024-03-31 10:33:52,065] {processor.py:651} INFO - DAG(s) dict_keys(['example_task_group_decorator']) retrieved from /opt/conda/lib/python3.8/site-packages/airflow/example_dags/example_task_group_decorator.py
[2024-03-31 10:33:52,107] {logging_mixin.py:115} INFO - [2024-03-31 10:33:52,107] {dag.py:2420} INFO - Sync 1 DAGs
[2024-03-31 10:33:52,120] {logging_mixin.py:115} INFO - [2024-03-31 10:33:52,120] {dag.py:2968} INFO - Setting next_dagrun for example_task_group_decorator to 2024-03-30T10:33:52.120519+00:00, run_after=2024-03-31T10:33:52.120519+00:00
[2024-03-31 10:33:52,141] {processor.py:161} INFO - Processing /opt/conda/lib/python3.8/site-packages/airflow/example_dags/example_task_group_decorator.py took 0.111 seconds
