[2024-03-31 10:04:09,289] {processor.py:153} INFO - Started process (PID=931) to work on /opt/conda/lib/python3.8/site-packages/airflow/example_dags/example_branch_operator_decorator.py
[2024-03-31 10:04:09,290] {processor.py:641} INFO - Processing file /opt/conda/lib/python3.8/site-packages/airflow/example_dags/example_branch_operator_decorator.py for tasks to queue
[2024-03-31 10:04:09,291] {logging_mixin.py:115} INFO - [2024-03-31 10:04:09,291] {dagbag.py:508} INFO - Filling up the DagBag from /opt/conda/lib/python3.8/site-packages/airflow/example_dags/example_branch_operator_decorator.py
[2024-03-31 10:04:09,307] {processor.py:651} INFO - DAG(s) dict_keys(['example_branch_python_operator_decorator']) retrieved from /opt/conda/lib/python3.8/site-packages/airflow/example_dags/example_branch_operator_decorator.py
[2024-03-31 10:04:09,375] {logging_mixin.py:115} INFO - [2024-03-31 10:04:09,375] {manager.py:508} INFO - Created Permission View: can delete on DAG:example_branch_python_operator_decorator
[2024-03-31 10:04:09,391] {logging_mixin.py:115} INFO - [2024-03-31 10:04:09,391] {manager.py:508} INFO - Created Permission View: can read on DAG:example_branch_python_operator_decorator
[2024-03-31 10:04:09,406] {logging_mixin.py:115} INFO - [2024-03-31 10:04:09,406] {manager.py:508} INFO - Created Permission View: can edit on DAG:example_branch_python_operator_decorator
[2024-03-31 10:04:09,406] {logging_mixin.py:115} INFO - [2024-03-31 10:04:09,406] {dag.py:2420} INFO - Sync 1 DAGs
[2024-03-31 10:04:09,411] {logging_mixin.py:115} INFO - [2024-03-31 10:04:09,411] {dag.py:2439} INFO - Creating ORM DAG for example_branch_python_operator_decorator
[2024-03-31 10:04:09,418] {logging_mixin.py:115} INFO - [2024-03-31 10:04:09,418] {dag.py:2968} INFO - Setting next_dagrun for example_branch_python_operator_decorator to 2024-03-30T00:00:00+00:00, run_after=2024-03-31T00:00:00+00:00
[2024-03-31 10:04:09,441] {processor.py:161} INFO - Processing /opt/conda/lib/python3.8/site-packages/airflow/example_dags/example_branch_operator_decorator.py took 0.153 seconds
[2024-03-31 10:04:50,726] {processor.py:153} INFO - Started process (PID=965) to work on /opt/conda/lib/python3.8/site-packages/airflow/example_dags/example_branch_operator_decorator.py
[2024-03-31 10:04:50,728] {processor.py:641} INFO - Processing file /opt/conda/lib/python3.8/site-packages/airflow/example_dags/example_branch_operator_decorator.py for tasks to queue
[2024-03-31 10:04:50,728] {logging_mixin.py:115} INFO - [2024-03-31 10:04:50,728] {dagbag.py:508} INFO - Filling up the DagBag from /opt/conda/lib/python3.8/site-packages/airflow/example_dags/example_branch_operator_decorator.py
[2024-03-31 10:04:50,748] {processor.py:651} INFO - DAG(s) dict_keys(['example_branch_python_operator_decorator']) retrieved from /opt/conda/lib/python3.8/site-packages/airflow/example_dags/example_branch_operator_decorator.py
[2024-03-31 10:04:50,762] {logging_mixin.py:115} INFO - [2024-03-31 10:04:50,762] {dag.py:2420} INFO - Sync 1 DAGs
[2024-03-31 10:04:50,777] {logging_mixin.py:115} INFO - [2024-03-31 10:04:50,777] {dag.py:2968} INFO - Setting next_dagrun for example_branch_python_operator_decorator to 2024-03-30T00:00:00+00:00, run_after=2024-03-31T00:00:00+00:00
[2024-03-31 10:04:50,796] {processor.py:161} INFO - Processing /opt/conda/lib/python3.8/site-packages/airflow/example_dags/example_branch_operator_decorator.py took 0.073 seconds
[2024-03-31 10:05:26,350] {processor.py:153} INFO - Started process (PID=999) to work on /opt/conda/lib/python3.8/site-packages/airflow/example_dags/example_branch_operator_decorator.py
[2024-03-31 10:05:26,351] {processor.py:641} INFO - Processing file /opt/conda/lib/python3.8/site-packages/airflow/example_dags/example_branch_operator_decorator.py for tasks to queue
[2024-03-31 10:05:26,352] {logging_mixin.py:115} INFO - [2024-03-31 10:05:26,352] {dagbag.py:508} INFO - Filling up the DagBag from /opt/conda/lib/python3.8/site-packages/airflow/example_dags/example_branch_operator_decorator.py
[2024-03-31 10:05:26,371] {processor.py:651} INFO - DAG(s) dict_keys(['example_branch_python_operator_decorator']) retrieved from /opt/conda/lib/python3.8/site-packages/airflow/example_dags/example_branch_operator_decorator.py
[2024-03-31 10:05:26,386] {logging_mixin.py:115} INFO - [2024-03-31 10:05:26,386] {dag.py:2420} INFO - Sync 1 DAGs
[2024-03-31 10:05:26,401] {logging_mixin.py:115} INFO - [2024-03-31 10:05:26,401] {dag.py:2968} INFO - Setting next_dagrun for example_branch_python_operator_decorator to 2024-03-30T00:00:00+00:00, run_after=2024-03-31T00:00:00+00:00
[2024-03-31 10:05:26,445] {processor.py:161} INFO - Processing /opt/conda/lib/python3.8/site-packages/airflow/example_dags/example_branch_operator_decorator.py took 0.099 seconds
[2024-03-31 10:06:01,602] {processor.py:153} INFO - Started process (PID=1033) to work on /opt/conda/lib/python3.8/site-packages/airflow/example_dags/example_branch_operator_decorator.py
[2024-03-31 10:06:01,604] {processor.py:641} INFO - Processing file /opt/conda/lib/python3.8/site-packages/airflow/example_dags/example_branch_operator_decorator.py for tasks to queue
[2024-03-31 10:06:01,604] {logging_mixin.py:115} INFO - [2024-03-31 10:06:01,604] {dagbag.py:508} INFO - Filling up the DagBag from /opt/conda/lib/python3.8/site-packages/airflow/example_dags/example_branch_operator_decorator.py
[2024-03-31 10:06:01,624] {processor.py:651} INFO - DAG(s) dict_keys(['example_branch_python_operator_decorator']) retrieved from /opt/conda/lib/python3.8/site-packages/airflow/example_dags/example_branch_operator_decorator.py
[2024-03-31 10:06:01,638] {logging_mixin.py:115} INFO - [2024-03-31 10:06:01,638] {dag.py:2420} INFO - Sync 1 DAGs
[2024-03-31 10:06:01,653] {logging_mixin.py:115} INFO - [2024-03-31 10:06:01,653] {dag.py:2968} INFO - Setting next_dagrun for example_branch_python_operator_decorator to 2024-03-30T00:00:00+00:00, run_after=2024-03-31T00:00:00+00:00
[2024-03-31 10:06:01,673] {processor.py:161} INFO - Processing /opt/conda/lib/python3.8/site-packages/airflow/example_dags/example_branch_operator_decorator.py took 0.074 seconds
[2024-03-31 10:06:35,464] {processor.py:153} INFO - Started process (PID=1067) to work on /opt/conda/lib/python3.8/site-packages/airflow/example_dags/example_branch_operator_decorator.py
[2024-03-31 10:06:35,465] {processor.py:641} INFO - Processing file /opt/conda/lib/python3.8/site-packages/airflow/example_dags/example_branch_operator_decorator.py for tasks to queue
[2024-03-31 10:06:35,465] {logging_mixin.py:115} INFO - [2024-03-31 10:06:35,465] {dagbag.py:508} INFO - Filling up the DagBag from /opt/conda/lib/python3.8/site-packages/airflow/example_dags/example_branch_operator_decorator.py
[2024-03-31 10:06:35,486] {processor.py:651} INFO - DAG(s) dict_keys(['example_branch_python_operator_decorator']) retrieved from /opt/conda/lib/python3.8/site-packages/airflow/example_dags/example_branch_operator_decorator.py
[2024-03-31 10:06:35,504] {logging_mixin.py:115} INFO - [2024-03-31 10:06:35,504] {dag.py:2420} INFO - Sync 1 DAGs
[2024-03-31 10:06:35,525] {logging_mixin.py:115} INFO - [2024-03-31 10:06:35,525] {dag.py:2968} INFO - Setting next_dagrun for example_branch_python_operator_decorator to 2024-03-30T00:00:00+00:00, run_after=2024-03-31T00:00:00+00:00
[2024-03-31 10:06:35,547] {processor.py:161} INFO - Processing /opt/conda/lib/python3.8/site-packages/airflow/example_dags/example_branch_operator_decorator.py took 0.086 seconds
[2024-03-31 10:07:07,810] {processor.py:153} INFO - Started process (PID=1100) to work on /opt/conda/lib/python3.8/site-packages/airflow/example_dags/example_branch_operator_decorator.py
[2024-03-31 10:07:07,812] {processor.py:641} INFO - Processing file /opt/conda/lib/python3.8/site-packages/airflow/example_dags/example_branch_operator_decorator.py for tasks to queue
[2024-03-31 10:07:07,813] {logging_mixin.py:115} INFO - [2024-03-31 10:07:07,813] {dagbag.py:508} INFO - Filling up the DagBag from /opt/conda/lib/python3.8/site-packages/airflow/example_dags/example_branch_operator_decorator.py
[2024-03-31 10:07:07,834] {processor.py:651} INFO - DAG(s) dict_keys(['example_branch_python_operator_decorator']) retrieved from /opt/conda/lib/python3.8/site-packages/airflow/example_dags/example_branch_operator_decorator.py
[2024-03-31 10:07:07,853] {logging_mixin.py:115} INFO - [2024-03-31 10:07:07,853] {dag.py:2420} INFO - Sync 1 DAGs
[2024-03-31 10:07:07,870] {logging_mixin.py:115} INFO - [2024-03-31 10:07:07,870] {dag.py:2968} INFO - Setting next_dagrun for example_branch_python_operator_decorator to 2024-03-30T00:00:00+00:00, run_after=2024-03-31T00:00:00+00:00
[2024-03-31 10:07:07,890] {processor.py:161} INFO - Processing /opt/conda/lib/python3.8/site-packages/airflow/example_dags/example_branch_operator_decorator.py took 0.083 seconds
[2024-03-31 10:07:41,388] {processor.py:153} INFO - Started process (PID=1134) to work on /opt/conda/lib/python3.8/site-packages/airflow/example_dags/example_branch_operator_decorator.py
[2024-03-31 10:07:41,390] {processor.py:641} INFO - Processing file /opt/conda/lib/python3.8/site-packages/airflow/example_dags/example_branch_operator_decorator.py for tasks to queue
[2024-03-31 10:07:41,390] {logging_mixin.py:115} INFO - [2024-03-31 10:07:41,390] {dagbag.py:508} INFO - Filling up the DagBag from /opt/conda/lib/python3.8/site-packages/airflow/example_dags/example_branch_operator_decorator.py
[2024-03-31 10:07:41,410] {processor.py:651} INFO - DAG(s) dict_keys(['example_branch_python_operator_decorator']) retrieved from /opt/conda/lib/python3.8/site-packages/airflow/example_dags/example_branch_operator_decorator.py
[2024-03-31 10:07:41,424] {logging_mixin.py:115} INFO - [2024-03-31 10:07:41,424] {dag.py:2420} INFO - Sync 1 DAGs
[2024-03-31 10:07:41,439] {logging_mixin.py:115} INFO - [2024-03-31 10:07:41,439] {dag.py:2968} INFO - Setting next_dagrun for example_branch_python_operator_decorator to 2024-03-30T00:00:00+00:00, run_after=2024-03-31T00:00:00+00:00
[2024-03-31 10:07:41,458] {processor.py:161} INFO - Processing /opt/conda/lib/python3.8/site-packages/airflow/example_dags/example_branch_operator_decorator.py took 0.074 seconds
[2024-03-31 10:08:16,524] {processor.py:153} INFO - Started process (PID=1173) to work on /opt/conda/lib/python3.8/site-packages/airflow/example_dags/example_branch_operator_decorator.py
[2024-03-31 10:08:16,526] {processor.py:641} INFO - Processing file /opt/conda/lib/python3.8/site-packages/airflow/example_dags/example_branch_operator_decorator.py for tasks to queue
[2024-03-31 10:08:16,526] {logging_mixin.py:115} INFO - [2024-03-31 10:08:16,526] {dagbag.py:508} INFO - Filling up the DagBag from /opt/conda/lib/python3.8/site-packages/airflow/example_dags/example_branch_operator_decorator.py
[2024-03-31 10:08:16,546] {processor.py:651} INFO - DAG(s) dict_keys(['example_branch_python_operator_decorator']) retrieved from /opt/conda/lib/python3.8/site-packages/airflow/example_dags/example_branch_operator_decorator.py
[2024-03-31 10:08:16,561] {logging_mixin.py:115} INFO - [2024-03-31 10:08:16,560] {dag.py:2420} INFO - Sync 1 DAGs
[2024-03-31 10:08:16,575] {logging_mixin.py:115} INFO - [2024-03-31 10:08:16,575] {dag.py:2968} INFO - Setting next_dagrun for example_branch_python_operator_decorator to 2024-03-30T00:00:00+00:00, run_after=2024-03-31T00:00:00+00:00
[2024-03-31 10:08:16,595] {processor.py:161} INFO - Processing /opt/conda/lib/python3.8/site-packages/airflow/example_dags/example_branch_operator_decorator.py took 0.074 seconds
[2024-03-31 10:08:50,432] {processor.py:153} INFO - Started process (PID=1207) to work on /opt/conda/lib/python3.8/site-packages/airflow/example_dags/example_branch_operator_decorator.py
[2024-03-31 10:08:50,432] {processor.py:641} INFO - Processing file /opt/conda/lib/python3.8/site-packages/airflow/example_dags/example_branch_operator_decorator.py for tasks to queue
[2024-03-31 10:08:50,433] {logging_mixin.py:115} INFO - [2024-03-31 10:08:50,433] {dagbag.py:508} INFO - Filling up the DagBag from /opt/conda/lib/python3.8/site-packages/airflow/example_dags/example_branch_operator_decorator.py
[2024-03-31 10:08:50,454] {processor.py:651} INFO - DAG(s) dict_keys(['example_branch_python_operator_decorator']) retrieved from /opt/conda/lib/python3.8/site-packages/airflow/example_dags/example_branch_operator_decorator.py
[2024-03-31 10:08:50,472] {logging_mixin.py:115} INFO - [2024-03-31 10:08:50,472] {dag.py:2420} INFO - Sync 1 DAGs
[2024-03-31 10:08:50,488] {logging_mixin.py:115} INFO - [2024-03-31 10:08:50,488] {dag.py:2968} INFO - Setting next_dagrun for example_branch_python_operator_decorator to 2024-03-30T00:00:00+00:00, run_after=2024-03-31T00:00:00+00:00
[2024-03-31 10:08:50,508] {processor.py:161} INFO - Processing /opt/conda/lib/python3.8/site-packages/airflow/example_dags/example_branch_operator_decorator.py took 0.079 seconds
[2024-03-31 10:09:22,905] {processor.py:153} INFO - Started process (PID=1239) to work on /opt/conda/lib/python3.8/site-packages/airflow/example_dags/example_branch_operator_decorator.py
[2024-03-31 10:09:22,907] {processor.py:641} INFO - Processing file /opt/conda/lib/python3.8/site-packages/airflow/example_dags/example_branch_operator_decorator.py for tasks to queue
[2024-03-31 10:09:22,908] {logging_mixin.py:115} INFO - [2024-03-31 10:09:22,908] {dagbag.py:508} INFO - Filling up the DagBag from /opt/conda/lib/python3.8/site-packages/airflow/example_dags/example_branch_operator_decorator.py
[2024-03-31 10:09:22,927] {processor.py:651} INFO - DAG(s) dict_keys(['example_branch_python_operator_decorator']) retrieved from /opt/conda/lib/python3.8/site-packages/airflow/example_dags/example_branch_operator_decorator.py
[2024-03-31 10:09:22,941] {logging_mixin.py:115} INFO - [2024-03-31 10:09:22,941] {dag.py:2420} INFO - Sync 1 DAGs
[2024-03-31 10:09:22,957] {logging_mixin.py:115} INFO - [2024-03-31 10:09:22,957] {dag.py:2968} INFO - Setting next_dagrun for example_branch_python_operator_decorator to 2024-03-30T00:00:00+00:00, run_after=2024-03-31T00:00:00+00:00
[2024-03-31 10:09:22,977] {processor.py:161} INFO - Processing /opt/conda/lib/python3.8/site-packages/airflow/example_dags/example_branch_operator_decorator.py took 0.075 seconds
[2024-03-31 10:09:57,501] {processor.py:153} INFO - Started process (PID=1273) to work on /opt/conda/lib/python3.8/site-packages/airflow/example_dags/example_branch_operator_decorator.py
[2024-03-31 10:09:57,504] {processor.py:641} INFO - Processing file /opt/conda/lib/python3.8/site-packages/airflow/example_dags/example_branch_operator_decorator.py for tasks to queue
[2024-03-31 10:09:57,505] {logging_mixin.py:115} INFO - [2024-03-31 10:09:57,505] {dagbag.py:508} INFO - Filling up the DagBag from /opt/conda/lib/python3.8/site-packages/airflow/example_dags/example_branch_operator_decorator.py
[2024-03-31 10:09:57,524] {processor.py:651} INFO - DAG(s) dict_keys(['example_branch_python_operator_decorator']) retrieved from /opt/conda/lib/python3.8/site-packages/airflow/example_dags/example_branch_operator_decorator.py
[2024-03-31 10:09:57,538] {logging_mixin.py:115} INFO - [2024-03-31 10:09:57,538] {dag.py:2420} INFO - Sync 1 DAGs
[2024-03-31 10:09:57,552] {logging_mixin.py:115} INFO - [2024-03-31 10:09:57,552] {dag.py:2968} INFO - Setting next_dagrun for example_branch_python_operator_decorator to 2024-03-30T00:00:00+00:00, run_after=2024-03-31T00:00:00+00:00
[2024-03-31 10:09:57,572] {processor.py:161} INFO - Processing /opt/conda/lib/python3.8/site-packages/airflow/example_dags/example_branch_operator_decorator.py took 0.074 seconds
[2024-03-31 10:12:33,040] {processor.py:153} INFO - Started process (PID=1395) to work on /opt/conda/lib/python3.8/site-packages/airflow/example_dags/example_branch_operator_decorator.py
[2024-03-31 10:12:33,042] {processor.py:641} INFO - Processing file /opt/conda/lib/python3.8/site-packages/airflow/example_dags/example_branch_operator_decorator.py for tasks to queue
[2024-03-31 10:12:33,043] {logging_mixin.py:115} INFO - [2024-03-31 10:12:33,042] {dagbag.py:508} INFO - Filling up the DagBag from /opt/conda/lib/python3.8/site-packages/airflow/example_dags/example_branch_operator_decorator.py
[2024-03-31 10:12:33,062] {processor.py:651} INFO - DAG(s) dict_keys(['example_branch_python_operator_decorator']) retrieved from /opt/conda/lib/python3.8/site-packages/airflow/example_dags/example_branch_operator_decorator.py
[2024-03-31 10:12:33,078] {logging_mixin.py:115} INFO - [2024-03-31 10:12:33,078] {dag.py:2420} INFO - Sync 1 DAGs
[2024-03-31 10:12:33,093] {logging_mixin.py:115} INFO - [2024-03-31 10:12:33,093] {dag.py:2968} INFO - Setting next_dagrun for example_branch_python_operator_decorator to 2024-03-30T00:00:00+00:00, run_after=2024-03-31T00:00:00+00:00
[2024-03-31 10:12:33,113] {processor.py:161} INFO - Processing /opt/conda/lib/python3.8/site-packages/airflow/example_dags/example_branch_operator_decorator.py took 0.076 seconds
[2024-03-31 10:13:08,944] {processor.py:153} INFO - Started process (PID=1431) to work on /opt/conda/lib/python3.8/site-packages/airflow/example_dags/example_branch_operator_decorator.py
[2024-03-31 10:13:08,946] {processor.py:641} INFO - Processing file /opt/conda/lib/python3.8/site-packages/airflow/example_dags/example_branch_operator_decorator.py for tasks to queue
[2024-03-31 10:13:08,946] {logging_mixin.py:115} INFO - [2024-03-31 10:13:08,946] {dagbag.py:508} INFO - Filling up the DagBag from /opt/conda/lib/python3.8/site-packages/airflow/example_dags/example_branch_operator_decorator.py
[2024-03-31 10:13:08,964] {processor.py:651} INFO - DAG(s) dict_keys(['example_branch_python_operator_decorator']) retrieved from /opt/conda/lib/python3.8/site-packages/airflow/example_dags/example_branch_operator_decorator.py
[2024-03-31 10:13:08,978] {logging_mixin.py:115} INFO - [2024-03-31 10:13:08,978] {dag.py:2420} INFO - Sync 1 DAGs
[2024-03-31 10:13:08,992] {logging_mixin.py:115} INFO - [2024-03-31 10:13:08,992] {dag.py:2968} INFO - Setting next_dagrun for example_branch_python_operator_decorator to 2024-03-30T00:00:00+00:00, run_after=2024-03-31T00:00:00+00:00
[2024-03-31 10:13:09,010] {processor.py:161} INFO - Processing /opt/conda/lib/python3.8/site-packages/airflow/example_dags/example_branch_operator_decorator.py took 0.068 seconds
[2024-03-31 10:28:14,507] {processor.py:153} INFO - Started process (PID=1602) to work on /opt/conda/lib/python3.8/site-packages/airflow/example_dags/example_branch_operator_decorator.py
[2024-03-31 10:28:14,509] {processor.py:641} INFO - Processing file /opt/conda/lib/python3.8/site-packages/airflow/example_dags/example_branch_operator_decorator.py for tasks to queue
[2024-03-31 10:28:14,509] {logging_mixin.py:115} INFO - [2024-03-31 10:28:14,509] {dagbag.py:508} INFO - Filling up the DagBag from /opt/conda/lib/python3.8/site-packages/airflow/example_dags/example_branch_operator_decorator.py
[2024-03-31 10:28:14,527] {processor.py:651} INFO - DAG(s) dict_keys(['example_branch_python_operator_decorator']) retrieved from /opt/conda/lib/python3.8/site-packages/airflow/example_dags/example_branch_operator_decorator.py
[2024-03-31 10:28:14,541] {logging_mixin.py:115} INFO - [2024-03-31 10:28:14,541] {dag.py:2420} INFO - Sync 1 DAGs
[2024-03-31 10:28:14,556] {logging_mixin.py:115} INFO - [2024-03-31 10:28:14,556] {dag.py:2968} INFO - Setting next_dagrun for example_branch_python_operator_decorator to 2024-03-30T00:00:00+00:00, run_after=2024-03-31T00:00:00+00:00
[2024-03-31 10:28:14,574] {processor.py:161} INFO - Processing /opt/conda/lib/python3.8/site-packages/airflow/example_dags/example_branch_operator_decorator.py took 0.070 seconds
[2024-03-31 10:28:53,408] {processor.py:153} INFO - Started process (PID=1655) to work on /opt/conda/lib/python3.8/site-packages/airflow/example_dags/example_branch_operator_decorator.py
[2024-03-31 10:28:53,409] {processor.py:641} INFO - Processing file /opt/conda/lib/python3.8/site-packages/airflow/example_dags/example_branch_operator_decorator.py for tasks to queue
[2024-03-31 10:28:53,410] {logging_mixin.py:115} INFO - [2024-03-31 10:28:53,410] {dagbag.py:508} INFO - Filling up the DagBag from /opt/conda/lib/python3.8/site-packages/airflow/example_dags/example_branch_operator_decorator.py
[2024-03-31 10:28:53,428] {processor.py:651} INFO - DAG(s) dict_keys(['example_branch_python_operator_decorator']) retrieved from /opt/conda/lib/python3.8/site-packages/airflow/example_dags/example_branch_operator_decorator.py
[2024-03-31 10:28:53,442] {logging_mixin.py:115} INFO - [2024-03-31 10:28:53,442] {dag.py:2420} INFO - Sync 1 DAGs
[2024-03-31 10:28:53,457] {logging_mixin.py:115} INFO - [2024-03-31 10:28:53,457] {dag.py:2968} INFO - Setting next_dagrun for example_branch_python_operator_decorator to 2024-03-30T00:00:00+00:00, run_after=2024-03-31T00:00:00+00:00
[2024-03-31 10:28:53,480] {processor.py:161} INFO - Processing /opt/conda/lib/python3.8/site-packages/airflow/example_dags/example_branch_operator_decorator.py took 0.075 seconds
[2024-03-31 10:29:31,227] {processor.py:153} INFO - Started process (PID=1708) to work on /opt/conda/lib/python3.8/site-packages/airflow/example_dags/example_branch_operator_decorator.py
[2024-03-31 10:29:31,229] {processor.py:641} INFO - Processing file /opt/conda/lib/python3.8/site-packages/airflow/example_dags/example_branch_operator_decorator.py for tasks to queue
[2024-03-31 10:29:31,230] {logging_mixin.py:115} INFO - [2024-03-31 10:29:31,229] {dagbag.py:508} INFO - Filling up the DagBag from /opt/conda/lib/python3.8/site-packages/airflow/example_dags/example_branch_operator_decorator.py
[2024-03-31 10:29:31,250] {processor.py:651} INFO - DAG(s) dict_keys(['example_branch_python_operator_decorator']) retrieved from /opt/conda/lib/python3.8/site-packages/airflow/example_dags/example_branch_operator_decorator.py
[2024-03-31 10:29:31,264] {logging_mixin.py:115} INFO - [2024-03-31 10:29:31,264] {dag.py:2420} INFO - Sync 1 DAGs
[2024-03-31 10:29:31,279] {logging_mixin.py:115} INFO - [2024-03-31 10:29:31,279] {dag.py:2968} INFO - Setting next_dagrun for example_branch_python_operator_decorator to 2024-03-30T00:00:00+00:00, run_after=2024-03-31T00:00:00+00:00
[2024-03-31 10:29:31,298] {processor.py:161} INFO - Processing /opt/conda/lib/python3.8/site-packages/airflow/example_dags/example_branch_operator_decorator.py took 0.074 seconds
[2024-03-31 10:30:37,347] {processor.py:153} INFO - Started process (PID=1828) to work on /opt/conda/lib/python3.8/site-packages/airflow/example_dags/example_branch_operator_decorator.py
[2024-03-31 10:30:37,349] {processor.py:641} INFO - Processing file /opt/conda/lib/python3.8/site-packages/airflow/example_dags/example_branch_operator_decorator.py for tasks to queue
[2024-03-31 10:30:37,350] {logging_mixin.py:115} INFO - [2024-03-31 10:30:37,349] {dagbag.py:508} INFO - Filling up the DagBag from /opt/conda/lib/python3.8/site-packages/airflow/example_dags/example_branch_operator_decorator.py
[2024-03-31 10:30:37,368] {processor.py:651} INFO - DAG(s) dict_keys(['example_branch_python_operator_decorator']) retrieved from /opt/conda/lib/python3.8/site-packages/airflow/example_dags/example_branch_operator_decorator.py
[2024-03-31 10:30:37,382] {logging_mixin.py:115} INFO - [2024-03-31 10:30:37,382] {dag.py:2420} INFO - Sync 1 DAGs
[2024-03-31 10:30:37,397] {logging_mixin.py:115} INFO - [2024-03-31 10:30:37,397] {dag.py:2968} INFO - Setting next_dagrun for example_branch_python_operator_decorator to 2024-03-30T00:00:00+00:00, run_after=2024-03-31T00:00:00+00:00
[2024-03-31 10:30:37,416] {processor.py:161} INFO - Processing /opt/conda/lib/python3.8/site-packages/airflow/example_dags/example_branch_operator_decorator.py took 0.072 seconds
[2024-03-31 10:31:15,469] {processor.py:153} INFO - Started process (PID=1881) to work on /opt/conda/lib/python3.8/site-packages/airflow/example_dags/example_branch_operator_decorator.py
[2024-03-31 10:31:15,471] {processor.py:641} INFO - Processing file /opt/conda/lib/python3.8/site-packages/airflow/example_dags/example_branch_operator_decorator.py for tasks to queue
[2024-03-31 10:31:15,471] {logging_mixin.py:115} INFO - [2024-03-31 10:31:15,471] {dagbag.py:508} INFO - Filling up the DagBag from /opt/conda/lib/python3.8/site-packages/airflow/example_dags/example_branch_operator_decorator.py
[2024-03-31 10:31:15,491] {processor.py:651} INFO - DAG(s) dict_keys(['example_branch_python_operator_decorator']) retrieved from /opt/conda/lib/python3.8/site-packages/airflow/example_dags/example_branch_operator_decorator.py
[2024-03-31 10:31:15,508] {logging_mixin.py:115} INFO - [2024-03-31 10:31:15,508] {dag.py:2420} INFO - Sync 1 DAGs
[2024-03-31 10:31:15,528] {logging_mixin.py:115} INFO - [2024-03-31 10:31:15,528] {dag.py:2968} INFO - Setting next_dagrun for example_branch_python_operator_decorator to 2024-03-30T00:00:00+00:00, run_after=2024-03-31T00:00:00+00:00
[2024-03-31 10:31:15,551] {processor.py:161} INFO - Processing /opt/conda/lib/python3.8/site-packages/airflow/example_dags/example_branch_operator_decorator.py took 0.085 seconds
[2024-03-31 10:32:08,773] {processor.py:153} INFO - Started process (PID=1999) to work on /opt/conda/lib/python3.8/site-packages/airflow/example_dags/example_branch_operator_decorator.py
[2024-03-31 10:32:08,775] {processor.py:641} INFO - Processing file /opt/conda/lib/python3.8/site-packages/airflow/example_dags/example_branch_operator_decorator.py for tasks to queue
[2024-03-31 10:32:08,776] {logging_mixin.py:115} INFO - [2024-03-31 10:32:08,776] {dagbag.py:508} INFO - Filling up the DagBag from /opt/conda/lib/python3.8/site-packages/airflow/example_dags/example_branch_operator_decorator.py
[2024-03-31 10:32:08,797] {processor.py:651} INFO - DAG(s) dict_keys(['example_branch_python_operator_decorator']) retrieved from /opt/conda/lib/python3.8/site-packages/airflow/example_dags/example_branch_operator_decorator.py
[2024-03-31 10:32:08,812] {logging_mixin.py:115} INFO - [2024-03-31 10:32:08,812] {dag.py:2420} INFO - Sync 1 DAGs
[2024-03-31 10:32:08,827] {logging_mixin.py:115} INFO - [2024-03-31 10:32:08,827] {dag.py:2968} INFO - Setting next_dagrun for example_branch_python_operator_decorator to 2024-03-30T00:00:00+00:00, run_after=2024-03-31T00:00:00+00:00
[2024-03-31 10:32:08,845] {processor.py:161} INFO - Processing /opt/conda/lib/python3.8/site-packages/airflow/example_dags/example_branch_operator_decorator.py took 0.076 seconds
[2024-03-31 10:33:04,346] {processor.py:153} INFO - Started process (PID=2292) to work on /opt/conda/lib/python3.8/site-packages/airflow/example_dags/example_branch_operator_decorator.py
[2024-03-31 10:33:04,348] {processor.py:641} INFO - Processing file /opt/conda/lib/python3.8/site-packages/airflow/example_dags/example_branch_operator_decorator.py for tasks to queue
[2024-03-31 10:33:04,348] {logging_mixin.py:115} INFO - [2024-03-31 10:33:04,348] {dagbag.py:508} INFO - Filling up the DagBag from /opt/conda/lib/python3.8/site-packages/airflow/example_dags/example_branch_operator_decorator.py
[2024-03-31 10:33:04,367] {processor.py:651} INFO - DAG(s) dict_keys(['example_branch_python_operator_decorator']) retrieved from /opt/conda/lib/python3.8/site-packages/airflow/example_dags/example_branch_operator_decorator.py
[2024-03-31 10:33:04,382] {logging_mixin.py:115} INFO - [2024-03-31 10:33:04,382] {dag.py:2420} INFO - Sync 1 DAGs
[2024-03-31 10:33:04,397] {logging_mixin.py:115} INFO - [2024-03-31 10:33:04,396] {dag.py:2968} INFO - Setting next_dagrun for example_branch_python_operator_decorator to 2024-03-30T00:00:00+00:00, run_after=2024-03-31T00:00:00+00:00
[2024-03-31 10:33:04,415] {processor.py:161} INFO - Processing /opt/conda/lib/python3.8/site-packages/airflow/example_dags/example_branch_operator_decorator.py took 0.072 seconds
[2024-03-31 10:33:44,044] {processor.py:153} INFO - Started process (PID=2352) to work on /opt/conda/lib/python3.8/site-packages/airflow/example_dags/example_branch_operator_decorator.py
[2024-03-31 10:33:44,045] {processor.py:641} INFO - Processing file /opt/conda/lib/python3.8/site-packages/airflow/example_dags/example_branch_operator_decorator.py for tasks to queue
[2024-03-31 10:33:44,046] {logging_mixin.py:115} INFO - [2024-03-31 10:33:44,045] {dagbag.py:508} INFO - Filling up the DagBag from /opt/conda/lib/python3.8/site-packages/airflow/example_dags/example_branch_operator_decorator.py
[2024-03-31 10:33:44,065] {processor.py:651} INFO - DAG(s) dict_keys(['example_branch_python_operator_decorator']) retrieved from /opt/conda/lib/python3.8/site-packages/airflow/example_dags/example_branch_operator_decorator.py
[2024-03-31 10:33:44,081] {logging_mixin.py:115} INFO - [2024-03-31 10:33:44,081] {dag.py:2420} INFO - Sync 1 DAGs
[2024-03-31 10:33:44,100] {logging_mixin.py:115} INFO - [2024-03-31 10:33:44,100] {dag.py:2968} INFO - Setting next_dagrun for example_branch_python_operator_decorator to 2024-03-30T00:00:00+00:00, run_after=2024-03-31T00:00:00+00:00
[2024-03-31 10:33:44,119] {processor.py:161} INFO - Processing /opt/conda/lib/python3.8/site-packages/airflow/example_dags/example_branch_operator_decorator.py took 0.078 seconds
