[2024-03-31 10:04:06,740] {processor.py:153} INFO - Started process (PID=929) to work on /opt/conda/lib/python3.8/site-packages/airflow/example_dags/example_time_delta_sensor_async.py
[2024-03-31 10:04:06,741] {processor.py:641} INFO - Processing file /opt/conda/lib/python3.8/site-packages/airflow/example_dags/example_time_delta_sensor_async.py for tasks to queue
[2024-03-31 10:04:06,741] {logging_mixin.py:115} INFO - [2024-03-31 10:04:06,741] {dagbag.py:508} INFO - Filling up the DagBag from /opt/conda/lib/python3.8/site-packages/airflow/example_dags/example_time_delta_sensor_async.py
[2024-03-31 10:04:06,745] {processor.py:651} INFO - DAG(s) dict_keys(['example_time_delta_sensor_async']) retrieved from /opt/conda/lib/python3.8/site-packages/airflow/example_dags/example_time_delta_sensor_async.py
[2024-03-31 10:04:06,857] {logging_mixin.py:115} INFO - [2024-03-31 10:04:06,857] {manager.py:508} INFO - Created Permission View: can delete on DAG:example_time_delta_sensor_async
[2024-03-31 10:04:06,876] {logging_mixin.py:115} INFO - [2024-03-31 10:04:06,876] {manager.py:508} INFO - Created Permission View: can read on DAG:example_time_delta_sensor_async
[2024-03-31 10:04:06,910] {logging_mixin.py:115} INFO - [2024-03-31 10:04:06,910] {manager.py:508} INFO - Created Permission View: can edit on DAG:example_time_delta_sensor_async
[2024-03-31 10:04:06,910] {logging_mixin.py:115} INFO - [2024-03-31 10:04:06,910] {dag.py:2420} INFO - Sync 1 DAGs
[2024-03-31 10:04:06,918] {logging_mixin.py:115} INFO - [2024-03-31 10:04:06,918] {dag.py:2439} INFO - Creating ORM DAG for example_time_delta_sensor_async
[2024-03-31 10:04:06,926] {logging_mixin.py:115} INFO - [2024-03-31 10:04:06,926] {dag.py:2968} INFO - Setting next_dagrun for example_time_delta_sensor_async to None, run_after=None
[2024-03-31 10:04:06,954] {processor.py:161} INFO - Processing /opt/conda/lib/python3.8/site-packages/airflow/example_dags/example_time_delta_sensor_async.py took 0.215 seconds
[2024-03-31 10:04:48,546] {processor.py:153} INFO - Started process (PID=963) to work on /opt/conda/lib/python3.8/site-packages/airflow/example_dags/example_time_delta_sensor_async.py
[2024-03-31 10:04:48,548] {processor.py:641} INFO - Processing file /opt/conda/lib/python3.8/site-packages/airflow/example_dags/example_time_delta_sensor_async.py for tasks to queue
[2024-03-31 10:04:48,548] {logging_mixin.py:115} INFO - [2024-03-31 10:04:48,548] {dagbag.py:508} INFO - Filling up the DagBag from /opt/conda/lib/python3.8/site-packages/airflow/example_dags/example_time_delta_sensor_async.py
[2024-03-31 10:04:48,554] {processor.py:651} INFO - DAG(s) dict_keys(['example_time_delta_sensor_async']) retrieved from /opt/conda/lib/python3.8/site-packages/airflow/example_dags/example_time_delta_sensor_async.py
[2024-03-31 10:04:48,583] {logging_mixin.py:115} INFO - [2024-03-31 10:04:48,583] {dag.py:2420} INFO - Sync 1 DAGs
[2024-03-31 10:04:48,597] {logging_mixin.py:115} INFO - [2024-03-31 10:04:48,597] {dag.py:2968} INFO - Setting next_dagrun for example_time_delta_sensor_async to None, run_after=None
[2024-03-31 10:04:48,619] {processor.py:161} INFO - Processing /opt/conda/lib/python3.8/site-packages/airflow/example_dags/example_time_delta_sensor_async.py took 0.077 seconds
[2024-03-31 10:05:23,905] {processor.py:153} INFO - Started process (PID=997) to work on /opt/conda/lib/python3.8/site-packages/airflow/example_dags/example_time_delta_sensor_async.py
[2024-03-31 10:05:23,907] {processor.py:641} INFO - Processing file /opt/conda/lib/python3.8/site-packages/airflow/example_dags/example_time_delta_sensor_async.py for tasks to queue
[2024-03-31 10:05:23,908] {logging_mixin.py:115} INFO - [2024-03-31 10:05:23,908] {dagbag.py:508} INFO - Filling up the DagBag from /opt/conda/lib/python3.8/site-packages/airflow/example_dags/example_time_delta_sensor_async.py
[2024-03-31 10:05:23,914] {processor.py:651} INFO - DAG(s) dict_keys(['example_time_delta_sensor_async']) retrieved from /opt/conda/lib/python3.8/site-packages/airflow/example_dags/example_time_delta_sensor_async.py
[2024-03-31 10:05:23,943] {logging_mixin.py:115} INFO - [2024-03-31 10:05:23,942] {dag.py:2420} INFO - Sync 1 DAGs
[2024-03-31 10:05:23,956] {logging_mixin.py:115} INFO - [2024-03-31 10:05:23,956] {dag.py:2968} INFO - Setting next_dagrun for example_time_delta_sensor_async to None, run_after=None
[2024-03-31 10:05:23,998] {processor.py:161} INFO - Processing /opt/conda/lib/python3.8/site-packages/airflow/example_dags/example_time_delta_sensor_async.py took 0.096 seconds
[2024-03-31 10:06:00,166] {processor.py:153} INFO - Started process (PID=1031) to work on /opt/conda/lib/python3.8/site-packages/airflow/example_dags/example_time_delta_sensor_async.py
[2024-03-31 10:06:00,168] {processor.py:641} INFO - Processing file /opt/conda/lib/python3.8/site-packages/airflow/example_dags/example_time_delta_sensor_async.py for tasks to queue
[2024-03-31 10:06:00,168] {logging_mixin.py:115} INFO - [2024-03-31 10:06:00,168] {dagbag.py:508} INFO - Filling up the DagBag from /opt/conda/lib/python3.8/site-packages/airflow/example_dags/example_time_delta_sensor_async.py
[2024-03-31 10:06:00,174] {processor.py:651} INFO - DAG(s) dict_keys(['example_time_delta_sensor_async']) retrieved from /opt/conda/lib/python3.8/site-packages/airflow/example_dags/example_time_delta_sensor_async.py
[2024-03-31 10:06:00,202] {logging_mixin.py:115} INFO - [2024-03-31 10:06:00,202] {dag.py:2420} INFO - Sync 1 DAGs
[2024-03-31 10:06:00,216] {logging_mixin.py:115} INFO - [2024-03-31 10:06:00,216] {dag.py:2968} INFO - Setting next_dagrun for example_time_delta_sensor_async to None, run_after=None
[2024-03-31 10:06:00,236] {processor.py:161} INFO - Processing /opt/conda/lib/python3.8/site-packages/airflow/example_dags/example_time_delta_sensor_async.py took 0.073 seconds
[2024-03-31 10:06:33,670] {processor.py:153} INFO - Started process (PID=1065) to work on /opt/conda/lib/python3.8/site-packages/airflow/example_dags/example_time_delta_sensor_async.py
[2024-03-31 10:06:33,672] {processor.py:641} INFO - Processing file /opt/conda/lib/python3.8/site-packages/airflow/example_dags/example_time_delta_sensor_async.py for tasks to queue
[2024-03-31 10:06:33,673] {logging_mixin.py:115} INFO - [2024-03-31 10:06:33,672] {dagbag.py:508} INFO - Filling up the DagBag from /opt/conda/lib/python3.8/site-packages/airflow/example_dags/example_time_delta_sensor_async.py
[2024-03-31 10:06:33,679] {processor.py:651} INFO - DAG(s) dict_keys(['example_time_delta_sensor_async']) retrieved from /opt/conda/lib/python3.8/site-packages/airflow/example_dags/example_time_delta_sensor_async.py
[2024-03-31 10:06:33,714] {logging_mixin.py:115} INFO - [2024-03-31 10:06:33,714] {dag.py:2420} INFO - Sync 1 DAGs
[2024-03-31 10:06:33,728] {logging_mixin.py:115} INFO - [2024-03-31 10:06:33,728] {dag.py:2968} INFO - Setting next_dagrun for example_time_delta_sensor_async to None, run_after=None
[2024-03-31 10:06:33,748] {processor.py:161} INFO - Processing /opt/conda/lib/python3.8/site-packages/airflow/example_dags/example_time_delta_sensor_async.py took 0.081 seconds
[2024-03-31 10:07:06,462] {processor.py:153} INFO - Started process (PID=1098) to work on /opt/conda/lib/python3.8/site-packages/airflow/example_dags/example_time_delta_sensor_async.py
[2024-03-31 10:07:06,463] {processor.py:641} INFO - Processing file /opt/conda/lib/python3.8/site-packages/airflow/example_dags/example_time_delta_sensor_async.py for tasks to queue
[2024-03-31 10:07:06,463] {logging_mixin.py:115} INFO - [2024-03-31 10:07:06,463] {dagbag.py:508} INFO - Filling up the DagBag from /opt/conda/lib/python3.8/site-packages/airflow/example_dags/example_time_delta_sensor_async.py
[2024-03-31 10:07:06,469] {processor.py:651} INFO - DAG(s) dict_keys(['example_time_delta_sensor_async']) retrieved from /opt/conda/lib/python3.8/site-packages/airflow/example_dags/example_time_delta_sensor_async.py
[2024-03-31 10:07:06,505] {logging_mixin.py:115} INFO - [2024-03-31 10:07:06,505] {dag.py:2420} INFO - Sync 1 DAGs
[2024-03-31 10:07:06,519] {logging_mixin.py:115} INFO - [2024-03-31 10:07:06,519] {dag.py:2968} INFO - Setting next_dagrun for example_time_delta_sensor_async to None, run_after=None
[2024-03-31 10:07:06,539] {processor.py:161} INFO - Processing /opt/conda/lib/python3.8/site-packages/airflow/example_dags/example_time_delta_sensor_async.py took 0.081 seconds
[2024-03-31 10:07:39,049] {processor.py:153} INFO - Started process (PID=1132) to work on /opt/conda/lib/python3.8/site-packages/airflow/example_dags/example_time_delta_sensor_async.py
[2024-03-31 10:07:39,051] {processor.py:641} INFO - Processing file /opt/conda/lib/python3.8/site-packages/airflow/example_dags/example_time_delta_sensor_async.py for tasks to queue
[2024-03-31 10:07:39,051] {logging_mixin.py:115} INFO - [2024-03-31 10:07:39,051] {dagbag.py:508} INFO - Filling up the DagBag from /opt/conda/lib/python3.8/site-packages/airflow/example_dags/example_time_delta_sensor_async.py
[2024-03-31 10:07:39,057] {processor.py:651} INFO - DAG(s) dict_keys(['example_time_delta_sensor_async']) retrieved from /opt/conda/lib/python3.8/site-packages/airflow/example_dags/example_time_delta_sensor_async.py
[2024-03-31 10:07:39,089] {logging_mixin.py:115} INFO - [2024-03-31 10:07:39,088] {dag.py:2420} INFO - Sync 1 DAGs
[2024-03-31 10:07:39,103] {logging_mixin.py:115} INFO - [2024-03-31 10:07:39,103] {dag.py:2968} INFO - Setting next_dagrun for example_time_delta_sensor_async to None, run_after=None
[2024-03-31 10:07:39,123] {processor.py:161} INFO - Processing /opt/conda/lib/python3.8/site-packages/airflow/example_dags/example_time_delta_sensor_async.py took 0.077 seconds
[2024-03-31 10:08:11,325] {processor.py:153} INFO - Started process (PID=1165) to work on /opt/conda/lib/python3.8/site-packages/airflow/example_dags/example_time_delta_sensor_async.py
[2024-03-31 10:08:11,326] {processor.py:641} INFO - Processing file /opt/conda/lib/python3.8/site-packages/airflow/example_dags/example_time_delta_sensor_async.py for tasks to queue
[2024-03-31 10:08:11,327] {logging_mixin.py:115} INFO - [2024-03-31 10:08:11,327] {dagbag.py:508} INFO - Filling up the DagBag from /opt/conda/lib/python3.8/site-packages/airflow/example_dags/example_time_delta_sensor_async.py
[2024-03-31 10:08:11,333] {processor.py:651} INFO - DAG(s) dict_keys(['example_time_delta_sensor_async']) retrieved from /opt/conda/lib/python3.8/site-packages/airflow/example_dags/example_time_delta_sensor_async.py
[2024-03-31 10:08:11,363] {logging_mixin.py:115} INFO - [2024-03-31 10:08:11,363] {dag.py:2420} INFO - Sync 1 DAGs
[2024-03-31 10:08:11,376] {logging_mixin.py:115} INFO - [2024-03-31 10:08:11,376] {dag.py:2968} INFO - Setting next_dagrun for example_time_delta_sensor_async to None, run_after=None
[2024-03-31 10:08:11,396] {processor.py:161} INFO - Processing /opt/conda/lib/python3.8/site-packages/airflow/example_dags/example_time_delta_sensor_async.py took 0.075 seconds
[2024-03-31 10:08:46,433] {processor.py:153} INFO - Started process (PID=1202) to work on /opt/conda/lib/python3.8/site-packages/airflow/example_dags/example_time_delta_sensor_async.py
[2024-03-31 10:08:46,435] {processor.py:641} INFO - Processing file /opt/conda/lib/python3.8/site-packages/airflow/example_dags/example_time_delta_sensor_async.py for tasks to queue
[2024-03-31 10:08:46,436] {logging_mixin.py:115} INFO - [2024-03-31 10:08:46,435] {dagbag.py:508} INFO - Filling up the DagBag from /opt/conda/lib/python3.8/site-packages/airflow/example_dags/example_time_delta_sensor_async.py
[2024-03-31 10:08:46,441] {processor.py:651} INFO - DAG(s) dict_keys(['example_time_delta_sensor_async']) retrieved from /opt/conda/lib/python3.8/site-packages/airflow/example_dags/example_time_delta_sensor_async.py
[2024-03-31 10:08:46,472] {logging_mixin.py:115} INFO - [2024-03-31 10:08:46,472] {dag.py:2420} INFO - Sync 1 DAGs
[2024-03-31 10:08:46,486] {logging_mixin.py:115} INFO - [2024-03-31 10:08:46,486] {dag.py:2968} INFO - Setting next_dagrun for example_time_delta_sensor_async to None, run_after=None
[2024-03-31 10:08:46,506] {processor.py:161} INFO - Processing /opt/conda/lib/python3.8/site-packages/airflow/example_dags/example_time_delta_sensor_async.py took 0.077 seconds
[2024-03-31 10:09:18,272] {processor.py:153} INFO - Started process (PID=1235) to work on /opt/conda/lib/python3.8/site-packages/airflow/example_dags/example_time_delta_sensor_async.py
[2024-03-31 10:09:18,275] {processor.py:641} INFO - Processing file /opt/conda/lib/python3.8/site-packages/airflow/example_dags/example_time_delta_sensor_async.py for tasks to queue
[2024-03-31 10:09:18,275] {logging_mixin.py:115} INFO - [2024-03-31 10:09:18,275] {dagbag.py:508} INFO - Filling up the DagBag from /opt/conda/lib/python3.8/site-packages/airflow/example_dags/example_time_delta_sensor_async.py
[2024-03-31 10:09:18,281] {processor.py:651} INFO - DAG(s) dict_keys(['example_time_delta_sensor_async']) retrieved from /opt/conda/lib/python3.8/site-packages/airflow/example_dags/example_time_delta_sensor_async.py
[2024-03-31 10:09:18,316] {logging_mixin.py:115} INFO - [2024-03-31 10:09:18,316] {dag.py:2420} INFO - Sync 1 DAGs
[2024-03-31 10:09:18,335] {logging_mixin.py:115} INFO - [2024-03-31 10:09:18,335] {dag.py:2968} INFO - Setting next_dagrun for example_time_delta_sensor_async to None, run_after=None
[2024-03-31 10:09:18,357] {processor.py:161} INFO - Processing /opt/conda/lib/python3.8/site-packages/airflow/example_dags/example_time_delta_sensor_async.py took 0.088 seconds
[2024-03-31 10:09:52,086] {processor.py:153} INFO - Started process (PID=1268) to work on /opt/conda/lib/python3.8/site-packages/airflow/example_dags/example_time_delta_sensor_async.py
[2024-03-31 10:09:52,088] {processor.py:641} INFO - Processing file /opt/conda/lib/python3.8/site-packages/airflow/example_dags/example_time_delta_sensor_async.py for tasks to queue
[2024-03-31 10:09:52,089] {logging_mixin.py:115} INFO - [2024-03-31 10:09:52,089] {dagbag.py:508} INFO - Filling up the DagBag from /opt/conda/lib/python3.8/site-packages/airflow/example_dags/example_time_delta_sensor_async.py
[2024-03-31 10:09:52,094] {processor.py:651} INFO - DAG(s) dict_keys(['example_time_delta_sensor_async']) retrieved from /opt/conda/lib/python3.8/site-packages/airflow/example_dags/example_time_delta_sensor_async.py
[2024-03-31 10:09:52,123] {logging_mixin.py:115} INFO - [2024-03-31 10:09:52,123] {dag.py:2420} INFO - Sync 1 DAGs
[2024-03-31 10:09:52,137] {logging_mixin.py:115} INFO - [2024-03-31 10:09:52,137] {dag.py:2968} INFO - Setting next_dagrun for example_time_delta_sensor_async to None, run_after=None
[2024-03-31 10:09:52,158] {processor.py:161} INFO - Processing /opt/conda/lib/python3.8/site-packages/airflow/example_dags/example_time_delta_sensor_async.py took 0.075 seconds
[2024-03-31 10:12:31,530] {processor.py:153} INFO - Started process (PID=1393) to work on /opt/conda/lib/python3.8/site-packages/airflow/example_dags/example_time_delta_sensor_async.py
[2024-03-31 10:12:31,532] {processor.py:641} INFO - Processing file /opt/conda/lib/python3.8/site-packages/airflow/example_dags/example_time_delta_sensor_async.py for tasks to queue
[2024-03-31 10:12:31,533] {logging_mixin.py:115} INFO - [2024-03-31 10:12:31,533] {dagbag.py:508} INFO - Filling up the DagBag from /opt/conda/lib/python3.8/site-packages/airflow/example_dags/example_time_delta_sensor_async.py
[2024-03-31 10:12:31,539] {processor.py:651} INFO - DAG(s) dict_keys(['example_time_delta_sensor_async']) retrieved from /opt/conda/lib/python3.8/site-packages/airflow/example_dags/example_time_delta_sensor_async.py
[2024-03-31 10:12:31,574] {logging_mixin.py:115} INFO - [2024-03-31 10:12:31,574] {dag.py:2420} INFO - Sync 1 DAGs
[2024-03-31 10:12:31,589] {logging_mixin.py:115} INFO - [2024-03-31 10:12:31,589] {dag.py:2968} INFO - Setting next_dagrun for example_time_delta_sensor_async to None, run_after=None
[2024-03-31 10:12:31,610] {processor.py:161} INFO - Processing /opt/conda/lib/python3.8/site-packages/airflow/example_dags/example_time_delta_sensor_async.py took 0.083 seconds
[2024-03-31 10:13:07,180] {processor.py:153} INFO - Started process (PID=1429) to work on /opt/conda/lib/python3.8/site-packages/airflow/example_dags/example_time_delta_sensor_async.py
[2024-03-31 10:13:07,182] {processor.py:641} INFO - Processing file /opt/conda/lib/python3.8/site-packages/airflow/example_dags/example_time_delta_sensor_async.py for tasks to queue
[2024-03-31 10:13:07,182] {logging_mixin.py:115} INFO - [2024-03-31 10:13:07,182] {dagbag.py:508} INFO - Filling up the DagBag from /opt/conda/lib/python3.8/site-packages/airflow/example_dags/example_time_delta_sensor_async.py
[2024-03-31 10:13:07,187] {processor.py:651} INFO - DAG(s) dict_keys(['example_time_delta_sensor_async']) retrieved from /opt/conda/lib/python3.8/site-packages/airflow/example_dags/example_time_delta_sensor_async.py
[2024-03-31 10:13:07,216] {logging_mixin.py:115} INFO - [2024-03-31 10:13:07,216] {dag.py:2420} INFO - Sync 1 DAGs
[2024-03-31 10:13:07,229] {logging_mixin.py:115} INFO - [2024-03-31 10:13:07,229] {dag.py:2968} INFO - Setting next_dagrun for example_time_delta_sensor_async to None, run_after=None
[2024-03-31 10:13:07,248] {processor.py:161} INFO - Processing /opt/conda/lib/python3.8/site-packages/airflow/example_dags/example_time_delta_sensor_async.py took 0.070 seconds
[2024-03-31 10:28:13,097] {processor.py:153} INFO - Started process (PID=1600) to work on /opt/conda/lib/python3.8/site-packages/airflow/example_dags/example_time_delta_sensor_async.py
[2024-03-31 10:28:13,098] {processor.py:641} INFO - Processing file /opt/conda/lib/python3.8/site-packages/airflow/example_dags/example_time_delta_sensor_async.py for tasks to queue
[2024-03-31 10:28:13,099] {logging_mixin.py:115} INFO - [2024-03-31 10:28:13,099] {dagbag.py:508} INFO - Filling up the DagBag from /opt/conda/lib/python3.8/site-packages/airflow/example_dags/example_time_delta_sensor_async.py
[2024-03-31 10:28:13,104] {processor.py:651} INFO - DAG(s) dict_keys(['example_time_delta_sensor_async']) retrieved from /opt/conda/lib/python3.8/site-packages/airflow/example_dags/example_time_delta_sensor_async.py
[2024-03-31 10:28:13,132] {logging_mixin.py:115} INFO - [2024-03-31 10:28:13,132] {dag.py:2420} INFO - Sync 1 DAGs
[2024-03-31 10:28:13,145] {logging_mixin.py:115} INFO - [2024-03-31 10:28:13,145] {dag.py:2968} INFO - Setting next_dagrun for example_time_delta_sensor_async to None, run_after=None
[2024-03-31 10:28:13,168] {processor.py:161} INFO - Processing /opt/conda/lib/python3.8/site-packages/airflow/example_dags/example_time_delta_sensor_async.py took 0.075 seconds
[2024-03-31 10:28:50,976] {processor.py:153} INFO - Started process (PID=1653) to work on /opt/conda/lib/python3.8/site-packages/airflow/example_dags/example_time_delta_sensor_async.py
[2024-03-31 10:28:50,978] {processor.py:641} INFO - Processing file /opt/conda/lib/python3.8/site-packages/airflow/example_dags/example_time_delta_sensor_async.py for tasks to queue
[2024-03-31 10:28:50,979] {logging_mixin.py:115} INFO - [2024-03-31 10:28:50,979] {dagbag.py:508} INFO - Filling up the DagBag from /opt/conda/lib/python3.8/site-packages/airflow/example_dags/example_time_delta_sensor_async.py
[2024-03-31 10:28:50,984] {processor.py:651} INFO - DAG(s) dict_keys(['example_time_delta_sensor_async']) retrieved from /opt/conda/lib/python3.8/site-packages/airflow/example_dags/example_time_delta_sensor_async.py
[2024-03-31 10:28:51,018] {logging_mixin.py:115} INFO - [2024-03-31 10:28:51,018] {dag.py:2420} INFO - Sync 1 DAGs
[2024-03-31 10:28:51,036] {logging_mixin.py:115} INFO - [2024-03-31 10:28:51,036] {dag.py:2968} INFO - Setting next_dagrun for example_time_delta_sensor_async to None, run_after=None
[2024-03-31 10:28:51,060] {processor.py:161} INFO - Processing /opt/conda/lib/python3.8/site-packages/airflow/example_dags/example_time_delta_sensor_async.py took 0.086 seconds
[2024-03-31 10:29:29,556] {processor.py:153} INFO - Started process (PID=1706) to work on /opt/conda/lib/python3.8/site-packages/airflow/example_dags/example_time_delta_sensor_async.py
[2024-03-31 10:29:29,558] {processor.py:641} INFO - Processing file /opt/conda/lib/python3.8/site-packages/airflow/example_dags/example_time_delta_sensor_async.py for tasks to queue
[2024-03-31 10:29:29,558] {logging_mixin.py:115} INFO - [2024-03-31 10:29:29,558] {dagbag.py:508} INFO - Filling up the DagBag from /opt/conda/lib/python3.8/site-packages/airflow/example_dags/example_time_delta_sensor_async.py
[2024-03-31 10:29:29,564] {processor.py:651} INFO - DAG(s) dict_keys(['example_time_delta_sensor_async']) retrieved from /opt/conda/lib/python3.8/site-packages/airflow/example_dags/example_time_delta_sensor_async.py
[2024-03-31 10:29:29,597] {logging_mixin.py:115} INFO - [2024-03-31 10:29:29,597] {dag.py:2420} INFO - Sync 1 DAGs
[2024-03-31 10:29:29,613] {logging_mixin.py:115} INFO - [2024-03-31 10:29:29,613] {dag.py:2968} INFO - Setting next_dagrun for example_time_delta_sensor_async to None, run_after=None
[2024-03-31 10:29:29,633] {processor.py:161} INFO - Processing /opt/conda/lib/python3.8/site-packages/airflow/example_dags/example_time_delta_sensor_async.py took 0.080 seconds
[2024-03-31 10:30:35,865] {processor.py:153} INFO - Started process (PID=1826) to work on /opt/conda/lib/python3.8/site-packages/airflow/example_dags/example_time_delta_sensor_async.py
[2024-03-31 10:30:35,867] {processor.py:641} INFO - Processing file /opt/conda/lib/python3.8/site-packages/airflow/example_dags/example_time_delta_sensor_async.py for tasks to queue
[2024-03-31 10:30:35,867] {logging_mixin.py:115} INFO - [2024-03-31 10:30:35,867] {dagbag.py:508} INFO - Filling up the DagBag from /opt/conda/lib/python3.8/site-packages/airflow/example_dags/example_time_delta_sensor_async.py
[2024-03-31 10:30:35,872] {processor.py:651} INFO - DAG(s) dict_keys(['example_time_delta_sensor_async']) retrieved from /opt/conda/lib/python3.8/site-packages/airflow/example_dags/example_time_delta_sensor_async.py
[2024-03-31 10:30:35,901] {logging_mixin.py:115} INFO - [2024-03-31 10:30:35,901] {dag.py:2420} INFO - Sync 1 DAGs
[2024-03-31 10:30:35,915] {logging_mixin.py:115} INFO - [2024-03-31 10:30:35,915] {dag.py:2968} INFO - Setting next_dagrun for example_time_delta_sensor_async to None, run_after=None
[2024-03-31 10:30:35,934] {processor.py:161} INFO - Processing /opt/conda/lib/python3.8/site-packages/airflow/example_dags/example_time_delta_sensor_async.py took 0.072 seconds
[2024-03-31 10:31:13,011] {processor.py:153} INFO - Started process (PID=1879) to work on /opt/conda/lib/python3.8/site-packages/airflow/example_dags/example_time_delta_sensor_async.py
[2024-03-31 10:31:13,013] {processor.py:641} INFO - Processing file /opt/conda/lib/python3.8/site-packages/airflow/example_dags/example_time_delta_sensor_async.py for tasks to queue
[2024-03-31 10:31:13,013] {logging_mixin.py:115} INFO - [2024-03-31 10:31:13,013] {dagbag.py:508} INFO - Filling up the DagBag from /opt/conda/lib/python3.8/site-packages/airflow/example_dags/example_time_delta_sensor_async.py
[2024-03-31 10:31:13,018] {processor.py:651} INFO - DAG(s) dict_keys(['example_time_delta_sensor_async']) retrieved from /opt/conda/lib/python3.8/site-packages/airflow/example_dags/example_time_delta_sensor_async.py
[2024-03-31 10:31:13,047] {logging_mixin.py:115} INFO - [2024-03-31 10:31:13,047] {dag.py:2420} INFO - Sync 1 DAGs
[2024-03-31 10:31:13,061] {logging_mixin.py:115} INFO - [2024-03-31 10:31:13,061] {dag.py:2968} INFO - Setting next_dagrun for example_time_delta_sensor_async to None, run_after=None
[2024-03-31 10:31:13,080] {processor.py:161} INFO - Processing /opt/conda/lib/python3.8/site-packages/airflow/example_dags/example_time_delta_sensor_async.py took 0.072 seconds
[2024-03-31 10:32:06,300] {processor.py:153} INFO - Started process (PID=1997) to work on /opt/conda/lib/python3.8/site-packages/airflow/example_dags/example_time_delta_sensor_async.py
[2024-03-31 10:32:06,302] {processor.py:641} INFO - Processing file /opt/conda/lib/python3.8/site-packages/airflow/example_dags/example_time_delta_sensor_async.py for tasks to queue
[2024-03-31 10:32:06,302] {logging_mixin.py:115} INFO - [2024-03-31 10:32:06,302] {dagbag.py:508} INFO - Filling up the DagBag from /opt/conda/lib/python3.8/site-packages/airflow/example_dags/example_time_delta_sensor_async.py
[2024-03-31 10:32:06,308] {processor.py:651} INFO - DAG(s) dict_keys(['example_time_delta_sensor_async']) retrieved from /opt/conda/lib/python3.8/site-packages/airflow/example_dags/example_time_delta_sensor_async.py
[2024-03-31 10:32:06,337] {logging_mixin.py:115} INFO - [2024-03-31 10:32:06,337] {dag.py:2420} INFO - Sync 1 DAGs
[2024-03-31 10:32:06,351] {logging_mixin.py:115} INFO - [2024-03-31 10:32:06,351] {dag.py:2968} INFO - Setting next_dagrun for example_time_delta_sensor_async to None, run_after=None
[2024-03-31 10:32:06,370] {processor.py:161} INFO - Processing /opt/conda/lib/python3.8/site-packages/airflow/example_dags/example_time_delta_sensor_async.py took 0.073 seconds
[2024-03-31 10:33:02,641] {processor.py:153} INFO - Started process (PID=2290) to work on /opt/conda/lib/python3.8/site-packages/airflow/example_dags/example_time_delta_sensor_async.py
[2024-03-31 10:33:02,643] {processor.py:641} INFO - Processing file /opt/conda/lib/python3.8/site-packages/airflow/example_dags/example_time_delta_sensor_async.py for tasks to queue
[2024-03-31 10:33:02,644] {logging_mixin.py:115} INFO - [2024-03-31 10:33:02,644] {dagbag.py:508} INFO - Filling up the DagBag from /opt/conda/lib/python3.8/site-packages/airflow/example_dags/example_time_delta_sensor_async.py
[2024-03-31 10:33:02,650] {processor.py:651} INFO - DAG(s) dict_keys(['example_time_delta_sensor_async']) retrieved from /opt/conda/lib/python3.8/site-packages/airflow/example_dags/example_time_delta_sensor_async.py
[2024-03-31 10:33:02,685] {logging_mixin.py:115} INFO - [2024-03-31 10:33:02,685] {dag.py:2420} INFO - Sync 1 DAGs
[2024-03-31 10:33:02,701] {logging_mixin.py:115} INFO - [2024-03-31 10:33:02,701] {dag.py:2968} INFO - Setting next_dagrun for example_time_delta_sensor_async to None, run_after=None
[2024-03-31 10:33:02,723] {processor.py:161} INFO - Processing /opt/conda/lib/python3.8/site-packages/airflow/example_dags/example_time_delta_sensor_async.py took 0.085 seconds
[2024-03-31 10:33:41,610] {processor.py:153} INFO - Started process (PID=2350) to work on /opt/conda/lib/python3.8/site-packages/airflow/example_dags/example_time_delta_sensor_async.py
[2024-03-31 10:33:41,612] {processor.py:641} INFO - Processing file /opt/conda/lib/python3.8/site-packages/airflow/example_dags/example_time_delta_sensor_async.py for tasks to queue
[2024-03-31 10:33:41,612] {logging_mixin.py:115} INFO - [2024-03-31 10:33:41,612] {dagbag.py:508} INFO - Filling up the DagBag from /opt/conda/lib/python3.8/site-packages/airflow/example_dags/example_time_delta_sensor_async.py
[2024-03-31 10:33:41,618] {processor.py:651} INFO - DAG(s) dict_keys(['example_time_delta_sensor_async']) retrieved from /opt/conda/lib/python3.8/site-packages/airflow/example_dags/example_time_delta_sensor_async.py
[2024-03-31 10:33:41,654] {logging_mixin.py:115} INFO - [2024-03-31 10:33:41,654] {dag.py:2420} INFO - Sync 1 DAGs
[2024-03-31 10:33:41,669] {logging_mixin.py:115} INFO - [2024-03-31 10:33:41,669] {dag.py:2968} INFO - Setting next_dagrun for example_time_delta_sensor_async to None, run_after=None
[2024-03-31 10:33:41,791] {processor.py:161} INFO - Processing /opt/conda/lib/python3.8/site-packages/airflow/example_dags/example_time_delta_sensor_async.py took 0.185 seconds
