[2024-03-31 10:04:00,053] {processor.py:153} INFO - Started process (PID=924) to work on /opt/conda/lib/python3.8/site-packages/airflow/example_dags/example_trigger_controller_dag.py
[2024-03-31 10:04:00,053] {processor.py:641} INFO - Processing file /opt/conda/lib/python3.8/site-packages/airflow/example_dags/example_trigger_controller_dag.py for tasks to queue
[2024-03-31 10:04:00,053] {logging_mixin.py:115} INFO - [2024-03-31 10:04:00,053] {dagbag.py:508} INFO - Filling up the DagBag from /opt/conda/lib/python3.8/site-packages/airflow/example_dags/example_trigger_controller_dag.py
[2024-03-31 10:04:00,055] {processor.py:651} INFO - DAG(s) dict_keys(['example_trigger_controller_dag']) retrieved from /opt/conda/lib/python3.8/site-packages/airflow/example_dags/example_trigger_controller_dag.py
[2024-03-31 10:04:00,129] {logging_mixin.py:115} INFO - [2024-03-31 10:04:00,128] {manager.py:508} INFO - Created Permission View: can delete on DAG:example_trigger_controller_dag
[2024-03-31 10:04:00,145] {logging_mixin.py:115} INFO - [2024-03-31 10:04:00,145] {manager.py:508} INFO - Created Permission View: can read on DAG:example_trigger_controller_dag
[2024-03-31 10:04:00,160] {logging_mixin.py:115} INFO - [2024-03-31 10:04:00,160] {manager.py:508} INFO - Created Permission View: can edit on DAG:example_trigger_controller_dag
[2024-03-31 10:04:00,160] {logging_mixin.py:115} INFO - [2024-03-31 10:04:00,160] {dag.py:2420} INFO - Sync 1 DAGs
[2024-03-31 10:04:00,165] {logging_mixin.py:115} INFO - [2024-03-31 10:04:00,165] {dag.py:2439} INFO - Creating ORM DAG for example_trigger_controller_dag
[2024-03-31 10:04:00,172] {logging_mixin.py:115} INFO - [2024-03-31 10:04:00,172] {dag.py:2968} INFO - Setting next_dagrun for example_trigger_controller_dag to 2021-01-01T00:00:00+00:00, run_after=2021-01-01T00:00:00+00:00
[2024-03-31 10:04:00,197] {processor.py:161} INFO - Processing /opt/conda/lib/python3.8/site-packages/airflow/example_dags/example_trigger_controller_dag.py took 0.272 seconds
[2024-03-31 10:04:43,352] {processor.py:153} INFO - Started process (PID=958) to work on /opt/conda/lib/python3.8/site-packages/airflow/example_dags/example_trigger_controller_dag.py
[2024-03-31 10:04:43,354] {processor.py:641} INFO - Processing file /opt/conda/lib/python3.8/site-packages/airflow/example_dags/example_trigger_controller_dag.py for tasks to queue
[2024-03-31 10:04:43,355] {logging_mixin.py:115} INFO - [2024-03-31 10:04:43,355] {dagbag.py:508} INFO - Filling up the DagBag from /opt/conda/lib/python3.8/site-packages/airflow/example_dags/example_trigger_controller_dag.py
[2024-03-31 10:04:43,358] {processor.py:651} INFO - DAG(s) dict_keys(['example_trigger_controller_dag']) retrieved from /opt/conda/lib/python3.8/site-packages/airflow/example_dags/example_trigger_controller_dag.py
[2024-03-31 10:04:43,374] {logging_mixin.py:115} INFO - [2024-03-31 10:04:43,374] {dag.py:2420} INFO - Sync 1 DAGs
[2024-03-31 10:04:43,389] {logging_mixin.py:115} INFO - [2024-03-31 10:04:43,389] {dag.py:2968} INFO - Setting next_dagrun for example_trigger_controller_dag to 2021-01-01T00:00:00+00:00, run_after=2021-01-01T00:00:00+00:00
[2024-03-31 10:04:43,410] {processor.py:161} INFO - Processing /opt/conda/lib/python3.8/site-packages/airflow/example_dags/example_trigger_controller_dag.py took 0.061 seconds
[2024-03-31 10:05:14,664] {processor.py:153} INFO - Started process (PID=988) to work on /opt/conda/lib/python3.8/site-packages/airflow/example_dags/example_trigger_controller_dag.py
[2024-03-31 10:05:14,666] {processor.py:641} INFO - Processing file /opt/conda/lib/python3.8/site-packages/airflow/example_dags/example_trigger_controller_dag.py for tasks to queue
[2024-03-31 10:05:14,666] {logging_mixin.py:115} INFO - [2024-03-31 10:05:14,666] {dagbag.py:508} INFO - Filling up the DagBag from /opt/conda/lib/python3.8/site-packages/airflow/example_dags/example_trigger_controller_dag.py
[2024-03-31 10:05:14,670] {processor.py:651} INFO - DAG(s) dict_keys(['example_trigger_controller_dag']) retrieved from /opt/conda/lib/python3.8/site-packages/airflow/example_dags/example_trigger_controller_dag.py
[2024-03-31 10:05:14,688] {logging_mixin.py:115} INFO - [2024-03-31 10:05:14,688] {dag.py:2420} INFO - Sync 1 DAGs
[2024-03-31 10:05:14,707] {logging_mixin.py:115} INFO - [2024-03-31 10:05:14,707] {dag.py:2968} INFO - Setting next_dagrun for example_trigger_controller_dag to 2021-01-01T00:00:00+00:00, run_after=2021-01-01T00:00:00+00:00
[2024-03-31 10:05:14,754] {processor.py:161} INFO - Processing /opt/conda/lib/python3.8/site-packages/airflow/example_dags/example_trigger_controller_dag.py took 0.094 seconds
[2024-03-31 10:05:46,202] {processor.py:153} INFO - Started process (PID=1018) to work on /opt/conda/lib/python3.8/site-packages/airflow/example_dags/example_trigger_controller_dag.py
[2024-03-31 10:05:46,204] {processor.py:641} INFO - Processing file /opt/conda/lib/python3.8/site-packages/airflow/example_dags/example_trigger_controller_dag.py for tasks to queue
[2024-03-31 10:05:46,205] {logging_mixin.py:115} INFO - [2024-03-31 10:05:46,204] {dagbag.py:508} INFO - Filling up the DagBag from /opt/conda/lib/python3.8/site-packages/airflow/example_dags/example_trigger_controller_dag.py
[2024-03-31 10:05:46,208] {processor.py:651} INFO - DAG(s) dict_keys(['example_trigger_controller_dag']) retrieved from /opt/conda/lib/python3.8/site-packages/airflow/example_dags/example_trigger_controller_dag.py
[2024-03-31 10:05:46,224] {logging_mixin.py:115} INFO - [2024-03-31 10:05:46,224] {dag.py:2420} INFO - Sync 1 DAGs
[2024-03-31 10:05:46,239] {logging_mixin.py:115} INFO - [2024-03-31 10:05:46,239] {dag.py:2968} INFO - Setting next_dagrun for example_trigger_controller_dag to 2021-01-01T00:00:00+00:00, run_after=2021-01-01T00:00:00+00:00
[2024-03-31 10:05:46,258] {processor.py:161} INFO - Processing /opt/conda/lib/python3.8/site-packages/airflow/example_dags/example_trigger_controller_dag.py took 0.060 seconds
[2024-03-31 10:06:19,861] {processor.py:153} INFO - Started process (PID=1051) to work on /opt/conda/lib/python3.8/site-packages/airflow/example_dags/example_trigger_controller_dag.py
[2024-03-31 10:06:19,861] {processor.py:641} INFO - Processing file /opt/conda/lib/python3.8/site-packages/airflow/example_dags/example_trigger_controller_dag.py for tasks to queue
[2024-03-31 10:06:19,862] {logging_mixin.py:115} INFO - [2024-03-31 10:06:19,862] {dagbag.py:508} INFO - Filling up the DagBag from /opt/conda/lib/python3.8/site-packages/airflow/example_dags/example_trigger_controller_dag.py
[2024-03-31 10:06:19,865] {processor.py:651} INFO - DAG(s) dict_keys(['example_trigger_controller_dag']) retrieved from /opt/conda/lib/python3.8/site-packages/airflow/example_dags/example_trigger_controller_dag.py
[2024-03-31 10:06:19,883] {logging_mixin.py:115} INFO - [2024-03-31 10:06:19,883] {dag.py:2420} INFO - Sync 1 DAGs
[2024-03-31 10:06:19,902] {logging_mixin.py:115} INFO - [2024-03-31 10:06:19,902] {dag.py:2968} INFO - Setting next_dagrun for example_trigger_controller_dag to 2021-01-01T00:00:00+00:00, run_after=2021-01-01T00:00:00+00:00
[2024-03-31 10:06:19,923] {processor.py:161} INFO - Processing /opt/conda/lib/python3.8/site-packages/airflow/example_dags/example_trigger_controller_dag.py took 0.066 seconds
[2024-03-31 10:06:51,309] {processor.py:153} INFO - Started process (PID=1083) to work on /opt/conda/lib/python3.8/site-packages/airflow/example_dags/example_trigger_controller_dag.py
[2024-03-31 10:06:51,311] {processor.py:641} INFO - Processing file /opt/conda/lib/python3.8/site-packages/airflow/example_dags/example_trigger_controller_dag.py for tasks to queue
[2024-03-31 10:06:51,311] {logging_mixin.py:115} INFO - [2024-03-31 10:06:51,311] {dagbag.py:508} INFO - Filling up the DagBag from /opt/conda/lib/python3.8/site-packages/airflow/example_dags/example_trigger_controller_dag.py
[2024-03-31 10:06:51,314] {processor.py:651} INFO - DAG(s) dict_keys(['example_trigger_controller_dag']) retrieved from /opt/conda/lib/python3.8/site-packages/airflow/example_dags/example_trigger_controller_dag.py
[2024-03-31 10:06:51,331] {logging_mixin.py:115} INFO - [2024-03-31 10:06:51,330] {dag.py:2420} INFO - Sync 1 DAGs
[2024-03-31 10:06:51,345] {logging_mixin.py:115} INFO - [2024-03-31 10:06:51,345] {dag.py:2968} INFO - Setting next_dagrun for example_trigger_controller_dag to 2021-01-01T00:00:00+00:00, run_after=2021-01-01T00:00:00+00:00
[2024-03-31 10:06:51,365] {processor.py:161} INFO - Processing /opt/conda/lib/python3.8/site-packages/airflow/example_dags/example_trigger_controller_dag.py took 0.059 seconds
[2024-03-31 10:07:22,156] {processor.py:153} INFO - Started process (PID=1115) to work on /opt/conda/lib/python3.8/site-packages/airflow/example_dags/example_trigger_controller_dag.py
[2024-03-31 10:07:22,156] {processor.py:641} INFO - Processing file /opt/conda/lib/python3.8/site-packages/airflow/example_dags/example_trigger_controller_dag.py for tasks to queue
[2024-03-31 10:07:22,157] {logging_mixin.py:115} INFO - [2024-03-31 10:07:22,157] {dagbag.py:508} INFO - Filling up the DagBag from /opt/conda/lib/python3.8/site-packages/airflow/example_dags/example_trigger_controller_dag.py
[2024-03-31 10:07:22,160] {processor.py:651} INFO - DAG(s) dict_keys(['example_trigger_controller_dag']) retrieved from /opt/conda/lib/python3.8/site-packages/airflow/example_dags/example_trigger_controller_dag.py
[2024-03-31 10:07:22,176] {logging_mixin.py:115} INFO - [2024-03-31 10:07:22,176] {dag.py:2420} INFO - Sync 1 DAGs
[2024-03-31 10:07:22,190] {logging_mixin.py:115} INFO - [2024-03-31 10:07:22,190] {dag.py:2968} INFO - Setting next_dagrun for example_trigger_controller_dag to 2021-01-01T00:00:00+00:00, run_after=2021-01-01T00:00:00+00:00
[2024-03-31 10:07:22,210] {processor.py:161} INFO - Processing /opt/conda/lib/python3.8/site-packages/airflow/example_dags/example_trigger_controller_dag.py took 0.057 seconds
[2024-03-31 10:07:56,892] {processor.py:153} INFO - Started process (PID=1149) to work on /opt/conda/lib/python3.8/site-packages/airflow/example_dags/example_trigger_controller_dag.py
[2024-03-31 10:07:56,894] {processor.py:641} INFO - Processing file /opt/conda/lib/python3.8/site-packages/airflow/example_dags/example_trigger_controller_dag.py for tasks to queue
[2024-03-31 10:07:56,894] {logging_mixin.py:115} INFO - [2024-03-31 10:07:56,894] {dagbag.py:508} INFO - Filling up the DagBag from /opt/conda/lib/python3.8/site-packages/airflow/example_dags/example_trigger_controller_dag.py
[2024-03-31 10:07:56,898] {processor.py:651} INFO - DAG(s) dict_keys(['example_trigger_controller_dag']) retrieved from /opt/conda/lib/python3.8/site-packages/airflow/example_dags/example_trigger_controller_dag.py
[2024-03-31 10:07:56,914] {logging_mixin.py:115} INFO - [2024-03-31 10:07:56,914] {dag.py:2420} INFO - Sync 1 DAGs
[2024-03-31 10:07:56,929] {logging_mixin.py:115} INFO - [2024-03-31 10:07:56,929] {dag.py:2968} INFO - Setting next_dagrun for example_trigger_controller_dag to 2021-01-01T00:00:00+00:00, run_after=2021-01-01T00:00:00+00:00
[2024-03-31 10:07:56,948] {processor.py:161} INFO - Processing /opt/conda/lib/python3.8/site-packages/airflow/example_dags/example_trigger_controller_dag.py took 0.060 seconds
[2024-03-31 10:08:30,938] {processor.py:153} INFO - Started process (PID=1187) to work on /opt/conda/lib/python3.8/site-packages/airflow/example_dags/example_trigger_controller_dag.py
[2024-03-31 10:08:30,939] {processor.py:641} INFO - Processing file /opt/conda/lib/python3.8/site-packages/airflow/example_dags/example_trigger_controller_dag.py for tasks to queue
[2024-03-31 10:08:30,940] {logging_mixin.py:115} INFO - [2024-03-31 10:08:30,940] {dagbag.py:508} INFO - Filling up the DagBag from /opt/conda/lib/python3.8/site-packages/airflow/example_dags/example_trigger_controller_dag.py
[2024-03-31 10:08:30,943] {processor.py:651} INFO - DAG(s) dict_keys(['example_trigger_controller_dag']) retrieved from /opt/conda/lib/python3.8/site-packages/airflow/example_dags/example_trigger_controller_dag.py
[2024-03-31 10:08:30,961] {logging_mixin.py:115} INFO - [2024-03-31 10:08:30,961] {dag.py:2420} INFO - Sync 1 DAGs
[2024-03-31 10:08:30,981] {logging_mixin.py:115} INFO - [2024-03-31 10:08:30,981] {dag.py:2968} INFO - Setting next_dagrun for example_trigger_controller_dag to 2021-01-01T00:00:00+00:00, run_after=2021-01-01T00:00:00+00:00
[2024-03-31 10:08:31,003] {processor.py:161} INFO - Processing /opt/conda/lib/python3.8/site-packages/airflow/example_dags/example_trigger_controller_dag.py took 0.069 seconds
[2024-03-31 10:09:04,278] {processor.py:153} INFO - Started process (PID=1221) to work on /opt/conda/lib/python3.8/site-packages/airflow/example_dags/example_trigger_controller_dag.py
[2024-03-31 10:09:04,280] {processor.py:641} INFO - Processing file /opt/conda/lib/python3.8/site-packages/airflow/example_dags/example_trigger_controller_dag.py for tasks to queue
[2024-03-31 10:09:04,280] {logging_mixin.py:115} INFO - [2024-03-31 10:09:04,280] {dagbag.py:508} INFO - Filling up the DagBag from /opt/conda/lib/python3.8/site-packages/airflow/example_dags/example_trigger_controller_dag.py
[2024-03-31 10:09:04,284] {processor.py:651} INFO - DAG(s) dict_keys(['example_trigger_controller_dag']) retrieved from /opt/conda/lib/python3.8/site-packages/airflow/example_dags/example_trigger_controller_dag.py
[2024-03-31 10:09:04,302] {logging_mixin.py:115} INFO - [2024-03-31 10:09:04,302] {dag.py:2420} INFO - Sync 1 DAGs
[2024-03-31 10:09:04,321] {logging_mixin.py:115} INFO - [2024-03-31 10:09:04,321] {dag.py:2968} INFO - Setting next_dagrun for example_trigger_controller_dag to 2021-01-01T00:00:00+00:00, run_after=2021-01-01T00:00:00+00:00
[2024-03-31 10:09:04,344] {processor.py:161} INFO - Processing /opt/conda/lib/python3.8/site-packages/airflow/example_dags/example_trigger_controller_dag.py took 0.070 seconds
[2024-03-31 10:09:37,225] {processor.py:153} INFO - Started process (PID=1253) to work on /opt/conda/lib/python3.8/site-packages/airflow/example_dags/example_trigger_controller_dag.py
[2024-03-31 10:09:37,227] {processor.py:641} INFO - Processing file /opt/conda/lib/python3.8/site-packages/airflow/example_dags/example_trigger_controller_dag.py for tasks to queue
[2024-03-31 10:09:37,227] {logging_mixin.py:115} INFO - [2024-03-31 10:09:37,227] {dagbag.py:508} INFO - Filling up the DagBag from /opt/conda/lib/python3.8/site-packages/airflow/example_dags/example_trigger_controller_dag.py
[2024-03-31 10:09:37,231] {processor.py:651} INFO - DAG(s) dict_keys(['example_trigger_controller_dag']) retrieved from /opt/conda/lib/python3.8/site-packages/airflow/example_dags/example_trigger_controller_dag.py
[2024-03-31 10:09:37,248] {logging_mixin.py:115} INFO - [2024-03-31 10:09:37,248] {dag.py:2420} INFO - Sync 1 DAGs
[2024-03-31 10:09:37,264] {logging_mixin.py:115} INFO - [2024-03-31 10:09:37,264] {dag.py:2968} INFO - Setting next_dagrun for example_trigger_controller_dag to 2021-01-01T00:00:00+00:00, run_after=2021-01-01T00:00:00+00:00
[2024-03-31 10:09:37,284] {processor.py:161} INFO - Processing /opt/conda/lib/python3.8/site-packages/airflow/example_dags/example_trigger_controller_dag.py took 0.063 seconds
[2024-03-31 10:10:10,777] {processor.py:153} INFO - Started process (PID=1288) to work on /opt/conda/lib/python3.8/site-packages/airflow/example_dags/example_trigger_controller_dag.py
[2024-03-31 10:10:10,779] {processor.py:641} INFO - Processing file /opt/conda/lib/python3.8/site-packages/airflow/example_dags/example_trigger_controller_dag.py for tasks to queue
[2024-03-31 10:10:10,779] {logging_mixin.py:115} INFO - [2024-03-31 10:10:10,779] {dagbag.py:508} INFO - Filling up the DagBag from /opt/conda/lib/python3.8/site-packages/airflow/example_dags/example_trigger_controller_dag.py
[2024-03-31 10:10:10,783] {processor.py:651} INFO - DAG(s) dict_keys(['example_trigger_controller_dag']) retrieved from /opt/conda/lib/python3.8/site-packages/airflow/example_dags/example_trigger_controller_dag.py
[2024-03-31 10:10:10,801] {logging_mixin.py:115} INFO - [2024-03-31 10:10:10,801] {dag.py:2420} INFO - Sync 1 DAGs
[2024-03-31 10:10:10,817] {logging_mixin.py:115} INFO - [2024-03-31 10:10:10,816] {dag.py:2968} INFO - Setting next_dagrun for example_trigger_controller_dag to 2021-01-01T00:00:00+00:00, run_after=2021-01-01T00:00:00+00:00
[2024-03-31 10:10:10,840] {processor.py:161} INFO - Processing /opt/conda/lib/python3.8/site-packages/airflow/example_dags/example_trigger_controller_dag.py took 0.066 seconds
[2024-03-31 10:12:25,596] {processor.py:153} INFO - Started process (PID=1388) to work on /opt/conda/lib/python3.8/site-packages/airflow/example_dags/example_trigger_controller_dag.py
[2024-03-31 10:12:25,598] {processor.py:641} INFO - Processing file /opt/conda/lib/python3.8/site-packages/airflow/example_dags/example_trigger_controller_dag.py for tasks to queue
[2024-03-31 10:12:25,599] {logging_mixin.py:115} INFO - [2024-03-31 10:12:25,598] {dagbag.py:508} INFO - Filling up the DagBag from /opt/conda/lib/python3.8/site-packages/airflow/example_dags/example_trigger_controller_dag.py
[2024-03-31 10:12:25,602] {processor.py:651} INFO - DAG(s) dict_keys(['example_trigger_controller_dag']) retrieved from /opt/conda/lib/python3.8/site-packages/airflow/example_dags/example_trigger_controller_dag.py
[2024-03-31 10:12:25,619] {logging_mixin.py:115} INFO - [2024-03-31 10:12:25,619] {dag.py:2420} INFO - Sync 1 DAGs
[2024-03-31 10:12:25,638] {logging_mixin.py:115} INFO - [2024-03-31 10:12:25,638] {dag.py:2968} INFO - Setting next_dagrun for example_trigger_controller_dag to 2021-01-01T00:00:00+00:00, run_after=2021-01-01T00:00:00+00:00
[2024-03-31 10:12:25,660] {processor.py:161} INFO - Processing /opt/conda/lib/python3.8/site-packages/airflow/example_dags/example_trigger_controller_dag.py took 0.067 seconds
[2024-03-31 10:13:02,212] {processor.py:153} INFO - Started process (PID=1424) to work on /opt/conda/lib/python3.8/site-packages/airflow/example_dags/example_trigger_controller_dag.py
[2024-03-31 10:13:02,215] {processor.py:641} INFO - Processing file /opt/conda/lib/python3.8/site-packages/airflow/example_dags/example_trigger_controller_dag.py for tasks to queue
[2024-03-31 10:13:02,216] {logging_mixin.py:115} INFO - [2024-03-31 10:13:02,216] {dagbag.py:508} INFO - Filling up the DagBag from /opt/conda/lib/python3.8/site-packages/airflow/example_dags/example_trigger_controller_dag.py
[2024-03-31 10:13:02,219] {processor.py:651} INFO - DAG(s) dict_keys(['example_trigger_controller_dag']) retrieved from /opt/conda/lib/python3.8/site-packages/airflow/example_dags/example_trigger_controller_dag.py
[2024-03-31 10:13:02,235] {logging_mixin.py:115} INFO - [2024-03-31 10:13:02,235] {dag.py:2420} INFO - Sync 1 DAGs
[2024-03-31 10:13:02,252] {logging_mixin.py:115} INFO - [2024-03-31 10:13:02,252] {dag.py:2968} INFO - Setting next_dagrun for example_trigger_controller_dag to 2021-01-01T00:00:00+00:00, run_after=2021-01-01T00:00:00+00:00
[2024-03-31 10:13:02,277] {processor.py:161} INFO - Processing /opt/conda/lib/python3.8/site-packages/airflow/example_dags/example_trigger_controller_dag.py took 0.068 seconds
[2024-03-31 10:28:08,096] {processor.py:153} INFO - Started process (PID=1595) to work on /opt/conda/lib/python3.8/site-packages/airflow/example_dags/example_trigger_controller_dag.py
[2024-03-31 10:28:08,098] {processor.py:641} INFO - Processing file /opt/conda/lib/python3.8/site-packages/airflow/example_dags/example_trigger_controller_dag.py for tasks to queue
[2024-03-31 10:28:08,099] {logging_mixin.py:115} INFO - [2024-03-31 10:28:08,099] {dagbag.py:508} INFO - Filling up the DagBag from /opt/conda/lib/python3.8/site-packages/airflow/example_dags/example_trigger_controller_dag.py
[2024-03-31 10:28:08,102] {processor.py:651} INFO - DAG(s) dict_keys(['example_trigger_controller_dag']) retrieved from /opt/conda/lib/python3.8/site-packages/airflow/example_dags/example_trigger_controller_dag.py
[2024-03-31 10:28:08,118] {logging_mixin.py:115} INFO - [2024-03-31 10:28:08,118] {dag.py:2420} INFO - Sync 1 DAGs
[2024-03-31 10:28:08,135] {logging_mixin.py:115} INFO - [2024-03-31 10:28:08,135] {dag.py:2968} INFO - Setting next_dagrun for example_trigger_controller_dag to 2021-01-01T00:00:00+00:00, run_after=2021-01-01T00:00:00+00:00
[2024-03-31 10:28:08,154] {processor.py:161} INFO - Processing /opt/conda/lib/python3.8/site-packages/airflow/example_dags/example_trigger_controller_dag.py took 0.060 seconds
[2024-03-31 10:28:45,783] {processor.py:153} INFO - Started process (PID=1648) to work on /opt/conda/lib/python3.8/site-packages/airflow/example_dags/example_trigger_controller_dag.py
[2024-03-31 10:28:45,785] {processor.py:641} INFO - Processing file /opt/conda/lib/python3.8/site-packages/airflow/example_dags/example_trigger_controller_dag.py for tasks to queue
[2024-03-31 10:28:45,785] {logging_mixin.py:115} INFO - [2024-03-31 10:28:45,785] {dagbag.py:508} INFO - Filling up the DagBag from /opt/conda/lib/python3.8/site-packages/airflow/example_dags/example_trigger_controller_dag.py
[2024-03-31 10:28:45,788] {processor.py:651} INFO - DAG(s) dict_keys(['example_trigger_controller_dag']) retrieved from /opt/conda/lib/python3.8/site-packages/airflow/example_dags/example_trigger_controller_dag.py
[2024-03-31 10:28:45,804] {logging_mixin.py:115} INFO - [2024-03-31 10:28:45,804] {dag.py:2420} INFO - Sync 1 DAGs
[2024-03-31 10:28:45,822] {logging_mixin.py:115} INFO - [2024-03-31 10:28:45,822] {dag.py:2968} INFO - Setting next_dagrun for example_trigger_controller_dag to 2021-01-01T00:00:00+00:00, run_after=2021-01-01T00:00:00+00:00
[2024-03-31 10:28:45,841] {processor.py:161} INFO - Processing /opt/conda/lib/python3.8/site-packages/airflow/example_dags/example_trigger_controller_dag.py took 0.061 seconds
[2024-03-31 10:29:24,368] {processor.py:153} INFO - Started process (PID=1701) to work on /opt/conda/lib/python3.8/site-packages/airflow/example_dags/example_trigger_controller_dag.py
[2024-03-31 10:29:24,370] {processor.py:641} INFO - Processing file /opt/conda/lib/python3.8/site-packages/airflow/example_dags/example_trigger_controller_dag.py for tasks to queue
[2024-03-31 10:29:24,370] {logging_mixin.py:115} INFO - [2024-03-31 10:29:24,370] {dagbag.py:508} INFO - Filling up the DagBag from /opt/conda/lib/python3.8/site-packages/airflow/example_dags/example_trigger_controller_dag.py
[2024-03-31 10:29:24,374] {processor.py:651} INFO - DAG(s) dict_keys(['example_trigger_controller_dag']) retrieved from /opt/conda/lib/python3.8/site-packages/airflow/example_dags/example_trigger_controller_dag.py
[2024-03-31 10:29:24,390] {logging_mixin.py:115} INFO - [2024-03-31 10:29:24,389] {dag.py:2420} INFO - Sync 1 DAGs
[2024-03-31 10:29:24,407] {logging_mixin.py:115} INFO - [2024-03-31 10:29:24,407] {dag.py:2968} INFO - Setting next_dagrun for example_trigger_controller_dag to 2021-01-01T00:00:00+00:00, run_after=2021-01-01T00:00:00+00:00
[2024-03-31 10:29:24,430] {processor.py:161} INFO - Processing /opt/conda/lib/python3.8/site-packages/airflow/example_dags/example_trigger_controller_dag.py took 0.064 seconds
[2024-03-31 10:30:30,867] {processor.py:153} INFO - Started process (PID=1821) to work on /opt/conda/lib/python3.8/site-packages/airflow/example_dags/example_trigger_controller_dag.py
[2024-03-31 10:30:30,868] {processor.py:641} INFO - Processing file /opt/conda/lib/python3.8/site-packages/airflow/example_dags/example_trigger_controller_dag.py for tasks to queue
[2024-03-31 10:30:30,869] {logging_mixin.py:115} INFO - [2024-03-31 10:30:30,869] {dagbag.py:508} INFO - Filling up the DagBag from /opt/conda/lib/python3.8/site-packages/airflow/example_dags/example_trigger_controller_dag.py
[2024-03-31 10:30:30,872] {processor.py:651} INFO - DAG(s) dict_keys(['example_trigger_controller_dag']) retrieved from /opt/conda/lib/python3.8/site-packages/airflow/example_dags/example_trigger_controller_dag.py
[2024-03-31 10:30:30,887] {logging_mixin.py:115} INFO - [2024-03-31 10:30:30,887] {dag.py:2420} INFO - Sync 1 DAGs
[2024-03-31 10:30:30,902] {logging_mixin.py:115} INFO - [2024-03-31 10:30:30,902] {dag.py:2968} INFO - Setting next_dagrun for example_trigger_controller_dag to 2021-01-01T00:00:00+00:00, run_after=2021-01-01T00:00:00+00:00
[2024-03-31 10:30:30,922] {processor.py:161} INFO - Processing /opt/conda/lib/python3.8/site-packages/airflow/example_dags/example_trigger_controller_dag.py took 0.058 seconds
[2024-03-31 10:31:07,812] {processor.py:153} INFO - Started process (PID=1874) to work on /opt/conda/lib/python3.8/site-packages/airflow/example_dags/example_trigger_controller_dag.py
[2024-03-31 10:31:07,814] {processor.py:641} INFO - Processing file /opt/conda/lib/python3.8/site-packages/airflow/example_dags/example_trigger_controller_dag.py for tasks to queue
[2024-03-31 10:31:07,814] {logging_mixin.py:115} INFO - [2024-03-31 10:31:07,814] {dagbag.py:508} INFO - Filling up the DagBag from /opt/conda/lib/python3.8/site-packages/airflow/example_dags/example_trigger_controller_dag.py
[2024-03-31 10:31:07,818] {processor.py:651} INFO - DAG(s) dict_keys(['example_trigger_controller_dag']) retrieved from /opt/conda/lib/python3.8/site-packages/airflow/example_dags/example_trigger_controller_dag.py
[2024-03-31 10:31:07,833] {logging_mixin.py:115} INFO - [2024-03-31 10:31:07,833] {dag.py:2420} INFO - Sync 1 DAGs
[2024-03-31 10:31:07,848] {logging_mixin.py:115} INFO - [2024-03-31 10:31:07,848] {dag.py:2968} INFO - Setting next_dagrun for example_trigger_controller_dag to 2021-01-01T00:00:00+00:00, run_after=2021-01-01T00:00:00+00:00
[2024-03-31 10:31:07,867] {processor.py:161} INFO - Processing /opt/conda/lib/python3.8/site-packages/airflow/example_dags/example_trigger_controller_dag.py took 0.057 seconds
[2024-03-31 10:32:00,897] {processor.py:153} INFO - Started process (PID=1992) to work on /opt/conda/lib/python3.8/site-packages/airflow/example_dags/example_trigger_controller_dag.py
[2024-03-31 10:32:00,899] {processor.py:641} INFO - Processing file /opt/conda/lib/python3.8/site-packages/airflow/example_dags/example_trigger_controller_dag.py for tasks to queue
[2024-03-31 10:32:00,899] {logging_mixin.py:115} INFO - [2024-03-31 10:32:00,899] {dagbag.py:508} INFO - Filling up the DagBag from /opt/conda/lib/python3.8/site-packages/airflow/example_dags/example_trigger_controller_dag.py
[2024-03-31 10:32:00,903] {processor.py:651} INFO - DAG(s) dict_keys(['example_trigger_controller_dag']) retrieved from /opt/conda/lib/python3.8/site-packages/airflow/example_dags/example_trigger_controller_dag.py
[2024-03-31 10:32:00,932] {logging_mixin.py:115} INFO - [2024-03-31 10:32:00,932] {dag.py:2420} INFO - Sync 1 DAGs
[2024-03-31 10:32:00,959] {logging_mixin.py:115} INFO - [2024-03-31 10:32:00,959] {dag.py:2968} INFO - Setting next_dagrun for example_trigger_controller_dag to 2021-01-01T00:00:00+00:00, run_after=2021-01-01T00:00:00+00:00
[2024-03-31 10:32:01,187] {processor.py:161} INFO - Processing /opt/conda/lib/python3.8/site-packages/airflow/example_dags/example_trigger_controller_dag.py took 0.293 seconds
[2024-03-31 10:32:57,441] {processor.py:153} INFO - Started process (PID=2283) to work on /opt/conda/lib/python3.8/site-packages/airflow/example_dags/example_trigger_controller_dag.py
[2024-03-31 10:32:57,443] {processor.py:641} INFO - Processing file /opt/conda/lib/python3.8/site-packages/airflow/example_dags/example_trigger_controller_dag.py for tasks to queue
[2024-03-31 10:32:57,444] {logging_mixin.py:115} INFO - [2024-03-31 10:32:57,444] {dagbag.py:508} INFO - Filling up the DagBag from /opt/conda/lib/python3.8/site-packages/airflow/example_dags/example_trigger_controller_dag.py
[2024-03-31 10:32:57,448] {processor.py:651} INFO - DAG(s) dict_keys(['example_trigger_controller_dag']) retrieved from /opt/conda/lib/python3.8/site-packages/airflow/example_dags/example_trigger_controller_dag.py
[2024-03-31 10:32:57,465] {logging_mixin.py:115} INFO - [2024-03-31 10:32:57,465] {dag.py:2420} INFO - Sync 1 DAGs
[2024-03-31 10:32:57,481] {logging_mixin.py:115} INFO - [2024-03-31 10:32:57,481] {dag.py:2968} INFO - Setting next_dagrun for example_trigger_controller_dag to 2021-01-01T00:00:00+00:00, run_after=2021-01-01T00:00:00+00:00
[2024-03-31 10:32:57,501] {processor.py:161} INFO - Processing /opt/conda/lib/python3.8/site-packages/airflow/example_dags/example_trigger_controller_dag.py took 0.063 seconds
[2024-03-31 10:33:35,362] {processor.py:153} INFO - Started process (PID=2345) to work on /opt/conda/lib/python3.8/site-packages/airflow/example_dags/example_trigger_controller_dag.py
[2024-03-31 10:33:35,364] {processor.py:641} INFO - Processing file /opt/conda/lib/python3.8/site-packages/airflow/example_dags/example_trigger_controller_dag.py for tasks to queue
[2024-03-31 10:33:35,365] {logging_mixin.py:115} INFO - [2024-03-31 10:33:35,364] {dagbag.py:508} INFO - Filling up the DagBag from /opt/conda/lib/python3.8/site-packages/airflow/example_dags/example_trigger_controller_dag.py
[2024-03-31 10:33:35,368] {processor.py:651} INFO - DAG(s) dict_keys(['example_trigger_controller_dag']) retrieved from /opt/conda/lib/python3.8/site-packages/airflow/example_dags/example_trigger_controller_dag.py
[2024-03-31 10:33:35,386] {logging_mixin.py:115} INFO - [2024-03-31 10:33:35,386] {dag.py:2420} INFO - Sync 1 DAGs
[2024-03-31 10:33:35,405] {logging_mixin.py:115} INFO - [2024-03-31 10:33:35,405] {dag.py:2968} INFO - Setting next_dagrun for example_trigger_controller_dag to 2021-01-01T00:00:00+00:00, run_after=2021-01-01T00:00:00+00:00
[2024-03-31 10:33:35,427] {processor.py:161} INFO - Processing /opt/conda/lib/python3.8/site-packages/airflow/example_dags/example_trigger_controller_dag.py took 0.068 seconds
