[2024-03-31 10:04:18,762] {processor.py:153} INFO - Started process (PID=938) to work on /opt/conda/lib/python3.8/site-packages/airflow/example_dags/example_sla_dag.py
[2024-03-31 10:04:18,763] {processor.py:641} INFO - Processing file /opt/conda/lib/python3.8/site-packages/airflow/example_dags/example_sla_dag.py for tasks to queue
[2024-03-31 10:04:18,763] {logging_mixin.py:115} INFO - [2024-03-31 10:04:18,763] {dagbag.py:508} INFO - Filling up the DagBag from /opt/conda/lib/python3.8/site-packages/airflow/example_dags/example_sla_dag.py
[2024-03-31 10:04:18,774] {processor.py:651} INFO - DAG(s) dict_keys(['example_sla_dag']) retrieved from /opt/conda/lib/python3.8/site-packages/airflow/example_dags/example_sla_dag.py
[2024-03-31 10:04:18,839] {logging_mixin.py:115} INFO - [2024-03-31 10:04:18,839] {manager.py:508} INFO - Created Permission View: can delete on DAG:example_sla_dag
[2024-03-31 10:04:18,857] {logging_mixin.py:115} INFO - [2024-03-31 10:04:18,857] {manager.py:508} INFO - Created Permission View: can read on DAG:example_sla_dag
[2024-03-31 10:04:18,871] {logging_mixin.py:115} INFO - [2024-03-31 10:04:18,871] {manager.py:508} INFO - Created Permission View: can edit on DAG:example_sla_dag
[2024-03-31 10:04:18,871] {logging_mixin.py:115} INFO - [2024-03-31 10:04:18,871] {dag.py:2420} INFO - Sync 1 DAGs
[2024-03-31 10:04:18,876] {logging_mixin.py:115} INFO - [2024-03-31 10:04:18,876] {dag.py:2439} INFO - Creating ORM DAG for example_sla_dag
[2024-03-31 10:04:18,884] {logging_mixin.py:115} INFO - [2024-03-31 10:04:18,884] {dag.py:2968} INFO - Setting next_dagrun for example_sla_dag to 2024-03-31T10:02:00+00:00, run_after=2024-03-31T10:04:00+00:00
[2024-03-31 10:04:18,905] {processor.py:161} INFO - Processing /opt/conda/lib/python3.8/site-packages/airflow/example_dags/example_sla_dag.py took 0.144 seconds
[2024-03-31 10:04:57,917] {processor.py:153} INFO - Started process (PID=972) to work on /opt/conda/lib/python3.8/site-packages/airflow/example_dags/example_sla_dag.py
[2024-03-31 10:04:57,919] {processor.py:641} INFO - Processing file /opt/conda/lib/python3.8/site-packages/airflow/example_dags/example_sla_dag.py for tasks to queue
[2024-03-31 10:04:57,920] {logging_mixin.py:115} INFO - [2024-03-31 10:04:57,919] {dagbag.py:508} INFO - Filling up the DagBag from /opt/conda/lib/python3.8/site-packages/airflow/example_dags/example_sla_dag.py
[2024-03-31 10:04:57,938] {processor.py:651} INFO - DAG(s) dict_keys(['example_sla_dag']) retrieved from /opt/conda/lib/python3.8/site-packages/airflow/example_dags/example_sla_dag.py
[2024-03-31 10:04:57,952] {logging_mixin.py:115} INFO - [2024-03-31 10:04:57,952] {dag.py:2420} INFO - Sync 1 DAGs
[2024-03-31 10:04:57,968] {logging_mixin.py:115} INFO - [2024-03-31 10:04:57,968] {dag.py:2968} INFO - Setting next_dagrun for example_sla_dag to 2024-03-31T10:02:00+00:00, run_after=2024-03-31T10:04:00+00:00
[2024-03-31 10:04:57,987] {processor.py:161} INFO - Processing /opt/conda/lib/python3.8/site-packages/airflow/example_dags/example_sla_dag.py took 0.073 seconds
[2024-03-31 10:05:33,116] {processor.py:153} INFO - Started process (PID=1006) to work on /opt/conda/lib/python3.8/site-packages/airflow/example_dags/example_sla_dag.py
[2024-03-31 10:05:33,118] {processor.py:641} INFO - Processing file /opt/conda/lib/python3.8/site-packages/airflow/example_dags/example_sla_dag.py for tasks to queue
[2024-03-31 10:05:33,119] {logging_mixin.py:115} INFO - [2024-03-31 10:05:33,119] {dagbag.py:508} INFO - Filling up the DagBag from /opt/conda/lib/python3.8/site-packages/airflow/example_dags/example_sla_dag.py
[2024-03-31 10:05:33,137] {processor.py:651} INFO - DAG(s) dict_keys(['example_sla_dag']) retrieved from /opt/conda/lib/python3.8/site-packages/airflow/example_dags/example_sla_dag.py
[2024-03-31 10:05:33,151] {logging_mixin.py:115} INFO - [2024-03-31 10:05:33,151] {dag.py:2420} INFO - Sync 1 DAGs
[2024-03-31 10:05:33,167] {logging_mixin.py:115} INFO - [2024-03-31 10:05:33,167] {dag.py:2968} INFO - Setting next_dagrun for example_sla_dag to 2024-03-31T10:02:00+00:00, run_after=2024-03-31T10:04:00+00:00
[2024-03-31 10:05:33,197] {processor.py:161} INFO - Processing /opt/conda/lib/python3.8/site-packages/airflow/example_dags/example_sla_dag.py took 0.084 seconds
[2024-03-31 10:06:08,853] {processor.py:153} INFO - Started process (PID=1040) to work on /opt/conda/lib/python3.8/site-packages/airflow/example_dags/example_sla_dag.py
[2024-03-31 10:06:08,855] {processor.py:641} INFO - Processing file /opt/conda/lib/python3.8/site-packages/airflow/example_dags/example_sla_dag.py for tasks to queue
[2024-03-31 10:06:08,856] {logging_mixin.py:115} INFO - [2024-03-31 10:06:08,856] {dagbag.py:508} INFO - Filling up the DagBag from /opt/conda/lib/python3.8/site-packages/airflow/example_dags/example_sla_dag.py
[2024-03-31 10:06:08,874] {processor.py:651} INFO - DAG(s) dict_keys(['example_sla_dag']) retrieved from /opt/conda/lib/python3.8/site-packages/airflow/example_dags/example_sla_dag.py
[2024-03-31 10:06:08,887] {logging_mixin.py:115} INFO - [2024-03-31 10:06:08,887] {dag.py:2420} INFO - Sync 1 DAGs
[2024-03-31 10:06:08,904] {logging_mixin.py:115} INFO - [2024-03-31 10:06:08,904] {dag.py:2968} INFO - Setting next_dagrun for example_sla_dag to 2024-03-31T10:04:00+00:00, run_after=2024-03-31T10:06:00+00:00
[2024-03-31 10:06:08,923] {processor.py:161} INFO - Processing /opt/conda/lib/python3.8/site-packages/airflow/example_dags/example_sla_dag.py took 0.074 seconds
[2024-03-31 10:06:42,313] {processor.py:153} INFO - Started process (PID=1074) to work on /opt/conda/lib/python3.8/site-packages/airflow/example_dags/example_sla_dag.py
[2024-03-31 10:06:42,315] {processor.py:641} INFO - Processing file /opt/conda/lib/python3.8/site-packages/airflow/example_dags/example_sla_dag.py for tasks to queue
[2024-03-31 10:06:42,315] {logging_mixin.py:115} INFO - [2024-03-31 10:06:42,315] {dagbag.py:508} INFO - Filling up the DagBag from /opt/conda/lib/python3.8/site-packages/airflow/example_dags/example_sla_dag.py
[2024-03-31 10:06:42,333] {processor.py:651} INFO - DAG(s) dict_keys(['example_sla_dag']) retrieved from /opt/conda/lib/python3.8/site-packages/airflow/example_dags/example_sla_dag.py
[2024-03-31 10:06:42,347] {logging_mixin.py:115} INFO - [2024-03-31 10:06:42,347] {dag.py:2420} INFO - Sync 1 DAGs
[2024-03-31 10:06:42,363] {logging_mixin.py:115} INFO - [2024-03-31 10:06:42,363] {dag.py:2968} INFO - Setting next_dagrun for example_sla_dag to 2024-03-31T10:04:00+00:00, run_after=2024-03-31T10:06:00+00:00
[2024-03-31 10:06:42,382] {processor.py:161} INFO - Processing /opt/conda/lib/python3.8/site-packages/airflow/example_dags/example_sla_dag.py took 0.072 seconds
[2024-03-31 10:07:15,340] {processor.py:153} INFO - Started process (PID=1108) to work on /opt/conda/lib/python3.8/site-packages/airflow/example_dags/example_sla_dag.py
[2024-03-31 10:07:15,342] {processor.py:641} INFO - Processing file /opt/conda/lib/python3.8/site-packages/airflow/example_dags/example_sla_dag.py for tasks to queue
[2024-03-31 10:07:15,343] {logging_mixin.py:115} INFO - [2024-03-31 10:07:15,343] {dagbag.py:508} INFO - Filling up the DagBag from /opt/conda/lib/python3.8/site-packages/airflow/example_dags/example_sla_dag.py
[2024-03-31 10:07:15,363] {processor.py:651} INFO - DAG(s) dict_keys(['example_sla_dag']) retrieved from /opt/conda/lib/python3.8/site-packages/airflow/example_dags/example_sla_dag.py
[2024-03-31 10:07:15,379] {logging_mixin.py:115} INFO - [2024-03-31 10:07:15,379] {dag.py:2420} INFO - Sync 1 DAGs
[2024-03-31 10:07:15,396] {logging_mixin.py:115} INFO - [2024-03-31 10:07:15,396] {dag.py:2968} INFO - Setting next_dagrun for example_sla_dag to 2024-03-31T10:04:00+00:00, run_after=2024-03-31T10:06:00+00:00
[2024-03-31 10:07:15,423] {processor.py:161} INFO - Processing /opt/conda/lib/python3.8/site-packages/airflow/example_dags/example_sla_dag.py took 0.086 seconds
[2024-03-31 10:07:49,437] {processor.py:153} INFO - Started process (PID=1142) to work on /opt/conda/lib/python3.8/site-packages/airflow/example_dags/example_sla_dag.py
[2024-03-31 10:07:49,438] {processor.py:641} INFO - Processing file /opt/conda/lib/python3.8/site-packages/airflow/example_dags/example_sla_dag.py for tasks to queue
[2024-03-31 10:07:49,439] {logging_mixin.py:115} INFO - [2024-03-31 10:07:49,439] {dagbag.py:508} INFO - Filling up the DagBag from /opt/conda/lib/python3.8/site-packages/airflow/example_dags/example_sla_dag.py
[2024-03-31 10:07:49,459] {processor.py:651} INFO - DAG(s) dict_keys(['example_sla_dag']) retrieved from /opt/conda/lib/python3.8/site-packages/airflow/example_dags/example_sla_dag.py
[2024-03-31 10:07:49,476] {logging_mixin.py:115} INFO - [2024-03-31 10:07:49,476] {dag.py:2420} INFO - Sync 1 DAGs
[2024-03-31 10:07:49,498] {logging_mixin.py:115} INFO - [2024-03-31 10:07:49,498] {dag.py:2968} INFO - Setting next_dagrun for example_sla_dag to 2024-03-31T10:04:00+00:00, run_after=2024-03-31T10:06:00+00:00
[2024-03-31 10:07:49,518] {processor.py:161} INFO - Processing /opt/conda/lib/python3.8/site-packages/airflow/example_dags/example_sla_dag.py took 0.085 seconds
[2024-03-31 10:08:23,713] {processor.py:153} INFO - Started process (PID=1180) to work on /opt/conda/lib/python3.8/site-packages/airflow/example_dags/example_sla_dag.py
[2024-03-31 10:08:23,715] {processor.py:641} INFO - Processing file /opt/conda/lib/python3.8/site-packages/airflow/example_dags/example_sla_dag.py for tasks to queue
[2024-03-31 10:08:23,715] {logging_mixin.py:115} INFO - [2024-03-31 10:08:23,715] {dagbag.py:508} INFO - Filling up the DagBag from /opt/conda/lib/python3.8/site-packages/airflow/example_dags/example_sla_dag.py
[2024-03-31 10:08:23,733] {processor.py:651} INFO - DAG(s) dict_keys(['example_sla_dag']) retrieved from /opt/conda/lib/python3.8/site-packages/airflow/example_dags/example_sla_dag.py
[2024-03-31 10:08:23,747] {logging_mixin.py:115} INFO - [2024-03-31 10:08:23,747] {dag.py:2420} INFO - Sync 1 DAGs
[2024-03-31 10:08:23,763] {logging_mixin.py:115} INFO - [2024-03-31 10:08:23,763] {dag.py:2968} INFO - Setting next_dagrun for example_sla_dag to 2024-03-31T10:06:00+00:00, run_after=2024-03-31T10:08:00+00:00
[2024-03-31 10:08:23,783] {processor.py:161} INFO - Processing /opt/conda/lib/python3.8/site-packages/airflow/example_dags/example_sla_dag.py took 0.073 seconds
[2024-03-31 10:08:56,822] {processor.py:153} INFO - Started process (PID=1214) to work on /opt/conda/lib/python3.8/site-packages/airflow/example_dags/example_sla_dag.py
[2024-03-31 10:08:56,824] {processor.py:641} INFO - Processing file /opt/conda/lib/python3.8/site-packages/airflow/example_dags/example_sla_dag.py for tasks to queue
[2024-03-31 10:08:56,825] {logging_mixin.py:115} INFO - [2024-03-31 10:08:56,824] {dagbag.py:508} INFO - Filling up the DagBag from /opt/conda/lib/python3.8/site-packages/airflow/example_dags/example_sla_dag.py
[2024-03-31 10:08:56,844] {processor.py:651} INFO - DAG(s) dict_keys(['example_sla_dag']) retrieved from /opt/conda/lib/python3.8/site-packages/airflow/example_dags/example_sla_dag.py
[2024-03-31 10:08:56,862] {logging_mixin.py:115} INFO - [2024-03-31 10:08:56,861] {dag.py:2420} INFO - Sync 1 DAGs
[2024-03-31 10:08:56,879] {logging_mixin.py:115} INFO - [2024-03-31 10:08:56,879] {dag.py:2968} INFO - Setting next_dagrun for example_sla_dag to 2024-03-31T10:06:00+00:00, run_after=2024-03-31T10:08:00+00:00
[2024-03-31 10:08:56,899] {processor.py:161} INFO - Processing /opt/conda/lib/python3.8/site-packages/airflow/example_dags/example_sla_dag.py took 0.080 seconds
[2024-03-31 10:09:33,296] {processor.py:153} INFO - Started process (PID=1249) to work on /opt/conda/lib/python3.8/site-packages/airflow/example_dags/example_sla_dag.py
[2024-03-31 10:09:33,298] {processor.py:641} INFO - Processing file /opt/conda/lib/python3.8/site-packages/airflow/example_dags/example_sla_dag.py for tasks to queue
[2024-03-31 10:09:33,298] {logging_mixin.py:115} INFO - [2024-03-31 10:09:33,298] {dagbag.py:508} INFO - Filling up the DagBag from /opt/conda/lib/python3.8/site-packages/airflow/example_dags/example_sla_dag.py
[2024-03-31 10:09:33,317] {processor.py:651} INFO - DAG(s) dict_keys(['example_sla_dag']) retrieved from /opt/conda/lib/python3.8/site-packages/airflow/example_dags/example_sla_dag.py
[2024-03-31 10:09:33,330] {logging_mixin.py:115} INFO - [2024-03-31 10:09:33,330] {dag.py:2420} INFO - Sync 1 DAGs
[2024-03-31 10:09:33,346] {logging_mixin.py:115} INFO - [2024-03-31 10:09:33,346] {dag.py:2968} INFO - Setting next_dagrun for example_sla_dag to 2024-03-31T10:06:00+00:00, run_after=2024-03-31T10:08:00+00:00
[2024-03-31 10:09:33,365] {processor.py:161} INFO - Processing /opt/conda/lib/python3.8/site-packages/airflow/example_dags/example_sla_dag.py took 0.073 seconds
[2024-03-31 10:10:06,508] {processor.py:153} INFO - Started process (PID=1284) to work on /opt/conda/lib/python3.8/site-packages/airflow/example_dags/example_sla_dag.py
[2024-03-31 10:10:06,514] {processor.py:641} INFO - Processing file /opt/conda/lib/python3.8/site-packages/airflow/example_dags/example_sla_dag.py for tasks to queue
[2024-03-31 10:10:06,515] {logging_mixin.py:115} INFO - [2024-03-31 10:10:06,515] {dagbag.py:508} INFO - Filling up the DagBag from /opt/conda/lib/python3.8/site-packages/airflow/example_dags/example_sla_dag.py
[2024-03-31 10:10:06,535] {processor.py:651} INFO - DAG(s) dict_keys(['example_sla_dag']) retrieved from /opt/conda/lib/python3.8/site-packages/airflow/example_dags/example_sla_dag.py
[2024-03-31 10:10:06,550] {logging_mixin.py:115} INFO - [2024-03-31 10:10:06,550] {dag.py:2420} INFO - Sync 1 DAGs
[2024-03-31 10:10:06,567] {logging_mixin.py:115} INFO - [2024-03-31 10:10:06,567] {dag.py:2968} INFO - Setting next_dagrun for example_sla_dag to 2024-03-31T10:08:00+00:00, run_after=2024-03-31T10:10:00+00:00
[2024-03-31 10:10:06,587] {processor.py:161} INFO - Processing /opt/conda/lib/python3.8/site-packages/airflow/example_dags/example_sla_dag.py took 0.082 seconds
[2024-03-31 10:12:39,401] {processor.py:153} INFO - Started process (PID=1402) to work on /opt/conda/lib/python3.8/site-packages/airflow/example_dags/example_sla_dag.py
[2024-03-31 10:12:39,403] {processor.py:641} INFO - Processing file /opt/conda/lib/python3.8/site-packages/airflow/example_dags/example_sla_dag.py for tasks to queue
[2024-03-31 10:12:39,403] {logging_mixin.py:115} INFO - [2024-03-31 10:12:39,403] {dagbag.py:508} INFO - Filling up the DagBag from /opt/conda/lib/python3.8/site-packages/airflow/example_dags/example_sla_dag.py
[2024-03-31 10:12:39,423] {processor.py:651} INFO - DAG(s) dict_keys(['example_sla_dag']) retrieved from /opt/conda/lib/python3.8/site-packages/airflow/example_dags/example_sla_dag.py
[2024-03-31 10:12:39,438] {logging_mixin.py:115} INFO - [2024-03-31 10:12:39,438] {dag.py:2420} INFO - Sync 1 DAGs
[2024-03-31 10:12:39,454] {logging_mixin.py:115} INFO - [2024-03-31 10:12:39,454] {dag.py:2968} INFO - Setting next_dagrun for example_sla_dag to 2024-03-31T10:10:00+00:00, run_after=2024-03-31T10:12:00+00:00
[2024-03-31 10:12:39,474] {processor.py:161} INFO - Processing /opt/conda/lib/python3.8/site-packages/airflow/example_dags/example_sla_dag.py took 0.076 seconds
[2024-03-31 10:13:15,280] {processor.py:153} INFO - Started process (PID=1438) to work on /opt/conda/lib/python3.8/site-packages/airflow/example_dags/example_sla_dag.py
[2024-03-31 10:13:15,282] {processor.py:641} INFO - Processing file /opt/conda/lib/python3.8/site-packages/airflow/example_dags/example_sla_dag.py for tasks to queue
[2024-03-31 10:13:15,283] {logging_mixin.py:115} INFO - [2024-03-31 10:13:15,283] {dagbag.py:508} INFO - Filling up the DagBag from /opt/conda/lib/python3.8/site-packages/airflow/example_dags/example_sla_dag.py
[2024-03-31 10:13:15,301] {processor.py:651} INFO - DAG(s) dict_keys(['example_sla_dag']) retrieved from /opt/conda/lib/python3.8/site-packages/airflow/example_dags/example_sla_dag.py
[2024-03-31 10:13:15,315] {logging_mixin.py:115} INFO - [2024-03-31 10:13:15,315] {dag.py:2420} INFO - Sync 1 DAGs
[2024-03-31 10:13:15,332] {logging_mixin.py:115} INFO - [2024-03-31 10:13:15,332] {dag.py:2968} INFO - Setting next_dagrun for example_sla_dag to 2024-03-31T10:10:00+00:00, run_after=2024-03-31T10:12:00+00:00
[2024-03-31 10:13:15,350] {processor.py:161} INFO - Processing /opt/conda/lib/python3.8/site-packages/airflow/example_dags/example_sla_dag.py took 0.073 seconds
[2024-03-31 10:28:22,024] {processor.py:153} INFO - Started process (PID=1609) to work on /opt/conda/lib/python3.8/site-packages/airflow/example_dags/example_sla_dag.py
[2024-03-31 10:28:22,026] {processor.py:641} INFO - Processing file /opt/conda/lib/python3.8/site-packages/airflow/example_dags/example_sla_dag.py for tasks to queue
[2024-03-31 10:28:22,026] {logging_mixin.py:115} INFO - [2024-03-31 10:28:22,026] {dagbag.py:508} INFO - Filling up the DagBag from /opt/conda/lib/python3.8/site-packages/airflow/example_dags/example_sla_dag.py
[2024-03-31 10:28:22,045] {processor.py:651} INFO - DAG(s) dict_keys(['example_sla_dag']) retrieved from /opt/conda/lib/python3.8/site-packages/airflow/example_dags/example_sla_dag.py
[2024-03-31 10:28:22,060] {logging_mixin.py:115} INFO - [2024-03-31 10:28:22,060] {dag.py:2420} INFO - Sync 1 DAGs
[2024-03-31 10:28:22,078] {logging_mixin.py:115} INFO - [2024-03-31 10:28:22,078] {dag.py:2968} INFO - Setting next_dagrun for example_sla_dag to 2024-03-31T10:26:00+00:00, run_after=2024-03-31T10:28:00+00:00
[2024-03-31 10:28:22,099] {processor.py:161} INFO - Processing /opt/conda/lib/python3.8/site-packages/airflow/example_dags/example_sla_dag.py took 0.078 seconds
[2024-03-31 10:29:00,016] {processor.py:153} INFO - Started process (PID=1662) to work on /opt/conda/lib/python3.8/site-packages/airflow/example_dags/example_sla_dag.py
[2024-03-31 10:29:00,018] {processor.py:641} INFO - Processing file /opt/conda/lib/python3.8/site-packages/airflow/example_dags/example_sla_dag.py for tasks to queue
[2024-03-31 10:29:00,019] {logging_mixin.py:115} INFO - [2024-03-31 10:29:00,019] {dagbag.py:508} INFO - Filling up the DagBag from /opt/conda/lib/python3.8/site-packages/airflow/example_dags/example_sla_dag.py
[2024-03-31 10:29:00,036] {processor.py:651} INFO - DAG(s) dict_keys(['example_sla_dag']) retrieved from /opt/conda/lib/python3.8/site-packages/airflow/example_dags/example_sla_dag.py
[2024-03-31 10:29:00,049] {logging_mixin.py:115} INFO - [2024-03-31 10:29:00,049] {dag.py:2420} INFO - Sync 1 DAGs
[2024-03-31 10:29:00,065] {logging_mixin.py:115} INFO - [2024-03-31 10:29:00,065] {dag.py:2968} INFO - Setting next_dagrun for example_sla_dag to 2024-03-31T10:26:00+00:00, run_after=2024-03-31T10:28:00+00:00
[2024-03-31 10:29:00,084] {processor.py:161} INFO - Processing /opt/conda/lib/python3.8/site-packages/airflow/example_dags/example_sla_dag.py took 0.070 seconds
[2024-03-31 10:29:38,780] {processor.py:153} INFO - Started process (PID=1715) to work on /opt/conda/lib/python3.8/site-packages/airflow/example_dags/example_sla_dag.py
[2024-03-31 10:29:38,782] {processor.py:641} INFO - Processing file /opt/conda/lib/python3.8/site-packages/airflow/example_dags/example_sla_dag.py for tasks to queue
[2024-03-31 10:29:38,783] {logging_mixin.py:115} INFO - [2024-03-31 10:29:38,782] {dagbag.py:508} INFO - Filling up the DagBag from /opt/conda/lib/python3.8/site-packages/airflow/example_dags/example_sla_dag.py
[2024-03-31 10:29:38,800] {processor.py:651} INFO - DAG(s) dict_keys(['example_sla_dag']) retrieved from /opt/conda/lib/python3.8/site-packages/airflow/example_dags/example_sla_dag.py
[2024-03-31 10:29:38,813] {logging_mixin.py:115} INFO - [2024-03-31 10:29:38,813] {dag.py:2420} INFO - Sync 1 DAGs
[2024-03-31 10:29:38,829] {logging_mixin.py:115} INFO - [2024-03-31 10:29:38,829] {dag.py:2968} INFO - Setting next_dagrun for example_sla_dag to 2024-03-31T10:26:00+00:00, run_after=2024-03-31T10:28:00+00:00
[2024-03-31 10:29:38,861] {processor.py:161} INFO - Processing /opt/conda/lib/python3.8/site-packages/airflow/example_dags/example_sla_dag.py took 0.084 seconds
[2024-03-31 10:30:45,373] {processor.py:153} INFO - Started process (PID=1835) to work on /opt/conda/lib/python3.8/site-packages/airflow/example_dags/example_sla_dag.py
[2024-03-31 10:30:45,374] {processor.py:641} INFO - Processing file /opt/conda/lib/python3.8/site-packages/airflow/example_dags/example_sla_dag.py for tasks to queue
[2024-03-31 10:30:45,375] {logging_mixin.py:115} INFO - [2024-03-31 10:30:45,375] {dagbag.py:508} INFO - Filling up the DagBag from /opt/conda/lib/python3.8/site-packages/airflow/example_dags/example_sla_dag.py
[2024-03-31 10:30:45,393] {processor.py:651} INFO - DAG(s) dict_keys(['example_sla_dag']) retrieved from /opt/conda/lib/python3.8/site-packages/airflow/example_dags/example_sla_dag.py
[2024-03-31 10:30:45,409] {logging_mixin.py:115} INFO - [2024-03-31 10:30:45,409] {dag.py:2420} INFO - Sync 1 DAGs
[2024-03-31 10:30:45,429] {logging_mixin.py:115} INFO - [2024-03-31 10:30:45,429] {dag.py:2968} INFO - Setting next_dagrun for example_sla_dag to 2024-03-31T10:28:00+00:00, run_after=2024-03-31T10:30:00+00:00
[2024-03-31 10:30:45,448] {processor.py:161} INFO - Processing /opt/conda/lib/python3.8/site-packages/airflow/example_dags/example_sla_dag.py took 0.079 seconds
[2024-03-31 10:31:23,364] {processor.py:153} INFO - Started process (PID=1888) to work on /opt/conda/lib/python3.8/site-packages/airflow/example_dags/example_sla_dag.py
[2024-03-31 10:31:23,366] {processor.py:641} INFO - Processing file /opt/conda/lib/python3.8/site-packages/airflow/example_dags/example_sla_dag.py for tasks to queue
[2024-03-31 10:31:23,366] {logging_mixin.py:115} INFO - [2024-03-31 10:31:23,366] {dagbag.py:508} INFO - Filling up the DagBag from /opt/conda/lib/python3.8/site-packages/airflow/example_dags/example_sla_dag.py
[2024-03-31 10:31:23,384] {processor.py:651} INFO - DAG(s) dict_keys(['example_sla_dag']) retrieved from /opt/conda/lib/python3.8/site-packages/airflow/example_dags/example_sla_dag.py
[2024-03-31 10:31:23,400] {logging_mixin.py:115} INFO - [2024-03-31 10:31:23,400] {dag.py:2420} INFO - Sync 1 DAGs
[2024-03-31 10:31:23,421] {logging_mixin.py:115} INFO - [2024-03-31 10:31:23,421] {dag.py:2968} INFO - Setting next_dagrun for example_sla_dag to 2024-03-31T10:28:00+00:00, run_after=2024-03-31T10:30:00+00:00
[2024-03-31 10:31:23,441] {processor.py:161} INFO - Processing /opt/conda/lib/python3.8/site-packages/airflow/example_dags/example_sla_dag.py took 0.080 seconds
[2024-03-31 10:32:22,304] {processor.py:153} INFO - Started process (PID=2091) to work on /opt/conda/lib/python3.8/site-packages/airflow/example_dags/example_sla_dag.py
[2024-03-31 10:32:22,307] {processor.py:641} INFO - Processing file /opt/conda/lib/python3.8/site-packages/airflow/example_dags/example_sla_dag.py for tasks to queue
[2024-03-31 10:32:22,307] {logging_mixin.py:115} INFO - [2024-03-31 10:32:22,307] {dagbag.py:508} INFO - Filling up the DagBag from /opt/conda/lib/python3.8/site-packages/airflow/example_dags/example_sla_dag.py
[2024-03-31 10:32:22,325] {processor.py:651} INFO - DAG(s) dict_keys(['example_sla_dag']) retrieved from /opt/conda/lib/python3.8/site-packages/airflow/example_dags/example_sla_dag.py
[2024-03-31 10:32:22,358] {logging_mixin.py:115} INFO - [2024-03-31 10:32:22,358] {dag.py:2420} INFO - Sync 1 DAGs
[2024-03-31 10:32:22,385] {logging_mixin.py:115} INFO - [2024-03-31 10:32:22,385] {dag.py:2968} INFO - Setting next_dagrun for example_sla_dag to 2024-03-31T10:30:00+00:00, run_after=2024-03-31T10:32:00+00:00
[2024-03-31 10:32:22,404] {processor.py:161} INFO - Processing /opt/conda/lib/python3.8/site-packages/airflow/example_dags/example_sla_dag.py took 0.103 seconds
[2024-03-31 10:33:11,876] {processor.py:153} INFO - Started process (PID=2301) to work on /opt/conda/lib/python3.8/site-packages/airflow/example_dags/example_sla_dag.py
[2024-03-31 10:33:11,878] {processor.py:641} INFO - Processing file /opt/conda/lib/python3.8/site-packages/airflow/example_dags/example_sla_dag.py for tasks to queue
[2024-03-31 10:33:11,878] {logging_mixin.py:115} INFO - [2024-03-31 10:33:11,878] {dagbag.py:508} INFO - Filling up the DagBag from /opt/conda/lib/python3.8/site-packages/airflow/example_dags/example_sla_dag.py
[2024-03-31 10:33:11,897] {processor.py:651} INFO - DAG(s) dict_keys(['example_sla_dag']) retrieved from /opt/conda/lib/python3.8/site-packages/airflow/example_dags/example_sla_dag.py
[2024-03-31 10:33:11,910] {logging_mixin.py:115} INFO - [2024-03-31 10:33:11,910] {dag.py:2420} INFO - Sync 1 DAGs
[2024-03-31 10:33:11,927] {logging_mixin.py:115} INFO - [2024-03-31 10:33:11,927] {dag.py:2968} INFO - Setting next_dagrun for example_sla_dag to 2024-03-31T10:30:00+00:00, run_after=2024-03-31T10:32:00+00:00
[2024-03-31 10:33:11,945] {processor.py:161} INFO - Processing /opt/conda/lib/python3.8/site-packages/airflow/example_dags/example_sla_dag.py took 0.073 seconds
[2024-03-31 10:33:49,665] {processor.py:153} INFO - Started process (PID=2359) to work on /opt/conda/lib/python3.8/site-packages/airflow/example_dags/example_sla_dag.py
[2024-03-31 10:33:49,667] {processor.py:641} INFO - Processing file /opt/conda/lib/python3.8/site-packages/airflow/example_dags/example_sla_dag.py for tasks to queue
[2024-03-31 10:33:49,668] {logging_mixin.py:115} INFO - [2024-03-31 10:33:49,668] {dagbag.py:508} INFO - Filling up the DagBag from /opt/conda/lib/python3.8/site-packages/airflow/example_dags/example_sla_dag.py
[2024-03-31 10:33:49,688] {processor.py:651} INFO - DAG(s) dict_keys(['example_sla_dag']) retrieved from /opt/conda/lib/python3.8/site-packages/airflow/example_dags/example_sla_dag.py
[2024-03-31 10:33:49,704] {logging_mixin.py:115} INFO - [2024-03-31 10:33:49,704] {dag.py:2420} INFO - Sync 1 DAGs
[2024-03-31 10:33:49,724] {logging_mixin.py:115} INFO - [2024-03-31 10:33:49,724] {dag.py:2968} INFO - Setting next_dagrun for example_sla_dag to 2024-03-31T10:30:00+00:00, run_after=2024-03-31T10:32:00+00:00
[2024-03-31 10:33:49,743] {processor.py:161} INFO - Processing /opt/conda/lib/python3.8/site-packages/airflow/example_dags/example_sla_dag.py took 0.081 seconds
