[2024-03-31 10:03:58,474] {processor.py:153} INFO - Started process (PID=922) to work on /opt/conda/lib/python3.8/site-packages/airflow/example_dags/tutorial_etl_dag.py
[2024-03-31 10:03:58,474] {processor.py:641} INFO - Processing file /opt/conda/lib/python3.8/site-packages/airflow/example_dags/tutorial_etl_dag.py for tasks to queue
[2024-03-31 10:03:58,475] {logging_mixin.py:115} INFO - [2024-03-31 10:03:58,475] {dagbag.py:508} INFO - Filling up the DagBag from /opt/conda/lib/python3.8/site-packages/airflow/example_dags/tutorial_etl_dag.py
[2024-03-31 10:03:58,593] {processor.py:651} INFO - DAG(s) dict_keys(['tutorial_etl_dag']) retrieved from /opt/conda/lib/python3.8/site-packages/airflow/example_dags/tutorial_etl_dag.py
[2024-03-31 10:03:58,652] {logging_mixin.py:115} INFO - [2024-03-31 10:03:58,652] {manager.py:508} INFO - Created Permission View: can delete on DAG:tutorial_etl_dag
[2024-03-31 10:03:58,669] {logging_mixin.py:115} INFO - [2024-03-31 10:03:58,669] {manager.py:508} INFO - Created Permission View: can read on DAG:tutorial_etl_dag
[2024-03-31 10:03:58,683] {logging_mixin.py:115} INFO - [2024-03-31 10:03:58,683] {manager.py:508} INFO - Created Permission View: can edit on DAG:tutorial_etl_dag
[2024-03-31 10:03:58,683] {logging_mixin.py:115} INFO - [2024-03-31 10:03:58,683] {dag.py:2420} INFO - Sync 1 DAGs
[2024-03-31 10:03:58,688] {logging_mixin.py:115} INFO - [2024-03-31 10:03:58,688] {dag.py:2439} INFO - Creating ORM DAG for tutorial_etl_dag
[2024-03-31 10:03:58,696] {logging_mixin.py:115} INFO - [2024-03-31 10:03:58,696] {dag.py:2968} INFO - Setting next_dagrun for tutorial_etl_dag to None, run_after=None
[2024-03-31 10:03:58,725] {processor.py:161} INFO - Processing /opt/conda/lib/python3.8/site-packages/airflow/example_dags/tutorial_etl_dag.py took 0.254 seconds
[2024-03-31 10:04:42,185] {processor.py:153} INFO - Started process (PID=957) to work on /opt/conda/lib/python3.8/site-packages/airflow/example_dags/tutorial_etl_dag.py
[2024-03-31 10:04:42,187] {processor.py:641} INFO - Processing file /opt/conda/lib/python3.8/site-packages/airflow/example_dags/tutorial_etl_dag.py for tasks to queue
[2024-03-31 10:04:42,188] {logging_mixin.py:115} INFO - [2024-03-31 10:04:42,188] {dagbag.py:508} INFO - Filling up the DagBag from /opt/conda/lib/python3.8/site-packages/airflow/example_dags/tutorial_etl_dag.py
[2024-03-31 10:04:42,196] {processor.py:651} INFO - DAG(s) dict_keys(['tutorial_etl_dag']) retrieved from /opt/conda/lib/python3.8/site-packages/airflow/example_dags/tutorial_etl_dag.py
[2024-03-31 10:04:42,213] {logging_mixin.py:115} INFO - [2024-03-31 10:04:42,213] {dag.py:2420} INFO - Sync 1 DAGs
[2024-03-31 10:04:42,232] {logging_mixin.py:115} INFO - [2024-03-31 10:04:42,232] {dag.py:2968} INFO - Setting next_dagrun for tutorial_etl_dag to None, run_after=None
[2024-03-31 10:04:42,255] {processor.py:161} INFO - Processing /opt/conda/lib/python3.8/site-packages/airflow/example_dags/tutorial_etl_dag.py took 0.073 seconds
[2024-03-31 10:05:13,496] {processor.py:153} INFO - Started process (PID=987) to work on /opt/conda/lib/python3.8/site-packages/airflow/example_dags/tutorial_etl_dag.py
[2024-03-31 10:05:13,497] {processor.py:641} INFO - Processing file /opt/conda/lib/python3.8/site-packages/airflow/example_dags/tutorial_etl_dag.py for tasks to queue
[2024-03-31 10:05:13,497] {logging_mixin.py:115} INFO - [2024-03-31 10:05:13,497] {dagbag.py:508} INFO - Filling up the DagBag from /opt/conda/lib/python3.8/site-packages/airflow/example_dags/tutorial_etl_dag.py
[2024-03-31 10:05:13,505] {processor.py:651} INFO - DAG(s) dict_keys(['tutorial_etl_dag']) retrieved from /opt/conda/lib/python3.8/site-packages/airflow/example_dags/tutorial_etl_dag.py
[2024-03-31 10:05:13,519] {logging_mixin.py:115} INFO - [2024-03-31 10:05:13,519] {dag.py:2420} INFO - Sync 1 DAGs
[2024-03-31 10:05:13,533] {logging_mixin.py:115} INFO - [2024-03-31 10:05:13,533] {dag.py:2968} INFO - Setting next_dagrun for tutorial_etl_dag to None, run_after=None
[2024-03-31 10:05:13,554] {processor.py:161} INFO - Processing /opt/conda/lib/python3.8/site-packages/airflow/example_dags/tutorial_etl_dag.py took 0.061 seconds
[2024-03-31 10:05:45,029] {processor.py:153} INFO - Started process (PID=1017) to work on /opt/conda/lib/python3.8/site-packages/airflow/example_dags/tutorial_etl_dag.py
[2024-03-31 10:05:45,031] {processor.py:641} INFO - Processing file /opt/conda/lib/python3.8/site-packages/airflow/example_dags/tutorial_etl_dag.py for tasks to queue
[2024-03-31 10:05:45,032] {logging_mixin.py:115} INFO - [2024-03-31 10:05:45,031] {dagbag.py:508} INFO - Filling up the DagBag from /opt/conda/lib/python3.8/site-packages/airflow/example_dags/tutorial_etl_dag.py
[2024-03-31 10:05:45,039] {processor.py:651} INFO - DAG(s) dict_keys(['tutorial_etl_dag']) retrieved from /opt/conda/lib/python3.8/site-packages/airflow/example_dags/tutorial_etl_dag.py
[2024-03-31 10:05:45,054] {logging_mixin.py:115} INFO - [2024-03-31 10:05:45,054] {dag.py:2420} INFO - Sync 1 DAGs
[2024-03-31 10:05:45,068] {logging_mixin.py:115} INFO - [2024-03-31 10:05:45,068] {dag.py:2968} INFO - Setting next_dagrun for tutorial_etl_dag to None, run_after=None
[2024-03-31 10:05:45,088] {processor.py:161} INFO - Processing /opt/conda/lib/python3.8/site-packages/airflow/example_dags/tutorial_etl_dag.py took 0.062 seconds
[2024-03-31 10:06:19,665] {processor.py:153} INFO - Started process (PID=1050) to work on /opt/conda/lib/python3.8/site-packages/airflow/example_dags/tutorial_etl_dag.py
[2024-03-31 10:06:19,667] {processor.py:641} INFO - Processing file /opt/conda/lib/python3.8/site-packages/airflow/example_dags/tutorial_etl_dag.py for tasks to queue
[2024-03-31 10:06:19,668] {logging_mixin.py:115} INFO - [2024-03-31 10:06:19,668] {dagbag.py:508} INFO - Filling up the DagBag from /opt/conda/lib/python3.8/site-packages/airflow/example_dags/tutorial_etl_dag.py
[2024-03-31 10:06:19,675] {processor.py:651} INFO - DAG(s) dict_keys(['tutorial_etl_dag']) retrieved from /opt/conda/lib/python3.8/site-packages/airflow/example_dags/tutorial_etl_dag.py
[2024-03-31 10:06:19,690] {logging_mixin.py:115} INFO - [2024-03-31 10:06:19,690] {dag.py:2420} INFO - Sync 1 DAGs
[2024-03-31 10:06:19,705] {logging_mixin.py:115} INFO - [2024-03-31 10:06:19,705] {dag.py:2968} INFO - Setting next_dagrun for tutorial_etl_dag to None, run_after=None
[2024-03-31 10:06:19,725] {processor.py:161} INFO - Processing /opt/conda/lib/python3.8/site-packages/airflow/example_dags/tutorial_etl_dag.py took 0.063 seconds
[2024-03-31 10:06:51,017] {processor.py:153} INFO - Started process (PID=1082) to work on /opt/conda/lib/python3.8/site-packages/airflow/example_dags/tutorial_etl_dag.py
[2024-03-31 10:06:51,017] {processor.py:641} INFO - Processing file /opt/conda/lib/python3.8/site-packages/airflow/example_dags/tutorial_etl_dag.py for tasks to queue
[2024-03-31 10:06:51,018] {logging_mixin.py:115} INFO - [2024-03-31 10:06:51,017] {dagbag.py:508} INFO - Filling up the DagBag from /opt/conda/lib/python3.8/site-packages/airflow/example_dags/tutorial_etl_dag.py
[2024-03-31 10:06:51,025] {processor.py:651} INFO - DAG(s) dict_keys(['tutorial_etl_dag']) retrieved from /opt/conda/lib/python3.8/site-packages/airflow/example_dags/tutorial_etl_dag.py
[2024-03-31 10:06:51,039] {logging_mixin.py:115} INFO - [2024-03-31 10:06:51,039] {dag.py:2420} INFO - Sync 1 DAGs
[2024-03-31 10:06:51,054] {logging_mixin.py:115} INFO - [2024-03-31 10:06:51,054] {dag.py:2968} INFO - Setting next_dagrun for tutorial_etl_dag to None, run_after=None
[2024-03-31 10:06:51,073] {processor.py:161} INFO - Processing /opt/conda/lib/python3.8/site-packages/airflow/example_dags/tutorial_etl_dag.py took 0.060 seconds
[2024-03-31 10:07:21,661] {processor.py:153} INFO - Started process (PID=1114) to work on /opt/conda/lib/python3.8/site-packages/airflow/example_dags/tutorial_etl_dag.py
[2024-03-31 10:07:21,663] {processor.py:641} INFO - Processing file /opt/conda/lib/python3.8/site-packages/airflow/example_dags/tutorial_etl_dag.py for tasks to queue
[2024-03-31 10:07:21,664] {logging_mixin.py:115} INFO - [2024-03-31 10:07:21,664] {dagbag.py:508} INFO - Filling up the DagBag from /opt/conda/lib/python3.8/site-packages/airflow/example_dags/tutorial_etl_dag.py
[2024-03-31 10:07:21,671] {processor.py:651} INFO - DAG(s) dict_keys(['tutorial_etl_dag']) retrieved from /opt/conda/lib/python3.8/site-packages/airflow/example_dags/tutorial_etl_dag.py
[2024-03-31 10:07:21,686] {logging_mixin.py:115} INFO - [2024-03-31 10:07:21,686] {dag.py:2420} INFO - Sync 1 DAGs
[2024-03-31 10:07:21,701] {logging_mixin.py:115} INFO - [2024-03-31 10:07:21,701] {dag.py:2968} INFO - Setting next_dagrun for tutorial_etl_dag to None, run_after=None
[2024-03-31 10:07:21,741] {processor.py:161} INFO - Processing /opt/conda/lib/python3.8/site-packages/airflow/example_dags/tutorial_etl_dag.py took 0.083 seconds
[2024-03-31 10:07:52,177] {processor.py:153} INFO - Started process (PID=1145) to work on /opt/conda/lib/python3.8/site-packages/airflow/example_dags/tutorial_etl_dag.py
[2024-03-31 10:07:52,179] {processor.py:641} INFO - Processing file /opt/conda/lib/python3.8/site-packages/airflow/example_dags/tutorial_etl_dag.py for tasks to queue
[2024-03-31 10:07:52,179] {logging_mixin.py:115} INFO - [2024-03-31 10:07:52,179] {dagbag.py:508} INFO - Filling up the DagBag from /opt/conda/lib/python3.8/site-packages/airflow/example_dags/tutorial_etl_dag.py
[2024-03-31 10:07:52,187] {processor.py:651} INFO - DAG(s) dict_keys(['tutorial_etl_dag']) retrieved from /opt/conda/lib/python3.8/site-packages/airflow/example_dags/tutorial_etl_dag.py
[2024-03-31 10:07:52,202] {logging_mixin.py:115} INFO - [2024-03-31 10:07:52,202] {dag.py:2420} INFO - Sync 1 DAGs
[2024-03-31 10:07:52,216] {logging_mixin.py:115} INFO - [2024-03-31 10:07:52,216] {dag.py:2968} INFO - Setting next_dagrun for tutorial_etl_dag to None, run_after=None
[2024-03-31 10:07:52,235] {processor.py:161} INFO - Processing /opt/conda/lib/python3.8/site-packages/airflow/example_dags/tutorial_etl_dag.py took 0.062 seconds
[2024-03-31 10:08:25,745] {processor.py:153} INFO - Started process (PID=1182) to work on /opt/conda/lib/python3.8/site-packages/airflow/example_dags/tutorial_etl_dag.py
[2024-03-31 10:08:25,747] {processor.py:641} INFO - Processing file /opt/conda/lib/python3.8/site-packages/airflow/example_dags/tutorial_etl_dag.py for tasks to queue
[2024-03-31 10:08:25,748] {logging_mixin.py:115} INFO - [2024-03-31 10:08:25,747] {dagbag.py:508} INFO - Filling up the DagBag from /opt/conda/lib/python3.8/site-packages/airflow/example_dags/tutorial_etl_dag.py
[2024-03-31 10:08:25,755] {processor.py:651} INFO - DAG(s) dict_keys(['tutorial_etl_dag']) retrieved from /opt/conda/lib/python3.8/site-packages/airflow/example_dags/tutorial_etl_dag.py
[2024-03-31 10:08:25,773] {logging_mixin.py:115} INFO - [2024-03-31 10:08:25,772] {dag.py:2420} INFO - Sync 1 DAGs
[2024-03-31 10:08:25,792] {logging_mixin.py:115} INFO - [2024-03-31 10:08:25,791] {dag.py:2968} INFO - Setting next_dagrun for tutorial_etl_dag to None, run_after=None
[2024-03-31 10:08:25,813] {processor.py:161} INFO - Processing /opt/conda/lib/python3.8/site-packages/airflow/example_dags/tutorial_etl_dag.py took 0.071 seconds
[2024-03-31 10:08:57,989] {processor.py:153} INFO - Started process (PID=1215) to work on /opt/conda/lib/python3.8/site-packages/airflow/example_dags/tutorial_etl_dag.py
[2024-03-31 10:08:57,991] {processor.py:641} INFO - Processing file /opt/conda/lib/python3.8/site-packages/airflow/example_dags/tutorial_etl_dag.py for tasks to queue
[2024-03-31 10:08:57,991] {logging_mixin.py:115} INFO - [2024-03-31 10:08:57,991] {dagbag.py:508} INFO - Filling up the DagBag from /opt/conda/lib/python3.8/site-packages/airflow/example_dags/tutorial_etl_dag.py
[2024-03-31 10:08:57,999] {processor.py:651} INFO - DAG(s) dict_keys(['tutorial_etl_dag']) retrieved from /opt/conda/lib/python3.8/site-packages/airflow/example_dags/tutorial_etl_dag.py
[2024-03-31 10:08:58,016] {logging_mixin.py:115} INFO - [2024-03-31 10:08:58,016] {dag.py:2420} INFO - Sync 1 DAGs
[2024-03-31 10:08:58,035] {logging_mixin.py:115} INFO - [2024-03-31 10:08:58,034] {dag.py:2968} INFO - Setting next_dagrun for tutorial_etl_dag to None, run_after=None
[2024-03-31 10:08:58,058] {processor.py:161} INFO - Processing /opt/conda/lib/python3.8/site-packages/airflow/example_dags/tutorial_etl_dag.py took 0.072 seconds
[2024-03-31 10:09:32,097] {processor.py:153} INFO - Started process (PID=1248) to work on /opt/conda/lib/python3.8/site-packages/airflow/example_dags/tutorial_etl_dag.py
[2024-03-31 10:09:32,099] {processor.py:641} INFO - Processing file /opt/conda/lib/python3.8/site-packages/airflow/example_dags/tutorial_etl_dag.py for tasks to queue
[2024-03-31 10:09:32,100] {logging_mixin.py:115} INFO - [2024-03-31 10:09:32,100] {dagbag.py:508} INFO - Filling up the DagBag from /opt/conda/lib/python3.8/site-packages/airflow/example_dags/tutorial_etl_dag.py
[2024-03-31 10:09:32,107] {processor.py:651} INFO - DAG(s) dict_keys(['tutorial_etl_dag']) retrieved from /opt/conda/lib/python3.8/site-packages/airflow/example_dags/tutorial_etl_dag.py
[2024-03-31 10:09:32,122] {logging_mixin.py:115} INFO - [2024-03-31 10:09:32,122] {dag.py:2420} INFO - Sync 1 DAGs
[2024-03-31 10:09:32,136] {logging_mixin.py:115} INFO - [2024-03-31 10:09:32,136] {dag.py:2968} INFO - Setting next_dagrun for tutorial_etl_dag to None, run_after=None
[2024-03-31 10:09:32,155] {processor.py:161} INFO - Processing /opt/conda/lib/python3.8/site-packages/airflow/example_dags/tutorial_etl_dag.py took 0.061 seconds
[2024-03-31 10:10:02,689] {processor.py:153} INFO - Started process (PID=1278) to work on /opt/conda/lib/python3.8/site-packages/airflow/example_dags/tutorial_etl_dag.py
[2024-03-31 10:10:02,691] {processor.py:641} INFO - Processing file /opt/conda/lib/python3.8/site-packages/airflow/example_dags/tutorial_etl_dag.py for tasks to queue
[2024-03-31 10:10:02,691] {logging_mixin.py:115} INFO - [2024-03-31 10:10:02,691] {dagbag.py:508} INFO - Filling up the DagBag from /opt/conda/lib/python3.8/site-packages/airflow/example_dags/tutorial_etl_dag.py
[2024-03-31 10:10:02,699] {processor.py:651} INFO - DAG(s) dict_keys(['tutorial_etl_dag']) retrieved from /opt/conda/lib/python3.8/site-packages/airflow/example_dags/tutorial_etl_dag.py
[2024-03-31 10:10:02,716] {logging_mixin.py:115} INFO - [2024-03-31 10:10:02,716] {dag.py:2420} INFO - Sync 1 DAGs
[2024-03-31 10:10:02,735] {logging_mixin.py:115} INFO - [2024-03-31 10:10:02,734] {dag.py:2968} INFO - Setting next_dagrun for tutorial_etl_dag to None, run_after=None
[2024-03-31 10:10:02,757] {processor.py:161} INFO - Processing /opt/conda/lib/python3.8/site-packages/airflow/example_dags/tutorial_etl_dag.py took 0.072 seconds
[2024-03-31 10:12:24,449] {processor.py:153} INFO - Started process (PID=1387) to work on /opt/conda/lib/python3.8/site-packages/airflow/example_dags/tutorial_etl_dag.py
[2024-03-31 10:12:24,452] {processor.py:641} INFO - Processing file /opt/conda/lib/python3.8/site-packages/airflow/example_dags/tutorial_etl_dag.py for tasks to queue
[2024-03-31 10:12:24,453] {logging_mixin.py:115} INFO - [2024-03-31 10:12:24,453] {dagbag.py:508} INFO - Filling up the DagBag from /opt/conda/lib/python3.8/site-packages/airflow/example_dags/tutorial_etl_dag.py
[2024-03-31 10:12:24,461] {processor.py:651} INFO - DAG(s) dict_keys(['tutorial_etl_dag']) retrieved from /opt/conda/lib/python3.8/site-packages/airflow/example_dags/tutorial_etl_dag.py
[2024-03-31 10:12:24,478] {logging_mixin.py:115} INFO - [2024-03-31 10:12:24,478] {dag.py:2420} INFO - Sync 1 DAGs
[2024-03-31 10:12:24,497] {logging_mixin.py:115} INFO - [2024-03-31 10:12:24,497] {dag.py:2968} INFO - Setting next_dagrun for tutorial_etl_dag to None, run_after=None
[2024-03-31 10:12:24,518] {processor.py:161} INFO - Processing /opt/conda/lib/python3.8/site-packages/airflow/example_dags/tutorial_etl_dag.py took 0.072 seconds
[2024-03-31 10:13:01,028] {processor.py:153} INFO - Started process (PID=1423) to work on /opt/conda/lib/python3.8/site-packages/airflow/example_dags/tutorial_etl_dag.py
[2024-03-31 10:13:01,031] {processor.py:641} INFO - Processing file /opt/conda/lib/python3.8/site-packages/airflow/example_dags/tutorial_etl_dag.py for tasks to queue
[2024-03-31 10:13:01,031] {logging_mixin.py:115} INFO - [2024-03-31 10:13:01,031] {dagbag.py:508} INFO - Filling up the DagBag from /opt/conda/lib/python3.8/site-packages/airflow/example_dags/tutorial_etl_dag.py
[2024-03-31 10:13:01,038] {processor.py:651} INFO - DAG(s) dict_keys(['tutorial_etl_dag']) retrieved from /opt/conda/lib/python3.8/site-packages/airflow/example_dags/tutorial_etl_dag.py
[2024-03-31 10:13:01,053] {logging_mixin.py:115} INFO - [2024-03-31 10:13:01,053] {dag.py:2420} INFO - Sync 1 DAGs
[2024-03-31 10:13:01,068] {logging_mixin.py:115} INFO - [2024-03-31 10:13:01,068] {dag.py:2968} INFO - Setting next_dagrun for tutorial_etl_dag to None, run_after=None
[2024-03-31 10:13:01,088] {processor.py:161} INFO - Processing /opt/conda/lib/python3.8/site-packages/airflow/example_dags/tutorial_etl_dag.py took 0.062 seconds
[2024-03-31 10:28:07,517] {processor.py:153} INFO - Started process (PID=1594) to work on /opt/conda/lib/python3.8/site-packages/airflow/example_dags/tutorial_etl_dag.py
[2024-03-31 10:28:07,520] {processor.py:641} INFO - Processing file /opt/conda/lib/python3.8/site-packages/airflow/example_dags/tutorial_etl_dag.py for tasks to queue
[2024-03-31 10:28:07,521] {logging_mixin.py:115} INFO - [2024-03-31 10:28:07,520] {dagbag.py:508} INFO - Filling up the DagBag from /opt/conda/lib/python3.8/site-packages/airflow/example_dags/tutorial_etl_dag.py
[2024-03-31 10:28:07,527] {processor.py:651} INFO - DAG(s) dict_keys(['tutorial_etl_dag']) retrieved from /opt/conda/lib/python3.8/site-packages/airflow/example_dags/tutorial_etl_dag.py
[2024-03-31 10:28:07,543] {logging_mixin.py:115} INFO - [2024-03-31 10:28:07,542] {dag.py:2420} INFO - Sync 1 DAGs
[2024-03-31 10:28:07,559] {logging_mixin.py:115} INFO - [2024-03-31 10:28:07,559] {dag.py:2968} INFO - Setting next_dagrun for tutorial_etl_dag to None, run_after=None
[2024-03-31 10:28:07,578] {processor.py:161} INFO - Processing /opt/conda/lib/python3.8/site-packages/airflow/example_dags/tutorial_etl_dag.py took 0.064 seconds
[2024-03-31 10:28:44,588] {processor.py:153} INFO - Started process (PID=1647) to work on /opt/conda/lib/python3.8/site-packages/airflow/example_dags/tutorial_etl_dag.py
[2024-03-31 10:28:44,590] {processor.py:641} INFO - Processing file /opt/conda/lib/python3.8/site-packages/airflow/example_dags/tutorial_etl_dag.py for tasks to queue
[2024-03-31 10:28:44,590] {logging_mixin.py:115} INFO - [2024-03-31 10:28:44,590] {dagbag.py:508} INFO - Filling up the DagBag from /opt/conda/lib/python3.8/site-packages/airflow/example_dags/tutorial_etl_dag.py
[2024-03-31 10:28:44,597] {processor.py:651} INFO - DAG(s) dict_keys(['tutorial_etl_dag']) retrieved from /opt/conda/lib/python3.8/site-packages/airflow/example_dags/tutorial_etl_dag.py
[2024-03-31 10:28:44,613] {logging_mixin.py:115} INFO - [2024-03-31 10:28:44,613] {dag.py:2420} INFO - Sync 1 DAGs
[2024-03-31 10:28:44,630] {logging_mixin.py:115} INFO - [2024-03-31 10:28:44,630] {dag.py:2968} INFO - Setting next_dagrun for tutorial_etl_dag to None, run_after=None
[2024-03-31 10:28:44,651] {processor.py:161} INFO - Processing /opt/conda/lib/python3.8/site-packages/airflow/example_dags/tutorial_etl_dag.py took 0.065 seconds
[2024-03-31 10:29:23,204] {processor.py:153} INFO - Started process (PID=1700) to work on /opt/conda/lib/python3.8/site-packages/airflow/example_dags/tutorial_etl_dag.py
[2024-03-31 10:29:23,206] {processor.py:641} INFO - Processing file /opt/conda/lib/python3.8/site-packages/airflow/example_dags/tutorial_etl_dag.py for tasks to queue
[2024-03-31 10:29:23,206] {logging_mixin.py:115} INFO - [2024-03-31 10:29:23,206] {dagbag.py:508} INFO - Filling up the DagBag from /opt/conda/lib/python3.8/site-packages/airflow/example_dags/tutorial_etl_dag.py
[2024-03-31 10:29:23,213] {processor.py:651} INFO - DAG(s) dict_keys(['tutorial_etl_dag']) retrieved from /opt/conda/lib/python3.8/site-packages/airflow/example_dags/tutorial_etl_dag.py
[2024-03-31 10:29:23,229] {logging_mixin.py:115} INFO - [2024-03-31 10:29:23,229] {dag.py:2420} INFO - Sync 1 DAGs
[2024-03-31 10:29:23,247] {logging_mixin.py:115} INFO - [2024-03-31 10:29:23,247] {dag.py:2968} INFO - Setting next_dagrun for tutorial_etl_dag to None, run_after=None
[2024-03-31 10:29:23,268] {processor.py:161} INFO - Processing /opt/conda/lib/python3.8/site-packages/airflow/example_dags/tutorial_etl_dag.py took 0.067 seconds
[2024-03-31 10:29:58,416] {processor.py:153} INFO - Started process (PID=1750) to work on /opt/conda/lib/python3.8/site-packages/airflow/example_dags/tutorial_etl_dag.py
[2024-03-31 10:29:58,418] {processor.py:641} INFO - Processing file /opt/conda/lib/python3.8/site-packages/airflow/example_dags/tutorial_etl_dag.py for tasks to queue
[2024-03-31 10:29:58,419] {logging_mixin.py:115} INFO - [2024-03-31 10:29:58,418] {dagbag.py:508} INFO - Filling up the DagBag from /opt/conda/lib/python3.8/site-packages/airflow/example_dags/tutorial_etl_dag.py
[2024-03-31 10:29:58,425] {processor.py:651} INFO - DAG(s) dict_keys(['tutorial_etl_dag']) retrieved from /opt/conda/lib/python3.8/site-packages/airflow/example_dags/tutorial_etl_dag.py
[2024-03-31 10:29:58,440] {logging_mixin.py:115} INFO - [2024-03-31 10:29:58,440] {dag.py:2420} INFO - Sync 1 DAGs
[2024-03-31 10:29:58,454] {logging_mixin.py:115} INFO - [2024-03-31 10:29:58,454] {dag.py:2968} INFO - Setting next_dagrun for tutorial_etl_dag to None, run_after=None
[2024-03-31 10:29:58,474] {processor.py:161} INFO - Processing /opt/conda/lib/python3.8/site-packages/airflow/example_dags/tutorial_etl_dag.py took 0.061 seconds
[2024-03-31 10:30:30,283] {processor.py:153} INFO - Started process (PID=1820) to work on /opt/conda/lib/python3.8/site-packages/airflow/example_dags/tutorial_etl_dag.py
[2024-03-31 10:30:30,284] {processor.py:641} INFO - Processing file /opt/conda/lib/python3.8/site-packages/airflow/example_dags/tutorial_etl_dag.py for tasks to queue
[2024-03-31 10:30:30,284] {logging_mixin.py:115} INFO - [2024-03-31 10:30:30,284] {dagbag.py:508} INFO - Filling up the DagBag from /opt/conda/lib/python3.8/site-packages/airflow/example_dags/tutorial_etl_dag.py
[2024-03-31 10:30:30,291] {processor.py:651} INFO - DAG(s) dict_keys(['tutorial_etl_dag']) retrieved from /opt/conda/lib/python3.8/site-packages/airflow/example_dags/tutorial_etl_dag.py
[2024-03-31 10:30:30,307] {logging_mixin.py:115} INFO - [2024-03-31 10:30:30,307] {dag.py:2420} INFO - Sync 1 DAGs
[2024-03-31 10:30:30,325] {logging_mixin.py:115} INFO - [2024-03-31 10:30:30,325] {dag.py:2968} INFO - Setting next_dagrun for tutorial_etl_dag to None, run_after=None
[2024-03-31 10:30:30,345] {processor.py:161} INFO - Processing /opt/conda/lib/python3.8/site-packages/airflow/example_dags/tutorial_etl_dag.py took 0.065 seconds
[2024-03-31 10:31:07,575] {processor.py:153} INFO - Started process (PID=1873) to work on /opt/conda/lib/python3.8/site-packages/airflow/example_dags/tutorial_etl_dag.py
[2024-03-31 10:31:07,577] {processor.py:641} INFO - Processing file /opt/conda/lib/python3.8/site-packages/airflow/example_dags/tutorial_etl_dag.py for tasks to queue
[2024-03-31 10:31:07,578] {logging_mixin.py:115} INFO - [2024-03-31 10:31:07,578] {dagbag.py:508} INFO - Filling up the DagBag from /opt/conda/lib/python3.8/site-packages/airflow/example_dags/tutorial_etl_dag.py
[2024-03-31 10:31:07,585] {processor.py:651} INFO - DAG(s) dict_keys(['tutorial_etl_dag']) retrieved from /opt/conda/lib/python3.8/site-packages/airflow/example_dags/tutorial_etl_dag.py
[2024-03-31 10:31:07,599] {logging_mixin.py:115} INFO - [2024-03-31 10:31:07,599] {dag.py:2420} INFO - Sync 1 DAGs
[2024-03-31 10:31:07,613] {logging_mixin.py:115} INFO - [2024-03-31 10:31:07,613] {dag.py:2968} INFO - Setting next_dagrun for tutorial_etl_dag to None, run_after=None
[2024-03-31 10:31:07,633] {processor.py:161} INFO - Processing /opt/conda/lib/python3.8/site-packages/airflow/example_dags/tutorial_etl_dag.py took 0.061 seconds
[2024-03-31 10:32:00,305] {processor.py:153} INFO - Started process (PID=1991) to work on /opt/conda/lib/python3.8/site-packages/airflow/example_dags/tutorial_etl_dag.py
[2024-03-31 10:32:00,308] {processor.py:641} INFO - Processing file /opt/conda/lib/python3.8/site-packages/airflow/example_dags/tutorial_etl_dag.py for tasks to queue
[2024-03-31 10:32:00,308] {logging_mixin.py:115} INFO - [2024-03-31 10:32:00,308] {dagbag.py:508} INFO - Filling up the DagBag from /opt/conda/lib/python3.8/site-packages/airflow/example_dags/tutorial_etl_dag.py
[2024-03-31 10:32:00,316] {processor.py:651} INFO - DAG(s) dict_keys(['tutorial_etl_dag']) retrieved from /opt/conda/lib/python3.8/site-packages/airflow/example_dags/tutorial_etl_dag.py
[2024-03-31 10:32:00,333] {logging_mixin.py:115} INFO - [2024-03-31 10:32:00,333] {dag.py:2420} INFO - Sync 1 DAGs
[2024-03-31 10:32:00,353] {logging_mixin.py:115} INFO - [2024-03-31 10:32:00,353] {dag.py:2968} INFO - Setting next_dagrun for tutorial_etl_dag to None, run_after=None
[2024-03-31 10:32:00,376] {processor.py:161} INFO - Processing /opt/conda/lib/python3.8/site-packages/airflow/example_dags/tutorial_etl_dag.py took 0.074 seconds
[2024-03-31 10:32:56,949] {processor.py:153} INFO - Started process (PID=2282) to work on /opt/conda/lib/python3.8/site-packages/airflow/example_dags/tutorial_etl_dag.py
[2024-03-31 10:32:56,951] {processor.py:641} INFO - Processing file /opt/conda/lib/python3.8/site-packages/airflow/example_dags/tutorial_etl_dag.py for tasks to queue
[2024-03-31 10:32:56,951] {logging_mixin.py:115} INFO - [2024-03-31 10:32:56,951] {dagbag.py:508} INFO - Filling up the DagBag from /opt/conda/lib/python3.8/site-packages/airflow/example_dags/tutorial_etl_dag.py
[2024-03-31 10:32:56,958] {processor.py:651} INFO - DAG(s) dict_keys(['tutorial_etl_dag']) retrieved from /opt/conda/lib/python3.8/site-packages/airflow/example_dags/tutorial_etl_dag.py
[2024-03-31 10:32:56,973] {logging_mixin.py:115} INFO - [2024-03-31 10:32:56,973] {dag.py:2420} INFO - Sync 1 DAGs
[2024-03-31 10:32:56,987] {logging_mixin.py:115} INFO - [2024-03-31 10:32:56,987] {dag.py:2968} INFO - Setting next_dagrun for tutorial_etl_dag to None, run_after=None
[2024-03-31 10:32:57,011] {processor.py:161} INFO - Processing /opt/conda/lib/python3.8/site-packages/airflow/example_dags/tutorial_etl_dag.py took 0.065 seconds
[2024-03-31 10:33:34,197] {processor.py:153} INFO - Started process (PID=2344) to work on /opt/conda/lib/python3.8/site-packages/airflow/example_dags/tutorial_etl_dag.py
[2024-03-31 10:33:34,199] {processor.py:641} INFO - Processing file /opt/conda/lib/python3.8/site-packages/airflow/example_dags/tutorial_etl_dag.py for tasks to queue
[2024-03-31 10:33:34,200] {logging_mixin.py:115} INFO - [2024-03-31 10:33:34,199] {dagbag.py:508} INFO - Filling up the DagBag from /opt/conda/lib/python3.8/site-packages/airflow/example_dags/tutorial_etl_dag.py
[2024-03-31 10:33:34,207] {processor.py:651} INFO - DAG(s) dict_keys(['tutorial_etl_dag']) retrieved from /opt/conda/lib/python3.8/site-packages/airflow/example_dags/tutorial_etl_dag.py
[2024-03-31 10:33:34,224] {logging_mixin.py:115} INFO - [2024-03-31 10:33:34,224] {dag.py:2420} INFO - Sync 1 DAGs
[2024-03-31 10:33:34,243] {logging_mixin.py:115} INFO - [2024-03-31 10:33:34,243] {dag.py:2968} INFO - Setting next_dagrun for tutorial_etl_dag to None, run_after=None
[2024-03-31 10:33:34,266] {processor.py:161} INFO - Processing /opt/conda/lib/python3.8/site-packages/airflow/example_dags/tutorial_etl_dag.py took 0.072 seconds
[2024-03-31 10:34:09,789] {processor.py:153} INFO - Started process (PID=2394) to work on /opt/conda/lib/python3.8/site-packages/airflow/example_dags/tutorial_etl_dag.py
[2024-03-31 10:34:09,791] {processor.py:641} INFO - Processing file /opt/conda/lib/python3.8/site-packages/airflow/example_dags/tutorial_etl_dag.py for tasks to queue
[2024-03-31 10:34:09,791] {logging_mixin.py:115} INFO - [2024-03-31 10:34:09,791] {dagbag.py:508} INFO - Filling up the DagBag from /opt/conda/lib/python3.8/site-packages/airflow/example_dags/tutorial_etl_dag.py
[2024-03-31 10:34:09,799] {processor.py:651} INFO - DAG(s) dict_keys(['tutorial_etl_dag']) retrieved from /opt/conda/lib/python3.8/site-packages/airflow/example_dags/tutorial_etl_dag.py
[2024-03-31 10:34:09,814] {logging_mixin.py:115} INFO - [2024-03-31 10:34:09,813] {dag.py:2420} INFO - Sync 1 DAGs
[2024-03-31 10:34:09,828] {logging_mixin.py:115} INFO - [2024-03-31 10:34:09,828] {dag.py:2968} INFO - Setting next_dagrun for tutorial_etl_dag to None, run_after=None
[2024-03-31 10:34:09,848] {processor.py:161} INFO - Processing /opt/conda/lib/python3.8/site-packages/airflow/example_dags/tutorial_etl_dag.py took 0.062 seconds
