[2024-04-06 12:45:08,738] {taskinstance.py:1179} INFO - Dependencies all met for <TaskInstance: Lead_Scoring_Data_Engineering_Pipeline.building_db manual__2024-04-06T12:45:06.979614+00:00 [queued]>
[2024-04-06 12:45:08,742] {taskinstance.py:1179} INFO - Dependencies all met for <TaskInstance: Lead_Scoring_Data_Engineering_Pipeline.building_db manual__2024-04-06T12:45:06.979614+00:00 [queued]>
[2024-04-06 12:45:08,742] {taskinstance.py:1376} INFO - 
--------------------------------------------------------------------------------
[2024-04-06 12:45:08,742] {taskinstance.py:1377} INFO - Starting attempt 1 of 2
[2024-04-06 12:45:08,742] {taskinstance.py:1378} INFO - 
--------------------------------------------------------------------------------
[2024-04-06 12:45:08,775] {taskinstance.py:1397} INFO - Executing <Task(PythonOperator): building_db> on 2024-04-06 12:45:06.979614+00:00
[2024-04-06 12:45:08,779] {standard_task_runner.py:52} INFO - Started process 1213 to run task
[2024-04-06 12:45:08,783] {standard_task_runner.py:79} INFO - Running: ['airflow', 'tasks', 'run', 'Lead_Scoring_Data_Engineering_Pipeline', 'building_db', 'manual__2024-04-06T12:45:06.979614+00:00', '--job-id', '52', '--raw', '--subdir', 'DAGS_FOLDER/lead_scoring_data_pipeline/.ipynb_checkpoints/lead_scoring_data_pipeline-checkpoint.py', '--cfg-path', '/tmp/tmpu_i_zo37', '--error-file', '/tmp/tmp903tuvv4']
[2024-04-06 12:45:08,784] {standard_task_runner.py:80} INFO - Job 52: Subtask building_db
[2024-04-06 12:45:08,861] {task_command.py:371} INFO - Running <TaskInstance: Lead_Scoring_Data_Engineering_Pipeline.building_db manual__2024-04-06T12:45:06.979614+00:00 [running]> on host d06a6d5e153b
[2024-04-06 12:45:08,928] {taskinstance.py:1589} INFO - Exporting the following env vars:
AIRFLOW_CTX_DAG_OWNER=airflow
AIRFLOW_CTX_DAG_ID=Lead_Scoring_Data_Engineering_Pipeline
AIRFLOW_CTX_TASK_ID=building_db
AIRFLOW_CTX_EXECUTION_DATE=2024-04-06T12:45:06.979614+00:00
AIRFLOW_CTX_TRY_NUMBER=1
AIRFLOW_CTX_DAG_RUN_ID=manual__2024-04-06T12:45:06.979614+00:00
[2024-04-06 12:45:08,929] {logging_mixin.py:115} INFO - DB Already Exsist
[2024-04-06 12:45:08,929] {logging_mixin.py:115} INFO - /home
[2024-04-06 12:45:08,929] {python.py:173} INFO - Done. Returned value was: DB Exsist
[2024-04-06 12:45:08,950] {taskinstance.py:1415} INFO - Marking task as SUCCESS. dag_id=Lead_Scoring_Data_Engineering_Pipeline, task_id=building_db, execution_date=20240406T124506, start_date=20240406T124508, end_date=20240406T124508
[2024-04-06 12:45:09,034] {local_task_job.py:156} INFO - Task exited with return code 0
[2024-04-06 12:45:09,116] {local_task_job.py:273} INFO - 1 downstream tasks scheduled from follow-on schedule check
