[2024-04-06 12:45:21,606] {taskinstance.py:1179} INFO - Dependencies all met for <TaskInstance: Lead_Scoring_Data_Engineering_Pipeline.loading_data manual__2024-04-06T12:45:06.979614+00:00 [queued]>
[2024-04-06 12:45:21,611] {taskinstance.py:1179} INFO - Dependencies all met for <TaskInstance: Lead_Scoring_Data_Engineering_Pipeline.loading_data manual__2024-04-06T12:45:06.979614+00:00 [queued]>
[2024-04-06 12:45:21,611] {taskinstance.py:1376} INFO - 
--------------------------------------------------------------------------------
[2024-04-06 12:45:21,611] {taskinstance.py:1377} INFO - Starting attempt 1 of 2
[2024-04-06 12:45:21,611] {taskinstance.py:1378} INFO - 
--------------------------------------------------------------------------------
[2024-04-06 12:45:21,629] {taskinstance.py:1397} INFO - Executing <Task(PythonOperator): loading_data> on 2024-04-06 12:45:06.979614+00:00
[2024-04-06 12:45:21,633] {standard_task_runner.py:52} INFO - Started process 1249 to run task
[2024-04-06 12:45:21,635] {standard_task_runner.py:79} INFO - Running: ['airflow', 'tasks', 'run', 'Lead_Scoring_Data_Engineering_Pipeline', 'loading_data', 'manual__2024-04-06T12:45:06.979614+00:00', '--job-id', '54', '--raw', '--subdir', 'DAGS_FOLDER/lead_scoring_data_pipeline/.ipynb_checkpoints/lead_scoring_data_pipeline-checkpoint.py', '--cfg-path', '/tmp/tmp5fdxk6cl', '--error-file', '/tmp/tmpcntn5ftd']
[2024-04-06 12:45:21,636] {standard_task_runner.py:80} INFO - Job 54: Subtask loading_data
[2024-04-06 12:45:21,678] {task_command.py:371} INFO - Running <TaskInstance: Lead_Scoring_Data_Engineering_Pipeline.loading_data manual__2024-04-06T12:45:06.979614+00:00 [running]> on host d06a6d5e153b
[2024-04-06 12:45:21,943] {taskinstance.py:1589} INFO - Exporting the following env vars:
AIRFLOW_CTX_DAG_OWNER=airflow
AIRFLOW_CTX_DAG_ID=Lead_Scoring_Data_Engineering_Pipeline
AIRFLOW_CTX_TASK_ID=loading_data
AIRFLOW_CTX_EXECUTION_DATE=2024-04-06T12:45:06.979614+00:00
AIRFLOW_CTX_TRY_NUMBER=1
AIRFLOW_CTX_DAG_RUN_ID=manual__2024-04-06T12:45:06.979614+00:00
[2024-04-06 12:45:21,950] {logging_mixin.py:115} INFO - loaded_data already populated
[2024-04-06 12:45:21,951] {python.py:173} INFO - Done. Returned value was: None
[2024-04-06 12:45:21,962] {taskinstance.py:1415} INFO - Marking task as SUCCESS. dag_id=Lead_Scoring_Data_Engineering_Pipeline, task_id=loading_data, execution_date=20240406T124506, start_date=20240406T124521, end_date=20240406T124521
[2024-04-06 12:45:22,008] {local_task_job.py:156} INFO - Task exited with return code 0
[2024-04-06 12:45:22,323] {local_task_job.py:273} INFO - 1 downstream tasks scheduled from follow-on schedule check
