[2024-04-01 15:45:58,581] {taskinstance.py:1179} INFO - Dependencies all met for <TaskInstance: Lead_scoring_training_pipeline.encoding_categorical_variables manual__2024-04-01T15:45:52.666645+00:00 [queued]>
[2024-04-01 15:45:58,727] {taskinstance.py:1179} INFO - Dependencies all met for <TaskInstance: Lead_scoring_training_pipeline.encoding_categorical_variables manual__2024-04-01T15:45:52.666645+00:00 [queued]>
[2024-04-01 15:45:58,727] {taskinstance.py:1376} INFO - 
--------------------------------------------------------------------------------
[2024-04-01 15:45:58,727] {taskinstance.py:1377} INFO - Starting attempt 1 of 2
[2024-04-01 15:45:58,727] {taskinstance.py:1378} INFO - 
--------------------------------------------------------------------------------
[2024-04-01 15:45:58,861] {taskinstance.py:1397} INFO - Executing <Task(PythonOperator): encoding_categorical_variables> on 2024-04-01 15:45:52.666645+00:00
[2024-04-01 15:45:58,881] {standard_task_runner.py:52} INFO - Started process 12572 to run task
[2024-04-01 15:45:58,885] {standard_task_runner.py:79} INFO - Running: ['airflow', 'tasks', 'run', 'Lead_scoring_training_pipeline', 'encoding_categorical_variables', 'manual__2024-04-01T15:45:52.666645+00:00', '--job-id', '35', '--raw', '--subdir', 'DAGS_FOLDER/lead_scoring_training_pipeline/.ipynb_checkpoints/lead_scoring_training_pipeline-checkpoint.py', '--cfg-path', '/tmp/tmpb2712dhg', '--error-file', '/tmp/tmppk4ueji4']
[2024-04-01 15:45:58,885] {standard_task_runner.py:80} INFO - Job 35: Subtask encoding_categorical_variables
[2024-04-01 15:45:58,994] {task_command.py:371} INFO - Running <TaskInstance: Lead_scoring_training_pipeline.encoding_categorical_variables manual__2024-04-01T15:45:52.666645+00:00 [running]> on host ac2457c935b6
[2024-04-01 15:45:59,295] {taskinstance.py:1589} INFO - Exporting the following env vars:
AIRFLOW_CTX_DAG_OWNER=airflow
AIRFLOW_CTX_DAG_ID=Lead_scoring_training_pipeline
AIRFLOW_CTX_TASK_ID=encoding_categorical_variables
AIRFLOW_CTX_EXECUTION_DATE=2024-04-01T15:45:52.666645+00:00
AIRFLOW_CTX_TRY_NUMBER=1
AIRFLOW_CTX_DAG_RUN_ID=manual__2024-04-01T15:45:52.666645+00:00
[2024-04-01 15:45:59,307] {python.py:173} INFO - Done. Returned value was: None
[2024-04-01 15:45:59,321] {taskinstance.py:1415} INFO - Marking task as SUCCESS. dag_id=Lead_scoring_training_pipeline, task_id=encoding_categorical_variables, execution_date=20240401T154552, start_date=20240401T154558, end_date=20240401T154559
[2024-04-01 15:45:59,418] {local_task_job.py:156} INFO - Task exited with return code 0
[2024-04-01 15:45:59,519] {local_task_job.py:273} INFO - 1 downstream tasks scheduled from follow-on schedule check
