[2024-03-31 10:32:19,827] {taskinstance.py:1179} INFO - Dependencies all met for <TaskInstance: Lead_Scoring_Data_Engineering_Pipeline.building_db manual__2024-03-31T10:32:17.848117+00:00 [queued]>
[2024-03-31 10:32:19,832] {taskinstance.py:1179} INFO - Dependencies all met for <TaskInstance: Lead_Scoring_Data_Engineering_Pipeline.building_db manual__2024-03-31T10:32:17.848117+00:00 [queued]>
[2024-03-31 10:32:19,832] {taskinstance.py:1376} INFO - 
--------------------------------------------------------------------------------
[2024-03-31 10:32:19,832] {taskinstance.py:1377} INFO - Starting attempt 1 of 2
[2024-03-31 10:32:19,832] {taskinstance.py:1378} INFO - 
--------------------------------------------------------------------------------
[2024-03-31 10:32:19,852] {taskinstance.py:1397} INFO - Executing <Task(PythonOperator): building_db> on 2024-03-31 10:32:17.848117+00:00
[2024-03-31 10:32:19,856] {standard_task_runner.py:52} INFO - Started process 2073 to run task
[2024-03-31 10:32:19,859] {standard_task_runner.py:79} INFO - Running: ['airflow', 'tasks', 'run', 'Lead_Scoring_Data_Engineering_Pipeline', 'building_db', 'manual__2024-03-31T10:32:17.848117+00:00', '--job-id', '9', '--raw', '--subdir', 'DAGS_FOLDER/lead_scoring_data_pipeline/.ipynb_checkpoints/lead_scoring_data_pipeline-checkpoint.py', '--cfg-path', '/tmp/tmpcd4knxwz', '--error-file', '/tmp/tmpuspjt6zg']
[2024-03-31 10:32:19,859] {standard_task_runner.py:80} INFO - Job 9: Subtask building_db
[2024-03-31 10:32:19,899] {task_command.py:371} INFO - Running <TaskInstance: Lead_Scoring_Data_Engineering_Pipeline.building_db manual__2024-03-31T10:32:17.848117+00:00 [running]> on host 49a24e65d8ad
[2024-03-31 10:32:19,951] {taskinstance.py:1589} INFO - Exporting the following env vars:
AIRFLOW_CTX_DAG_OWNER=airflow
AIRFLOW_CTX_DAG_ID=Lead_Scoring_Data_Engineering_Pipeline
AIRFLOW_CTX_TASK_ID=building_db
AIRFLOW_CTX_EXECUTION_DATE=2024-03-31T10:32:17.848117+00:00
AIRFLOW_CTX_TRY_NUMBER=1
AIRFLOW_CTX_DAG_RUN_ID=manual__2024-03-31T10:32:17.848117+00:00
[2024-03-31 10:32:19,951] {logging_mixin.py:115} INFO - DB Already Exsist
[2024-03-31 10:32:19,951] {logging_mixin.py:115} INFO - /home
[2024-03-31 10:32:19,951] {python.py:173} INFO - Done. Returned value was: DB Exsist
[2024-03-31 10:32:19,970] {taskinstance.py:1415} INFO - Marking task as SUCCESS. dag_id=Lead_Scoring_Data_Engineering_Pipeline, task_id=building_db, execution_date=20240331T103217, start_date=20240331T103219, end_date=20240331T103219
[2024-03-31 10:32:20,031] {local_task_job.py:156} INFO - Task exited with return code 0
[2024-03-31 10:32:20,086] {local_task_job.py:273} INFO - 1 downstream tasks scheduled from follow-on schedule check
