[2024-04-08 16:49:15,959] {processor.py:153} INFO - Started process (PID=4310) to work on /opt/conda/lib/python3.8/site-packages/airflow/example_dags/example_branch_day_of_week_operator.py
[2024-04-08 16:49:15,960] {processor.py:641} INFO - Processing file /opt/conda/lib/python3.8/site-packages/airflow/example_dags/example_branch_day_of_week_operator.py for tasks to queue
[2024-04-08 16:49:15,961] {logging_mixin.py:115} INFO - [2024-04-08 16:49:15,961] {dagbag.py:508} INFO - Filling up the DagBag from /opt/conda/lib/python3.8/site-packages/airflow/example_dags/example_branch_day_of_week_operator.py
[2024-04-08 16:49:15,970] {processor.py:651} INFO - DAG(s) dict_keys(['example_weekday_branch_operator']) retrieved from /opt/conda/lib/python3.8/site-packages/airflow/example_dags/example_branch_day_of_week_operator.py
[2024-04-08 16:49:15,988] {logging_mixin.py:115} INFO - [2024-04-08 16:49:15,988] {dag.py:2420} INFO - Sync 1 DAGs
[2024-04-08 16:49:16,005] {logging_mixin.py:115} INFO - [2024-04-08 16:49:16,005] {dag.py:2968} INFO - Setting next_dagrun for example_weekday_branch_operator to 2024-04-07T00:00:00+00:00, run_after=2024-04-08T00:00:00+00:00
[2024-04-08 16:49:16,047] {processor.py:161} INFO - Processing /opt/conda/lib/python3.8/site-packages/airflow/example_dags/example_branch_day_of_week_operator.py took 0.092 seconds
[2024-04-08 16:50:09,664] {processor.py:153} INFO - Started process (PID=4431) to work on /opt/conda/lib/python3.8/site-packages/airflow/example_dags/example_branch_day_of_week_operator.py
[2024-04-08 16:50:09,665] {processor.py:641} INFO - Processing file /opt/conda/lib/python3.8/site-packages/airflow/example_dags/example_branch_day_of_week_operator.py for tasks to queue
[2024-04-08 16:50:09,666] {logging_mixin.py:115} INFO - [2024-04-08 16:50:09,665] {dagbag.py:508} INFO - Filling up the DagBag from /opt/conda/lib/python3.8/site-packages/airflow/example_dags/example_branch_day_of_week_operator.py
[2024-04-08 16:50:09,674] {processor.py:651} INFO - DAG(s) dict_keys(['example_weekday_branch_operator']) retrieved from /opt/conda/lib/python3.8/site-packages/airflow/example_dags/example_branch_day_of_week_operator.py
[2024-04-08 16:50:09,690] {logging_mixin.py:115} INFO - [2024-04-08 16:50:09,690] {dag.py:2420} INFO - Sync 1 DAGs
[2024-04-08 16:50:09,706] {logging_mixin.py:115} INFO - [2024-04-08 16:50:09,706] {dag.py:2968} INFO - Setting next_dagrun for example_weekday_branch_operator to 2024-04-07T00:00:00+00:00, run_after=2024-04-08T00:00:00+00:00
[2024-04-08 16:50:09,759] {processor.py:161} INFO - Processing /opt/conda/lib/python3.8/site-packages/airflow/example_dags/example_branch_day_of_week_operator.py took 0.099 seconds
[2024-04-08 16:51:26,168] {processor.py:153} INFO - Started process (PID=4641) to work on /opt/conda/lib/python3.8/site-packages/airflow/example_dags/example_branch_day_of_week_operator.py
[2024-04-08 16:51:26,169] {processor.py:641} INFO - Processing file /opt/conda/lib/python3.8/site-packages/airflow/example_dags/example_branch_day_of_week_operator.py for tasks to queue
[2024-04-08 16:51:26,170] {logging_mixin.py:115} INFO - [2024-04-08 16:51:26,170] {dagbag.py:508} INFO - Filling up the DagBag from /opt/conda/lib/python3.8/site-packages/airflow/example_dags/example_branch_day_of_week_operator.py
[2024-04-08 16:51:26,178] {processor.py:651} INFO - DAG(s) dict_keys(['example_weekday_branch_operator']) retrieved from /opt/conda/lib/python3.8/site-packages/airflow/example_dags/example_branch_day_of_week_operator.py
[2024-04-08 16:51:26,194] {logging_mixin.py:115} INFO - [2024-04-08 16:51:26,194] {dag.py:2420} INFO - Sync 1 DAGs
[2024-04-08 16:51:26,209] {logging_mixin.py:115} INFO - [2024-04-08 16:51:26,209] {dag.py:2968} INFO - Setting next_dagrun for example_weekday_branch_operator to 2024-04-07T00:00:00+00:00, run_after=2024-04-08T00:00:00+00:00
[2024-04-08 16:51:26,256] {processor.py:161} INFO - Processing /opt/conda/lib/python3.8/site-packages/airflow/example_dags/example_branch_day_of_week_operator.py took 0.091 seconds
[2024-04-08 16:52:22,900] {processor.py:153} INFO - Started process (PID=4762) to work on /opt/conda/lib/python3.8/site-packages/airflow/example_dags/example_branch_day_of_week_operator.py
[2024-04-08 16:52:22,902] {processor.py:641} INFO - Processing file /opt/conda/lib/python3.8/site-packages/airflow/example_dags/example_branch_day_of_week_operator.py for tasks to queue
[2024-04-08 16:52:22,903] {logging_mixin.py:115} INFO - [2024-04-08 16:52:22,902] {dagbag.py:508} INFO - Filling up the DagBag from /opt/conda/lib/python3.8/site-packages/airflow/example_dags/example_branch_day_of_week_operator.py
[2024-04-08 16:52:22,912] {processor.py:651} INFO - DAG(s) dict_keys(['example_weekday_branch_operator']) retrieved from /opt/conda/lib/python3.8/site-packages/airflow/example_dags/example_branch_day_of_week_operator.py
[2024-04-08 16:52:22,928] {logging_mixin.py:115} INFO - [2024-04-08 16:52:22,928] {dag.py:2420} INFO - Sync 1 DAGs
[2024-04-08 16:52:22,944] {logging_mixin.py:115} INFO - [2024-04-08 16:52:22,944] {dag.py:2968} INFO - Setting next_dagrun for example_weekday_branch_operator to 2024-04-07T00:00:00+00:00, run_after=2024-04-08T00:00:00+00:00
[2024-04-08 16:52:22,964] {processor.py:161} INFO - Processing /opt/conda/lib/python3.8/site-packages/airflow/example_dags/example_branch_day_of_week_operator.py took 0.068 seconds
[2024-04-08 16:53:37,882] {processor.py:153} INFO - Started process (PID=4903) to work on /opt/conda/lib/python3.8/site-packages/airflow/example_dags/example_branch_day_of_week_operator.py
[2024-04-08 16:53:37,884] {processor.py:641} INFO - Processing file /opt/conda/lib/python3.8/site-packages/airflow/example_dags/example_branch_day_of_week_operator.py for tasks to queue
[2024-04-08 16:53:37,885] {logging_mixin.py:115} INFO - [2024-04-08 16:53:37,885] {dagbag.py:508} INFO - Filling up the DagBag from /opt/conda/lib/python3.8/site-packages/airflow/example_dags/example_branch_day_of_week_operator.py
[2024-04-08 16:53:37,893] {processor.py:651} INFO - DAG(s) dict_keys(['example_weekday_branch_operator']) retrieved from /opt/conda/lib/python3.8/site-packages/airflow/example_dags/example_branch_day_of_week_operator.py
[2024-04-08 16:53:37,909] {logging_mixin.py:115} INFO - [2024-04-08 16:53:37,909] {dag.py:2420} INFO - Sync 1 DAGs
[2024-04-08 16:53:37,925] {logging_mixin.py:115} INFO - [2024-04-08 16:53:37,925] {dag.py:2968} INFO - Setting next_dagrun for example_weekday_branch_operator to 2024-04-07T00:00:00+00:00, run_after=2024-04-08T00:00:00+00:00
[2024-04-08 16:53:37,963] {processor.py:161} INFO - Processing /opt/conda/lib/python3.8/site-packages/airflow/example_dags/example_branch_day_of_week_operator.py took 0.084 seconds
[2024-04-08 16:54:49,924] {processor.py:153} INFO - Started process (PID=5110) to work on /opt/conda/lib/python3.8/site-packages/airflow/example_dags/example_branch_day_of_week_operator.py
[2024-04-08 16:54:49,926] {processor.py:641} INFO - Processing file /opt/conda/lib/python3.8/site-packages/airflow/example_dags/example_branch_day_of_week_operator.py for tasks to queue
[2024-04-08 16:54:49,926] {logging_mixin.py:115} INFO - [2024-04-08 16:54:49,926] {dagbag.py:508} INFO - Filling up the DagBag from /opt/conda/lib/python3.8/site-packages/airflow/example_dags/example_branch_day_of_week_operator.py
[2024-04-08 16:54:49,936] {processor.py:651} INFO - DAG(s) dict_keys(['example_weekday_branch_operator']) retrieved from /opt/conda/lib/python3.8/site-packages/airflow/example_dags/example_branch_day_of_week_operator.py
[2024-04-08 16:54:49,954] {logging_mixin.py:115} INFO - [2024-04-08 16:54:49,954] {dag.py:2420} INFO - Sync 1 DAGs
[2024-04-08 16:54:49,977] {logging_mixin.py:115} INFO - [2024-04-08 16:54:49,976] {dag.py:2968} INFO - Setting next_dagrun for example_weekday_branch_operator to 2024-04-07T00:00:00+00:00, run_after=2024-04-08T00:00:00+00:00
[2024-04-08 16:54:50,033] {processor.py:161} INFO - Processing /opt/conda/lib/python3.8/site-packages/airflow/example_dags/example_branch_day_of_week_operator.py took 0.113 seconds
[2024-04-08 16:57:25,770] {processor.py:153} INFO - Started process (PID=5610) to work on /opt/conda/lib/python3.8/site-packages/airflow/example_dags/example_branch_day_of_week_operator.py
[2024-04-08 16:57:25,772] {processor.py:641} INFO - Processing file /opt/conda/lib/python3.8/site-packages/airflow/example_dags/example_branch_day_of_week_operator.py for tasks to queue
[2024-04-08 16:57:25,772] {logging_mixin.py:115} INFO - [2024-04-08 16:57:25,772] {dagbag.py:508} INFO - Filling up the DagBag from /opt/conda/lib/python3.8/site-packages/airflow/example_dags/example_branch_day_of_week_operator.py
[2024-04-08 16:57:25,781] {processor.py:651} INFO - DAG(s) dict_keys(['example_weekday_branch_operator']) retrieved from /opt/conda/lib/python3.8/site-packages/airflow/example_dags/example_branch_day_of_week_operator.py
[2024-04-08 16:57:25,797] {logging_mixin.py:115} INFO - [2024-04-08 16:57:25,797] {dag.py:2420} INFO - Sync 1 DAGs
[2024-04-08 16:57:25,814] {logging_mixin.py:115} INFO - [2024-04-08 16:57:25,813] {dag.py:2968} INFO - Setting next_dagrun for example_weekday_branch_operator to 2024-04-07T00:00:00+00:00, run_after=2024-04-08T00:00:00+00:00
[2024-04-08 16:57:25,833] {processor.py:161} INFO - Processing /opt/conda/lib/python3.8/site-packages/airflow/example_dags/example_branch_day_of_week_operator.py took 0.066 seconds
[2024-04-08 16:58:21,422] {processor.py:153} INFO - Started process (PID=5731) to work on /opt/conda/lib/python3.8/site-packages/airflow/example_dags/example_branch_day_of_week_operator.py
[2024-04-08 16:58:21,424] {processor.py:641} INFO - Processing file /opt/conda/lib/python3.8/site-packages/airflow/example_dags/example_branch_day_of_week_operator.py for tasks to queue
[2024-04-08 16:58:21,424] {logging_mixin.py:115} INFO - [2024-04-08 16:58:21,424] {dagbag.py:508} INFO - Filling up the DagBag from /opt/conda/lib/python3.8/site-packages/airflow/example_dags/example_branch_day_of_week_operator.py
[2024-04-08 16:58:21,433] {processor.py:651} INFO - DAG(s) dict_keys(['example_weekday_branch_operator']) retrieved from /opt/conda/lib/python3.8/site-packages/airflow/example_dags/example_branch_day_of_week_operator.py
[2024-04-08 16:58:21,452] {logging_mixin.py:115} INFO - [2024-04-08 16:58:21,452] {dag.py:2420} INFO - Sync 1 DAGs
[2024-04-08 16:58:21,470] {logging_mixin.py:115} INFO - [2024-04-08 16:58:21,470] {dag.py:2968} INFO - Setting next_dagrun for example_weekday_branch_operator to 2024-04-07T00:00:00+00:00, run_after=2024-04-08T00:00:00+00:00
[2024-04-08 16:58:21,515] {processor.py:161} INFO - Processing /opt/conda/lib/python3.8/site-packages/airflow/example_dags/example_branch_day_of_week_operator.py took 0.097 seconds
[2024-04-08 16:59:33,461] {processor.py:153} INFO - Started process (PID=5939) to work on /opt/conda/lib/python3.8/site-packages/airflow/example_dags/example_branch_day_of_week_operator.py
[2024-04-08 16:59:33,463] {processor.py:641} INFO - Processing file /opt/conda/lib/python3.8/site-packages/airflow/example_dags/example_branch_day_of_week_operator.py for tasks to queue
[2024-04-08 16:59:33,463] {logging_mixin.py:115} INFO - [2024-04-08 16:59:33,463] {dagbag.py:508} INFO - Filling up the DagBag from /opt/conda/lib/python3.8/site-packages/airflow/example_dags/example_branch_day_of_week_operator.py
[2024-04-08 16:59:33,472] {processor.py:651} INFO - DAG(s) dict_keys(['example_weekday_branch_operator']) retrieved from /opt/conda/lib/python3.8/site-packages/airflow/example_dags/example_branch_day_of_week_operator.py
[2024-04-08 16:59:33,489] {logging_mixin.py:115} INFO - [2024-04-08 16:59:33,489] {dag.py:2420} INFO - Sync 1 DAGs
[2024-04-08 16:59:33,505] {logging_mixin.py:115} INFO - [2024-04-08 16:59:33,505] {dag.py:2968} INFO - Setting next_dagrun for example_weekday_branch_operator to 2024-04-07T00:00:00+00:00, run_after=2024-04-08T00:00:00+00:00
[2024-04-08 16:59:33,542] {processor.py:161} INFO - Processing /opt/conda/lib/python3.8/site-packages/airflow/example_dags/example_branch_day_of_week_operator.py took 0.085 seconds
[2024-04-08 17:01:23,327] {processor.py:153} INFO - Started process (PID=6188) to work on /opt/conda/lib/python3.8/site-packages/airflow/example_dags/example_branch_day_of_week_operator.py
[2024-04-08 17:01:23,329] {processor.py:641} INFO - Processing file /opt/conda/lib/python3.8/site-packages/airflow/example_dags/example_branch_day_of_week_operator.py for tasks to queue
[2024-04-08 17:01:23,330] {logging_mixin.py:115} INFO - [2024-04-08 17:01:23,329] {dagbag.py:508} INFO - Filling up the DagBag from /opt/conda/lib/python3.8/site-packages/airflow/example_dags/example_branch_day_of_week_operator.py
[2024-04-08 17:01:23,339] {processor.py:651} INFO - DAG(s) dict_keys(['example_weekday_branch_operator']) retrieved from /opt/conda/lib/python3.8/site-packages/airflow/example_dags/example_branch_day_of_week_operator.py
[2024-04-08 17:01:23,356] {logging_mixin.py:115} INFO - [2024-04-08 17:01:23,356] {dag.py:2420} INFO - Sync 1 DAGs
[2024-04-08 17:01:23,372] {logging_mixin.py:115} INFO - [2024-04-08 17:01:23,372] {dag.py:2968} INFO - Setting next_dagrun for example_weekday_branch_operator to 2024-04-07T00:00:00+00:00, run_after=2024-04-08T00:00:00+00:00
[2024-04-08 17:01:23,422] {processor.py:161} INFO - Processing /opt/conda/lib/python3.8/site-packages/airflow/example_dags/example_branch_day_of_week_operator.py took 0.099 seconds
[2024-04-08 17:02:35,361] {processor.py:153} INFO - Started process (PID=6519) to work on /opt/conda/lib/python3.8/site-packages/airflow/example_dags/example_branch_day_of_week_operator.py
[2024-04-08 17:02:35,363] {processor.py:641} INFO - Processing file /opt/conda/lib/python3.8/site-packages/airflow/example_dags/example_branch_day_of_week_operator.py for tasks to queue
[2024-04-08 17:02:35,364] {logging_mixin.py:115} INFO - [2024-04-08 17:02:35,364] {dagbag.py:508} INFO - Filling up the DagBag from /opt/conda/lib/python3.8/site-packages/airflow/example_dags/example_branch_day_of_week_operator.py
[2024-04-08 17:02:35,374] {processor.py:651} INFO - DAG(s) dict_keys(['example_weekday_branch_operator']) retrieved from /opt/conda/lib/python3.8/site-packages/airflow/example_dags/example_branch_day_of_week_operator.py
[2024-04-08 17:02:35,394] {logging_mixin.py:115} INFO - [2024-04-08 17:02:35,394] {dag.py:2420} INFO - Sync 1 DAGs
[2024-04-08 17:02:35,412] {logging_mixin.py:115} INFO - [2024-04-08 17:02:35,412] {dag.py:2968} INFO - Setting next_dagrun for example_weekday_branch_operator to 2024-04-07T00:00:00+00:00, run_after=2024-04-08T00:00:00+00:00
[2024-04-08 17:02:35,459] {processor.py:161} INFO - Processing /opt/conda/lib/python3.8/site-packages/airflow/example_dags/example_branch_day_of_week_operator.py took 0.102 seconds
