[2024-04-08 16:48:56,624] {processor.py:153} INFO - Started process (PID=4292) to work on /opt/conda/lib/python3.8/site-packages/airflow/example_dags/example_short_circuit_operator.py
[2024-04-08 16:48:56,625] {processor.py:641} INFO - Processing file /opt/conda/lib/python3.8/site-packages/airflow/example_dags/example_short_circuit_operator.py for tasks to queue
[2024-04-08 16:48:56,625] {logging_mixin.py:115} INFO - [2024-04-08 16:48:56,625] {dagbag.py:508} INFO - Filling up the DagBag from /opt/conda/lib/python3.8/site-packages/airflow/example_dags/example_short_circuit_operator.py
[2024-04-08 16:48:56,635] {processor.py:651} INFO - DAG(s) dict_keys(['example_short_circuit_operator']) retrieved from /opt/conda/lib/python3.8/site-packages/airflow/example_dags/example_short_circuit_operator.py
[2024-04-08 16:48:56,655] {logging_mixin.py:115} INFO - [2024-04-08 16:48:56,654] {dag.py:2420} INFO - Sync 1 DAGs
[2024-04-08 16:48:56,673] {logging_mixin.py:115} INFO - [2024-04-08 16:48:56,673] {dag.py:2968} INFO - Setting next_dagrun for example_short_circuit_operator to 2024-04-07T16:48:56.673159+00:00, run_after=2024-04-08T16:48:56.673159+00:00
[2024-04-08 16:48:56,713] {processor.py:161} INFO - Processing /opt/conda/lib/python3.8/site-packages/airflow/example_dags/example_short_circuit_operator.py took 0.092 seconds
[2024-04-08 16:49:51,472] {processor.py:153} INFO - Started process (PID=4413) to work on /opt/conda/lib/python3.8/site-packages/airflow/example_dags/example_short_circuit_operator.py
[2024-04-08 16:49:51,474] {processor.py:641} INFO - Processing file /opt/conda/lib/python3.8/site-packages/airflow/example_dags/example_short_circuit_operator.py for tasks to queue
[2024-04-08 16:49:51,475] {logging_mixin.py:115} INFO - [2024-04-08 16:49:51,475] {dagbag.py:508} INFO - Filling up the DagBag from /opt/conda/lib/python3.8/site-packages/airflow/example_dags/example_short_circuit_operator.py
[2024-04-08 16:49:51,484] {processor.py:651} INFO - DAG(s) dict_keys(['example_short_circuit_operator']) retrieved from /opt/conda/lib/python3.8/site-packages/airflow/example_dags/example_short_circuit_operator.py
[2024-04-08 16:49:51,501] {logging_mixin.py:115} INFO - [2024-04-08 16:49:51,501] {dag.py:2420} INFO - Sync 1 DAGs
[2024-04-08 16:49:51,516] {logging_mixin.py:115} INFO - [2024-04-08 16:49:51,516] {dag.py:2968} INFO - Setting next_dagrun for example_short_circuit_operator to 2024-04-07T16:49:51.515856+00:00, run_after=2024-04-08T16:49:51.515856+00:00
[2024-04-08 16:49:51,535] {processor.py:161} INFO - Processing /opt/conda/lib/python3.8/site-packages/airflow/example_dags/example_short_circuit_operator.py took 0.067 seconds
[2024-04-08 16:50:46,872] {processor.py:153} INFO - Started process (PID=4534) to work on /opt/conda/lib/python3.8/site-packages/airflow/example_dags/example_short_circuit_operator.py
[2024-04-08 16:50:46,874] {processor.py:641} INFO - Processing file /opt/conda/lib/python3.8/site-packages/airflow/example_dags/example_short_circuit_operator.py for tasks to queue
[2024-04-08 16:50:46,875] {logging_mixin.py:115} INFO - [2024-04-08 16:50:46,874] {dagbag.py:508} INFO - Filling up the DagBag from /opt/conda/lib/python3.8/site-packages/airflow/example_dags/example_short_circuit_operator.py
[2024-04-08 16:50:46,885] {processor.py:651} INFO - DAG(s) dict_keys(['example_short_circuit_operator']) retrieved from /opt/conda/lib/python3.8/site-packages/airflow/example_dags/example_short_circuit_operator.py
[2024-04-08 16:50:46,904] {logging_mixin.py:115} INFO - [2024-04-08 16:50:46,904] {dag.py:2420} INFO - Sync 1 DAGs
[2024-04-08 16:50:46,923] {logging_mixin.py:115} INFO - [2024-04-08 16:50:46,923] {dag.py:2968} INFO - Setting next_dagrun for example_short_circuit_operator to 2024-04-07T16:50:46.922908+00:00, run_after=2024-04-08T16:50:46.922908+00:00
[2024-04-08 16:50:46,973] {processor.py:161} INFO - Processing /opt/conda/lib/python3.8/site-packages/airflow/example_dags/example_short_circuit_operator.py took 0.104 seconds
[2024-04-08 16:51:37,867] {processor.py:153} INFO - Started process (PID=4652) to work on /opt/conda/lib/python3.8/site-packages/airflow/example_dags/example_short_circuit_operator.py
[2024-04-08 16:51:37,882] {processor.py:641} INFO - Processing file /opt/conda/lib/python3.8/site-packages/airflow/example_dags/example_short_circuit_operator.py for tasks to queue
[2024-04-08 16:51:37,882] {logging_mixin.py:115} INFO - [2024-04-08 16:51:37,882] {dagbag.py:508} INFO - Filling up the DagBag from /opt/conda/lib/python3.8/site-packages/airflow/example_dags/example_short_circuit_operator.py
[2024-04-08 16:51:37,891] {processor.py:651} INFO - DAG(s) dict_keys(['example_short_circuit_operator']) retrieved from /opt/conda/lib/python3.8/site-packages/airflow/example_dags/example_short_circuit_operator.py
[2024-04-08 16:51:37,909] {logging_mixin.py:115} INFO - [2024-04-08 16:51:37,909] {dag.py:2420} INFO - Sync 1 DAGs
[2024-04-08 16:51:37,925] {logging_mixin.py:115} INFO - [2024-04-08 16:51:37,925] {dag.py:2968} INFO - Setting next_dagrun for example_short_circuit_operator to 2024-04-07T16:51:37.925434+00:00, run_after=2024-04-08T16:51:37.925434+00:00
[2024-04-08 16:51:37,989] {processor.py:161} INFO - Processing /opt/conda/lib/python3.8/site-packages/airflow/example_dags/example_short_circuit_operator.py took 0.126 seconds
[2024-04-08 16:52:31,776] {processor.py:153} INFO - Started process (PID=4770) to work on /opt/conda/lib/python3.8/site-packages/airflow/example_dags/example_short_circuit_operator.py
[2024-04-08 16:52:31,777] {processor.py:641} INFO - Processing file /opt/conda/lib/python3.8/site-packages/airflow/example_dags/example_short_circuit_operator.py for tasks to queue
[2024-04-08 16:52:31,778] {logging_mixin.py:115} INFO - [2024-04-08 16:52:31,778] {dagbag.py:508} INFO - Filling up the DagBag from /opt/conda/lib/python3.8/site-packages/airflow/example_dags/example_short_circuit_operator.py
[2024-04-08 16:52:31,789] {processor.py:651} INFO - DAG(s) dict_keys(['example_short_circuit_operator']) retrieved from /opt/conda/lib/python3.8/site-packages/airflow/example_dags/example_short_circuit_operator.py
[2024-04-08 16:52:31,808] {logging_mixin.py:115} INFO - [2024-04-08 16:52:31,808] {dag.py:2420} INFO - Sync 1 DAGs
[2024-04-08 16:52:31,824] {logging_mixin.py:115} INFO - [2024-04-08 16:52:31,824] {dag.py:2968} INFO - Setting next_dagrun for example_short_circuit_operator to 2024-04-07T16:52:31.824133+00:00, run_after=2024-04-08T16:52:31.824133+00:00
[2024-04-08 16:52:31,880] {processor.py:161} INFO - Processing /opt/conda/lib/python3.8/site-packages/airflow/example_dags/example_short_circuit_operator.py took 0.109 seconds
[2024-04-08 16:53:22,161] {processor.py:153} INFO - Started process (PID=4888) to work on /opt/conda/lib/python3.8/site-packages/airflow/example_dags/example_short_circuit_operator.py
[2024-04-08 16:53:22,163] {processor.py:641} INFO - Processing file /opt/conda/lib/python3.8/site-packages/airflow/example_dags/example_short_circuit_operator.py for tasks to queue
[2024-04-08 16:53:22,164] {logging_mixin.py:115} INFO - [2024-04-08 16:53:22,163] {dagbag.py:508} INFO - Filling up the DagBag from /opt/conda/lib/python3.8/site-packages/airflow/example_dags/example_short_circuit_operator.py
[2024-04-08 16:53:22,174] {processor.py:651} INFO - DAG(s) dict_keys(['example_short_circuit_operator']) retrieved from /opt/conda/lib/python3.8/site-packages/airflow/example_dags/example_short_circuit_operator.py
[2024-04-08 16:53:22,192] {logging_mixin.py:115} INFO - [2024-04-08 16:53:22,192] {dag.py:2420} INFO - Sync 1 DAGs
[2024-04-08 16:53:22,211] {logging_mixin.py:115} INFO - [2024-04-08 16:53:22,211] {dag.py:2968} INFO - Setting next_dagrun for example_short_circuit_operator to 2024-04-07T16:53:22.211502+00:00, run_after=2024-04-08T16:53:22.211502+00:00
[2024-04-08 16:53:22,234] {processor.py:161} INFO - Processing /opt/conda/lib/python3.8/site-packages/airflow/example_dags/example_short_circuit_operator.py took 0.077 seconds
[2024-04-08 16:54:10,924] {processor.py:153} INFO - Started process (PID=5005) to work on /opt/conda/lib/python3.8/site-packages/airflow/example_dags/example_short_circuit_operator.py
[2024-04-08 16:54:10,926] {processor.py:641} INFO - Processing file /opt/conda/lib/python3.8/site-packages/airflow/example_dags/example_short_circuit_operator.py for tasks to queue
[2024-04-08 16:54:10,927] {logging_mixin.py:115} INFO - [2024-04-08 16:54:10,927] {dagbag.py:508} INFO - Filling up the DagBag from /opt/conda/lib/python3.8/site-packages/airflow/example_dags/example_short_circuit_operator.py
[2024-04-08 16:54:10,938] {processor.py:651} INFO - DAG(s) dict_keys(['example_short_circuit_operator']) retrieved from /opt/conda/lib/python3.8/site-packages/airflow/example_dags/example_short_circuit_operator.py
[2024-04-08 16:54:10,959] {logging_mixin.py:115} INFO - [2024-04-08 16:54:10,959] {dag.py:2420} INFO - Sync 1 DAGs
[2024-04-08 16:54:10,980] {logging_mixin.py:115} INFO - [2024-04-08 16:54:10,979] {dag.py:2968} INFO - Setting next_dagrun for example_short_circuit_operator to 2024-04-07T16:54:10.979581+00:00, run_after=2024-04-08T16:54:10.979581+00:00
[2024-04-08 16:54:11,038] {processor.py:161} INFO - Processing /opt/conda/lib/python3.8/site-packages/airflow/example_dags/example_short_circuit_operator.py took 0.118 seconds
[2024-04-08 16:55:01,280] {processor.py:153} INFO - Started process (PID=5121) to work on /opt/conda/lib/python3.8/site-packages/airflow/example_dags/example_short_circuit_operator.py
[2024-04-08 16:55:01,282] {processor.py:641} INFO - Processing file /opt/conda/lib/python3.8/site-packages/airflow/example_dags/example_short_circuit_operator.py for tasks to queue
[2024-04-08 16:55:01,283] {logging_mixin.py:115} INFO - [2024-04-08 16:55:01,282] {dagbag.py:508} INFO - Filling up the DagBag from /opt/conda/lib/python3.8/site-packages/airflow/example_dags/example_short_circuit_operator.py
[2024-04-08 16:55:01,293] {processor.py:651} INFO - DAG(s) dict_keys(['example_short_circuit_operator']) retrieved from /opt/conda/lib/python3.8/site-packages/airflow/example_dags/example_short_circuit_operator.py
[2024-04-08 16:55:01,311] {logging_mixin.py:115} INFO - [2024-04-08 16:55:01,310] {dag.py:2420} INFO - Sync 1 DAGs
[2024-04-08 16:55:01,326] {logging_mixin.py:115} INFO - [2024-04-08 16:55:01,325] {dag.py:2968} INFO - Setting next_dagrun for example_short_circuit_operator to 2024-04-07T16:55:01.325755+00:00, run_after=2024-04-08T16:55:01.325755+00:00
[2024-04-08 16:55:01,345] {processor.py:161} INFO - Processing /opt/conda/lib/python3.8/site-packages/airflow/example_dags/example_short_circuit_operator.py took 0.069 seconds
[2024-04-08 16:57:11,251] {processor.py:153} INFO - Started process (PID=5596) to work on /opt/conda/lib/python3.8/site-packages/airflow/example_dags/example_short_circuit_operator.py
[2024-04-08 16:57:11,253] {processor.py:641} INFO - Processing file /opt/conda/lib/python3.8/site-packages/airflow/example_dags/example_short_circuit_operator.py for tasks to queue
[2024-04-08 16:57:11,253] {logging_mixin.py:115} INFO - [2024-04-08 16:57:11,253] {dagbag.py:508} INFO - Filling up the DagBag from /opt/conda/lib/python3.8/site-packages/airflow/example_dags/example_short_circuit_operator.py
[2024-04-08 16:57:11,263] {processor.py:651} INFO - DAG(s) dict_keys(['example_short_circuit_operator']) retrieved from /opt/conda/lib/python3.8/site-packages/airflow/example_dags/example_short_circuit_operator.py
[2024-04-08 16:57:11,279] {logging_mixin.py:115} INFO - [2024-04-08 16:57:11,279] {dag.py:2420} INFO - Sync 1 DAGs
[2024-04-08 16:57:11,293] {logging_mixin.py:115} INFO - [2024-04-08 16:57:11,293] {dag.py:2968} INFO - Setting next_dagrun for example_short_circuit_operator to 2024-04-07T16:57:11.293492+00:00, run_after=2024-04-08T16:57:11.293492+00:00
[2024-04-08 16:57:11,313] {processor.py:161} INFO - Processing /opt/conda/lib/python3.8/site-packages/airflow/example_dags/example_short_circuit_operator.py took 0.065 seconds
[2024-04-08 16:58:06,980] {processor.py:153} INFO - Started process (PID=5717) to work on /opt/conda/lib/python3.8/site-packages/airflow/example_dags/example_short_circuit_operator.py
[2024-04-08 16:58:06,982] {processor.py:641} INFO - Processing file /opt/conda/lib/python3.8/site-packages/airflow/example_dags/example_short_circuit_operator.py for tasks to queue
[2024-04-08 16:58:06,982] {logging_mixin.py:115} INFO - [2024-04-08 16:58:06,982] {dagbag.py:508} INFO - Filling up the DagBag from /opt/conda/lib/python3.8/site-packages/airflow/example_dags/example_short_circuit_operator.py
[2024-04-08 16:58:06,992] {processor.py:651} INFO - DAG(s) dict_keys(['example_short_circuit_operator']) retrieved from /opt/conda/lib/python3.8/site-packages/airflow/example_dags/example_short_circuit_operator.py
[2024-04-08 16:58:07,009] {logging_mixin.py:115} INFO - [2024-04-08 16:58:07,009] {dag.py:2420} INFO - Sync 1 DAGs
[2024-04-08 16:58:07,023] {logging_mixin.py:115} INFO - [2024-04-08 16:58:07,023] {dag.py:2968} INFO - Setting next_dagrun for example_short_circuit_operator to 2024-04-07T16:58:07.023448+00:00, run_after=2024-04-08T16:58:07.023448+00:00
[2024-04-08 16:58:07,064] {processor.py:161} INFO - Processing /opt/conda/lib/python3.8/site-packages/airflow/example_dags/example_short_circuit_operator.py took 0.088 seconds
[2024-04-08 16:58:56,300] {processor.py:153} INFO - Started process (PID=5833) to work on /opt/conda/lib/python3.8/site-packages/airflow/example_dags/example_short_circuit_operator.py
[2024-04-08 16:58:56,301] {processor.py:641} INFO - Processing file /opt/conda/lib/python3.8/site-packages/airflow/example_dags/example_short_circuit_operator.py for tasks to queue
[2024-04-08 16:58:56,302] {logging_mixin.py:115} INFO - [2024-04-08 16:58:56,302] {dagbag.py:508} INFO - Filling up the DagBag from /opt/conda/lib/python3.8/site-packages/airflow/example_dags/example_short_circuit_operator.py
[2024-04-08 16:58:56,313] {processor.py:651} INFO - DAG(s) dict_keys(['example_short_circuit_operator']) retrieved from /opt/conda/lib/python3.8/site-packages/airflow/example_dags/example_short_circuit_operator.py
[2024-04-08 16:58:56,334] {logging_mixin.py:115} INFO - [2024-04-08 16:58:56,334] {dag.py:2420} INFO - Sync 1 DAGs
[2024-04-08 16:58:56,350] {logging_mixin.py:115} INFO - [2024-04-08 16:58:56,350] {dag.py:2968} INFO - Setting next_dagrun for example_short_circuit_operator to 2024-04-07T16:58:56.349743+00:00, run_after=2024-04-08T16:58:56.349743+00:00
[2024-04-08 16:58:56,371] {processor.py:161} INFO - Processing /opt/conda/lib/python3.8/site-packages/airflow/example_dags/example_short_circuit_operator.py took 0.076 seconds
[2024-04-08 16:59:43,632] {processor.py:153} INFO - Started process (PID=5949) to work on /opt/conda/lib/python3.8/site-packages/airflow/example_dags/example_short_circuit_operator.py
[2024-04-08 16:59:43,634] {processor.py:641} INFO - Processing file /opt/conda/lib/python3.8/site-packages/airflow/example_dags/example_short_circuit_operator.py for tasks to queue
[2024-04-08 16:59:43,634] {logging_mixin.py:115} INFO - [2024-04-08 16:59:43,634] {dagbag.py:508} INFO - Filling up the DagBag from /opt/conda/lib/python3.8/site-packages/airflow/example_dags/example_short_circuit_operator.py
[2024-04-08 16:59:43,645] {processor.py:651} INFO - DAG(s) dict_keys(['example_short_circuit_operator']) retrieved from /opt/conda/lib/python3.8/site-packages/airflow/example_dags/example_short_circuit_operator.py
[2024-04-08 16:59:43,664] {logging_mixin.py:115} INFO - [2024-04-08 16:59:43,664] {dag.py:2420} INFO - Sync 1 DAGs
[2024-04-08 16:59:43,683] {logging_mixin.py:115} INFO - [2024-04-08 16:59:43,683] {dag.py:2968} INFO - Setting next_dagrun for example_short_circuit_operator to 2024-04-07T16:59:43.683213+00:00, run_after=2024-04-08T16:59:43.683213+00:00
[2024-04-08 16:59:43,739] {processor.py:161} INFO - Processing /opt/conda/lib/python3.8/site-packages/airflow/example_dags/example_short_circuit_operator.py took 0.111 seconds
[2024-04-08 17:01:09,951] {processor.py:153} INFO - Started process (PID=6175) to work on /opt/conda/lib/python3.8/site-packages/airflow/example_dags/example_short_circuit_operator.py
[2024-04-08 17:01:09,952] {processor.py:641} INFO - Processing file /opt/conda/lib/python3.8/site-packages/airflow/example_dags/example_short_circuit_operator.py for tasks to queue
[2024-04-08 17:01:09,953] {logging_mixin.py:115} INFO - [2024-04-08 17:01:09,953] {dagbag.py:508} INFO - Filling up the DagBag from /opt/conda/lib/python3.8/site-packages/airflow/example_dags/example_short_circuit_operator.py
[2024-04-08 17:01:09,963] {processor.py:651} INFO - DAG(s) dict_keys(['example_short_circuit_operator']) retrieved from /opt/conda/lib/python3.8/site-packages/airflow/example_dags/example_short_circuit_operator.py
[2024-04-08 17:01:09,982] {logging_mixin.py:115} INFO - [2024-04-08 17:01:09,982] {dag.py:2420} INFO - Sync 1 DAGs
[2024-04-08 17:01:09,998] {logging_mixin.py:115} INFO - [2024-04-08 17:01:09,998] {dag.py:2968} INFO - Setting next_dagrun for example_short_circuit_operator to 2024-04-07T17:01:09.997945+00:00, run_after=2024-04-08T17:01:09.997945+00:00
[2024-04-08 17:01:10,031] {processor.py:161} INFO - Processing /opt/conda/lib/python3.8/site-packages/airflow/example_dags/example_short_circuit_operator.py took 0.084 seconds
[2024-04-08 17:02:03,896] {processor.py:153} INFO - Started process (PID=6337) to work on /opt/conda/lib/python3.8/site-packages/airflow/example_dags/example_short_circuit_operator.py
[2024-04-08 17:02:03,898] {processor.py:641} INFO - Processing file /opt/conda/lib/python3.8/site-packages/airflow/example_dags/example_short_circuit_operator.py for tasks to queue
[2024-04-08 17:02:03,898] {logging_mixin.py:115} INFO - [2024-04-08 17:02:03,898] {dagbag.py:508} INFO - Filling up the DagBag from /opt/conda/lib/python3.8/site-packages/airflow/example_dags/example_short_circuit_operator.py
[2024-04-08 17:02:03,908] {processor.py:651} INFO - DAG(s) dict_keys(['example_short_circuit_operator']) retrieved from /opt/conda/lib/python3.8/site-packages/airflow/example_dags/example_short_circuit_operator.py
[2024-04-08 17:02:03,924] {logging_mixin.py:115} INFO - [2024-04-08 17:02:03,924] {dag.py:2420} INFO - Sync 1 DAGs
[2024-04-08 17:02:03,939] {logging_mixin.py:115} INFO - [2024-04-08 17:02:03,939] {dag.py:2968} INFO - Setting next_dagrun for example_short_circuit_operator to 2024-04-07T17:02:03.939123+00:00, run_after=2024-04-08T17:02:03.939123+00:00
[2024-04-08 17:02:03,971] {processor.py:161} INFO - Processing /opt/conda/lib/python3.8/site-packages/airflow/example_dags/example_short_circuit_operator.py took 0.078 seconds
[2024-04-08 17:02:49,759] {processor.py:153} INFO - Started process (PID=6575) to work on /opt/conda/lib/python3.8/site-packages/airflow/example_dags/example_short_circuit_operator.py
[2024-04-08 17:02:49,761] {processor.py:641} INFO - Processing file /opt/conda/lib/python3.8/site-packages/airflow/example_dags/example_short_circuit_operator.py for tasks to queue
[2024-04-08 17:02:49,762] {logging_mixin.py:115} INFO - [2024-04-08 17:02:49,762] {dagbag.py:508} INFO - Filling up the DagBag from /opt/conda/lib/python3.8/site-packages/airflow/example_dags/example_short_circuit_operator.py
[2024-04-08 17:02:49,772] {processor.py:651} INFO - DAG(s) dict_keys(['example_short_circuit_operator']) retrieved from /opt/conda/lib/python3.8/site-packages/airflow/example_dags/example_short_circuit_operator.py
[2024-04-08 17:02:49,790] {logging_mixin.py:115} INFO - [2024-04-08 17:02:49,790] {dag.py:2420} INFO - Sync 1 DAGs
[2024-04-08 17:02:49,808] {logging_mixin.py:115} INFO - [2024-04-08 17:02:49,808] {dag.py:2968} INFO - Setting next_dagrun for example_short_circuit_operator to 2024-04-07T17:02:49.808226+00:00, run_after=2024-04-08T17:02:49.808226+00:00
[2024-04-08 17:02:49,858] {processor.py:161} INFO - Processing /opt/conda/lib/python3.8/site-packages/airflow/example_dags/example_short_circuit_operator.py took 0.102 seconds
