[2024-04-08 16:48:49,696] {processor.py:153} INFO - Started process (PID=4285) to work on /opt/conda/lib/python3.8/site-packages/airflow/example_dags/example_task_group_decorator.py
[2024-04-08 16:48:49,697] {processor.py:641} INFO - Processing file /opt/conda/lib/python3.8/site-packages/airflow/example_dags/example_task_group_decorator.py for tasks to queue
[2024-04-08 16:48:49,697] {logging_mixin.py:115} INFO - [2024-04-08 16:48:49,697] {dagbag.py:508} INFO - Filling up the DagBag from /opt/conda/lib/python3.8/site-packages/airflow/example_dags/example_task_group_decorator.py
[2024-04-08 16:48:49,722] {processor.py:651} INFO - DAG(s) dict_keys(['example_task_group_decorator']) retrieved from /opt/conda/lib/python3.8/site-packages/airflow/example_dags/example_task_group_decorator.py
[2024-04-08 16:48:49,759] {logging_mixin.py:115} INFO - [2024-04-08 16:48:49,759] {dag.py:2420} INFO - Sync 1 DAGs
[2024-04-08 16:48:49,772] {logging_mixin.py:115} INFO - [2024-04-08 16:48:49,772] {dag.py:2968} INFO - Setting next_dagrun for example_task_group_decorator to 2024-04-07T16:48:49.771783+00:00, run_after=2024-04-08T16:48:49.771783+00:00
[2024-04-08 16:48:49,801] {processor.py:161} INFO - Processing /opt/conda/lib/python3.8/site-packages/airflow/example_dags/example_task_group_decorator.py took 0.108 seconds
[2024-04-08 16:49:43,796] {processor.py:153} INFO - Started process (PID=4406) to work on /opt/conda/lib/python3.8/site-packages/airflow/example_dags/example_task_group_decorator.py
[2024-04-08 16:49:43,798] {processor.py:641} INFO - Processing file /opt/conda/lib/python3.8/site-packages/airflow/example_dags/example_task_group_decorator.py for tasks to queue
[2024-04-08 16:49:43,798] {logging_mixin.py:115} INFO - [2024-04-08 16:49:43,798] {dagbag.py:508} INFO - Filling up the DagBag from /opt/conda/lib/python3.8/site-packages/airflow/example_dags/example_task_group_decorator.py
[2024-04-08 16:49:43,828] {processor.py:651} INFO - DAG(s) dict_keys(['example_task_group_decorator']) retrieved from /opt/conda/lib/python3.8/site-packages/airflow/example_dags/example_task_group_decorator.py
[2024-04-08 16:49:43,870] {logging_mixin.py:115} INFO - [2024-04-08 16:49:43,870] {dag.py:2420} INFO - Sync 1 DAGs
[2024-04-08 16:49:43,884] {logging_mixin.py:115} INFO - [2024-04-08 16:49:43,884] {dag.py:2968} INFO - Setting next_dagrun for example_task_group_decorator to 2024-04-07T16:49:43.884454+00:00, run_after=2024-04-08T16:49:43.884454+00:00
[2024-04-08 16:49:43,906] {processor.py:161} INFO - Processing /opt/conda/lib/python3.8/site-packages/airflow/example_dags/example_task_group_decorator.py took 0.114 seconds
[2024-04-08 16:50:39,072] {processor.py:153} INFO - Started process (PID=4527) to work on /opt/conda/lib/python3.8/site-packages/airflow/example_dags/example_task_group_decorator.py
[2024-04-08 16:50:39,074] {processor.py:641} INFO - Processing file /opt/conda/lib/python3.8/site-packages/airflow/example_dags/example_task_group_decorator.py for tasks to queue
[2024-04-08 16:50:39,074] {logging_mixin.py:115} INFO - [2024-04-08 16:50:39,074] {dagbag.py:508} INFO - Filling up the DagBag from /opt/conda/lib/python3.8/site-packages/airflow/example_dags/example_task_group_decorator.py
[2024-04-08 16:50:39,105] {processor.py:651} INFO - DAG(s) dict_keys(['example_task_group_decorator']) retrieved from /opt/conda/lib/python3.8/site-packages/airflow/example_dags/example_task_group_decorator.py
[2024-04-08 16:50:39,151] {logging_mixin.py:115} INFO - [2024-04-08 16:50:39,151] {dag.py:2420} INFO - Sync 1 DAGs
[2024-04-08 16:50:39,165] {logging_mixin.py:115} INFO - [2024-04-08 16:50:39,165] {dag.py:2968} INFO - Setting next_dagrun for example_task_group_decorator to 2024-04-07T16:50:39.164849+00:00, run_after=2024-04-08T16:50:39.164849+00:00
[2024-04-08 16:50:39,213] {processor.py:161} INFO - Processing /opt/conda/lib/python3.8/site-packages/airflow/example_dags/example_task_group_decorator.py took 0.146 seconds
[2024-04-08 16:51:30,971] {processor.py:153} INFO - Started process (PID=4645) to work on /opt/conda/lib/python3.8/site-packages/airflow/example_dags/example_task_group_decorator.py
[2024-04-08 16:51:30,973] {processor.py:641} INFO - Processing file /opt/conda/lib/python3.8/site-packages/airflow/example_dags/example_task_group_decorator.py for tasks to queue
[2024-04-08 16:51:30,974] {logging_mixin.py:115} INFO - [2024-04-08 16:51:30,974] {dagbag.py:508} INFO - Filling up the DagBag from /opt/conda/lib/python3.8/site-packages/airflow/example_dags/example_task_group_decorator.py
[2024-04-08 16:51:31,003] {processor.py:651} INFO - DAG(s) dict_keys(['example_task_group_decorator']) retrieved from /opt/conda/lib/python3.8/site-packages/airflow/example_dags/example_task_group_decorator.py
[2024-04-08 16:51:31,023] {logging_mixin.py:115} INFO - [2024-04-08 16:51:31,023] {dag.py:2420} INFO - Sync 1 DAGs
[2024-04-08 16:51:31,038] {logging_mixin.py:115} INFO - [2024-04-08 16:51:31,038] {dag.py:2968} INFO - Setting next_dagrun for example_task_group_decorator to 2024-04-07T16:51:31.038281+00:00, run_after=2024-04-08T16:51:31.038281+00:00
[2024-04-08 16:51:31,085] {processor.py:161} INFO - Processing /opt/conda/lib/python3.8/site-packages/airflow/example_dags/example_task_group_decorator.py took 0.118 seconds
[2024-04-08 16:52:23,476] {processor.py:153} INFO - Started process (PID=4763) to work on /opt/conda/lib/python3.8/site-packages/airflow/example_dags/example_task_group_decorator.py
[2024-04-08 16:52:23,478] {processor.py:641} INFO - Processing file /opt/conda/lib/python3.8/site-packages/airflow/example_dags/example_task_group_decorator.py for tasks to queue
[2024-04-08 16:52:23,478] {logging_mixin.py:115} INFO - [2024-04-08 16:52:23,478] {dagbag.py:508} INFO - Filling up the DagBag from /opt/conda/lib/python3.8/site-packages/airflow/example_dags/example_task_group_decorator.py
[2024-04-08 16:52:23,508] {processor.py:651} INFO - DAG(s) dict_keys(['example_task_group_decorator']) retrieved from /opt/conda/lib/python3.8/site-packages/airflow/example_dags/example_task_group_decorator.py
[2024-04-08 16:52:23,555] {logging_mixin.py:115} INFO - [2024-04-08 16:52:23,555] {dag.py:2420} INFO - Sync 1 DAGs
[2024-04-08 16:52:23,568] {logging_mixin.py:115} INFO - [2024-04-08 16:52:23,568] {dag.py:2968} INFO - Setting next_dagrun for example_task_group_decorator to 2024-04-07T16:52:23.567909+00:00, run_after=2024-04-08T16:52:23.567909+00:00
[2024-04-08 16:52:23,589] {processor.py:161} INFO - Processing /opt/conda/lib/python3.8/site-packages/airflow/example_dags/example_task_group_decorator.py took 0.117 seconds
[2024-04-08 16:53:15,146] {processor.py:153} INFO - Started process (PID=4881) to work on /opt/conda/lib/python3.8/site-packages/airflow/example_dags/example_task_group_decorator.py
[2024-04-08 16:53:15,148] {processor.py:641} INFO - Processing file /opt/conda/lib/python3.8/site-packages/airflow/example_dags/example_task_group_decorator.py for tasks to queue
[2024-04-08 16:53:15,149] {logging_mixin.py:115} INFO - [2024-04-08 16:53:15,149] {dagbag.py:508} INFO - Filling up the DagBag from /opt/conda/lib/python3.8/site-packages/airflow/example_dags/example_task_group_decorator.py
[2024-04-08 16:53:15,175] {processor.py:651} INFO - DAG(s) dict_keys(['example_task_group_decorator']) retrieved from /opt/conda/lib/python3.8/site-packages/airflow/example_dags/example_task_group_decorator.py
[2024-04-08 16:53:15,214] {logging_mixin.py:115} INFO - [2024-04-08 16:53:15,214] {dag.py:2420} INFO - Sync 1 DAGs
[2024-04-08 16:53:15,227] {logging_mixin.py:115} INFO - [2024-04-08 16:53:15,227] {dag.py:2968} INFO - Setting next_dagrun for example_task_group_decorator to 2024-04-07T16:53:15.227106+00:00, run_after=2024-04-08T16:53:15.227106+00:00
[2024-04-08 16:53:15,249] {processor.py:161} INFO - Processing /opt/conda/lib/python3.8/site-packages/airflow/example_dags/example_task_group_decorator.py took 0.106 seconds
[2024-04-08 16:54:05,288] {processor.py:153} INFO - Started process (PID=4998) to work on /opt/conda/lib/python3.8/site-packages/airflow/example_dags/example_task_group_decorator.py
[2024-04-08 16:54:05,289] {processor.py:641} INFO - Processing file /opt/conda/lib/python3.8/site-packages/airflow/example_dags/example_task_group_decorator.py for tasks to queue
[2024-04-08 16:54:05,290] {logging_mixin.py:115} INFO - [2024-04-08 16:54:05,290] {dagbag.py:508} INFO - Filling up the DagBag from /opt/conda/lib/python3.8/site-packages/airflow/example_dags/example_task_group_decorator.py
[2024-04-08 16:54:05,315] {processor.py:651} INFO - DAG(s) dict_keys(['example_task_group_decorator']) retrieved from /opt/conda/lib/python3.8/site-packages/airflow/example_dags/example_task_group_decorator.py
[2024-04-08 16:54:05,331] {logging_mixin.py:115} INFO - [2024-04-08 16:54:05,331] {dag.py:2420} INFO - Sync 1 DAGs
[2024-04-08 16:54:05,345] {logging_mixin.py:115} INFO - [2024-04-08 16:54:05,345] {dag.py:2968} INFO - Setting next_dagrun for example_task_group_decorator to 2024-04-07T16:54:05.345227+00:00, run_after=2024-04-08T16:54:05.345227+00:00
[2024-04-08 16:54:05,384] {processor.py:161} INFO - Processing /opt/conda/lib/python3.8/site-packages/airflow/example_dags/example_task_group_decorator.py took 0.100 seconds
[2024-04-08 16:54:53,924] {processor.py:153} INFO - Started process (PID=5114) to work on /opt/conda/lib/python3.8/site-packages/airflow/example_dags/example_task_group_decorator.py
[2024-04-08 16:54:53,926] {processor.py:641} INFO - Processing file /opt/conda/lib/python3.8/site-packages/airflow/example_dags/example_task_group_decorator.py for tasks to queue
[2024-04-08 16:54:53,927] {logging_mixin.py:115} INFO - [2024-04-08 16:54:53,927] {dagbag.py:508} INFO - Filling up the DagBag from /opt/conda/lib/python3.8/site-packages/airflow/example_dags/example_task_group_decorator.py
[2024-04-08 16:54:53,956] {processor.py:651} INFO - DAG(s) dict_keys(['example_task_group_decorator']) retrieved from /opt/conda/lib/python3.8/site-packages/airflow/example_dags/example_task_group_decorator.py
[2024-04-08 16:54:53,974] {logging_mixin.py:115} INFO - [2024-04-08 16:54:53,974] {dag.py:2420} INFO - Sync 1 DAGs
[2024-04-08 16:54:53,989] {logging_mixin.py:115} INFO - [2024-04-08 16:54:53,989] {dag.py:2968} INFO - Setting next_dagrun for example_task_group_decorator to 2024-04-07T16:54:53.989233+00:00, run_after=2024-04-08T16:54:53.989233+00:00
[2024-04-08 16:54:54,009] {processor.py:161} INFO - Processing /opt/conda/lib/python3.8/site-packages/airflow/example_dags/example_task_group_decorator.py took 0.089 seconds
[2024-04-08 16:57:03,732] {processor.py:153} INFO - Started process (PID=5589) to work on /opt/conda/lib/python3.8/site-packages/airflow/example_dags/example_task_group_decorator.py
[2024-04-08 16:57:03,734] {processor.py:641} INFO - Processing file /opt/conda/lib/python3.8/site-packages/airflow/example_dags/example_task_group_decorator.py for tasks to queue
[2024-04-08 16:57:03,735] {logging_mixin.py:115} INFO - [2024-04-08 16:57:03,734] {dagbag.py:508} INFO - Filling up the DagBag from /opt/conda/lib/python3.8/site-packages/airflow/example_dags/example_task_group_decorator.py
[2024-04-08 16:57:03,764] {processor.py:651} INFO - DAG(s) dict_keys(['example_task_group_decorator']) retrieved from /opt/conda/lib/python3.8/site-packages/airflow/example_dags/example_task_group_decorator.py
[2024-04-08 16:57:03,805] {logging_mixin.py:115} INFO - [2024-04-08 16:57:03,805] {dag.py:2420} INFO - Sync 1 DAGs
[2024-04-08 16:57:03,817] {logging_mixin.py:115} INFO - [2024-04-08 16:57:03,817] {dag.py:2968} INFO - Setting next_dagrun for example_task_group_decorator to 2024-04-07T16:57:03.817473+00:00, run_after=2024-04-08T16:57:03.817473+00:00
[2024-04-08 16:57:03,840] {processor.py:161} INFO - Processing /opt/conda/lib/python3.8/site-packages/airflow/example_dags/example_task_group_decorator.py took 0.111 seconds
[2024-04-08 16:57:59,172] {processor.py:153} INFO - Started process (PID=5710) to work on /opt/conda/lib/python3.8/site-packages/airflow/example_dags/example_task_group_decorator.py
[2024-04-08 16:57:59,174] {processor.py:641} INFO - Processing file /opt/conda/lib/python3.8/site-packages/airflow/example_dags/example_task_group_decorator.py for tasks to queue
[2024-04-08 16:57:59,174] {logging_mixin.py:115} INFO - [2024-04-08 16:57:59,174] {dagbag.py:508} INFO - Filling up the DagBag from /opt/conda/lib/python3.8/site-packages/airflow/example_dags/example_task_group_decorator.py
[2024-04-08 16:57:59,201] {processor.py:651} INFO - DAG(s) dict_keys(['example_task_group_decorator']) retrieved from /opt/conda/lib/python3.8/site-packages/airflow/example_dags/example_task_group_decorator.py
[2024-04-08 16:57:59,241] {logging_mixin.py:115} INFO - [2024-04-08 16:57:59,241] {dag.py:2420} INFO - Sync 1 DAGs
[2024-04-08 16:57:59,253] {logging_mixin.py:115} INFO - [2024-04-08 16:57:59,253] {dag.py:2968} INFO - Setting next_dagrun for example_task_group_decorator to 2024-04-07T16:57:59.253335+00:00, run_after=2024-04-08T16:57:59.253335+00:00
[2024-04-08 16:57:59,277] {processor.py:161} INFO - Processing /opt/conda/lib/python3.8/site-packages/airflow/example_dags/example_task_group_decorator.py took 0.109 seconds
[2024-04-08 16:58:49,624] {processor.py:153} INFO - Started process (PID=5826) to work on /opt/conda/lib/python3.8/site-packages/airflow/example_dags/example_task_group_decorator.py
[2024-04-08 16:58:49,625] {processor.py:641} INFO - Processing file /opt/conda/lib/python3.8/site-packages/airflow/example_dags/example_task_group_decorator.py for tasks to queue
[2024-04-08 16:58:49,626] {logging_mixin.py:115} INFO - [2024-04-08 16:58:49,626] {dagbag.py:508} INFO - Filling up the DagBag from /opt/conda/lib/python3.8/site-packages/airflow/example_dags/example_task_group_decorator.py
[2024-04-08 16:58:49,651] {processor.py:651} INFO - DAG(s) dict_keys(['example_task_group_decorator']) retrieved from /opt/conda/lib/python3.8/site-packages/airflow/example_dags/example_task_group_decorator.py
[2024-04-08 16:58:49,689] {logging_mixin.py:115} INFO - [2024-04-08 16:58:49,689] {dag.py:2420} INFO - Sync 1 DAGs
[2024-04-08 16:58:49,701] {logging_mixin.py:115} INFO - [2024-04-08 16:58:49,701] {dag.py:2968} INFO - Setting next_dagrun for example_task_group_decorator to 2024-04-07T16:58:49.701626+00:00, run_after=2024-04-08T16:58:49.701626+00:00
[2024-04-08 16:58:49,723] {processor.py:161} INFO - Processing /opt/conda/lib/python3.8/site-packages/airflow/example_dags/example_task_group_decorator.py took 0.102 seconds
[2024-04-08 16:59:36,813] {processor.py:153} INFO - Started process (PID=5942) to work on /opt/conda/lib/python3.8/site-packages/airflow/example_dags/example_task_group_decorator.py
[2024-04-08 16:59:36,815] {processor.py:641} INFO - Processing file /opt/conda/lib/python3.8/site-packages/airflow/example_dags/example_task_group_decorator.py for tasks to queue
[2024-04-08 16:59:36,815] {logging_mixin.py:115} INFO - [2024-04-08 16:59:36,815] {dagbag.py:508} INFO - Filling up the DagBag from /opt/conda/lib/python3.8/site-packages/airflow/example_dags/example_task_group_decorator.py
[2024-04-08 16:59:36,842] {processor.py:651} INFO - DAG(s) dict_keys(['example_task_group_decorator']) retrieved from /opt/conda/lib/python3.8/site-packages/airflow/example_dags/example_task_group_decorator.py
[2024-04-08 16:59:36,880] {logging_mixin.py:115} INFO - [2024-04-08 16:59:36,879] {dag.py:2420} INFO - Sync 1 DAGs
[2024-04-08 16:59:36,892] {logging_mixin.py:115} INFO - [2024-04-08 16:59:36,892] {dag.py:2968} INFO - Setting next_dagrun for example_task_group_decorator to 2024-04-07T16:59:36.891981+00:00, run_after=2024-04-08T16:59:36.891981+00:00
[2024-04-08 16:59:36,913] {processor.py:161} INFO - Processing /opt/conda/lib/python3.8/site-packages/airflow/example_dags/example_task_group_decorator.py took 0.104 seconds
[2024-04-08 17:01:02,319] {processor.py:153} INFO - Started process (PID=6168) to work on /opt/conda/lib/python3.8/site-packages/airflow/example_dags/example_task_group_decorator.py
[2024-04-08 17:01:02,320] {processor.py:641} INFO - Processing file /opt/conda/lib/python3.8/site-packages/airflow/example_dags/example_task_group_decorator.py for tasks to queue
[2024-04-08 17:01:02,321] {logging_mixin.py:115} INFO - [2024-04-08 17:01:02,321] {dagbag.py:508} INFO - Filling up the DagBag from /opt/conda/lib/python3.8/site-packages/airflow/example_dags/example_task_group_decorator.py
[2024-04-08 17:01:02,346] {processor.py:651} INFO - DAG(s) dict_keys(['example_task_group_decorator']) retrieved from /opt/conda/lib/python3.8/site-packages/airflow/example_dags/example_task_group_decorator.py
[2024-04-08 17:01:02,385] {logging_mixin.py:115} INFO - [2024-04-08 17:01:02,385] {dag.py:2420} INFO - Sync 1 DAGs
[2024-04-08 17:01:02,397] {logging_mixin.py:115} INFO - [2024-04-08 17:01:02,397] {dag.py:2968} INFO - Setting next_dagrun for example_task_group_decorator to 2024-04-07T17:01:02.397379+00:00, run_after=2024-04-08T17:01:02.397379+00:00
[2024-04-08 17:01:02,418] {processor.py:161} INFO - Processing /opt/conda/lib/python3.8/site-packages/airflow/example_dags/example_task_group_decorator.py took 0.103 seconds
[2024-04-08 17:01:56,332] {processor.py:153} INFO - Started process (PID=6330) to work on /opt/conda/lib/python3.8/site-packages/airflow/example_dags/example_task_group_decorator.py
[2024-04-08 17:01:56,333] {processor.py:641} INFO - Processing file /opt/conda/lib/python3.8/site-packages/airflow/example_dags/example_task_group_decorator.py for tasks to queue
[2024-04-08 17:01:56,333] {logging_mixin.py:115} INFO - [2024-04-08 17:01:56,333] {dagbag.py:508} INFO - Filling up the DagBag from /opt/conda/lib/python3.8/site-packages/airflow/example_dags/example_task_group_decorator.py
[2024-04-08 17:01:56,356] {processor.py:651} INFO - DAG(s) dict_keys(['example_task_group_decorator']) retrieved from /opt/conda/lib/python3.8/site-packages/airflow/example_dags/example_task_group_decorator.py
[2024-04-08 17:01:56,370] {logging_mixin.py:115} INFO - [2024-04-08 17:01:56,370] {dag.py:2420} INFO - Sync 1 DAGs
[2024-04-08 17:01:56,383] {logging_mixin.py:115} INFO - [2024-04-08 17:01:56,383] {dag.py:2968} INFO - Setting next_dagrun for example_task_group_decorator to 2024-04-07T17:01:56.382990+00:00, run_after=2024-04-08T17:01:56.382990+00:00
[2024-04-08 17:01:56,424] {processor.py:161} INFO - Processing /opt/conda/lib/python3.8/site-packages/airflow/example_dags/example_task_group_decorator.py took 0.095 seconds
[2024-04-08 17:02:43,015] {processor.py:153} INFO - Started process (PID=6527) to work on /opt/conda/lib/python3.8/site-packages/airflow/example_dags/example_task_group_decorator.py
[2024-04-08 17:02:43,017] {processor.py:641} INFO - Processing file /opt/conda/lib/python3.8/site-packages/airflow/example_dags/example_task_group_decorator.py for tasks to queue
[2024-04-08 17:02:43,017] {logging_mixin.py:115} INFO - [2024-04-08 17:02:43,017] {dagbag.py:508} INFO - Filling up the DagBag from /opt/conda/lib/python3.8/site-packages/airflow/example_dags/example_task_group_decorator.py
[2024-04-08 17:02:43,047] {processor.py:651} INFO - DAG(s) dict_keys(['example_task_group_decorator']) retrieved from /opt/conda/lib/python3.8/site-packages/airflow/example_dags/example_task_group_decorator.py
[2024-04-08 17:02:43,093] {logging_mixin.py:115} INFO - [2024-04-08 17:02:43,093] {dag.py:2420} INFO - Sync 1 DAGs
[2024-04-08 17:02:43,106] {logging_mixin.py:115} INFO - [2024-04-08 17:02:43,105] {dag.py:2968} INFO - Setting next_dagrun for example_task_group_decorator to 2024-04-07T17:02:43.105718+00:00, run_after=2024-04-08T17:02:43.105718+00:00
[2024-04-08 17:02:43,150] {processor.py:161} INFO - Processing /opt/conda/lib/python3.8/site-packages/airflow/example_dags/example_task_group_decorator.py took 0.138 seconds
