[2024-04-08 16:48:58,968] {processor.py:153} INFO - Started process (PID=4294) to work on /opt/conda/lib/python3.8/site-packages/airflow/example_dags/example_external_task_marker_dag.py
[2024-04-08 16:48:58,969] {processor.py:641} INFO - Processing file /opt/conda/lib/python3.8/site-packages/airflow/example_dags/example_external_task_marker_dag.py for tasks to queue
[2024-04-08 16:48:58,969] {logging_mixin.py:115} INFO - [2024-04-08 16:48:58,969] {dagbag.py:508} INFO - Filling up the DagBag from /opt/conda/lib/python3.8/site-packages/airflow/example_dags/example_external_task_marker_dag.py
[2024-04-08 16:48:58,974] {processor.py:651} INFO - DAG(s) dict_keys(['example_external_task_marker_parent', 'example_external_task_marker_child']) retrieved from /opt/conda/lib/python3.8/site-packages/airflow/example_dags/example_external_task_marker_dag.py
[2024-04-08 16:48:59,006] {logging_mixin.py:115} INFO - [2024-04-08 16:48:59,006] {dag.py:2420} INFO - Sync 2 DAGs
[2024-04-08 16:48:59,020] {logging_mixin.py:115} INFO - [2024-04-08 16:48:59,020] {dag.py:2968} INFO - Setting next_dagrun for example_external_task_marker_child to None, run_after=None
[2024-04-08 16:48:59,020] {logging_mixin.py:115} INFO - [2024-04-08 16:48:59,020] {dag.py:2968} INFO - Setting next_dagrun for example_external_task_marker_parent to None, run_after=None
[2024-04-08 16:48:59,039] {processor.py:161} INFO - Processing /opt/conda/lib/python3.8/site-packages/airflow/example_dags/example_external_task_marker_dag.py took 0.075 seconds
[2024-04-08 16:49:53,915] {processor.py:153} INFO - Started process (PID=4415) to work on /opt/conda/lib/python3.8/site-packages/airflow/example_dags/example_external_task_marker_dag.py
[2024-04-08 16:49:53,917] {processor.py:641} INFO - Processing file /opt/conda/lib/python3.8/site-packages/airflow/example_dags/example_external_task_marker_dag.py for tasks to queue
[2024-04-08 16:49:53,917] {logging_mixin.py:115} INFO - [2024-04-08 16:49:53,917] {dagbag.py:508} INFO - Filling up the DagBag from /opt/conda/lib/python3.8/site-packages/airflow/example_dags/example_external_task_marker_dag.py
[2024-04-08 16:49:53,923] {processor.py:651} INFO - DAG(s) dict_keys(['example_external_task_marker_parent', 'example_external_task_marker_child']) retrieved from /opt/conda/lib/python3.8/site-packages/airflow/example_dags/example_external_task_marker_dag.py
[2024-04-08 16:49:53,963] {logging_mixin.py:115} INFO - [2024-04-08 16:49:53,962] {dag.py:2420} INFO - Sync 2 DAGs
[2024-04-08 16:49:53,982] {logging_mixin.py:115} INFO - [2024-04-08 16:49:53,982] {dag.py:2968} INFO - Setting next_dagrun for example_external_task_marker_child to None, run_after=None
[2024-04-08 16:49:53,982] {logging_mixin.py:115} INFO - [2024-04-08 16:49:53,982] {dag.py:2968} INFO - Setting next_dagrun for example_external_task_marker_parent to None, run_after=None
[2024-04-08 16:49:54,042] {processor.py:161} INFO - Processing /opt/conda/lib/python3.8/site-packages/airflow/example_dags/example_external_task_marker_dag.py took 0.130 seconds
[2024-04-08 16:50:49,308] {processor.py:153} INFO - Started process (PID=4536) to work on /opt/conda/lib/python3.8/site-packages/airflow/example_dags/example_external_task_marker_dag.py
[2024-04-08 16:50:49,310] {processor.py:641} INFO - Processing file /opt/conda/lib/python3.8/site-packages/airflow/example_dags/example_external_task_marker_dag.py for tasks to queue
[2024-04-08 16:50:49,310] {logging_mixin.py:115} INFO - [2024-04-08 16:50:49,310] {dagbag.py:508} INFO - Filling up the DagBag from /opt/conda/lib/python3.8/site-packages/airflow/example_dags/example_external_task_marker_dag.py
[2024-04-08 16:50:49,316] {processor.py:651} INFO - DAG(s) dict_keys(['example_external_task_marker_parent', 'example_external_task_marker_child']) retrieved from /opt/conda/lib/python3.8/site-packages/airflow/example_dags/example_external_task_marker_dag.py
[2024-04-08 16:50:49,355] {logging_mixin.py:115} INFO - [2024-04-08 16:50:49,355] {dag.py:2420} INFO - Sync 2 DAGs
[2024-04-08 16:50:49,370] {logging_mixin.py:115} INFO - [2024-04-08 16:50:49,370] {dag.py:2968} INFO - Setting next_dagrun for example_external_task_marker_child to None, run_after=None
[2024-04-08 16:50:49,370] {logging_mixin.py:115} INFO - [2024-04-08 16:50:49,370] {dag.py:2968} INFO - Setting next_dagrun for example_external_task_marker_parent to None, run_after=None
[2024-04-08 16:50:49,390] {processor.py:161} INFO - Processing /opt/conda/lib/python3.8/site-packages/airflow/example_dags/example_external_task_marker_dag.py took 0.086 seconds
[2024-04-08 16:51:40,446] {processor.py:153} INFO - Started process (PID=4654) to work on /opt/conda/lib/python3.8/site-packages/airflow/example_dags/example_external_task_marker_dag.py
[2024-04-08 16:51:40,448] {processor.py:641} INFO - Processing file /opt/conda/lib/python3.8/site-packages/airflow/example_dags/example_external_task_marker_dag.py for tasks to queue
[2024-04-08 16:51:40,448] {logging_mixin.py:115} INFO - [2024-04-08 16:51:40,448] {dagbag.py:508} INFO - Filling up the DagBag from /opt/conda/lib/python3.8/site-packages/airflow/example_dags/example_external_task_marker_dag.py
[2024-04-08 16:51:40,453] {processor.py:651} INFO - DAG(s) dict_keys(['example_external_task_marker_parent', 'example_external_task_marker_child']) retrieved from /opt/conda/lib/python3.8/site-packages/airflow/example_dags/example_external_task_marker_dag.py
[2024-04-08 16:51:40,486] {logging_mixin.py:115} INFO - [2024-04-08 16:51:40,486] {dag.py:2420} INFO - Sync 2 DAGs
[2024-04-08 16:51:40,500] {logging_mixin.py:115} INFO - [2024-04-08 16:51:40,500] {dag.py:2968} INFO - Setting next_dagrun for example_external_task_marker_child to None, run_after=None
[2024-04-08 16:51:40,500] {logging_mixin.py:115} INFO - [2024-04-08 16:51:40,500] {dag.py:2968} INFO - Setting next_dagrun for example_external_task_marker_parent to None, run_after=None
[2024-04-08 16:51:40,523] {processor.py:161} INFO - Processing /opt/conda/lib/python3.8/site-packages/airflow/example_dags/example_external_task_marker_dag.py took 0.081 seconds
[2024-04-08 16:52:33,505] {processor.py:153} INFO - Started process (PID=4772) to work on /opt/conda/lib/python3.8/site-packages/airflow/example_dags/example_external_task_marker_dag.py
[2024-04-08 16:52:33,506] {processor.py:641} INFO - Processing file /opt/conda/lib/python3.8/site-packages/airflow/example_dags/example_external_task_marker_dag.py for tasks to queue
[2024-04-08 16:52:33,507] {logging_mixin.py:115} INFO - [2024-04-08 16:52:33,507] {dagbag.py:508} INFO - Filling up the DagBag from /opt/conda/lib/python3.8/site-packages/airflow/example_dags/example_external_task_marker_dag.py
[2024-04-08 16:52:33,512] {processor.py:651} INFO - DAG(s) dict_keys(['example_external_task_marker_parent', 'example_external_task_marker_child']) retrieved from /opt/conda/lib/python3.8/site-packages/airflow/example_dags/example_external_task_marker_dag.py
[2024-04-08 16:52:33,551] {logging_mixin.py:115} INFO - [2024-04-08 16:52:33,551] {dag.py:2420} INFO - Sync 2 DAGs
[2024-04-08 16:52:33,566] {logging_mixin.py:115} INFO - [2024-04-08 16:52:33,566] {dag.py:2968} INFO - Setting next_dagrun for example_external_task_marker_child to None, run_after=None
[2024-04-08 16:52:33,567] {logging_mixin.py:115} INFO - [2024-04-08 16:52:33,567] {dag.py:2968} INFO - Setting next_dagrun for example_external_task_marker_parent to None, run_after=None
[2024-04-08 16:52:33,613] {processor.py:161} INFO - Processing /opt/conda/lib/python3.8/site-packages/airflow/example_dags/example_external_task_marker_dag.py took 0.112 seconds
[2024-04-08 16:53:24,208] {processor.py:153} INFO - Started process (PID=4890) to work on /opt/conda/lib/python3.8/site-packages/airflow/example_dags/example_external_task_marker_dag.py
[2024-04-08 16:53:24,209] {processor.py:641} INFO - Processing file /opt/conda/lib/python3.8/site-packages/airflow/example_dags/example_external_task_marker_dag.py for tasks to queue
[2024-04-08 16:53:24,210] {logging_mixin.py:115} INFO - [2024-04-08 16:53:24,210] {dagbag.py:508} INFO - Filling up the DagBag from /opt/conda/lib/python3.8/site-packages/airflow/example_dags/example_external_task_marker_dag.py
[2024-04-08 16:53:24,216] {processor.py:651} INFO - DAG(s) dict_keys(['example_external_task_marker_parent', 'example_external_task_marker_child']) retrieved from /opt/conda/lib/python3.8/site-packages/airflow/example_dags/example_external_task_marker_dag.py
[2024-04-08 16:53:24,252] {logging_mixin.py:115} INFO - [2024-04-08 16:53:24,252] {dag.py:2420} INFO - Sync 2 DAGs
[2024-04-08 16:53:24,268] {logging_mixin.py:115} INFO - [2024-04-08 16:53:24,268] {dag.py:2968} INFO - Setting next_dagrun for example_external_task_marker_child to None, run_after=None
[2024-04-08 16:53:24,268] {logging_mixin.py:115} INFO - [2024-04-08 16:53:24,268] {dag.py:2968} INFO - Setting next_dagrun for example_external_task_marker_parent to None, run_after=None
[2024-04-08 16:53:24,291] {processor.py:161} INFO - Processing /opt/conda/lib/python3.8/site-packages/airflow/example_dags/example_external_task_marker_dag.py took 0.088 seconds
[2024-04-08 16:54:13,506] {processor.py:153} INFO - Started process (PID=5007) to work on /opt/conda/lib/python3.8/site-packages/airflow/example_dags/example_external_task_marker_dag.py
[2024-04-08 16:54:13,508] {processor.py:641} INFO - Processing file /opt/conda/lib/python3.8/site-packages/airflow/example_dags/example_external_task_marker_dag.py for tasks to queue
[2024-04-08 16:54:13,508] {logging_mixin.py:115} INFO - [2024-04-08 16:54:13,508] {dagbag.py:508} INFO - Filling up the DagBag from /opt/conda/lib/python3.8/site-packages/airflow/example_dags/example_external_task_marker_dag.py
[2024-04-08 16:54:13,513] {processor.py:651} INFO - DAG(s) dict_keys(['example_external_task_marker_parent', 'example_external_task_marker_child']) retrieved from /opt/conda/lib/python3.8/site-packages/airflow/example_dags/example_external_task_marker_dag.py
[2024-04-08 16:54:13,550] {logging_mixin.py:115} INFO - [2024-04-08 16:54:13,550] {dag.py:2420} INFO - Sync 2 DAGs
[2024-04-08 16:54:13,565] {logging_mixin.py:115} INFO - [2024-04-08 16:54:13,565] {dag.py:2968} INFO - Setting next_dagrun for example_external_task_marker_child to None, run_after=None
[2024-04-08 16:54:13,565] {logging_mixin.py:115} INFO - [2024-04-08 16:54:13,565] {dag.py:2968} INFO - Setting next_dagrun for example_external_task_marker_parent to None, run_after=None
[2024-04-08 16:54:13,586] {processor.py:161} INFO - Processing /opt/conda/lib/python3.8/site-packages/airflow/example_dags/example_external_task_marker_dag.py took 0.084 seconds
[2024-04-08 16:55:03,720] {processor.py:153} INFO - Started process (PID=5123) to work on /opt/conda/lib/python3.8/site-packages/airflow/example_dags/example_external_task_marker_dag.py
[2024-04-08 16:55:03,722] {processor.py:641} INFO - Processing file /opt/conda/lib/python3.8/site-packages/airflow/example_dags/example_external_task_marker_dag.py for tasks to queue
[2024-04-08 16:55:03,722] {logging_mixin.py:115} INFO - [2024-04-08 16:55:03,722] {dagbag.py:508} INFO - Filling up the DagBag from /opt/conda/lib/python3.8/site-packages/airflow/example_dags/example_external_task_marker_dag.py
[2024-04-08 16:55:03,727] {processor.py:651} INFO - DAG(s) dict_keys(['example_external_task_marker_parent', 'example_external_task_marker_child']) retrieved from /opt/conda/lib/python3.8/site-packages/airflow/example_dags/example_external_task_marker_dag.py
[2024-04-08 16:55:03,767] {logging_mixin.py:115} INFO - [2024-04-08 16:55:03,767] {dag.py:2420} INFO - Sync 2 DAGs
[2024-04-08 16:55:03,783] {logging_mixin.py:115} INFO - [2024-04-08 16:55:03,783] {dag.py:2968} INFO - Setting next_dagrun for example_external_task_marker_child to None, run_after=None
[2024-04-08 16:55:03,784] {logging_mixin.py:115} INFO - [2024-04-08 16:55:03,783] {dag.py:2968} INFO - Setting next_dagrun for example_external_task_marker_parent to None, run_after=None
[2024-04-08 16:55:03,822] {processor.py:161} INFO - Processing /opt/conda/lib/python3.8/site-packages/airflow/example_dags/example_external_task_marker_dag.py took 0.106 seconds
[2024-04-08 16:57:13,592] {processor.py:153} INFO - Started process (PID=5598) to work on /opt/conda/lib/python3.8/site-packages/airflow/example_dags/example_external_task_marker_dag.py
[2024-04-08 16:57:13,593] {processor.py:641} INFO - Processing file /opt/conda/lib/python3.8/site-packages/airflow/example_dags/example_external_task_marker_dag.py for tasks to queue
[2024-04-08 16:57:13,594] {logging_mixin.py:115} INFO - [2024-04-08 16:57:13,594] {dagbag.py:508} INFO - Filling up the DagBag from /opt/conda/lib/python3.8/site-packages/airflow/example_dags/example_external_task_marker_dag.py
[2024-04-08 16:57:13,599] {processor.py:651} INFO - DAG(s) dict_keys(['example_external_task_marker_parent', 'example_external_task_marker_child']) retrieved from /opt/conda/lib/python3.8/site-packages/airflow/example_dags/example_external_task_marker_dag.py
[2024-04-08 16:57:13,632] {logging_mixin.py:115} INFO - [2024-04-08 16:57:13,632] {dag.py:2420} INFO - Sync 2 DAGs
[2024-04-08 16:57:13,645] {logging_mixin.py:115} INFO - [2024-04-08 16:57:13,645] {dag.py:2968} INFO - Setting next_dagrun for example_external_task_marker_child to None, run_after=None
[2024-04-08 16:57:13,645] {logging_mixin.py:115} INFO - [2024-04-08 16:57:13,645] {dag.py:2968} INFO - Setting next_dagrun for example_external_task_marker_parent to None, run_after=None
[2024-04-08 16:57:13,678] {processor.py:161} INFO - Processing /opt/conda/lib/python3.8/site-packages/airflow/example_dags/example_external_task_marker_dag.py took 0.089 seconds
[2024-04-08 16:58:09,416] {processor.py:153} INFO - Started process (PID=5719) to work on /opt/conda/lib/python3.8/site-packages/airflow/example_dags/example_external_task_marker_dag.py
[2024-04-08 16:58:09,418] {processor.py:641} INFO - Processing file /opt/conda/lib/python3.8/site-packages/airflow/example_dags/example_external_task_marker_dag.py for tasks to queue
[2024-04-08 16:58:09,419] {logging_mixin.py:115} INFO - [2024-04-08 16:58:09,419] {dagbag.py:508} INFO - Filling up the DagBag from /opt/conda/lib/python3.8/site-packages/airflow/example_dags/example_external_task_marker_dag.py
[2024-04-08 16:58:09,424] {processor.py:651} INFO - DAG(s) dict_keys(['example_external_task_marker_parent', 'example_external_task_marker_child']) retrieved from /opt/conda/lib/python3.8/site-packages/airflow/example_dags/example_external_task_marker_dag.py
[2024-04-08 16:58:09,459] {logging_mixin.py:115} INFO - [2024-04-08 16:58:09,459] {dag.py:2420} INFO - Sync 2 DAGs
[2024-04-08 16:58:09,474] {logging_mixin.py:115} INFO - [2024-04-08 16:58:09,474] {dag.py:2968} INFO - Setting next_dagrun for example_external_task_marker_child to None, run_after=None
[2024-04-08 16:58:09,474] {logging_mixin.py:115} INFO - [2024-04-08 16:58:09,474] {dag.py:2968} INFO - Setting next_dagrun for example_external_task_marker_parent to None, run_after=None
[2024-04-08 16:58:09,495] {processor.py:161} INFO - Processing /opt/conda/lib/python3.8/site-packages/airflow/example_dags/example_external_task_marker_dag.py took 0.082 seconds
[2024-04-08 16:58:58,740] {processor.py:153} INFO - Started process (PID=5835) to work on /opt/conda/lib/python3.8/site-packages/airflow/example_dags/example_external_task_marker_dag.py
[2024-04-08 16:58:58,742] {processor.py:641} INFO - Processing file /opt/conda/lib/python3.8/site-packages/airflow/example_dags/example_external_task_marker_dag.py for tasks to queue
[2024-04-08 16:58:58,743] {logging_mixin.py:115} INFO - [2024-04-08 16:58:58,742] {dagbag.py:508} INFO - Filling up the DagBag from /opt/conda/lib/python3.8/site-packages/airflow/example_dags/example_external_task_marker_dag.py
[2024-04-08 16:58:58,748] {processor.py:651} INFO - DAG(s) dict_keys(['example_external_task_marker_parent', 'example_external_task_marker_child']) retrieved from /opt/conda/lib/python3.8/site-packages/airflow/example_dags/example_external_task_marker_dag.py
[2024-04-08 16:58:58,787] {logging_mixin.py:115} INFO - [2024-04-08 16:58:58,787] {dag.py:2420} INFO - Sync 2 DAGs
[2024-04-08 16:58:58,803] {logging_mixin.py:115} INFO - [2024-04-08 16:58:58,803] {dag.py:2968} INFO - Setting next_dagrun for example_external_task_marker_child to None, run_after=None
[2024-04-08 16:58:58,804] {logging_mixin.py:115} INFO - [2024-04-08 16:58:58,804] {dag.py:2968} INFO - Setting next_dagrun for example_external_task_marker_parent to None, run_after=None
[2024-04-08 16:58:58,828] {processor.py:161} INFO - Processing /opt/conda/lib/python3.8/site-packages/airflow/example_dags/example_external_task_marker_dag.py took 0.092 seconds
[2024-04-08 16:59:46,176] {processor.py:153} INFO - Started process (PID=5951) to work on /opt/conda/lib/python3.8/site-packages/airflow/example_dags/example_external_task_marker_dag.py
[2024-04-08 16:59:46,178] {processor.py:641} INFO - Processing file /opt/conda/lib/python3.8/site-packages/airflow/example_dags/example_external_task_marker_dag.py for tasks to queue
[2024-04-08 16:59:46,179] {logging_mixin.py:115} INFO - [2024-04-08 16:59:46,178] {dagbag.py:508} INFO - Filling up the DagBag from /opt/conda/lib/python3.8/site-packages/airflow/example_dags/example_external_task_marker_dag.py
[2024-04-08 16:59:46,184] {processor.py:651} INFO - DAG(s) dict_keys(['example_external_task_marker_parent', 'example_external_task_marker_child']) retrieved from /opt/conda/lib/python3.8/site-packages/airflow/example_dags/example_external_task_marker_dag.py
[2024-04-08 16:59:46,226] {logging_mixin.py:115} INFO - [2024-04-08 16:59:46,225] {dag.py:2420} INFO - Sync 2 DAGs
[2024-04-08 16:59:46,246] {logging_mixin.py:115} INFO - [2024-04-08 16:59:46,246] {dag.py:2968} INFO - Setting next_dagrun for example_external_task_marker_child to None, run_after=None
[2024-04-08 16:59:46,246] {logging_mixin.py:115} INFO - [2024-04-08 16:59:46,246] {dag.py:2968} INFO - Setting next_dagrun for example_external_task_marker_parent to None, run_after=None
[2024-04-08 16:59:46,277] {processor.py:161} INFO - Processing /opt/conda/lib/python3.8/site-packages/airflow/example_dags/example_external_task_marker_dag.py took 0.105 seconds
[2024-04-08 17:01:11,513] {processor.py:153} INFO - Started process (PID=6177) to work on /opt/conda/lib/python3.8/site-packages/airflow/example_dags/example_external_task_marker_dag.py
[2024-04-08 17:01:11,515] {processor.py:641} INFO - Processing file /opt/conda/lib/python3.8/site-packages/airflow/example_dags/example_external_task_marker_dag.py for tasks to queue
[2024-04-08 17:01:11,516] {logging_mixin.py:115} INFO - [2024-04-08 17:01:11,516] {dagbag.py:508} INFO - Filling up the DagBag from /opt/conda/lib/python3.8/site-packages/airflow/example_dags/example_external_task_marker_dag.py
[2024-04-08 17:01:11,521] {processor.py:651} INFO - DAG(s) dict_keys(['example_external_task_marker_parent', 'example_external_task_marker_child']) retrieved from /opt/conda/lib/python3.8/site-packages/airflow/example_dags/example_external_task_marker_dag.py
[2024-04-08 17:01:11,556] {logging_mixin.py:115} INFO - [2024-04-08 17:01:11,556] {dag.py:2420} INFO - Sync 2 DAGs
[2024-04-08 17:01:11,571] {logging_mixin.py:115} INFO - [2024-04-08 17:01:11,571] {dag.py:2968} INFO - Setting next_dagrun for example_external_task_marker_child to None, run_after=None
[2024-04-08 17:01:11,571] {logging_mixin.py:115} INFO - [2024-04-08 17:01:11,571] {dag.py:2968} INFO - Setting next_dagrun for example_external_task_marker_parent to None, run_after=None
[2024-04-08 17:01:11,608] {processor.py:161} INFO - Processing /opt/conda/lib/python3.8/site-packages/airflow/example_dags/example_external_task_marker_dag.py took 0.100 seconds
[2024-04-08 17:02:05,868] {processor.py:153} INFO - Started process (PID=6339) to work on /opt/conda/lib/python3.8/site-packages/airflow/example_dags/example_external_task_marker_dag.py
[2024-04-08 17:02:05,870] {processor.py:641} INFO - Processing file /opt/conda/lib/python3.8/site-packages/airflow/example_dags/example_external_task_marker_dag.py for tasks to queue
[2024-04-08 17:02:05,870] {logging_mixin.py:115} INFO - [2024-04-08 17:02:05,870] {dagbag.py:508} INFO - Filling up the DagBag from /opt/conda/lib/python3.8/site-packages/airflow/example_dags/example_external_task_marker_dag.py
[2024-04-08 17:02:05,876] {processor.py:651} INFO - DAG(s) dict_keys(['example_external_task_marker_parent', 'example_external_task_marker_child']) retrieved from /opt/conda/lib/python3.8/site-packages/airflow/example_dags/example_external_task_marker_dag.py
[2024-04-08 17:02:05,912] {logging_mixin.py:115} INFO - [2024-04-08 17:02:05,912] {dag.py:2420} INFO - Sync 2 DAGs
[2024-04-08 17:02:05,927] {logging_mixin.py:115} INFO - [2024-04-08 17:02:05,927] {dag.py:2968} INFO - Setting next_dagrun for example_external_task_marker_child to None, run_after=None
[2024-04-08 17:02:05,928] {logging_mixin.py:115} INFO - [2024-04-08 17:02:05,928] {dag.py:2968} INFO - Setting next_dagrun for example_external_task_marker_parent to None, run_after=None
[2024-04-08 17:02:05,948] {processor.py:161} INFO - Processing /opt/conda/lib/python3.8/site-packages/airflow/example_dags/example_external_task_marker_dag.py took 0.085 seconds
[2024-04-08 17:02:52,327] {processor.py:153} INFO - Started process (PID=6578) to work on /opt/conda/lib/python3.8/site-packages/airflow/example_dags/example_external_task_marker_dag.py
[2024-04-08 17:02:52,329] {processor.py:641} INFO - Processing file /opt/conda/lib/python3.8/site-packages/airflow/example_dags/example_external_task_marker_dag.py for tasks to queue
[2024-04-08 17:02:52,330] {logging_mixin.py:115} INFO - [2024-04-08 17:02:52,330] {dagbag.py:508} INFO - Filling up the DagBag from /opt/conda/lib/python3.8/site-packages/airflow/example_dags/example_external_task_marker_dag.py
[2024-04-08 17:02:52,335] {processor.py:651} INFO - DAG(s) dict_keys(['example_external_task_marker_parent', 'example_external_task_marker_child']) retrieved from /opt/conda/lib/python3.8/site-packages/airflow/example_dags/example_external_task_marker_dag.py
[2024-04-08 17:02:52,375] {logging_mixin.py:115} INFO - [2024-04-08 17:02:52,375] {dag.py:2420} INFO - Sync 2 DAGs
[2024-04-08 17:02:52,391] {logging_mixin.py:115} INFO - [2024-04-08 17:02:52,391] {dag.py:2968} INFO - Setting next_dagrun for example_external_task_marker_child to None, run_after=None
[2024-04-08 17:02:52,391] {logging_mixin.py:115} INFO - [2024-04-08 17:02:52,391] {dag.py:2968} INFO - Setting next_dagrun for example_external_task_marker_parent to None, run_after=None
[2024-04-08 17:02:52,414] {processor.py:161} INFO - Processing /opt/conda/lib/python3.8/site-packages/airflow/example_dags/example_external_task_marker_dag.py took 0.091 seconds
