[2024-04-08 16:49:11,256] {processor.py:153} INFO - Started process (PID=4306) to work on /opt/conda/lib/python3.8/site-packages/airflow/example_dags/example_branch_operator_decorator.py
[2024-04-08 16:49:11,256] {processor.py:641} INFO - Processing file /opt/conda/lib/python3.8/site-packages/airflow/example_dags/example_branch_operator_decorator.py for tasks to queue
[2024-04-08 16:49:11,257] {logging_mixin.py:115} INFO - [2024-04-08 16:49:11,256] {dagbag.py:508} INFO - Filling up the DagBag from /opt/conda/lib/python3.8/site-packages/airflow/example_dags/example_branch_operator_decorator.py
[2024-04-08 16:49:11,276] {processor.py:651} INFO - DAG(s) dict_keys(['example_branch_python_operator_decorator']) retrieved from /opt/conda/lib/python3.8/site-packages/airflow/example_dags/example_branch_operator_decorator.py
[2024-04-08 16:49:11,290] {logging_mixin.py:115} INFO - [2024-04-08 16:49:11,290] {dag.py:2420} INFO - Sync 1 DAGs
[2024-04-08 16:49:11,306] {logging_mixin.py:115} INFO - [2024-04-08 16:49:11,305] {dag.py:2968} INFO - Setting next_dagrun for example_branch_python_operator_decorator to 2024-04-07T00:00:00+00:00, run_after=2024-04-08T00:00:00+00:00
[2024-04-08 16:49:11,325] {processor.py:161} INFO - Processing /opt/conda/lib/python3.8/site-packages/airflow/example_dags/example_branch_operator_decorator.py took 0.073 seconds
[2024-04-08 16:50:05,795] {processor.py:153} INFO - Started process (PID=4427) to work on /opt/conda/lib/python3.8/site-packages/airflow/example_dags/example_branch_operator_decorator.py
[2024-04-08 16:50:05,797] {processor.py:641} INFO - Processing file /opt/conda/lib/python3.8/site-packages/airflow/example_dags/example_branch_operator_decorator.py for tasks to queue
[2024-04-08 16:50:05,797] {logging_mixin.py:115} INFO - [2024-04-08 16:50:05,797] {dagbag.py:508} INFO - Filling up the DagBag from /opt/conda/lib/python3.8/site-packages/airflow/example_dags/example_branch_operator_decorator.py
[2024-04-08 16:50:05,818] {processor.py:651} INFO - DAG(s) dict_keys(['example_branch_python_operator_decorator']) retrieved from /opt/conda/lib/python3.8/site-packages/airflow/example_dags/example_branch_operator_decorator.py
[2024-04-08 16:50:05,832] {logging_mixin.py:115} INFO - [2024-04-08 16:50:05,832] {dag.py:2420} INFO - Sync 1 DAGs
[2024-04-08 16:50:05,847] {logging_mixin.py:115} INFO - [2024-04-08 16:50:05,847] {dag.py:2968} INFO - Setting next_dagrun for example_branch_python_operator_decorator to 2024-04-07T00:00:00+00:00, run_after=2024-04-08T00:00:00+00:00
[2024-04-08 16:50:05,867] {processor.py:161} INFO - Processing /opt/conda/lib/python3.8/site-packages/airflow/example_dags/example_branch_operator_decorator.py took 0.075 seconds
[2024-04-08 16:51:01,447] {processor.py:153} INFO - Started process (PID=4548) to work on /opt/conda/lib/python3.8/site-packages/airflow/example_dags/example_branch_operator_decorator.py
[2024-04-08 16:51:01,449] {processor.py:641} INFO - Processing file /opt/conda/lib/python3.8/site-packages/airflow/example_dags/example_branch_operator_decorator.py for tasks to queue
[2024-04-08 16:51:01,449] {logging_mixin.py:115} INFO - [2024-04-08 16:51:01,449] {dagbag.py:508} INFO - Filling up the DagBag from /opt/conda/lib/python3.8/site-packages/airflow/example_dags/example_branch_operator_decorator.py
[2024-04-08 16:51:01,471] {processor.py:651} INFO - DAG(s) dict_keys(['example_branch_python_operator_decorator']) retrieved from /opt/conda/lib/python3.8/site-packages/airflow/example_dags/example_branch_operator_decorator.py
[2024-04-08 16:51:01,486] {logging_mixin.py:115} INFO - [2024-04-08 16:51:01,486] {dag.py:2420} INFO - Sync 1 DAGs
[2024-04-08 16:51:01,502] {logging_mixin.py:115} INFO - [2024-04-08 16:51:01,502] {dag.py:2968} INFO - Setting next_dagrun for example_branch_python_operator_decorator to 2024-04-07T00:00:00+00:00, run_after=2024-04-08T00:00:00+00:00
[2024-04-08 16:51:01,571] {processor.py:161} INFO - Processing /opt/conda/lib/python3.8/site-packages/airflow/example_dags/example_branch_operator_decorator.py took 0.127 seconds
[2024-04-08 16:52:18,863] {processor.py:153} INFO - Started process (PID=4758) to work on /opt/conda/lib/python3.8/site-packages/airflow/example_dags/example_branch_operator_decorator.py
[2024-04-08 16:52:18,865] {processor.py:641} INFO - Processing file /opt/conda/lib/python3.8/site-packages/airflow/example_dags/example_branch_operator_decorator.py for tasks to queue
[2024-04-08 16:52:18,865] {logging_mixin.py:115} INFO - [2024-04-08 16:52:18,865] {dagbag.py:508} INFO - Filling up the DagBag from /opt/conda/lib/python3.8/site-packages/airflow/example_dags/example_branch_operator_decorator.py
[2024-04-08 16:52:18,888] {processor.py:651} INFO - DAG(s) dict_keys(['example_branch_python_operator_decorator']) retrieved from /opt/conda/lib/python3.8/site-packages/airflow/example_dags/example_branch_operator_decorator.py
[2024-04-08 16:52:18,906] {logging_mixin.py:115} INFO - [2024-04-08 16:52:18,906] {dag.py:2420} INFO - Sync 1 DAGs
[2024-04-08 16:52:18,927] {logging_mixin.py:115} INFO - [2024-04-08 16:52:18,927] {dag.py:2968} INFO - Setting next_dagrun for example_branch_python_operator_decorator to 2024-04-07T00:00:00+00:00, run_after=2024-04-08T00:00:00+00:00
[2024-04-08 16:52:18,974] {processor.py:161} INFO - Processing /opt/conda/lib/python3.8/site-packages/airflow/example_dags/example_branch_operator_decorator.py took 0.115 seconds
[2024-04-08 16:53:10,436] {processor.py:153} INFO - Started process (PID=4877) to work on /opt/conda/lib/python3.8/site-packages/airflow/example_dags/example_branch_operator_decorator.py
[2024-04-08 16:53:10,438] {processor.py:641} INFO - Processing file /opt/conda/lib/python3.8/site-packages/airflow/example_dags/example_branch_operator_decorator.py for tasks to queue
[2024-04-08 16:53:10,438] {logging_mixin.py:115} INFO - [2024-04-08 16:53:10,438] {dagbag.py:508} INFO - Filling up the DagBag from /opt/conda/lib/python3.8/site-packages/airflow/example_dags/example_branch_operator_decorator.py
[2024-04-08 16:53:10,462] {processor.py:651} INFO - DAG(s) dict_keys(['example_branch_python_operator_decorator']) retrieved from /opt/conda/lib/python3.8/site-packages/airflow/example_dags/example_branch_operator_decorator.py
[2024-04-08 16:53:10,482] {logging_mixin.py:115} INFO - [2024-04-08 16:53:10,481] {dag.py:2420} INFO - Sync 1 DAGs
[2024-04-08 16:53:10,503] {logging_mixin.py:115} INFO - [2024-04-08 16:53:10,503] {dag.py:2968} INFO - Setting next_dagrun for example_branch_python_operator_decorator to 2024-04-07T00:00:00+00:00, run_after=2024-04-08T00:00:00+00:00
[2024-04-08 16:53:10,524] {processor.py:161} INFO - Processing /opt/conda/lib/python3.8/site-packages/airflow/example_dags/example_branch_operator_decorator.py took 0.092 seconds
[2024-04-08 16:54:21,433] {processor.py:153} INFO - Started process (PID=5015) to work on /opt/conda/lib/python3.8/site-packages/airflow/example_dags/example_branch_operator_decorator.py
[2024-04-08 16:54:21,435] {processor.py:641} INFO - Processing file /opt/conda/lib/python3.8/site-packages/airflow/example_dags/example_branch_operator_decorator.py for tasks to queue
[2024-04-08 16:54:21,435] {logging_mixin.py:115} INFO - [2024-04-08 16:54:21,435] {dagbag.py:508} INFO - Filling up the DagBag from /opt/conda/lib/python3.8/site-packages/airflow/example_dags/example_branch_operator_decorator.py
[2024-04-08 16:54:21,458] {processor.py:651} INFO - DAG(s) dict_keys(['example_branch_python_operator_decorator']) retrieved from /opt/conda/lib/python3.8/site-packages/airflow/example_dags/example_branch_operator_decorator.py
[2024-04-08 16:54:21,476] {logging_mixin.py:115} INFO - [2024-04-08 16:54:21,476] {dag.py:2420} INFO - Sync 1 DAGs
[2024-04-08 16:54:21,493] {logging_mixin.py:115} INFO - [2024-04-08 16:54:21,493] {dag.py:2968} INFO - Setting next_dagrun for example_branch_python_operator_decorator to 2024-04-07T00:00:00+00:00, run_after=2024-04-08T00:00:00+00:00
[2024-04-08 16:54:21,512] {processor.py:161} INFO - Processing /opt/conda/lib/python3.8/site-packages/airflow/example_dags/example_branch_operator_decorator.py took 0.082 seconds
[2024-04-08 16:56:37,862] {processor.py:153} INFO - Started process (PID=5505) to work on /opt/conda/lib/python3.8/site-packages/airflow/example_dags/example_branch_operator_decorator.py
[2024-04-08 16:56:37,864] {processor.py:641} INFO - Processing file /opt/conda/lib/python3.8/site-packages/airflow/example_dags/example_branch_operator_decorator.py for tasks to queue
[2024-04-08 16:56:37,865] {logging_mixin.py:115} INFO - [2024-04-08 16:56:37,865] {dagbag.py:508} INFO - Filling up the DagBag from /opt/conda/lib/python3.8/site-packages/airflow/example_dags/example_branch_operator_decorator.py
[2024-04-08 16:56:37,885] {processor.py:651} INFO - DAG(s) dict_keys(['example_branch_python_operator_decorator']) retrieved from /opt/conda/lib/python3.8/site-packages/airflow/example_dags/example_branch_operator_decorator.py
[2024-04-08 16:56:37,902] {logging_mixin.py:115} INFO - [2024-04-08 16:56:37,902] {dag.py:2420} INFO - Sync 1 DAGs
[2024-04-08 16:56:37,922] {logging_mixin.py:115} INFO - [2024-04-08 16:56:37,922] {dag.py:2968} INFO - Setting next_dagrun for example_branch_python_operator_decorator to 2024-04-07T00:00:00+00:00, run_after=2024-04-08T00:00:00+00:00
[2024-04-08 16:56:37,944] {processor.py:161} INFO - Processing /opt/conda/lib/python3.8/site-packages/airflow/example_dags/example_branch_operator_decorator.py took 0.084 seconds
[2024-04-08 16:57:53,744] {processor.py:153} INFO - Started process (PID=5704) to work on /opt/conda/lib/python3.8/site-packages/airflow/example_dags/example_branch_operator_decorator.py
[2024-04-08 16:57:53,746] {processor.py:641} INFO - Processing file /opt/conda/lib/python3.8/site-packages/airflow/example_dags/example_branch_operator_decorator.py for tasks to queue
[2024-04-08 16:57:53,746] {logging_mixin.py:115} INFO - [2024-04-08 16:57:53,746] {dagbag.py:508} INFO - Filling up the DagBag from /opt/conda/lib/python3.8/site-packages/airflow/example_dags/example_branch_operator_decorator.py
[2024-04-08 16:57:53,770] {processor.py:651} INFO - DAG(s) dict_keys(['example_branch_python_operator_decorator']) retrieved from /opt/conda/lib/python3.8/site-packages/airflow/example_dags/example_branch_operator_decorator.py
[2024-04-08 16:57:53,786] {logging_mixin.py:115} INFO - [2024-04-08 16:57:53,786] {dag.py:2420} INFO - Sync 1 DAGs
[2024-04-08 16:57:53,802] {logging_mixin.py:115} INFO - [2024-04-08 16:57:53,802] {dag.py:2968} INFO - Setting next_dagrun for example_branch_python_operator_decorator to 2024-04-07T00:00:00+00:00, run_after=2024-04-08T00:00:00+00:00
[2024-04-08 16:57:53,854] {processor.py:161} INFO - Processing /opt/conda/lib/python3.8/site-packages/airflow/example_dags/example_branch_operator_decorator.py took 0.114 seconds
[2024-04-08 16:59:08,939] {processor.py:153} INFO - Started process (PID=5845) to work on /opt/conda/lib/python3.8/site-packages/airflow/example_dags/example_branch_operator_decorator.py
[2024-04-08 16:59:08,940] {processor.py:641} INFO - Processing file /opt/conda/lib/python3.8/site-packages/airflow/example_dags/example_branch_operator_decorator.py for tasks to queue
[2024-04-08 16:59:08,941] {logging_mixin.py:115} INFO - [2024-04-08 16:59:08,941] {dagbag.py:508} INFO - Filling up the DagBag from /opt/conda/lib/python3.8/site-packages/airflow/example_dags/example_branch_operator_decorator.py
[2024-04-08 16:59:08,961] {processor.py:651} INFO - DAG(s) dict_keys(['example_branch_python_operator_decorator']) retrieved from /opt/conda/lib/python3.8/site-packages/airflow/example_dags/example_branch_operator_decorator.py
[2024-04-08 16:59:08,976] {logging_mixin.py:115} INFO - [2024-04-08 16:59:08,975] {dag.py:2420} INFO - Sync 1 DAGs
[2024-04-08 16:59:08,991] {logging_mixin.py:115} INFO - [2024-04-08 16:59:08,991] {dag.py:2968} INFO - Setting next_dagrun for example_branch_python_operator_decorator to 2024-04-07T00:00:00+00:00, run_after=2024-04-08T00:00:00+00:00
[2024-04-08 16:59:09,010] {processor.py:161} INFO - Processing /opt/conda/lib/python3.8/site-packages/airflow/example_dags/example_branch_operator_decorator.py took 0.075 seconds
[2024-04-08 17:00:47,193] {processor.py:153} INFO - Started process (PID=6132) to work on /opt/conda/lib/python3.8/site-packages/airflow/example_dags/example_branch_operator_decorator.py
[2024-04-08 17:00:47,195] {processor.py:641} INFO - Processing file /opt/conda/lib/python3.8/site-packages/airflow/example_dags/example_branch_operator_decorator.py for tasks to queue
[2024-04-08 17:00:47,196] {logging_mixin.py:115} INFO - [2024-04-08 17:00:47,196] {dagbag.py:508} INFO - Filling up the DagBag from /opt/conda/lib/python3.8/site-packages/airflow/example_dags/example_branch_operator_decorator.py
[2024-04-08 17:00:47,220] {processor.py:651} INFO - DAG(s) dict_keys(['example_branch_python_operator_decorator']) retrieved from /opt/conda/lib/python3.8/site-packages/airflow/example_dags/example_branch_operator_decorator.py
[2024-04-08 17:00:47,240] {logging_mixin.py:115} INFO - [2024-04-08 17:00:47,240] {dag.py:2420} INFO - Sync 1 DAGs
[2024-04-08 17:00:47,304] {logging_mixin.py:115} INFO - [2024-04-08 17:00:47,304] {dag.py:2968} INFO - Setting next_dagrun for example_branch_python_operator_decorator to 2024-04-07T00:00:00+00:00, run_after=2024-04-08T00:00:00+00:00
[2024-04-08 17:00:47,346] {processor.py:161} INFO - Processing /opt/conda/lib/python3.8/site-packages/airflow/example_dags/example_branch_operator_decorator.py took 0.157 seconds
[2024-04-08 17:01:50,178] {processor.py:153} INFO - Started process (PID=6282) to work on /opt/conda/lib/python3.8/site-packages/airflow/example_dags/example_branch_operator_decorator.py
[2024-04-08 17:01:50,180] {processor.py:641} INFO - Processing file /opt/conda/lib/python3.8/site-packages/airflow/example_dags/example_branch_operator_decorator.py for tasks to queue
[2024-04-08 17:01:50,181] {logging_mixin.py:115} INFO - [2024-04-08 17:01:50,180] {dagbag.py:508} INFO - Filling up the DagBag from /opt/conda/lib/python3.8/site-packages/airflow/example_dags/example_branch_operator_decorator.py
[2024-04-08 17:01:50,200] {processor.py:651} INFO - DAG(s) dict_keys(['example_branch_python_operator_decorator']) retrieved from /opt/conda/lib/python3.8/site-packages/airflow/example_dags/example_branch_operator_decorator.py
[2024-04-08 17:01:50,215] {logging_mixin.py:115} INFO - [2024-04-08 17:01:50,215] {dag.py:2420} INFO - Sync 1 DAGs
[2024-04-08 17:01:50,230] {logging_mixin.py:115} INFO - [2024-04-08 17:01:50,230] {dag.py:2968} INFO - Setting next_dagrun for example_branch_python_operator_decorator to 2024-04-07T00:00:00+00:00, run_after=2024-04-08T00:00:00+00:00
[2024-04-08 17:01:50,261] {processor.py:161} INFO - Processing /opt/conda/lib/python3.8/site-packages/airflow/example_dags/example_branch_operator_decorator.py took 0.087 seconds
[2024-04-08 17:02:58,803] {processor.py:153} INFO - Started process (PID=6584) to work on /opt/conda/lib/python3.8/site-packages/airflow/example_dags/example_branch_operator_decorator.py
[2024-04-08 17:02:58,804] {processor.py:641} INFO - Processing file /opt/conda/lib/python3.8/site-packages/airflow/example_dags/example_branch_operator_decorator.py for tasks to queue
[2024-04-08 17:02:58,805] {logging_mixin.py:115} INFO - [2024-04-08 17:02:58,805] {dagbag.py:508} INFO - Filling up the DagBag from /opt/conda/lib/python3.8/site-packages/airflow/example_dags/example_branch_operator_decorator.py
[2024-04-08 17:02:58,824] {processor.py:651} INFO - DAG(s) dict_keys(['example_branch_python_operator_decorator']) retrieved from /opt/conda/lib/python3.8/site-packages/airflow/example_dags/example_branch_operator_decorator.py
[2024-04-08 17:02:58,839] {logging_mixin.py:115} INFO - [2024-04-08 17:02:58,839] {dag.py:2420} INFO - Sync 1 DAGs
[2024-04-08 17:02:58,854] {logging_mixin.py:115} INFO - [2024-04-08 17:02:58,854] {dag.py:2968} INFO - Setting next_dagrun for example_branch_python_operator_decorator to 2024-04-07T00:00:00+00:00, run_after=2024-04-08T00:00:00+00:00
[2024-04-08 17:02:58,875] {processor.py:161} INFO - Processing /opt/conda/lib/python3.8/site-packages/airflow/example_dags/example_branch_operator_decorator.py took 0.076 seconds
