[2024-04-08 16:49:07,256] {processor.py:153} INFO - Started process (PID=4302) to work on /opt/conda/lib/python3.8/site-packages/airflow/example_dags/example_latest_only_with_trigger.py
[2024-04-08 16:49:07,256] {processor.py:641} INFO - Processing file /opt/conda/lib/python3.8/site-packages/airflow/example_dags/example_latest_only_with_trigger.py for tasks to queue
[2024-04-08 16:49:07,257] {logging_mixin.py:115} INFO - [2024-04-08 16:49:07,257] {dagbag.py:508} INFO - Filling up the DagBag from /opt/conda/lib/python3.8/site-packages/airflow/example_dags/example_latest_only_with_trigger.py
[2024-04-08 16:49:07,263] {processor.py:651} INFO - DAG(s) dict_keys(['latest_only_with_trigger']) retrieved from /opt/conda/lib/python3.8/site-packages/airflow/example_dags/example_latest_only_with_trigger.py
[2024-04-08 16:49:07,279] {logging_mixin.py:115} INFO - [2024-04-08 16:49:07,279] {dag.py:2420} INFO - Sync 1 DAGs
[2024-04-08 16:49:07,294] {logging_mixin.py:115} INFO - [2024-04-08 16:49:07,294] {dag.py:2968} INFO - Setting next_dagrun for latest_only_with_trigger to 2024-04-08T12:49:07.293795+00:00, run_after=2024-04-08T16:49:07.293795+00:00
[2024-04-08 16:49:07,330] {processor.py:161} INFO - Processing /opt/conda/lib/python3.8/site-packages/airflow/example_dags/example_latest_only_with_trigger.py took 0.077 seconds
[2024-04-08 16:50:01,648] {processor.py:153} INFO - Started process (PID=4423) to work on /opt/conda/lib/python3.8/site-packages/airflow/example_dags/example_latest_only_with_trigger.py
[2024-04-08 16:50:01,650] {processor.py:641} INFO - Processing file /opt/conda/lib/python3.8/site-packages/airflow/example_dags/example_latest_only_with_trigger.py for tasks to queue
[2024-04-08 16:50:01,651] {logging_mixin.py:115} INFO - [2024-04-08 16:50:01,651] {dagbag.py:508} INFO - Filling up the DagBag from /opt/conda/lib/python3.8/site-packages/airflow/example_dags/example_latest_only_with_trigger.py
[2024-04-08 16:50:01,658] {processor.py:651} INFO - DAG(s) dict_keys(['latest_only_with_trigger']) retrieved from /opt/conda/lib/python3.8/site-packages/airflow/example_dags/example_latest_only_with_trigger.py
[2024-04-08 16:50:01,678] {logging_mixin.py:115} INFO - [2024-04-08 16:50:01,678] {dag.py:2420} INFO - Sync 1 DAGs
[2024-04-08 16:50:01,698] {logging_mixin.py:115} INFO - [2024-04-08 16:50:01,698] {dag.py:2968} INFO - Setting next_dagrun for latest_only_with_trigger to 2024-04-08T12:50:01.698525+00:00, run_after=2024-04-08T16:50:01.698525+00:00
[2024-04-08 16:50:01,746] {processor.py:161} INFO - Processing /opt/conda/lib/python3.8/site-packages/airflow/example_dags/example_latest_only_with_trigger.py took 0.102 seconds
[2024-04-08 16:50:57,276] {processor.py:153} INFO - Started process (PID=4544) to work on /opt/conda/lib/python3.8/site-packages/airflow/example_dags/example_latest_only_with_trigger.py
[2024-04-08 16:50:57,277] {processor.py:641} INFO - Processing file /opt/conda/lib/python3.8/site-packages/airflow/example_dags/example_latest_only_with_trigger.py for tasks to queue
[2024-04-08 16:50:57,278] {logging_mixin.py:115} INFO - [2024-04-08 16:50:57,277] {dagbag.py:508} INFO - Filling up the DagBag from /opt/conda/lib/python3.8/site-packages/airflow/example_dags/example_latest_only_with_trigger.py
[2024-04-08 16:50:57,284] {processor.py:651} INFO - DAG(s) dict_keys(['latest_only_with_trigger']) retrieved from /opt/conda/lib/python3.8/site-packages/airflow/example_dags/example_latest_only_with_trigger.py
[2024-04-08 16:50:57,301] {logging_mixin.py:115} INFO - [2024-04-08 16:50:57,301] {dag.py:2420} INFO - Sync 1 DAGs
[2024-04-08 16:50:57,316] {logging_mixin.py:115} INFO - [2024-04-08 16:50:57,316] {dag.py:2968} INFO - Setting next_dagrun for latest_only_with_trigger to 2024-04-08T12:50:57.316545+00:00, run_after=2024-04-08T16:50:57.316545+00:00
[2024-04-08 16:50:57,337] {processor.py:161} INFO - Processing /opt/conda/lib/python3.8/site-packages/airflow/example_dags/example_latest_only_with_trigger.py took 0.065 seconds
[2024-04-08 16:51:48,377] {processor.py:153} INFO - Started process (PID=4662) to work on /opt/conda/lib/python3.8/site-packages/airflow/example_dags/example_latest_only_with_trigger.py
[2024-04-08 16:51:48,403] {processor.py:641} INFO - Processing file /opt/conda/lib/python3.8/site-packages/airflow/example_dags/example_latest_only_with_trigger.py for tasks to queue
[2024-04-08 16:51:48,404] {logging_mixin.py:115} INFO - [2024-04-08 16:51:48,404] {dagbag.py:508} INFO - Filling up the DagBag from /opt/conda/lib/python3.8/site-packages/airflow/example_dags/example_latest_only_with_trigger.py
[2024-04-08 16:51:48,412] {processor.py:651} INFO - DAG(s) dict_keys(['latest_only_with_trigger']) retrieved from /opt/conda/lib/python3.8/site-packages/airflow/example_dags/example_latest_only_with_trigger.py
[2024-04-08 16:51:48,430] {logging_mixin.py:115} INFO - [2024-04-08 16:51:48,430] {dag.py:2420} INFO - Sync 1 DAGs
[2024-04-08 16:51:48,448] {logging_mixin.py:115} INFO - [2024-04-08 16:51:48,448] {dag.py:2968} INFO - Setting next_dagrun for latest_only_with_trigger to 2024-04-08T12:51:48.448500+00:00, run_after=2024-04-08T16:51:48.448500+00:00
[2024-04-08 16:51:48,469] {processor.py:161} INFO - Processing /opt/conda/lib/python3.8/site-packages/airflow/example_dags/example_latest_only_with_trigger.py took 0.096 seconds
[2024-04-08 16:52:42,358] {processor.py:153} INFO - Started process (PID=4780) to work on /opt/conda/lib/python3.8/site-packages/airflow/example_dags/example_latest_only_with_trigger.py
[2024-04-08 16:52:42,360] {processor.py:641} INFO - Processing file /opt/conda/lib/python3.8/site-packages/airflow/example_dags/example_latest_only_with_trigger.py for tasks to queue
[2024-04-08 16:52:42,360] {logging_mixin.py:115} INFO - [2024-04-08 16:52:42,360] {dagbag.py:508} INFO - Filling up the DagBag from /opt/conda/lib/python3.8/site-packages/airflow/example_dags/example_latest_only_with_trigger.py
[2024-04-08 16:52:42,367] {processor.py:651} INFO - DAG(s) dict_keys(['latest_only_with_trigger']) retrieved from /opt/conda/lib/python3.8/site-packages/airflow/example_dags/example_latest_only_with_trigger.py
[2024-04-08 16:52:42,385] {logging_mixin.py:115} INFO - [2024-04-08 16:52:42,385] {dag.py:2420} INFO - Sync 1 DAGs
[2024-04-08 16:52:42,405] {logging_mixin.py:115} INFO - [2024-04-08 16:52:42,405] {dag.py:2968} INFO - Setting next_dagrun for latest_only_with_trigger to 2024-04-08T12:52:42.405178+00:00, run_after=2024-04-08T16:52:42.405178+00:00
[2024-04-08 16:52:42,631] {processor.py:161} INFO - Processing /opt/conda/lib/python3.8/site-packages/airflow/example_dags/example_latest_only_with_trigger.py took 0.276 seconds
[2024-04-08 16:53:32,688] {processor.py:153} INFO - Started process (PID=4898) to work on /opt/conda/lib/python3.8/site-packages/airflow/example_dags/example_latest_only_with_trigger.py
[2024-04-08 16:53:32,690] {processor.py:641} INFO - Processing file /opt/conda/lib/python3.8/site-packages/airflow/example_dags/example_latest_only_with_trigger.py for tasks to queue
[2024-04-08 16:53:32,691] {logging_mixin.py:115} INFO - [2024-04-08 16:53:32,690] {dagbag.py:508} INFO - Filling up the DagBag from /opt/conda/lib/python3.8/site-packages/airflow/example_dags/example_latest_only_with_trigger.py
[2024-04-08 16:53:32,698] {processor.py:651} INFO - DAG(s) dict_keys(['latest_only_with_trigger']) retrieved from /opt/conda/lib/python3.8/site-packages/airflow/example_dags/example_latest_only_with_trigger.py
[2024-04-08 16:53:32,718] {logging_mixin.py:115} INFO - [2024-04-08 16:53:32,717] {dag.py:2420} INFO - Sync 1 DAGs
[2024-04-08 16:53:32,736] {logging_mixin.py:115} INFO - [2024-04-08 16:53:32,736] {dag.py:2968} INFO - Setting next_dagrun for latest_only_with_trigger to 2024-04-08T12:53:32.736024+00:00, run_after=2024-04-08T16:53:32.736024+00:00
[2024-04-08 16:53:32,788] {processor.py:161} INFO - Processing /opt/conda/lib/python3.8/site-packages/airflow/example_dags/example_latest_only_with_trigger.py took 0.105 seconds
[2024-04-08 16:54:44,707] {processor.py:153} INFO - Started process (PID=5105) to work on /opt/conda/lib/python3.8/site-packages/airflow/example_dags/example_latest_only_with_trigger.py
[2024-04-08 16:54:44,709] {processor.py:641} INFO - Processing file /opt/conda/lib/python3.8/site-packages/airflow/example_dags/example_latest_only_with_trigger.py for tasks to queue
[2024-04-08 16:54:44,709] {logging_mixin.py:115} INFO - [2024-04-08 16:54:44,709] {dagbag.py:508} INFO - Filling up the DagBag from /opt/conda/lib/python3.8/site-packages/airflow/example_dags/example_latest_only_with_trigger.py
[2024-04-08 16:54:44,716] {processor.py:651} INFO - DAG(s) dict_keys(['latest_only_with_trigger']) retrieved from /opt/conda/lib/python3.8/site-packages/airflow/example_dags/example_latest_only_with_trigger.py
[2024-04-08 16:54:44,734] {logging_mixin.py:115} INFO - [2024-04-08 16:54:44,734] {dag.py:2420} INFO - Sync 1 DAGs
[2024-04-08 16:54:44,754] {logging_mixin.py:115} INFO - [2024-04-08 16:54:44,754] {dag.py:2968} INFO - Setting next_dagrun for latest_only_with_trigger to 2024-04-08T12:54:44.753877+00:00, run_after=2024-04-08T16:54:44.753877+00:00
[2024-04-08 16:54:44,809] {processor.py:161} INFO - Processing /opt/conda/lib/python3.8/site-packages/airflow/example_dags/example_latest_only_with_trigger.py took 0.106 seconds
[2024-04-08 16:56:32,592] {processor.py:153} INFO - Started process (PID=5469) to work on /opt/conda/lib/python3.8/site-packages/airflow/example_dags/example_latest_only_with_trigger.py
[2024-04-08 16:56:32,594] {processor.py:641} INFO - Processing file /opt/conda/lib/python3.8/site-packages/airflow/example_dags/example_latest_only_with_trigger.py for tasks to queue
[2024-04-08 16:56:32,595] {logging_mixin.py:115} INFO - [2024-04-08 16:56:32,595] {dagbag.py:508} INFO - Filling up the DagBag from /opt/conda/lib/python3.8/site-packages/airflow/example_dags/example_latest_only_with_trigger.py
[2024-04-08 16:56:32,601] {processor.py:651} INFO - DAG(s) dict_keys(['latest_only_with_trigger']) retrieved from /opt/conda/lib/python3.8/site-packages/airflow/example_dags/example_latest_only_with_trigger.py
[2024-04-08 16:56:32,615] {logging_mixin.py:115} INFO - [2024-04-08 16:56:32,615] {dag.py:2420} INFO - Sync 1 DAGs
[2024-04-08 16:56:32,630] {logging_mixin.py:115} INFO - [2024-04-08 16:56:32,630] {dag.py:2968} INFO - Setting next_dagrun for latest_only_with_trigger to 2024-04-08T12:56:32.630411+00:00, run_after=2024-04-08T16:56:32.630411+00:00
[2024-04-08 16:56:32,649] {processor.py:161} INFO - Processing /opt/conda/lib/python3.8/site-packages/airflow/example_dags/example_latest_only_with_trigger.py took 0.060 seconds
[2024-04-08 16:57:51,409] {processor.py:153} INFO - Started process (PID=5702) to work on /opt/conda/lib/python3.8/site-packages/airflow/example_dags/example_latest_only_with_trigger.py
[2024-04-08 16:57:51,411] {processor.py:641} INFO - Processing file /opt/conda/lib/python3.8/site-packages/airflow/example_dags/example_latest_only_with_trigger.py for tasks to queue
[2024-04-08 16:57:51,411] {logging_mixin.py:115} INFO - [2024-04-08 16:57:51,411] {dagbag.py:508} INFO - Filling up the DagBag from /opt/conda/lib/python3.8/site-packages/airflow/example_dags/example_latest_only_with_trigger.py
[2024-04-08 16:57:51,418] {processor.py:651} INFO - DAG(s) dict_keys(['latest_only_with_trigger']) retrieved from /opt/conda/lib/python3.8/site-packages/airflow/example_dags/example_latest_only_with_trigger.py
[2024-04-08 16:57:51,438] {logging_mixin.py:115} INFO - [2024-04-08 16:57:51,438] {dag.py:2420} INFO - Sync 1 DAGs
[2024-04-08 16:57:51,458] {logging_mixin.py:115} INFO - [2024-04-08 16:57:51,457] {dag.py:2968} INFO - Setting next_dagrun for latest_only_with_trigger to 2024-04-08T12:57:51.457643+00:00, run_after=2024-04-08T16:57:51.457643+00:00
[2024-04-08 16:57:51,481] {processor.py:161} INFO - Processing /opt/conda/lib/python3.8/site-packages/airflow/example_dags/example_latest_only_with_trigger.py took 0.077 seconds
[2024-04-08 16:58:42,301] {processor.py:153} INFO - Started process (PID=5819) to work on /opt/conda/lib/python3.8/site-packages/airflow/example_dags/example_latest_only_with_trigger.py
[2024-04-08 16:58:42,302] {processor.py:641} INFO - Processing file /opt/conda/lib/python3.8/site-packages/airflow/example_dags/example_latest_only_with_trigger.py for tasks to queue
[2024-04-08 16:58:42,303] {logging_mixin.py:115} INFO - [2024-04-08 16:58:42,303] {dagbag.py:508} INFO - Filling up the DagBag from /opt/conda/lib/python3.8/site-packages/airflow/example_dags/example_latest_only_with_trigger.py
[2024-04-08 16:58:42,310] {processor.py:651} INFO - DAG(s) dict_keys(['latest_only_with_trigger']) retrieved from /opt/conda/lib/python3.8/site-packages/airflow/example_dags/example_latest_only_with_trigger.py
[2024-04-08 16:58:42,330] {logging_mixin.py:115} INFO - [2024-04-08 16:58:42,330] {dag.py:2420} INFO - Sync 1 DAGs
[2024-04-08 16:58:42,351] {logging_mixin.py:115} INFO - [2024-04-08 16:58:42,351] {dag.py:2968} INFO - Setting next_dagrun for latest_only_with_trigger to 2024-04-08T12:58:42.350988+00:00, run_after=2024-04-08T16:58:42.350988+00:00
[2024-04-08 16:58:42,374] {processor.py:161} INFO - Processing /opt/conda/lib/python3.8/site-packages/airflow/example_dags/example_latest_only_with_trigger.py took 0.078 seconds
[2024-04-08 16:59:53,832] {processor.py:153} INFO - Started process (PID=5958) to work on /opt/conda/lib/python3.8/site-packages/airflow/example_dags/example_latest_only_with_trigger.py
[2024-04-08 16:59:53,834] {processor.py:641} INFO - Processing file /opt/conda/lib/python3.8/site-packages/airflow/example_dags/example_latest_only_with_trigger.py for tasks to queue
[2024-04-08 16:59:53,835] {logging_mixin.py:115} INFO - [2024-04-08 16:59:53,835] {dagbag.py:508} INFO - Filling up the DagBag from /opt/conda/lib/python3.8/site-packages/airflow/example_dags/example_latest_only_with_trigger.py
[2024-04-08 16:59:53,842] {processor.py:651} INFO - DAG(s) dict_keys(['latest_only_with_trigger']) retrieved from /opt/conda/lib/python3.8/site-packages/airflow/example_dags/example_latest_only_with_trigger.py
[2024-04-08 16:59:53,862] {logging_mixin.py:115} INFO - [2024-04-08 16:59:53,862] {dag.py:2420} INFO - Sync 1 DAGs
[2024-04-08 16:59:53,882] {logging_mixin.py:115} INFO - [2024-04-08 16:59:53,882] {dag.py:2968} INFO - Setting next_dagrun for latest_only_with_trigger to 2024-04-08T12:59:53.882477+00:00, run_after=2024-04-08T16:59:53.882477+00:00
[2024-04-08 16:59:53,906] {processor.py:161} INFO - Processing /opt/conda/lib/python3.8/site-packages/airflow/example_dags/example_latest_only_with_trigger.py took 0.078 seconds
[2024-04-08 17:01:19,391] {processor.py:153} INFO - Started process (PID=6184) to work on /opt/conda/lib/python3.8/site-packages/airflow/example_dags/example_latest_only_with_trigger.py
[2024-04-08 17:01:19,392] {processor.py:641} INFO - Processing file /opt/conda/lib/python3.8/site-packages/airflow/example_dags/example_latest_only_with_trigger.py for tasks to queue
[2024-04-08 17:01:19,393] {logging_mixin.py:115} INFO - [2024-04-08 17:01:19,393] {dagbag.py:508} INFO - Filling up the DagBag from /opt/conda/lib/python3.8/site-packages/airflow/example_dags/example_latest_only_with_trigger.py
[2024-04-08 17:01:19,399] {processor.py:651} INFO - DAG(s) dict_keys(['latest_only_with_trigger']) retrieved from /opt/conda/lib/python3.8/site-packages/airflow/example_dags/example_latest_only_with_trigger.py
[2024-04-08 17:01:19,415] {logging_mixin.py:115} INFO - [2024-04-08 17:01:19,415] {dag.py:2420} INFO - Sync 1 DAGs
[2024-04-08 17:01:19,430] {logging_mixin.py:115} INFO - [2024-04-08 17:01:19,430] {dag.py:2968} INFO - Setting next_dagrun for latest_only_with_trigger to 2024-04-08T13:01:19.430478+00:00, run_after=2024-04-08T17:01:19.430478+00:00
[2024-04-08 17:01:19,450] {processor.py:161} INFO - Processing /opt/conda/lib/python3.8/site-packages/airflow/example_dags/example_latest_only_with_trigger.py took 0.063 seconds
[2024-04-08 17:02:13,225] {processor.py:153} INFO - Started process (PID=6406) to work on /opt/conda/lib/python3.8/site-packages/airflow/example_dags/example_latest_only_with_trigger.py
[2024-04-08 17:02:13,228] {processor.py:641} INFO - Processing file /opt/conda/lib/python3.8/site-packages/airflow/example_dags/example_latest_only_with_trigger.py for tasks to queue
[2024-04-08 17:02:13,228] {logging_mixin.py:115} INFO - [2024-04-08 17:02:13,228] {dagbag.py:508} INFO - Filling up the DagBag from /opt/conda/lib/python3.8/site-packages/airflow/example_dags/example_latest_only_with_trigger.py
[2024-04-08 17:02:13,235] {processor.py:651} INFO - DAG(s) dict_keys(['latest_only_with_trigger']) retrieved from /opt/conda/lib/python3.8/site-packages/airflow/example_dags/example_latest_only_with_trigger.py
[2024-04-08 17:02:13,255] {logging_mixin.py:115} INFO - [2024-04-08 17:02:13,255] {dag.py:2420} INFO - Sync 1 DAGs
[2024-04-08 17:02:13,275] {logging_mixin.py:115} INFO - [2024-04-08 17:02:13,275] {dag.py:2968} INFO - Setting next_dagrun for latest_only_with_trigger to 2024-04-08T13:02:13.275440+00:00, run_after=2024-04-08T17:02:13.275440+00:00
[2024-04-08 17:02:13,298] {processor.py:161} INFO - Processing /opt/conda/lib/python3.8/site-packages/airflow/example_dags/example_latest_only_with_trigger.py took 0.077 seconds
