[2024-04-08 16:48:52,516] {processor.py:153} INFO - Started process (PID=4288) to work on /opt/conda/lib/python3.8/site-packages/airflow/example_dags/example_subdag_operator.py
[2024-04-08 16:48:52,516] {processor.py:641} INFO - Processing file /opt/conda/lib/python3.8/site-packages/airflow/example_dags/example_subdag_operator.py for tasks to queue
[2024-04-08 16:48:52,517] {logging_mixin.py:115} INFO - [2024-04-08 16:48:52,517] {dagbag.py:508} INFO - Filling up the DagBag from /opt/conda/lib/python3.8/site-packages/airflow/example_dags/example_subdag_operator.py
[2024-04-08 16:48:52,538] {processor.py:651} INFO - DAG(s) dict_keys(['example_subdag_operator.section-1', 'example_subdag_operator.section-2', 'example_subdag_operator']) retrieved from /opt/conda/lib/python3.8/site-packages/airflow/example_dags/example_subdag_operator.py
[2024-04-08 16:48:52,561] {logging_mixin.py:115} INFO - [2024-04-08 16:48:52,561] {dag.py:2420} INFO - Sync 3 DAGs
[2024-04-08 16:48:52,575] {logging_mixin.py:115} INFO - [2024-04-08 16:48:52,575] {dag.py:2968} INFO - Setting next_dagrun for example_subdag_operator to 2022-01-01T00:00:00+00:00, run_after=2022-01-01T00:00:00+00:00
[2024-04-08 16:48:52,575] {logging_mixin.py:115} INFO - [2024-04-08 16:48:52,575] {dag.py:2968} INFO - Setting next_dagrun for example_subdag_operator.section-1 to None, run_after=None
[2024-04-08 16:48:52,575] {logging_mixin.py:115} INFO - [2024-04-08 16:48:52,575] {dag.py:2968} INFO - Setting next_dagrun for example_subdag_operator.section-2 to None, run_after=None
[2024-04-08 16:48:52,579] {logging_mixin.py:115} INFO - [2024-04-08 16:48:52,579] {dag.py:2420} INFO - Sync 2 DAGs
[2024-04-08 16:48:52,582] {logging_mixin.py:115} INFO - [2024-04-08 16:48:52,582] {dag.py:2968} INFO - Setting next_dagrun for example_subdag_operator.section-1 to None, run_after=None
[2024-04-08 16:48:52,582] {logging_mixin.py:115} INFO - [2024-04-08 16:48:52,582] {dag.py:2968} INFO - Setting next_dagrun for example_subdag_operator.section-2 to None, run_after=None
[2024-04-08 16:48:52,599] {processor.py:161} INFO - Processing /opt/conda/lib/python3.8/site-packages/airflow/example_dags/example_subdag_operator.py took 0.087 seconds
[2024-04-08 16:49:47,539] {processor.py:153} INFO - Started process (PID=4409) to work on /opt/conda/lib/python3.8/site-packages/airflow/example_dags/example_subdag_operator.py
[2024-04-08 16:49:47,541] {processor.py:641} INFO - Processing file /opt/conda/lib/python3.8/site-packages/airflow/example_dags/example_subdag_operator.py for tasks to queue
[2024-04-08 16:49:47,541] {logging_mixin.py:115} INFO - [2024-04-08 16:49:47,541] {dagbag.py:508} INFO - Filling up the DagBag from /opt/conda/lib/python3.8/site-packages/airflow/example_dags/example_subdag_operator.py
[2024-04-08 16:49:47,565] {processor.py:651} INFO - DAG(s) dict_keys(['example_subdag_operator.section-1', 'example_subdag_operator.section-2', 'example_subdag_operator']) retrieved from /opt/conda/lib/python3.8/site-packages/airflow/example_dags/example_subdag_operator.py
[2024-04-08 16:49:47,597] {logging_mixin.py:115} INFO - [2024-04-08 16:49:47,597] {dag.py:2420} INFO - Sync 3 DAGs
[2024-04-08 16:49:47,612] {logging_mixin.py:115} INFO - [2024-04-08 16:49:47,612] {dag.py:2968} INFO - Setting next_dagrun for example_subdag_operator to 2022-01-01T00:00:00+00:00, run_after=2022-01-01T00:00:00+00:00
[2024-04-08 16:49:47,612] {logging_mixin.py:115} INFO - [2024-04-08 16:49:47,612] {dag.py:2968} INFO - Setting next_dagrun for example_subdag_operator.section-1 to None, run_after=None
[2024-04-08 16:49:47,613] {logging_mixin.py:115} INFO - [2024-04-08 16:49:47,613] {dag.py:2968} INFO - Setting next_dagrun for example_subdag_operator.section-2 to None, run_after=None
[2024-04-08 16:49:47,617] {logging_mixin.py:115} INFO - [2024-04-08 16:49:47,617] {dag.py:2420} INFO - Sync 2 DAGs
[2024-04-08 16:49:47,620] {logging_mixin.py:115} INFO - [2024-04-08 16:49:47,620] {dag.py:2968} INFO - Setting next_dagrun for example_subdag_operator.section-1 to None, run_after=None
[2024-04-08 16:49:47,620] {logging_mixin.py:115} INFO - [2024-04-08 16:49:47,620] {dag.py:2968} INFO - Setting next_dagrun for example_subdag_operator.section-2 to None, run_after=None
[2024-04-08 16:49:47,652] {processor.py:161} INFO - Processing /opt/conda/lib/python3.8/site-packages/airflow/example_dags/example_subdag_operator.py took 0.117 seconds
[2024-04-08 16:50:42,748] {processor.py:153} INFO - Started process (PID=4530) to work on /opt/conda/lib/python3.8/site-packages/airflow/example_dags/example_subdag_operator.py
[2024-04-08 16:50:42,750] {processor.py:641} INFO - Processing file /opt/conda/lib/python3.8/site-packages/airflow/example_dags/example_subdag_operator.py for tasks to queue
[2024-04-08 16:50:42,751] {logging_mixin.py:115} INFO - [2024-04-08 16:50:42,751] {dagbag.py:508} INFO - Filling up the DagBag from /opt/conda/lib/python3.8/site-packages/airflow/example_dags/example_subdag_operator.py
[2024-04-08 16:50:42,776] {processor.py:651} INFO - DAG(s) dict_keys(['example_subdag_operator.section-1', 'example_subdag_operator.section-2', 'example_subdag_operator']) retrieved from /opt/conda/lib/python3.8/site-packages/airflow/example_dags/example_subdag_operator.py
[2024-04-08 16:50:42,808] {logging_mixin.py:115} INFO - [2024-04-08 16:50:42,808] {dag.py:2420} INFO - Sync 3 DAGs
[2024-04-08 16:50:42,823] {logging_mixin.py:115} INFO - [2024-04-08 16:50:42,823] {dag.py:2968} INFO - Setting next_dagrun for example_subdag_operator to 2022-01-01T00:00:00+00:00, run_after=2022-01-01T00:00:00+00:00
[2024-04-08 16:50:42,824] {logging_mixin.py:115} INFO - [2024-04-08 16:50:42,824] {dag.py:2968} INFO - Setting next_dagrun for example_subdag_operator.section-1 to None, run_after=None
[2024-04-08 16:50:42,824] {logging_mixin.py:115} INFO - [2024-04-08 16:50:42,824] {dag.py:2968} INFO - Setting next_dagrun for example_subdag_operator.section-2 to None, run_after=None
[2024-04-08 16:50:42,828] {logging_mixin.py:115} INFO - [2024-04-08 16:50:42,828] {dag.py:2420} INFO - Sync 2 DAGs
[2024-04-08 16:50:42,831] {logging_mixin.py:115} INFO - [2024-04-08 16:50:42,831] {dag.py:2968} INFO - Setting next_dagrun for example_subdag_operator.section-1 to None, run_after=None
[2024-04-08 16:50:42,831] {logging_mixin.py:115} INFO - [2024-04-08 16:50:42,831] {dag.py:2968} INFO - Setting next_dagrun for example_subdag_operator.section-2 to None, run_after=None
[2024-04-08 16:50:42,849] {processor.py:161} INFO - Processing /opt/conda/lib/python3.8/site-packages/airflow/example_dags/example_subdag_operator.py took 0.105 seconds
[2024-04-08 16:51:33,867] {processor.py:153} INFO - Started process (PID=4648) to work on /opt/conda/lib/python3.8/site-packages/airflow/example_dags/example_subdag_operator.py
[2024-04-08 16:51:33,869] {processor.py:641} INFO - Processing file /opt/conda/lib/python3.8/site-packages/airflow/example_dags/example_subdag_operator.py for tasks to queue
[2024-04-08 16:51:33,869] {logging_mixin.py:115} INFO - [2024-04-08 16:51:33,869] {dagbag.py:508} INFO - Filling up the DagBag from /opt/conda/lib/python3.8/site-packages/airflow/example_dags/example_subdag_operator.py
[2024-04-08 16:51:33,890] {processor.py:651} INFO - DAG(s) dict_keys(['example_subdag_operator.section-1', 'example_subdag_operator.section-2', 'example_subdag_operator']) retrieved from /opt/conda/lib/python3.8/site-packages/airflow/example_dags/example_subdag_operator.py
[2024-04-08 16:51:33,914] {logging_mixin.py:115} INFO - [2024-04-08 16:51:33,914] {dag.py:2420} INFO - Sync 3 DAGs
[2024-04-08 16:51:33,928] {logging_mixin.py:115} INFO - [2024-04-08 16:51:33,928] {dag.py:2968} INFO - Setting next_dagrun for example_subdag_operator to 2022-01-01T00:00:00+00:00, run_after=2022-01-01T00:00:00+00:00
[2024-04-08 16:51:33,928] {logging_mixin.py:115} INFO - [2024-04-08 16:51:33,928] {dag.py:2968} INFO - Setting next_dagrun for example_subdag_operator.section-1 to None, run_after=None
[2024-04-08 16:51:33,928] {logging_mixin.py:115} INFO - [2024-04-08 16:51:33,928] {dag.py:2968} INFO - Setting next_dagrun for example_subdag_operator.section-2 to None, run_after=None
[2024-04-08 16:51:33,932] {logging_mixin.py:115} INFO - [2024-04-08 16:51:33,932] {dag.py:2420} INFO - Sync 2 DAGs
[2024-04-08 16:51:33,935] {logging_mixin.py:115} INFO - [2024-04-08 16:51:33,935] {dag.py:2968} INFO - Setting next_dagrun for example_subdag_operator.section-1 to None, run_after=None
[2024-04-08 16:51:33,936] {logging_mixin.py:115} INFO - [2024-04-08 16:51:33,936] {dag.py:2968} INFO - Setting next_dagrun for example_subdag_operator.section-2 to None, run_after=None
[2024-04-08 16:51:33,953] {processor.py:161} INFO - Processing /opt/conda/lib/python3.8/site-packages/airflow/example_dags/example_subdag_operator.py took 0.090 seconds
[2024-04-08 16:52:26,839] {processor.py:153} INFO - Started process (PID=4766) to work on /opt/conda/lib/python3.8/site-packages/airflow/example_dags/example_subdag_operator.py
[2024-04-08 16:52:26,840] {processor.py:641} INFO - Processing file /opt/conda/lib/python3.8/site-packages/airflow/example_dags/example_subdag_operator.py for tasks to queue
[2024-04-08 16:52:26,841] {logging_mixin.py:115} INFO - [2024-04-08 16:52:26,841] {dagbag.py:508} INFO - Filling up the DagBag from /opt/conda/lib/python3.8/site-packages/airflow/example_dags/example_subdag_operator.py
[2024-04-08 16:52:26,864] {processor.py:651} INFO - DAG(s) dict_keys(['example_subdag_operator.section-1', 'example_subdag_operator.section-2', 'example_subdag_operator']) retrieved from /opt/conda/lib/python3.8/site-packages/airflow/example_dags/example_subdag_operator.py
[2024-04-08 16:52:26,896] {logging_mixin.py:115} INFO - [2024-04-08 16:52:26,896] {dag.py:2420} INFO - Sync 3 DAGs
[2024-04-08 16:52:26,912] {logging_mixin.py:115} INFO - [2024-04-08 16:52:26,912] {dag.py:2968} INFO - Setting next_dagrun for example_subdag_operator to 2022-01-01T00:00:00+00:00, run_after=2022-01-01T00:00:00+00:00
[2024-04-08 16:52:26,913] {logging_mixin.py:115} INFO - [2024-04-08 16:52:26,913] {dag.py:2968} INFO - Setting next_dagrun for example_subdag_operator.section-1 to None, run_after=None
[2024-04-08 16:52:26,913] {logging_mixin.py:115} INFO - [2024-04-08 16:52:26,913] {dag.py:2968} INFO - Setting next_dagrun for example_subdag_operator.section-2 to None, run_after=None
[2024-04-08 16:52:26,917] {logging_mixin.py:115} INFO - [2024-04-08 16:52:26,917] {dag.py:2420} INFO - Sync 2 DAGs
[2024-04-08 16:52:26,920] {logging_mixin.py:115} INFO - [2024-04-08 16:52:26,920] {dag.py:2968} INFO - Setting next_dagrun for example_subdag_operator.section-1 to None, run_after=None
[2024-04-08 16:52:26,921] {logging_mixin.py:115} INFO - [2024-04-08 16:52:26,921] {dag.py:2968} INFO - Setting next_dagrun for example_subdag_operator.section-2 to None, run_after=None
[2024-04-08 16:52:26,959] {processor.py:161} INFO - Processing /opt/conda/lib/python3.8/site-packages/airflow/example_dags/example_subdag_operator.py took 0.124 seconds
[2024-04-08 16:53:17,748] {processor.py:153} INFO - Started process (PID=4884) to work on /opt/conda/lib/python3.8/site-packages/airflow/example_dags/example_subdag_operator.py
[2024-04-08 16:53:17,750] {processor.py:641} INFO - Processing file /opt/conda/lib/python3.8/site-packages/airflow/example_dags/example_subdag_operator.py for tasks to queue
[2024-04-08 16:53:17,750] {logging_mixin.py:115} INFO - [2024-04-08 16:53:17,750] {dagbag.py:508} INFO - Filling up the DagBag from /opt/conda/lib/python3.8/site-packages/airflow/example_dags/example_subdag_operator.py
[2024-04-08 16:53:17,776] {processor.py:651} INFO - DAG(s) dict_keys(['example_subdag_operator.section-1', 'example_subdag_operator.section-2', 'example_subdag_operator']) retrieved from /opt/conda/lib/python3.8/site-packages/airflow/example_dags/example_subdag_operator.py
[2024-04-08 16:53:17,801] {logging_mixin.py:115} INFO - [2024-04-08 16:53:17,801] {dag.py:2420} INFO - Sync 3 DAGs
[2024-04-08 16:53:17,816] {logging_mixin.py:115} INFO - [2024-04-08 16:53:17,815] {dag.py:2968} INFO - Setting next_dagrun for example_subdag_operator to 2022-01-01T00:00:00+00:00, run_after=2022-01-01T00:00:00+00:00
[2024-04-08 16:53:17,816] {logging_mixin.py:115} INFO - [2024-04-08 16:53:17,816] {dag.py:2968} INFO - Setting next_dagrun for example_subdag_operator.section-1 to None, run_after=None
[2024-04-08 16:53:17,816] {logging_mixin.py:115} INFO - [2024-04-08 16:53:17,816] {dag.py:2968} INFO - Setting next_dagrun for example_subdag_operator.section-2 to None, run_after=None
[2024-04-08 16:53:17,820] {logging_mixin.py:115} INFO - [2024-04-08 16:53:17,820] {dag.py:2420} INFO - Sync 2 DAGs
[2024-04-08 16:53:17,823] {logging_mixin.py:115} INFO - [2024-04-08 16:53:17,823] {dag.py:2968} INFO - Setting next_dagrun for example_subdag_operator.section-1 to None, run_after=None
[2024-04-08 16:53:17,824] {logging_mixin.py:115} INFO - [2024-04-08 16:53:17,824] {dag.py:2968} INFO - Setting next_dagrun for example_subdag_operator.section-2 to None, run_after=None
[2024-04-08 16:53:17,840] {processor.py:161} INFO - Processing /opt/conda/lib/python3.8/site-packages/airflow/example_dags/example_subdag_operator.py took 0.096 seconds
[2024-04-08 16:54:08,095] {processor.py:153} INFO - Started process (PID=5001) to work on /opt/conda/lib/python3.8/site-packages/airflow/example_dags/example_subdag_operator.py
[2024-04-08 16:54:08,097] {processor.py:641} INFO - Processing file /opt/conda/lib/python3.8/site-packages/airflow/example_dags/example_subdag_operator.py for tasks to queue
[2024-04-08 16:54:08,097] {logging_mixin.py:115} INFO - [2024-04-08 16:54:08,097] {dagbag.py:508} INFO - Filling up the DagBag from /opt/conda/lib/python3.8/site-packages/airflow/example_dags/example_subdag_operator.py
[2024-04-08 16:54:08,123] {processor.py:651} INFO - DAG(s) dict_keys(['example_subdag_operator.section-1', 'example_subdag_operator.section-2', 'example_subdag_operator']) retrieved from /opt/conda/lib/python3.8/site-packages/airflow/example_dags/example_subdag_operator.py
[2024-04-08 16:54:08,150] {logging_mixin.py:115} INFO - [2024-04-08 16:54:08,150] {dag.py:2420} INFO - Sync 3 DAGs
[2024-04-08 16:54:08,165] {logging_mixin.py:115} INFO - [2024-04-08 16:54:08,164] {dag.py:2968} INFO - Setting next_dagrun for example_subdag_operator to 2022-01-01T00:00:00+00:00, run_after=2022-01-01T00:00:00+00:00
[2024-04-08 16:54:08,165] {logging_mixin.py:115} INFO - [2024-04-08 16:54:08,165] {dag.py:2968} INFO - Setting next_dagrun for example_subdag_operator.section-1 to None, run_after=None
[2024-04-08 16:54:08,165] {logging_mixin.py:115} INFO - [2024-04-08 16:54:08,165] {dag.py:2968} INFO - Setting next_dagrun for example_subdag_operator.section-2 to None, run_after=None
[2024-04-08 16:54:08,169] {logging_mixin.py:115} INFO - [2024-04-08 16:54:08,169] {dag.py:2420} INFO - Sync 2 DAGs
[2024-04-08 16:54:08,172] {logging_mixin.py:115} INFO - [2024-04-08 16:54:08,172] {dag.py:2968} INFO - Setting next_dagrun for example_subdag_operator.section-1 to None, run_after=None
[2024-04-08 16:54:08,172] {logging_mixin.py:115} INFO - [2024-04-08 16:54:08,172] {dag.py:2968} INFO - Setting next_dagrun for example_subdag_operator.section-2 to None, run_after=None
[2024-04-08 16:54:08,188] {processor.py:161} INFO - Processing /opt/conda/lib/python3.8/site-packages/airflow/example_dags/example_subdag_operator.py took 0.097 seconds
[2024-04-08 16:54:57,371] {processor.py:153} INFO - Started process (PID=5117) to work on /opt/conda/lib/python3.8/site-packages/airflow/example_dags/example_subdag_operator.py
[2024-04-08 16:54:57,373] {processor.py:641} INFO - Processing file /opt/conda/lib/python3.8/site-packages/airflow/example_dags/example_subdag_operator.py for tasks to queue
[2024-04-08 16:54:57,374] {logging_mixin.py:115} INFO - [2024-04-08 16:54:57,374] {dagbag.py:508} INFO - Filling up the DagBag from /opt/conda/lib/python3.8/site-packages/airflow/example_dags/example_subdag_operator.py
[2024-04-08 16:54:57,397] {processor.py:651} INFO - DAG(s) dict_keys(['example_subdag_operator.section-1', 'example_subdag_operator.section-2', 'example_subdag_operator']) retrieved from /opt/conda/lib/python3.8/site-packages/airflow/example_dags/example_subdag_operator.py
[2024-04-08 16:54:57,428] {logging_mixin.py:115} INFO - [2024-04-08 16:54:57,428] {dag.py:2420} INFO - Sync 3 DAGs
[2024-04-08 16:54:57,443] {logging_mixin.py:115} INFO - [2024-04-08 16:54:57,443] {dag.py:2968} INFO - Setting next_dagrun for example_subdag_operator to 2022-01-01T00:00:00+00:00, run_after=2022-01-01T00:00:00+00:00
[2024-04-08 16:54:57,443] {logging_mixin.py:115} INFO - [2024-04-08 16:54:57,443] {dag.py:2968} INFO - Setting next_dagrun for example_subdag_operator.section-1 to None, run_after=None
[2024-04-08 16:54:57,443] {logging_mixin.py:115} INFO - [2024-04-08 16:54:57,443] {dag.py:2968} INFO - Setting next_dagrun for example_subdag_operator.section-2 to None, run_after=None
[2024-04-08 16:54:57,448] {logging_mixin.py:115} INFO - [2024-04-08 16:54:57,448] {dag.py:2420} INFO - Sync 2 DAGs
[2024-04-08 16:54:57,451] {logging_mixin.py:115} INFO - [2024-04-08 16:54:57,451] {dag.py:2968} INFO - Setting next_dagrun for example_subdag_operator.section-1 to None, run_after=None
[2024-04-08 16:54:57,451] {logging_mixin.py:115} INFO - [2024-04-08 16:54:57,451] {dag.py:2968} INFO - Setting next_dagrun for example_subdag_operator.section-2 to None, run_after=None
[2024-04-08 16:54:57,476] {processor.py:161} INFO - Processing /opt/conda/lib/python3.8/site-packages/airflow/example_dags/example_subdag_operator.py took 0.108 seconds
[2024-04-08 16:57:07,121] {processor.py:153} INFO - Started process (PID=5592) to work on /opt/conda/lib/python3.8/site-packages/airflow/example_dags/example_subdag_operator.py
[2024-04-08 16:57:07,123] {processor.py:641} INFO - Processing file /opt/conda/lib/python3.8/site-packages/airflow/example_dags/example_subdag_operator.py for tasks to queue
[2024-04-08 16:57:07,124] {logging_mixin.py:115} INFO - [2024-04-08 16:57:07,124] {dagbag.py:508} INFO - Filling up the DagBag from /opt/conda/lib/python3.8/site-packages/airflow/example_dags/example_subdag_operator.py
[2024-04-08 16:57:07,148] {processor.py:651} INFO - DAG(s) dict_keys(['example_subdag_operator.section-1', 'example_subdag_operator.section-2', 'example_subdag_operator']) retrieved from /opt/conda/lib/python3.8/site-packages/airflow/example_dags/example_subdag_operator.py
[2024-04-08 16:57:07,175] {logging_mixin.py:115} INFO - [2024-04-08 16:57:07,175] {dag.py:2420} INFO - Sync 3 DAGs
[2024-04-08 16:57:07,190] {logging_mixin.py:115} INFO - [2024-04-08 16:57:07,190] {dag.py:2968} INFO - Setting next_dagrun for example_subdag_operator to 2022-01-01T00:00:00+00:00, run_after=2022-01-01T00:00:00+00:00
[2024-04-08 16:57:07,190] {logging_mixin.py:115} INFO - [2024-04-08 16:57:07,190] {dag.py:2968} INFO - Setting next_dagrun for example_subdag_operator.section-1 to None, run_after=None
[2024-04-08 16:57:07,190] {logging_mixin.py:115} INFO - [2024-04-08 16:57:07,190] {dag.py:2968} INFO - Setting next_dagrun for example_subdag_operator.section-2 to None, run_after=None
[2024-04-08 16:57:07,194] {logging_mixin.py:115} INFO - [2024-04-08 16:57:07,194] {dag.py:2420} INFO - Sync 2 DAGs
[2024-04-08 16:57:07,198] {logging_mixin.py:115} INFO - [2024-04-08 16:57:07,197] {dag.py:2968} INFO - Setting next_dagrun for example_subdag_operator.section-1 to None, run_after=None
[2024-04-08 16:57:07,198] {logging_mixin.py:115} INFO - [2024-04-08 16:57:07,198] {dag.py:2968} INFO - Setting next_dagrun for example_subdag_operator.section-2 to None, run_after=None
[2024-04-08 16:57:07,227] {processor.py:161} INFO - Processing /opt/conda/lib/python3.8/site-packages/airflow/example_dags/example_subdag_operator.py took 0.110 seconds
[2024-04-08 16:58:02,833] {processor.py:153} INFO - Started process (PID=5713) to work on /opt/conda/lib/python3.8/site-packages/airflow/example_dags/example_subdag_operator.py
[2024-04-08 16:58:02,835] {processor.py:641} INFO - Processing file /opt/conda/lib/python3.8/site-packages/airflow/example_dags/example_subdag_operator.py for tasks to queue
[2024-04-08 16:58:02,835] {logging_mixin.py:115} INFO - [2024-04-08 16:58:02,835] {dagbag.py:508} INFO - Filling up the DagBag from /opt/conda/lib/python3.8/site-packages/airflow/example_dags/example_subdag_operator.py
[2024-04-08 16:58:02,861] {processor.py:651} INFO - DAG(s) dict_keys(['example_subdag_operator.section-1', 'example_subdag_operator.section-2', 'example_subdag_operator']) retrieved from /opt/conda/lib/python3.8/site-packages/airflow/example_dags/example_subdag_operator.py
[2024-04-08 16:58:02,894] {logging_mixin.py:115} INFO - [2024-04-08 16:58:02,894] {dag.py:2420} INFO - Sync 3 DAGs
[2024-04-08 16:58:02,914] {logging_mixin.py:115} INFO - [2024-04-08 16:58:02,914] {dag.py:2968} INFO - Setting next_dagrun for example_subdag_operator to 2022-01-01T00:00:00+00:00, run_after=2022-01-01T00:00:00+00:00
[2024-04-08 16:58:02,914] {logging_mixin.py:115} INFO - [2024-04-08 16:58:02,914] {dag.py:2968} INFO - Setting next_dagrun for example_subdag_operator.section-1 to None, run_after=None
[2024-04-08 16:58:02,914] {logging_mixin.py:115} INFO - [2024-04-08 16:58:02,914] {dag.py:2968} INFO - Setting next_dagrun for example_subdag_operator.section-2 to None, run_after=None
[2024-04-08 16:58:02,921] {logging_mixin.py:115} INFO - [2024-04-08 16:58:02,921] {dag.py:2420} INFO - Sync 2 DAGs
[2024-04-08 16:58:02,925] {logging_mixin.py:115} INFO - [2024-04-08 16:58:02,925] {dag.py:2968} INFO - Setting next_dagrun for example_subdag_operator.section-1 to None, run_after=None
[2024-04-08 16:58:02,925] {logging_mixin.py:115} INFO - [2024-04-08 16:58:02,925] {dag.py:2968} INFO - Setting next_dagrun for example_subdag_operator.section-2 to None, run_after=None
[2024-04-08 16:58:02,944] {processor.py:161} INFO - Processing /opt/conda/lib/python3.8/site-packages/airflow/example_dags/example_subdag_operator.py took 0.116 seconds
[2024-04-08 16:58:53,301] {processor.py:153} INFO - Started process (PID=5829) to work on /opt/conda/lib/python3.8/site-packages/airflow/example_dags/example_subdag_operator.py
[2024-04-08 16:58:53,303] {processor.py:641} INFO - Processing file /opt/conda/lib/python3.8/site-packages/airflow/example_dags/example_subdag_operator.py for tasks to queue
[2024-04-08 16:58:53,303] {logging_mixin.py:115} INFO - [2024-04-08 16:58:53,303] {dagbag.py:508} INFO - Filling up the DagBag from /opt/conda/lib/python3.8/site-packages/airflow/example_dags/example_subdag_operator.py
[2024-04-08 16:58:53,326] {processor.py:651} INFO - DAG(s) dict_keys(['example_subdag_operator.section-1', 'example_subdag_operator.section-2', 'example_subdag_operator']) retrieved from /opt/conda/lib/python3.8/site-packages/airflow/example_dags/example_subdag_operator.py
[2024-04-08 16:58:53,350] {logging_mixin.py:115} INFO - [2024-04-08 16:58:53,350] {dag.py:2420} INFO - Sync 3 DAGs
[2024-04-08 16:58:53,364] {logging_mixin.py:115} INFO - [2024-04-08 16:58:53,364] {dag.py:2968} INFO - Setting next_dagrun for example_subdag_operator to 2022-01-01T00:00:00+00:00, run_after=2022-01-01T00:00:00+00:00
[2024-04-08 16:58:53,364] {logging_mixin.py:115} INFO - [2024-04-08 16:58:53,364] {dag.py:2968} INFO - Setting next_dagrun for example_subdag_operator.section-1 to None, run_after=None
[2024-04-08 16:58:53,364] {logging_mixin.py:115} INFO - [2024-04-08 16:58:53,364] {dag.py:2968} INFO - Setting next_dagrun for example_subdag_operator.section-2 to None, run_after=None
[2024-04-08 16:58:53,369] {logging_mixin.py:115} INFO - [2024-04-08 16:58:53,369] {dag.py:2420} INFO - Sync 2 DAGs
[2024-04-08 16:58:53,372] {logging_mixin.py:115} INFO - [2024-04-08 16:58:53,372] {dag.py:2968} INFO - Setting next_dagrun for example_subdag_operator.section-1 to None, run_after=None
[2024-04-08 16:58:53,372] {logging_mixin.py:115} INFO - [2024-04-08 16:58:53,372] {dag.py:2968} INFO - Setting next_dagrun for example_subdag_operator.section-2 to None, run_after=None
[2024-04-08 16:58:53,415] {processor.py:161} INFO - Processing /opt/conda/lib/python3.8/site-packages/airflow/example_dags/example_subdag_operator.py took 0.118 seconds
[2024-04-08 16:59:40,544] {processor.py:153} INFO - Started process (PID=5945) to work on /opt/conda/lib/python3.8/site-packages/airflow/example_dags/example_subdag_operator.py
[2024-04-08 16:59:40,546] {processor.py:641} INFO - Processing file /opt/conda/lib/python3.8/site-packages/airflow/example_dags/example_subdag_operator.py for tasks to queue
[2024-04-08 16:59:40,547] {logging_mixin.py:115} INFO - [2024-04-08 16:59:40,546] {dagbag.py:508} INFO - Filling up the DagBag from /opt/conda/lib/python3.8/site-packages/airflow/example_dags/example_subdag_operator.py
[2024-04-08 16:59:40,571] {processor.py:651} INFO - DAG(s) dict_keys(['example_subdag_operator.section-1', 'example_subdag_operator.section-2', 'example_subdag_operator']) retrieved from /opt/conda/lib/python3.8/site-packages/airflow/example_dags/example_subdag_operator.py
[2024-04-08 16:59:40,604] {logging_mixin.py:115} INFO - [2024-04-08 16:59:40,604] {dag.py:2420} INFO - Sync 3 DAGs
[2024-04-08 16:59:40,623] {logging_mixin.py:115} INFO - [2024-04-08 16:59:40,623] {dag.py:2968} INFO - Setting next_dagrun for example_subdag_operator to 2022-01-01T00:00:00+00:00, run_after=2022-01-01T00:00:00+00:00
[2024-04-08 16:59:40,623] {logging_mixin.py:115} INFO - [2024-04-08 16:59:40,623] {dag.py:2968} INFO - Setting next_dagrun for example_subdag_operator.section-1 to None, run_after=None
[2024-04-08 16:59:40,624] {logging_mixin.py:115} INFO - [2024-04-08 16:59:40,624] {dag.py:2968} INFO - Setting next_dagrun for example_subdag_operator.section-2 to None, run_after=None
[2024-04-08 16:59:40,629] {logging_mixin.py:115} INFO - [2024-04-08 16:59:40,629] {dag.py:2420} INFO - Sync 2 DAGs
[2024-04-08 16:59:40,633] {logging_mixin.py:115} INFO - [2024-04-08 16:59:40,633] {dag.py:2968} INFO - Setting next_dagrun for example_subdag_operator.section-1 to None, run_after=None
[2024-04-08 16:59:40,633] {logging_mixin.py:115} INFO - [2024-04-08 16:59:40,633] {dag.py:2968} INFO - Setting next_dagrun for example_subdag_operator.section-2 to None, run_after=None
[2024-04-08 16:59:40,657] {processor.py:161} INFO - Processing /opt/conda/lib/python3.8/site-packages/airflow/example_dags/example_subdag_operator.py took 0.116 seconds
[2024-04-08 17:01:05,938] {processor.py:153} INFO - Started process (PID=6171) to work on /opt/conda/lib/python3.8/site-packages/airflow/example_dags/example_subdag_operator.py
[2024-04-08 17:01:05,940] {processor.py:641} INFO - Processing file /opt/conda/lib/python3.8/site-packages/airflow/example_dags/example_subdag_operator.py for tasks to queue
[2024-04-08 17:01:05,940] {logging_mixin.py:115} INFO - [2024-04-08 17:01:05,940] {dagbag.py:508} INFO - Filling up the DagBag from /opt/conda/lib/python3.8/site-packages/airflow/example_dags/example_subdag_operator.py
[2024-04-08 17:01:05,964] {processor.py:651} INFO - DAG(s) dict_keys(['example_subdag_operator.section-1', 'example_subdag_operator.section-2', 'example_subdag_operator']) retrieved from /opt/conda/lib/python3.8/site-packages/airflow/example_dags/example_subdag_operator.py
[2024-04-08 17:01:05,989] {logging_mixin.py:115} INFO - [2024-04-08 17:01:05,989] {dag.py:2420} INFO - Sync 3 DAGs
[2024-04-08 17:01:06,003] {logging_mixin.py:115} INFO - [2024-04-08 17:01:06,003] {dag.py:2968} INFO - Setting next_dagrun for example_subdag_operator to 2022-01-01T00:00:00+00:00, run_after=2022-01-01T00:00:00+00:00
[2024-04-08 17:01:06,003] {logging_mixin.py:115} INFO - [2024-04-08 17:01:06,003] {dag.py:2968} INFO - Setting next_dagrun for example_subdag_operator.section-1 to None, run_after=None
[2024-04-08 17:01:06,004] {logging_mixin.py:115} INFO - [2024-04-08 17:01:06,004] {dag.py:2968} INFO - Setting next_dagrun for example_subdag_operator.section-2 to None, run_after=None
[2024-04-08 17:01:06,008] {logging_mixin.py:115} INFO - [2024-04-08 17:01:06,008] {dag.py:2420} INFO - Sync 2 DAGs
[2024-04-08 17:01:06,011] {logging_mixin.py:115} INFO - [2024-04-08 17:01:06,011] {dag.py:2968} INFO - Setting next_dagrun for example_subdag_operator.section-1 to None, run_after=None
[2024-04-08 17:01:06,011] {logging_mixin.py:115} INFO - [2024-04-08 17:01:06,011] {dag.py:2968} INFO - Setting next_dagrun for example_subdag_operator.section-2 to None, run_after=None
[2024-04-08 17:01:06,061] {processor.py:161} INFO - Processing /opt/conda/lib/python3.8/site-packages/airflow/example_dags/example_subdag_operator.py took 0.127 seconds
[2024-04-08 17:01:59,082] {processor.py:153} INFO - Started process (PID=6333) to work on /opt/conda/lib/python3.8/site-packages/airflow/example_dags/example_subdag_operator.py
[2024-04-08 17:01:59,084] {processor.py:641} INFO - Processing file /opt/conda/lib/python3.8/site-packages/airflow/example_dags/example_subdag_operator.py for tasks to queue
[2024-04-08 17:01:59,084] {logging_mixin.py:115} INFO - [2024-04-08 17:01:59,084] {dagbag.py:508} INFO - Filling up the DagBag from /opt/conda/lib/python3.8/site-packages/airflow/example_dags/example_subdag_operator.py
[2024-04-08 17:01:59,108] {processor.py:651} INFO - DAG(s) dict_keys(['example_subdag_operator.section-1', 'example_subdag_operator.section-2', 'example_subdag_operator']) retrieved from /opt/conda/lib/python3.8/site-packages/airflow/example_dags/example_subdag_operator.py
[2024-04-08 17:01:59,140] {logging_mixin.py:115} INFO - [2024-04-08 17:01:59,140] {dag.py:2420} INFO - Sync 3 DAGs
[2024-04-08 17:01:59,159] {logging_mixin.py:115} INFO - [2024-04-08 17:01:59,159] {dag.py:2968} INFO - Setting next_dagrun for example_subdag_operator to 2022-01-01T00:00:00+00:00, run_after=2022-01-01T00:00:00+00:00
[2024-04-08 17:01:59,159] {logging_mixin.py:115} INFO - [2024-04-08 17:01:59,159] {dag.py:2968} INFO - Setting next_dagrun for example_subdag_operator.section-1 to None, run_after=None
[2024-04-08 17:01:59,159] {logging_mixin.py:115} INFO - [2024-04-08 17:01:59,159] {dag.py:2968} INFO - Setting next_dagrun for example_subdag_operator.section-2 to None, run_after=None
[2024-04-08 17:01:59,164] {logging_mixin.py:115} INFO - [2024-04-08 17:01:59,164] {dag.py:2420} INFO - Sync 2 DAGs
[2024-04-08 17:01:59,167] {logging_mixin.py:115} INFO - [2024-04-08 17:01:59,167] {dag.py:2968} INFO - Setting next_dagrun for example_subdag_operator.section-1 to None, run_after=None
[2024-04-08 17:01:59,167] {logging_mixin.py:115} INFO - [2024-04-08 17:01:59,167] {dag.py:2968} INFO - Setting next_dagrun for example_subdag_operator.section-2 to None, run_after=None
[2024-04-08 17:01:59,184] {processor.py:161} INFO - Processing /opt/conda/lib/python3.8/site-packages/airflow/example_dags/example_subdag_operator.py took 0.106 seconds
[2024-04-08 17:02:45,760] {processor.py:153} INFO - Started process (PID=6550) to work on /opt/conda/lib/python3.8/site-packages/airflow/example_dags/example_subdag_operator.py
[2024-04-08 17:02:45,762] {processor.py:641} INFO - Processing file /opt/conda/lib/python3.8/site-packages/airflow/example_dags/example_subdag_operator.py for tasks to queue
[2024-04-08 17:02:45,763] {logging_mixin.py:115} INFO - [2024-04-08 17:02:45,762] {dagbag.py:508} INFO - Filling up the DagBag from /opt/conda/lib/python3.8/site-packages/airflow/example_dags/example_subdag_operator.py
[2024-04-08 17:02:45,786] {processor.py:651} INFO - DAG(s) dict_keys(['example_subdag_operator.section-1', 'example_subdag_operator.section-2', 'example_subdag_operator']) retrieved from /opt/conda/lib/python3.8/site-packages/airflow/example_dags/example_subdag_operator.py
[2024-04-08 17:02:45,818] {logging_mixin.py:115} INFO - [2024-04-08 17:02:45,818] {dag.py:2420} INFO - Sync 3 DAGs
[2024-04-08 17:02:45,837] {logging_mixin.py:115} INFO - [2024-04-08 17:02:45,837] {dag.py:2968} INFO - Setting next_dagrun for example_subdag_operator to 2022-01-01T00:00:00+00:00, run_after=2022-01-01T00:00:00+00:00
[2024-04-08 17:02:45,838] {logging_mixin.py:115} INFO - [2024-04-08 17:02:45,838] {dag.py:2968} INFO - Setting next_dagrun for example_subdag_operator.section-1 to None, run_after=None
[2024-04-08 17:02:45,838] {logging_mixin.py:115} INFO - [2024-04-08 17:02:45,838] {dag.py:2968} INFO - Setting next_dagrun for example_subdag_operator.section-2 to None, run_after=None
[2024-04-08 17:02:45,844] {logging_mixin.py:115} INFO - [2024-04-08 17:02:45,844] {dag.py:2420} INFO - Sync 2 DAGs
[2024-04-08 17:02:45,848] {logging_mixin.py:115} INFO - [2024-04-08 17:02:45,848] {dag.py:2968} INFO - Setting next_dagrun for example_subdag_operator.section-1 to None, run_after=None
[2024-04-08 17:02:45,848] {logging_mixin.py:115} INFO - [2024-04-08 17:02:45,848] {dag.py:2968} INFO - Setting next_dagrun for example_subdag_operator.section-2 to None, run_after=None
[2024-04-08 17:02:45,867] {processor.py:161} INFO - Processing /opt/conda/lib/python3.8/site-packages/airflow/example_dags/example_subdag_operator.py took 0.110 seconds
