[2024-04-08 16:48:59,972] {processor.py:153} INFO - Started process (PID=4295) to work on /opt/conda/lib/python3.8/site-packages/airflow/example_dags/example_branch_python_dop_operator_3.py
[2024-04-08 16:48:59,973] {processor.py:641} INFO - Processing file /opt/conda/lib/python3.8/site-packages/airflow/example_dags/example_branch_python_dop_operator_3.py for tasks to queue
[2024-04-08 16:48:59,973] {logging_mixin.py:115} INFO - [2024-04-08 16:48:59,973] {dagbag.py:508} INFO - Filling up the DagBag from /opt/conda/lib/python3.8/site-packages/airflow/example_dags/example_branch_python_dop_operator_3.py
[2024-04-08 16:48:59,983] {processor.py:651} INFO - DAG(s) dict_keys(['example_branch_dop_operator_v3']) retrieved from /opt/conda/lib/python3.8/site-packages/airflow/example_dags/example_branch_python_dop_operator_3.py
[2024-04-08 16:48:59,998] {logging_mixin.py:115} INFO - [2024-04-08 16:48:59,998] {dag.py:2420} INFO - Sync 1 DAGs
[2024-04-08 16:49:00,017] {logging_mixin.py:115} INFO - [2024-04-08 16:49:00,017] {dag.py:2968} INFO - Setting next_dagrun for example_branch_dop_operator_v3 to 2024-04-08T16:48:00+00:00, run_after=2024-04-08T16:49:00+00:00
[2024-04-08 16:49:00,036] {processor.py:161} INFO - Processing /opt/conda/lib/python3.8/site-packages/airflow/example_dags/example_branch_python_dop_operator_3.py took 0.067 seconds
[2024-04-08 16:49:55,184] {processor.py:153} INFO - Started process (PID=4416) to work on /opt/conda/lib/python3.8/site-packages/airflow/example_dags/example_branch_python_dop_operator_3.py
[2024-04-08 16:49:55,186] {processor.py:641} INFO - Processing file /opt/conda/lib/python3.8/site-packages/airflow/example_dags/example_branch_python_dop_operator_3.py for tasks to queue
[2024-04-08 16:49:55,187] {logging_mixin.py:115} INFO - [2024-04-08 16:49:55,187] {dagbag.py:508} INFO - Filling up the DagBag from /opt/conda/lib/python3.8/site-packages/airflow/example_dags/example_branch_python_dop_operator_3.py
[2024-04-08 16:49:55,199] {processor.py:651} INFO - DAG(s) dict_keys(['example_branch_dop_operator_v3']) retrieved from /opt/conda/lib/python3.8/site-packages/airflow/example_dags/example_branch_python_dop_operator_3.py
[2024-04-08 16:49:55,218] {logging_mixin.py:115} INFO - [2024-04-08 16:49:55,218] {dag.py:2420} INFO - Sync 1 DAGs
[2024-04-08 16:49:55,241] {logging_mixin.py:115} INFO - [2024-04-08 16:49:55,241] {dag.py:2968} INFO - Setting next_dagrun for example_branch_dop_operator_v3 to 2024-04-08T16:48:00+00:00, run_after=2024-04-08T16:49:00+00:00
[2024-04-08 16:49:55,289] {processor.py:161} INFO - Processing /opt/conda/lib/python3.8/site-packages/airflow/example_dags/example_branch_python_dop_operator_3.py took 0.109 seconds
[2024-04-08 16:50:49,602] {processor.py:153} INFO - Started process (PID=4537) to work on /opt/conda/lib/python3.8/site-packages/airflow/example_dags/example_branch_python_dop_operator_3.py
[2024-04-08 16:50:49,604] {processor.py:641} INFO - Processing file /opt/conda/lib/python3.8/site-packages/airflow/example_dags/example_branch_python_dop_operator_3.py for tasks to queue
[2024-04-08 16:50:49,605] {logging_mixin.py:115} INFO - [2024-04-08 16:50:49,605] {dagbag.py:508} INFO - Filling up the DagBag from /opt/conda/lib/python3.8/site-packages/airflow/example_dags/example_branch_python_dop_operator_3.py
[2024-04-08 16:50:49,616] {processor.py:651} INFO - DAG(s) dict_keys(['example_branch_dop_operator_v3']) retrieved from /opt/conda/lib/python3.8/site-packages/airflow/example_dags/example_branch_python_dop_operator_3.py
[2024-04-08 16:50:49,634] {logging_mixin.py:115} INFO - [2024-04-08 16:50:49,634] {dag.py:2420} INFO - Sync 1 DAGs
[2024-04-08 16:50:49,659] {logging_mixin.py:115} INFO - [2024-04-08 16:50:49,659] {dag.py:2968} INFO - Setting next_dagrun for example_branch_dop_operator_v3 to 2024-04-08T16:49:00+00:00, run_after=2024-04-08T16:50:00+00:00
[2024-04-08 16:50:49,680] {processor.py:161} INFO - Processing /opt/conda/lib/python3.8/site-packages/airflow/example_dags/example_branch_python_dop_operator_3.py took 0.081 seconds
[2024-04-08 16:51:41,612] {processor.py:153} INFO - Started process (PID=4655) to work on /opt/conda/lib/python3.8/site-packages/airflow/example_dags/example_branch_python_dop_operator_3.py
[2024-04-08 16:51:41,613] {processor.py:641} INFO - Processing file /opt/conda/lib/python3.8/site-packages/airflow/example_dags/example_branch_python_dop_operator_3.py for tasks to queue
[2024-04-08 16:51:41,614] {logging_mixin.py:115} INFO - [2024-04-08 16:51:41,614] {dagbag.py:508} INFO - Filling up the DagBag from /opt/conda/lib/python3.8/site-packages/airflow/example_dags/example_branch_python_dop_operator_3.py
[2024-04-08 16:51:41,624] {processor.py:651} INFO - DAG(s) dict_keys(['example_branch_dop_operator_v3']) retrieved from /opt/conda/lib/python3.8/site-packages/airflow/example_dags/example_branch_python_dop_operator_3.py
[2024-04-08 16:51:41,639] {logging_mixin.py:115} INFO - [2024-04-08 16:51:41,639] {dag.py:2420} INFO - Sync 1 DAGs
[2024-04-08 16:51:41,658] {logging_mixin.py:115} INFO - [2024-04-08 16:51:41,658] {dag.py:2968} INFO - Setting next_dagrun for example_branch_dop_operator_v3 to 2024-04-08T16:50:00+00:00, run_after=2024-04-08T16:51:00+00:00
[2024-04-08 16:51:41,678] {processor.py:161} INFO - Processing /opt/conda/lib/python3.8/site-packages/airflow/example_dags/example_branch_python_dop_operator_3.py took 0.069 seconds
[2024-04-08 16:52:34,773] {processor.py:153} INFO - Started process (PID=4773) to work on /opt/conda/lib/python3.8/site-packages/airflow/example_dags/example_branch_python_dop_operator_3.py
[2024-04-08 16:52:34,775] {processor.py:641} INFO - Processing file /opt/conda/lib/python3.8/site-packages/airflow/example_dags/example_branch_python_dop_operator_3.py for tasks to queue
[2024-04-08 16:52:34,775] {logging_mixin.py:115} INFO - [2024-04-08 16:52:34,775] {dagbag.py:508} INFO - Filling up the DagBag from /opt/conda/lib/python3.8/site-packages/airflow/example_dags/example_branch_python_dop_operator_3.py
[2024-04-08 16:52:34,787] {processor.py:651} INFO - DAG(s) dict_keys(['example_branch_dop_operator_v3']) retrieved from /opt/conda/lib/python3.8/site-packages/airflow/example_dags/example_branch_python_dop_operator_3.py
[2024-04-08 16:52:34,807] {logging_mixin.py:115} INFO - [2024-04-08 16:52:34,807] {dag.py:2420} INFO - Sync 1 DAGs
[2024-04-08 16:52:34,830] {logging_mixin.py:115} INFO - [2024-04-08 16:52:34,830] {dag.py:2968} INFO - Setting next_dagrun for example_branch_dop_operator_v3 to 2024-04-08T16:51:00+00:00, run_after=2024-04-08T16:52:00+00:00
[2024-04-08 16:52:34,874] {processor.py:161} INFO - Processing /opt/conda/lib/python3.8/site-packages/airflow/example_dags/example_branch_python_dop_operator_3.py took 0.105 seconds
[2024-04-08 16:53:25,379] {processor.py:153} INFO - Started process (PID=4891) to work on /opt/conda/lib/python3.8/site-packages/airflow/example_dags/example_branch_python_dop_operator_3.py
[2024-04-08 16:53:25,380] {processor.py:641} INFO - Processing file /opt/conda/lib/python3.8/site-packages/airflow/example_dags/example_branch_python_dop_operator_3.py for tasks to queue
[2024-04-08 16:53:25,381] {logging_mixin.py:115} INFO - [2024-04-08 16:53:25,381] {dagbag.py:508} INFO - Filling up the DagBag from /opt/conda/lib/python3.8/site-packages/airflow/example_dags/example_branch_python_dop_operator_3.py
[2024-04-08 16:53:25,391] {processor.py:651} INFO - DAG(s) dict_keys(['example_branch_dop_operator_v3']) retrieved from /opt/conda/lib/python3.8/site-packages/airflow/example_dags/example_branch_python_dop_operator_3.py
[2024-04-08 16:53:25,407] {logging_mixin.py:115} INFO - [2024-04-08 16:53:25,407] {dag.py:2420} INFO - Sync 1 DAGs
[2024-04-08 16:53:25,426] {logging_mixin.py:115} INFO - [2024-04-08 16:53:25,426] {dag.py:2968} INFO - Setting next_dagrun for example_branch_dop_operator_v3 to 2024-04-08T16:52:00+00:00, run_after=2024-04-08T16:53:00+00:00
[2024-04-08 16:53:25,458] {processor.py:161} INFO - Processing /opt/conda/lib/python3.8/site-packages/airflow/example_dags/example_branch_python_dop_operator_3.py took 0.083 seconds
[2024-04-08 16:54:14,671] {processor.py:153} INFO - Started process (PID=5008) to work on /opt/conda/lib/python3.8/site-packages/airflow/example_dags/example_branch_python_dop_operator_3.py
[2024-04-08 16:54:14,673] {processor.py:641} INFO - Processing file /opt/conda/lib/python3.8/site-packages/airflow/example_dags/example_branch_python_dop_operator_3.py for tasks to queue
[2024-04-08 16:54:14,674] {logging_mixin.py:115} INFO - [2024-04-08 16:54:14,674] {dagbag.py:508} INFO - Filling up the DagBag from /opt/conda/lib/python3.8/site-packages/airflow/example_dags/example_branch_python_dop_operator_3.py
[2024-04-08 16:54:14,685] {processor.py:651} INFO - DAG(s) dict_keys(['example_branch_dop_operator_v3']) retrieved from /opt/conda/lib/python3.8/site-packages/airflow/example_dags/example_branch_python_dop_operator_3.py
[2024-04-08 16:54:14,703] {logging_mixin.py:115} INFO - [2024-04-08 16:54:14,703] {dag.py:2420} INFO - Sync 1 DAGs
[2024-04-08 16:54:14,728] {logging_mixin.py:115} INFO - [2024-04-08 16:54:14,727] {dag.py:2968} INFO - Setting next_dagrun for example_branch_dop_operator_v3 to 2024-04-08T16:53:00+00:00, run_after=2024-04-08T16:54:00+00:00
[2024-04-08 16:54:14,749] {processor.py:161} INFO - Processing /opt/conda/lib/python3.8/site-packages/airflow/example_dags/example_branch_python_dop_operator_3.py took 0.081 seconds
[2024-04-08 16:55:04,322] {processor.py:153} INFO - Started process (PID=5124) to work on /opt/conda/lib/python3.8/site-packages/airflow/example_dags/example_branch_python_dop_operator_3.py
[2024-04-08 16:55:04,324] {processor.py:641} INFO - Processing file /opt/conda/lib/python3.8/site-packages/airflow/example_dags/example_branch_python_dop_operator_3.py for tasks to queue
[2024-04-08 16:55:04,324] {logging_mixin.py:115} INFO - [2024-04-08 16:55:04,324] {dagbag.py:508} INFO - Filling up the DagBag from /opt/conda/lib/python3.8/site-packages/airflow/example_dags/example_branch_python_dop_operator_3.py
[2024-04-08 16:55:04,334] {processor.py:651} INFO - DAG(s) dict_keys(['example_branch_dop_operator_v3']) retrieved from /opt/conda/lib/python3.8/site-packages/airflow/example_dags/example_branch_python_dop_operator_3.py
[2024-04-08 16:55:04,350] {logging_mixin.py:115} INFO - [2024-04-08 16:55:04,350] {dag.py:2420} INFO - Sync 1 DAGs
[2024-04-08 16:55:04,368] {logging_mixin.py:115} INFO - [2024-04-08 16:55:04,368] {dag.py:2968} INFO - Setting next_dagrun for example_branch_dop_operator_v3 to 2024-04-08T16:54:00+00:00, run_after=2024-04-08T16:55:00+00:00
[2024-04-08 16:55:04,406] {processor.py:161} INFO - Processing /opt/conda/lib/python3.8/site-packages/airflow/example_dags/example_branch_python_dop_operator_3.py took 0.087 seconds
[2024-04-08 16:57:14,759] {processor.py:153} INFO - Started process (PID=5599) to work on /opt/conda/lib/python3.8/site-packages/airflow/example_dags/example_branch_python_dop_operator_3.py
[2024-04-08 16:57:14,761] {processor.py:641} INFO - Processing file /opt/conda/lib/python3.8/site-packages/airflow/example_dags/example_branch_python_dop_operator_3.py for tasks to queue
[2024-04-08 16:57:14,761] {logging_mixin.py:115} INFO - [2024-04-08 16:57:14,761] {dagbag.py:508} INFO - Filling up the DagBag from /opt/conda/lib/python3.8/site-packages/airflow/example_dags/example_branch_python_dop_operator_3.py
[2024-04-08 16:57:14,771] {processor.py:651} INFO - DAG(s) dict_keys(['example_branch_dop_operator_v3']) retrieved from /opt/conda/lib/python3.8/site-packages/airflow/example_dags/example_branch_python_dop_operator_3.py
[2024-04-08 16:57:14,786] {logging_mixin.py:115} INFO - [2024-04-08 16:57:14,786] {dag.py:2420} INFO - Sync 1 DAGs
[2024-04-08 16:57:14,805] {logging_mixin.py:115} INFO - [2024-04-08 16:57:14,805] {dag.py:2968} INFO - Setting next_dagrun for example_branch_dop_operator_v3 to 2024-04-08T16:56:00+00:00, run_after=2024-04-08T16:57:00+00:00
[2024-04-08 16:57:14,847] {processor.py:161} INFO - Processing /opt/conda/lib/python3.8/site-packages/airflow/example_dags/example_branch_python_dop_operator_3.py took 0.092 seconds
[2024-04-08 16:58:09,712] {processor.py:153} INFO - Started process (PID=5720) to work on /opt/conda/lib/python3.8/site-packages/airflow/example_dags/example_branch_python_dop_operator_3.py
[2024-04-08 16:58:09,714] {processor.py:641} INFO - Processing file /opt/conda/lib/python3.8/site-packages/airflow/example_dags/example_branch_python_dop_operator_3.py for tasks to queue
[2024-04-08 16:58:09,714] {logging_mixin.py:115} INFO - [2024-04-08 16:58:09,714] {dagbag.py:508} INFO - Filling up the DagBag from /opt/conda/lib/python3.8/site-packages/airflow/example_dags/example_branch_python_dop_operator_3.py
[2024-04-08 16:58:09,725] {processor.py:651} INFO - DAG(s) dict_keys(['example_branch_dop_operator_v3']) retrieved from /opt/conda/lib/python3.8/site-packages/airflow/example_dags/example_branch_python_dop_operator_3.py
[2024-04-08 16:58:09,743] {logging_mixin.py:115} INFO - [2024-04-08 16:58:09,743] {dag.py:2420} INFO - Sync 1 DAGs
[2024-04-08 16:58:09,768] {logging_mixin.py:115} INFO - [2024-04-08 16:58:09,768] {dag.py:2968} INFO - Setting next_dagrun for example_branch_dop_operator_v3 to 2024-04-08T16:57:00+00:00, run_after=2024-04-08T16:58:00+00:00
[2024-04-08 16:58:09,791] {processor.py:161} INFO - Processing /opt/conda/lib/python3.8/site-packages/airflow/example_dags/example_branch_python_dop_operator_3.py took 0.083 seconds
[2024-04-08 16:58:58,934] {processor.py:153} INFO - Started process (PID=5836) to work on /opt/conda/lib/python3.8/site-packages/airflow/example_dags/example_branch_python_dop_operator_3.py
[2024-04-08 16:58:58,936] {processor.py:641} INFO - Processing file /opt/conda/lib/python3.8/site-packages/airflow/example_dags/example_branch_python_dop_operator_3.py for tasks to queue
[2024-04-08 16:58:58,937] {logging_mixin.py:115} INFO - [2024-04-08 16:58:58,936] {dagbag.py:508} INFO - Filling up the DagBag from /opt/conda/lib/python3.8/site-packages/airflow/example_dags/example_branch_python_dop_operator_3.py
[2024-04-08 16:58:58,947] {processor.py:651} INFO - DAG(s) dict_keys(['example_branch_dop_operator_v3']) retrieved from /opt/conda/lib/python3.8/site-packages/airflow/example_dags/example_branch_python_dop_operator_3.py
[2024-04-08 16:58:58,964] {logging_mixin.py:115} INFO - [2024-04-08 16:58:58,964] {dag.py:2420} INFO - Sync 1 DAGs
[2024-04-08 16:58:58,983] {logging_mixin.py:115} INFO - [2024-04-08 16:58:58,983] {dag.py:2968} INFO - Setting next_dagrun for example_branch_dop_operator_v3 to 2024-04-08T16:57:00+00:00, run_after=2024-04-08T16:58:00+00:00
[2024-04-08 16:58:59,016] {processor.py:161} INFO - Processing /opt/conda/lib/python3.8/site-packages/airflow/example_dags/example_branch_python_dop_operator_3.py took 0.086 seconds
[2024-04-08 16:59:47,305] {processor.py:153} INFO - Started process (PID=5952) to work on /opt/conda/lib/python3.8/site-packages/airflow/example_dags/example_branch_python_dop_operator_3.py
[2024-04-08 16:59:47,307] {processor.py:641} INFO - Processing file /opt/conda/lib/python3.8/site-packages/airflow/example_dags/example_branch_python_dop_operator_3.py for tasks to queue
[2024-04-08 16:59:47,307] {logging_mixin.py:115} INFO - [2024-04-08 16:59:47,307] {dagbag.py:508} INFO - Filling up the DagBag from /opt/conda/lib/python3.8/site-packages/airflow/example_dags/example_branch_python_dop_operator_3.py
[2024-04-08 16:59:47,319] {processor.py:651} INFO - DAG(s) dict_keys(['example_branch_dop_operator_v3']) retrieved from /opt/conda/lib/python3.8/site-packages/airflow/example_dags/example_branch_python_dop_operator_3.py
[2024-04-08 16:59:47,339] {logging_mixin.py:115} INFO - [2024-04-08 16:59:47,338] {dag.py:2420} INFO - Sync 1 DAGs
[2024-04-08 16:59:47,364] {logging_mixin.py:115} INFO - [2024-04-08 16:59:47,364] {dag.py:2968} INFO - Setting next_dagrun for example_branch_dop_operator_v3 to 2024-04-08T16:58:00+00:00, run_after=2024-04-08T16:59:00+00:00
[2024-04-08 16:59:47,388] {processor.py:161} INFO - Processing /opt/conda/lib/python3.8/site-packages/airflow/example_dags/example_branch_python_dop_operator_3.py took 0.087 seconds
[2024-04-08 17:01:12,820] {processor.py:153} INFO - Started process (PID=6178) to work on /opt/conda/lib/python3.8/site-packages/airflow/example_dags/example_branch_python_dop_operator_3.py
[2024-04-08 17:01:12,822] {processor.py:641} INFO - Processing file /opt/conda/lib/python3.8/site-packages/airflow/example_dags/example_branch_python_dop_operator_3.py for tasks to queue
[2024-04-08 17:01:12,823] {logging_mixin.py:115} INFO - [2024-04-08 17:01:12,822] {dagbag.py:508} INFO - Filling up the DagBag from /opt/conda/lib/python3.8/site-packages/airflow/example_dags/example_branch_python_dop_operator_3.py
[2024-04-08 17:01:12,834] {processor.py:651} INFO - DAG(s) dict_keys(['example_branch_dop_operator_v3']) retrieved from /opt/conda/lib/python3.8/site-packages/airflow/example_dags/example_branch_python_dop_operator_3.py
[2024-04-08 17:01:12,854] {logging_mixin.py:115} INFO - [2024-04-08 17:01:12,854] {dag.py:2420} INFO - Sync 1 DAGs
[2024-04-08 17:01:12,879] {logging_mixin.py:115} INFO - [2024-04-08 17:01:12,879] {dag.py:2968} INFO - Setting next_dagrun for example_branch_dop_operator_v3 to 2024-04-08T17:00:00+00:00, run_after=2024-04-08T17:01:00+00:00
[2024-04-08 17:01:12,902] {processor.py:161} INFO - Processing /opt/conda/lib/python3.8/site-packages/airflow/example_dags/example_branch_python_dop_operator_3.py took 0.086 seconds
[2024-04-08 17:02:06,727] {processor.py:153} INFO - Started process (PID=6340) to work on /opt/conda/lib/python3.8/site-packages/airflow/example_dags/example_branch_python_dop_operator_3.py
[2024-04-08 17:02:06,729] {processor.py:641} INFO - Processing file /opt/conda/lib/python3.8/site-packages/airflow/example_dags/example_branch_python_dop_operator_3.py for tasks to queue
[2024-04-08 17:02:06,729] {logging_mixin.py:115} INFO - [2024-04-08 17:02:06,729] {dagbag.py:508} INFO - Filling up the DagBag from /opt/conda/lib/python3.8/site-packages/airflow/example_dags/example_branch_python_dop_operator_3.py
[2024-04-08 17:02:06,741] {processor.py:651} INFO - DAG(s) dict_keys(['example_branch_dop_operator_v3']) retrieved from /opt/conda/lib/python3.8/site-packages/airflow/example_dags/example_branch_python_dop_operator_3.py
[2024-04-08 17:02:06,760] {logging_mixin.py:115} INFO - [2024-04-08 17:02:06,760] {dag.py:2420} INFO - Sync 1 DAGs
[2024-04-08 17:02:06,781] {logging_mixin.py:115} INFO - [2024-04-08 17:02:06,781] {dag.py:2968} INFO - Setting next_dagrun for example_branch_dop_operator_v3 to 2024-04-08T17:01:00+00:00, run_after=2024-04-08T17:02:00+00:00
[2024-04-08 17:02:06,800] {processor.py:161} INFO - Processing /opt/conda/lib/python3.8/site-packages/airflow/example_dags/example_branch_python_dop_operator_3.py took 0.077 seconds
[2024-04-08 17:02:53,502] {processor.py:153} INFO - Started process (PID=6579) to work on /opt/conda/lib/python3.8/site-packages/airflow/example_dags/example_branch_python_dop_operator_3.py
[2024-04-08 17:02:53,504] {processor.py:641} INFO - Processing file /opt/conda/lib/python3.8/site-packages/airflow/example_dags/example_branch_python_dop_operator_3.py for tasks to queue
[2024-04-08 17:02:53,505] {logging_mixin.py:115} INFO - [2024-04-08 17:02:53,504] {dagbag.py:508} INFO - Filling up the DagBag from /opt/conda/lib/python3.8/site-packages/airflow/example_dags/example_branch_python_dop_operator_3.py
[2024-04-08 17:02:53,515] {processor.py:651} INFO - DAG(s) dict_keys(['example_branch_dop_operator_v3']) retrieved from /opt/conda/lib/python3.8/site-packages/airflow/example_dags/example_branch_python_dop_operator_3.py
[2024-04-08 17:02:53,530] {logging_mixin.py:115} INFO - [2024-04-08 17:02:53,530] {dag.py:2420} INFO - Sync 1 DAGs
[2024-04-08 17:02:53,549] {logging_mixin.py:115} INFO - [2024-04-08 17:02:53,549] {dag.py:2968} INFO - Setting next_dagrun for example_branch_dop_operator_v3 to 2024-04-08T17:01:00+00:00, run_after=2024-04-08T17:02:00+00:00
[2024-04-08 17:02:53,569] {processor.py:161} INFO - Processing /opt/conda/lib/python3.8/site-packages/airflow/example_dags/example_branch_python_dop_operator_3.py took 0.070 seconds
