[2024-04-08 16:48:54,851] {processor.py:153} INFO - Started process (PID=4290) to work on /opt/conda/lib/python3.8/site-packages/airflow/example_dags/example_skip_dag.py
[2024-04-08 16:48:54,852] {processor.py:641} INFO - Processing file /opt/conda/lib/python3.8/site-packages/airflow/example_dags/example_skip_dag.py for tasks to queue
[2024-04-08 16:48:54,852] {logging_mixin.py:115} INFO - [2024-04-08 16:48:54,852] {dagbag.py:508} INFO - Filling up the DagBag from /opt/conda/lib/python3.8/site-packages/airflow/example_dags/example_skip_dag.py
[2024-04-08 16:48:54,859] {processor.py:651} INFO - DAG(s) dict_keys(['example_skip_dag']) retrieved from /opt/conda/lib/python3.8/site-packages/airflow/example_dags/example_skip_dag.py
[2024-04-08 16:48:54,876] {logging_mixin.py:115} INFO - [2024-04-08 16:48:54,876] {dag.py:2420} INFO - Sync 1 DAGs
[2024-04-08 16:48:54,892] {logging_mixin.py:115} INFO - [2024-04-08 16:48:54,892] {dag.py:2968} INFO - Setting next_dagrun for example_skip_dag to 2024-04-07T16:48:54.891991+00:00, run_after=2024-04-08T16:48:54.891991+00:00
[2024-04-08 16:48:54,932] {processor.py:161} INFO - Processing /opt/conda/lib/python3.8/site-packages/airflow/example_dags/example_skip_dag.py took 0.084 seconds
[2024-04-08 16:49:49,451] {processor.py:153} INFO - Started process (PID=4411) to work on /opt/conda/lib/python3.8/site-packages/airflow/example_dags/example_skip_dag.py
[2024-04-08 16:49:49,453] {processor.py:641} INFO - Processing file /opt/conda/lib/python3.8/site-packages/airflow/example_dags/example_skip_dag.py for tasks to queue
[2024-04-08 16:49:49,454] {logging_mixin.py:115} INFO - [2024-04-08 16:49:49,454] {dagbag.py:508} INFO - Filling up the DagBag from /opt/conda/lib/python3.8/site-packages/airflow/example_dags/example_skip_dag.py
[2024-04-08 16:49:49,461] {processor.py:651} INFO - DAG(s) dict_keys(['example_skip_dag']) retrieved from /opt/conda/lib/python3.8/site-packages/airflow/example_dags/example_skip_dag.py
[2024-04-08 16:49:49,481] {logging_mixin.py:115} INFO - [2024-04-08 16:49:49,481] {dag.py:2420} INFO - Sync 1 DAGs
[2024-04-08 16:49:49,497] {logging_mixin.py:115} INFO - [2024-04-08 16:49:49,497] {dag.py:2968} INFO - Setting next_dagrun for example_skip_dag to 2024-04-07T16:49:49.497364+00:00, run_after=2024-04-08T16:49:49.497364+00:00
[2024-04-08 16:49:49,518] {processor.py:161} INFO - Processing /opt/conda/lib/python3.8/site-packages/airflow/example_dags/example_skip_dag.py took 0.070 seconds
[2024-04-08 16:50:44,408] {processor.py:153} INFO - Started process (PID=4532) to work on /opt/conda/lib/python3.8/site-packages/airflow/example_dags/example_skip_dag.py
[2024-04-08 16:50:44,410] {processor.py:641} INFO - Processing file /opt/conda/lib/python3.8/site-packages/airflow/example_dags/example_skip_dag.py for tasks to queue
[2024-04-08 16:50:44,411] {logging_mixin.py:115} INFO - [2024-04-08 16:50:44,411] {dagbag.py:508} INFO - Filling up the DagBag from /opt/conda/lib/python3.8/site-packages/airflow/example_dags/example_skip_dag.py
[2024-04-08 16:50:44,418] {processor.py:651} INFO - DAG(s) dict_keys(['example_skip_dag']) retrieved from /opt/conda/lib/python3.8/site-packages/airflow/example_dags/example_skip_dag.py
[2024-04-08 16:50:44,438] {logging_mixin.py:115} INFO - [2024-04-08 16:50:44,438] {dag.py:2420} INFO - Sync 1 DAGs
[2024-04-08 16:50:44,455] {logging_mixin.py:115} INFO - [2024-04-08 16:50:44,455] {dag.py:2968} INFO - Setting next_dagrun for example_skip_dag to 2024-04-07T16:50:44.454993+00:00, run_after=2024-04-08T16:50:44.454993+00:00
[2024-04-08 16:50:44,475] {processor.py:161} INFO - Processing /opt/conda/lib/python3.8/site-packages/airflow/example_dags/example_skip_dag.py took 0.071 seconds
[2024-04-08 16:51:36,229] {processor.py:153} INFO - Started process (PID=4650) to work on /opt/conda/lib/python3.8/site-packages/airflow/example_dags/example_skip_dag.py
[2024-04-08 16:51:36,231] {processor.py:641} INFO - Processing file /opt/conda/lib/python3.8/site-packages/airflow/example_dags/example_skip_dag.py for tasks to queue
[2024-04-08 16:51:36,232] {logging_mixin.py:115} INFO - [2024-04-08 16:51:36,232] {dagbag.py:508} INFO - Filling up the DagBag from /opt/conda/lib/python3.8/site-packages/airflow/example_dags/example_skip_dag.py
[2024-04-08 16:51:36,239] {processor.py:651} INFO - DAG(s) dict_keys(['example_skip_dag']) retrieved from /opt/conda/lib/python3.8/site-packages/airflow/example_dags/example_skip_dag.py
[2024-04-08 16:51:36,259] {logging_mixin.py:115} INFO - [2024-04-08 16:51:36,259] {dag.py:2420} INFO - Sync 1 DAGs
[2024-04-08 16:51:36,278] {logging_mixin.py:115} INFO - [2024-04-08 16:51:36,277] {dag.py:2968} INFO - Setting next_dagrun for example_skip_dag to 2024-04-07T16:51:36.277687+00:00, run_after=2024-04-08T16:51:36.277687+00:00
[2024-04-08 16:51:36,297] {processor.py:161} INFO - Processing /opt/conda/lib/python3.8/site-packages/airflow/example_dags/example_skip_dag.py took 0.073 seconds
[2024-04-08 16:52:29,340] {processor.py:153} INFO - Started process (PID=4768) to work on /opt/conda/lib/python3.8/site-packages/airflow/example_dags/example_skip_dag.py
[2024-04-08 16:52:29,342] {processor.py:641} INFO - Processing file /opt/conda/lib/python3.8/site-packages/airflow/example_dags/example_skip_dag.py for tasks to queue
[2024-04-08 16:52:29,342] {logging_mixin.py:115} INFO - [2024-04-08 16:52:29,342] {dagbag.py:508} INFO - Filling up the DagBag from /opt/conda/lib/python3.8/site-packages/airflow/example_dags/example_skip_dag.py
[2024-04-08 16:52:29,349] {processor.py:651} INFO - DAG(s) dict_keys(['example_skip_dag']) retrieved from /opt/conda/lib/python3.8/site-packages/airflow/example_dags/example_skip_dag.py
[2024-04-08 16:52:29,369] {logging_mixin.py:115} INFO - [2024-04-08 16:52:29,369] {dag.py:2420} INFO - Sync 1 DAGs
[2024-04-08 16:52:29,387] {logging_mixin.py:115} INFO - [2024-04-08 16:52:29,387] {dag.py:2968} INFO - Setting next_dagrun for example_skip_dag to 2024-04-07T16:52:29.387210+00:00, run_after=2024-04-08T16:52:29.387210+00:00
[2024-04-08 16:52:29,409] {processor.py:161} INFO - Processing /opt/conda/lib/python3.8/site-packages/airflow/example_dags/example_skip_dag.py took 0.073 seconds
[2024-04-08 16:53:20,187] {processor.py:153} INFO - Started process (PID=4886) to work on /opt/conda/lib/python3.8/site-packages/airflow/example_dags/example_skip_dag.py
[2024-04-08 16:53:20,188] {processor.py:641} INFO - Processing file /opt/conda/lib/python3.8/site-packages/airflow/example_dags/example_skip_dag.py for tasks to queue
[2024-04-08 16:53:20,189] {logging_mixin.py:115} INFO - [2024-04-08 16:53:20,189] {dagbag.py:508} INFO - Filling up the DagBag from /opt/conda/lib/python3.8/site-packages/airflow/example_dags/example_skip_dag.py
[2024-04-08 16:53:20,195] {processor.py:651} INFO - DAG(s) dict_keys(['example_skip_dag']) retrieved from /opt/conda/lib/python3.8/site-packages/airflow/example_dags/example_skip_dag.py
[2024-04-08 16:53:20,213] {logging_mixin.py:115} INFO - [2024-04-08 16:53:20,213] {dag.py:2420} INFO - Sync 1 DAGs
[2024-04-08 16:53:20,229] {logging_mixin.py:115} INFO - [2024-04-08 16:53:20,228] {dag.py:2968} INFO - Setting next_dagrun for example_skip_dag to 2024-04-07T16:53:20.228704+00:00, run_after=2024-04-08T16:53:20.228704+00:00
[2024-04-08 16:53:20,279] {processor.py:161} INFO - Processing /opt/conda/lib/python3.8/site-packages/airflow/example_dags/example_skip_dag.py took 0.096 seconds
[2024-04-08 16:54:09,603] {processor.py:153} INFO - Started process (PID=5003) to work on /opt/conda/lib/python3.8/site-packages/airflow/example_dags/example_skip_dag.py
[2024-04-08 16:54:09,605] {processor.py:641} INFO - Processing file /opt/conda/lib/python3.8/site-packages/airflow/example_dags/example_skip_dag.py for tasks to queue
[2024-04-08 16:54:09,606] {logging_mixin.py:115} INFO - [2024-04-08 16:54:09,606] {dagbag.py:508} INFO - Filling up the DagBag from /opt/conda/lib/python3.8/site-packages/airflow/example_dags/example_skip_dag.py
[2024-04-08 16:54:09,612] {processor.py:651} INFO - DAG(s) dict_keys(['example_skip_dag']) retrieved from /opt/conda/lib/python3.8/site-packages/airflow/example_dags/example_skip_dag.py
[2024-04-08 16:54:09,629] {logging_mixin.py:115} INFO - [2024-04-08 16:54:09,629] {dag.py:2420} INFO - Sync 1 DAGs
[2024-04-08 16:54:09,645] {logging_mixin.py:115} INFO - [2024-04-08 16:54:09,645] {dag.py:2968} INFO - Setting next_dagrun for example_skip_dag to 2024-04-07T16:54:09.645131+00:00, run_after=2024-04-08T16:54:09.645131+00:00
[2024-04-08 16:54:09,665] {processor.py:161} INFO - Processing /opt/conda/lib/python3.8/site-packages/airflow/example_dags/example_skip_dag.py took 0.066 seconds
[2024-04-08 16:54:59,124] {processor.py:153} INFO - Started process (PID=5119) to work on /opt/conda/lib/python3.8/site-packages/airflow/example_dags/example_skip_dag.py
[2024-04-08 16:54:59,126] {processor.py:641} INFO - Processing file /opt/conda/lib/python3.8/site-packages/airflow/example_dags/example_skip_dag.py for tasks to queue
[2024-04-08 16:54:59,126] {logging_mixin.py:115} INFO - [2024-04-08 16:54:59,126] {dagbag.py:508} INFO - Filling up the DagBag from /opt/conda/lib/python3.8/site-packages/airflow/example_dags/example_skip_dag.py
[2024-04-08 16:54:59,132] {processor.py:651} INFO - DAG(s) dict_keys(['example_skip_dag']) retrieved from /opt/conda/lib/python3.8/site-packages/airflow/example_dags/example_skip_dag.py
[2024-04-08 16:54:59,151] {logging_mixin.py:115} INFO - [2024-04-08 16:54:59,151] {dag.py:2420} INFO - Sync 1 DAGs
[2024-04-08 16:54:59,169] {logging_mixin.py:115} INFO - [2024-04-08 16:54:59,169] {dag.py:2968} INFO - Setting next_dagrun for example_skip_dag to 2024-04-07T16:54:59.169188+00:00, run_after=2024-04-08T16:54:59.169188+00:00
[2024-04-08 16:54:59,192] {processor.py:161} INFO - Processing /opt/conda/lib/python3.8/site-packages/airflow/example_dags/example_skip_dag.py took 0.071 seconds
[2024-04-08 16:57:09,478] {processor.py:153} INFO - Started process (PID=5594) to work on /opt/conda/lib/python3.8/site-packages/airflow/example_dags/example_skip_dag.py
[2024-04-08 16:57:09,480] {processor.py:641} INFO - Processing file /opt/conda/lib/python3.8/site-packages/airflow/example_dags/example_skip_dag.py for tasks to queue
[2024-04-08 16:57:09,481] {logging_mixin.py:115} INFO - [2024-04-08 16:57:09,481] {dagbag.py:508} INFO - Filling up the DagBag from /opt/conda/lib/python3.8/site-packages/airflow/example_dags/example_skip_dag.py
[2024-04-08 16:57:09,486] {processor.py:651} INFO - DAG(s) dict_keys(['example_skip_dag']) retrieved from /opt/conda/lib/python3.8/site-packages/airflow/example_dags/example_skip_dag.py
[2024-04-08 16:57:09,503] {logging_mixin.py:115} INFO - [2024-04-08 16:57:09,503] {dag.py:2420} INFO - Sync 1 DAGs
[2024-04-08 16:57:09,518] {logging_mixin.py:115} INFO - [2024-04-08 16:57:09,518] {dag.py:2968} INFO - Setting next_dagrun for example_skip_dag to 2024-04-07T16:57:09.518183+00:00, run_after=2024-04-08T16:57:09.518183+00:00
[2024-04-08 16:57:09,557] {processor.py:161} INFO - Processing /opt/conda/lib/python3.8/site-packages/airflow/example_dags/example_skip_dag.py took 0.082 seconds
[2024-04-08 16:58:04,496] {processor.py:153} INFO - Started process (PID=5715) to work on /opt/conda/lib/python3.8/site-packages/airflow/example_dags/example_skip_dag.py
[2024-04-08 16:58:04,497] {processor.py:641} INFO - Processing file /opt/conda/lib/python3.8/site-packages/airflow/example_dags/example_skip_dag.py for tasks to queue
[2024-04-08 16:58:04,498] {logging_mixin.py:115} INFO - [2024-04-08 16:58:04,498] {dagbag.py:508} INFO - Filling up the DagBag from /opt/conda/lib/python3.8/site-packages/airflow/example_dags/example_skip_dag.py
[2024-04-08 16:58:04,504] {processor.py:651} INFO - DAG(s) dict_keys(['example_skip_dag']) retrieved from /opt/conda/lib/python3.8/site-packages/airflow/example_dags/example_skip_dag.py
[2024-04-08 16:58:04,520] {logging_mixin.py:115} INFO - [2024-04-08 16:58:04,520] {dag.py:2420} INFO - Sync 1 DAGs
[2024-04-08 16:58:04,536] {logging_mixin.py:115} INFO - [2024-04-08 16:58:04,535] {dag.py:2968} INFO - Setting next_dagrun for example_skip_dag to 2024-04-07T16:58:04.535710+00:00, run_after=2024-04-08T16:58:04.535710+00:00
[2024-04-08 16:58:04,555] {processor.py:161} INFO - Processing /opt/conda/lib/python3.8/site-packages/airflow/example_dags/example_skip_dag.py took 0.063 seconds
[2024-04-08 16:58:54,935] {processor.py:153} INFO - Started process (PID=5831) to work on /opt/conda/lib/python3.8/site-packages/airflow/example_dags/example_skip_dag.py
[2024-04-08 16:58:54,937] {processor.py:641} INFO - Processing file /opt/conda/lib/python3.8/site-packages/airflow/example_dags/example_skip_dag.py for tasks to queue
[2024-04-08 16:58:54,938] {logging_mixin.py:115} INFO - [2024-04-08 16:58:54,938] {dagbag.py:508} INFO - Filling up the DagBag from /opt/conda/lib/python3.8/site-packages/airflow/example_dags/example_skip_dag.py
[2024-04-08 16:58:54,944] {processor.py:651} INFO - DAG(s) dict_keys(['example_skip_dag']) retrieved from /opt/conda/lib/python3.8/site-packages/airflow/example_dags/example_skip_dag.py
[2024-04-08 16:58:54,965] {logging_mixin.py:115} INFO - [2024-04-08 16:58:54,965] {dag.py:2420} INFO - Sync 1 DAGs
[2024-04-08 16:58:54,981] {logging_mixin.py:115} INFO - [2024-04-08 16:58:54,981] {dag.py:2968} INFO - Setting next_dagrun for example_skip_dag to 2024-04-07T16:58:54.981554+00:00, run_after=2024-04-08T16:58:54.981554+00:00
[2024-04-08 16:58:55,002] {processor.py:161} INFO - Processing /opt/conda/lib/python3.8/site-packages/airflow/example_dags/example_skip_dag.py took 0.071 seconds
[2024-04-08 16:59:42,100] {processor.py:153} INFO - Started process (PID=5947) to work on /opt/conda/lib/python3.8/site-packages/airflow/example_dags/example_skip_dag.py
[2024-04-08 16:59:42,102] {processor.py:641} INFO - Processing file /opt/conda/lib/python3.8/site-packages/airflow/example_dags/example_skip_dag.py for tasks to queue
[2024-04-08 16:59:42,102] {logging_mixin.py:115} INFO - [2024-04-08 16:59:42,102] {dagbag.py:508} INFO - Filling up the DagBag from /opt/conda/lib/python3.8/site-packages/airflow/example_dags/example_skip_dag.py
[2024-04-08 16:59:42,109] {processor.py:651} INFO - DAG(s) dict_keys(['example_skip_dag']) retrieved from /opt/conda/lib/python3.8/site-packages/airflow/example_dags/example_skip_dag.py
[2024-04-08 16:59:42,128] {logging_mixin.py:115} INFO - [2024-04-08 16:59:42,128] {dag.py:2420} INFO - Sync 1 DAGs
[2024-04-08 16:59:42,148] {logging_mixin.py:115} INFO - [2024-04-08 16:59:42,148] {dag.py:2968} INFO - Setting next_dagrun for example_skip_dag to 2024-04-07T16:59:42.148116+00:00, run_after=2024-04-08T16:59:42.148116+00:00
[2024-04-08 16:59:42,171] {processor.py:161} INFO - Processing /opt/conda/lib/python3.8/site-packages/airflow/example_dags/example_skip_dag.py took 0.075 seconds
[2024-04-08 17:01:07,512] {processor.py:153} INFO - Started process (PID=6173) to work on /opt/conda/lib/python3.8/site-packages/airflow/example_dags/example_skip_dag.py
[2024-04-08 17:01:07,514] {processor.py:641} INFO - Processing file /opt/conda/lib/python3.8/site-packages/airflow/example_dags/example_skip_dag.py for tasks to queue
[2024-04-08 17:01:07,515] {logging_mixin.py:115} INFO - [2024-04-08 17:01:07,514] {dagbag.py:508} INFO - Filling up the DagBag from /opt/conda/lib/python3.8/site-packages/airflow/example_dags/example_skip_dag.py
[2024-04-08 17:01:07,520] {processor.py:651} INFO - DAG(s) dict_keys(['example_skip_dag']) retrieved from /opt/conda/lib/python3.8/site-packages/airflow/example_dags/example_skip_dag.py
[2024-04-08 17:01:07,537] {logging_mixin.py:115} INFO - [2024-04-08 17:01:07,537] {dag.py:2420} INFO - Sync 1 DAGs
[2024-04-08 17:01:07,552] {logging_mixin.py:115} INFO - [2024-04-08 17:01:07,552] {dag.py:2968} INFO - Setting next_dagrun for example_skip_dag to 2024-04-07T17:01:07.552073+00:00, run_after=2024-04-08T17:01:07.552073+00:00
[2024-04-08 17:01:07,572] {processor.py:161} INFO - Processing /opt/conda/lib/python3.8/site-packages/airflow/example_dags/example_skip_dag.py took 0.063 seconds
[2024-04-08 17:02:01,517] {processor.py:153} INFO - Started process (PID=6335) to work on /opt/conda/lib/python3.8/site-packages/airflow/example_dags/example_skip_dag.py
[2024-04-08 17:02:01,520] {processor.py:641} INFO - Processing file /opt/conda/lib/python3.8/site-packages/airflow/example_dags/example_skip_dag.py for tasks to queue
[2024-04-08 17:02:01,520] {logging_mixin.py:115} INFO - [2024-04-08 17:02:01,520] {dagbag.py:508} INFO - Filling up the DagBag from /opt/conda/lib/python3.8/site-packages/airflow/example_dags/example_skip_dag.py
[2024-04-08 17:02:01,527] {processor.py:651} INFO - DAG(s) dict_keys(['example_skip_dag']) retrieved from /opt/conda/lib/python3.8/site-packages/airflow/example_dags/example_skip_dag.py
[2024-04-08 17:02:01,547] {logging_mixin.py:115} INFO - [2024-04-08 17:02:01,547] {dag.py:2420} INFO - Sync 1 DAGs
[2024-04-08 17:02:01,566] {logging_mixin.py:115} INFO - [2024-04-08 17:02:01,566] {dag.py:2968} INFO - Setting next_dagrun for example_skip_dag to 2024-04-07T17:02:01.566630+00:00, run_after=2024-04-08T17:02:01.566630+00:00
[2024-04-08 17:02:01,593] {processor.py:161} INFO - Processing /opt/conda/lib/python3.8/site-packages/airflow/example_dags/example_skip_dag.py took 0.080 seconds
[2024-04-08 17:02:48,197] {processor.py:153} INFO - Started process (PID=6572) to work on /opt/conda/lib/python3.8/site-packages/airflow/example_dags/example_skip_dag.py
[2024-04-08 17:02:48,198] {processor.py:641} INFO - Processing file /opt/conda/lib/python3.8/site-packages/airflow/example_dags/example_skip_dag.py for tasks to queue
[2024-04-08 17:02:48,199] {logging_mixin.py:115} INFO - [2024-04-08 17:02:48,198] {dagbag.py:508} INFO - Filling up the DagBag from /opt/conda/lib/python3.8/site-packages/airflow/example_dags/example_skip_dag.py
[2024-04-08 17:02:48,205] {processor.py:651} INFO - DAG(s) dict_keys(['example_skip_dag']) retrieved from /opt/conda/lib/python3.8/site-packages/airflow/example_dags/example_skip_dag.py
[2024-04-08 17:02:48,225] {logging_mixin.py:115} INFO - [2024-04-08 17:02:48,225] {dag.py:2420} INFO - Sync 1 DAGs
[2024-04-08 17:02:48,245] {logging_mixin.py:115} INFO - [2024-04-08 17:02:48,245] {dag.py:2968} INFO - Setting next_dagrun for example_skip_dag to 2024-04-07T17:02:48.245431+00:00, run_after=2024-04-08T17:02:48.245431+00:00
[2024-04-08 17:02:48,285] {processor.py:161} INFO - Processing /opt/conda/lib/python3.8/site-packages/airflow/example_dags/example_skip_dag.py took 0.093 seconds
