[2024-04-08 16:48:55,348] {processor.py:153} INFO - Started process (PID=4291) to work on /opt/conda/lib/python3.8/site-packages/airflow/example_dags/example_xcom.py
[2024-04-08 16:48:55,349] {processor.py:641} INFO - Processing file /opt/conda/lib/python3.8/site-packages/airflow/example_dags/example_xcom.py for tasks to queue
[2024-04-08 16:48:55,349] {logging_mixin.py:115} INFO - [2024-04-08 16:48:55,349] {dagbag.py:508} INFO - Filling up the DagBag from /opt/conda/lib/python3.8/site-packages/airflow/example_dags/example_xcom.py
[2024-04-08 16:48:55,371] {processor.py:651} INFO - DAG(s) dict_keys(['example_xcom']) retrieved from /opt/conda/lib/python3.8/site-packages/airflow/example_dags/example_xcom.py
[2024-04-08 16:48:55,419] {logging_mixin.py:115} INFO - [2024-04-08 16:48:55,419] {dag.py:2420} INFO - Sync 1 DAGs
[2024-04-08 16:48:55,437] {logging_mixin.py:115} INFO - [2024-04-08 16:48:55,437] {dag.py:2968} INFO - Setting next_dagrun for example_xcom to 2021-01-01T00:00:00+00:00, run_after=2021-01-01T00:00:00+00:00
[2024-04-08 16:48:55,486] {processor.py:161} INFO - Processing /opt/conda/lib/python3.8/site-packages/airflow/example_dags/example_xcom.py took 0.141 seconds
[2024-04-08 16:49:50,270] {processor.py:153} INFO - Started process (PID=4412) to work on /opt/conda/lib/python3.8/site-packages/airflow/example_dags/example_xcom.py
[2024-04-08 16:49:50,272] {processor.py:641} INFO - Processing file /opt/conda/lib/python3.8/site-packages/airflow/example_dags/example_xcom.py for tasks to queue
[2024-04-08 16:49:50,272] {logging_mixin.py:115} INFO - [2024-04-08 16:49:50,272] {dagbag.py:508} INFO - Filling up the DagBag from /opt/conda/lib/python3.8/site-packages/airflow/example_dags/example_xcom.py
[2024-04-08 16:49:50,292] {processor.py:651} INFO - DAG(s) dict_keys(['example_xcom']) retrieved from /opt/conda/lib/python3.8/site-packages/airflow/example_dags/example_xcom.py
[2024-04-08 16:49:50,328] {logging_mixin.py:115} INFO - [2024-04-08 16:49:50,328] {dag.py:2420} INFO - Sync 1 DAGs
[2024-04-08 16:49:50,341] {logging_mixin.py:115} INFO - [2024-04-08 16:49:50,341] {dag.py:2968} INFO - Setting next_dagrun for example_xcom to 2021-01-01T00:00:00+00:00, run_after=2021-01-01T00:00:00+00:00
[2024-04-08 16:49:50,361] {processor.py:161} INFO - Processing /opt/conda/lib/python3.8/site-packages/airflow/example_dags/example_xcom.py took 0.094 seconds
[2024-04-08 16:50:45,605] {processor.py:153} INFO - Started process (PID=4533) to work on /opt/conda/lib/python3.8/site-packages/airflow/example_dags/example_xcom.py
[2024-04-08 16:50:45,607] {processor.py:641} INFO - Processing file /opt/conda/lib/python3.8/site-packages/airflow/example_dags/example_xcom.py for tasks to queue
[2024-04-08 16:50:45,608] {logging_mixin.py:115} INFO - [2024-04-08 16:50:45,608] {dagbag.py:508} INFO - Filling up the DagBag from /opt/conda/lib/python3.8/site-packages/airflow/example_dags/example_xcom.py
[2024-04-08 16:50:45,630] {processor.py:651} INFO - DAG(s) dict_keys(['example_xcom']) retrieved from /opt/conda/lib/python3.8/site-packages/airflow/example_dags/example_xcom.py
[2024-04-08 16:50:45,673] {logging_mixin.py:115} INFO - [2024-04-08 16:50:45,673] {dag.py:2420} INFO - Sync 1 DAGs
[2024-04-08 16:50:45,687] {logging_mixin.py:115} INFO - [2024-04-08 16:50:45,687] {dag.py:2968} INFO - Setting next_dagrun for example_xcom to 2021-01-01T00:00:00+00:00, run_after=2021-01-01T00:00:00+00:00
[2024-04-08 16:50:45,729] {processor.py:161} INFO - Processing /opt/conda/lib/python3.8/site-packages/airflow/example_dags/example_xcom.py took 0.128 seconds
[2024-04-08 16:51:37,402] {processor.py:153} INFO - Started process (PID=4651) to work on /opt/conda/lib/python3.8/site-packages/airflow/example_dags/example_xcom.py
[2024-04-08 16:51:37,404] {processor.py:641} INFO - Processing file /opt/conda/lib/python3.8/site-packages/airflow/example_dags/example_xcom.py for tasks to queue
[2024-04-08 16:51:37,404] {logging_mixin.py:115} INFO - [2024-04-08 16:51:37,404] {dagbag.py:508} INFO - Filling up the DagBag from /opt/conda/lib/python3.8/site-packages/airflow/example_dags/example_xcom.py
[2024-04-08 16:51:37,424] {processor.py:651} INFO - DAG(s) dict_keys(['example_xcom']) retrieved from /opt/conda/lib/python3.8/site-packages/airflow/example_dags/example_xcom.py
[2024-04-08 16:51:37,438] {logging_mixin.py:115} INFO - [2024-04-08 16:51:37,438] {dag.py:2420} INFO - Sync 1 DAGs
[2024-04-08 16:51:37,452] {logging_mixin.py:115} INFO - [2024-04-08 16:51:37,452] {dag.py:2968} INFO - Setting next_dagrun for example_xcom to 2021-01-01T00:00:00+00:00, run_after=2021-01-01T00:00:00+00:00
[2024-04-08 16:51:37,480] {processor.py:161} INFO - Processing /opt/conda/lib/python3.8/site-packages/airflow/example_dags/example_xcom.py took 0.082 seconds
[2024-04-08 16:52:30,508] {processor.py:153} INFO - Started process (PID=4769) to work on /opt/conda/lib/python3.8/site-packages/airflow/example_dags/example_xcom.py
[2024-04-08 16:52:30,509] {processor.py:641} INFO - Processing file /opt/conda/lib/python3.8/site-packages/airflow/example_dags/example_xcom.py for tasks to queue
[2024-04-08 16:52:30,510] {logging_mixin.py:115} INFO - [2024-04-08 16:52:30,510] {dagbag.py:508} INFO - Filling up the DagBag from /opt/conda/lib/python3.8/site-packages/airflow/example_dags/example_xcom.py
[2024-04-08 16:52:30,533] {processor.py:651} INFO - DAG(s) dict_keys(['example_xcom']) retrieved from /opt/conda/lib/python3.8/site-packages/airflow/example_dags/example_xcom.py
[2024-04-08 16:52:30,575] {logging_mixin.py:115} INFO - [2024-04-08 16:52:30,575] {dag.py:2420} INFO - Sync 1 DAGs
[2024-04-08 16:52:30,589] {logging_mixin.py:115} INFO - [2024-04-08 16:52:30,589] {dag.py:2968} INFO - Setting next_dagrun for example_xcom to 2021-01-01T00:00:00+00:00, run_after=2021-01-01T00:00:00+00:00
[2024-04-08 16:52:30,611] {processor.py:161} INFO - Processing /opt/conda/lib/python3.8/site-packages/airflow/example_dags/example_xcom.py took 0.108 seconds
[2024-04-08 16:53:20,839] {processor.py:153} INFO - Started process (PID=4887) to work on /opt/conda/lib/python3.8/site-packages/airflow/example_dags/example_xcom.py
[2024-04-08 16:53:20,840] {processor.py:641} INFO - Processing file /opt/conda/lib/python3.8/site-packages/airflow/example_dags/example_xcom.py for tasks to queue
[2024-04-08 16:53:20,841] {logging_mixin.py:115} INFO - [2024-04-08 16:53:20,841] {dagbag.py:508} INFO - Filling up the DagBag from /opt/conda/lib/python3.8/site-packages/airflow/example_dags/example_xcom.py
[2024-04-08 16:53:20,860] {processor.py:651} INFO - DAG(s) dict_keys(['example_xcom']) retrieved from /opt/conda/lib/python3.8/site-packages/airflow/example_dags/example_xcom.py
[2024-04-08 16:53:20,896] {logging_mixin.py:115} INFO - [2024-04-08 16:53:20,896] {dag.py:2420} INFO - Sync 1 DAGs
[2024-04-08 16:53:20,908] {logging_mixin.py:115} INFO - [2024-04-08 16:53:20,908] {dag.py:2968} INFO - Setting next_dagrun for example_xcom to 2021-01-01T00:00:00+00:00, run_after=2021-01-01T00:00:00+00:00
[2024-04-08 16:53:20,956] {processor.py:161} INFO - Processing /opt/conda/lib/python3.8/site-packages/airflow/example_dags/example_xcom.py took 0.121 seconds
[2024-04-08 16:54:10,301] {processor.py:153} INFO - Started process (PID=5004) to work on /opt/conda/lib/python3.8/site-packages/airflow/example_dags/example_xcom.py
[2024-04-08 16:54:10,302] {processor.py:641} INFO - Processing file /opt/conda/lib/python3.8/site-packages/airflow/example_dags/example_xcom.py for tasks to queue
[2024-04-08 16:54:10,303] {logging_mixin.py:115} INFO - [2024-04-08 16:54:10,303] {dagbag.py:508} INFO - Filling up the DagBag from /opt/conda/lib/python3.8/site-packages/airflow/example_dags/example_xcom.py
[2024-04-08 16:54:10,325] {processor.py:651} INFO - DAG(s) dict_keys(['example_xcom']) retrieved from /opt/conda/lib/python3.8/site-packages/airflow/example_dags/example_xcom.py
[2024-04-08 16:54:10,344] {logging_mixin.py:115} INFO - [2024-04-08 16:54:10,344] {dag.py:2420} INFO - Sync 1 DAGs
[2024-04-08 16:54:10,364] {logging_mixin.py:115} INFO - [2024-04-08 16:54:10,364] {dag.py:2968} INFO - Setting next_dagrun for example_xcom to 2021-01-01T00:00:00+00:00, run_after=2021-01-01T00:00:00+00:00
[2024-04-08 16:54:10,419] {processor.py:161} INFO - Processing /opt/conda/lib/python3.8/site-packages/airflow/example_dags/example_xcom.py took 0.123 seconds
[2024-04-08 16:55:00,324] {processor.py:153} INFO - Started process (PID=5120) to work on /opt/conda/lib/python3.8/site-packages/airflow/example_dags/example_xcom.py
[2024-04-08 16:55:00,326] {processor.py:641} INFO - Processing file /opt/conda/lib/python3.8/site-packages/airflow/example_dags/example_xcom.py for tasks to queue
[2024-04-08 16:55:00,326] {logging_mixin.py:115} INFO - [2024-04-08 16:55:00,326] {dagbag.py:508} INFO - Filling up the DagBag from /opt/conda/lib/python3.8/site-packages/airflow/example_dags/example_xcom.py
[2024-04-08 16:55:00,348] {processor.py:651} INFO - DAG(s) dict_keys(['example_xcom']) retrieved from /opt/conda/lib/python3.8/site-packages/airflow/example_dags/example_xcom.py
[2024-04-08 16:55:00,389] {logging_mixin.py:115} INFO - [2024-04-08 16:55:00,389] {dag.py:2420} INFO - Sync 1 DAGs
[2024-04-08 16:55:00,402] {logging_mixin.py:115} INFO - [2024-04-08 16:55:00,402] {dag.py:2968} INFO - Setting next_dagrun for example_xcom to 2021-01-01T00:00:00+00:00, run_after=2021-01-01T00:00:00+00:00
[2024-04-08 16:55:00,422] {processor.py:161} INFO - Processing /opt/conda/lib/python3.8/site-packages/airflow/example_dags/example_xcom.py took 0.102 seconds
[2024-04-08 16:57:09,955] {processor.py:153} INFO - Started process (PID=5595) to work on /opt/conda/lib/python3.8/site-packages/airflow/example_dags/example_xcom.py
[2024-04-08 16:57:09,957] {processor.py:641} INFO - Processing file /opt/conda/lib/python3.8/site-packages/airflow/example_dags/example_xcom.py for tasks to queue
[2024-04-08 16:57:09,957] {logging_mixin.py:115} INFO - [2024-04-08 16:57:09,957] {dagbag.py:508} INFO - Filling up the DagBag from /opt/conda/lib/python3.8/site-packages/airflow/example_dags/example_xcom.py
[2024-04-08 16:57:09,976] {processor.py:651} INFO - DAG(s) dict_keys(['example_xcom']) retrieved from /opt/conda/lib/python3.8/site-packages/airflow/example_dags/example_xcom.py
[2024-04-08 16:57:10,014] {logging_mixin.py:115} INFO - [2024-04-08 16:57:10,013] {dag.py:2420} INFO - Sync 1 DAGs
[2024-04-08 16:57:10,026] {logging_mixin.py:115} INFO - [2024-04-08 16:57:10,026] {dag.py:2968} INFO - Setting next_dagrun for example_xcom to 2021-01-01T00:00:00+00:00, run_after=2021-01-01T00:00:00+00:00
[2024-04-08 16:57:10,067] {processor.py:161} INFO - Processing /opt/conda/lib/python3.8/site-packages/airflow/example_dags/example_xcom.py took 0.116 seconds
[2024-04-08 16:58:05,714] {processor.py:153} INFO - Started process (PID=5716) to work on /opt/conda/lib/python3.8/site-packages/airflow/example_dags/example_xcom.py
[2024-04-08 16:58:05,716] {processor.py:641} INFO - Processing file /opt/conda/lib/python3.8/site-packages/airflow/example_dags/example_xcom.py for tasks to queue
[2024-04-08 16:58:05,716] {logging_mixin.py:115} INFO - [2024-04-08 16:58:05,716] {dagbag.py:508} INFO - Filling up the DagBag from /opt/conda/lib/python3.8/site-packages/airflow/example_dags/example_xcom.py
[2024-04-08 16:58:05,736] {processor.py:651} INFO - DAG(s) dict_keys(['example_xcom']) retrieved from /opt/conda/lib/python3.8/site-packages/airflow/example_dags/example_xcom.py
[2024-04-08 16:58:05,775] {logging_mixin.py:115} INFO - [2024-04-08 16:58:05,775] {dag.py:2420} INFO - Sync 1 DAGs
[2024-04-08 16:58:05,787] {logging_mixin.py:115} INFO - [2024-04-08 16:58:05,787] {dag.py:2968} INFO - Setting next_dagrun for example_xcom to 2021-01-01T00:00:00+00:00, run_after=2021-01-01T00:00:00+00:00
[2024-04-08 16:58:05,853] {processor.py:161} INFO - Processing /opt/conda/lib/python3.8/site-packages/airflow/example_dags/example_xcom.py took 0.142 seconds
[2024-04-08 16:58:56,100] {processor.py:153} INFO - Started process (PID=5832) to work on /opt/conda/lib/python3.8/site-packages/airflow/example_dags/example_xcom.py
[2024-04-08 16:58:56,102] {processor.py:641} INFO - Processing file /opt/conda/lib/python3.8/site-packages/airflow/example_dags/example_xcom.py for tasks to queue
[2024-04-08 16:58:56,102] {logging_mixin.py:115} INFO - [2024-04-08 16:58:56,102] {dagbag.py:508} INFO - Filling up the DagBag from /opt/conda/lib/python3.8/site-packages/airflow/example_dags/example_xcom.py
[2024-04-08 16:58:56,121] {processor.py:651} INFO - DAG(s) dict_keys(['example_xcom']) retrieved from /opt/conda/lib/python3.8/site-packages/airflow/example_dags/example_xcom.py
[2024-04-08 16:58:56,135] {logging_mixin.py:115} INFO - [2024-04-08 16:58:56,135] {dag.py:2420} INFO - Sync 1 DAGs
[2024-04-08 16:58:56,149] {logging_mixin.py:115} INFO - [2024-04-08 16:58:56,149] {dag.py:2968} INFO - Setting next_dagrun for example_xcom to 2021-01-01T00:00:00+00:00, run_after=2021-01-01T00:00:00+00:00
[2024-04-08 16:58:56,169] {processor.py:161} INFO - Processing /opt/conda/lib/python3.8/site-packages/airflow/example_dags/example_xcom.py took 0.072 seconds
[2024-04-08 16:59:43,304] {processor.py:153} INFO - Started process (PID=5948) to work on /opt/conda/lib/python3.8/site-packages/airflow/example_dags/example_xcom.py
[2024-04-08 16:59:43,307] {processor.py:641} INFO - Processing file /opt/conda/lib/python3.8/site-packages/airflow/example_dags/example_xcom.py for tasks to queue
[2024-04-08 16:59:43,307] {logging_mixin.py:115} INFO - [2024-04-08 16:59:43,307] {dagbag.py:508} INFO - Filling up the DagBag from /opt/conda/lib/python3.8/site-packages/airflow/example_dags/example_xcom.py
[2024-04-08 16:59:43,329] {processor.py:651} INFO - DAG(s) dict_keys(['example_xcom']) retrieved from /opt/conda/lib/python3.8/site-packages/airflow/example_dags/example_xcom.py
[2024-04-08 16:59:43,376] {logging_mixin.py:115} INFO - [2024-04-08 16:59:43,375] {dag.py:2420} INFO - Sync 1 DAGs
[2024-04-08 16:59:43,389] {logging_mixin.py:115} INFO - [2024-04-08 16:59:43,389] {dag.py:2968} INFO - Setting next_dagrun for example_xcom to 2021-01-01T00:00:00+00:00, run_after=2021-01-01T00:00:00+00:00
[2024-04-08 16:59:43,410] {processor.py:161} INFO - Processing /opt/conda/lib/python3.8/site-packages/airflow/example_dags/example_xcom.py took 0.109 seconds
[2024-04-08 17:01:08,683] {processor.py:153} INFO - Started process (PID=6174) to work on /opt/conda/lib/python3.8/site-packages/airflow/example_dags/example_xcom.py
[2024-04-08 17:01:08,685] {processor.py:641} INFO - Processing file /opt/conda/lib/python3.8/site-packages/airflow/example_dags/example_xcom.py for tasks to queue
[2024-04-08 17:01:08,685] {logging_mixin.py:115} INFO - [2024-04-08 17:01:08,685] {dagbag.py:508} INFO - Filling up the DagBag from /opt/conda/lib/python3.8/site-packages/airflow/example_dags/example_xcom.py
[2024-04-08 17:01:08,706] {processor.py:651} INFO - DAG(s) dict_keys(['example_xcom']) retrieved from /opt/conda/lib/python3.8/site-packages/airflow/example_dags/example_xcom.py
[2024-04-08 17:01:08,755] {logging_mixin.py:115} INFO - [2024-04-08 17:01:08,755] {dag.py:2420} INFO - Sync 1 DAGs
[2024-04-08 17:01:08,767] {logging_mixin.py:115} INFO - [2024-04-08 17:01:08,767] {dag.py:2968} INFO - Setting next_dagrun for example_xcom to 2021-01-01T00:00:00+00:00, run_after=2021-01-01T00:00:00+00:00
[2024-04-08 17:01:08,788] {processor.py:161} INFO - Processing /opt/conda/lib/python3.8/site-packages/airflow/example_dags/example_xcom.py took 0.109 seconds
[2024-04-08 17:02:02,727] {processor.py:153} INFO - Started process (PID=6336) to work on /opt/conda/lib/python3.8/site-packages/airflow/example_dags/example_xcom.py
[2024-04-08 17:02:02,729] {processor.py:641} INFO - Processing file /opt/conda/lib/python3.8/site-packages/airflow/example_dags/example_xcom.py for tasks to queue
[2024-04-08 17:02:02,730] {logging_mixin.py:115} INFO - [2024-04-08 17:02:02,730] {dagbag.py:508} INFO - Filling up the DagBag from /opt/conda/lib/python3.8/site-packages/airflow/example_dags/example_xcom.py
[2024-04-08 17:02:02,752] {processor.py:651} INFO - DAG(s) dict_keys(['example_xcom']) retrieved from /opt/conda/lib/python3.8/site-packages/airflow/example_dags/example_xcom.py
[2024-04-08 17:02:02,769] {logging_mixin.py:115} INFO - [2024-04-08 17:02:02,769] {dag.py:2420} INFO - Sync 1 DAGs
[2024-04-08 17:02:02,784] {logging_mixin.py:115} INFO - [2024-04-08 17:02:02,784] {dag.py:2968} INFO - Setting next_dagrun for example_xcom to 2021-01-01T00:00:00+00:00, run_after=2021-01-01T00:00:00+00:00
[2024-04-08 17:02:02,815] {processor.py:161} INFO - Processing /opt/conda/lib/python3.8/site-packages/airflow/example_dags/example_xcom.py took 0.091 seconds
[2024-04-08 17:02:49,041] {processor.py:153} INFO - Started process (PID=6573) to work on /opt/conda/lib/python3.8/site-packages/airflow/example_dags/example_xcom.py
[2024-04-08 17:02:49,043] {processor.py:641} INFO - Processing file /opt/conda/lib/python3.8/site-packages/airflow/example_dags/example_xcom.py for tasks to queue
[2024-04-08 17:02:49,044] {logging_mixin.py:115} INFO - [2024-04-08 17:02:49,043] {dagbag.py:508} INFO - Filling up the DagBag from /opt/conda/lib/python3.8/site-packages/airflow/example_dags/example_xcom.py
[2024-04-08 17:02:49,066] {processor.py:651} INFO - DAG(s) dict_keys(['example_xcom']) retrieved from /opt/conda/lib/python3.8/site-packages/airflow/example_dags/example_xcom.py
[2024-04-08 17:02:49,117] {logging_mixin.py:115} INFO - [2024-04-08 17:02:49,117] {dag.py:2420} INFO - Sync 1 DAGs
[2024-04-08 17:02:49,134] {logging_mixin.py:115} INFO - [2024-04-08 17:02:49,134] {dag.py:2968} INFO - Setting next_dagrun for example_xcom to 2021-01-01T00:00:00+00:00, run_after=2021-01-01T00:00:00+00:00
[2024-04-08 17:02:49,190] {processor.py:161} INFO - Processing /opt/conda/lib/python3.8/site-packages/airflow/example_dags/example_xcom.py took 0.152 seconds
