[2024-04-08 16:48:49,259] {processor.py:153} INFO - Started process (PID=4284) to work on /opt/conda/lib/python3.8/site-packages/airflow/example_dags/example_bash_operator.py
[2024-04-08 16:48:49,259] {processor.py:641} INFO - Processing file /opt/conda/lib/python3.8/site-packages/airflow/example_dags/example_bash_operator.py for tasks to queue
[2024-04-08 16:48:49,260] {logging_mixin.py:115} INFO - [2024-04-08 16:48:49,260] {dagbag.py:508} INFO - Filling up the DagBag from /opt/conda/lib/python3.8/site-packages/airflow/example_dags/example_bash_operator.py
[2024-04-08 16:48:49,273] {processor.py:651} INFO - DAG(s) dict_keys(['example_bash_operator']) retrieved from /opt/conda/lib/python3.8/site-packages/airflow/example_dags/example_bash_operator.py
[2024-04-08 16:48:49,291] {logging_mixin.py:115} INFO - [2024-04-08 16:48:49,291] {dag.py:2420} INFO - Sync 1 DAGs
[2024-04-08 16:48:49,312] {logging_mixin.py:115} INFO - [2024-04-08 16:48:49,312] {dag.py:2968} INFO - Setting next_dagrun for example_bash_operator to 2024-04-07T00:00:00+00:00, run_after=2024-04-08T00:00:00+00:00
[2024-04-08 16:48:49,360] {processor.py:161} INFO - Processing /opt/conda/lib/python3.8/site-packages/airflow/example_dags/example_bash_operator.py took 0.105 seconds
[2024-04-08 16:49:42,628] {processor.py:153} INFO - Started process (PID=4405) to work on /opt/conda/lib/python3.8/site-packages/airflow/example_dags/example_bash_operator.py
[2024-04-08 16:49:42,630] {processor.py:641} INFO - Processing file /opt/conda/lib/python3.8/site-packages/airflow/example_dags/example_bash_operator.py for tasks to queue
[2024-04-08 16:49:42,631] {logging_mixin.py:115} INFO - [2024-04-08 16:49:42,630] {dagbag.py:508} INFO - Filling up the DagBag from /opt/conda/lib/python3.8/site-packages/airflow/example_dags/example_bash_operator.py
[2024-04-08 16:49:42,643] {processor.py:651} INFO - DAG(s) dict_keys(['example_bash_operator']) retrieved from /opt/conda/lib/python3.8/site-packages/airflow/example_dags/example_bash_operator.py
[2024-04-08 16:49:42,658] {logging_mixin.py:115} INFO - [2024-04-08 16:49:42,658] {dag.py:2420} INFO - Sync 1 DAGs
[2024-04-08 16:49:42,674] {logging_mixin.py:115} INFO - [2024-04-08 16:49:42,674] {dag.py:2968} INFO - Setting next_dagrun for example_bash_operator to 2024-04-07T00:00:00+00:00, run_after=2024-04-08T00:00:00+00:00
[2024-04-08 16:49:42,697] {processor.py:161} INFO - Processing /opt/conda/lib/python3.8/site-packages/airflow/example_dags/example_bash_operator.py took 0.073 seconds
[2024-04-08 16:50:35,183] {processor.py:153} INFO - Started process (PID=4523) to work on /opt/conda/lib/python3.8/site-packages/airflow/example_dags/example_bash_operator.py
[2024-04-08 16:50:35,185] {processor.py:641} INFO - Processing file /opt/conda/lib/python3.8/site-packages/airflow/example_dags/example_bash_operator.py for tasks to queue
[2024-04-08 16:50:35,185] {logging_mixin.py:115} INFO - [2024-04-08 16:50:35,185] {dagbag.py:508} INFO - Filling up the DagBag from /opt/conda/lib/python3.8/site-packages/airflow/example_dags/example_bash_operator.py
[2024-04-08 16:50:35,199] {processor.py:651} INFO - DAG(s) dict_keys(['example_bash_operator']) retrieved from /opt/conda/lib/python3.8/site-packages/airflow/example_dags/example_bash_operator.py
[2024-04-08 16:50:35,217] {logging_mixin.py:115} INFO - [2024-04-08 16:50:35,217] {dag.py:2420} INFO - Sync 1 DAGs
[2024-04-08 16:50:35,238] {logging_mixin.py:115} INFO - [2024-04-08 16:50:35,238] {dag.py:2968} INFO - Setting next_dagrun for example_bash_operator to 2024-04-07T00:00:00+00:00, run_after=2024-04-08T00:00:00+00:00
[2024-04-08 16:50:35,278] {processor.py:161} INFO - Processing /opt/conda/lib/python3.8/site-packages/airflow/example_dags/example_bash_operator.py took 0.099 seconds
[2024-04-08 16:51:24,901] {processor.py:153} INFO - Started process (PID=4640) to work on /opt/conda/lib/python3.8/site-packages/airflow/example_dags/example_bash_operator.py
[2024-04-08 16:51:24,903] {processor.py:641} INFO - Processing file /opt/conda/lib/python3.8/site-packages/airflow/example_dags/example_bash_operator.py for tasks to queue
[2024-04-08 16:51:24,903] {logging_mixin.py:115} INFO - [2024-04-08 16:51:24,903] {dagbag.py:508} INFO - Filling up the DagBag from /opt/conda/lib/python3.8/site-packages/airflow/example_dags/example_bash_operator.py
[2024-04-08 16:51:24,917] {processor.py:651} INFO - DAG(s) dict_keys(['example_bash_operator']) retrieved from /opt/conda/lib/python3.8/site-packages/airflow/example_dags/example_bash_operator.py
[2024-04-08 16:51:24,933] {logging_mixin.py:115} INFO - [2024-04-08 16:51:24,933] {dag.py:2420} INFO - Sync 1 DAGs
[2024-04-08 16:51:24,949] {logging_mixin.py:115} INFO - [2024-04-08 16:51:24,949] {dag.py:2968} INFO - Setting next_dagrun for example_bash_operator to 2024-04-07T00:00:00+00:00, run_after=2024-04-08T00:00:00+00:00
[2024-04-08 16:51:25,003] {processor.py:161} INFO - Processing /opt/conda/lib/python3.8/site-packages/airflow/example_dags/example_bash_operator.py took 0.106 seconds
[2024-04-08 16:52:17,696] {processor.py:153} INFO - Started process (PID=4757) to work on /opt/conda/lib/python3.8/site-packages/airflow/example_dags/example_bash_operator.py
[2024-04-08 16:52:17,697] {processor.py:641} INFO - Processing file /opt/conda/lib/python3.8/site-packages/airflow/example_dags/example_bash_operator.py for tasks to queue
[2024-04-08 16:52:17,698] {logging_mixin.py:115} INFO - [2024-04-08 16:52:17,698] {dagbag.py:508} INFO - Filling up the DagBag from /opt/conda/lib/python3.8/site-packages/airflow/example_dags/example_bash_operator.py
[2024-04-08 16:52:17,710] {processor.py:651} INFO - DAG(s) dict_keys(['example_bash_operator']) retrieved from /opt/conda/lib/python3.8/site-packages/airflow/example_dags/example_bash_operator.py
[2024-04-08 16:52:17,725] {logging_mixin.py:115} INFO - [2024-04-08 16:52:17,725] {dag.py:2420} INFO - Sync 1 DAGs
[2024-04-08 16:52:17,740] {logging_mixin.py:115} INFO - [2024-04-08 16:52:17,740] {dag.py:2968} INFO - Setting next_dagrun for example_bash_operator to 2024-04-07T00:00:00+00:00, run_after=2024-04-08T00:00:00+00:00
[2024-04-08 16:52:17,770] {processor.py:161} INFO - Processing /opt/conda/lib/python3.8/site-packages/airflow/example_dags/example_bash_operator.py took 0.078 seconds
[2024-04-08 16:53:10,206] {processor.py:153} INFO - Started process (PID=4876) to work on /opt/conda/lib/python3.8/site-packages/airflow/example_dags/example_bash_operator.py
[2024-04-08 16:53:10,208] {processor.py:641} INFO - Processing file /opt/conda/lib/python3.8/site-packages/airflow/example_dags/example_bash_operator.py for tasks to queue
[2024-04-08 16:53:10,209] {logging_mixin.py:115} INFO - [2024-04-08 16:53:10,208] {dagbag.py:508} INFO - Filling up the DagBag from /opt/conda/lib/python3.8/site-packages/airflow/example_dags/example_bash_operator.py
[2024-04-08 16:53:10,221] {processor.py:651} INFO - DAG(s) dict_keys(['example_bash_operator']) retrieved from /opt/conda/lib/python3.8/site-packages/airflow/example_dags/example_bash_operator.py
[2024-04-08 16:53:10,237] {logging_mixin.py:115} INFO - [2024-04-08 16:53:10,236] {dag.py:2420} INFO - Sync 1 DAGs
[2024-04-08 16:53:10,252] {logging_mixin.py:115} INFO - [2024-04-08 16:53:10,252] {dag.py:2968} INFO - Setting next_dagrun for example_bash_operator to 2024-04-07T00:00:00+00:00, run_after=2024-04-08T00:00:00+00:00
[2024-04-08 16:53:10,272] {processor.py:161} INFO - Processing /opt/conda/lib/python3.8/site-packages/airflow/example_dags/example_bash_operator.py took 0.069 seconds
[2024-04-08 16:54:04,047] {processor.py:153} INFO - Started process (PID=4997) to work on /opt/conda/lib/python3.8/site-packages/airflow/example_dags/example_bash_operator.py
[2024-04-08 16:54:04,066] {processor.py:641} INFO - Processing file /opt/conda/lib/python3.8/site-packages/airflow/example_dags/example_bash_operator.py for tasks to queue
[2024-04-08 16:54:04,067] {logging_mixin.py:115} INFO - [2024-04-08 16:54:04,067] {dagbag.py:508} INFO - Filling up the DagBag from /opt/conda/lib/python3.8/site-packages/airflow/example_dags/example_bash_operator.py
[2024-04-08 16:54:04,080] {processor.py:651} INFO - DAG(s) dict_keys(['example_bash_operator']) retrieved from /opt/conda/lib/python3.8/site-packages/airflow/example_dags/example_bash_operator.py
[2024-04-08 16:54:04,098] {logging_mixin.py:115} INFO - [2024-04-08 16:54:04,098] {dag.py:2420} INFO - Sync 1 DAGs
[2024-04-08 16:54:04,119] {logging_mixin.py:115} INFO - [2024-04-08 16:54:04,119] {dag.py:2968} INFO - Setting next_dagrun for example_bash_operator to 2024-04-07T00:00:00+00:00, run_after=2024-04-08T00:00:00+00:00
[2024-04-08 16:54:04,176] {processor.py:161} INFO - Processing /opt/conda/lib/python3.8/site-packages/airflow/example_dags/example_bash_operator.py took 0.133 seconds
[2024-04-08 16:54:53,447] {processor.py:153} INFO - Started process (PID=5113) to work on /opt/conda/lib/python3.8/site-packages/airflow/example_dags/example_bash_operator.py
[2024-04-08 16:54:53,448] {processor.py:641} INFO - Processing file /opt/conda/lib/python3.8/site-packages/airflow/example_dags/example_bash_operator.py for tasks to queue
[2024-04-08 16:54:53,449] {logging_mixin.py:115} INFO - [2024-04-08 16:54:53,449] {dagbag.py:508} INFO - Filling up the DagBag from /opt/conda/lib/python3.8/site-packages/airflow/example_dags/example_bash_operator.py
[2024-04-08 16:54:53,462] {processor.py:651} INFO - DAG(s) dict_keys(['example_bash_operator']) retrieved from /opt/conda/lib/python3.8/site-packages/airflow/example_dags/example_bash_operator.py
[2024-04-08 16:54:53,481] {logging_mixin.py:115} INFO - [2024-04-08 16:54:53,481] {dag.py:2420} INFO - Sync 1 DAGs
[2024-04-08 16:54:53,501] {logging_mixin.py:115} INFO - [2024-04-08 16:54:53,501] {dag.py:2968} INFO - Setting next_dagrun for example_bash_operator to 2024-04-07T00:00:00+00:00, run_after=2024-04-08T00:00:00+00:00
[2024-04-08 16:54:53,523] {processor.py:161} INFO - Processing /opt/conda/lib/python3.8/site-packages/airflow/example_dags/example_bash_operator.py took 0.080 seconds
[2024-04-08 16:57:02,466] {processor.py:153} INFO - Started process (PID=5588) to work on /opt/conda/lib/python3.8/site-packages/airflow/example_dags/example_bash_operator.py
[2024-04-08 16:57:02,468] {processor.py:641} INFO - Processing file /opt/conda/lib/python3.8/site-packages/airflow/example_dags/example_bash_operator.py for tasks to queue
[2024-04-08 16:57:02,468] {logging_mixin.py:115} INFO - [2024-04-08 16:57:02,468] {dagbag.py:508} INFO - Filling up the DagBag from /opt/conda/lib/python3.8/site-packages/airflow/example_dags/example_bash_operator.py
[2024-04-08 16:57:02,482] {processor.py:651} INFO - DAG(s) dict_keys(['example_bash_operator']) retrieved from /opt/conda/lib/python3.8/site-packages/airflow/example_dags/example_bash_operator.py
[2024-04-08 16:57:02,499] {logging_mixin.py:115} INFO - [2024-04-08 16:57:02,499] {dag.py:2420} INFO - Sync 1 DAGs
[2024-04-08 16:57:02,520] {logging_mixin.py:115} INFO - [2024-04-08 16:57:02,520] {dag.py:2968} INFO - Setting next_dagrun for example_bash_operator to 2024-04-07T00:00:00+00:00, run_after=2024-04-08T00:00:00+00:00
[2024-04-08 16:57:02,565] {processor.py:161} INFO - Processing /opt/conda/lib/python3.8/site-packages/airflow/example_dags/example_bash_operator.py took 0.103 seconds
[2024-04-08 16:57:58,005] {processor.py:153} INFO - Started process (PID=5709) to work on /opt/conda/lib/python3.8/site-packages/airflow/example_dags/example_bash_operator.py
[2024-04-08 16:57:58,007] {processor.py:641} INFO - Processing file /opt/conda/lib/python3.8/site-packages/airflow/example_dags/example_bash_operator.py for tasks to queue
[2024-04-08 16:57:58,007] {logging_mixin.py:115} INFO - [2024-04-08 16:57:58,007] {dagbag.py:508} INFO - Filling up the DagBag from /opt/conda/lib/python3.8/site-packages/airflow/example_dags/example_bash_operator.py
[2024-04-08 16:57:58,021] {processor.py:651} INFO - DAG(s) dict_keys(['example_bash_operator']) retrieved from /opt/conda/lib/python3.8/site-packages/airflow/example_dags/example_bash_operator.py
[2024-04-08 16:57:58,040] {logging_mixin.py:115} INFO - [2024-04-08 16:57:58,040] {dag.py:2420} INFO - Sync 1 DAGs
[2024-04-08 16:57:58,060] {logging_mixin.py:115} INFO - [2024-04-08 16:57:58,060] {dag.py:2968} INFO - Setting next_dagrun for example_bash_operator to 2024-04-07T00:00:00+00:00, run_after=2024-04-08T00:00:00+00:00
[2024-04-08 16:57:58,080] {processor.py:161} INFO - Processing /opt/conda/lib/python3.8/site-packages/airflow/example_dags/example_bash_operator.py took 0.079 seconds
[2024-04-08 16:58:48,434] {processor.py:153} INFO - Started process (PID=5825) to work on /opt/conda/lib/python3.8/site-packages/airflow/example_dags/example_bash_operator.py
[2024-04-08 16:58:48,436] {processor.py:641} INFO - Processing file /opt/conda/lib/python3.8/site-packages/airflow/example_dags/example_bash_operator.py for tasks to queue
[2024-04-08 16:58:48,436] {logging_mixin.py:115} INFO - [2024-04-08 16:58:48,436] {dagbag.py:508} INFO - Filling up the DagBag from /opt/conda/lib/python3.8/site-packages/airflow/example_dags/example_bash_operator.py
[2024-04-08 16:58:48,449] {processor.py:651} INFO - DAG(s) dict_keys(['example_bash_operator']) retrieved from /opt/conda/lib/python3.8/site-packages/airflow/example_dags/example_bash_operator.py
[2024-04-08 16:58:48,464] {logging_mixin.py:115} INFO - [2024-04-08 16:58:48,464] {dag.py:2420} INFO - Sync 1 DAGs
[2024-04-08 16:58:48,479] {logging_mixin.py:115} INFO - [2024-04-08 16:58:48,479] {dag.py:2968} INFO - Setting next_dagrun for example_bash_operator to 2024-04-07T00:00:00+00:00, run_after=2024-04-08T00:00:00+00:00
[2024-04-08 16:58:48,499] {processor.py:161} INFO - Processing /opt/conda/lib/python3.8/site-packages/airflow/example_dags/example_bash_operator.py took 0.068 seconds
[2024-04-08 16:59:35,776] {processor.py:153} INFO - Started process (PID=5941) to work on /opt/conda/lib/python3.8/site-packages/airflow/example_dags/example_bash_operator.py
[2024-04-08 16:59:35,778] {processor.py:641} INFO - Processing file /opt/conda/lib/python3.8/site-packages/airflow/example_dags/example_bash_operator.py for tasks to queue
[2024-04-08 16:59:35,779] {logging_mixin.py:115} INFO - [2024-04-08 16:59:35,778] {dagbag.py:508} INFO - Filling up the DagBag from /opt/conda/lib/python3.8/site-packages/airflow/example_dags/example_bash_operator.py
[2024-04-08 16:59:35,792] {processor.py:651} INFO - DAG(s) dict_keys(['example_bash_operator']) retrieved from /opt/conda/lib/python3.8/site-packages/airflow/example_dags/example_bash_operator.py
[2024-04-08 16:59:35,810] {logging_mixin.py:115} INFO - [2024-04-08 16:59:35,810] {dag.py:2420} INFO - Sync 1 DAGs
[2024-04-08 16:59:35,829] {logging_mixin.py:115} INFO - [2024-04-08 16:59:35,829] {dag.py:2968} INFO - Setting next_dagrun for example_bash_operator to 2024-04-07T00:00:00+00:00, run_after=2024-04-08T00:00:00+00:00
[2024-04-08 16:59:35,851] {processor.py:161} INFO - Processing /opt/conda/lib/python3.8/site-packages/airflow/example_dags/example_bash_operator.py took 0.078 seconds
[2024-04-08 17:01:01,119] {processor.py:153} INFO - Started process (PID=6167) to work on /opt/conda/lib/python3.8/site-packages/airflow/example_dags/example_bash_operator.py
[2024-04-08 17:01:01,121] {processor.py:641} INFO - Processing file /opt/conda/lib/python3.8/site-packages/airflow/example_dags/example_bash_operator.py for tasks to queue
[2024-04-08 17:01:01,121] {logging_mixin.py:115} INFO - [2024-04-08 17:01:01,121] {dagbag.py:508} INFO - Filling up the DagBag from /opt/conda/lib/python3.8/site-packages/airflow/example_dags/example_bash_operator.py
[2024-04-08 17:01:01,135] {processor.py:651} INFO - DAG(s) dict_keys(['example_bash_operator']) retrieved from /opt/conda/lib/python3.8/site-packages/airflow/example_dags/example_bash_operator.py
[2024-04-08 17:01:01,151] {logging_mixin.py:115} INFO - [2024-04-08 17:01:01,151] {dag.py:2420} INFO - Sync 1 DAGs
[2024-04-08 17:01:01,167] {logging_mixin.py:115} INFO - [2024-04-08 17:01:01,167] {dag.py:2968} INFO - Setting next_dagrun for example_bash_operator to 2024-04-07T00:00:00+00:00, run_after=2024-04-08T00:00:00+00:00
[2024-04-08 17:01:01,187] {processor.py:161} INFO - Processing /opt/conda/lib/python3.8/site-packages/airflow/example_dags/example_bash_operator.py took 0.072 seconds
[2024-04-08 17:01:55,937] {processor.py:153} INFO - Started process (PID=6328) to work on /opt/conda/lib/python3.8/site-packages/airflow/example_dags/example_bash_operator.py
[2024-04-08 17:01:55,939] {processor.py:641} INFO - Processing file /opt/conda/lib/python3.8/site-packages/airflow/example_dags/example_bash_operator.py for tasks to queue
[2024-04-08 17:01:55,940] {logging_mixin.py:115} INFO - [2024-04-08 17:01:55,939] {dagbag.py:508} INFO - Filling up the DagBag from /opt/conda/lib/python3.8/site-packages/airflow/example_dags/example_bash_operator.py
[2024-04-08 17:01:55,952] {processor.py:651} INFO - DAG(s) dict_keys(['example_bash_operator']) retrieved from /opt/conda/lib/python3.8/site-packages/airflow/example_dags/example_bash_operator.py
[2024-04-08 17:01:55,968] {logging_mixin.py:115} INFO - [2024-04-08 17:01:55,968] {dag.py:2420} INFO - Sync 1 DAGs
[2024-04-08 17:01:55,987] {logging_mixin.py:115} INFO - [2024-04-08 17:01:55,987] {dag.py:2968} INFO - Setting next_dagrun for example_bash_operator to 2024-04-07T00:00:00+00:00, run_after=2024-04-08T00:00:00+00:00
[2024-04-08 17:01:56,015] {processor.py:161} INFO - Processing /opt/conda/lib/python3.8/site-packages/airflow/example_dags/example_bash_operator.py took 0.081 seconds
[2024-04-08 17:02:41,729] {processor.py:153} INFO - Started process (PID=6526) to work on /opt/conda/lib/python3.8/site-packages/airflow/example_dags/example_bash_operator.py
[2024-04-08 17:02:41,731] {processor.py:641} INFO - Processing file /opt/conda/lib/python3.8/site-packages/airflow/example_dags/example_bash_operator.py for tasks to queue
[2024-04-08 17:02:41,731] {logging_mixin.py:115} INFO - [2024-04-08 17:02:41,731] {dagbag.py:508} INFO - Filling up the DagBag from /opt/conda/lib/python3.8/site-packages/airflow/example_dags/example_bash_operator.py
[2024-04-08 17:02:41,746] {processor.py:651} INFO - DAG(s) dict_keys(['example_bash_operator']) retrieved from /opt/conda/lib/python3.8/site-packages/airflow/example_dags/example_bash_operator.py
[2024-04-08 17:02:41,765] {logging_mixin.py:115} INFO - [2024-04-08 17:02:41,765] {dag.py:2420} INFO - Sync 1 DAGs
[2024-04-08 17:02:41,784] {logging_mixin.py:115} INFO - [2024-04-08 17:02:41,784] {dag.py:2968} INFO - Setting next_dagrun for example_bash_operator to 2024-04-07T00:00:00+00:00, run_after=2024-04-08T00:00:00+00:00
[2024-04-08 17:02:41,842] {processor.py:161} INFO - Processing /opt/conda/lib/python3.8/site-packages/airflow/example_dags/example_bash_operator.py took 0.118 seconds
