[2024-04-08 16:48:48,084] {processor.py:153} INFO - Started process (PID=4283) to work on /opt/conda/lib/python3.8/site-packages/airflow/example_dags/example_python_operator.py
[2024-04-08 16:48:48,085] {processor.py:641} INFO - Processing file /opt/conda/lib/python3.8/site-packages/airflow/example_dags/example_python_operator.py for tasks to queue
[2024-04-08 16:48:48,085] {logging_mixin.py:115} INFO - [2024-04-08 16:48:48,085] {dagbag.py:508} INFO - Filling up the DagBag from /opt/conda/lib/python3.8/site-packages/airflow/example_dags/example_python_operator.py
[2024-04-08 16:48:48,105] {logging_mixin.py:115} INFO - [2024-04-08 16:48:48,105] {example_python_operator.py:68} WARNING - The virtalenv_python example task requires virtualenv, please install it.
[2024-04-08 16:48:48,105] {processor.py:651} INFO - DAG(s) dict_keys(['example_python_operator']) retrieved from /opt/conda/lib/python3.8/site-packages/airflow/example_dags/example_python_operator.py
[2024-04-08 16:48:48,119] {logging_mixin.py:115} INFO - [2024-04-08 16:48:48,119] {dag.py:2420} INFO - Sync 1 DAGs
[2024-04-08 16:48:48,134] {logging_mixin.py:115} INFO - [2024-04-08 16:48:48,134] {dag.py:2968} INFO - Setting next_dagrun for example_python_operator to None, run_after=None
[2024-04-08 16:48:48,167] {processor.py:161} INFO - Processing /opt/conda/lib/python3.8/site-packages/airflow/example_dags/example_python_operator.py took 0.087 seconds
[2024-04-08 16:49:41,454] {processor.py:153} INFO - Started process (PID=4404) to work on /opt/conda/lib/python3.8/site-packages/airflow/example_dags/example_python_operator.py
[2024-04-08 16:49:41,456] {processor.py:641} INFO - Processing file /opt/conda/lib/python3.8/site-packages/airflow/example_dags/example_python_operator.py for tasks to queue
[2024-04-08 16:49:41,457] {logging_mixin.py:115} INFO - [2024-04-08 16:49:41,457] {dagbag.py:508} INFO - Filling up the DagBag from /opt/conda/lib/python3.8/site-packages/airflow/example_dags/example_python_operator.py
[2024-04-08 16:49:41,475] {logging_mixin.py:115} INFO - [2024-04-08 16:49:41,475] {example_python_operator.py:68} WARNING - The virtalenv_python example task requires virtualenv, please install it.
[2024-04-08 16:49:41,475] {processor.py:651} INFO - DAG(s) dict_keys(['example_python_operator']) retrieved from /opt/conda/lib/python3.8/site-packages/airflow/example_dags/example_python_operator.py
[2024-04-08 16:49:41,490] {logging_mixin.py:115} INFO - [2024-04-08 16:49:41,490] {dag.py:2420} INFO - Sync 1 DAGs
[2024-04-08 16:49:41,504] {logging_mixin.py:115} INFO - [2024-04-08 16:49:41,504] {dag.py:2968} INFO - Setting next_dagrun for example_python_operator to None, run_after=None
[2024-04-08 16:49:41,541] {processor.py:161} INFO - Processing /opt/conda/lib/python3.8/site-packages/airflow/example_dags/example_python_operator.py took 0.090 seconds
[2024-04-08 16:50:33,858] {processor.py:153} INFO - Started process (PID=4522) to work on /opt/conda/lib/python3.8/site-packages/airflow/example_dags/example_python_operator.py
[2024-04-08 16:50:33,860] {processor.py:641} INFO - Processing file /opt/conda/lib/python3.8/site-packages/airflow/example_dags/example_python_operator.py for tasks to queue
[2024-04-08 16:50:33,861] {logging_mixin.py:115} INFO - [2024-04-08 16:50:33,860] {dagbag.py:508} INFO - Filling up the DagBag from /opt/conda/lib/python3.8/site-packages/airflow/example_dags/example_python_operator.py
[2024-04-08 16:50:33,881] {logging_mixin.py:115} INFO - [2024-04-08 16:50:33,881] {example_python_operator.py:68} WARNING - The virtalenv_python example task requires virtualenv, please install it.
[2024-04-08 16:50:33,881] {processor.py:651} INFO - DAG(s) dict_keys(['example_python_operator']) retrieved from /opt/conda/lib/python3.8/site-packages/airflow/example_dags/example_python_operator.py
[2024-04-08 16:50:33,897] {logging_mixin.py:115} INFO - [2024-04-08 16:50:33,897] {dag.py:2420} INFO - Sync 1 DAGs
[2024-04-08 16:50:33,911] {logging_mixin.py:115} INFO - [2024-04-08 16:50:33,911] {dag.py:2968} INFO - Setting next_dagrun for example_python_operator to None, run_after=None
[2024-04-08 16:50:33,961] {processor.py:161} INFO - Processing /opt/conda/lib/python3.8/site-packages/airflow/example_dags/example_python_operator.py took 0.106 seconds
[2024-04-08 16:51:23,729] {processor.py:153} INFO - Started process (PID=4639) to work on /opt/conda/lib/python3.8/site-packages/airflow/example_dags/example_python_operator.py
[2024-04-08 16:51:23,730] {processor.py:641} INFO - Processing file /opt/conda/lib/python3.8/site-packages/airflow/example_dags/example_python_operator.py for tasks to queue
[2024-04-08 16:51:23,731] {logging_mixin.py:115} INFO - [2024-04-08 16:51:23,731] {dagbag.py:508} INFO - Filling up the DagBag from /opt/conda/lib/python3.8/site-packages/airflow/example_dags/example_python_operator.py
[2024-04-08 16:51:23,751] {logging_mixin.py:115} INFO - [2024-04-08 16:51:23,751] {example_python_operator.py:68} WARNING - The virtalenv_python example task requires virtualenv, please install it.
[2024-04-08 16:51:23,751] {processor.py:651} INFO - DAG(s) dict_keys(['example_python_operator']) retrieved from /opt/conda/lib/python3.8/site-packages/airflow/example_dags/example_python_operator.py
[2024-04-08 16:51:23,766] {logging_mixin.py:115} INFO - [2024-04-08 16:51:23,766] {dag.py:2420} INFO - Sync 1 DAGs
[2024-04-08 16:51:23,781] {logging_mixin.py:115} INFO - [2024-04-08 16:51:23,781] {dag.py:2968} INFO - Setting next_dagrun for example_python_operator to None, run_after=None
[2024-04-08 16:51:23,801] {processor.py:161} INFO - Processing /opt/conda/lib/python3.8/site-packages/airflow/example_dags/example_python_operator.py took 0.077 seconds
[2024-04-08 16:52:16,483] {processor.py:153} INFO - Started process (PID=4756) to work on /opt/conda/lib/python3.8/site-packages/airflow/example_dags/example_python_operator.py
[2024-04-08 16:52:16,484] {processor.py:641} INFO - Processing file /opt/conda/lib/python3.8/site-packages/airflow/example_dags/example_python_operator.py for tasks to queue
[2024-04-08 16:52:16,485] {logging_mixin.py:115} INFO - [2024-04-08 16:52:16,485] {dagbag.py:508} INFO - Filling up the DagBag from /opt/conda/lib/python3.8/site-packages/airflow/example_dags/example_python_operator.py
[2024-04-08 16:52:16,503] {logging_mixin.py:115} INFO - [2024-04-08 16:52:16,503] {example_python_operator.py:68} WARNING - The virtalenv_python example task requires virtualenv, please install it.
[2024-04-08 16:52:16,503] {processor.py:651} INFO - DAG(s) dict_keys(['example_python_operator']) retrieved from /opt/conda/lib/python3.8/site-packages/airflow/example_dags/example_python_operator.py
[2024-04-08 16:52:16,517] {logging_mixin.py:115} INFO - [2024-04-08 16:52:16,517] {dag.py:2420} INFO - Sync 1 DAGs
[2024-04-08 16:52:16,536] {logging_mixin.py:115} INFO - [2024-04-08 16:52:16,536] {dag.py:2968} INFO - Setting next_dagrun for example_python_operator to None, run_after=None
[2024-04-08 16:52:16,575] {processor.py:161} INFO - Processing /opt/conda/lib/python3.8/site-packages/airflow/example_dags/example_python_operator.py took 0.095 seconds
[2024-04-08 16:53:09,035] {processor.py:153} INFO - Started process (PID=4875) to work on /opt/conda/lib/python3.8/site-packages/airflow/example_dags/example_python_operator.py
[2024-04-08 16:53:09,037] {processor.py:641} INFO - Processing file /opt/conda/lib/python3.8/site-packages/airflow/example_dags/example_python_operator.py for tasks to queue
[2024-04-08 16:53:09,038] {logging_mixin.py:115} INFO - [2024-04-08 16:53:09,038] {dagbag.py:508} INFO - Filling up the DagBag from /opt/conda/lib/python3.8/site-packages/airflow/example_dags/example_python_operator.py
[2024-04-08 16:53:09,057] {logging_mixin.py:115} INFO - [2024-04-08 16:53:09,057] {example_python_operator.py:68} WARNING - The virtalenv_python example task requires virtualenv, please install it.
[2024-04-08 16:53:09,057] {processor.py:651} INFO - DAG(s) dict_keys(['example_python_operator']) retrieved from /opt/conda/lib/python3.8/site-packages/airflow/example_dags/example_python_operator.py
[2024-04-08 16:53:09,072] {logging_mixin.py:115} INFO - [2024-04-08 16:53:09,072] {dag.py:2420} INFO - Sync 1 DAGs
[2024-04-08 16:53:09,086] {logging_mixin.py:115} INFO - [2024-04-08 16:53:09,086] {dag.py:2968} INFO - Setting next_dagrun for example_python_operator to None, run_after=None
[2024-04-08 16:53:09,108] {processor.py:161} INFO - Processing /opt/conda/lib/python3.8/site-packages/airflow/example_dags/example_python_operator.py took 0.077 seconds
[2024-04-08 16:54:02,880] {processor.py:153} INFO - Started process (PID=4996) to work on /opt/conda/lib/python3.8/site-packages/airflow/example_dags/example_python_operator.py
[2024-04-08 16:54:02,881] {processor.py:641} INFO - Processing file /opt/conda/lib/python3.8/site-packages/airflow/example_dags/example_python_operator.py for tasks to queue
[2024-04-08 16:54:02,882] {logging_mixin.py:115} INFO - [2024-04-08 16:54:02,882] {dagbag.py:508} INFO - Filling up the DagBag from /opt/conda/lib/python3.8/site-packages/airflow/example_dags/example_python_operator.py
[2024-04-08 16:54:02,902] {logging_mixin.py:115} INFO - [2024-04-08 16:54:02,902] {example_python_operator.py:68} WARNING - The virtalenv_python example task requires virtualenv, please install it.
[2024-04-08 16:54:02,902] {processor.py:651} INFO - DAG(s) dict_keys(['example_python_operator']) retrieved from /opt/conda/lib/python3.8/site-packages/airflow/example_dags/example_python_operator.py
[2024-04-08 16:54:02,920] {logging_mixin.py:115} INFO - [2024-04-08 16:54:02,920] {dag.py:2420} INFO - Sync 1 DAGs
[2024-04-08 16:54:02,937] {logging_mixin.py:115} INFO - [2024-04-08 16:54:02,937] {dag.py:2968} INFO - Setting next_dagrun for example_python_operator to None, run_after=None
[2024-04-08 16:54:02,957] {processor.py:161} INFO - Processing /opt/conda/lib/python3.8/site-packages/airflow/example_dags/example_python_operator.py took 0.081 seconds
[2024-04-08 16:54:52,281] {processor.py:153} INFO - Started process (PID=5112) to work on /opt/conda/lib/python3.8/site-packages/airflow/example_dags/example_python_operator.py
[2024-04-08 16:54:52,283] {processor.py:641} INFO - Processing file /opt/conda/lib/python3.8/site-packages/airflow/example_dags/example_python_operator.py for tasks to queue
[2024-04-08 16:54:52,283] {logging_mixin.py:115} INFO - [2024-04-08 16:54:52,283] {dagbag.py:508} INFO - Filling up the DagBag from /opt/conda/lib/python3.8/site-packages/airflow/example_dags/example_python_operator.py
[2024-04-08 16:54:52,303] {logging_mixin.py:115} INFO - [2024-04-08 16:54:52,303] {example_python_operator.py:68} WARNING - The virtalenv_python example task requires virtualenv, please install it.
[2024-04-08 16:54:52,303] {processor.py:651} INFO - DAG(s) dict_keys(['example_python_operator']) retrieved from /opt/conda/lib/python3.8/site-packages/airflow/example_dags/example_python_operator.py
[2024-04-08 16:54:52,318] {logging_mixin.py:115} INFO - [2024-04-08 16:54:52,318] {dag.py:2420} INFO - Sync 1 DAGs
[2024-04-08 16:54:52,333] {logging_mixin.py:115} INFO - [2024-04-08 16:54:52,333] {dag.py:2968} INFO - Setting next_dagrun for example_python_operator to None, run_after=None
[2024-04-08 16:54:52,353] {processor.py:161} INFO - Processing /opt/conda/lib/python3.8/site-packages/airflow/example_dags/example_python_operator.py took 0.077 seconds
[2024-04-08 16:57:00,696] {processor.py:153} INFO - Started process (PID=5587) to work on /opt/conda/lib/python3.8/site-packages/airflow/example_dags/example_python_operator.py
[2024-04-08 16:57:00,697] {processor.py:641} INFO - Processing file /opt/conda/lib/python3.8/site-packages/airflow/example_dags/example_python_operator.py for tasks to queue
[2024-04-08 16:57:00,698] {logging_mixin.py:115} INFO - [2024-04-08 16:57:00,698] {dagbag.py:508} INFO - Filling up the DagBag from /opt/conda/lib/python3.8/site-packages/airflow/example_dags/example_python_operator.py
[2024-04-08 16:57:00,718] {logging_mixin.py:115} INFO - [2024-04-08 16:57:00,718] {example_python_operator.py:68} WARNING - The virtalenv_python example task requires virtualenv, please install it.
[2024-04-08 16:57:00,718] {processor.py:651} INFO - DAG(s) dict_keys(['example_python_operator']) retrieved from /opt/conda/lib/python3.8/site-packages/airflow/example_dags/example_python_operator.py
[2024-04-08 16:57:01,216] {logging_mixin.py:115} INFO - [2024-04-08 16:57:01,216] {dag.py:2420} INFO - Sync 1 DAGs
[2024-04-08 16:57:01,294] {logging_mixin.py:115} INFO - [2024-04-08 16:57:01,294] {dag.py:2968} INFO - Setting next_dagrun for example_python_operator to None, run_after=None
[2024-04-08 16:57:01,337] {processor.py:161} INFO - Processing /opt/conda/lib/python3.8/site-packages/airflow/example_dags/example_python_operator.py took 0.645 seconds
[2024-04-08 16:57:56,836] {processor.py:153} INFO - Started process (PID=5708) to work on /opt/conda/lib/python3.8/site-packages/airflow/example_dags/example_python_operator.py
[2024-04-08 16:57:56,838] {processor.py:641} INFO - Processing file /opt/conda/lib/python3.8/site-packages/airflow/example_dags/example_python_operator.py for tasks to queue
[2024-04-08 16:57:56,839] {logging_mixin.py:115} INFO - [2024-04-08 16:57:56,838] {dagbag.py:508} INFO - Filling up the DagBag from /opt/conda/lib/python3.8/site-packages/airflow/example_dags/example_python_operator.py
[2024-04-08 16:57:56,859] {logging_mixin.py:115} INFO - [2024-04-08 16:57:56,859] {example_python_operator.py:68} WARNING - The virtalenv_python example task requires virtualenv, please install it.
[2024-04-08 16:57:56,859] {processor.py:651} INFO - DAG(s) dict_keys(['example_python_operator']) retrieved from /opt/conda/lib/python3.8/site-packages/airflow/example_dags/example_python_operator.py
[2024-04-08 16:57:56,876] {logging_mixin.py:115} INFO - [2024-04-08 16:57:56,876] {dag.py:2420} INFO - Sync 1 DAGs
[2024-04-08 16:57:56,891] {logging_mixin.py:115} INFO - [2024-04-08 16:57:56,891] {dag.py:2968} INFO - Setting next_dagrun for example_python_operator to None, run_after=None
[2024-04-08 16:57:56,911] {processor.py:161} INFO - Processing /opt/conda/lib/python3.8/site-packages/airflow/example_dags/example_python_operator.py took 0.078 seconds
[2024-04-08 16:58:48,015] {processor.py:153} INFO - Started process (PID=5824) to work on /opt/conda/lib/python3.8/site-packages/airflow/example_dags/example_python_operator.py
[2024-04-08 16:58:48,016] {processor.py:641} INFO - Processing file /opt/conda/lib/python3.8/site-packages/airflow/example_dags/example_python_operator.py for tasks to queue
[2024-04-08 16:58:48,017] {logging_mixin.py:115} INFO - [2024-04-08 16:58:48,017] {dagbag.py:508} INFO - Filling up the DagBag from /opt/conda/lib/python3.8/site-packages/airflow/example_dags/example_python_operator.py
[2024-04-08 16:58:48,037] {logging_mixin.py:115} INFO - [2024-04-08 16:58:48,037] {example_python_operator.py:68} WARNING - The virtalenv_python example task requires virtualenv, please install it.
[2024-04-08 16:58:48,037] {processor.py:651} INFO - DAG(s) dict_keys(['example_python_operator']) retrieved from /opt/conda/lib/python3.8/site-packages/airflow/example_dags/example_python_operator.py
[2024-04-08 16:58:48,055] {logging_mixin.py:115} INFO - [2024-04-08 16:58:48,054] {dag.py:2420} INFO - Sync 1 DAGs
[2024-04-08 16:58:48,073] {logging_mixin.py:115} INFO - [2024-04-08 16:58:48,073] {dag.py:2968} INFO - Setting next_dagrun for example_python_operator to None, run_after=None
[2024-04-08 16:58:48,125] {processor.py:161} INFO - Processing /opt/conda/lib/python3.8/site-packages/airflow/example_dags/example_python_operator.py took 0.114 seconds
[2024-04-08 16:59:34,635] {processor.py:153} INFO - Started process (PID=5940) to work on /opt/conda/lib/python3.8/site-packages/airflow/example_dags/example_python_operator.py
[2024-04-08 16:59:34,637] {processor.py:641} INFO - Processing file /opt/conda/lib/python3.8/site-packages/airflow/example_dags/example_python_operator.py for tasks to queue
[2024-04-08 16:59:34,638] {logging_mixin.py:115} INFO - [2024-04-08 16:59:34,638] {dagbag.py:508} INFO - Filling up the DagBag from /opt/conda/lib/python3.8/site-packages/airflow/example_dags/example_python_operator.py
[2024-04-08 16:59:34,658] {logging_mixin.py:115} INFO - [2024-04-08 16:59:34,658] {example_python_operator.py:68} WARNING - The virtalenv_python example task requires virtualenv, please install it.
[2024-04-08 16:59:34,658] {processor.py:651} INFO - DAG(s) dict_keys(['example_python_operator']) retrieved from /opt/conda/lib/python3.8/site-packages/airflow/example_dags/example_python_operator.py
[2024-04-08 16:59:34,676] {logging_mixin.py:115} INFO - [2024-04-08 16:59:34,676] {dag.py:2420} INFO - Sync 1 DAGs
[2024-04-08 16:59:34,695] {logging_mixin.py:115} INFO - [2024-04-08 16:59:34,695] {dag.py:2968} INFO - Setting next_dagrun for example_python_operator to None, run_after=None
[2024-04-08 16:59:34,715] {processor.py:161} INFO - Processing /opt/conda/lib/python3.8/site-packages/airflow/example_dags/example_python_operator.py took 0.083 seconds
[2024-04-08 17:01:00,355] {processor.py:153} INFO - Started process (PID=6166) to work on /opt/conda/lib/python3.8/site-packages/airflow/example_dags/example_python_operator.py
[2024-04-08 17:01:00,357] {processor.py:641} INFO - Processing file /opt/conda/lib/python3.8/site-packages/airflow/example_dags/example_python_operator.py for tasks to queue
[2024-04-08 17:01:00,357] {logging_mixin.py:115} INFO - [2024-04-08 17:01:00,357] {dagbag.py:508} INFO - Filling up the DagBag from /opt/conda/lib/python3.8/site-packages/airflow/example_dags/example_python_operator.py
[2024-04-08 17:01:00,377] {logging_mixin.py:115} INFO - [2024-04-08 17:01:00,377] {example_python_operator.py:68} WARNING - The virtalenv_python example task requires virtualenv, please install it.
[2024-04-08 17:01:00,377] {processor.py:651} INFO - DAG(s) dict_keys(['example_python_operator']) retrieved from /opt/conda/lib/python3.8/site-packages/airflow/example_dags/example_python_operator.py
[2024-04-08 17:01:00,395] {logging_mixin.py:115} INFO - [2024-04-08 17:01:00,395] {dag.py:2420} INFO - Sync 1 DAGs
[2024-04-08 17:01:00,414] {logging_mixin.py:115} INFO - [2024-04-08 17:01:00,414] {dag.py:2968} INFO - Setting next_dagrun for example_python_operator to None, run_after=None
[2024-04-08 17:01:00,457] {processor.py:161} INFO - Processing /opt/conda/lib/python3.8/site-packages/airflow/example_dags/example_python_operator.py took 0.106 seconds
[2024-04-08 17:01:54,671] {processor.py:153} INFO - Started process (PID=6326) to work on /opt/conda/lib/python3.8/site-packages/airflow/example_dags/example_python_operator.py
[2024-04-08 17:01:54,673] {processor.py:641} INFO - Processing file /opt/conda/lib/python3.8/site-packages/airflow/example_dags/example_python_operator.py for tasks to queue
[2024-04-08 17:01:54,674] {logging_mixin.py:115} INFO - [2024-04-08 17:01:54,673] {dagbag.py:508} INFO - Filling up the DagBag from /opt/conda/lib/python3.8/site-packages/airflow/example_dags/example_python_operator.py
[2024-04-08 17:01:54,693] {logging_mixin.py:115} INFO - [2024-04-08 17:01:54,693] {example_python_operator.py:68} WARNING - The virtalenv_python example task requires virtualenv, please install it.
[2024-04-08 17:01:54,694] {processor.py:651} INFO - DAG(s) dict_keys(['example_python_operator']) retrieved from /opt/conda/lib/python3.8/site-packages/airflow/example_dags/example_python_operator.py
[2024-04-08 17:01:54,711] {logging_mixin.py:115} INFO - [2024-04-08 17:01:54,711] {dag.py:2420} INFO - Sync 1 DAGs
[2024-04-08 17:01:54,729] {logging_mixin.py:115} INFO - [2024-04-08 17:01:54,729] {dag.py:2968} INFO - Setting next_dagrun for example_python_operator to None, run_after=None
[2024-04-08 17:01:54,770] {processor.py:161} INFO - Processing /opt/conda/lib/python3.8/site-packages/airflow/example_dags/example_python_operator.py took 0.102 seconds
[2024-04-08 17:02:40,556] {processor.py:153} INFO - Started process (PID=6525) to work on /opt/conda/lib/python3.8/site-packages/airflow/example_dags/example_python_operator.py
[2024-04-08 17:02:40,558] {processor.py:641} INFO - Processing file /opt/conda/lib/python3.8/site-packages/airflow/example_dags/example_python_operator.py for tasks to queue
[2024-04-08 17:02:40,559] {logging_mixin.py:115} INFO - [2024-04-08 17:02:40,559] {dagbag.py:508} INFO - Filling up the DagBag from /opt/conda/lib/python3.8/site-packages/airflow/example_dags/example_python_operator.py
[2024-04-08 17:02:40,580] {logging_mixin.py:115} INFO - [2024-04-08 17:02:40,580] {example_python_operator.py:68} WARNING - The virtalenv_python example task requires virtualenv, please install it.
[2024-04-08 17:02:40,581] {processor.py:651} INFO - DAG(s) dict_keys(['example_python_operator']) retrieved from /opt/conda/lib/python3.8/site-packages/airflow/example_dags/example_python_operator.py
[2024-04-08 17:02:40,597] {logging_mixin.py:115} INFO - [2024-04-08 17:02:40,597] {dag.py:2420} INFO - Sync 1 DAGs
[2024-04-08 17:02:40,612] {logging_mixin.py:115} INFO - [2024-04-08 17:02:40,612] {dag.py:2968} INFO - Setting next_dagrun for example_python_operator to None, run_after=None
[2024-04-08 17:02:40,631] {processor.py:161} INFO - Processing /opt/conda/lib/python3.8/site-packages/airflow/example_dags/example_python_operator.py took 0.079 seconds
