[2024-04-08 16:49:14,791] {processor.py:153} INFO - Started process (PID=4309) to work on /opt/conda/lib/python3.8/site-packages/airflow/example_dags/example_kubernetes_executor.py
[2024-04-08 16:49:14,792] {processor.py:641} INFO - Processing file /opt/conda/lib/python3.8/site-packages/airflow/example_dags/example_kubernetes_executor.py for tasks to queue
[2024-04-08 16:49:14,792] {logging_mixin.py:115} INFO - [2024-04-08 16:49:14,792] {dagbag.py:508} INFO - Filling up the DagBag from /opt/conda/lib/python3.8/site-packages/airflow/example_dags/example_kubernetes_executor.py
[2024-04-08 16:49:14,809] {logging_mixin.py:115} INFO - [2024-04-08 16:49:14,809] {example_kubernetes_executor.py:39} WARNING - The example_kubernetes_executor example DAG requires the kubernetes provider. Please install it with: pip install apache-airflow[cncf.kubernetes]
[2024-04-08 16:49:14,809] {processor.py:653} WARNING - No viable dags retrieved from /opt/conda/lib/python3.8/site-packages/airflow/example_dags/example_kubernetes_executor.py
[2024-04-08 16:49:14,821] {processor.py:161} INFO - Processing /opt/conda/lib/python3.8/site-packages/airflow/example_dags/example_kubernetes_executor.py took 0.033 seconds
[2024-04-08 16:50:08,496] {processor.py:153} INFO - Started process (PID=4430) to work on /opt/conda/lib/python3.8/site-packages/airflow/example_dags/example_kubernetes_executor.py
[2024-04-08 16:50:08,498] {processor.py:641} INFO - Processing file /opt/conda/lib/python3.8/site-packages/airflow/example_dags/example_kubernetes_executor.py for tasks to queue
[2024-04-08 16:50:08,499] {logging_mixin.py:115} INFO - [2024-04-08 16:50:08,498] {dagbag.py:508} INFO - Filling up the DagBag from /opt/conda/lib/python3.8/site-packages/airflow/example_dags/example_kubernetes_executor.py
[2024-04-08 16:50:08,515] {logging_mixin.py:115} INFO - [2024-04-08 16:50:08,515] {example_kubernetes_executor.py:39} WARNING - The example_kubernetes_executor example DAG requires the kubernetes provider. Please install it with: pip install apache-airflow[cncf.kubernetes]
[2024-04-08 16:50:08,516] {processor.py:653} WARNING - No viable dags retrieved from /opt/conda/lib/python3.8/site-packages/airflow/example_dags/example_kubernetes_executor.py
[2024-04-08 16:50:08,527] {processor.py:161} INFO - Processing /opt/conda/lib/python3.8/site-packages/airflow/example_dags/example_kubernetes_executor.py took 0.034 seconds
[2024-04-08 16:51:04,470] {processor.py:153} INFO - Started process (PID=4551) to work on /opt/conda/lib/python3.8/site-packages/airflow/example_dags/example_kubernetes_executor.py
[2024-04-08 16:51:04,472] {processor.py:641} INFO - Processing file /opt/conda/lib/python3.8/site-packages/airflow/example_dags/example_kubernetes_executor.py for tasks to queue
[2024-04-08 16:51:04,472] {logging_mixin.py:115} INFO - [2024-04-08 16:51:04,472] {dagbag.py:508} INFO - Filling up the DagBag from /opt/conda/lib/python3.8/site-packages/airflow/example_dags/example_kubernetes_executor.py
[2024-04-08 16:51:04,490] {logging_mixin.py:115} INFO - [2024-04-08 16:51:04,490] {example_kubernetes_executor.py:39} WARNING - The example_kubernetes_executor example DAG requires the kubernetes provider. Please install it with: pip install apache-airflow[cncf.kubernetes]
[2024-04-08 16:51:04,491] {processor.py:653} WARNING - No viable dags retrieved from /opt/conda/lib/python3.8/site-packages/airflow/example_dags/example_kubernetes_executor.py
[2024-04-08 16:51:04,503] {processor.py:161} INFO - Processing /opt/conda/lib/python3.8/site-packages/airflow/example_dags/example_kubernetes_executor.py took 0.037 seconds
[2024-04-08 16:52:21,697] {processor.py:153} INFO - Started process (PID=4761) to work on /opt/conda/lib/python3.8/site-packages/airflow/example_dags/example_kubernetes_executor.py
[2024-04-08 16:52:21,698] {processor.py:641} INFO - Processing file /opt/conda/lib/python3.8/site-packages/airflow/example_dags/example_kubernetes_executor.py for tasks to queue
[2024-04-08 16:52:21,699] {logging_mixin.py:115} INFO - [2024-04-08 16:52:21,699] {dagbag.py:508} INFO - Filling up the DagBag from /opt/conda/lib/python3.8/site-packages/airflow/example_dags/example_kubernetes_executor.py
[2024-04-08 16:52:21,717] {logging_mixin.py:115} INFO - [2024-04-08 16:52:21,717] {example_kubernetes_executor.py:39} WARNING - The example_kubernetes_executor example DAG requires the kubernetes provider. Please install it with: pip install apache-airflow[cncf.kubernetes]
[2024-04-08 16:52:21,717] {processor.py:653} WARNING - No viable dags retrieved from /opt/conda/lib/python3.8/site-packages/airflow/example_dags/example_kubernetes_executor.py
[2024-04-08 16:52:21,730] {processor.py:161} INFO - Processing /opt/conda/lib/python3.8/site-packages/airflow/example_dags/example_kubernetes_executor.py took 0.037 seconds
[2024-04-08 16:53:36,684] {processor.py:153} INFO - Started process (PID=4902) to work on /opt/conda/lib/python3.8/site-packages/airflow/example_dags/example_kubernetes_executor.py
[2024-04-08 16:53:36,686] {processor.py:641} INFO - Processing file /opt/conda/lib/python3.8/site-packages/airflow/example_dags/example_kubernetes_executor.py for tasks to queue
[2024-04-08 16:53:36,686] {logging_mixin.py:115} INFO - [2024-04-08 16:53:36,686] {dagbag.py:508} INFO - Filling up the DagBag from /opt/conda/lib/python3.8/site-packages/airflow/example_dags/example_kubernetes_executor.py
[2024-04-08 16:53:36,702] {logging_mixin.py:115} INFO - [2024-04-08 16:53:36,702] {example_kubernetes_executor.py:39} WARNING - The example_kubernetes_executor example DAG requires the kubernetes provider. Please install it with: pip install apache-airflow[cncf.kubernetes]
[2024-04-08 16:53:36,702] {processor.py:653} WARNING - No viable dags retrieved from /opt/conda/lib/python3.8/site-packages/airflow/example_dags/example_kubernetes_executor.py
[2024-04-08 16:53:36,712] {processor.py:161} INFO - Processing /opt/conda/lib/python3.8/site-packages/airflow/example_dags/example_kubernetes_executor.py took 0.031 seconds
[2024-04-08 16:54:48,708] {processor.py:153} INFO - Started process (PID=5109) to work on /opt/conda/lib/python3.8/site-packages/airflow/example_dags/example_kubernetes_executor.py
[2024-04-08 16:54:48,710] {processor.py:641} INFO - Processing file /opt/conda/lib/python3.8/site-packages/airflow/example_dags/example_kubernetes_executor.py for tasks to queue
[2024-04-08 16:54:48,710] {logging_mixin.py:115} INFO - [2024-04-08 16:54:48,710] {dagbag.py:508} INFO - Filling up the DagBag from /opt/conda/lib/python3.8/site-packages/airflow/example_dags/example_kubernetes_executor.py
[2024-04-08 16:54:48,727] {logging_mixin.py:115} INFO - [2024-04-08 16:54:48,727] {example_kubernetes_executor.py:39} WARNING - The example_kubernetes_executor example DAG requires the kubernetes provider. Please install it with: pip install apache-airflow[cncf.kubernetes]
[2024-04-08 16:54:48,728] {processor.py:653} WARNING - No viable dags retrieved from /opt/conda/lib/python3.8/site-packages/airflow/example_dags/example_kubernetes_executor.py
[2024-04-08 16:54:48,741] {processor.py:161} INFO - Processing /opt/conda/lib/python3.8/site-packages/airflow/example_dags/example_kubernetes_executor.py took 0.037 seconds
[2024-04-08 16:57:24,653] {processor.py:153} INFO - Started process (PID=5609) to work on /opt/conda/lib/python3.8/site-packages/airflow/example_dags/example_kubernetes_executor.py
[2024-04-08 16:57:24,655] {processor.py:641} INFO - Processing file /opt/conda/lib/python3.8/site-packages/airflow/example_dags/example_kubernetes_executor.py for tasks to queue
[2024-04-08 16:57:24,656] {logging_mixin.py:115} INFO - [2024-04-08 16:57:24,656] {dagbag.py:508} INFO - Filling up the DagBag from /opt/conda/lib/python3.8/site-packages/airflow/example_dags/example_kubernetes_executor.py
[2024-04-08 16:57:24,673] {logging_mixin.py:115} INFO - [2024-04-08 16:57:24,673] {example_kubernetes_executor.py:39} WARNING - The example_kubernetes_executor example DAG requires the kubernetes provider. Please install it with: pip install apache-airflow[cncf.kubernetes]
[2024-04-08 16:57:24,673] {processor.py:653} WARNING - No viable dags retrieved from /opt/conda/lib/python3.8/site-packages/airflow/example_dags/example_kubernetes_executor.py
[2024-04-08 16:57:24,686] {processor.py:161} INFO - Processing /opt/conda/lib/python3.8/site-packages/airflow/example_dags/example_kubernetes_executor.py took 0.037 seconds
[2024-04-08 16:58:20,224] {processor.py:153} INFO - Started process (PID=5730) to work on /opt/conda/lib/python3.8/site-packages/airflow/example_dags/example_kubernetes_executor.py
[2024-04-08 16:58:20,225] {processor.py:641} INFO - Processing file /opt/conda/lib/python3.8/site-packages/airflow/example_dags/example_kubernetes_executor.py for tasks to queue
[2024-04-08 16:58:20,226] {logging_mixin.py:115} INFO - [2024-04-08 16:58:20,226] {dagbag.py:508} INFO - Filling up the DagBag from /opt/conda/lib/python3.8/site-packages/airflow/example_dags/example_kubernetes_executor.py
[2024-04-08 16:58:20,241] {logging_mixin.py:115} INFO - [2024-04-08 16:58:20,241] {example_kubernetes_executor.py:39} WARNING - The example_kubernetes_executor example DAG requires the kubernetes provider. Please install it with: pip install apache-airflow[cncf.kubernetes]
[2024-04-08 16:58:20,241] {processor.py:653} WARNING - No viable dags retrieved from /opt/conda/lib/python3.8/site-packages/airflow/example_dags/example_kubernetes_executor.py
[2024-04-08 16:58:20,251] {processor.py:161} INFO - Processing /opt/conda/lib/python3.8/site-packages/airflow/example_dags/example_kubernetes_executor.py took 0.031 seconds
[2024-04-08 16:59:32,803] {processor.py:153} INFO - Started process (PID=5938) to work on /opt/conda/lib/python3.8/site-packages/airflow/example_dags/example_kubernetes_executor.py
[2024-04-08 16:59:32,804] {processor.py:641} INFO - Processing file /opt/conda/lib/python3.8/site-packages/airflow/example_dags/example_kubernetes_executor.py for tasks to queue
[2024-04-08 16:59:32,805] {logging_mixin.py:115} INFO - [2024-04-08 16:59:32,805] {dagbag.py:508} INFO - Filling up the DagBag from /opt/conda/lib/python3.8/site-packages/airflow/example_dags/example_kubernetes_executor.py
[2024-04-08 16:59:32,821] {logging_mixin.py:115} INFO - [2024-04-08 16:59:32,821] {example_kubernetes_executor.py:39} WARNING - The example_kubernetes_executor example DAG requires the kubernetes provider. Please install it with: pip install apache-airflow[cncf.kubernetes]
[2024-04-08 16:59:32,821] {processor.py:653} WARNING - No viable dags retrieved from /opt/conda/lib/python3.8/site-packages/airflow/example_dags/example_kubernetes_executor.py
[2024-04-08 16:59:32,832] {processor.py:161} INFO - Processing /opt/conda/lib/python3.8/site-packages/airflow/example_dags/example_kubernetes_executor.py took 0.033 seconds
[2024-04-08 17:01:22,123] {processor.py:153} INFO - Started process (PID=6187) to work on /opt/conda/lib/python3.8/site-packages/airflow/example_dags/example_kubernetes_executor.py
[2024-04-08 17:01:22,125] {processor.py:641} INFO - Processing file /opt/conda/lib/python3.8/site-packages/airflow/example_dags/example_kubernetes_executor.py for tasks to queue
[2024-04-08 17:01:22,125] {logging_mixin.py:115} INFO - [2024-04-08 17:01:22,125] {dagbag.py:508} INFO - Filling up the DagBag from /opt/conda/lib/python3.8/site-packages/airflow/example_dags/example_kubernetes_executor.py
[2024-04-08 17:01:22,142] {logging_mixin.py:115} INFO - [2024-04-08 17:01:22,141] {example_kubernetes_executor.py:39} WARNING - The example_kubernetes_executor example DAG requires the kubernetes provider. Please install it with: pip install apache-airflow[cncf.kubernetes]
[2024-04-08 17:01:22,142] {processor.py:653} WARNING - No viable dags retrieved from /opt/conda/lib/python3.8/site-packages/airflow/example_dags/example_kubernetes_executor.py
[2024-04-08 17:01:22,153] {processor.py:161} INFO - Processing /opt/conda/lib/python3.8/site-packages/airflow/example_dags/example_kubernetes_executor.py took 0.034 seconds
[2024-04-08 17:02:16,819] {processor.py:153} INFO - Started process (PID=6412) to work on /opt/conda/lib/python3.8/site-packages/airflow/example_dags/example_kubernetes_executor.py
[2024-04-08 17:02:16,822] {processor.py:641} INFO - Processing file /opt/conda/lib/python3.8/site-packages/airflow/example_dags/example_kubernetes_executor.py for tasks to queue
[2024-04-08 17:02:16,822] {logging_mixin.py:115} INFO - [2024-04-08 17:02:16,822] {dagbag.py:508} INFO - Filling up the DagBag from /opt/conda/lib/python3.8/site-packages/airflow/example_dags/example_kubernetes_executor.py
[2024-04-08 17:02:16,837] {logging_mixin.py:115} INFO - [2024-04-08 17:02:16,837] {example_kubernetes_executor.py:39} WARNING - The example_kubernetes_executor example DAG requires the kubernetes provider. Please install it with: pip install apache-airflow[cncf.kubernetes]
[2024-04-08 17:02:16,838] {processor.py:653} WARNING - No viable dags retrieved from /opt/conda/lib/python3.8/site-packages/airflow/example_dags/example_kubernetes_executor.py
[2024-04-08 17:02:16,847] {processor.py:161} INFO - Processing /opt/conda/lib/python3.8/site-packages/airflow/example_dags/example_kubernetes_executor.py took 0.031 seconds
