[2024-04-08 16:49:02,060] {processor.py:153} INFO - Started process (PID=4297) to work on /opt/conda/lib/python3.8/site-packages/airflow/example_dags/example_sla_dag.py
[2024-04-08 16:49:02,060] {processor.py:641} INFO - Processing file /opt/conda/lib/python3.8/site-packages/airflow/example_dags/example_sla_dag.py for tasks to queue
[2024-04-08 16:49:02,061] {logging_mixin.py:115} INFO - [2024-04-08 16:49:02,061] {dagbag.py:508} INFO - Filling up the DagBag from /opt/conda/lib/python3.8/site-packages/airflow/example_dags/example_sla_dag.py
[2024-04-08 16:49:02,079] {processor.py:651} INFO - DAG(s) dict_keys(['example_sla_dag']) retrieved from /opt/conda/lib/python3.8/site-packages/airflow/example_dags/example_sla_dag.py
[2024-04-08 16:49:02,092] {logging_mixin.py:115} INFO - [2024-04-08 16:49:02,092] {dag.py:2420} INFO - Sync 1 DAGs
[2024-04-08 16:49:02,109] {logging_mixin.py:115} INFO - [2024-04-08 16:49:02,109] {dag.py:2968} INFO - Setting next_dagrun for example_sla_dag to 2024-04-08T16:46:00+00:00, run_after=2024-04-08T16:48:00+00:00
[2024-04-08 16:49:02,159] {processor.py:161} INFO - Processing /opt/conda/lib/python3.8/site-packages/airflow/example_dags/example_sla_dag.py took 0.103 seconds
[2024-04-08 16:49:56,792] {processor.py:153} INFO - Started process (PID=4418) to work on /opt/conda/lib/python3.8/site-packages/airflow/example_dags/example_sla_dag.py
[2024-04-08 16:49:56,794] {processor.py:641} INFO - Processing file /opt/conda/lib/python3.8/site-packages/airflow/example_dags/example_sla_dag.py for tasks to queue
[2024-04-08 16:49:56,795] {logging_mixin.py:115} INFO - [2024-04-08 16:49:56,795] {dagbag.py:508} INFO - Filling up the DagBag from /opt/conda/lib/python3.8/site-packages/airflow/example_dags/example_sla_dag.py
[2024-04-08 16:49:56,816] {processor.py:651} INFO - DAG(s) dict_keys(['example_sla_dag']) retrieved from /opt/conda/lib/python3.8/site-packages/airflow/example_dags/example_sla_dag.py
[2024-04-08 16:49:56,832] {logging_mixin.py:115} INFO - [2024-04-08 16:49:56,832] {dag.py:2420} INFO - Sync 1 DAGs
[2024-04-08 16:49:56,850] {logging_mixin.py:115} INFO - [2024-04-08 16:49:56,850] {dag.py:2968} INFO - Setting next_dagrun for example_sla_dag to 2024-04-08T16:46:00+00:00, run_after=2024-04-08T16:48:00+00:00
[2024-04-08 16:49:56,869] {processor.py:161} INFO - Processing /opt/conda/lib/python3.8/site-packages/airflow/example_dags/example_sla_dag.py took 0.081 seconds
[2024-04-08 16:50:51,904] {processor.py:153} INFO - Started process (PID=4539) to work on /opt/conda/lib/python3.8/site-packages/airflow/example_dags/example_sla_dag.py
[2024-04-08 16:50:51,905] {processor.py:641} INFO - Processing file /opt/conda/lib/python3.8/site-packages/airflow/example_dags/example_sla_dag.py for tasks to queue
[2024-04-08 16:50:51,906] {logging_mixin.py:115} INFO - [2024-04-08 16:50:51,906] {dagbag.py:508} INFO - Filling up the DagBag from /opt/conda/lib/python3.8/site-packages/airflow/example_dags/example_sla_dag.py
[2024-04-08 16:50:51,927] {processor.py:651} INFO - DAG(s) dict_keys(['example_sla_dag']) retrieved from /opt/conda/lib/python3.8/site-packages/airflow/example_dags/example_sla_dag.py
[2024-04-08 16:50:51,944] {logging_mixin.py:115} INFO - [2024-04-08 16:50:51,944] {dag.py:2420} INFO - Sync 1 DAGs
[2024-04-08 16:50:51,965] {logging_mixin.py:115} INFO - [2024-04-08 16:50:51,965] {dag.py:2968} INFO - Setting next_dagrun for example_sla_dag to 2024-04-08T16:48:00+00:00, run_after=2024-04-08T16:50:00+00:00
[2024-04-08 16:50:52,021] {processor.py:161} INFO - Processing /opt/conda/lib/python3.8/site-packages/airflow/example_dags/example_sla_dag.py took 0.121 seconds
[2024-04-08 16:51:43,180] {processor.py:153} INFO - Started process (PID=4657) to work on /opt/conda/lib/python3.8/site-packages/airflow/example_dags/example_sla_dag.py
[2024-04-08 16:51:43,181] {processor.py:641} INFO - Processing file /opt/conda/lib/python3.8/site-packages/airflow/example_dags/example_sla_dag.py for tasks to queue
[2024-04-08 16:51:43,182] {logging_mixin.py:115} INFO - [2024-04-08 16:51:43,182] {dagbag.py:508} INFO - Filling up the DagBag from /opt/conda/lib/python3.8/site-packages/airflow/example_dags/example_sla_dag.py
[2024-04-08 16:51:43,202] {processor.py:651} INFO - DAG(s) dict_keys(['example_sla_dag']) retrieved from /opt/conda/lib/python3.8/site-packages/airflow/example_dags/example_sla_dag.py
[2024-04-08 16:51:43,217] {logging_mixin.py:115} INFO - [2024-04-08 16:51:43,217] {dag.py:2420} INFO - Sync 1 DAGs
[2024-04-08 16:51:43,234] {logging_mixin.py:115} INFO - [2024-04-08 16:51:43,234] {dag.py:2968} INFO - Setting next_dagrun for example_sla_dag to 2024-04-08T16:48:00+00:00, run_after=2024-04-08T16:50:00+00:00
[2024-04-08 16:51:43,255] {processor.py:161} INFO - Processing /opt/conda/lib/python3.8/site-packages/airflow/example_dags/example_sla_dag.py took 0.079 seconds
[2024-04-08 16:52:37,032] {processor.py:153} INFO - Started process (PID=4775) to work on /opt/conda/lib/python3.8/site-packages/airflow/example_dags/example_sla_dag.py
[2024-04-08 16:52:37,064] {processor.py:641} INFO - Processing file /opt/conda/lib/python3.8/site-packages/airflow/example_dags/example_sla_dag.py for tasks to queue
[2024-04-08 16:52:37,064] {logging_mixin.py:115} INFO - [2024-04-08 16:52:37,064] {dagbag.py:508} INFO - Filling up the DagBag from /opt/conda/lib/python3.8/site-packages/airflow/example_dags/example_sla_dag.py
[2024-04-08 16:52:37,087] {processor.py:651} INFO - DAG(s) dict_keys(['example_sla_dag']) retrieved from /opt/conda/lib/python3.8/site-packages/airflow/example_dags/example_sla_dag.py
[2024-04-08 16:52:37,105] {logging_mixin.py:115} INFO - [2024-04-08 16:52:37,105] {dag.py:2420} INFO - Sync 1 DAGs
[2024-04-08 16:52:37,129] {logging_mixin.py:115} INFO - [2024-04-08 16:52:37,129] {dag.py:2968} INFO - Setting next_dagrun for example_sla_dag to 2024-04-08T16:50:00+00:00, run_after=2024-04-08T16:52:00+00:00
[2024-04-08 16:52:37,153] {processor.py:161} INFO - Processing /opt/conda/lib/python3.8/site-packages/airflow/example_dags/example_sla_dag.py took 0.125 seconds
[2024-04-08 16:53:27,479] {processor.py:153} INFO - Started process (PID=4893) to work on /opt/conda/lib/python3.8/site-packages/airflow/example_dags/example_sla_dag.py
[2024-04-08 16:53:27,481] {processor.py:641} INFO - Processing file /opt/conda/lib/python3.8/site-packages/airflow/example_dags/example_sla_dag.py for tasks to queue
[2024-04-08 16:53:27,482] {logging_mixin.py:115} INFO - [2024-04-08 16:53:27,481] {dagbag.py:508} INFO - Filling up the DagBag from /opt/conda/lib/python3.8/site-packages/airflow/example_dags/example_sla_dag.py
[2024-04-08 16:53:27,500] {processor.py:651} INFO - DAG(s) dict_keys(['example_sla_dag']) retrieved from /opt/conda/lib/python3.8/site-packages/airflow/example_dags/example_sla_dag.py
[2024-04-08 16:53:27,514] {logging_mixin.py:115} INFO - [2024-04-08 16:53:27,514] {dag.py:2420} INFO - Sync 1 DAGs
[2024-04-08 16:53:27,531] {logging_mixin.py:115} INFO - [2024-04-08 16:53:27,531] {dag.py:2968} INFO - Setting next_dagrun for example_sla_dag to 2024-04-08T16:50:00+00:00, run_after=2024-04-08T16:52:00+00:00
[2024-04-08 16:53:27,571] {processor.py:161} INFO - Processing /opt/conda/lib/python3.8/site-packages/airflow/example_dags/example_sla_dag.py took 0.095 seconds
[2024-04-08 16:54:16,236] {processor.py:153} INFO - Started process (PID=5010) to work on /opt/conda/lib/python3.8/site-packages/airflow/example_dags/example_sla_dag.py
[2024-04-08 16:54:16,237] {processor.py:641} INFO - Processing file /opt/conda/lib/python3.8/site-packages/airflow/example_dags/example_sla_dag.py for tasks to queue
[2024-04-08 16:54:16,238] {logging_mixin.py:115} INFO - [2024-04-08 16:54:16,237] {dagbag.py:508} INFO - Filling up the DagBag from /opt/conda/lib/python3.8/site-packages/airflow/example_dags/example_sla_dag.py
[2024-04-08 16:54:16,256] {processor.py:651} INFO - DAG(s) dict_keys(['example_sla_dag']) retrieved from /opt/conda/lib/python3.8/site-packages/airflow/example_dags/example_sla_dag.py
[2024-04-08 16:54:16,270] {logging_mixin.py:115} INFO - [2024-04-08 16:54:16,270] {dag.py:2420} INFO - Sync 1 DAGs
[2024-04-08 16:54:16,287] {logging_mixin.py:115} INFO - [2024-04-08 16:54:16,287] {dag.py:2968} INFO - Setting next_dagrun for example_sla_dag to 2024-04-08T16:52:00+00:00, run_after=2024-04-08T16:54:00+00:00
[2024-04-08 16:54:16,306] {processor.py:161} INFO - Processing /opt/conda/lib/python3.8/site-packages/airflow/example_dags/example_sla_dag.py took 0.074 seconds
[2024-04-08 16:55:06,693] {processor.py:153} INFO - Started process (PID=5126) to work on /opt/conda/lib/python3.8/site-packages/airflow/example_dags/example_sla_dag.py
[2024-04-08 16:55:06,695] {processor.py:641} INFO - Processing file /opt/conda/lib/python3.8/site-packages/airflow/example_dags/example_sla_dag.py for tasks to queue
[2024-04-08 16:55:06,696] {logging_mixin.py:115} INFO - [2024-04-08 16:55:06,696] {dagbag.py:508} INFO - Filling up the DagBag from /opt/conda/lib/python3.8/site-packages/airflow/example_dags/example_sla_dag.py
[2024-04-08 16:55:06,718] {processor.py:651} INFO - DAG(s) dict_keys(['example_sla_dag']) retrieved from /opt/conda/lib/python3.8/site-packages/airflow/example_dags/example_sla_dag.py
[2024-04-08 16:55:06,737] {logging_mixin.py:115} INFO - [2024-04-08 16:55:06,736] {dag.py:2420} INFO - Sync 1 DAGs
[2024-04-08 16:55:06,760] {logging_mixin.py:115} INFO - [2024-04-08 16:55:06,760] {dag.py:2968} INFO - Setting next_dagrun for example_sla_dag to 2024-04-08T16:52:00+00:00, run_after=2024-04-08T16:54:00+00:00
[2024-04-08 16:55:06,779] {processor.py:161} INFO - Processing /opt/conda/lib/python3.8/site-packages/airflow/example_dags/example_sla_dag.py took 0.090 seconds
[2024-04-08 16:57:16,567] {processor.py:153} INFO - Started process (PID=5601) to work on /opt/conda/lib/python3.8/site-packages/airflow/example_dags/example_sla_dag.py
[2024-04-08 16:57:16,568] {processor.py:641} INFO - Processing file /opt/conda/lib/python3.8/site-packages/airflow/example_dags/example_sla_dag.py for tasks to queue
[2024-04-08 16:57:16,569] {logging_mixin.py:115} INFO - [2024-04-08 16:57:16,569] {dagbag.py:508} INFO - Filling up the DagBag from /opt/conda/lib/python3.8/site-packages/airflow/example_dags/example_sla_dag.py
[2024-04-08 16:57:16,588] {processor.py:651} INFO - DAG(s) dict_keys(['example_sla_dag']) retrieved from /opt/conda/lib/python3.8/site-packages/airflow/example_dags/example_sla_dag.py
[2024-04-08 16:57:16,601] {logging_mixin.py:115} INFO - [2024-04-08 16:57:16,601] {dag.py:2420} INFO - Sync 1 DAGs
[2024-04-08 16:57:16,618] {logging_mixin.py:115} INFO - [2024-04-08 16:57:16,618] {dag.py:2968} INFO - Setting next_dagrun for example_sla_dag to 2024-04-08T16:54:00+00:00, run_after=2024-04-08T16:56:00+00:00
[2024-04-08 16:57:16,655] {processor.py:161} INFO - Processing /opt/conda/lib/python3.8/site-packages/airflow/example_dags/example_sla_dag.py took 0.092 seconds
[2024-04-08 16:58:12,007] {processor.py:153} INFO - Started process (PID=5722) to work on /opt/conda/lib/python3.8/site-packages/airflow/example_dags/example_sla_dag.py
[2024-04-08 16:58:12,009] {processor.py:641} INFO - Processing file /opt/conda/lib/python3.8/site-packages/airflow/example_dags/example_sla_dag.py for tasks to queue
[2024-04-08 16:58:12,009] {logging_mixin.py:115} INFO - [2024-04-08 16:58:12,009] {dagbag.py:508} INFO - Filling up the DagBag from /opt/conda/lib/python3.8/site-packages/airflow/example_dags/example_sla_dag.py
[2024-04-08 16:58:12,028] {processor.py:651} INFO - DAG(s) dict_keys(['example_sla_dag']) retrieved from /opt/conda/lib/python3.8/site-packages/airflow/example_dags/example_sla_dag.py
[2024-04-08 16:58:12,042] {logging_mixin.py:115} INFO - [2024-04-08 16:58:12,042] {dag.py:2420} INFO - Sync 1 DAGs
[2024-04-08 16:58:12,059] {logging_mixin.py:115} INFO - [2024-04-08 16:58:12,059] {dag.py:2968} INFO - Setting next_dagrun for example_sla_dag to 2024-04-08T16:56:00+00:00, run_after=2024-04-08T16:58:00+00:00
[2024-04-08 16:58:12,079] {processor.py:161} INFO - Processing /opt/conda/lib/python3.8/site-packages/airflow/example_dags/example_sla_dag.py took 0.075 seconds
[2024-04-08 16:59:01,031] {processor.py:153} INFO - Started process (PID=5838) to work on /opt/conda/lib/python3.8/site-packages/airflow/example_dags/example_sla_dag.py
[2024-04-08 16:59:01,033] {processor.py:641} INFO - Processing file /opt/conda/lib/python3.8/site-packages/airflow/example_dags/example_sla_dag.py for tasks to queue
[2024-04-08 16:59:01,033] {logging_mixin.py:115} INFO - [2024-04-08 16:59:01,033] {dagbag.py:508} INFO - Filling up the DagBag from /opt/conda/lib/python3.8/site-packages/airflow/example_dags/example_sla_dag.py
[2024-04-08 16:59:01,052] {processor.py:651} INFO - DAG(s) dict_keys(['example_sla_dag']) retrieved from /opt/conda/lib/python3.8/site-packages/airflow/example_dags/example_sla_dag.py
[2024-04-08 16:59:01,066] {logging_mixin.py:115} INFO - [2024-04-08 16:59:01,066] {dag.py:2420} INFO - Sync 1 DAGs
[2024-04-08 16:59:01,083] {logging_mixin.py:115} INFO - [2024-04-08 16:59:01,083] {dag.py:2968} INFO - Setting next_dagrun for example_sla_dag to 2024-04-08T16:56:00+00:00, run_after=2024-04-08T16:58:00+00:00
[2024-04-08 16:59:01,121] {processor.py:161} INFO - Processing /opt/conda/lib/python3.8/site-packages/airflow/example_dags/example_sla_dag.py took 0.093 seconds
[2024-04-08 16:59:49,671] {processor.py:153} INFO - Started process (PID=5954) to work on /opt/conda/lib/python3.8/site-packages/airflow/example_dags/example_sla_dag.py
[2024-04-08 16:59:49,673] {processor.py:641} INFO - Processing file /opt/conda/lib/python3.8/site-packages/airflow/example_dags/example_sla_dag.py for tasks to queue
[2024-04-08 16:59:49,673] {logging_mixin.py:115} INFO - [2024-04-08 16:59:49,673] {dagbag.py:508} INFO - Filling up the DagBag from /opt/conda/lib/python3.8/site-packages/airflow/example_dags/example_sla_dag.py
[2024-04-08 16:59:49,694] {processor.py:651} INFO - DAG(s) dict_keys(['example_sla_dag']) retrieved from /opt/conda/lib/python3.8/site-packages/airflow/example_dags/example_sla_dag.py
[2024-04-08 16:59:49,711] {logging_mixin.py:115} INFO - [2024-04-08 16:59:49,711] {dag.py:2420} INFO - Sync 1 DAGs
[2024-04-08 16:59:49,728] {logging_mixin.py:115} INFO - [2024-04-08 16:59:49,728] {dag.py:2968} INFO - Setting next_dagrun for example_sla_dag to 2024-04-08T16:56:00+00:00, run_after=2024-04-08T16:58:00+00:00
[2024-04-08 16:59:49,747] {processor.py:161} INFO - Processing /opt/conda/lib/python3.8/site-packages/airflow/example_dags/example_sla_dag.py took 0.080 seconds
[2024-04-08 17:01:15,128] {processor.py:153} INFO - Started process (PID=6180) to work on /opt/conda/lib/python3.8/site-packages/airflow/example_dags/example_sla_dag.py
[2024-04-08 17:01:15,130] {processor.py:641} INFO - Processing file /opt/conda/lib/python3.8/site-packages/airflow/example_dags/example_sla_dag.py for tasks to queue
[2024-04-08 17:01:15,130] {logging_mixin.py:115} INFO - [2024-04-08 17:01:15,130] {dagbag.py:508} INFO - Filling up the DagBag from /opt/conda/lib/python3.8/site-packages/airflow/example_dags/example_sla_dag.py
[2024-04-08 17:01:15,152] {processor.py:651} INFO - DAG(s) dict_keys(['example_sla_dag']) retrieved from /opt/conda/lib/python3.8/site-packages/airflow/example_dags/example_sla_dag.py
[2024-04-08 17:01:15,169] {logging_mixin.py:115} INFO - [2024-04-08 17:01:15,169] {dag.py:2420} INFO - Sync 1 DAGs
[2024-04-08 17:01:15,187] {logging_mixin.py:115} INFO - [2024-04-08 17:01:15,187] {dag.py:2968} INFO - Setting next_dagrun for example_sla_dag to 2024-04-08T16:58:00+00:00, run_after=2024-04-08T17:00:00+00:00
[2024-04-08 17:01:15,208] {processor.py:161} INFO - Processing /opt/conda/lib/python3.8/site-packages/airflow/example_dags/example_sla_dag.py took 0.083 seconds
[2024-04-08 17:02:09,200] {processor.py:153} INFO - Started process (PID=6362) to work on /opt/conda/lib/python3.8/site-packages/airflow/example_dags/example_sla_dag.py
[2024-04-08 17:02:09,202] {processor.py:641} INFO - Processing file /opt/conda/lib/python3.8/site-packages/airflow/example_dags/example_sla_dag.py for tasks to queue
[2024-04-08 17:02:09,202] {logging_mixin.py:115} INFO - [2024-04-08 17:02:09,202] {dagbag.py:508} INFO - Filling up the DagBag from /opt/conda/lib/python3.8/site-packages/airflow/example_dags/example_sla_dag.py
[2024-04-08 17:02:09,223] {processor.py:651} INFO - DAG(s) dict_keys(['example_sla_dag']) retrieved from /opt/conda/lib/python3.8/site-packages/airflow/example_dags/example_sla_dag.py
[2024-04-08 17:02:09,240] {logging_mixin.py:115} INFO - [2024-04-08 17:02:09,240] {dag.py:2420} INFO - Sync 1 DAGs
[2024-04-08 17:02:09,263] {logging_mixin.py:115} INFO - [2024-04-08 17:02:09,263] {dag.py:2968} INFO - Setting next_dagrun for example_sla_dag to 2024-04-08T17:00:00+00:00, run_after=2024-04-08T17:02:00+00:00
[2024-04-08 17:02:09,320] {processor.py:161} INFO - Processing /opt/conda/lib/python3.8/site-packages/airflow/example_dags/example_sla_dag.py took 0.124 seconds
