[2024-04-08 16:49:04,532] {processor.py:153} INFO - Started process (PID=4299) to work on /opt/conda/lib/python3.8/site-packages/airflow/example_dags/example_task_group.py
[2024-04-08 16:49:04,532] {processor.py:641} INFO - Processing file /opt/conda/lib/python3.8/site-packages/airflow/example_dags/example_task_group.py for tasks to queue
[2024-04-08 16:49:04,533] {logging_mixin.py:115} INFO - [2024-04-08 16:49:04,533] {dagbag.py:508} INFO - Filling up the DagBag from /opt/conda/lib/python3.8/site-packages/airflow/example_dags/example_task_group.py
[2024-04-08 16:49:04,541] {processor.py:651} INFO - DAG(s) dict_keys(['example_task_group']) retrieved from /opt/conda/lib/python3.8/site-packages/airflow/example_dags/example_task_group.py
[2024-04-08 16:49:04,560] {logging_mixin.py:115} INFO - [2024-04-08 16:49:04,560] {dag.py:2420} INFO - Sync 1 DAGs
[2024-04-08 16:49:04,580] {logging_mixin.py:115} INFO - [2024-04-08 16:49:04,579] {dag.py:2968} INFO - Setting next_dagrun for example_task_group to 2024-04-07T16:49:04.579598+00:00, run_after=2024-04-08T16:49:04.579598+00:00
[2024-04-08 16:49:04,601] {processor.py:161} INFO - Processing /opt/conda/lib/python3.8/site-packages/airflow/example_dags/example_task_group.py took 0.072 seconds
[2024-04-08 16:49:59,226] {processor.py:153} INFO - Started process (PID=4420) to work on /opt/conda/lib/python3.8/site-packages/airflow/example_dags/example_task_group.py
[2024-04-08 16:49:59,228] {processor.py:641} INFO - Processing file /opt/conda/lib/python3.8/site-packages/airflow/example_dags/example_task_group.py for tasks to queue
[2024-04-08 16:49:59,229] {logging_mixin.py:115} INFO - [2024-04-08 16:49:59,229] {dagbag.py:508} INFO - Filling up the DagBag from /opt/conda/lib/python3.8/site-packages/airflow/example_dags/example_task_group.py
[2024-04-08 16:49:59,237] {processor.py:651} INFO - DAG(s) dict_keys(['example_task_group']) retrieved from /opt/conda/lib/python3.8/site-packages/airflow/example_dags/example_task_group.py
[2024-04-08 16:49:59,254] {logging_mixin.py:115} INFO - [2024-04-08 16:49:59,254] {dag.py:2420} INFO - Sync 1 DAGs
[2024-04-08 16:49:59,269] {logging_mixin.py:115} INFO - [2024-04-08 16:49:59,269] {dag.py:2968} INFO - Setting next_dagrun for example_task_group to 2024-04-07T16:49:59.269029+00:00, run_after=2024-04-08T16:49:59.269029+00:00
[2024-04-08 16:49:59,289] {processor.py:161} INFO - Processing /opt/conda/lib/python3.8/site-packages/airflow/example_dags/example_task_group.py took 0.066 seconds
[2024-04-08 16:50:54,296] {processor.py:153} INFO - Started process (PID=4541) to work on /opt/conda/lib/python3.8/site-packages/airflow/example_dags/example_task_group.py
[2024-04-08 16:50:54,299] {processor.py:641} INFO - Processing file /opt/conda/lib/python3.8/site-packages/airflow/example_dags/example_task_group.py for tasks to queue
[2024-04-08 16:50:54,299] {logging_mixin.py:115} INFO - [2024-04-08 16:50:54,299] {dagbag.py:508} INFO - Filling up the DagBag from /opt/conda/lib/python3.8/site-packages/airflow/example_dags/example_task_group.py
[2024-04-08 16:50:54,308] {processor.py:651} INFO - DAG(s) dict_keys(['example_task_group']) retrieved from /opt/conda/lib/python3.8/site-packages/airflow/example_dags/example_task_group.py
[2024-04-08 16:50:54,329] {logging_mixin.py:115} INFO - [2024-04-08 16:50:54,328] {dag.py:2420} INFO - Sync 1 DAGs
[2024-04-08 16:50:54,369] {logging_mixin.py:115} INFO - [2024-04-08 16:50:54,369] {dag.py:2968} INFO - Setting next_dagrun for example_task_group to 2024-04-07T16:50:54.369474+00:00, run_after=2024-04-08T16:50:54.369474+00:00
[2024-04-08 16:50:54,412] {processor.py:161} INFO - Processing /opt/conda/lib/python3.8/site-packages/airflow/example_dags/example_task_group.py took 0.120 seconds
[2024-04-08 16:51:45,237] {processor.py:153} INFO - Started process (PID=4659) to work on /opt/conda/lib/python3.8/site-packages/airflow/example_dags/example_task_group.py
[2024-04-08 16:51:45,239] {processor.py:641} INFO - Processing file /opt/conda/lib/python3.8/site-packages/airflow/example_dags/example_task_group.py for tasks to queue
[2024-04-08 16:51:45,239] {logging_mixin.py:115} INFO - [2024-04-08 16:51:45,239] {dagbag.py:508} INFO - Filling up the DagBag from /opt/conda/lib/python3.8/site-packages/airflow/example_dags/example_task_group.py
[2024-04-08 16:51:45,248] {processor.py:651} INFO - DAG(s) dict_keys(['example_task_group']) retrieved from /opt/conda/lib/python3.8/site-packages/airflow/example_dags/example_task_group.py
[2024-04-08 16:51:45,269] {logging_mixin.py:115} INFO - [2024-04-08 16:51:45,269] {dag.py:2420} INFO - Sync 1 DAGs
[2024-04-08 16:51:45,285] {logging_mixin.py:115} INFO - [2024-04-08 16:51:45,285] {dag.py:2968} INFO - Setting next_dagrun for example_task_group to 2024-04-07T16:51:45.285323+00:00, run_after=2024-04-08T16:51:45.285323+00:00
[2024-04-08 16:51:45,323] {processor.py:161} INFO - Processing /opt/conda/lib/python3.8/site-packages/airflow/example_dags/example_task_group.py took 0.090 seconds
[2024-04-08 16:52:38,752] {processor.py:153} INFO - Started process (PID=4777) to work on /opt/conda/lib/python3.8/site-packages/airflow/example_dags/example_task_group.py
[2024-04-08 16:52:38,753] {processor.py:641} INFO - Processing file /opt/conda/lib/python3.8/site-packages/airflow/example_dags/example_task_group.py for tasks to queue
[2024-04-08 16:52:38,754] {logging_mixin.py:115} INFO - [2024-04-08 16:52:38,754] {dagbag.py:508} INFO - Filling up the DagBag from /opt/conda/lib/python3.8/site-packages/airflow/example_dags/example_task_group.py
[2024-04-08 16:52:38,763] {processor.py:651} INFO - DAG(s) dict_keys(['example_task_group']) retrieved from /opt/conda/lib/python3.8/site-packages/airflow/example_dags/example_task_group.py
[2024-04-08 16:52:38,783] {logging_mixin.py:115} INFO - [2024-04-08 16:52:38,783] {dag.py:2420} INFO - Sync 1 DAGs
[2024-04-08 16:52:38,800] {logging_mixin.py:115} INFO - [2024-04-08 16:52:38,800] {dag.py:2968} INFO - Setting next_dagrun for example_task_group to 2024-04-07T16:52:38.800157+00:00, run_after=2024-04-08T16:52:38.800157+00:00
[2024-04-08 16:52:38,821] {processor.py:161} INFO - Processing /opt/conda/lib/python3.8/site-packages/airflow/example_dags/example_task_group.py took 0.073 seconds
[2024-04-08 16:53:29,292] {processor.py:153} INFO - Started process (PID=4895) to work on /opt/conda/lib/python3.8/site-packages/airflow/example_dags/example_task_group.py
[2024-04-08 16:53:29,294] {processor.py:641} INFO - Processing file /opt/conda/lib/python3.8/site-packages/airflow/example_dags/example_task_group.py for tasks to queue
[2024-04-08 16:53:29,295] {logging_mixin.py:115} INFO - [2024-04-08 16:53:29,295] {dagbag.py:508} INFO - Filling up the DagBag from /opt/conda/lib/python3.8/site-packages/airflow/example_dags/example_task_group.py
[2024-04-08 16:53:29,303] {processor.py:651} INFO - DAG(s) dict_keys(['example_task_group']) retrieved from /opt/conda/lib/python3.8/site-packages/airflow/example_dags/example_task_group.py
[2024-04-08 16:53:29,322] {logging_mixin.py:115} INFO - [2024-04-08 16:53:29,322] {dag.py:2420} INFO - Sync 1 DAGs
[2024-04-08 16:53:29,339] {logging_mixin.py:115} INFO - [2024-04-08 16:53:29,339] {dag.py:2968} INFO - Setting next_dagrun for example_task_group to 2024-04-07T16:53:29.339304+00:00, run_after=2024-04-08T16:53:29.339304+00:00
[2024-04-08 16:53:29,361] {processor.py:161} INFO - Processing /opt/conda/lib/python3.8/site-packages/airflow/example_dags/example_task_group.py took 0.072 seconds
[2024-04-08 16:54:18,609] {processor.py:153} INFO - Started process (PID=5012) to work on /opt/conda/lib/python3.8/site-packages/airflow/example_dags/example_task_group.py
[2024-04-08 16:54:18,611] {processor.py:641} INFO - Processing file /opt/conda/lib/python3.8/site-packages/airflow/example_dags/example_task_group.py for tasks to queue
[2024-04-08 16:54:18,611] {logging_mixin.py:115} INFO - [2024-04-08 16:54:18,611] {dagbag.py:508} INFO - Filling up the DagBag from /opt/conda/lib/python3.8/site-packages/airflow/example_dags/example_task_group.py
[2024-04-08 16:54:18,620] {processor.py:651} INFO - DAG(s) dict_keys(['example_task_group']) retrieved from /opt/conda/lib/python3.8/site-packages/airflow/example_dags/example_task_group.py
[2024-04-08 16:54:18,641] {logging_mixin.py:115} INFO - [2024-04-08 16:54:18,641] {dag.py:2420} INFO - Sync 1 DAGs
[2024-04-08 16:54:18,661] {logging_mixin.py:115} INFO - [2024-04-08 16:54:18,660] {dag.py:2968} INFO - Setting next_dagrun for example_task_group to 2024-04-07T16:54:18.660637+00:00, run_after=2024-04-08T16:54:18.660637+00:00
[2024-04-08 16:54:18,711] {processor.py:161} INFO - Processing /opt/conda/lib/python3.8/site-packages/airflow/example_dags/example_task_group.py took 0.106 seconds
[2024-04-08 16:55:09,133] {processor.py:153} INFO - Started process (PID=5128) to work on /opt/conda/lib/python3.8/site-packages/airflow/example_dags/example_task_group.py
[2024-04-08 16:55:09,135] {processor.py:641} INFO - Processing file /opt/conda/lib/python3.8/site-packages/airflow/example_dags/example_task_group.py for tasks to queue
[2024-04-08 16:55:09,136] {logging_mixin.py:115} INFO - [2024-04-08 16:55:09,136] {dagbag.py:508} INFO - Filling up the DagBag from /opt/conda/lib/python3.8/site-packages/airflow/example_dags/example_task_group.py
[2024-04-08 16:55:09,145] {processor.py:651} INFO - DAG(s) dict_keys(['example_task_group']) retrieved from /opt/conda/lib/python3.8/site-packages/airflow/example_dags/example_task_group.py
[2024-04-08 16:55:09,165] {logging_mixin.py:115} INFO - [2024-04-08 16:55:09,165] {dag.py:2420} INFO - Sync 1 DAGs
[2024-04-08 16:55:09,185] {logging_mixin.py:115} INFO - [2024-04-08 16:55:09,185] {dag.py:2968} INFO - Setting next_dagrun for example_task_group to 2024-04-07T16:55:09.185253+00:00, run_after=2024-04-08T16:55:09.185253+00:00
[2024-04-08 16:55:09,242] {processor.py:161} INFO - Processing /opt/conda/lib/python3.8/site-packages/airflow/example_dags/example_task_group.py took 0.113 seconds
[2024-04-08 16:57:18,568] {processor.py:153} INFO - Started process (PID=5603) to work on /opt/conda/lib/python3.8/site-packages/airflow/example_dags/example_task_group.py
[2024-04-08 16:57:18,570] {processor.py:641} INFO - Processing file /opt/conda/lib/python3.8/site-packages/airflow/example_dags/example_task_group.py for tasks to queue
[2024-04-08 16:57:18,570] {logging_mixin.py:115} INFO - [2024-04-08 16:57:18,570] {dagbag.py:508} INFO - Filling up the DagBag from /opt/conda/lib/python3.8/site-packages/airflow/example_dags/example_task_group.py
[2024-04-08 16:57:18,578] {processor.py:651} INFO - DAG(s) dict_keys(['example_task_group']) retrieved from /opt/conda/lib/python3.8/site-packages/airflow/example_dags/example_task_group.py
[2024-04-08 16:57:18,594] {logging_mixin.py:115} INFO - [2024-04-08 16:57:18,594] {dag.py:2420} INFO - Sync 1 DAGs
[2024-04-08 16:57:18,608] {logging_mixin.py:115} INFO - [2024-04-08 16:57:18,608] {dag.py:2968} INFO - Setting next_dagrun for example_task_group to 2024-04-07T16:57:18.608371+00:00, run_after=2024-04-08T16:57:18.608371+00:00
[2024-04-08 16:57:18,631] {processor.py:161} INFO - Processing /opt/conda/lib/python3.8/site-packages/airflow/example_dags/example_task_group.py took 0.066 seconds
[2024-04-08 16:58:14,443] {processor.py:153} INFO - Started process (PID=5724) to work on /opt/conda/lib/python3.8/site-packages/airflow/example_dags/example_task_group.py
[2024-04-08 16:58:14,445] {processor.py:641} INFO - Processing file /opt/conda/lib/python3.8/site-packages/airflow/example_dags/example_task_group.py for tasks to queue
[2024-04-08 16:58:14,445] {logging_mixin.py:115} INFO - [2024-04-08 16:58:14,445] {dagbag.py:508} INFO - Filling up the DagBag from /opt/conda/lib/python3.8/site-packages/airflow/example_dags/example_task_group.py
[2024-04-08 16:58:14,453] {processor.py:651} INFO - DAG(s) dict_keys(['example_task_group']) retrieved from /opt/conda/lib/python3.8/site-packages/airflow/example_dags/example_task_group.py
[2024-04-08 16:58:14,473] {logging_mixin.py:115} INFO - [2024-04-08 16:58:14,473] {dag.py:2420} INFO - Sync 1 DAGs
[2024-04-08 16:58:14,492] {logging_mixin.py:115} INFO - [2024-04-08 16:58:14,492] {dag.py:2968} INFO - Setting next_dagrun for example_task_group to 2024-04-07T16:58:14.492182+00:00, run_after=2024-04-08T16:58:14.492182+00:00
[2024-04-08 16:58:14,530] {processor.py:161} INFO - Processing /opt/conda/lib/python3.8/site-packages/airflow/example_dags/example_task_group.py took 0.090 seconds
[2024-04-08 16:59:03,377] {processor.py:153} INFO - Started process (PID=5840) to work on /opt/conda/lib/python3.8/site-packages/airflow/example_dags/example_task_group.py
[2024-04-08 16:59:03,378] {processor.py:641} INFO - Processing file /opt/conda/lib/python3.8/site-packages/airflow/example_dags/example_task_group.py for tasks to queue
[2024-04-08 16:59:03,379] {logging_mixin.py:115} INFO - [2024-04-08 16:59:03,379] {dagbag.py:508} INFO - Filling up the DagBag from /opt/conda/lib/python3.8/site-packages/airflow/example_dags/example_task_group.py
[2024-04-08 16:59:03,387] {processor.py:651} INFO - DAG(s) dict_keys(['example_task_group']) retrieved from /opt/conda/lib/python3.8/site-packages/airflow/example_dags/example_task_group.py
[2024-04-08 16:59:03,408] {logging_mixin.py:115} INFO - [2024-04-08 16:59:03,407] {dag.py:2420} INFO - Sync 1 DAGs
[2024-04-08 16:59:03,427] {logging_mixin.py:115} INFO - [2024-04-08 16:59:03,427] {dag.py:2968} INFO - Setting next_dagrun for example_task_group to 2024-04-07T16:59:03.427171+00:00, run_after=2024-04-08T16:59:03.427171+00:00
[2024-04-08 16:59:03,452] {processor.py:161} INFO - Processing /opt/conda/lib/python3.8/site-packages/airflow/example_dags/example_task_group.py took 0.079 seconds
[2024-04-08 16:59:52,104] {processor.py:153} INFO - Started process (PID=5956) to work on /opt/conda/lib/python3.8/site-packages/airflow/example_dags/example_task_group.py
[2024-04-08 16:59:52,106] {processor.py:641} INFO - Processing file /opt/conda/lib/python3.8/site-packages/airflow/example_dags/example_task_group.py for tasks to queue
[2024-04-08 16:59:52,106] {logging_mixin.py:115} INFO - [2024-04-08 16:59:52,106] {dagbag.py:508} INFO - Filling up the DagBag from /opt/conda/lib/python3.8/site-packages/airflow/example_dags/example_task_group.py
[2024-04-08 16:59:52,114] {processor.py:651} INFO - DAG(s) dict_keys(['example_task_group']) retrieved from /opt/conda/lib/python3.8/site-packages/airflow/example_dags/example_task_group.py
[2024-04-08 16:59:52,133] {logging_mixin.py:115} INFO - [2024-04-08 16:59:52,133] {dag.py:2420} INFO - Sync 1 DAGs
[2024-04-08 16:59:52,152] {logging_mixin.py:115} INFO - [2024-04-08 16:59:52,152] {dag.py:2968} INFO - Setting next_dagrun for example_task_group to 2024-04-07T16:59:52.151945+00:00, run_after=2024-04-08T16:59:52.151945+00:00
[2024-04-08 16:59:52,204] {processor.py:161} INFO - Processing /opt/conda/lib/python3.8/site-packages/airflow/example_dags/example_task_group.py took 0.103 seconds
[2024-04-08 17:01:16,818] {processor.py:153} INFO - Started process (PID=6182) to work on /opt/conda/lib/python3.8/site-packages/airflow/example_dags/example_task_group.py
[2024-04-08 17:01:16,820] {processor.py:641} INFO - Processing file /opt/conda/lib/python3.8/site-packages/airflow/example_dags/example_task_group.py for tasks to queue
[2024-04-08 17:01:16,821] {logging_mixin.py:115} INFO - [2024-04-08 17:01:16,821] {dagbag.py:508} INFO - Filling up the DagBag from /opt/conda/lib/python3.8/site-packages/airflow/example_dags/example_task_group.py
[2024-04-08 17:01:16,829] {processor.py:651} INFO - DAG(s) dict_keys(['example_task_group']) retrieved from /opt/conda/lib/python3.8/site-packages/airflow/example_dags/example_task_group.py
[2024-04-08 17:01:16,848] {logging_mixin.py:115} INFO - [2024-04-08 17:01:16,848] {dag.py:2420} INFO - Sync 1 DAGs
[2024-04-08 17:01:16,867] {logging_mixin.py:115} INFO - [2024-04-08 17:01:16,867] {dag.py:2968} INFO - Setting next_dagrun for example_task_group to 2024-04-07T17:01:16.867436+00:00, run_after=2024-04-08T17:01:16.867436+00:00
[2024-04-08 17:01:16,916] {processor.py:161} INFO - Processing /opt/conda/lib/python3.8/site-packages/airflow/example_dags/example_task_group.py took 0.101 seconds
[2024-04-08 17:02:11,736] {processor.py:153} INFO - Started process (PID=6403) to work on /opt/conda/lib/python3.8/site-packages/airflow/example_dags/example_task_group.py
[2024-04-08 17:02:11,738] {processor.py:641} INFO - Processing file /opt/conda/lib/python3.8/site-packages/airflow/example_dags/example_task_group.py for tasks to queue
[2024-04-08 17:02:11,739] {logging_mixin.py:115} INFO - [2024-04-08 17:02:11,739] {dagbag.py:508} INFO - Filling up the DagBag from /opt/conda/lib/python3.8/site-packages/airflow/example_dags/example_task_group.py
[2024-04-08 17:02:11,747] {processor.py:651} INFO - DAG(s) dict_keys(['example_task_group']) retrieved from /opt/conda/lib/python3.8/site-packages/airflow/example_dags/example_task_group.py
[2024-04-08 17:02:11,767] {logging_mixin.py:115} INFO - [2024-04-08 17:02:11,767] {dag.py:2420} INFO - Sync 1 DAGs
[2024-04-08 17:02:11,787] {logging_mixin.py:115} INFO - [2024-04-08 17:02:11,787] {dag.py:2968} INFO - Setting next_dagrun for example_task_group to 2024-04-07T17:02:11.787063+00:00, run_after=2024-04-08T17:02:11.787063+00:00
[2024-04-08 17:02:11,811] {processor.py:161} INFO - Processing /opt/conda/lib/python3.8/site-packages/airflow/example_dags/example_task_group.py took 0.079 seconds
