[2024-04-08 16:49:13,620] {processor.py:153} INFO - Started process (PID=4308) to work on /opt/conda/lib/python3.8/site-packages/airflow/example_dags/tutorial.py
[2024-04-08 16:49:13,620] {processor.py:641} INFO - Processing file /opt/conda/lib/python3.8/site-packages/airflow/example_dags/tutorial.py for tasks to queue
[2024-04-08 16:49:13,621] {logging_mixin.py:115} INFO - [2024-04-08 16:49:13,621] {dagbag.py:508} INFO - Filling up the DagBag from /opt/conda/lib/python3.8/site-packages/airflow/example_dags/tutorial.py
[2024-04-08 16:49:13,627] {processor.py:651} INFO - DAG(s) dict_keys(['tutorial']) retrieved from /opt/conda/lib/python3.8/site-packages/airflow/example_dags/tutorial.py
[2024-04-08 16:49:13,642] {logging_mixin.py:115} INFO - [2024-04-08 16:49:13,642] {dag.py:2420} INFO - Sync 1 DAGs
[2024-04-08 16:49:13,657] {logging_mixin.py:115} INFO - [2024-04-08 16:49:13,657] {dag.py:2968} INFO - Setting next_dagrun for tutorial to 2024-04-07T16:49:13.657232+00:00, run_after=2024-04-08T16:49:13.657232+00:00
[2024-04-08 16:49:13,704] {processor.py:161} INFO - Processing /opt/conda/lib/python3.8/site-packages/airflow/example_dags/tutorial.py took 0.088 seconds
[2024-04-08 16:50:07,228] {processor.py:153} INFO - Started process (PID=4429) to work on /opt/conda/lib/python3.8/site-packages/airflow/example_dags/tutorial.py
[2024-04-08 16:50:07,230] {processor.py:641} INFO - Processing file /opt/conda/lib/python3.8/site-packages/airflow/example_dags/tutorial.py for tasks to queue
[2024-04-08 16:50:07,230] {logging_mixin.py:115} INFO - [2024-04-08 16:50:07,230] {dagbag.py:508} INFO - Filling up the DagBag from /opt/conda/lib/python3.8/site-packages/airflow/example_dags/tutorial.py
[2024-04-08 16:50:07,237] {processor.py:651} INFO - DAG(s) dict_keys(['tutorial']) retrieved from /opt/conda/lib/python3.8/site-packages/airflow/example_dags/tutorial.py
[2024-04-08 16:50:07,255] {logging_mixin.py:115} INFO - [2024-04-08 16:50:07,255] {dag.py:2420} INFO - Sync 1 DAGs
[2024-04-08 16:50:07,275] {logging_mixin.py:115} INFO - [2024-04-08 16:50:07,275] {dag.py:2968} INFO - Setting next_dagrun for tutorial to 2024-04-07T16:50:07.275060+00:00, run_after=2024-04-08T16:50:07.275060+00:00
[2024-04-08 16:50:07,331] {processor.py:161} INFO - Processing /opt/conda/lib/python3.8/site-packages/airflow/example_dags/tutorial.py took 0.107 seconds
[2024-04-08 16:51:03,295] {processor.py:153} INFO - Started process (PID=4550) to work on /opt/conda/lib/python3.8/site-packages/airflow/example_dags/tutorial.py
[2024-04-08 16:51:03,296] {processor.py:641} INFO - Processing file /opt/conda/lib/python3.8/site-packages/airflow/example_dags/tutorial.py for tasks to queue
[2024-04-08 16:51:03,297] {logging_mixin.py:115} INFO - [2024-04-08 16:51:03,297] {dagbag.py:508} INFO - Filling up the DagBag from /opt/conda/lib/python3.8/site-packages/airflow/example_dags/tutorial.py
[2024-04-08 16:51:03,303] {processor.py:651} INFO - DAG(s) dict_keys(['tutorial']) retrieved from /opt/conda/lib/python3.8/site-packages/airflow/example_dags/tutorial.py
[2024-04-08 16:51:03,321] {logging_mixin.py:115} INFO - [2024-04-08 16:51:03,321] {dag.py:2420} INFO - Sync 1 DAGs
[2024-04-08 16:51:03,337] {logging_mixin.py:115} INFO - [2024-04-08 16:51:03,337] {dag.py:2968} INFO - Setting next_dagrun for tutorial to 2024-04-07T16:51:03.337259+00:00, run_after=2024-04-08T16:51:03.337259+00:00
[2024-04-08 16:51:03,357] {processor.py:161} INFO - Processing /opt/conda/lib/python3.8/site-packages/airflow/example_dags/tutorial.py took 0.066 seconds
[2024-04-08 16:52:21,409] {processor.py:153} INFO - Started process (PID=4760) to work on /opt/conda/lib/python3.8/site-packages/airflow/example_dags/tutorial.py
[2024-04-08 16:52:21,411] {processor.py:641} INFO - Processing file /opt/conda/lib/python3.8/site-packages/airflow/example_dags/tutorial.py for tasks to queue
[2024-04-08 16:52:21,411] {logging_mixin.py:115} INFO - [2024-04-08 16:52:21,411] {dagbag.py:508} INFO - Filling up the DagBag from /opt/conda/lib/python3.8/site-packages/airflow/example_dags/tutorial.py
[2024-04-08 16:52:21,418] {processor.py:651} INFO - DAG(s) dict_keys(['tutorial']) retrieved from /opt/conda/lib/python3.8/site-packages/airflow/example_dags/tutorial.py
[2024-04-08 16:52:21,434] {logging_mixin.py:115} INFO - [2024-04-08 16:52:21,434] {dag.py:2420} INFO - Sync 1 DAGs
[2024-04-08 16:52:21,454] {logging_mixin.py:115} INFO - [2024-04-08 16:52:21,454] {dag.py:2968} INFO - Setting next_dagrun for tutorial to 2024-04-07T16:52:21.454071+00:00, run_after=2024-04-08T16:52:21.454071+00:00
[2024-04-08 16:52:21,476] {processor.py:161} INFO - Processing /opt/conda/lib/python3.8/site-packages/airflow/example_dags/tutorial.py took 0.070 seconds
[2024-04-08 16:53:36,392] {processor.py:153} INFO - Started process (PID=4901) to work on /opt/conda/lib/python3.8/site-packages/airflow/example_dags/tutorial.py
[2024-04-08 16:53:36,394] {processor.py:641} INFO - Processing file /opt/conda/lib/python3.8/site-packages/airflow/example_dags/tutorial.py for tasks to queue
[2024-04-08 16:53:36,395] {logging_mixin.py:115} INFO - [2024-04-08 16:53:36,395] {dagbag.py:508} INFO - Filling up the DagBag from /opt/conda/lib/python3.8/site-packages/airflow/example_dags/tutorial.py
[2024-04-08 16:53:36,402] {processor.py:651} INFO - DAG(s) dict_keys(['tutorial']) retrieved from /opt/conda/lib/python3.8/site-packages/airflow/example_dags/tutorial.py
[2024-04-08 16:53:36,421] {logging_mixin.py:115} INFO - [2024-04-08 16:53:36,421] {dag.py:2420} INFO - Sync 1 DAGs
[2024-04-08 16:53:36,442] {logging_mixin.py:115} INFO - [2024-04-08 16:53:36,442] {dag.py:2968} INFO - Setting next_dagrun for tutorial to 2024-04-07T16:53:36.442034+00:00, run_after=2024-04-08T16:53:36.442034+00:00
[2024-04-08 16:53:36,464] {processor.py:161} INFO - Processing /opt/conda/lib/python3.8/site-packages/airflow/example_dags/tutorial.py took 0.076 seconds
[2024-04-08 16:54:48,315] {processor.py:153} INFO - Started process (PID=5108) to work on /opt/conda/lib/python3.8/site-packages/airflow/example_dags/tutorial.py
[2024-04-08 16:54:48,317] {processor.py:641} INFO - Processing file /opt/conda/lib/python3.8/site-packages/airflow/example_dags/tutorial.py for tasks to queue
[2024-04-08 16:54:48,318] {logging_mixin.py:115} INFO - [2024-04-08 16:54:48,318] {dagbag.py:508} INFO - Filling up the DagBag from /opt/conda/lib/python3.8/site-packages/airflow/example_dags/tutorial.py
[2024-04-08 16:54:48,325] {processor.py:651} INFO - DAG(s) dict_keys(['tutorial']) retrieved from /opt/conda/lib/python3.8/site-packages/airflow/example_dags/tutorial.py
[2024-04-08 16:54:48,344] {logging_mixin.py:115} INFO - [2024-04-08 16:54:48,344] {dag.py:2420} INFO - Sync 1 DAGs
[2024-04-08 16:54:48,365] {logging_mixin.py:115} INFO - [2024-04-08 16:54:48,364] {dag.py:2968} INFO - Setting next_dagrun for tutorial to 2024-04-07T16:54:48.364663+00:00, run_after=2024-04-08T16:54:48.364663+00:00
[2024-04-08 16:54:48,388] {processor.py:161} INFO - Processing /opt/conda/lib/python3.8/site-packages/airflow/example_dags/tutorial.py took 0.076 seconds
[2024-04-08 16:57:24,214] {processor.py:153} INFO - Started process (PID=5608) to work on /opt/conda/lib/python3.8/site-packages/airflow/example_dags/tutorial.py
[2024-04-08 16:57:24,215] {processor.py:641} INFO - Processing file /opt/conda/lib/python3.8/site-packages/airflow/example_dags/tutorial.py for tasks to queue
[2024-04-08 16:57:24,216] {logging_mixin.py:115} INFO - [2024-04-08 16:57:24,216] {dagbag.py:508} INFO - Filling up the DagBag from /opt/conda/lib/python3.8/site-packages/airflow/example_dags/tutorial.py
[2024-04-08 16:57:24,223] {processor.py:651} INFO - DAG(s) dict_keys(['tutorial']) retrieved from /opt/conda/lib/python3.8/site-packages/airflow/example_dags/tutorial.py
[2024-04-08 16:57:24,242] {logging_mixin.py:115} INFO - [2024-04-08 16:57:24,242] {dag.py:2420} INFO - Sync 1 DAGs
[2024-04-08 16:57:24,259] {logging_mixin.py:115} INFO - [2024-04-08 16:57:24,259] {dag.py:2968} INFO - Setting next_dagrun for tutorial to 2024-04-07T16:57:24.259335+00:00, run_after=2024-04-08T16:57:24.259335+00:00
[2024-04-08 16:57:24,281] {processor.py:161} INFO - Processing /opt/conda/lib/python3.8/site-packages/airflow/example_dags/tutorial.py took 0.072 seconds
[2024-04-08 16:58:19,592] {processor.py:153} INFO - Started process (PID=5729) to work on /opt/conda/lib/python3.8/site-packages/airflow/example_dags/tutorial.py
[2024-04-08 16:58:19,593] {processor.py:641} INFO - Processing file /opt/conda/lib/python3.8/site-packages/airflow/example_dags/tutorial.py for tasks to queue
[2024-04-08 16:58:19,594] {logging_mixin.py:115} INFO - [2024-04-08 16:58:19,594] {dagbag.py:508} INFO - Filling up the DagBag from /opt/conda/lib/python3.8/site-packages/airflow/example_dags/tutorial.py
[2024-04-08 16:58:19,600] {processor.py:651} INFO - DAG(s) dict_keys(['tutorial']) retrieved from /opt/conda/lib/python3.8/site-packages/airflow/example_dags/tutorial.py
[2024-04-08 16:58:19,617] {logging_mixin.py:115} INFO - [2024-04-08 16:58:19,616] {dag.py:2420} INFO - Sync 1 DAGs
[2024-04-08 16:58:19,632] {logging_mixin.py:115} INFO - [2024-04-08 16:58:19,632] {dag.py:2968} INFO - Setting next_dagrun for tutorial to 2024-04-07T16:58:19.632194+00:00, run_after=2024-04-08T16:58:19.632194+00:00
[2024-04-08 16:58:19,659] {processor.py:161} INFO - Processing /opt/conda/lib/python3.8/site-packages/airflow/example_dags/tutorial.py took 0.071 seconds
[2024-04-08 16:59:31,582] {processor.py:153} INFO - Started process (PID=5937) to work on /opt/conda/lib/python3.8/site-packages/airflow/example_dags/tutorial.py
[2024-04-08 16:59:31,584] {processor.py:641} INFO - Processing file /opt/conda/lib/python3.8/site-packages/airflow/example_dags/tutorial.py for tasks to queue
[2024-04-08 16:59:31,585] {logging_mixin.py:115} INFO - [2024-04-08 16:59:31,585] {dagbag.py:508} INFO - Filling up the DagBag from /opt/conda/lib/python3.8/site-packages/airflow/example_dags/tutorial.py
[2024-04-08 16:59:31,591] {processor.py:651} INFO - DAG(s) dict_keys(['tutorial']) retrieved from /opt/conda/lib/python3.8/site-packages/airflow/example_dags/tutorial.py
[2024-04-08 16:59:31,607] {logging_mixin.py:115} INFO - [2024-04-08 16:59:31,607] {dag.py:2420} INFO - Sync 1 DAGs
[2024-04-08 16:59:31,622] {logging_mixin.py:115} INFO - [2024-04-08 16:59:31,622] {dag.py:2968} INFO - Setting next_dagrun for tutorial to 2024-04-07T16:59:31.622358+00:00, run_after=2024-04-08T16:59:31.622358+00:00
[2024-04-08 16:59:31,661] {processor.py:161} INFO - Processing /opt/conda/lib/python3.8/site-packages/airflow/example_dags/tutorial.py took 0.082 seconds
[2024-04-08 17:01:21,079] {processor.py:153} INFO - Started process (PID=6186) to work on /opt/conda/lib/python3.8/site-packages/airflow/example_dags/tutorial.py
[2024-04-08 17:01:21,081] {processor.py:641} INFO - Processing file /opt/conda/lib/python3.8/site-packages/airflow/example_dags/tutorial.py for tasks to queue
[2024-04-08 17:01:21,081] {logging_mixin.py:115} INFO - [2024-04-08 17:01:21,081] {dagbag.py:508} INFO - Filling up the DagBag from /opt/conda/lib/python3.8/site-packages/airflow/example_dags/tutorial.py
[2024-04-08 17:01:21,087] {processor.py:651} INFO - DAG(s) dict_keys(['tutorial']) retrieved from /opt/conda/lib/python3.8/site-packages/airflow/example_dags/tutorial.py
[2024-04-08 17:01:21,103] {logging_mixin.py:115} INFO - [2024-04-08 17:01:21,103] {dag.py:2420} INFO - Sync 1 DAGs
[2024-04-08 17:01:21,118] {logging_mixin.py:115} INFO - [2024-04-08 17:01:21,118] {dag.py:2968} INFO - Setting next_dagrun for tutorial to 2024-04-07T17:01:21.118333+00:00, run_after=2024-04-08T17:01:21.118333+00:00
[2024-04-08 17:01:21,138] {processor.py:161} INFO - Processing /opt/conda/lib/python3.8/site-packages/airflow/example_dags/tutorial.py took 0.063 seconds
[2024-04-08 17:02:15,654] {processor.py:153} INFO - Started process (PID=6411) to work on /opt/conda/lib/python3.8/site-packages/airflow/example_dags/tutorial.py
[2024-04-08 17:02:15,655] {processor.py:641} INFO - Processing file /opt/conda/lib/python3.8/site-packages/airflow/example_dags/tutorial.py for tasks to queue
[2024-04-08 17:02:15,656] {logging_mixin.py:115} INFO - [2024-04-08 17:02:15,656] {dagbag.py:508} INFO - Filling up the DagBag from /opt/conda/lib/python3.8/site-packages/airflow/example_dags/tutorial.py
[2024-04-08 17:02:15,662] {processor.py:651} INFO - DAG(s) dict_keys(['tutorial']) retrieved from /opt/conda/lib/python3.8/site-packages/airflow/example_dags/tutorial.py
[2024-04-08 17:02:15,677] {logging_mixin.py:115} INFO - [2024-04-08 17:02:15,677] {dag.py:2420} INFO - Sync 1 DAGs
[2024-04-08 17:02:15,692] {logging_mixin.py:115} INFO - [2024-04-08 17:02:15,692] {dag.py:2968} INFO - Setting next_dagrun for tutorial to 2024-04-07T17:02:15.692309+00:00, run_after=2024-04-08T17:02:15.692309+00:00
[2024-04-08 17:02:15,730] {processor.py:161} INFO - Processing /opt/conda/lib/python3.8/site-packages/airflow/example_dags/tutorial.py took 0.080 seconds
