[2024-04-08 16:49:12,452] {processor.py:153} INFO - Started process (PID=4307) to work on /opt/conda/lib/python3.8/site-packages/airflow/example_dags/tutorial_etl_dag.py
[2024-04-08 16:49:12,453] {processor.py:641} INFO - Processing file /opt/conda/lib/python3.8/site-packages/airflow/example_dags/tutorial_etl_dag.py for tasks to queue
[2024-04-08 16:49:12,453] {logging_mixin.py:115} INFO - [2024-04-08 16:49:12,453] {dagbag.py:508} INFO - Filling up the DagBag from /opt/conda/lib/python3.8/site-packages/airflow/example_dags/tutorial_etl_dag.py
[2024-04-08 16:49:12,461] {processor.py:651} INFO - DAG(s) dict_keys(['tutorial_etl_dag']) retrieved from /opt/conda/lib/python3.8/site-packages/airflow/example_dags/tutorial_etl_dag.py
[2024-04-08 16:49:12,476] {logging_mixin.py:115} INFO - [2024-04-08 16:49:12,475] {dag.py:2420} INFO - Sync 1 DAGs
[2024-04-08 16:49:12,490] {logging_mixin.py:115} INFO - [2024-04-08 16:49:12,490] {dag.py:2968} INFO - Setting next_dagrun for tutorial_etl_dag to None, run_after=None
[2024-04-08 16:49:12,510] {processor.py:161} INFO - Processing /opt/conda/lib/python3.8/site-packages/airflow/example_dags/tutorial_etl_dag.py took 0.062 seconds
[2024-04-08 16:50:06,031] {processor.py:153} INFO - Started process (PID=4428) to work on /opt/conda/lib/python3.8/site-packages/airflow/example_dags/tutorial_etl_dag.py
[2024-04-08 16:50:06,032] {processor.py:641} INFO - Processing file /opt/conda/lib/python3.8/site-packages/airflow/example_dags/tutorial_etl_dag.py for tasks to queue
[2024-04-08 16:50:06,033] {logging_mixin.py:115} INFO - [2024-04-08 16:50:06,033] {dagbag.py:508} INFO - Filling up the DagBag from /opt/conda/lib/python3.8/site-packages/airflow/example_dags/tutorial_etl_dag.py
[2024-04-08 16:50:06,041] {processor.py:651} INFO - DAG(s) dict_keys(['tutorial_etl_dag']) retrieved from /opt/conda/lib/python3.8/site-packages/airflow/example_dags/tutorial_etl_dag.py
[2024-04-08 16:50:06,056] {logging_mixin.py:115} INFO - [2024-04-08 16:50:06,056] {dag.py:2420} INFO - Sync 1 DAGs
[2024-04-08 16:50:06,071] {logging_mixin.py:115} INFO - [2024-04-08 16:50:06,071] {dag.py:2968} INFO - Setting next_dagrun for tutorial_etl_dag to None, run_after=None
[2024-04-08 16:50:06,091] {processor.py:161} INFO - Processing /opt/conda/lib/python3.8/site-packages/airflow/example_dags/tutorial_etl_dag.py took 0.063 seconds
[2024-04-08 16:51:02,716] {processor.py:153} INFO - Started process (PID=4549) to work on /opt/conda/lib/python3.8/site-packages/airflow/example_dags/tutorial_etl_dag.py
[2024-04-08 16:51:02,718] {processor.py:641} INFO - Processing file /opt/conda/lib/python3.8/site-packages/airflow/example_dags/tutorial_etl_dag.py for tasks to queue
[2024-04-08 16:51:02,719] {logging_mixin.py:115} INFO - [2024-04-08 16:51:02,718] {dagbag.py:508} INFO - Filling up the DagBag from /opt/conda/lib/python3.8/site-packages/airflow/example_dags/tutorial_etl_dag.py
[2024-04-08 16:51:02,727] {processor.py:651} INFO - DAG(s) dict_keys(['tutorial_etl_dag']) retrieved from /opt/conda/lib/python3.8/site-packages/airflow/example_dags/tutorial_etl_dag.py
[2024-04-08 16:51:02,745] {logging_mixin.py:115} INFO - [2024-04-08 16:51:02,745] {dag.py:2420} INFO - Sync 1 DAGs
[2024-04-08 16:51:02,764] {logging_mixin.py:115} INFO - [2024-04-08 16:51:02,764] {dag.py:2968} INFO - Setting next_dagrun for tutorial_etl_dag to None, run_after=None
[2024-04-08 16:51:02,787] {processor.py:161} INFO - Processing /opt/conda/lib/python3.8/site-packages/airflow/example_dags/tutorial_etl_dag.py took 0.075 seconds
[2024-04-08 16:52:20,131] {processor.py:153} INFO - Started process (PID=4759) to work on /opt/conda/lib/python3.8/site-packages/airflow/example_dags/tutorial_etl_dag.py
[2024-04-08 16:52:20,133] {processor.py:641} INFO - Processing file /opt/conda/lib/python3.8/site-packages/airflow/example_dags/tutorial_etl_dag.py for tasks to queue
[2024-04-08 16:52:20,133] {logging_mixin.py:115} INFO - [2024-04-08 16:52:20,133] {dagbag.py:508} INFO - Filling up the DagBag from /opt/conda/lib/python3.8/site-packages/airflow/example_dags/tutorial_etl_dag.py
[2024-04-08 16:52:20,141] {processor.py:651} INFO - DAG(s) dict_keys(['tutorial_etl_dag']) retrieved from /opt/conda/lib/python3.8/site-packages/airflow/example_dags/tutorial_etl_dag.py
[2024-04-08 16:52:20,159] {logging_mixin.py:115} INFO - [2024-04-08 16:52:20,159] {dag.py:2420} INFO - Sync 1 DAGs
[2024-04-08 16:52:20,178] {logging_mixin.py:115} INFO - [2024-04-08 16:52:20,178] {dag.py:2968} INFO - Setting next_dagrun for tutorial_etl_dag to None, run_after=None
[2024-04-08 16:52:20,228] {processor.py:161} INFO - Processing /opt/conda/lib/python3.8/site-packages/airflow/example_dags/tutorial_etl_dag.py took 0.100 seconds
[2024-04-08 16:53:11,644] {processor.py:153} INFO - Started process (PID=4878) to work on /opt/conda/lib/python3.8/site-packages/airflow/example_dags/tutorial_etl_dag.py
[2024-04-08 16:53:11,646] {processor.py:641} INFO - Processing file /opt/conda/lib/python3.8/site-packages/airflow/example_dags/tutorial_etl_dag.py for tasks to queue
[2024-04-08 16:53:11,647] {logging_mixin.py:115} INFO - [2024-04-08 16:53:11,646] {dagbag.py:508} INFO - Filling up the DagBag from /opt/conda/lib/python3.8/site-packages/airflow/example_dags/tutorial_etl_dag.py
[2024-04-08 16:53:11,655] {processor.py:651} INFO - DAG(s) dict_keys(['tutorial_etl_dag']) retrieved from /opt/conda/lib/python3.8/site-packages/airflow/example_dags/tutorial_etl_dag.py
[2024-04-08 16:53:11,672] {logging_mixin.py:115} INFO - [2024-04-08 16:53:11,672] {dag.py:2420} INFO - Sync 1 DAGs
[2024-04-08 16:53:11,687] {logging_mixin.py:115} INFO - [2024-04-08 16:53:11,687] {dag.py:2968} INFO - Setting next_dagrun for tutorial_etl_dag to None, run_after=None
[2024-04-08 16:53:11,712] {processor.py:161} INFO - Processing /opt/conda/lib/python3.8/site-packages/airflow/example_dags/tutorial_etl_dag.py took 0.071 seconds
[2024-04-08 16:54:22,637] {processor.py:153} INFO - Started process (PID=5016) to work on /opt/conda/lib/python3.8/site-packages/airflow/example_dags/tutorial_etl_dag.py
[2024-04-08 16:54:22,638] {processor.py:641} INFO - Processing file /opt/conda/lib/python3.8/site-packages/airflow/example_dags/tutorial_etl_dag.py for tasks to queue
[2024-04-08 16:54:22,639] {logging_mixin.py:115} INFO - [2024-04-08 16:54:22,639] {dagbag.py:508} INFO - Filling up the DagBag from /opt/conda/lib/python3.8/site-packages/airflow/example_dags/tutorial_etl_dag.py
[2024-04-08 16:54:22,646] {processor.py:651} INFO - DAG(s) dict_keys(['tutorial_etl_dag']) retrieved from /opt/conda/lib/python3.8/site-packages/airflow/example_dags/tutorial_etl_dag.py
[2024-04-08 16:54:22,660] {logging_mixin.py:115} INFO - [2024-04-08 16:54:22,660] {dag.py:2420} INFO - Sync 1 DAGs
[2024-04-08 16:54:22,674] {logging_mixin.py:115} INFO - [2024-04-08 16:54:22,674] {dag.py:2968} INFO - Setting next_dagrun for tutorial_etl_dag to None, run_after=None
[2024-04-08 16:54:22,695] {processor.py:161} INFO - Processing /opt/conda/lib/python3.8/site-packages/airflow/example_dags/tutorial_etl_dag.py took 0.061 seconds
[2024-04-08 16:56:39,068] {processor.py:153} INFO - Started process (PID=5506) to work on /opt/conda/lib/python3.8/site-packages/airflow/example_dags/tutorial_etl_dag.py
[2024-04-08 16:56:39,070] {processor.py:641} INFO - Processing file /opt/conda/lib/python3.8/site-packages/airflow/example_dags/tutorial_etl_dag.py for tasks to queue
[2024-04-08 16:56:39,071] {logging_mixin.py:115} INFO - [2024-04-08 16:56:39,071] {dagbag.py:508} INFO - Filling up the DagBag from /opt/conda/lib/python3.8/site-packages/airflow/example_dags/tutorial_etl_dag.py
[2024-04-08 16:56:39,078] {processor.py:651} INFO - DAG(s) dict_keys(['tutorial_etl_dag']) retrieved from /opt/conda/lib/python3.8/site-packages/airflow/example_dags/tutorial_etl_dag.py
[2024-04-08 16:56:39,096] {logging_mixin.py:115} INFO - [2024-04-08 16:56:39,096] {dag.py:2420} INFO - Sync 1 DAGs
[2024-04-08 16:56:39,115] {logging_mixin.py:115} INFO - [2024-04-08 16:56:39,115] {dag.py:2968} INFO - Setting next_dagrun for tutorial_etl_dag to None, run_after=None
[2024-04-08 16:56:39,137] {processor.py:161} INFO - Processing /opt/conda/lib/python3.8/site-packages/airflow/example_dags/tutorial_etl_dag.py took 0.073 seconds
[2024-04-08 16:57:54,237] {processor.py:153} INFO - Started process (PID=5705) to work on /opt/conda/lib/python3.8/site-packages/airflow/example_dags/tutorial_etl_dag.py
[2024-04-08 16:57:54,239] {processor.py:641} INFO - Processing file /opt/conda/lib/python3.8/site-packages/airflow/example_dags/tutorial_etl_dag.py for tasks to queue
[2024-04-08 16:57:54,240] {logging_mixin.py:115} INFO - [2024-04-08 16:57:54,240] {dagbag.py:508} INFO - Filling up the DagBag from /opt/conda/lib/python3.8/site-packages/airflow/example_dags/tutorial_etl_dag.py
[2024-04-08 16:57:54,249] {processor.py:651} INFO - DAG(s) dict_keys(['tutorial_etl_dag']) retrieved from /opt/conda/lib/python3.8/site-packages/airflow/example_dags/tutorial_etl_dag.py
[2024-04-08 16:57:54,268] {logging_mixin.py:115} INFO - [2024-04-08 16:57:54,268] {dag.py:2420} INFO - Sync 1 DAGs
[2024-04-08 16:57:54,285] {logging_mixin.py:115} INFO - [2024-04-08 16:57:54,285] {dag.py:2968} INFO - Setting next_dagrun for tutorial_etl_dag to None, run_after=None
[2024-04-08 16:57:54,315] {processor.py:161} INFO - Processing /opt/conda/lib/python3.8/site-packages/airflow/example_dags/tutorial_etl_dag.py took 0.082 seconds
[2024-04-08 16:59:09,330] {processor.py:153} INFO - Started process (PID=5846) to work on /opt/conda/lib/python3.8/site-packages/airflow/example_dags/tutorial_etl_dag.py
[2024-04-08 16:59:09,332] {processor.py:641} INFO - Processing file /opt/conda/lib/python3.8/site-packages/airflow/example_dags/tutorial_etl_dag.py for tasks to queue
[2024-04-08 16:59:09,332] {logging_mixin.py:115} INFO - [2024-04-08 16:59:09,332] {dagbag.py:508} INFO - Filling up the DagBag from /opt/conda/lib/python3.8/site-packages/airflow/example_dags/tutorial_etl_dag.py
[2024-04-08 16:59:09,340] {processor.py:651} INFO - DAG(s) dict_keys(['tutorial_etl_dag']) retrieved from /opt/conda/lib/python3.8/site-packages/airflow/example_dags/tutorial_etl_dag.py
[2024-04-08 16:59:09,355] {logging_mixin.py:115} INFO - [2024-04-08 16:59:09,355] {dag.py:2420} INFO - Sync 1 DAGs
[2024-04-08 16:59:09,370] {logging_mixin.py:115} INFO - [2024-04-08 16:59:09,370] {dag.py:2968} INFO - Setting next_dagrun for tutorial_etl_dag to None, run_after=None
[2024-04-08 16:59:09,390] {processor.py:161} INFO - Processing /opt/conda/lib/python3.8/site-packages/airflow/example_dags/tutorial_etl_dag.py took 0.063 seconds
[2024-04-08 17:00:48,459] {processor.py:153} INFO - Started process (PID=6133) to work on /opt/conda/lib/python3.8/site-packages/airflow/example_dags/tutorial_etl_dag.py
[2024-04-08 17:00:48,462] {processor.py:641} INFO - Processing file /opt/conda/lib/python3.8/site-packages/airflow/example_dags/tutorial_etl_dag.py for tasks to queue
[2024-04-08 17:00:48,462] {logging_mixin.py:115} INFO - [2024-04-08 17:00:48,462] {dagbag.py:508} INFO - Filling up the DagBag from /opt/conda/lib/python3.8/site-packages/airflow/example_dags/tutorial_etl_dag.py
[2024-04-08 17:00:48,470] {processor.py:651} INFO - DAG(s) dict_keys(['tutorial_etl_dag']) retrieved from /opt/conda/lib/python3.8/site-packages/airflow/example_dags/tutorial_etl_dag.py
[2024-04-08 17:00:48,485] {logging_mixin.py:115} INFO - [2024-04-08 17:00:48,485] {dag.py:2420} INFO - Sync 1 DAGs
[2024-04-08 17:00:48,500] {logging_mixin.py:115} INFO - [2024-04-08 17:00:48,500] {dag.py:2968} INFO - Setting next_dagrun for tutorial_etl_dag to None, run_after=None
[2024-04-08 17:00:48,519] {processor.py:161} INFO - Processing /opt/conda/lib/python3.8/site-packages/airflow/example_dags/tutorial_etl_dag.py took 0.064 seconds
[2024-04-08 17:01:50,695] {processor.py:153} INFO - Started process (PID=6283) to work on /opt/conda/lib/python3.8/site-packages/airflow/example_dags/tutorial_etl_dag.py
[2024-04-08 17:01:50,697] {processor.py:641} INFO - Processing file /opt/conda/lib/python3.8/site-packages/airflow/example_dags/tutorial_etl_dag.py for tasks to queue
[2024-04-08 17:01:50,698] {logging_mixin.py:115} INFO - [2024-04-08 17:01:50,698] {dagbag.py:508} INFO - Filling up the DagBag from /opt/conda/lib/python3.8/site-packages/airflow/example_dags/tutorial_etl_dag.py
[2024-04-08 17:01:50,705] {processor.py:651} INFO - DAG(s) dict_keys(['tutorial_etl_dag']) retrieved from /opt/conda/lib/python3.8/site-packages/airflow/example_dags/tutorial_etl_dag.py
[2024-04-08 17:01:50,721] {logging_mixin.py:115} INFO - [2024-04-08 17:01:50,721] {dag.py:2420} INFO - Sync 1 DAGs
[2024-04-08 17:01:50,735] {logging_mixin.py:115} INFO - [2024-04-08 17:01:50,735] {dag.py:2968} INFO - Setting next_dagrun for tutorial_etl_dag to None, run_after=None
[2024-04-08 17:01:50,766] {processor.py:161} INFO - Processing /opt/conda/lib/python3.8/site-packages/airflow/example_dags/tutorial_etl_dag.py took 0.074 seconds
[2024-04-08 17:02:59,303] {processor.py:153} INFO - Started process (PID=6604) to work on /opt/conda/lib/python3.8/site-packages/airflow/example_dags/tutorial_etl_dag.py
[2024-04-08 17:02:59,305] {processor.py:641} INFO - Processing file /opt/conda/lib/python3.8/site-packages/airflow/example_dags/tutorial_etl_dag.py for tasks to queue
[2024-04-08 17:02:59,305] {logging_mixin.py:115} INFO - [2024-04-08 17:02:59,305] {dagbag.py:508} INFO - Filling up the DagBag from /opt/conda/lib/python3.8/site-packages/airflow/example_dags/tutorial_etl_dag.py
[2024-04-08 17:02:59,313] {processor.py:651} INFO - DAG(s) dict_keys(['tutorial_etl_dag']) retrieved from /opt/conda/lib/python3.8/site-packages/airflow/example_dags/tutorial_etl_dag.py
[2024-04-08 17:02:59,331] {logging_mixin.py:115} INFO - [2024-04-08 17:02:59,331] {dag.py:2420} INFO - Sync 1 DAGs
[2024-04-08 17:02:59,350] {logging_mixin.py:115} INFO - [2024-04-08 17:02:59,350] {dag.py:2968} INFO - Setting next_dagrun for tutorial_etl_dag to None, run_after=None
[2024-04-08 17:02:59,373] {processor.py:161} INFO - Processing /opt/conda/lib/python3.8/site-packages/airflow/example_dags/tutorial_etl_dag.py took 0.074 seconds
