[2024-04-06 13:35:40,931] {processor.py:153} INFO - Started process (PID=6678) to work on /home/airflow/dags/lead_scoring_inference_pipeline/.ipynb_checkpoints/constants-checkpoint.py
[2024-04-06 13:35:40,932] {processor.py:641} INFO - Processing file /home/airflow/dags/lead_scoring_inference_pipeline/.ipynb_checkpoints/constants-checkpoint.py for tasks to queue
[2024-04-06 13:35:40,932] {logging_mixin.py:115} INFO - [2024-04-06 13:35:40,932] {dagbag.py:508} INFO - Filling up the DagBag from /home/airflow/dags/lead_scoring_inference_pipeline/.ipynb_checkpoints/constants-checkpoint.py
[2024-04-06 13:35:40,934] {processor.py:653} WARNING - No viable dags retrieved from /home/airflow/dags/lead_scoring_inference_pipeline/.ipynb_checkpoints/constants-checkpoint.py
[2024-04-06 13:35:40,948] {processor.py:161} INFO - Processing /home/airflow/dags/lead_scoring_inference_pipeline/.ipynb_checkpoints/constants-checkpoint.py took 0.020 seconds
[2024-04-06 13:37:06,251] {processor.py:153} INFO - Started process (PID=6861) to work on /home/airflow/dags/lead_scoring_inference_pipeline/.ipynb_checkpoints/constants-checkpoint.py
[2024-04-06 13:37:06,252] {processor.py:641} INFO - Processing file /home/airflow/dags/lead_scoring_inference_pipeline/.ipynb_checkpoints/constants-checkpoint.py for tasks to queue
[2024-04-06 13:37:06,253] {logging_mixin.py:115} INFO - [2024-04-06 13:37:06,253] {dagbag.py:508} INFO - Filling up the DagBag from /home/airflow/dags/lead_scoring_inference_pipeline/.ipynb_checkpoints/constants-checkpoint.py
[2024-04-06 13:37:06,254] {processor.py:653} WARNING - No viable dags retrieved from /home/airflow/dags/lead_scoring_inference_pipeline/.ipynb_checkpoints/constants-checkpoint.py
[2024-04-06 13:37:06,268] {processor.py:161} INFO - Processing /home/airflow/dags/lead_scoring_inference_pipeline/.ipynb_checkpoints/constants-checkpoint.py took 0.020 seconds
[2024-04-06 13:37:58,804] {processor.py:153} INFO - Started process (PID=6975) to work on /home/airflow/dags/lead_scoring_inference_pipeline/.ipynb_checkpoints/constants-checkpoint.py
[2024-04-06 13:37:58,805] {processor.py:641} INFO - Processing file /home/airflow/dags/lead_scoring_inference_pipeline/.ipynb_checkpoints/constants-checkpoint.py for tasks to queue
[2024-04-06 13:37:58,806] {logging_mixin.py:115} INFO - [2024-04-06 13:37:58,806] {dagbag.py:508} INFO - Filling up the DagBag from /home/airflow/dags/lead_scoring_inference_pipeline/.ipynb_checkpoints/constants-checkpoint.py
[2024-04-06 13:37:58,807] {processor.py:653} WARNING - No viable dags retrieved from /home/airflow/dags/lead_scoring_inference_pipeline/.ipynb_checkpoints/constants-checkpoint.py
[2024-04-06 13:37:58,822] {processor.py:161} INFO - Processing /home/airflow/dags/lead_scoring_inference_pipeline/.ipynb_checkpoints/constants-checkpoint.py took 0.022 seconds
[2024-04-06 13:38:54,323] {processor.py:153} INFO - Started process (PID=7091) to work on /home/airflow/dags/lead_scoring_inference_pipeline/.ipynb_checkpoints/constants-checkpoint.py
[2024-04-06 13:38:54,325] {processor.py:641} INFO - Processing file /home/airflow/dags/lead_scoring_inference_pipeline/.ipynb_checkpoints/constants-checkpoint.py for tasks to queue
[2024-04-06 13:38:54,325] {logging_mixin.py:115} INFO - [2024-04-06 13:38:54,325] {dagbag.py:508} INFO - Filling up the DagBag from /home/airflow/dags/lead_scoring_inference_pipeline/.ipynb_checkpoints/constants-checkpoint.py
[2024-04-06 13:38:54,327] {processor.py:653} WARNING - No viable dags retrieved from /home/airflow/dags/lead_scoring_inference_pipeline/.ipynb_checkpoints/constants-checkpoint.py
[2024-04-06 13:38:54,342] {processor.py:161} INFO - Processing /home/airflow/dags/lead_scoring_inference_pipeline/.ipynb_checkpoints/constants-checkpoint.py took 0.022 seconds
[2024-04-06 13:39:48,712] {processor.py:153} INFO - Started process (PID=7206) to work on /home/airflow/dags/lead_scoring_inference_pipeline/.ipynb_checkpoints/constants-checkpoint.py
[2024-04-06 13:39:48,714] {processor.py:641} INFO - Processing file /home/airflow/dags/lead_scoring_inference_pipeline/.ipynb_checkpoints/constants-checkpoint.py for tasks to queue
[2024-04-06 13:39:48,714] {logging_mixin.py:115} INFO - [2024-04-06 13:39:48,714] {dagbag.py:508} INFO - Filling up the DagBag from /home/airflow/dags/lead_scoring_inference_pipeline/.ipynb_checkpoints/constants-checkpoint.py
[2024-04-06 13:39:48,716] {processor.py:653} WARNING - No viable dags retrieved from /home/airflow/dags/lead_scoring_inference_pipeline/.ipynb_checkpoints/constants-checkpoint.py
[2024-04-06 13:39:48,731] {processor.py:161} INFO - Processing /home/airflow/dags/lead_scoring_inference_pipeline/.ipynb_checkpoints/constants-checkpoint.py took 0.022 seconds
[2024-04-06 13:40:46,207] {processor.py:153} INFO - Started process (PID=7320) to work on /home/airflow/dags/lead_scoring_inference_pipeline/.ipynb_checkpoints/constants-checkpoint.py
[2024-04-06 13:40:46,208] {processor.py:641} INFO - Processing file /home/airflow/dags/lead_scoring_inference_pipeline/.ipynb_checkpoints/constants-checkpoint.py for tasks to queue
[2024-04-06 13:40:46,209] {logging_mixin.py:115} INFO - [2024-04-06 13:40:46,209] {dagbag.py:508} INFO - Filling up the DagBag from /home/airflow/dags/lead_scoring_inference_pipeline/.ipynb_checkpoints/constants-checkpoint.py
[2024-04-06 13:40:46,211] {processor.py:653} WARNING - No viable dags retrieved from /home/airflow/dags/lead_scoring_inference_pipeline/.ipynb_checkpoints/constants-checkpoint.py
[2024-04-06 13:40:46,222] {processor.py:161} INFO - Processing /home/airflow/dags/lead_scoring_inference_pipeline/.ipynb_checkpoints/constants-checkpoint.py took 0.019 seconds
[2024-04-06 13:41:43,683] {processor.py:153} INFO - Started process (PID=7428) to work on /home/airflow/dags/lead_scoring_inference_pipeline/.ipynb_checkpoints/constants-checkpoint.py
[2024-04-06 13:41:43,684] {processor.py:641} INFO - Processing file /home/airflow/dags/lead_scoring_inference_pipeline/.ipynb_checkpoints/constants-checkpoint.py for tasks to queue
[2024-04-06 13:41:43,685] {logging_mixin.py:115} INFO - [2024-04-06 13:41:43,685] {dagbag.py:508} INFO - Filling up the DagBag from /home/airflow/dags/lead_scoring_inference_pipeline/.ipynb_checkpoints/constants-checkpoint.py
[2024-04-06 13:41:43,687] {processor.py:653} WARNING - No viable dags retrieved from /home/airflow/dags/lead_scoring_inference_pipeline/.ipynb_checkpoints/constants-checkpoint.py
[2024-04-06 13:41:43,698] {processor.py:161} INFO - Processing /home/airflow/dags/lead_scoring_inference_pipeline/.ipynb_checkpoints/constants-checkpoint.py took 0.019 seconds
[2024-04-06 13:42:16,425] {processor.py:153} INFO - Started process (PID=7519) to work on /home/airflow/dags/lead_scoring_inference_pipeline/.ipynb_checkpoints/constants-checkpoint.py
[2024-04-06 13:42:16,437] {processor.py:641} INFO - Processing file /home/airflow/dags/lead_scoring_inference_pipeline/.ipynb_checkpoints/constants-checkpoint.py for tasks to queue
[2024-04-06 13:42:16,438] {logging_mixin.py:115} INFO - [2024-04-06 13:42:16,437] {dagbag.py:508} INFO - Filling up the DagBag from /home/airflow/dags/lead_scoring_inference_pipeline/.ipynb_checkpoints/constants-checkpoint.py
[2024-04-06 13:42:16,439] {processor.py:653} WARNING - No viable dags retrieved from /home/airflow/dags/lead_scoring_inference_pipeline/.ipynb_checkpoints/constants-checkpoint.py
[2024-04-06 13:42:16,450] {processor.py:161} INFO - Processing /home/airflow/dags/lead_scoring_inference_pipeline/.ipynb_checkpoints/constants-checkpoint.py took 0.027 seconds
[2024-04-06 13:42:55,983] {processor.py:153} INFO - Started process (PID=7559) to work on /home/airflow/dags/lead_scoring_inference_pipeline/.ipynb_checkpoints/constants-checkpoint.py
[2024-04-06 13:42:55,984] {processor.py:641} INFO - Processing file /home/airflow/dags/lead_scoring_inference_pipeline/.ipynb_checkpoints/constants-checkpoint.py for tasks to queue
[2024-04-06 13:42:55,985] {logging_mixin.py:115} INFO - [2024-04-06 13:42:55,985] {dagbag.py:508} INFO - Filling up the DagBag from /home/airflow/dags/lead_scoring_inference_pipeline/.ipynb_checkpoints/constants-checkpoint.py
[2024-04-06 13:42:55,987] {processor.py:653} WARNING - No viable dags retrieved from /home/airflow/dags/lead_scoring_inference_pipeline/.ipynb_checkpoints/constants-checkpoint.py
[2024-04-06 13:42:55,999] {processor.py:161} INFO - Processing /home/airflow/dags/lead_scoring_inference_pipeline/.ipynb_checkpoints/constants-checkpoint.py took 0.020 seconds
[2024-04-06 13:43:31,979] {processor.py:153} INFO - Started process (PID=7648) to work on /home/airflow/dags/lead_scoring_inference_pipeline/.ipynb_checkpoints/constants-checkpoint.py
[2024-04-06 13:43:31,980] {processor.py:641} INFO - Processing file /home/airflow/dags/lead_scoring_inference_pipeline/.ipynb_checkpoints/constants-checkpoint.py for tasks to queue
[2024-04-06 13:43:31,981] {logging_mixin.py:115} INFO - [2024-04-06 13:43:31,981] {dagbag.py:508} INFO - Filling up the DagBag from /home/airflow/dags/lead_scoring_inference_pipeline/.ipynb_checkpoints/constants-checkpoint.py
[2024-04-06 13:43:31,982] {processor.py:653} WARNING - No viable dags retrieved from /home/airflow/dags/lead_scoring_inference_pipeline/.ipynb_checkpoints/constants-checkpoint.py
[2024-04-06 13:43:31,993] {processor.py:161} INFO - Processing /home/airflow/dags/lead_scoring_inference_pipeline/.ipynb_checkpoints/constants-checkpoint.py took 0.018 seconds
[2024-04-06 13:44:28,907] {processor.py:153} INFO - Started process (PID=7756) to work on /home/airflow/dags/lead_scoring_inference_pipeline/.ipynb_checkpoints/constants-checkpoint.py
[2024-04-06 13:44:28,909] {processor.py:641} INFO - Processing file /home/airflow/dags/lead_scoring_inference_pipeline/.ipynb_checkpoints/constants-checkpoint.py for tasks to queue
[2024-04-06 13:44:28,909] {logging_mixin.py:115} INFO - [2024-04-06 13:44:28,909] {dagbag.py:508} INFO - Filling up the DagBag from /home/airflow/dags/lead_scoring_inference_pipeline/.ipynb_checkpoints/constants-checkpoint.py
[2024-04-06 13:44:28,911] {processor.py:653} WARNING - No viable dags retrieved from /home/airflow/dags/lead_scoring_inference_pipeline/.ipynb_checkpoints/constants-checkpoint.py
[2024-04-06 13:44:28,922] {processor.py:161} INFO - Processing /home/airflow/dags/lead_scoring_inference_pipeline/.ipynb_checkpoints/constants-checkpoint.py took 0.019 seconds
[2024-04-06 13:45:23,291] {processor.py:153} INFO - Started process (PID=7863) to work on /home/airflow/dags/lead_scoring_inference_pipeline/.ipynb_checkpoints/constants-checkpoint.py
[2024-04-06 13:45:23,293] {processor.py:641} INFO - Processing file /home/airflow/dags/lead_scoring_inference_pipeline/.ipynb_checkpoints/constants-checkpoint.py for tasks to queue
[2024-04-06 13:45:23,293] {logging_mixin.py:115} INFO - [2024-04-06 13:45:23,293] {dagbag.py:508} INFO - Filling up the DagBag from /home/airflow/dags/lead_scoring_inference_pipeline/.ipynb_checkpoints/constants-checkpoint.py
[2024-04-06 13:45:23,295] {processor.py:653} WARNING - No viable dags retrieved from /home/airflow/dags/lead_scoring_inference_pipeline/.ipynb_checkpoints/constants-checkpoint.py
[2024-04-06 13:45:23,307] {processor.py:161} INFO - Processing /home/airflow/dags/lead_scoring_inference_pipeline/.ipynb_checkpoints/constants-checkpoint.py took 0.020 seconds
[2024-04-06 13:46:13,227] {processor.py:153} INFO - Started process (PID=7968) to work on /home/airflow/dags/lead_scoring_inference_pipeline/.ipynb_checkpoints/constants-checkpoint.py
[2024-04-06 13:46:13,229] {processor.py:641} INFO - Processing file /home/airflow/dags/lead_scoring_inference_pipeline/.ipynb_checkpoints/constants-checkpoint.py for tasks to queue
[2024-04-06 13:46:13,229] {logging_mixin.py:115} INFO - [2024-04-06 13:46:13,229] {dagbag.py:508} INFO - Filling up the DagBag from /home/airflow/dags/lead_scoring_inference_pipeline/.ipynb_checkpoints/constants-checkpoint.py
[2024-04-06 13:46:13,231] {processor.py:653} WARNING - No viable dags retrieved from /home/airflow/dags/lead_scoring_inference_pipeline/.ipynb_checkpoints/constants-checkpoint.py
[2024-04-06 13:46:13,243] {processor.py:161} INFO - Processing /home/airflow/dags/lead_scoring_inference_pipeline/.ipynb_checkpoints/constants-checkpoint.py took 0.020 seconds
[2024-04-06 13:46:58,915] {processor.py:153} INFO - Started process (PID=8070) to work on /home/airflow/dags/lead_scoring_inference_pipeline/.ipynb_checkpoints/constants-checkpoint.py
[2024-04-06 13:46:58,917] {processor.py:641} INFO - Processing file /home/airflow/dags/lead_scoring_inference_pipeline/.ipynb_checkpoints/constants-checkpoint.py for tasks to queue
[2024-04-06 13:46:58,917] {logging_mixin.py:115} INFO - [2024-04-06 13:46:58,917] {dagbag.py:508} INFO - Filling up the DagBag from /home/airflow/dags/lead_scoring_inference_pipeline/.ipynb_checkpoints/constants-checkpoint.py
[2024-04-06 13:46:58,919] {processor.py:653} WARNING - No viable dags retrieved from /home/airflow/dags/lead_scoring_inference_pipeline/.ipynb_checkpoints/constants-checkpoint.py
[2024-04-06 13:46:58,930] {processor.py:161} INFO - Processing /home/airflow/dags/lead_scoring_inference_pipeline/.ipynb_checkpoints/constants-checkpoint.py took 0.018 seconds
[2024-04-06 13:47:46,041] {processor.py:153} INFO - Started process (PID=8173) to work on /home/airflow/dags/lead_scoring_inference_pipeline/.ipynb_checkpoints/constants-checkpoint.py
[2024-04-06 13:47:46,043] {processor.py:641} INFO - Processing file /home/airflow/dags/lead_scoring_inference_pipeline/.ipynb_checkpoints/constants-checkpoint.py for tasks to queue
[2024-04-06 13:47:46,043] {logging_mixin.py:115} INFO - [2024-04-06 13:47:46,043] {dagbag.py:508} INFO - Filling up the DagBag from /home/airflow/dags/lead_scoring_inference_pipeline/.ipynb_checkpoints/constants-checkpoint.py
[2024-04-06 13:47:46,045] {processor.py:653} WARNING - No viable dags retrieved from /home/airflow/dags/lead_scoring_inference_pipeline/.ipynb_checkpoints/constants-checkpoint.py
[2024-04-06 13:47:46,056] {processor.py:161} INFO - Processing /home/airflow/dags/lead_scoring_inference_pipeline/.ipynb_checkpoints/constants-checkpoint.py took 0.019 seconds
[2024-04-06 13:48:35,928] {processor.py:153} INFO - Started process (PID=8278) to work on /home/airflow/dags/lead_scoring_inference_pipeline/.ipynb_checkpoints/constants-checkpoint.py
[2024-04-06 13:48:35,930] {processor.py:641} INFO - Processing file /home/airflow/dags/lead_scoring_inference_pipeline/.ipynb_checkpoints/constants-checkpoint.py for tasks to queue
[2024-04-06 13:48:35,931] {logging_mixin.py:115} INFO - [2024-04-06 13:48:35,931] {dagbag.py:508} INFO - Filling up the DagBag from /home/airflow/dags/lead_scoring_inference_pipeline/.ipynb_checkpoints/constants-checkpoint.py
[2024-04-06 13:48:35,932] {processor.py:653} WARNING - No viable dags retrieved from /home/airflow/dags/lead_scoring_inference_pipeline/.ipynb_checkpoints/constants-checkpoint.py
[2024-04-06 13:48:35,945] {processor.py:161} INFO - Processing /home/airflow/dags/lead_scoring_inference_pipeline/.ipynb_checkpoints/constants-checkpoint.py took 0.020 seconds
[2024-04-06 13:49:24,568] {processor.py:153} INFO - Started process (PID=8382) to work on /home/airflow/dags/lead_scoring_inference_pipeline/.ipynb_checkpoints/constants-checkpoint.py
[2024-04-06 13:49:24,570] {processor.py:641} INFO - Processing file /home/airflow/dags/lead_scoring_inference_pipeline/.ipynb_checkpoints/constants-checkpoint.py for tasks to queue
[2024-04-06 13:49:24,570] {logging_mixin.py:115} INFO - [2024-04-06 13:49:24,570] {dagbag.py:508} INFO - Filling up the DagBag from /home/airflow/dags/lead_scoring_inference_pipeline/.ipynb_checkpoints/constants-checkpoint.py
[2024-04-06 13:49:24,572] {processor.py:653} WARNING - No viable dags retrieved from /home/airflow/dags/lead_scoring_inference_pipeline/.ipynb_checkpoints/constants-checkpoint.py
[2024-04-06 13:49:24,584] {processor.py:161} INFO - Processing /home/airflow/dags/lead_scoring_inference_pipeline/.ipynb_checkpoints/constants-checkpoint.py took 0.020 seconds
[2024-04-06 13:50:15,584] {processor.py:153} INFO - Started process (PID=8487) to work on /home/airflow/dags/lead_scoring_inference_pipeline/.ipynb_checkpoints/constants-checkpoint.py
[2024-04-06 13:50:15,585] {processor.py:641} INFO - Processing file /home/airflow/dags/lead_scoring_inference_pipeline/.ipynb_checkpoints/constants-checkpoint.py for tasks to queue
[2024-04-06 13:50:15,586] {logging_mixin.py:115} INFO - [2024-04-06 13:50:15,586] {dagbag.py:508} INFO - Filling up the DagBag from /home/airflow/dags/lead_scoring_inference_pipeline/.ipynb_checkpoints/constants-checkpoint.py
[2024-04-06 13:50:15,587] {processor.py:653} WARNING - No viable dags retrieved from /home/airflow/dags/lead_scoring_inference_pipeline/.ipynb_checkpoints/constants-checkpoint.py
[2024-04-06 13:50:15,599] {processor.py:161} INFO - Processing /home/airflow/dags/lead_scoring_inference_pipeline/.ipynb_checkpoints/constants-checkpoint.py took 0.019 seconds
[2024-04-06 13:51:02,863] {processor.py:153} INFO - Started process (PID=8591) to work on /home/airflow/dags/lead_scoring_inference_pipeline/.ipynb_checkpoints/constants-checkpoint.py
[2024-04-06 13:51:02,864] {processor.py:641} INFO - Processing file /home/airflow/dags/lead_scoring_inference_pipeline/.ipynb_checkpoints/constants-checkpoint.py for tasks to queue
[2024-04-06 13:51:02,865] {logging_mixin.py:115} INFO - [2024-04-06 13:51:02,865] {dagbag.py:508} INFO - Filling up the DagBag from /home/airflow/dags/lead_scoring_inference_pipeline/.ipynb_checkpoints/constants-checkpoint.py
[2024-04-06 13:51:02,866] {processor.py:653} WARNING - No viable dags retrieved from /home/airflow/dags/lead_scoring_inference_pipeline/.ipynb_checkpoints/constants-checkpoint.py
[2024-04-06 13:51:02,878] {processor.py:161} INFO - Processing /home/airflow/dags/lead_scoring_inference_pipeline/.ipynb_checkpoints/constants-checkpoint.py took 0.018 seconds
[2024-04-06 13:51:49,767] {processor.py:153} INFO - Started process (PID=8694) to work on /home/airflow/dags/lead_scoring_inference_pipeline/.ipynb_checkpoints/constants-checkpoint.py
[2024-04-06 13:51:49,768] {processor.py:641} INFO - Processing file /home/airflow/dags/lead_scoring_inference_pipeline/.ipynb_checkpoints/constants-checkpoint.py for tasks to queue
[2024-04-06 13:51:49,769] {logging_mixin.py:115} INFO - [2024-04-06 13:51:49,769] {dagbag.py:508} INFO - Filling up the DagBag from /home/airflow/dags/lead_scoring_inference_pipeline/.ipynb_checkpoints/constants-checkpoint.py
[2024-04-06 13:51:49,771] {processor.py:653} WARNING - No viable dags retrieved from /home/airflow/dags/lead_scoring_inference_pipeline/.ipynb_checkpoints/constants-checkpoint.py
[2024-04-06 13:51:49,782] {processor.py:161} INFO - Processing /home/airflow/dags/lead_scoring_inference_pipeline/.ipynb_checkpoints/constants-checkpoint.py took 0.019 seconds
