[2024-04-08 17:00:05,098] {taskinstance.py:1179} INFO - Dependencies all met for <TaskInstance: Lead_scoring_inference_pipeline.encoding_categorical_variables scheduled__2024-04-08T16:00:00+00:00 [queued]>
[2024-04-08 17:00:05,103] {taskinstance.py:1179} INFO - Dependencies all met for <TaskInstance: Lead_scoring_inference_pipeline.encoding_categorical_variables scheduled__2024-04-08T16:00:00+00:00 [queued]>
[2024-04-08 17:00:05,103] {taskinstance.py:1376} INFO - 
--------------------------------------------------------------------------------
[2024-04-08 17:00:05,103] {taskinstance.py:1377} INFO - Starting attempt 1 of 2
[2024-04-08 17:00:05,103] {taskinstance.py:1378} INFO - 
--------------------------------------------------------------------------------
[2024-04-08 17:00:05,141] {taskinstance.py:1397} INFO - Executing <Task(PythonOperator): encoding_categorical_variables> on 2024-04-08 16:00:00+00:00
[2024-04-08 17:00:05,147] {standard_task_runner.py:52} INFO - Started process 5990 to run task
[2024-04-08 17:00:05,150] {standard_task_runner.py:79} INFO - Running: ['airflow', 'tasks', 'run', 'Lead_scoring_inference_pipeline', 'encoding_categorical_variables', 'scheduled__2024-04-08T16:00:00+00:00', '--job-id', '111', '--raw', '--subdir', 'DAGS_FOLDER/lead_scoring_inference_pipeline/lead_scoring_inference_pipeline.py', '--cfg-path', '/tmp/tmp2tbl65nt', '--error-file', '/tmp/tmpmgzqjuhr']
[2024-04-08 17:00:05,151] {standard_task_runner.py:80} INFO - Job 111: Subtask encoding_categorical_variables
[2024-04-08 17:00:05,316] {task_command.py:371} INFO - Running <TaskInstance: Lead_scoring_inference_pipeline.encoding_categorical_variables scheduled__2024-04-08T16:00:00+00:00 [running]> on host 5e833cee3343
[2024-04-08 17:00:05,410] {taskinstance.py:1589} INFO - Exporting the following env vars:
AIRFLOW_CTX_DAG_OWNER=airflow
AIRFLOW_CTX_DAG_ID=Lead_scoring_inference_pipeline
AIRFLOW_CTX_TASK_ID=encoding_categorical_variables
AIRFLOW_CTX_EXECUTION_DATE=2024-04-08T16:00:00+00:00
AIRFLOW_CTX_TRY_NUMBER=1
AIRFLOW_CTX_DAG_RUN_ID=scheduled__2024-04-08T16:00:00+00:00
[2024-04-08 17:00:05,413] {logging_mixin.py:115} INFO - features already exists
[2024-04-08 17:00:05,413] {python.py:173} INFO - Done. Returned value was: None
[2024-04-08 17:00:05,417] {taskinstance.py:1415} INFO - Marking task as SUCCESS. dag_id=Lead_scoring_inference_pipeline, task_id=encoding_categorical_variables, execution_date=20240408T160000, start_date=20240408T170005, end_date=20240408T170005
[2024-04-08 17:00:05,482] {local_task_job.py:156} INFO - Task exited with return code 0
[2024-04-08 17:00:05,674] {local_task_job.py:273} INFO - 1 downstream tasks scheduled from follow-on schedule check
