[2024-04-08 16:56:34,162] {taskinstance.py:1179} INFO - Dependencies all met for <TaskInstance: Lead_Scoring_Data_Engineering_Pipeline.mapping_interactions manual__2024-04-08T16:55:25.072767+00:00 [queued]>
[2024-04-08 16:56:34,167] {taskinstance.py:1179} INFO - Dependencies all met for <TaskInstance: Lead_Scoring_Data_Engineering_Pipeline.mapping_interactions manual__2024-04-08T16:55:25.072767+00:00 [queued]>
[2024-04-08 16:56:34,167] {taskinstance.py:1376} INFO - 
--------------------------------------------------------------------------------
[2024-04-08 16:56:34,167] {taskinstance.py:1377} INFO - Starting attempt 1 of 2
[2024-04-08 16:56:34,167] {taskinstance.py:1378} INFO - 
--------------------------------------------------------------------------------
[2024-04-08 16:56:34,186] {taskinstance.py:1397} INFO - Executing <Task(PythonOperator): mapping_interactions> on 2024-04-08 16:55:25.072767+00:00
[2024-04-08 16:56:34,191] {standard_task_runner.py:52} INFO - Started process 5486 to run task
[2024-04-08 16:56:34,193] {standard_task_runner.py:79} INFO - Running: ['airflow', 'tasks', 'run', 'Lead_Scoring_Data_Engineering_Pipeline', 'mapping_interactions', 'manual__2024-04-08T16:55:25.072767+00:00', '--job-id', '109', '--raw', '--subdir', 'DAGS_FOLDER/lead_scoring_data_pipeline/.ipynb_checkpoints/lead_scoring_data_pipeline-checkpoint.py', '--cfg-path', '/tmp/tmpbxoro4xu', '--error-file', '/tmp/tmpysia5bun']
[2024-04-08 16:56:34,195] {standard_task_runner.py:80} INFO - Job 109: Subtask mapping_interactions
[2024-04-08 16:56:34,235] {task_command.py:371} INFO - Running <TaskInstance: Lead_Scoring_Data_Engineering_Pipeline.mapping_interactions manual__2024-04-08T16:55:25.072767+00:00 [running]> on host 5e833cee3343
[2024-04-08 16:56:34,321] {taskinstance.py:1589} INFO - Exporting the following env vars:
AIRFLOW_CTX_DAG_OWNER=airflow
AIRFLOW_CTX_DAG_ID=Lead_Scoring_Data_Engineering_Pipeline
AIRFLOW_CTX_TASK_ID=mapping_interactions
AIRFLOW_CTX_EXECUTION_DATE=2024-04-08T16:55:25.072767+00:00
AIRFLOW_CTX_TRY_NUMBER=1
AIRFLOW_CTX_DAG_RUN_ID=manual__2024-04-08T16:55:25.072767+00:00
[2024-04-08 16:56:34,325] {logging_mixin.py:115} INFO - model_input and interactions_mapped already stored
[2024-04-08 16:56:34,326] {python.py:173} INFO - Done. Returned value was: None
[2024-04-08 16:56:34,331] {taskinstance.py:1415} INFO - Marking task as SUCCESS. dag_id=Lead_Scoring_Data_Engineering_Pipeline, task_id=mapping_interactions, execution_date=20240408T165525, start_date=20240408T165634, end_date=20240408T165634
[2024-04-08 16:56:34,406] {local_task_job.py:156} INFO - Task exited with return code 0
[2024-04-08 16:56:34,488] {local_task_job.py:273} INFO - 1 downstream tasks scheduled from follow-on schedule check
