[2024-04-06 12:45:12,610] {taskinstance.py:1179} INFO - Dependencies all met for <TaskInstance: Lead_Scoring_Data_Engineering_Pipeline.checking_raw_data_schema manual__2024-04-06T12:45:06.979614+00:00 [queued]>
[2024-04-06 12:45:12,616] {taskinstance.py:1179} INFO - Dependencies all met for <TaskInstance: Lead_Scoring_Data_Engineering_Pipeline.checking_raw_data_schema manual__2024-04-06T12:45:06.979614+00:00 [queued]>
[2024-04-06 12:45:12,617] {taskinstance.py:1376} INFO - 
--------------------------------------------------------------------------------
[2024-04-06 12:45:12,617] {taskinstance.py:1377} INFO - Starting attempt 1 of 2
[2024-04-06 12:45:12,617] {taskinstance.py:1378} INFO - 
--------------------------------------------------------------------------------
[2024-04-06 12:45:13,149] {taskinstance.py:1397} INFO - Executing <Task(PythonOperator): checking_raw_data_schema> on 2024-04-06 12:45:06.979614+00:00
[2024-04-06 12:45:13,154] {standard_task_runner.py:52} INFO - Started process 1231 to run task
[2024-04-06 12:45:13,157] {standard_task_runner.py:79} INFO - Running: ['airflow', 'tasks', 'run', 'Lead_Scoring_Data_Engineering_Pipeline', 'checking_raw_data_schema', 'manual__2024-04-06T12:45:06.979614+00:00', '--job-id', '53', '--raw', '--subdir', 'DAGS_FOLDER/lead_scoring_data_pipeline/.ipynb_checkpoints/lead_scoring_data_pipeline-checkpoint.py', '--cfg-path', '/tmp/tmp0g0h6rxp', '--error-file', '/tmp/tmpmfr2u_u3']
[2024-04-06 12:45:13,158] {standard_task_runner.py:80} INFO - Job 53: Subtask checking_raw_data_schema
[2024-04-06 12:45:13,205] {task_command.py:371} INFO - Running <TaskInstance: Lead_Scoring_Data_Engineering_Pipeline.checking_raw_data_schema manual__2024-04-06T12:45:06.979614+00:00 [running]> on host d06a6d5e153b
[2024-04-06 12:45:14,056] {taskinstance.py:1589} INFO - Exporting the following env vars:
AIRFLOW_CTX_DAG_OWNER=airflow
AIRFLOW_CTX_DAG_ID=Lead_Scoring_Data_Engineering_Pipeline
AIRFLOW_CTX_TASK_ID=checking_raw_data_schema
AIRFLOW_CTX_EXECUTION_DATE=2024-04-06T12:45:06.979614+00:00
AIRFLOW_CTX_TRY_NUMBER=1
AIRFLOW_CTX_DAG_RUN_ID=manual__2024-04-06T12:45:06.979614+00:00
[2024-04-06 12:45:14,864] {logging_mixin.py:115} INFO - Raw datas schema is in line with the schema present in schema.py
[2024-04-06 12:45:14,872] {python.py:173} INFO - Done. Returned value was: None
[2024-04-06 12:45:14,878] {taskinstance.py:1415} INFO - Marking task as SUCCESS. dag_id=Lead_Scoring_Data_Engineering_Pipeline, task_id=checking_raw_data_schema, execution_date=20240406T124506, start_date=20240406T124512, end_date=20240406T124514
[2024-04-06 12:45:16,666] {local_task_job.py:156} INFO - Task exited with return code 0
[2024-04-06 12:45:16,869] {local_task_job.py:273} INFO - 1 downstream tasks scheduled from follow-on schedule check
