[2024-04-08 16:48:44,633] {processor.py:153} INFO - Started process (PID=4264) to work on /home/airflow/dags/lead_scoring_data_pipeline/lead_scoring_data_pipeline.py
[2024-04-08 16:48:44,633] {processor.py:641} INFO - Processing file /home/airflow/dags/lead_scoring_data_pipeline/lead_scoring_data_pipeline.py for tasks to queue
[2024-04-08 16:48:44,634] {logging_mixin.py:115} INFO - [2024-04-08 16:48:44,634] {dagbag.py:508} INFO - Filling up the DagBag from /home/airflow/dags/lead_scoring_data_pipeline/lead_scoring_data_pipeline.py
[2024-04-08 16:48:44,799] {logging_mixin.py:115} INFO - [2024-04-08 16:48:44,799] {utils.py:145} INFO - Note: NumExpr detected 64 cores but "NUMEXPR_MAX_THREADS" not set, so enforcing safe limit of 8.
[2024-04-08 16:48:44,799] {logging_mixin.py:115} INFO - [2024-04-08 16:48:44,799] {utils.py:157} INFO - NumExpr defaulting to 8 threads.
[2024-04-08 16:48:44,933] {processor.py:651} INFO - DAG(s) dict_keys(['Lead_Scoring_Data_Engineering_Pipeline']) retrieved from /home/airflow/dags/lead_scoring_data_pipeline/lead_scoring_data_pipeline.py
[2024-04-08 16:48:44,964] {logging_mixin.py:115} INFO - [2024-04-08 16:48:44,964] {dag.py:2420} INFO - Sync 1 DAGs
[2024-04-08 16:48:44,976] {logging_mixin.py:115} INFO - [2024-04-08 16:48:44,976] {dag.py:2968} INFO - Setting next_dagrun for Lead_Scoring_Data_Engineering_Pipeline to 2024-04-08T00:00:00+00:00, run_after=2024-04-09T00:00:00+00:00
[2024-04-08 16:48:45,000] {processor.py:161} INFO - Processing /home/airflow/dags/lead_scoring_data_pipeline/lead_scoring_data_pipeline.py took 0.371 seconds
[2024-04-08 16:49:38,423] {processor.py:153} INFO - Started process (PID=4385) to work on /home/airflow/dags/lead_scoring_data_pipeline/lead_scoring_data_pipeline.py
[2024-04-08 16:49:38,425] {processor.py:641} INFO - Processing file /home/airflow/dags/lead_scoring_data_pipeline/lead_scoring_data_pipeline.py for tasks to queue
[2024-04-08 16:49:38,425] {logging_mixin.py:115} INFO - [2024-04-08 16:49:38,425] {dagbag.py:508} INFO - Filling up the DagBag from /home/airflow/dags/lead_scoring_data_pipeline/lead_scoring_data_pipeline.py
[2024-04-08 16:49:38,596] {logging_mixin.py:115} INFO - [2024-04-08 16:49:38,596] {utils.py:145} INFO - Note: NumExpr detected 64 cores but "NUMEXPR_MAX_THREADS" not set, so enforcing safe limit of 8.
[2024-04-08 16:49:38,596] {logging_mixin.py:115} INFO - [2024-04-08 16:49:38,596] {utils.py:157} INFO - NumExpr defaulting to 8 threads.
[2024-04-08 16:49:38,730] {processor.py:651} INFO - DAG(s) dict_keys(['Lead_Scoring_Data_Engineering_Pipeline']) retrieved from /home/airflow/dags/lead_scoring_data_pipeline/lead_scoring_data_pipeline.py
[2024-04-08 16:49:38,741] {logging_mixin.py:115} INFO - [2024-04-08 16:49:38,740] {dag.py:2420} INFO - Sync 1 DAGs
[2024-04-08 16:49:38,754] {logging_mixin.py:115} INFO - [2024-04-08 16:49:38,754] {dag.py:2968} INFO - Setting next_dagrun for Lead_Scoring_Data_Engineering_Pipeline to 2024-04-08T00:00:00+00:00, run_after=2024-04-09T00:00:00+00:00
[2024-04-08 16:49:38,798] {processor.py:161} INFO - Processing /home/airflow/dags/lead_scoring_data_pipeline/lead_scoring_data_pipeline.py took 0.378 seconds
[2024-04-08 16:50:29,861] {processor.py:153} INFO - Started process (PID=4503) to work on /home/airflow/dags/lead_scoring_data_pipeline/lead_scoring_data_pipeline.py
[2024-04-08 16:50:29,862] {processor.py:641} INFO - Processing file /home/airflow/dags/lead_scoring_data_pipeline/lead_scoring_data_pipeline.py for tasks to queue
[2024-04-08 16:50:29,863] {logging_mixin.py:115} INFO - [2024-04-08 16:50:29,863] {dagbag.py:508} INFO - Filling up the DagBag from /home/airflow/dags/lead_scoring_data_pipeline/lead_scoring_data_pipeline.py
[2024-04-08 16:50:30,039] {logging_mixin.py:115} INFO - [2024-04-08 16:50:30,039] {utils.py:145} INFO - Note: NumExpr detected 64 cores but "NUMEXPR_MAX_THREADS" not set, so enforcing safe limit of 8.
[2024-04-08 16:50:30,039] {logging_mixin.py:115} INFO - [2024-04-08 16:50:30,039] {utils.py:157} INFO - NumExpr defaulting to 8 threads.
[2024-04-08 16:50:30,180] {processor.py:651} INFO - DAG(s) dict_keys(['Lead_Scoring_Data_Engineering_Pipeline']) retrieved from /home/airflow/dags/lead_scoring_data_pipeline/lead_scoring_data_pipeline.py
[2024-04-08 16:50:30,214] {logging_mixin.py:115} INFO - [2024-04-08 16:50:30,213] {dag.py:2420} INFO - Sync 1 DAGs
[2024-04-08 16:50:30,226] {logging_mixin.py:115} INFO - [2024-04-08 16:50:30,226] {dag.py:2968} INFO - Setting next_dagrun for Lead_Scoring_Data_Engineering_Pipeline to 2024-04-08T00:00:00+00:00, run_after=2024-04-09T00:00:00+00:00
[2024-04-08 16:50:30,248] {processor.py:161} INFO - Processing /home/airflow/dags/lead_scoring_data_pipeline/lead_scoring_data_pipeline.py took 0.391 seconds
[2024-04-08 16:51:20,917] {processor.py:153} INFO - Started process (PID=4620) to work on /home/airflow/dags/lead_scoring_data_pipeline/lead_scoring_data_pipeline.py
[2024-04-08 16:51:20,919] {processor.py:641} INFO - Processing file /home/airflow/dags/lead_scoring_data_pipeline/lead_scoring_data_pipeline.py for tasks to queue
[2024-04-08 16:51:20,920] {logging_mixin.py:115} INFO - [2024-04-08 16:51:20,919] {dagbag.py:508} INFO - Filling up the DagBag from /home/airflow/dags/lead_scoring_data_pipeline/lead_scoring_data_pipeline.py
[2024-04-08 16:51:21,089] {logging_mixin.py:115} INFO - [2024-04-08 16:51:21,089] {utils.py:145} INFO - Note: NumExpr detected 64 cores but "NUMEXPR_MAX_THREADS" not set, so enforcing safe limit of 8.
[2024-04-08 16:51:21,089] {logging_mixin.py:115} INFO - [2024-04-08 16:51:21,089] {utils.py:157} INFO - NumExpr defaulting to 8 threads.
[2024-04-08 16:51:21,226] {processor.py:651} INFO - DAG(s) dict_keys(['Lead_Scoring_Data_Engineering_Pipeline']) retrieved from /home/airflow/dags/lead_scoring_data_pipeline/lead_scoring_data_pipeline.py
[2024-04-08 16:51:21,237] {logging_mixin.py:115} INFO - [2024-04-08 16:51:21,236] {dag.py:2420} INFO - Sync 1 DAGs
[2024-04-08 16:51:21,251] {logging_mixin.py:115} INFO - [2024-04-08 16:51:21,251] {dag.py:2968} INFO - Setting next_dagrun for Lead_Scoring_Data_Engineering_Pipeline to 2024-04-08T00:00:00+00:00, run_after=2024-04-09T00:00:00+00:00
[2024-04-08 16:51:21,270] {processor.py:161} INFO - Processing /home/airflow/dags/lead_scoring_data_pipeline/lead_scoring_data_pipeline.py took 0.356 seconds
[2024-04-08 16:52:12,484] {processor.py:153} INFO - Started process (PID=4737) to work on /home/airflow/dags/lead_scoring_data_pipeline/lead_scoring_data_pipeline.py
[2024-04-08 16:52:12,485] {processor.py:641} INFO - Processing file /home/airflow/dags/lead_scoring_data_pipeline/lead_scoring_data_pipeline.py for tasks to queue
[2024-04-08 16:52:12,486] {logging_mixin.py:115} INFO - [2024-04-08 16:52:12,486] {dagbag.py:508} INFO - Filling up the DagBag from /home/airflow/dags/lead_scoring_data_pipeline/lead_scoring_data_pipeline.py
[2024-04-08 16:52:12,657] {logging_mixin.py:115} INFO - [2024-04-08 16:52:12,657] {utils.py:145} INFO - Note: NumExpr detected 64 cores but "NUMEXPR_MAX_THREADS" not set, so enforcing safe limit of 8.
[2024-04-08 16:52:12,657] {logging_mixin.py:115} INFO - [2024-04-08 16:52:12,657] {utils.py:157} INFO - NumExpr defaulting to 8 threads.
[2024-04-08 16:52:12,790] {processor.py:651} INFO - DAG(s) dict_keys(['Lead_Scoring_Data_Engineering_Pipeline']) retrieved from /home/airflow/dags/lead_scoring_data_pipeline/lead_scoring_data_pipeline.py
[2024-04-08 16:52:12,821] {logging_mixin.py:115} INFO - [2024-04-08 16:52:12,820] {dag.py:2420} INFO - Sync 1 DAGs
[2024-04-08 16:52:12,833] {logging_mixin.py:115} INFO - [2024-04-08 16:52:12,833] {dag.py:2968} INFO - Setting next_dagrun for Lead_Scoring_Data_Engineering_Pipeline to 2024-04-08T00:00:00+00:00, run_after=2024-04-09T00:00:00+00:00
[2024-04-08 16:52:12,886] {processor.py:161} INFO - Processing /home/airflow/dags/lead_scoring_data_pipeline/lead_scoring_data_pipeline.py took 0.406 seconds
[2024-04-08 16:53:06,436] {processor.py:153} INFO - Started process (PID=4856) to work on /home/airflow/dags/lead_scoring_data_pipeline/lead_scoring_data_pipeline.py
[2024-04-08 16:53:06,437] {processor.py:641} INFO - Processing file /home/airflow/dags/lead_scoring_data_pipeline/lead_scoring_data_pipeline.py for tasks to queue
[2024-04-08 16:53:06,438] {logging_mixin.py:115} INFO - [2024-04-08 16:53:06,438] {dagbag.py:508} INFO - Filling up the DagBag from /home/airflow/dags/lead_scoring_data_pipeline/lead_scoring_data_pipeline.py
[2024-04-08 16:53:06,620] {logging_mixin.py:115} INFO - [2024-04-08 16:53:06,620] {utils.py:145} INFO - Note: NumExpr detected 64 cores but "NUMEXPR_MAX_THREADS" not set, so enforcing safe limit of 8.
[2024-04-08 16:53:06,621] {logging_mixin.py:115} INFO - [2024-04-08 16:53:06,621] {utils.py:157} INFO - NumExpr defaulting to 8 threads.
[2024-04-08 16:53:06,790] {processor.py:651} INFO - DAG(s) dict_keys(['Lead_Scoring_Data_Engineering_Pipeline']) retrieved from /home/airflow/dags/lead_scoring_data_pipeline/lead_scoring_data_pipeline.py
[2024-04-08 16:53:06,802] {logging_mixin.py:115} INFO - [2024-04-08 16:53:06,801] {dag.py:2420} INFO - Sync 1 DAGs
[2024-04-08 16:53:06,816] {logging_mixin.py:115} INFO - [2024-04-08 16:53:06,816] {dag.py:2968} INFO - Setting next_dagrun for Lead_Scoring_Data_Engineering_Pipeline to 2024-04-08T00:00:00+00:00, run_after=2024-04-09T00:00:00+00:00
[2024-04-08 16:53:06,861] {processor.py:161} INFO - Processing /home/airflow/dags/lead_scoring_data_pipeline/lead_scoring_data_pipeline.py took 0.429 seconds
[2024-04-08 16:53:54,153] {processor.py:153} INFO - Started process (PID=4972) to work on /home/airflow/dags/lead_scoring_data_pipeline/lead_scoring_data_pipeline.py
[2024-04-08 16:53:54,155] {processor.py:641} INFO - Processing file /home/airflow/dags/lead_scoring_data_pipeline/lead_scoring_data_pipeline.py for tasks to queue
[2024-04-08 16:53:54,155] {logging_mixin.py:115} INFO - [2024-04-08 16:53:54,155] {dagbag.py:508} INFO - Filling up the DagBag from /home/airflow/dags/lead_scoring_data_pipeline/lead_scoring_data_pipeline.py
[2024-04-08 16:53:54,333] {logging_mixin.py:115} INFO - [2024-04-08 16:53:54,333] {utils.py:145} INFO - Note: NumExpr detected 64 cores but "NUMEXPR_MAX_THREADS" not set, so enforcing safe limit of 8.
[2024-04-08 16:53:54,333] {logging_mixin.py:115} INFO - [2024-04-08 16:53:54,333] {utils.py:157} INFO - NumExpr defaulting to 8 threads.
[2024-04-08 16:53:54,471] {processor.py:651} INFO - DAG(s) dict_keys(['Lead_Scoring_Data_Engineering_Pipeline']) retrieved from /home/airflow/dags/lead_scoring_data_pipeline/lead_scoring_data_pipeline.py
[2024-04-08 16:53:54,504] {logging_mixin.py:115} INFO - [2024-04-08 16:53:54,504] {dag.py:2420} INFO - Sync 1 DAGs
[2024-04-08 16:53:54,516] {logging_mixin.py:115} INFO - [2024-04-08 16:53:54,516] {dag.py:2968} INFO - Setting next_dagrun for Lead_Scoring_Data_Engineering_Pipeline to 2024-04-08T00:00:00+00:00, run_after=2024-04-09T00:00:00+00:00
[2024-04-08 16:53:54,537] {processor.py:161} INFO - Processing /home/airflow/dags/lead_scoring_data_pipeline/lead_scoring_data_pipeline.py took 0.388 seconds
[2024-04-08 16:54:42,103] {processor.py:153} INFO - Started process (PID=5087) to work on /home/airflow/dags/lead_scoring_data_pipeline/lead_scoring_data_pipeline.py
[2024-04-08 16:54:42,105] {processor.py:641} INFO - Processing file /home/airflow/dags/lead_scoring_data_pipeline/lead_scoring_data_pipeline.py for tasks to queue
[2024-04-08 16:54:42,105] {logging_mixin.py:115} INFO - [2024-04-08 16:54:42,105] {dagbag.py:508} INFO - Filling up the DagBag from /home/airflow/dags/lead_scoring_data_pipeline/lead_scoring_data_pipeline.py
[2024-04-08 16:54:42,289] {logging_mixin.py:115} INFO - [2024-04-08 16:54:42,288] {utils.py:145} INFO - Note: NumExpr detected 64 cores but "NUMEXPR_MAX_THREADS" not set, so enforcing safe limit of 8.
[2024-04-08 16:54:42,289] {logging_mixin.py:115} INFO - [2024-04-08 16:54:42,289] {utils.py:157} INFO - NumExpr defaulting to 8 threads.
[2024-04-08 16:54:42,425] {processor.py:651} INFO - DAG(s) dict_keys(['Lead_Scoring_Data_Engineering_Pipeline']) retrieved from /home/airflow/dags/lead_scoring_data_pipeline/lead_scoring_data_pipeline.py
[2024-04-08 16:54:42,436] {logging_mixin.py:115} INFO - [2024-04-08 16:54:42,435] {dag.py:2420} INFO - Sync 1 DAGs
[2024-04-08 16:54:42,450] {logging_mixin.py:115} INFO - [2024-04-08 16:54:42,450] {dag.py:2968} INFO - Setting next_dagrun for Lead_Scoring_Data_Engineering_Pipeline to 2024-04-08T00:00:00+00:00, run_after=2024-04-09T00:00:00+00:00
[2024-04-08 16:54:42,499] {processor.py:161} INFO - Processing /home/airflow/dags/lead_scoring_data_pipeline/lead_scoring_data_pipeline.py took 0.399 seconds
[2024-04-08 16:55:58,703] {processor.py:153} INFO - Started process (PID=5324) to work on /home/airflow/dags/lead_scoring_data_pipeline/lead_scoring_data_pipeline.py
[2024-04-08 16:55:58,704] {processor.py:641} INFO - Processing file /home/airflow/dags/lead_scoring_data_pipeline/lead_scoring_data_pipeline.py for tasks to queue
[2024-04-08 16:55:58,705] {logging_mixin.py:115} INFO - [2024-04-08 16:55:58,705] {dagbag.py:508} INFO - Filling up the DagBag from /home/airflow/dags/lead_scoring_data_pipeline/lead_scoring_data_pipeline.py
[2024-04-08 16:55:58,882] {logging_mixin.py:115} INFO - [2024-04-08 16:55:58,882] {utils.py:145} INFO - Note: NumExpr detected 64 cores but "NUMEXPR_MAX_THREADS" not set, so enforcing safe limit of 8.
[2024-04-08 16:55:58,882] {logging_mixin.py:115} INFO - [2024-04-08 16:55:58,882] {utils.py:157} INFO - NumExpr defaulting to 8 threads.
[2024-04-08 16:55:59,016] {processor.py:651} INFO - DAG(s) dict_keys(['Lead_Scoring_Data_Engineering_Pipeline']) retrieved from /home/airflow/dags/lead_scoring_data_pipeline/lead_scoring_data_pipeline.py
[2024-04-08 16:55:59,048] {logging_mixin.py:115} INFO - [2024-04-08 16:55:59,047] {dag.py:2420} INFO - Sync 1 DAGs
[2024-04-08 16:55:59,060] {logging_mixin.py:115} INFO - [2024-04-08 16:55:59,060] {dag.py:2968} INFO - Setting next_dagrun for Lead_Scoring_Data_Engineering_Pipeline to 2024-04-08T00:00:00+00:00, run_after=2024-04-09T00:00:00+00:00
[2024-04-08 16:55:59,083] {processor.py:161} INFO - Processing /home/airflow/dags/lead_scoring_data_pipeline/lead_scoring_data_pipeline.py took 0.383 seconds
[2024-04-08 16:56:58,236] {processor.py:153} INFO - Started process (PID=5577) to work on /home/airflow/dags/lead_scoring_data_pipeline/lead_scoring_data_pipeline.py
[2024-04-08 16:56:58,238] {processor.py:641} INFO - Processing file /home/airflow/dags/lead_scoring_data_pipeline/lead_scoring_data_pipeline.py for tasks to queue
[2024-04-08 16:56:58,239] {logging_mixin.py:115} INFO - [2024-04-08 16:56:58,238] {dagbag.py:508} INFO - Filling up the DagBag from /home/airflow/dags/lead_scoring_data_pipeline/lead_scoring_data_pipeline.py
[2024-04-08 16:56:58,412] {logging_mixin.py:115} INFO - [2024-04-08 16:56:58,412] {utils.py:145} INFO - Note: NumExpr detected 64 cores but "NUMEXPR_MAX_THREADS" not set, so enforcing safe limit of 8.
[2024-04-08 16:56:58,412] {logging_mixin.py:115} INFO - [2024-04-08 16:56:58,412] {utils.py:157} INFO - NumExpr defaulting to 8 threads.
[2024-04-08 16:56:58,546] {processor.py:651} INFO - DAG(s) dict_keys(['Lead_Scoring_Data_Engineering_Pipeline']) retrieved from /home/airflow/dags/lead_scoring_data_pipeline/lead_scoring_data_pipeline.py
[2024-04-08 16:56:58,557] {logging_mixin.py:115} INFO - [2024-04-08 16:56:58,556] {dag.py:2420} INFO - Sync 1 DAGs
[2024-04-08 16:56:58,571] {logging_mixin.py:115} INFO - [2024-04-08 16:56:58,571] {dag.py:2968} INFO - Setting next_dagrun for Lead_Scoring_Data_Engineering_Pipeline to 2024-04-08T00:00:00+00:00, run_after=2024-04-09T00:00:00+00:00
[2024-04-08 16:56:58,589] {processor.py:161} INFO - Processing /home/airflow/dags/lead_scoring_data_pipeline/lead_scoring_data_pipeline.py took 0.356 seconds
[2024-04-08 16:57:47,609] {processor.py:153} INFO - Started process (PID=5683) to work on /home/airflow/dags/lead_scoring_data_pipeline/lead_scoring_data_pipeline.py
[2024-04-08 16:57:47,611] {processor.py:641} INFO - Processing file /home/airflow/dags/lead_scoring_data_pipeline/lead_scoring_data_pipeline.py for tasks to queue
[2024-04-08 16:57:47,612] {logging_mixin.py:115} INFO - [2024-04-08 16:57:47,611] {dagbag.py:508} INFO - Filling up the DagBag from /home/airflow/dags/lead_scoring_data_pipeline/lead_scoring_data_pipeline.py
[2024-04-08 16:57:47,793] {logging_mixin.py:115} INFO - [2024-04-08 16:57:47,793] {utils.py:145} INFO - Note: NumExpr detected 64 cores but "NUMEXPR_MAX_THREADS" not set, so enforcing safe limit of 8.
[2024-04-08 16:57:47,793] {logging_mixin.py:115} INFO - [2024-04-08 16:57:47,793] {utils.py:157} INFO - NumExpr defaulting to 8 threads.
[2024-04-08 16:57:47,932] {processor.py:651} INFO - DAG(s) dict_keys(['Lead_Scoring_Data_Engineering_Pipeline']) retrieved from /home/airflow/dags/lead_scoring_data_pipeline/lead_scoring_data_pipeline.py
[2024-04-08 16:57:47,945] {logging_mixin.py:115} INFO - [2024-04-08 16:57:47,944] {dag.py:2420} INFO - Sync 1 DAGs
[2024-04-08 16:57:47,958] {logging_mixin.py:115} INFO - [2024-04-08 16:57:47,958] {dag.py:2968} INFO - Setting next_dagrun for Lead_Scoring_Data_Engineering_Pipeline to 2024-04-08T00:00:00+00:00, run_after=2024-04-09T00:00:00+00:00
[2024-04-08 16:57:47,982] {processor.py:161} INFO - Processing /home/airflow/dags/lead_scoring_data_pipeline/lead_scoring_data_pipeline.py took 0.377 seconds
[2024-04-08 16:58:39,236] {processor.py:153} INFO - Started process (PID=5800) to work on /home/airflow/dags/lead_scoring_data_pipeline/lead_scoring_data_pipeline.py
[2024-04-08 16:58:39,238] {processor.py:641} INFO - Processing file /home/airflow/dags/lead_scoring_data_pipeline/lead_scoring_data_pipeline.py for tasks to queue
[2024-04-08 16:58:39,238] {logging_mixin.py:115} INFO - [2024-04-08 16:58:39,238] {dagbag.py:508} INFO - Filling up the DagBag from /home/airflow/dags/lead_scoring_data_pipeline/lead_scoring_data_pipeline.py
[2024-04-08 16:58:39,416] {logging_mixin.py:115} INFO - [2024-04-08 16:58:39,416] {utils.py:145} INFO - Note: NumExpr detected 64 cores but "NUMEXPR_MAX_THREADS" not set, so enforcing safe limit of 8.
[2024-04-08 16:58:39,416] {logging_mixin.py:115} INFO - [2024-04-08 16:58:39,416] {utils.py:157} INFO - NumExpr defaulting to 8 threads.
[2024-04-08 16:58:39,553] {processor.py:651} INFO - DAG(s) dict_keys(['Lead_Scoring_Data_Engineering_Pipeline']) retrieved from /home/airflow/dags/lead_scoring_data_pipeline/lead_scoring_data_pipeline.py
[2024-04-08 16:58:39,585] {logging_mixin.py:115} INFO - [2024-04-08 16:58:39,585] {dag.py:2420} INFO - Sync 1 DAGs
[2024-04-08 16:58:39,598] {logging_mixin.py:115} INFO - [2024-04-08 16:58:39,597] {dag.py:2968} INFO - Setting next_dagrun for Lead_Scoring_Data_Engineering_Pipeline to 2024-04-08T00:00:00+00:00, run_after=2024-04-09T00:00:00+00:00
[2024-04-08 16:58:39,639] {processor.py:161} INFO - Processing /home/airflow/dags/lead_scoring_data_pipeline/lead_scoring_data_pipeline.py took 0.406 seconds
[2024-04-08 16:59:26,651] {processor.py:153} INFO - Started process (PID=5917) to work on /home/airflow/dags/lead_scoring_data_pipeline/lead_scoring_data_pipeline.py
[2024-04-08 16:59:26,652] {processor.py:641} INFO - Processing file /home/airflow/dags/lead_scoring_data_pipeline/lead_scoring_data_pipeline.py for tasks to queue
[2024-04-08 16:59:26,653] {logging_mixin.py:115} INFO - [2024-04-08 16:59:26,653] {dagbag.py:508} INFO - Filling up the DagBag from /home/airflow/dags/lead_scoring_data_pipeline/lead_scoring_data_pipeline.py
[2024-04-08 16:59:26,824] {logging_mixin.py:115} INFO - [2024-04-08 16:59:26,824] {utils.py:145} INFO - Note: NumExpr detected 64 cores but "NUMEXPR_MAX_THREADS" not set, so enforcing safe limit of 8.
[2024-04-08 16:59:26,824] {logging_mixin.py:115} INFO - [2024-04-08 16:59:26,824] {utils.py:157} INFO - NumExpr defaulting to 8 threads.
[2024-04-08 16:59:26,962] {processor.py:651} INFO - DAG(s) dict_keys(['Lead_Scoring_Data_Engineering_Pipeline']) retrieved from /home/airflow/dags/lead_scoring_data_pipeline/lead_scoring_data_pipeline.py
[2024-04-08 16:59:26,974] {logging_mixin.py:115} INFO - [2024-04-08 16:59:26,973] {dag.py:2420} INFO - Sync 1 DAGs
[2024-04-08 16:59:26,987] {logging_mixin.py:115} INFO - [2024-04-08 16:59:26,987] {dag.py:2968} INFO - Setting next_dagrun for Lead_Scoring_Data_Engineering_Pipeline to 2024-04-08T00:00:00+00:00, run_after=2024-04-09T00:00:00+00:00
[2024-04-08 16:59:27,011] {processor.py:161} INFO - Processing /home/airflow/dags/lead_scoring_data_pipeline/lead_scoring_data_pipeline.py took 0.364 seconds
[2024-04-08 17:00:40,540] {processor.py:153} INFO - Started process (PID=6111) to work on /home/airflow/dags/lead_scoring_data_pipeline/lead_scoring_data_pipeline.py
[2024-04-08 17:00:40,541] {processor.py:641} INFO - Processing file /home/airflow/dags/lead_scoring_data_pipeline/lead_scoring_data_pipeline.py for tasks to queue
[2024-04-08 17:00:40,542] {logging_mixin.py:115} INFO - [2024-04-08 17:00:40,542] {dagbag.py:508} INFO - Filling up the DagBag from /home/airflow/dags/lead_scoring_data_pipeline/lead_scoring_data_pipeline.py
[2024-04-08 17:00:40,713] {logging_mixin.py:115} INFO - [2024-04-08 17:00:40,713] {utils.py:145} INFO - Note: NumExpr detected 64 cores but "NUMEXPR_MAX_THREADS" not set, so enforcing safe limit of 8.
[2024-04-08 17:00:40,713] {logging_mixin.py:115} INFO - [2024-04-08 17:00:40,713] {utils.py:157} INFO - NumExpr defaulting to 8 threads.
[2024-04-08 17:00:40,851] {processor.py:651} INFO - DAG(s) dict_keys(['Lead_Scoring_Data_Engineering_Pipeline']) retrieved from /home/airflow/dags/lead_scoring_data_pipeline/lead_scoring_data_pipeline.py
[2024-04-08 17:00:40,883] {logging_mixin.py:115} INFO - [2024-04-08 17:00:40,883] {dag.py:2420} INFO - Sync 1 DAGs
[2024-04-08 17:00:40,896] {logging_mixin.py:115} INFO - [2024-04-08 17:00:40,896] {dag.py:2968} INFO - Setting next_dagrun for Lead_Scoring_Data_Engineering_Pipeline to 2024-04-08T00:00:00+00:00, run_after=2024-04-09T00:00:00+00:00
[2024-04-08 17:00:40,922] {processor.py:161} INFO - Processing /home/airflow/dags/lead_scoring_data_pipeline/lead_scoring_data_pipeline.py took 0.386 seconds
[2024-04-08 17:01:44,732] {processor.py:153} INFO - Started process (PID=6261) to work on /home/airflow/dags/lead_scoring_data_pipeline/lead_scoring_data_pipeline.py
[2024-04-08 17:01:44,734] {processor.py:641} INFO - Processing file /home/airflow/dags/lead_scoring_data_pipeline/lead_scoring_data_pipeline.py for tasks to queue
[2024-04-08 17:01:44,735] {logging_mixin.py:115} INFO - [2024-04-08 17:01:44,735] {dagbag.py:508} INFO - Filling up the DagBag from /home/airflow/dags/lead_scoring_data_pipeline/lead_scoring_data_pipeline.py
[2024-04-08 17:01:44,910] {logging_mixin.py:115} INFO - [2024-04-08 17:01:44,910] {utils.py:145} INFO - Note: NumExpr detected 64 cores but "NUMEXPR_MAX_THREADS" not set, so enforcing safe limit of 8.
[2024-04-08 17:01:44,910] {logging_mixin.py:115} INFO - [2024-04-08 17:01:44,910] {utils.py:157} INFO - NumExpr defaulting to 8 threads.
[2024-04-08 17:01:45,050] {processor.py:651} INFO - DAG(s) dict_keys(['Lead_Scoring_Data_Engineering_Pipeline']) retrieved from /home/airflow/dags/lead_scoring_data_pipeline/lead_scoring_data_pipeline.py
[2024-04-08 17:01:45,062] {logging_mixin.py:115} INFO - [2024-04-08 17:01:45,062] {dag.py:2420} INFO - Sync 1 DAGs
[2024-04-08 17:01:45,076] {logging_mixin.py:115} INFO - [2024-04-08 17:01:45,076] {dag.py:2968} INFO - Setting next_dagrun for Lead_Scoring_Data_Engineering_Pipeline to 2024-04-08T00:00:00+00:00, run_after=2024-04-09T00:00:00+00:00
[2024-04-08 17:01:45,097] {processor.py:161} INFO - Processing /home/airflow/dags/lead_scoring_data_pipeline/lead_scoring_data_pipeline.py took 0.368 seconds
[2024-04-08 17:02:32,936] {processor.py:153} INFO - Started process (PID=6501) to work on /home/airflow/dags/lead_scoring_data_pipeline/lead_scoring_data_pipeline.py
[2024-04-08 17:02:32,938] {processor.py:641} INFO - Processing file /home/airflow/dags/lead_scoring_data_pipeline/lead_scoring_data_pipeline.py for tasks to queue
[2024-04-08 17:02:32,939] {logging_mixin.py:115} INFO - [2024-04-08 17:02:32,939] {dagbag.py:508} INFO - Filling up the DagBag from /home/airflow/dags/lead_scoring_data_pipeline/lead_scoring_data_pipeline.py
[2024-04-08 17:02:33,107] {logging_mixin.py:115} INFO - [2024-04-08 17:02:33,107] {utils.py:145} INFO - Note: NumExpr detected 64 cores but "NUMEXPR_MAX_THREADS" not set, so enforcing safe limit of 8.
[2024-04-08 17:02:33,108] {logging_mixin.py:115} INFO - [2024-04-08 17:02:33,108] {utils.py:157} INFO - NumExpr defaulting to 8 threads.
[2024-04-08 17:02:33,245] {processor.py:651} INFO - DAG(s) dict_keys(['Lead_Scoring_Data_Engineering_Pipeline']) retrieved from /home/airflow/dags/lead_scoring_data_pipeline/lead_scoring_data_pipeline.py
[2024-04-08 17:02:33,277] {logging_mixin.py:115} INFO - [2024-04-08 17:02:33,277] {dag.py:2420} INFO - Sync 1 DAGs
[2024-04-08 17:02:33,290] {logging_mixin.py:115} INFO - [2024-04-08 17:02:33,290] {dag.py:2968} INFO - Setting next_dagrun for Lead_Scoring_Data_Engineering_Pipeline to 2024-04-08T00:00:00+00:00, run_after=2024-04-09T00:00:00+00:00
[2024-04-08 17:02:33,310] {processor.py:161} INFO - Processing /home/airflow/dags/lead_scoring_data_pipeline/lead_scoring_data_pipeline.py took 0.377 seconds
